2024-05-26 02:58:02.246944 +0000 > starting log
2024-05-26 02:58:02.248969 +0000 build-archlinux43: > starting build with log
2024-05-26 02:58:02.249079 +0000 build-archlinux43: >> args:
2024-05-26 02:58:02.249145 +0000 build-archlinux43: >>   ()
2024-05-26 02:58:02.249165 +0000 build-archlinux43: >> component:
2024-05-26 02:58:02.249185 +0000 build-archlinux43: >>   meta-packages
2024-05-26 02:58:02.249205 +0000 build-archlinux43: >>     commit-hash: 5b196aa117cfafec6dc2b59088968832716bfc35
2024-05-26 02:58:02.249229 +0000 build-archlinux43: >>     source-hash: 294fc4460f0e592c5879e82fbd5a14c647de8e06d2819e1373ad689460086e0b830d05cc5a03bebaf5ddfb039aead3557817ef760e7c8fb796a3c7cdb05b7e78
2024-05-26 02:58:02.249246 +0000 build-archlinux43: >> distributions:
2024-05-26 02:58:02.249264 +0000 build-archlinux43: >>   [<QubesDistribution vm-archlinux-rolling.x86_64>]
2024-05-26 02:58:02.249284 +0000 build-archlinux43: meta-packages:vm-archlinux-rolling.x86_64: Source hash is the same than already prepared source. Skipping.
2024-05-26 02:58:02.249306 +0000 build-archlinux43: meta-packages:vm-archlinux-rolling.x86_64: Cleaning local repository '/home/user/builder-r4.3/repository/vm-archlinux' (all versions).
2024-05-26 02:58:02.249328 +0000 build-archlinux43: meta-packages:vm-archlinux-rolling.x86_64: Chroot cache does not exists. Will create it.
2024-05-26 02:58:13.184497 +0000 build-archlinux43: copy-in (cmd): /usr/lib/qubes/qrexec-client-vm -- disp6473 qubesbuilder.FileCopyIn+-2Fbuilder-2Fmeta--packages /usr/lib/qubes/qfile-agent /home/user/builder-r4.3/sources/meta-packages
2024-05-26 02:58:13.683196 +0000 build-archlinux43: copy-in (cmd): /usr/lib/qubes/qrexec-client-vm -- disp6473 qubesbuilder.FileCopyIn+-2Fbuilder-2Fdistfiles-2Fmeta--packages /usr/lib/qubes/qfile-agent /home/user/builder-r4.3/distfiles/meta-packages
2024-05-26 02:58:13.909321 +0000 build-archlinux43: copy-in (cmd): /usr/lib/qubes/qrexec-client-vm -- disp6473 qubesbuilder.FileCopyIn+-2Fbuilder-2Fmeta--packages-2Fqubes--vm--dependencies--4.3.0--1.tar.gz /usr/lib/qubes/qfile-agent /home/user/builder-r4.3/components/meta-packages/4.3.0-1/vm-archlinux/prep/qubes-vm-dependencies-4.3.0-1.tar.gz
2024-05-26 02:58:14.177236 +0000 build-archlinux43: copy-in (cmd): /usr/lib/qubes/qrexec-client-vm -- disp6473 qubesbuilder.FileCopyIn+-2Fbuilder-2Fmeta--packages-2FPKGBUILD /usr/lib/qubes/qfile-agent /home/user/builder-r4.3/components/meta-packages/4.3.0-1/vm-archlinux/prep/PKGBUILD
2024-05-26 02:58:14.401493 +0000 build-archlinux43: copy-in (cmd): /usr/lib/qubes/qrexec-client-vm -- disp6473 qubesbuilder.FileCopyIn+-2Fbuilder-2Fplugins-2Fchroot_archlinux /usr/lib/qubes/qfile-agent /home/user/qubes-builderv2/qubesbuilder/plugins/chroot_archlinux
2024-05-26 02:58:14.678707 +0000 build-archlinux43: copy-in (cmd): /usr/lib/qubes/qrexec-client-vm -- disp6473 qubesbuilder.FileCopyIn+-2Fbuilder-2Fplugins-2Fbuild /usr/lib/qubes/qfile-agent /home/user/qubes-builderv2/qubesbuilder/plugins/build
2024-05-26 02:58:14.987357 +0000 build-archlinux43: copy-in (cmd): /usr/lib/qubes/qrexec-client-vm -- disp6473 qubesbuilder.FileCopyIn+-2Fbuilder-2Fplugins-2Fbuild_archlinux /usr/lib/qubes/qfile-agent /home/user/qubes-builderv2/qubesbuilder/plugins/build_archlinux
2024-05-26 02:58:15.308106 +0000 build-archlinux43: copy-in (cmd): /usr/lib/qubes/qrexec-client-vm -- disp6473 qubesbuilder.FileCopyIn+-2Fbuilder-2Frepository-2Fvm--archlinux /usr/lib/qubes/qfile-agent /home/user/builder-r4.3/repository/vm-archlinux
2024-05-26 02:58:15.666448 +0000 build-archlinux43: Executing '/usr/bin/qvm-run-vm -- disp6473 env -- VERBOSE=1 DEBUG=1 BACKEND_VMM=xen DIST=archlinux PACKAGE_SET=vm bash -c 'sudo cp /builder/plugins/chroot_archlinux/conf/makepkg-x86_64.conf /usr/local/share/devtools/makepkg.conf.d/qubes-x86_64.conf && sudo /builder/plugins/chroot_archlinux/scripts/generate-pacman /builder/plugins/chroot_archlinux/conf/pacman.conf.j2 /usr/local/share/devtools/pacman.conf.d/qubes-x86_64.conf && sudo rm -rf /etc/pacman.d/gnupg/private-keys-v1.d && sudo pacman-key --init && sudo pacman-key --populate && sudo mkdir -p /builder/cache/qubes-x86_64 && sudo mkarchroot -C /usr/local/share/devtools/pacman.conf.d/qubes-x86_64.conf -M /builder/plugins/chroot_archlinux/conf/makepkg-x86_64.conf /builder/cache/qubes-x86_64/root base-devel && sudo /builder/plugins/chroot_archlinux/scripts/generate-pacman /builder/plugins/chroot_archlinux/conf/pacman.conf.j2 /usr/local/share/devtools/pacman.conf.d/qubes-x86_64.conf --enable-builder-local && sudo /builder/plugins/build_archlinux/scripts/update-local-repo.sh /builder/cache/qubes-x86_64/root /builder/repository && cd /builder/meta-packages && sudo qubes-x86_64-build -r /builder/cache --  -d /builder/repository:/builder/repository --  --syncdeps --noconfirm --skipinteg''.
2024-05-26 02:58:16.414962 +0000 build-archlinux43: output: ==> Generating pacman master key. This may take some time.
2024-05-26 02:58:16.418484 +0000 build-archlinux43: output: gpg: Generating pacman keyring master key...
2024-05-26 02:58:18.660022 +0000 build-archlinux43: output: gpg: revocation certificate stored as '/etc/pacman.d/gnupg/openpgp-revocs.d/9BDC1038B53B0EB7E42E585452E17924D560867F.rev'
2024-05-26 02:58:18.660130 +0000 build-archlinux43: output: gpg: Done
2024-05-26 02:58:18.662296 +0000 build-archlinux43: output: ==> Updating trust database...
2024-05-26 02:58:18.761680 +0000 build-archlinux43: output: gpg: Note: third-party key signatures using the SHA1 algorithm are rejected
2024-05-26 02:58:18.761741 +0000 build-archlinux43: output: gpg: (use option "--allow-weak-key-signatures" to override)
2024-05-26 02:58:19.999363 +0000 build-archlinux43: output: gpg: marginals needed: 3  completes needed: 1  trust model: pgp
2024-05-26 02:58:20.036824 +0000 build-archlinux43: output: gpg: depth: 0  valid:   2  signed:   5  trust: 0-, 0q, 0n, 0m, 0f, 2u
2024-05-26 02:58:20.066514 +0000 build-archlinux43: output: gpg: depth: 1  valid:   5  signed:  98  trust: 0-, 0q, 0n, 5m, 0f, 0u
2024-05-26 02:58:20.093989 +0000 build-archlinux43: output: gpg: depth: 2  valid:  74  signed:  22  trust: 74-, 0q, 0n, 0m, 0f, 0u
2024-05-26 02:58:20.094053 +0000 build-archlinux43: output: gpg: next trustdb check due at 2024-06-29
2024-05-26 02:58:20.144258 +0000 build-archlinux43: output: ==> Appending keys from archlinux.gpg...
2024-05-26 02:58:24.447028 +0000 build-archlinux43: output: ==> Locally signing trusted keys in keyring...
2024-05-26 02:58:31.537198 +0000 build-archlinux43: output:   -> Locally signed 5 keys.
2024-05-26 02:58:31.538510 +0000 build-archlinux43: output: ==> Importing owner trust values...
2024-05-26 02:58:31.543543 +0000 build-archlinux43: output: ==> Updating trust database...
2024-05-26 02:58:31.641448 +0000 build-archlinux43: output: gpg: Note: third-party key signatures using the SHA1 algorithm are rejected
2024-05-26 02:58:31.641510 +0000 build-archlinux43: output: gpg: (use option "--allow-weak-key-signatures" to override)
2024-05-26 02:58:32.805184 +0000 build-archlinux43: output: gpg: marginals needed: 3  completes needed: 1  trust model: pgp
2024-05-26 02:58:32.844710 +0000 build-archlinux43: output: gpg: depth: 0  valid:   2  signed:   5  trust: 0-, 0q, 0n, 0m, 0f, 2u
2024-05-26 02:58:32.876583 +0000 build-archlinux43: output: gpg: depth: 1  valid:   5  signed:  99  trust: 0-, 0q, 0n, 5m, 0f, 0u
2024-05-26 02:58:32.903191 +0000 build-archlinux43: output: gpg: depth: 2  valid:  75  signed:  22  trust: 75-, 0q, 0n, 0m, 0f, 0u
2024-05-26 02:58:32.903291 +0000 build-archlinux43: output: gpg: next trustdb check due at 2024-06-29
2024-05-26 02:58:32.979151 +0000 build-archlinux43: output: ==> Creating install root at /builder/cache/qubes-x86_64/root
2024-05-26 02:58:33.003596 +0000 build-archlinux43: output: ==> Installing packages to /builder/cache/qubes-x86_64/root
2024-05-26 02:58:33.012451 +0000 build-archlinux43: output: :: Synchronizing package databases...
2024-05-26 02:59:38.340397 +0000 build-archlinux43: output: error: failed retrieving file 'core.db' from mirror.rackspace.com : SSL connection timeout
2024-05-26 02:59:38.340519 +0000 build-archlinux43: output:  core downloading...
2024-05-26 02:59:38.340558 +0000 build-archlinux43: output:  community downloading...
2024-05-26 02:59:38.340590 +0000 build-archlinux43: output:  extra downloading...
2024-05-26 02:59:38.340620 +0000 build-archlinux43: output:  multilib downloading...
2024-05-26 02:59:38.340657 +0000 build-archlinux43: output: error: failed retrieving file 'community.db' from mirror.rackspace.com : SSL connection timeout
2024-05-26 02:59:38.340693 +0000 build-archlinux43: output: error: failed retrieving file 'extra.db' from mirror.rackspace.com : SSL connection timeout
2024-05-26 02:59:38.340728 +0000 build-archlinux43: output: warning: too many errors from mirror.rackspace.com, skipping for the remainder of this transaction
2024-05-26 02:59:38.340763 +0000 build-archlinux43: output: error: failed retrieving file 'multilib.db' from mirror.rackspace.com : SSL connection timeout
2024-05-26 02:59:38.340800 +0000 build-archlinux43: output: error: failed retrieving file 'core.db' from arch.mirror.constant.com : SSL connection timeout
2024-05-26 02:59:38.340862 +0000 build-archlinux43: output: error: failed retrieving file 'community.db' from arch.mirror.constant.com : SSL connection timeout
2024-05-26 02:59:38.340899 +0000 build-archlinux43: output: error: failed retrieving file 'extra.db' from arch.mirror.constant.com : SSL connection timeout
2024-05-26 02:59:38.340934 +0000 build-archlinux43: output: warning: too many errors from arch.mirror.constant.com, skipping for the remainder of this transaction
2024-05-26 02:59:38.340977 +0000 build-archlinux43: output: error: failed retrieving file 'multilib.db' from arch.mirror.constant.com : SSL connection timeout
2024-05-26 02:59:38.349925 +0000 build-archlinux43: output: resolving dependencies...
2024-05-26 02:59:38.608330 +0000 build-archlinux43: output: looking for conflicting packages...
2024-05-26 02:59:38.613339 +0000 build-archlinux43: output: 
2024-05-26 02:59:38.613671 +0000 build-archlinux43: output: Packages (115) acl-2.3.2-1  archlinux-keyring-20240520-1  attr-2.5.2-1  audit-4.0.1-3  autoconf-2.72-1  automake-1.16.5-2  bash-5.2.026-2  binutils-2.42+r91+g6224493e457-1  bison-3.8.2-6  brotli-1.1.0-2  bzip2-1.0.8-6  ca-certificates-20220905-1  ca-certificates-mozilla-3.100-1  ca-certificates-utils-20220905-1  coreutils-9.5-1  curl-8.8.0-1  db5.3-5.3.28-5  debugedit-5.0-6  diffutils-3.10-1  e2fsprogs-1.47.1-2  fakeroot-1.34-1  file-5.45-1  filesystem-2024.04.07-1  findutils-4.9.0-3  flex-2.6.4-5  gawk-5.3.0-1  gc-8.2.6-1  gcc-14.1.1+r58+gfc9fb69ad62-1  gcc-libs-14.1.1+r58+gfc9fb69ad62-1  gdbm-1.23-2  gettext-0.22.5-1  glib2-2.80.2-2  glibc-2.39+r52+gf8e4623421-1  gmp-6.3.0-2  gnupg-2.4.5-1  gnutls-3.8.5-1  gpgme-1.23.2-4  grep-3.11-1  groff-1.23.0-5  guile-3.0.9-1  gzip-1.13-2  iana-etc-20240412-1  icu-75.1-1  jansson-2.14-4  json-c-0.17-1  keyutils-1.6.3-2  krb5-1.21.2-2  libarchive-3.7.4-1  libassuan-2.5.7-2  libcap-2.70-1  libcap-ng-0.8.5-2  libelf-0.191-3  libevent-2.1.12-4  libffi-3.4.6-1  libgcrypt-1.10.3-1  libgpg-error-1.49-1  libidn2-2.3.7-1  libisl-0.26-2  libksba-1.6.6-1  libldap-2.6.7-2  libmpc-1.3.1-1  libnghttp2-1.62.1-1  libnghttp3-1.3.0-1  libnsl-2.0.1-1  libp11-kit-0.25.3-1  libpsl-0.21.5-2  libsasl-2.1.28-4  libseccomp-2.5.5-3  libsecret-0.21.4-1  libssh2-1.11.0-1  libsysprof-capture-46.0-3  libtasn1-4.19.0-1  libtirpc-1.3.4-1  libtool-2.5.0+1+g38c166c8-1  libunistring-1.2-1  libusb-1.0.27-1  libverto-0.3.2-5  libxcrypt-4.4.36-1  libxml2-2.12.7-1  linux-api-headers-6.8-1  lz4-1:1.9.4-3  m4-1.4.19-3  make-4.4.1-2  mpfr-4.2.1-3  ncurses-6.5-2  nettle-3.9.1-1  npth-1.7-1  openssl-3.3.0-1  p11-kit-0.25.3-1  pacman-6.1.0-3  pacman-mirrorlist-20231001-1  pam-1.6.1-2  pambase-20230918-1  patch-2.7.6-10  pcre2-10.43-4  perl-5.38.2-1  pinentry-1.3.0-1  pkgconf-2.1.1-1  readline-8.2.010-1  sed-4.9-3  shadow-4.15.1-2  sqlite-3.46.0-1  sudo-1.9.15.p5-1  systemd-libs-255.6-2  tar-1.35-2  texinfo-7.1-2  tpm2-tss-4.0.1-1  tzdata-2024a-2  util-linux-2.40.1-1  util-linux-libs-2.40.1-1  which-2.21-6  xz-5.6.1-3  zlib-1:1.3.1-2  zstd-1.5.6-1  base-devel-1-1
2024-05-26 02:59:38.613729 +0000 build-archlinux43: output: 
2024-05-26 02:59:38.613749 +0000 build-archlinux43: output: Total Download Size:   211.82 MiB
2024-05-26 02:59:38.613767 +0000 build-archlinux43: output: Total Installed Size:  882.72 MiB
2024-05-26 02:59:38.613781 +0000 build-archlinux43: output: 
2024-05-26 02:59:38.613796 +0000 build-archlinux43: output: :: Proceed with installation? [Y/n]
2024-05-26 02:59:38.613813 +0000 build-archlinux43: output: :: Retrieving packages...
2024-05-26 03:12:37.696399 +0000 build-archlinux43: output:  gcc-14.1.1+r58+gfc9fb69ad62-1-x86_64 downloading...
2024-05-26 03:12:37.696538 +0000 build-archlinux43: output:  gcc-libs-14.1.1+r58+gfc9fb69ad62-1-x86_64 downloading...
2024-05-26 03:12:37.696587 +0000 build-archlinux43: output:  perl-5.38.2-1-x86_64 downloading...
2024-05-26 03:12:37.696627 +0000 build-archlinux43: output:  icu-75.1-1-x86_64 downloading...
2024-05-26 03:12:37.696667 +0000 build-archlinux43: output:  glibc-2.39+r52+gf8e4623421-1-x86_64 downloading...
2024-05-26 03:12:37.696703 +0000 build-archlinux43: output:  guile-3.0.9-1-x86_64 downloading...
2024-05-26 03:12:37.696751 +0000 build-archlinux43: output: error: failed retrieving file 'gcc-14.1.1+r58+gfc9fb69ad62-1-x86_64.pkg.tar.zst' from mirror.f4st.host : transfer closed with 47268697 bytes remaining to read
2024-05-26 03:12:37.696803 +0000 build-archlinux43: output: error: failed retrieving file 'gcc-libs-14.1.1+r58+gfc9fb69ad62-1-x86_64.pkg.tar.zst' from mirror.f4st.host : Operation too slow. Less than 1 bytes/sec transferred the last 10 seconds
2024-05-26 03:12:37.696851 +0000 build-archlinux43: output: error: failed retrieving file 'guile-3.0.9-1-x86_64.pkg.tar.zst' from mirror.f4st.host : Operation too slow. Less than 1 bytes/sec transferred the last 10 seconds
2024-05-26 03:12:37.696889 +0000 build-archlinux43: output: warning: too many errors from mirror.f4st.host, skipping for the remainder of this transaction
2024-05-26 03:12:37.696979 +0000 build-archlinux43: output: error: failed retrieving file 'guile-3.0.9-1-x86_64.pkg.tar.zst' from mirrors.edge.kernel.org : SSL connection timeout
2024-05-26 03:12:37.697015 +0000 build-archlinux43: output: warning: failed to retrieve some files
2024-05-26 03:12:37.697049 +0000 build-archlinux43: output: error: failed to commit transaction (unexpected error)
2024-05-26 03:12:37.757152 +0000 build-archlinux43: output: Errors occurred, no packages were upgraded.
2024-05-26 03:12:37.765936 +0000 build-archlinux43: output: ==> ERROR: Failed to install packages to new root
2024-05-26 03:12:37.770275 +0000 build-archlinux43: output: ==> ERROR: Failed to install all packages
2024-05-26 03:12:37.773705 +0000 build-archlinux43: output: tput: unknown terminal "unknown"
2024-05-26 03:12:44.042457 +0000 > closing log
