2024-04-18 01:40:23.981400 +0000 > starting log
2024-04-18 01:40:23.981970 +0000 build-archlinux43: > starting build with log
2024-04-18 01:40:23.982002 +0000 build-archlinux43: >> args:
2024-04-18 01:40:23.982013 +0000 build-archlinux43: >>   ()
2024-04-18 01:40:23.982018 +0000 build-archlinux43: >> component:
2024-04-18 01:40:23.982024 +0000 build-archlinux43: >>   core-qubesdb
2024-04-18 01:40:23.982030 +0000 build-archlinux43: >>     commit-hash: a99f9d52272de34accf3ba53bea90eac9f126a2c
2024-04-18 01:40:23.982038 +0000 build-archlinux43: >>     source-hash: 9a6d95b1dba3b6a05714e1876425561d8a9ca769f1cd65b6c81abc590016d469b37830c56d68d12e328c49582c84d0ddb75878684105f127f683a9f5ea6a3a2f
2024-04-18 01:40:23.982042 +0000 build-archlinux43: >> distributions:
2024-04-18 01:40:23.982048 +0000 build-archlinux43: >>   [<QubesDistribution vm-archlinux-rolling.x86_64>]
2024-04-18 01:40:32.667552 +0000 build-archlinux43: copy-in (cmd): /usr/lib/qubes/qrexec-client-vm -- disp4779 qubesbuilder.FileCopyIn+-2Fbuilder-2Fcore--qubesdb /usr/lib/qubes/qfile-agent /home/user/builder-r4.3/sources/core-qubesdb
2024-04-18 01:40:33.224003 +0000 build-archlinux43: copy-in (cmd): /usr/lib/qubes/qrexec-client-vm -- disp4779 qubesbuilder.FileCopyIn+-2Fbuilder-2Fplugins-2Fsource /usr/lib/qubes/qfile-agent /home/user/qubes-builderv2/qubesbuilder/plugins/source
2024-04-18 01:40:33.398850 +0000 build-archlinux43: copy-in (cmd): /usr/lib/qubes/qrexec-client-vm -- disp4779 qubesbuilder.FileCopyIn+-2Fbuilder-2Fplugins-2Fsource_archlinux /usr/lib/qubes/qfile-agent /home/user/qubes-builderv2/qubesbuilder/plugins/source_archlinux
2024-04-18 01:40:33.627629 +0000 build-archlinux43: copy-in (cmd): /usr/lib/qubes/qrexec-client-vm -- disp4779 qubesbuilder.FileCopyIn+-2Fbuilder-2Fplugins-2Ffetch /usr/lib/qubes/qfile-agent /home/user/qubes-builderv2/qubesbuilder/plugins/fetch
2024-04-18 01:40:33.913286 +0000 build-archlinux43: Executing '/usr/bin/qvm-run-vm -- disp4779 env -- VERBOSE=1 DEBUG=1 BACKEND_VMM=xen DIST=archlinux LC_ALL=C bash -c '/builder/plugins/source_archlinux/scripts/get-source-info /builder/core-qubesdb /builder/core-qubesdb/archlinux''.
2024-04-18 01:40:34.111984 +0000 build-archlinux43: output: + ERR_OUTPUT=/dev/stderr
2024-04-18 01:40:34.112047 +0000 build-archlinux43: output: + test 2 -ne 2
2024-04-18 01:40:34.112067 +0000 build-archlinux43: output: + SOURCE_DIR=/builder/core-qubesdb
2024-04-18 01:40:34.112083 +0000 build-archlinux43: output: + ARCHLINUX_DIRECTORY=/builder/core-qubesdb/archlinux
2024-04-18 01:40:34.112098 +0000 build-archlinux43: output: + DIRECTORY_MANGLE_PATH=archlinux
2024-04-18 01:40:34.112112 +0000 build-archlinux43: output: + DIRECTORY_MANGLE_PATH=archlinux
2024-04-18 01:40:34.112127 +0000 build-archlinux43: output: + PKGBUILD=/builder/core-qubesdb/archlinux/PKGBUILD.in
2024-04-18 01:40:34.112141 +0000 build-archlinux43: output: + '[' '!' -e /builder/core-qubesdb/archlinux/PKGBUILD.in ']'
2024-04-18 01:40:34.113367 +0000 build-archlinux43: output: + source /builder/core-qubesdb/archlinux/PKGBUILD.in
2024-04-18 01:40:34.113394 +0000 build-archlinux43: output: ++ pkgname=qubes-db-vm
2024-04-18 01:40:34.113407 +0000 build-archlinux43: output: ++ pkgver=@VERSION@
2024-04-18 01:40:34.113420 +0000 build-archlinux43: output: ++ pkgrel=@REL@
2024-04-18 01:40:34.113445 +0000 build-archlinux43: output: ++ pkgdesc='QubesDB libs and daemon service.'
2024-04-18 01:40:34.113459 +0000 build-archlinux43: output: ++ arch=("x86_64")
2024-04-18 01:40:34.113473 +0000 build-archlinux43: output: ++ url=http://qubes-os.org/
2024-04-18 01:40:34.113486 +0000 build-archlinux43: output: ++ license=('GPL')
2024-04-18 01:40:34.113502 +0000 build-archlinux43: output: ++ depends=(bash glibc systemd-libs python-setuptools qubes-libvchan 'python<3.12')
2024-04-18 01:40:34.113516 +0000 build-archlinux43: output: ++ install=archlinux/PKGBUILD.install
2024-04-18 01:40:34.113534 +0000 build-archlinux43: output: ++ _pkgnvr=qubes-db-vm-@VERSION@-@REL@
2024-04-18 01:40:34.113572 +0000 build-archlinux43: output: ++ source=("${_pkgnvr}.tar.gz")
2024-04-18 01:40:34.113588 +0000 build-archlinux43: output: ++ sha256sums=(SKIP)
2024-04-18 01:40:34.113625 +0000 build-archlinux43: output: + printf '%s\n' qubes-db-vm
2024-04-18 01:40:34.115653 +0000 build-archlinux43: output: + source /builder/core-qubesdb/archlinux/PKGBUILD.in
2024-04-18 01:40:34.115681 +0000 build-archlinux43: output: ++ pkgname=qubes-db-vm
2024-04-18 01:40:34.115695 +0000 build-archlinux43: output: ++ pkgver=@VERSION@
2024-04-18 01:40:34.115707 +0000 build-archlinux43: output: ++ pkgrel=@REL@
2024-04-18 01:40:34.115722 +0000 build-archlinux43: output: ++ pkgdesc='QubesDB libs and daemon service.'
2024-04-18 01:40:34.115735 +0000 build-archlinux43: output: ++ arch=("x86_64")
2024-04-18 01:40:34.115748 +0000 build-archlinux43: output: ++ url=http://qubes-os.org/
2024-04-18 01:40:34.115761 +0000 build-archlinux43: output: ++ license=('GPL')
2024-04-18 01:40:34.115777 +0000 build-archlinux43: output: ++ depends=(bash glibc systemd-libs python-setuptools qubes-libvchan 'python<3.12')
2024-04-18 01:40:34.116845 +0000 build-archlinux43: output: ++ install=archlinux/PKGBUILD.install
2024-04-18 01:40:34.116870 +0000 build-archlinux43: output: ++ _pkgnvr=qubes-db-vm-@VERSION@-@REL@
2024-04-18 01:40:34.116884 +0000 build-archlinux43: output: ++ source=("${_pkgnvr}.tar.gz")
2024-04-18 01:40:34.116897 +0000 build-archlinux43: output: ++ sha256sums=(SKIP)
2024-04-18 01:40:34.116910 +0000 build-archlinux43: output: + printf '%s\n' x86_64
2024-04-18 01:40:34.127867 +0000 build-archlinux43: copy-out (cmd): /usr/lib/qubes/qrexec-client-vm disp4779 qubesbuilder.FileCopyOut+-2Fbuilder-2Fcore--qubesdb-2Farchlinux_packages.list /usr/bin/qfile-unpacker 1000 /tmp/tmphaqbzf_w
2024-04-18 01:40:34.261741 +0000 build-archlinux43: copy-out (cmd): /usr/lib/qubes/qrexec-client-vm disp4779 qubesbuilder.FileCopyOut+-2Fbuilder-2Fcore--qubesdb-2Farchlinux_package_arch /usr/bin/qfile-unpacker 1000 /tmp/tmphaqbzf_w
2024-04-18 01:40:45.815060 +0000 build-archlinux43: copy-in (cmd): /usr/lib/qubes/qrexec-client-vm -- disp7696 qubesbuilder.FileCopyIn+-2Fbuilder-2Fcore--qubesdb /usr/lib/qubes/qfile-agent /home/user/builder-r4.3/sources/core-qubesdb
2024-04-18 01:40:46.231296 +0000 build-archlinux43: copy-in (cmd): /usr/lib/qubes/qrexec-client-vm -- disp7696 qubesbuilder.FileCopyIn+-2Fbuilder-2Fplugins-2Fsource /usr/lib/qubes/qfile-agent /home/user/qubes-builderv2/qubesbuilder/plugins/source
2024-04-18 01:40:46.519741 +0000 build-archlinux43: copy-in (cmd): /usr/lib/qubes/qrexec-client-vm -- disp7696 qubesbuilder.FileCopyIn+-2Fbuilder-2Fplugins-2Fsource_archlinux /usr/lib/qubes/qfile-agent /home/user/qubes-builderv2/qubesbuilder/plugins/source_archlinux
2024-04-18 01:40:46.721486 +0000 build-archlinux43: copy-in (cmd): /usr/lib/qubes/qrexec-client-vm -- disp7696 qubesbuilder.FileCopyIn+-2Fbuilder-2Fplugins-2Ffetch /usr/lib/qubes/qfile-agent /home/user/qubes-builderv2/qubesbuilder/plugins/fetch
2024-04-18 01:40:46.945435 +0000 build-archlinux43: Executing '/usr/bin/qvm-run-vm -- disp7696 env -- VERBOSE=1 DEBUG=1 BACKEND_VMM=xen DIST=archlinux LC_ALL=C bash -c '/builder/plugins/fetch/scripts/create-archive /builder/core-qubesdb qubes-db-vm-4.2.4-1.tar.gz && /builder/plugins/source_archlinux/scripts/generate-pkgbuild /builder/core-qubesdb/archlinux/PKGBUILD.in /builder/core-qubesdb/PKGBUILD 4.2.4 1''.
2024-04-18 01:40:47.131263 +0000 build-archlinux43: output: ++ tar --version
2024-04-18 01:40:47.131306 +0000 build-archlinux43: output: ++ head -1
2024-04-18 01:40:47.131314 +0000 build-archlinux43: output: ++ awk '{print $4}'
2024-04-18 01:40:47.148770 +0000 build-archlinux43: output: + TAR_VERSION=1.35
2024-04-18 01:40:47.148812 +0000 build-archlinux43: output: ++ readlink -f /builder/core-qubesdb
2024-04-18 01:40:47.149235 +0000 build-archlinux43: output: /builder/core-qubesdb ~
2024-04-18 01:40:47.149243 +0000 build-archlinux43: output: + GIT_ARCHIVE_SRC=/builder/core-qubesdb
2024-04-18 01:40:47.149257 +0000 build-archlinux43: output: + GIT_ARCHIVE_TYPE=gz
2024-04-18 01:40:47.149263 +0000 build-archlinux43: output: + GIT_TARBALL_NAME=qubes-db-vm-4.2.4-1.tar
2024-04-18 01:40:47.149281 +0000 build-archlinux43: output: + '[' x '!=' x ']'
2024-04-18 01:40:47.149287 +0000 build-archlinux43: output: + GIT_ARCHIVE_PREFIX=qubes-db-vm-4.2.4-1.tar
2024-04-18 01:40:47.149292 +0000 build-archlinux43: output: + GIT_ARCHIVE_PREFIX=qubes-db-vm-4.2.4-1
2024-04-18 01:40:47.149298 +0000 build-archlinux43: output: + GIT_ARCHIVE_PREFIX=qubes-db-vm-4.2.4-1
2024-04-18 01:40:47.149303 +0000 build-archlinux43: output: + GIT_ARCHIVE_PREFIX=qubes-db-vm-4.2.4-1/
2024-04-18 01:40:47.149308 +0000 build-archlinux43: output: + pushd /builder/core-qubesdb
2024-04-18 01:40:47.149453 +0000 build-archlinux43: output: ++ git log -1 --format=%ct
2024-04-18 01:40:47.174545 +0000 build-archlinux43: output: + SOURCE_DATE_EPOCH=1683238429
2024-04-18 01:40:47.176752 +0000 build-archlinux43: output: ++ printf '%s\n' 1.35 1.28
2024-04-18 01:40:47.176768 +0000 build-archlinux43: output: ++ head -n1
2024-04-18 01:40:47.176775 +0000 build-archlinux43: output: ++ sort -V
2024-04-18 01:40:47.181933 +0000 build-archlinux43: output: + '[' 1.28 == 1.28 ']'
2024-04-18 01:40:47.181957 +0000 build-archlinux43: output: + tar --sort=name --mtime=@1683238429 --owner=0 --group=0 --numeric-owner --mode=go=rX '--xform=s%^\./%qubes-db-vm-4.2.4-1/%' --exclude-vcs-ignores --exclude-ignore=.tarignore --exclude pkgs --exclude '.git/*' --exclude qubes-db-vm-4.2.4-1.tar -cf qubes-db-vm-4.2.4-1.tar .
2024-04-18 01:40:47.186200 +0000 build-archlinux43: output: + case "$GIT_ARCHIVE_TYPE" in
2024-04-18 01:40:47.186996 +0000 build-archlinux43: output: + gzip -fn qubes-db-vm-4.2.4-1.tar
2024-04-18 01:40:47.197139 +0000 build-archlinux43: output: + popd
2024-04-18 01:40:47.197188 +0000 build-archlinux43: output: ~
2024-04-18 01:40:47.198633 +0000 build-archlinux43: output: + '[' 4 -ne 4 ']'
2024-04-18 01:40:47.198672 +0000 build-archlinux43: output: + input=/builder/core-qubesdb/archlinux/PKGBUILD.in
2024-04-18 01:40:47.198698 +0000 build-archlinux43: output: + output=/builder/core-qubesdb/PKGBUILD
2024-04-18 01:40:47.198805 +0000 build-archlinux43: output: + version=4.2.4
2024-04-18 01:40:47.198880 +0000 build-archlinux43: output: + release=1
2024-04-18 01:40:47.198948 +0000 build-archlinux43: output: + '[' '!' -e /builder/core-qubesdb/archlinux/PKGBUILD.in ']'
2024-04-18 01:40:47.199027 +0000 build-archlinux43: output: + cp /builder/core-qubesdb/archlinux/PKGBUILD.in /builder/core-qubesdb/archlinux/PKGBUILD.in.tmp
2024-04-18 01:40:47.204596 +0000 build-archlinux43: output: + sed -i 's|@VERSION@|4.2.4|g' /builder/core-qubesdb/archlinux/PKGBUILD.in.tmp
2024-04-18 01:40:47.206618 +0000 build-archlinux43: output: + sed -i 's|@REL@|1|g' /builder/core-qubesdb/archlinux/PKGBUILD.in.tmp
2024-04-18 01:40:47.208203 +0000 build-archlinux43: output: + sed -i -e s:@BACKEND_VMM@:xen:g /builder/core-qubesdb/archlinux/PKGBUILD.in.tmp
2024-04-18 01:40:47.212167 +0000 build-archlinux43: output: + cat /builder/core-qubesdb/archlinux/PKGBUILD.in.tmp
2024-04-18 01:40:47.213955 +0000 build-archlinux43: output: + rm -rf /builder/core-qubesdb/archlinux/PKGBUILD.in.tmp
2024-04-18 01:40:47.223221 +0000 build-archlinux43: copy-out (cmd): /usr/lib/qubes/qrexec-client-vm disp7696 qubesbuilder.FileCopyOut+-2Fbuilder-2Fcore--qubesdb-2Fqubes--db--vm--4.2.4--1.tar.gz /usr/bin/qfile-unpacker 1000 /home/user/builder-r4.3/components/core-qubesdb/4.2.4-1/vm-archlinux/prep
2024-04-18 01:40:47.498198 +0000 build-archlinux43: copy-out (cmd): /usr/lib/qubes/qrexec-client-vm disp7696 qubesbuilder.FileCopyOut+-2Fbuilder-2Fcore--qubesdb-2FPKGBUILD /usr/bin/qfile-unpacker 1000 /home/user/builder-r4.3/components/core-qubesdb/4.2.4-1/vm-archlinux/prep
2024-04-18 01:40:50.374167 +0000 build-archlinux43: core-qubesdb:vm-archlinux-rolling.x86_64: Cleaning local repository '/home/user/builder-r4.3/repository/vm-archlinux' (all versions).
2024-04-18 01:40:50.374362 +0000 build-archlinux43: core-qubesdb:vm-archlinux-rolling.x86_64: Chroot cache exists. Will use it.
2024-04-18 01:40:59.364182 +0000 build-archlinux43: copy-in (cmd): /usr/lib/qubes/qrexec-client-vm -- disp3925 qubesbuilder.FileCopyIn+-2Fbuilder-2Fcore--qubesdb /usr/lib/qubes/qfile-agent /home/user/builder-r4.3/sources/core-qubesdb
2024-04-18 01:40:59.755889 +0000 build-archlinux43: copy-in (cmd): /usr/lib/qubes/qrexec-client-vm -- disp3925 qubesbuilder.FileCopyIn+-2Fbuilder-2Fcache-2Froot.tar.gz /usr/lib/qubes/qfile-agent /home/user/builder-r4.3/cache/chroot/archlinux/root.tar.gz
2024-04-18 01:41:05.288241 +0000 build-archlinux43: copy-in (cmd): /usr/lib/qubes/qrexec-client-vm -- disp3925 qubesbuilder.FileCopyIn+-2Fbuilder-2Fcore--qubesdb-2FPKGBUILD /usr/lib/qubes/qfile-agent /home/user/builder-r4.3/components/core-qubesdb/4.2.4-1/vm-archlinux/prep/PKGBUILD
2024-04-18 01:41:05.430626 +0000 build-archlinux43: copy-in (cmd): /usr/lib/qubes/qrexec-client-vm -- disp3925 qubesbuilder.FileCopyIn+-2Fbuilder-2Fcore--qubesdb-2Fqubes--db--vm--4.2.4--1.tar.gz /usr/lib/qubes/qfile-agent /home/user/builder-r4.3/components/core-qubesdb/4.2.4-1/vm-archlinux/prep/qubes-db-vm-4.2.4-1.tar.gz
2024-04-18 01:41:05.590419 +0000 build-archlinux43: copy-in (cmd): /usr/lib/qubes/qrexec-client-vm -- disp3925 qubesbuilder.FileCopyIn+-2Fbuilder-2Fdistfiles-2Fcore--qubesdb /usr/lib/qubes/qfile-agent /home/user/builder-r4.3/distfiles/core-qubesdb
2024-04-18 01:41:05.758134 +0000 build-archlinux43: copy-in (cmd): /usr/lib/qubes/qrexec-client-vm -- disp3925 qubesbuilder.FileCopyIn+-2Fbuilder-2Fplugins-2Fchroot_archlinux /usr/lib/qubes/qfile-agent /home/user/qubes-builderv2/qubesbuilder/plugins/chroot_archlinux
2024-04-18 01:41:05.913508 +0000 build-archlinux43: copy-in (cmd): /usr/lib/qubes/qrexec-client-vm -- disp3925 qubesbuilder.FileCopyIn+-2Fbuilder-2Fplugins-2Fbuild_archlinux /usr/lib/qubes/qfile-agent /home/user/qubes-builderv2/qubesbuilder/plugins/build_archlinux
2024-04-18 01:41:06.092666 +0000 build-archlinux43: copy-in (cmd): /usr/lib/qubes/qrexec-client-vm -- disp3925 qubesbuilder.FileCopyIn+-2Fbuilder-2Fplugins-2Fbuild /usr/lib/qubes/qfile-agent /home/user/qubes-builderv2/qubesbuilder/plugins/build
2024-04-18 01:41:06.255202 +0000 build-archlinux43: copy-in (cmd): /usr/lib/qubes/qrexec-client-vm -- disp3925 qubesbuilder.FileCopyIn+-2Fbuilder-2Frepository-2Fvm--archlinux /usr/lib/qubes/qfile-agent /home/user/builder-r4.3/repository/vm-archlinux
2024-04-18 01:41:06.425707 +0000 build-archlinux43: Executing '/usr/bin/qvm-run-vm -- disp3925 env -- VERBOSE=1 DEBUG=1 BACKEND_VMM=xen DIST=archlinux PACKAGE_SET=vm bash -c 'sudo cp /builder/plugins/chroot_archlinux/conf/makepkg-x86_64.conf /usr/local/share/devtools/makepkg.conf.d/qubes-x86_64.conf && sudo mkdir -p /builder/cache/qubes-x86_64 && cd /builder/cache/qubes-x86_64 && sudo tar xf /builder/cache/root.tar.gz && sudo /builder/plugins/chroot_archlinux/scripts/generate-pacman /builder/plugins/chroot_archlinux/conf/pacman.conf.j2 /usr/local/share/devtools/pacman.conf.d/qubes-x86_64.conf && sudo rm -rf /etc/pacman.d/gnupg/private-keys-v1.d && sudo pacman-key --init && sudo pacman-key --populate && sudo /builder/plugins/chroot_archlinux/scripts/generate-pacman /builder/plugins/chroot_archlinux/conf/pacman.conf.j2 /usr/local/share/devtools/pacman.conf.d/qubes-x86_64.conf --enable-builder-local && sudo /builder/plugins/build_archlinux/scripts/update-local-repo.sh /builder/cache/qubes-x86_64/root /builder/repository && cd /builder/core-qubesdb && sudo qubes-x86_64-build -r /builder/cache --  -d /builder/repository:/builder/repository --  --syncdeps --noconfirm --skipinteg''.
2024-04-18 01:41:09.843280 +0000 build-archlinux43: output: ==> Generating pacman master key. This may take some time.
2024-04-18 01:41:09.849577 +0000 build-archlinux43: output: gpg: Generating pacman keyring master key...
2024-04-18 01:41:11.053078 +0000 build-archlinux43: output: gpg: revocation certificate stored as '/etc/pacman.d/gnupg/openpgp-revocs.d/8FF6A8D94DBEDA115B75D5246EB4120B3D563606.rev'
2024-04-18 01:41:11.053147 +0000 build-archlinux43: output: gpg: Done
2024-04-18 01:41:11.055263 +0000 build-archlinux43: output: ==> Updating trust database...
2024-04-18 01:41:11.150295 +0000 build-archlinux43: output: gpg: Note: third-party key signatures using the SHA1 algorithm are rejected
2024-04-18 01:41:11.150353 +0000 build-archlinux43: output: gpg: (use option "--allow-weak-key-signatures" to override)
2024-04-18 01:41:12.296210 +0000 build-archlinux43: output: gpg: marginals needed: 3  completes needed: 1  trust model: pgp
2024-04-18 01:41:12.333111 +0000 build-archlinux43: output: gpg: depth: 0  valid:   2  signed:   5  trust: 0-, 0q, 0n, 0m, 0f, 2u
2024-04-18 01:41:12.362240 +0000 build-archlinux43: output: gpg: depth: 1  valid:   5  signed:  98  trust: 0-, 0q, 0n, 5m, 0f, 0u
2024-04-18 01:41:12.388340 +0000 build-archlinux43: output: gpg: depth: 2  valid:  74  signed:  22  trust: 74-, 0q, 0n, 0m, 0f, 0u
2024-04-18 01:41:12.388582 +0000 build-archlinux43: output: gpg: next trustdb check due at 2024-06-29
2024-04-18 01:41:12.429968 +0000 build-archlinux43: output: ==> Appending keys from archlinux.gpg...
2024-04-18 01:41:14.226961 +0000 build-archlinux43: output: ==> Locally signing trusted keys in keyring...
2024-04-18 01:41:19.300990 +0000 build-archlinux43: output:   -> Locally signed 5 keys.
2024-04-18 01:41:19.302009 +0000 build-archlinux43: output: ==> Importing owner trust values...
2024-04-18 01:41:19.306571 +0000 build-archlinux43: output: ==> Updating trust database...
2024-04-18 01:41:19.404173 +0000 build-archlinux43: output: gpg: Note: third-party key signatures using the SHA1 algorithm are rejected
2024-04-18 01:41:19.404233 +0000 build-archlinux43: output: gpg: (use option "--allow-weak-key-signatures" to override)
2024-04-18 01:41:20.536768 +0000 build-archlinux43: output: gpg: marginals needed: 3  completes needed: 1  trust model: pgp
2024-04-18 01:41:20.573148 +0000 build-archlinux43: output: gpg: depth: 0  valid:   2  signed:   5  trust: 0-, 0q, 0n, 0m, 0f, 2u
2024-04-18 01:41:20.602309 +0000 build-archlinux43: output: gpg: depth: 1  valid:   5  signed:  98  trust: 0-, 0q, 0n, 5m, 0f, 0u
2024-04-18 01:41:20.628018 +0000 build-archlinux43: output: gpg: depth: 2  valid:  74  signed:  22  trust: 74-, 0q, 0n, 0m, 0f, 0u
2024-04-18 01:41:20.628132 +0000 build-archlinux43: output: gpg: next trustdb check due at 2024-06-29
2024-04-18 01:41:20.755601 +0000 build-archlinux43: output: -> Archlinux update-local-repo.sh
2024-04-18 01:41:20.756216 +0000 build-archlinux43: output:   -> Repo '/builder/repository/pkgs' appears empty; initialising...
2024-04-18 01:41:20.774250 +0000 build-archlinux43: output: Spawning container root on /builder/cache/qubes-x86_64/root.
2024-04-18 01:41:20.774306 +0000 build-archlinux43: output: Press Ctrl-] three times within 1s to kill container.
2024-04-18 01:41:20.841198 +0000 build-archlinux43: output: Container root exited successfully.
2024-04-18 01:41:20.845961 +0000 build-archlinux43: output: 
2024-04-18 01:41:20.852018 +0000 build-archlinux43: output: Spawning container root on /builder/cache/qubes-x86_64/root.
2024-04-18 01:41:20.852062 +0000 build-archlinux43: output: Press Ctrl-] three times within 1s to kill container.
2024-04-18 01:41:20.954463 +0000 build-archlinux43: output: .[1m.[32m==>.[0m.[1m Extracting qubes.db.tar.gz to a temporary location....[0m.
2024-04-18 01:41:20.965102 +0000 build-archlinux43: output: .[1m.[32m==>.[0m.[1m Extracting qubes.files.tar.gz to a temporary location....[0m.
2024-04-18 01:41:20.971542 +0000 build-archlinux43: output: .[1m.[32m==>.[0m.[1m Adding package 'pkgs/qubes-libvchan-xen-4.2.3-1-x86_64.pkg.tar.zst'.[0m.
2024-04-18 01:41:20.989209 +0000 build-archlinux43: output: .[1m.[34m  ->.[0m.[1m Computing checksums....[0m.
2024-04-18 01:41:20.994845 +0000 build-archlinux43: output: .[1m.[34m  ->.[0m.[1m Creating 'desc' db entry....[0m.
2024-04-18 01:41:20.998831 +0000 build-archlinux43: output: .[1m.[34m  ->.[0m.[1m Creating 'files' db entry....[0m.
2024-04-18 01:41:21.004661 +0000 build-archlinux43: output: .[1m.[32m==>.[0m.[1m Creating updated database file 'pkgs/qubes.db.tar.gz'.[0m.
2024-04-18 01:41:21.067951 +0000 build-archlinux43: output: .[1m.[32m==>.[0m.[1m Extracting qubes.db.tar.gz to a temporary location....[0m.
2024-04-18 01:41:21.075202 +0000 build-archlinux43: output: .[1m.[32m==>.[0m.[1m Extracting qubes.files.tar.gz to a temporary location....[0m.
2024-04-18 01:41:21.085274 +0000 build-archlinux43: output: .[1m.[32m==>.[0m.[1m Adding package 'pkgs/qubes-vm-xen-4.17.3-5-x86_64.pkg.tar.zst'.[0m.
2024-04-18 01:41:21.112635 +0000 build-archlinux43: output: .[1m.[34m  ->.[0m.[1m Computing checksums....[0m.
2024-04-18 01:41:21.122725 +0000 build-archlinux43: output: .[1m.[34m  ->.[0m.[1m Creating 'desc' db entry....[0m.
2024-04-18 01:41:21.128690 +0000 build-archlinux43: output: .[1m.[34m  ->.[0m.[1m Creating 'files' db entry....[0m.
2024-04-18 01:41:21.147285 +0000 build-archlinux43: output: .[1m.[32m==>.[0m.[1m Creating updated database file 'pkgs/qubes.db.tar.gz'.[0m.
2024-04-18 01:41:21.190227 +0000 build-archlinux43: output: Container root exited successfully.
2024-04-18 01:41:21.202991 +0000 build-archlinux43: output: Spawning container root on /builder/cache/qubes-x86_64/root.
2024-04-18 01:41:21.203032 +0000 build-archlinux43: output: Press Ctrl-] three times within 1s to kill container.
2024-04-18 01:41:21.255881 +0000 build-archlinux43: output: Container root exited successfully.
2024-04-18 01:41:21.265273 +0000 build-archlinux43: output: 
2024-04-18 01:41:21.274378 +0000 build-archlinux43: output: Spawning container root on /builder/cache/qubes-x86_64/root.
2024-04-18 01:41:21.274459 +0000 build-archlinux43: output: Press Ctrl-] three times within 1s to kill container.
2024-04-18 01:41:21.362983 +0000 build-archlinux43: output: .[?25l:: Synchronizing package databases....
2024-04-18 01:41:21.363045 +0000 build-archlinux43: output:  core.
2024-04-18 01:41:21.363066 +0000 build-archlinux43: output:  community.
2024-04-18 01:41:21.363082 +0000 build-archlinux43: output:  extra.
2024-04-18 01:41:21.363097 +0000 build-archlinux43: output:  multilib.
2024-04-18 01:41:43.350986 +0000 build-archlinux43: output: .[1F multilib                7.7 KiB  90.0   B/s 24:43 [#---------------------]   5%. multilib               46.8 KiB  59.5 KiB/s 00:01 [#######---------------]  33%. multilib               78.0 KiB  83.8 KiB/s 00:00 [############----------]  56%..[3F core                    7.7 KiB  89.0   B/s 22:57 [#---------------------]   6%..[2E extra                   7.7 KiB  89.0   B/s --:-- [----------------------]   0%..[1E multilib              109.3 KiB   102 KiB/s 00:00 [#################-----]  78%..[3F core                   23.3 KiB  25.0 KiB/s 00:04 [###-------------------]  18%..[2E extra                   7.7 KiB  59.0   B/s --:-- [----------------------]   0%..[1E multilib              124.9 KiB  91.9 KiB/s 00:00 [###################---]  89%..[3F core                   39.0 KiB  41.5 KiB/s 00:02 [######----------------]  30%..[2E extra                  23.3 KiB  24.7 KiB/s 05:33 [----------------------]   0%..[2F core                   54.6 KiB  33.6 KiB/s 00:02 [#########-------------]  42%..[2E extra                  23.3 KiB  16.5 KiB/s 08:19 [----------------------]   0%..[1E multilib              124.9 KiB  61.3 KiB/s 00:00 [###################---]  89%..[3F core                   54.6 KiB  22.4 KiB/s 00:03 [#########-------------]  42%..[2E extra                  23.3 KiB  11.0 KiB/s 12:29 [----------------------]   0%..[1E multilib              124.9 KiB  40.9 KiB/s 00:00 [###################---]  89%..[3F core                   54.6 KiB  14.9 KiB/s 00:04 [#########-------------]  42%..[2E extra                  23.3 KiB  7.33 KiB/s 18:43 [----------------------]   0%..[1E multilib              124.9 KiB  27.2 KiB/s 00:00 [###################---]  89%..[3F core                   54.6 KiB  9.96 KiB/s 00:07 [#########-------------]  42%..[2E extra                  23.3 KiB  4.88 KiB/s 28:05 [----------------------]   0%..[1E multilib              124.9 KiB  18.2 KiB/s 00:00 [###################---]  89%..[3F core                   54.6 KiB  6.64 KiB/s 00:10 [#########-------------]  42%..[2E extra                  23.3 KiB  3.25 KiB/s 42:08 [----------------------]   0%..[1E multilib              124.9 KiB  12.1 KiB/s 00:01 [###################---]  89%..[3F core                   54.6 KiB  4.43 KiB/s 00:16 [#########-------------]  42%..[2E extra                  23.3 KiB  2.17 KiB/s 63:13 [----------------------]   0%..[1E multilib              124.9 KiB  8.07 KiB/s 00:01 [###################---]  89%..[3F core                   54.6 KiB  2.95 KiB/s 00:24 [#########-------------]  42%..[2E extra                  23.3 KiB  1481   B/s 94:49 [----------------------]   0%..[1E multilib              124.9 KiB  5.38 KiB/s 00:02 [###################---]  89%..[3F core                   54.6 KiB  2014   B/s 00:37 [#########-------------]  42%..[2E extra                  23.3 KiB   987   B/s --:-- [----------------------]   0%..[1E multilib              124.9 KiB  3.59 KiB/s 00:03 [###################---]  89%..[3F core                   54.6 KiB  1342   B/s 00:55 [#########-------------]  42%..[2E extra                  23.3 KiB   658   B/s --:-- [----------------------]   0%..[1E multilib              124.9 KiB  2.39 KiB/s 00:05 [###################---]  89%..[3F core                   54.6 KiB   895   B/s 01:23 [#########-------------]  42%..[2E extra                  23.3 KiB   439   B/s --:-- [----------------------]   0%..[1E multilib              124.9 KiB  1632   B/s 00:08 [###################---]  89%..[3F core                   54.6 KiB   596   B/s 02:05 [#########-------------]  42%..[2E extra                  23.3 KiB   292   B/s --:-- [----------------------]   0%..[1E multilib              124.9 KiB  1088   B/s 00:13 [###################---]  89%..[3F core                   54.6 KiB   397   B/s 03:07 [#########-------------]  42%..[2E extra                  23.3 KiB   195   B/s --:-- [----------------------]   0%..[1E multilib              124.9 KiB   725   B/s 00:20 [###################---]  89%..[3F core                   54.6 KiB   265   B/s 04:41 [#########-------------]  42%..[2E extra                  23.3 KiB   130   B/s --:-- [----------------------]   0%..[1E multilib              124.9 KiB   483   B/s 00:30 [###################---]  89%..[3F core                   54.6 KiB   176   B/s 07:02 [#########-------------]  42%..[2E extra                  23.3 KiB  86.0   B/s --:-- [----------------------]   0%..[1E multilib              124.9 KiB   322   B/s 00:45 [###################---]  89%..[3F core                   54.6 KiB   117   B/s 10:33 [#########-------------]  42%..[2E extra                  23.3 KiB  57.0   B/s --:-- [----------------------]   0%..[1E multilib              124.9 KiB   214   B/s 01:07 [###################---]  89%..[2F community is up to date.[K.[1F core                  127.6 KiB  11.1 KiB/s 00:12 [######################] 100%..[3E multilib              139.1 KiB  12.1 KiB/s 00:12 [######################] 100%..[1F extra                   4.7 MiB  6.86 MiB/s 00:00 [############----------]  57%. extra                   4.7 MiB  4.68 MiB/s 00:00 [############----------]  58%. extra                   5.0 MiB  3.54 MiB/s 00:00 [#############---------]  62%. extra                   5.1 MiB  2.50 MiB/s 00:01 [#############---------]  63%. extra                   5.3 MiB  1990 KiB/s 00:01 [##############--------]  65%. extra                   5.5 MiB  1664 KiB/s 00:01 [##############--------]  68%. extra                   5.6 MiB  1206 KiB/s 00:02 [###############-------]  69%. extra                   5.6 MiB   848 KiB/s 00:02 [###############-------]  69%. extra                   5.9 MiB   987 KiB/s 00:02 [###############-------]  72%. extra                   6.0 MiB   857 KiB/s 00:02 [################------]  74%. extra                   6.0 MiB   597 KiB/s 00:03 [################------]  74%. extra                   6.0 MiB   423 KiB/s 00:04 [################------]  74%. extra                   6.1 MiB   319 KiB/s 00:06 [################------]  75%. extra                   6.5 MiB   892 KiB/s 00:01 [#################-----]  80%. extra                   6.6 MiB   734 KiB/s 00:02 [#################-----]  81%. extra                   6.6 MiB   501 KiB/s 00:03 [#################-----]  81%. extra                   6.7 MiB   571 KiB/s 00:02 [##################----]  83%. extra                   6.9 MiB   665 KiB/s 00:01 [##################----]  85%. extra                   7.1 MiB   694 KiB/s 00:01 [###################---]  87%. extra                   7.3 MiB   774 KiB/s 00:01 [###################---]  90%. extra                   7.4 MiB   700 KiB/s 00:00 [####################--]  92%. extra                   7.4 MiB   467 KiB/s 00:01 [####################--]  92%. extra                   7.4 MiB   311 KiB/s 00:02 [####################--]  92%. extra                   7.4 MiB   207 KiB/s 00:03 [####################--]  92%. extra                   7.4 MiB   138 KiB/s 00:04 [####################--]  92%. extra                   7.5 MiB   136 KiB/s 00:04 [####################--]  93%. extra                   7.6 MiB   138 KiB/s 00:03 [####################--]  93%. extra                   7.7 MiB   324 KiB/s 00:01 [####################--]  95%. extra                   8.1 MiB   390 KiB/s 00:21 [######################] 100%..[2Ewarning: archlinux-keyring-20240313-1 is up to date -- reinstalling.
2024-04-18 01:41:43.351084 +0000 build-archlinux43: output: resolving dependencies....
2024-04-18 01:41:43.351638 +0000 build-archlinux43: output: looking for conflicting packages....
2024-04-18 01:41:43.352061 +0000 build-archlinux43: output: .
2024-04-18 01:41:43.352091 +0000 build-archlinux43: output: Packages (1) archlinux-keyring-20240313-1.
2024-04-18 01:41:43.352107 +0000 build-archlinux43: output: .
2024-04-18 01:41:43.352124 +0000 build-archlinux43: output: Total Download Size:   1.16 MiB.
2024-04-18 01:41:43.352139 +0000 build-archlinux43: output: Total Installed Size:  1.66 MiB.
2024-04-18 01:41:43.352153 +0000 build-archlinux43: output: Net Upgrade Size:      0.00 MiB.
2024-04-18 01:41:43.352166 +0000 build-archlinux43: output: .
2024-04-18 01:41:43.352181 +0000 build-archlinux43: output: :: Proceed with installation? [Y/n] .
2024-04-18 01:41:43.352195 +0000 build-archlinux43: output: :: Retrieving packages....
2024-04-18 01:41:43.352209 +0000 build-archlinux43: output:  archlinux-keyring-20240313-1-any.
2024-04-18 01:41:47.363076 +0000 build-archlinux43: output: .[1F archlinux-keyrin...     7.7 KiB  52.0   B/s --:-- [----------------------]   0%. archlinux-keyrin...    31.2 KiB  21.9 KiB/s 00:52 [----------------------]   2%. archlinux-keyrin...    78.0 KiB  76.1 KiB/s 00:14 [#---------------------]   6%. archlinux-keyrin...   124.9 KiB   129 KiB/s 00:08 [##--------------------]  10%. archlinux-keyrin...   421.8 KiB   446 KiB/s 00:01 [#######---------------]  35%. archlinux-keyrin...   578.0 KiB   555 KiB/s 00:01 [##########------------]  48%. archlinux-keyrin...   726.5 KiB   575 KiB/s 00:00 [#############---------]  61%. archlinux-keyrin...   937.4 KiB   723 KiB/s 00:00 [#################-----]  78%. archlinux-keyrin...  1039.0 KiB   626 KiB/s 00:00 [###################---]  87%. archlinux-keyrin...  1187.4 KiB   617 KiB/s 00:00 [#####################-]  99%. archlinux-keyrin...  1188.9 KiB   410 KiB/s 00:03 [######################] 100%..[1E(0/1) checking keys in keyring                     [----------------------]   0%.(1/1) checking keys in keyring                     [######################] 100%..
2024-04-18 01:41:47.391981 +0000 build-archlinux43: output: (0/1) checking package integrity                   [----------------------]   0%.(1/1) checking package integrity                   [######################] 100%..
2024-04-18 01:41:47.392051 +0000 build-archlinux43: output: (0/1) loading package files                        [----------------------]   0%.(1/1) loading package files                        [######################] 100%..
2024-04-18 01:41:47.392077 +0000 build-archlinux43: output: (0/1) checking for file conflicts                  [----------------------]   0%.(1/1) checking for file conflicts                  [######################] 100%..
2024-04-18 01:41:47.392094 +0000 build-archlinux43: output: :: Processing package changes....
2024-04-18 01:41:47.396100 +0000 build-archlinux43: output: (1/1) reinstalling archlinux-keyring               [----------------------]   0%.(1/1) reinstalling archlinux-keyring               [######################] 100%..
2024-04-18 01:41:47.466970 +0000 build-archlinux43: output: gpg: Warning: using insecure memory!.
2024-04-18 01:41:47.480686 +0000 build-archlinux43: output: ==> Appending keys from archlinux.gpg....
2024-04-18 01:41:47.483951 +0000 build-archlinux43: output: gpg: Warning: using insecure memory!.
2024-04-18 01:41:49.957321 +0000 build-archlinux43: output: gpg: Warning: using insecure memory!.
2024-04-18 01:41:49.967363 +0000 build-archlinux43: output: gpg: Warning: using insecure memory!.
2024-04-18 01:41:49.972105 +0000 build-archlinux43: output: gpg: Warning: using insecure memory!.
2024-04-18 01:41:49.981453 +0000 build-archlinux43: output: gpg: Warning: using insecure memory!.
2024-04-18 01:41:49.985983 +0000 build-archlinux43: output: gpg: Warning: using insecure memory!.
2024-04-18 01:41:49.995516 +0000 build-archlinux43: output: gpg: Warning: using insecure memory!.
2024-04-18 01:41:50.000528 +0000 build-archlinux43: output: gpg: Warning: using insecure memory!.
2024-04-18 01:41:50.010043 +0000 build-archlinux43: output: gpg: Warning: using insecure memory!.
2024-04-18 01:41:50.016559 +0000 build-archlinux43: output: gpg: Warning: using insecure memory!.
2024-04-18 01:41:50.026024 +0000 build-archlinux43: output: gpg: Warning: using insecure memory!.
2024-04-18 01:41:50.033796 +0000 build-archlinux43: output: gpg: Warning: using insecure memory!.
2024-04-18 01:41:50.036851 +0000 build-archlinux43: output: gpg: Warning: using insecure memory!.
2024-04-18 01:41:50.040386 +0000 build-archlinux43: output: gpg: Warning: using insecure memory!.
2024-04-18 01:41:50.043568 +0000 build-archlinux43: output: gpg: Warning: using insecure memory!.
2024-04-18 01:41:50.047262 +0000 build-archlinux43: output: gpg: Warning: using insecure memory!.
2024-04-18 01:41:50.052884 +0000 build-archlinux43: output: gpg: Warning: using insecure memory!.
2024-04-18 01:41:50.058439 +0000 build-archlinux43: output: gpg: Warning: using insecure memory!.
2024-04-18 01:41:50.064937 +0000 build-archlinux43: output: gpg: Warning: using insecure memory!.
2024-04-18 01:41:50.072756 +0000 build-archlinux43: output: gpg: Warning: using insecure memory!.
2024-04-18 01:41:50.076627 +0000 build-archlinux43: output: gpg: Warning: using insecure memory!.
2024-04-18 01:41:50.082901 +0000 build-archlinux43: output: gpg: Warning: using insecure memory!.
2024-04-18 01:41:50.088969 +0000 build-archlinux43: output: gpg: Warning: using insecure memory!.
2024-04-18 01:41:50.094724 +0000 build-archlinux43: output: gpg: Warning: using insecure memory!.
2024-04-18 01:41:50.100912 +0000 build-archlinux43: output: gpg: Warning: using insecure memory!.
2024-04-18 01:41:50.114721 +0000 build-archlinux43: output: gpg: Warning: using insecure memory!.
2024-04-18 01:41:50.120718 +0000 build-archlinux43: output: gpg: Warning: using insecure memory!.
2024-04-18 01:41:50.126657 +0000 build-archlinux43: output: gpg: Warning: using insecure memory!.
2024-04-18 01:41:50.132425 +0000 build-archlinux43: output: gpg: Warning: using insecure memory!.
2024-04-18 01:41:50.138265 +0000 build-archlinux43: output: gpg: Warning: using insecure memory!.
2024-04-18 01:41:50.144313 +0000 build-archlinux43: output: gpg: Warning: using insecure memory!.
2024-04-18 01:41:50.150047 +0000 build-archlinux43: output: gpg: Warning: using insecure memory!.
2024-04-18 01:41:50.154517 +0000 build-archlinux43: output: gpg: Warning: using insecure memory!.
2024-04-18 01:41:50.158481 +0000 build-archlinux43: output: gpg: Warning: using insecure memory!.
2024-04-18 01:41:50.162179 +0000 build-archlinux43: output: gpg: Warning: using insecure memory!.
2024-04-18 01:41:50.165606 +0000 build-archlinux43: output: gpg: Warning: using insecure memory!.
2024-04-18 01:41:50.169309 +0000 build-archlinux43: output: gpg: Warning: using insecure memory!.
2024-04-18 01:41:50.172867 +0000 build-archlinux43: output: gpg: Warning: using insecure memory!.
2024-04-18 01:41:50.176415 +0000 build-archlinux43: output: gpg: Warning: using insecure memory!.
2024-04-18 01:41:50.181727 +0000 build-archlinux43: output: gpg: Warning: using insecure memory!.
2024-04-18 01:41:50.187450 +0000 build-archlinux43: output: gpg: Warning: using insecure memory!.
2024-04-18 01:41:50.194942 +0000 build-archlinux43: output: gpg: Warning: using insecure memory!.
2024-04-18 01:41:50.203815 +0000 build-archlinux43: output: gpg: Warning: using insecure memory!.
2024-04-18 01:41:50.209190 +0000 build-archlinux43: output: gpg: Warning: using insecure memory!.
2024-04-18 01:41:50.215380 +0000 build-archlinux43: output: gpg: Warning: using insecure memory!.
2024-04-18 01:41:50.222844 +0000 build-archlinux43: output: gpg: Warning: using insecure memory!.
2024-04-18 01:41:50.226839 +0000 build-archlinux43: output: gpg: Warning: using insecure memory!.
2024-04-18 01:41:50.232690 +0000 build-archlinux43: output: gpg: Warning: using insecure memory!.
2024-04-18 01:41:50.238134 +0000 build-archlinux43: output: gpg: Warning: using insecure memory!.
2024-04-18 01:41:50.243897 +0000 build-archlinux43: output: gpg: Warning: using insecure memory!.
2024-04-18 01:41:50.249477 +0000 build-archlinux43: output: gpg: Warning: using insecure memory!.
2024-04-18 01:41:50.254947 +0000 build-archlinux43: output: gpg: Warning: using insecure memory!.
2024-04-18 01:41:50.260484 +0000 build-archlinux43: output: gpg: Warning: using insecure memory!.
2024-04-18 01:41:50.265839 +0000 build-archlinux43: output: gpg: Warning: using insecure memory!.
2024-04-18 01:41:50.271398 +0000 build-archlinux43: output: gpg: Warning: using insecure memory!.
2024-04-18 01:41:50.276562 +0000 build-archlinux43: output: ==> Updating trust database....
2024-04-18 01:41:50.278598 +0000 build-archlinux43: output: gpg: Warning: using insecure memory!.
2024-04-18 01:41:50.278833 +0000 build-archlinux43: output: gpg: next trustdb check due at 2024-06-29.
2024-04-18 01:41:50.347438 +0000 build-archlinux43: output: .[?25hContainer root exited successfully.
2024-04-18 01:41:50.355537 +0000 build-archlinux43: output: 
2024-04-18 01:41:50.363750 +0000 build-archlinux43: output: Spawning container root on /builder/cache/qubes-x86_64/root.
2024-04-18 01:41:50.363888 +0000 build-archlinux43: output: Press Ctrl-] three times within 1s to kill container.
2024-04-18 01:41:50.428102 +0000 build-archlinux43: output: .[?25l:: Synchronizing package databases....
2024-04-18 01:41:50.428167 +0000 build-archlinux43: output:  core.
2024-04-18 01:41:50.428315 +0000 build-archlinux43: output:  community.
2024-04-18 01:41:50.428345 +0000 build-archlinux43: output:  extra.
2024-04-18 01:41:50.428372 +0000 build-archlinux43: output:  multilib.
2024-04-18 01:41:54.977303 +0000 build-archlinux43: output: .[2F extra is up to date.[K.[2F core is up to date.[K.[1E community is up to date.[K.[2E multilib is up to date.[K.[1E:: Starting full system upgrade....
2024-04-18 01:41:55.215201 +0000 build-archlinux43: output:  there is nothing to do.
2024-04-18 01:41:55.243966 +0000 build-archlinux43: output: .[?25hContainer root exited successfully.
2024-04-18 01:41:55.249561 +0000 build-archlinux43: output: 
2024-04-18 01:42:00.277751 +0000 build-archlinux43: output: .[?25l:: Synchronizing package databases....
2024-04-18 01:42:00.277868 +0000 build-archlinux43: output:  core.
2024-04-18 01:42:00.278333 +0000 build-archlinux43: output:  community.
2024-04-18 01:42:00.278446 +0000 build-archlinux43: output:  extra.
2024-04-18 01:42:00.278480 +0000 build-archlinux43: output:  multilib.
2024-04-18 01:42:00.278545 +0000 build-archlinux43: output:  qubes.
2024-04-18 01:42:03.627198 +0000 build-archlinux43: output: .[1F qubes                1000.0   B  5.00   B/s 00:00 [######################] 100%. qubes                1000.0   B   488 KiB/s 00:00 [######################] 100%..[4F core is up to date.[K.[1E community is up to date.[K.[1E extra is up to date.[K.[1E multilib is up to date.[K.[2E:: Starting full system upgrade....
2024-04-18 01:42:03.865204 +0000 build-archlinux43: output:  there is nothing to do.
2024-04-18 01:42:03.950541 +0000 build-archlinux43: output: .[?25h==> Building in chroot for [qubes] (x86_64)...
2024-04-18 01:42:07.708915 +0000 build-archlinux43: output: ==> Synchronizing chroot copy [/builder/cache/qubes-x86_64/root] -> [user]...done
2024-04-18 01:42:08.239760 +0000 build-archlinux43: output: ==> Making package: qubes-db-vm 4.2.4-1 (Wed Apr 17 21:42:07 2024)
2024-04-18 01:42:08.249742 +0000 build-archlinux43: output: ==> Retrieving sources...
2024-04-18 01:42:08.253554 +0000 build-archlinux43: output:   -> Found qubes-db-vm-4.2.4-1.tar.gz
2024-04-18 01:42:08.255922 +0000 build-archlinux43: output: ==> WARNING: Skipping all source file integrity checks.
2024-04-18 01:42:10.844642 +0000 build-archlinux43: output: .[1m.[32m==>.[0m.[1m Making package: qubes-db-vm 4.2.4-1 (Wed Apr 17 21:42:10 2024).[0m.
2024-04-18 01:42:10.846266 +0000 build-archlinux43: output: .[1m.[32m==>.[0m.[1m Checking runtime dependencies....[0m.
2024-04-18 01:42:10.860698 +0000 build-archlinux43: output: .[1m.[32m==>.[0m.[1m Installing missing dependencies....[0m.
2024-04-18 01:42:11.117154 +0000 build-archlinux43: output: .[?25lresolving dependencies....
2024-04-18 01:42:11.117697 +0000 build-archlinux43: output: looking for conflicting packages....
2024-04-18 01:42:11.119508 +0000 build-archlinux43: output: .
2024-04-18 01:42:11.119563 +0000 build-archlinux43: output: Packages (24) bridge-utils-1.7.1-2  libxslt-1.1.39-1  lzo-2.10-5.
2024-04-18 01:42:11.119584 +0000 build-archlinux43: output:               python-autocommand-2.2.2-4  python-fastjsonschema-2.19.1-1.
2024-04-18 01:42:11.119602 +0000 build-archlinux43: output:               python-inflect-7.2.0-1  python-jaraco.context-4.3.0-3.
2024-04-18 01:42:11.119618 +0000 build-archlinux43: output:               python-jaraco.functools-4.0.0-1  python-jaraco.text-3.12.0-1.
2024-04-18 01:42:11.119634 +0000 build-archlinux43: output:               python-lxml-5.1.0-1  python-more-itertools-10.2.0-1.
2024-04-18 01:42:11.119650 +0000 build-archlinux43: output:               python-ordered-set-4.1.0-4  python-packaging-23.2-1.
2024-04-18 01:42:11.119665 +0000 build-archlinux43: output:               python-platformdirs-4.2.0-1  python-tomli-2.0.1-3.
2024-04-18 01:42:11.119681 +0000 build-archlinux43: output:               python-trove-classifiers-2024.3.25-1  python-typeguard-4.2.1-1.
2024-04-18 01:42:11.119757 +0000 build-archlinux43: output:               python-typing_extensions-4.10.0-1.
2024-04-18 01:42:11.119808 +0000 build-archlinux43: output:               python-validate-pyproject-0.13-1  qubes-vm-xen-4.17.3-5.
2024-04-18 01:42:11.119874 +0000 build-archlinux43: output:               yajl-2.1.0-6  python-3.11.8-1  python-setuptools-1:69.0.3-4.
2024-04-18 01:42:11.119901 +0000 build-archlinux43: output:               qubes-libvchan-xen-4.2.3-1.
2024-04-18 01:42:11.120050 +0000 build-archlinux43: output: .
2024-04-18 01:42:11.120256 +0000 build-archlinux43: output: Total Download Size:   16.97 MiB.
2024-04-18 01:42:11.120424 +0000 build-archlinux43: output: Total Installed Size:  93.12 MiB.
2024-04-18 01:42:11.120585 +0000 build-archlinux43: output: .
2024-04-18 01:42:11.121512 +0000 build-archlinux43: output: :: Proceed with installation? [Y/n] .
2024-04-18 01:42:11.121540 +0000 build-archlinux43: output: :: Retrieving packages....
2024-04-18 01:42:11.121554 +0000 build-archlinux43: output:  python-3.11.8-1-x86_64.
2024-04-18 01:42:11.121570 +0000 build-archlinux43: output:  Total ( 0/24)           0.0   B  0.00   B/s 00:00 [----------------------]   0%..
2024-04-18 01:42:11.121584 +0000 build-archlinux43: output: .[1F python-lxml-5.1.0-1-x86_64.
2024-04-18 01:42:11.121599 +0000 build-archlinux43: output:  Total ( 0/24)           0.0   B  0.00   B/s 00:00 [----------------------]   0%..
2024-04-18 01:42:11.121613 +0000 build-archlinux43: output: .[1F qubes-vm-xen-4.17.3-5-x86_64.
2024-04-18 01:42:11.121629 +0000 build-archlinux43: output:  Total ( 0/24)           0.0   B  0.00   B/s 00:00 [----------------------]   0%..
2024-04-18 01:42:11.121698 +0000 build-archlinux43: output: .[1F python-setuptools-1:69.0.3-4-any.
2024-04-18 01:42:11.121720 +0000 build-archlinux43: output:  Total ( 0/24)           0.0   B  0.00   B/s 00:00 [----------------------]   0%..
2024-04-18 01:42:11.121733 +0000 build-archlinux43: output: .[1F libxslt-1.1.39-1-x86_64.
2024-04-18 01:42:11.121749 +0000 build-archlinux43: output:  Total ( 0/24)           0.0   B  0.00   B/s 00:00 [----------------------]   0%..
2024-04-18 01:42:11.127491 +0000 build-archlinux43: output: .[4F qubes-vm-xen-4.1...    16.0 KiB  70.0   B/s --:-- [----------------------]   1%..[3E Total ( 0/24)          16.0 KiB  70.0   B/s --:-- [----------------------]   0%..[3F python-3.11.8-1-...     0.0   B  0.00   B/s 00:00 [######################] 100%..[2F qubes-vm-xen-4.1...   951.7 KiB   232 MiB/s 00:00 [######################] 100%..[5E python-packaging-23.2-1-any.
2024-04-18 01:42:11.127619 +0000 build-archlinux43: output:  Total ( 1/24)          16.0 KiB  70.0   B/s --:-- [----------------------]   0%..
2024-04-18 01:42:15.839405 +0000 build-archlinux43: output: .[5F python-3.11.8-1-...     7.7 KiB  33.0   B/s --:-- [----------------------]   0%..[4E Total ( 1/24)         959.4 KiB   235 KiB/s 01:09 [#---------------------]   5%..[4F python-3.11.8-1-...   140.5 KiB   125 KiB/s 01:52 [----------------------]   0%..[4E Total ( 1/24)        1092.2 KiB   282 KiB/s 00:57 [#---------------------]   6%..[4F python-3.11.8-1-...   148.4 KiB  93.7 KiB/s 02:29 [----------------------]   1%..[4E Total ( 1/24)        1100.1 KiB   198 KiB/s 01:22 [#---------------------]   6%..[4F python-3.11.8-1-...   210.9 KiB   164 KiB/s 01:25 [----------------------]   1%..[4E Total ( 1/24)        1162.6 KiB   233 KiB/s 01:09 [#---------------------]   6%..[5F python-lxml-5.1....    54.6 KiB   234   B/s 93:24 [----------------------]   4%..[2E python-setuptool...    54.6 KiB   234   B/s 52:23 [#---------------------]   7%..[1E libxslt-1.1.39-1...    39.0 KiB   167   B/s 17:41 [###-------------------]  18%..[1E python-packaging...     7.7 KiB  33.0   B/s 49:35 [#---------------------]   7%..[3F python-3.11.8-1-...   335.9 KiB   286 KiB/s 00:48 [----------------------]   2%..[4E Total ( 1/24)        1474.7 KiB   596 KiB/s 00:26 [#---------------------]   8%..[5F python-lxml-5.1....    85.9 KiB  48.2 KiB/s 00:26 [#---------------------]   6%..[2E python-setuptool...    62.4 KiB  12.2 KiB/s 00:58 [#---------------------]   8%..[1E libxslt-1.1.39-1...    54.6 KiB  24.1 KiB/s 00:06 [#####-----------------]  25%..[1E python-packaging...    23.4 KiB  24.0 KiB/s 00:03 [####------------------]  22%..[3F python-3.11.8-1-...   343.7 KiB   203 KiB/s 01:08 [----------------------]   2%..[4E Total ( 1/24)        1529.4 KiB   487 KiB/s 00:32 [#---------------------]   8%..[5F python-lxml-5.1....   117.1 KiB  83.9 KiB/s 00:14 [#---------------------]   8%..[2E python-setuptool...    70.2 KiB  21.1 KiB/s 00:33 [#---------------------]   9%..[1E libxslt-1.1.39-1...   101.5 KiB  93.8 KiB/s 00:01 [##########------------]  47%..[1E python-packaging...    70.2 KiB  93.8 KiB/s 00:00 [##############--------]  67%..[3F python-3.11.8-1-...   367.1 KiB   169 KiB/s 01:21 [----------------------]   2%..[4E Total ( 1/24)        1693.5 KiB   559 KiB/s 00:28 [#---------------------]   9%..[1F python-lxml-5.1....   117.1 KiB  83.9 KiB/s 00:14 [#---------------------]   8%..[4F python-packaging...   104.2 KiB  36.9 KiB/s 00:03 [######################] 100%..[4E python-lxml-5.1....   132.7 KiB  76.6 KiB/s 00:15 [#---------------------]   9%..[2F python-setuptool...   101.5 KiB  55.4 KiB/s 00:12 [##--------------------]  13%..[1E libxslt-1.1.39-1...   140.5 KiB   114 KiB/s 00:00 [##############--------]  66%..[2F python-3.11.8-1-...   406.2 KiB   171 KiB/s 01:20 [----------------------]   2%..[4E Total ( 2/24)        1844.7 KiB   598 KiB/s 00:25 [##--------------------]  10%..[1F python-lxml-5.1....   156.2 KiB  90.1 KiB/s 00:13 [##--------------------]  11%..[2F python-setuptool...   117.1 KiB  63.0 KiB/s 00:10 [###-------------------]  15%..[1E libxslt-1.1.39-1...   179.6 KiB   141 KiB/s 00:00 [##################----]  84%..[2F python-3.11.8-1-...   468.7 KiB   207 KiB/s 01:06 [----------------------]   3%..[4E Total ( 2/24)        2008.7 KiB   643 KiB/s 00:23 [##--------------------]  11%..[2F python-3.11.8-1-...   468.7 KiB   207 KiB/s 01:06 [----------------------]   3%..[2F libxslt-1.1.39-1...   212.6 KiB  62.6 KiB/s 00:03 [######################] 100%..[3E python-lxml-5.1....   203.0 KiB   136 KiB/s 00:08 [###-------------------]  15%..[2F python-setuptool...   117.1 KiB  42.0 KiB/s 00:15 [###-------------------]  15%..[1E python-3.11.8-1-...   531.2 KiB   239 KiB/s 00:57 [----------------------]   3%..[2E Total ( 3/24)           2.1 MiB   735 KiB/s 00:20 [##--------------------]  12%..[1F python-lxml-5.1....   281.2 KiB   213 KiB/s 00:04 [####------------------]  21%..[2F python-setuptool...   226.5 KiB   199 KiB/s 00:02 [######----------------]  29%..[1E python-3.11.8-1-...   562.4 KiB   210 KiB/s 01:04 [----------------------]   3%..[2E Total ( 3/24)           2.3 MiB   729 KiB/s 00:20 [##--------------------]  13%..[1F python-lxml-5.1....   367.1 KiB   271 KiB/s 00:03 [#####-----------------]  27%..[2F python-setuptool...   343.7 KiB   308 KiB/s 00:01 [#########-------------]  44%..[1E python-3.11.8-1-...   609.3 KiB   205 KiB/s 01:06 [----------------------]   4%..[2E Total ( 3/24)           2.6 MiB   855 KiB/s 00:17 [###-------------------]  15%..[1F python-lxml-5.1....   414.0 KiB   257 KiB/s 00:03 [######----------------]  30%..[2F python-setuptool...   437.4 KiB   358 KiB/s 00:00 [############----------]  56%..[1E python-3.11.8-1-...   624.9 KiB   158 KiB/s 01:25 [----------------------]   4%..[2E Total ( 3/24)           2.7 MiB   762 KiB/s 00:19 [###-------------------]  15%..[1F python-lxml-5.1....   507.7 KiB   303 KiB/s 00:02 [########--------------]  37%..[2F python-setuptool...   499.9 KiB   327 KiB/s 00:00 [##############--------]  64%..[1E python-3.11.8-1-...   695.2 KiB   213 KiB/s 01:03 [----------------------]   4%..[2E Total ( 3/24)           3.0 MiB   926 KiB/s 00:15 [###-------------------]  17%..[1F python-lxml-5.1....   554.6 KiB   271 KiB/s 00:02 [#########-------------]  41%..[2F python-setuptool...   523.4 KiB   252 KiB/s 00:00 [##############--------]  67%..[1E python-3.11.8-1-...   726.5 KiB   193 KiB/s 01:09 [#---------------------]   5%..[2E Total ( 3/24)           3.0 MiB   733 KiB/s 00:19 [###-------------------]  17%. python-more-itertools-10.2.0-1-any.
2024-04-18 01:42:15.839580 +0000 build-archlinux43: output:  Total ( 3/24)           3.0 MiB   733 KiB/s 00:19 [###-------------------]  17%..
2024-04-18 01:42:16.337319 +0000 build-archlinux43: output: .[3F python-lxml-5.1....   585.9 KiB   229 KiB/s 00:03 [#########-------------]  43%..[2F python-setuptool...   562.4 KiB   229 KiB/s 00:00 [###############-------]  72%..[1E python-3.11.8-1-...   757.7 KiB   178 KiB/s 01:15 [#---------------------]   5%..[3E Total ( 3/24)           3.2 MiB   761 KiB/s 00:18 [###-------------------]  18%..[2F python-lxml-5.1....   632.7 KiB   224 KiB/s 00:03 [##########------------]  47%..[2F python-setuptool...   624.9 KiB   248 KiB/s 00:00 [#################-----]  80%..[1E python-3.11.8-1-...   804.6 KiB   196 KiB/s 01:08 [#---------------------]   5%..[3E Total ( 3/24)           3.3 MiB   700 KiB/s 00:19 [####------------------]  19%..[2F python-lxml-5.1....   695.2 KiB   249 KiB/s 00:02 [###########-----------]  51%..[2F python-setuptool...   679.6 KiB   252 KiB/s 00:00 [###################---]  87%..[1E python-3.11.8-1-...   835.9 KiB   180 KiB/s 01:14 [#---------------------]   5%..[3E Total ( 3/24)           3.4 MiB   615 KiB/s 00:22 [####------------------]  20%. lzo-2.10-5-x86_64.
2024-04-18 01:42:16.337433 +0000 build-archlinux43: output:  Total ( 3/24)           3.4 MiB   615 KiB/s 00:22 [####------------------]  20%..
2024-04-18 01:42:18.292480 +0000 build-archlinux43: output: .[4F python-lxml-5.1....   835.9 KiB   354 KiB/s 00:01 [#############---------]  62%..[2F python-setuptool...   742.1 KiB   252 KiB/s 00:00 [####################--]  95%..[1E python-3.11.8-1-...   867.1 KiB   164 KiB/s 01:20 [#---------------------]   6%..[4E Total ( 3/24)           3.6 MiB   743 KiB/s 00:18 [####------------------]  21%..[3F python-lxml-5.1....   851.5 KiB   261 KiB/s 00:01 [#############---------]  63%..[2F python-setuptool...   765.5 KiB   205 KiB/s 00:00 [#####################-]  98%. python-setuptool...   774.4 KiB   138 KiB/s 00:06 [######################] 100%..[1E python-3.11.8-1-...   992.1 KiB   283 KiB/s 00:46 [#---------------------]   6%..[4E Total ( 4/24)           3.9 MiB   909 KiB/s 00:14 [#####-----------------]  23%..[4F python-3.11.8-1-...  1085.9 KiB   341 KiB/s 00:38 [#---------------------]   7%..[4E Total ( 4/24)           4.1 MiB   949 KiB/s 00:13 [#####-----------------]  24%..[3F python-lxml-5.1....  1132.7 KiB   496 KiB/s 00:00 [##################----]  84%..[1F python-3.11.8-1-...  1171.8 KiB   365 KiB/s 00:35 [#---------------------]   8%..[4E Total ( 4/24)           4.3 MiB   971 KiB/s 00:13 [#####-----------------]  25%..[3F python-lxml-5.1....  1218.7 KiB   468 KiB/s 00:00 [####################--]  91%..[1F python-3.11.8-1-...  1179.6 KiB   254 KiB/s 00:51 [#---------------------]   8%..[4E Total ( 4/24)           4.4 MiB   678 KiB/s 00:19 [#####-----------------]  25%..[3F python-lxml-5.1....  1249.9 KiB   353 KiB/s 00:00 [####################--]  93%..[1E python-more-iter...     7.7 KiB  31.0   B/s 49:27 [#---------------------]   7%..[1F python-3.11.8-1-...  1179.6 KiB   254 KiB/s 00:51 [#---------------------]   8%..[1F python-lxml-5.1....  1338.0 KiB   206 KiB/s 00:07 [######################] 100%..[1E python-3.11.8-1-...  1281.2 KiB   338 KiB/s 00:38 [#---------------------]   9%..[3E Total ( 5/24)           4.6 MiB   859 KiB/s 00:14 [#####-----------------]  27%..[2F python-3.11.8-1-...  1281.2 KiB   338 KiB/s 00:38 [#---------------------]   9%..[1F python-more-iter...    99.2 KiB  52.4 KiB/s 00:02 [######################] 100%..[2E lzo-2.10-5-x86_64       7.7 KiB  31.0   B/s 43:24 [#---------------------]   8%..[1F python-3.11.8-1-...  1390.5 KiB   391 KiB/s 00:32 [#---------------------]   9%..[2E Total ( 6/24)           4.8 MiB   841 KiB/s 00:14 [######----------------]  28%..[1F lzo-2.10-5-x86_64      70.2 KiB  79.5 KiB/s 00:00 [#################-----]  79%..[1F python-3.11.8-1-...  1539.0 KiB   508 KiB/s 00:24 [##--------------------]  10%..[2E Total ( 6/24)           5.0 MiB   913 KiB/s 00:13 [######----------------]  29%..[1F python-3.11.8-1-...  1539.0 KiB   508 KiB/s 00:24 [##--------------------]  10%..[1F lzo-2.10-5-x86_64      87.8 KiB  49.9 KiB/s 00:02 [######################] 100%..[2E python-typeguard-4.2.1-1-any.
2024-04-18 01:42:18.292625 +0000 build-archlinux43: output:  Total ( 7/24)           5.0 MiB   913 KiB/s 00:13 [######----------------]  29%..
2024-04-18 01:42:18.985428 +0000 build-archlinux43: output: .[3F python-3.11.8-1-...  1812.4 KiB   728 KiB/s 00:16 [##--------------------]  12%..[2E Total ( 7/24)           5.3 MiB  1023 KiB/s 00:11 [######----------------]  30%..[2F python-3.11.8-1-...  1937.4 KiB   678 KiB/s 00:18 [##--------------------]  13%..[2E Total ( 7/24)           5.4 MiB   875 KiB/s 00:13 [######----------------]  31%..[2F python-3.11.8-1-...     2.2 MiB   880 KiB/s 00:13 [###-------------------]  15%..[2E Total ( 7/24)           5.6 MiB  1011 KiB/s 00:11 [#######---------------]  33%..[2F python-3.11.8-1-...     2.3 MiB   803 KiB/s 00:14 [###-------------------]  16%..[2E Total ( 7/24)           5.8 MiB   890 KiB/s 00:12 [#######---------------]  33%. python-inflect-7.2.0-1-any.
2024-04-18 01:42:18.985545 +0000 build-archlinux43: output:  Total ( 7/24)           5.8 MiB   890 KiB/s 00:12 [#######---------------]  33%..
2024-04-18 01:42:18.985631 +0000 build-archlinux43: output: .[1F python-validate-pyproject-0.13-1-any.
2024-04-18 01:42:18.985680 +0000 build-archlinux43: output:  Total ( 7/24)           5.8 MiB   890 KiB/s 00:12 [#######---------------]  33%..
2024-04-18 01:42:19.469525 +0000 build-archlinux43: output: .[5F python-3.11.8-1-...     2.6 MiB  1023 KiB/s 00:11 [###-------------------]  18%..[4E Total ( 7/24)           6.1 MiB  1082 KiB/s 00:10 [#######---------------]  35%..[4F python-3.11.8-1-...     2.8 MiB  1024 KiB/s 00:11 [####------------------]  20%..[4E Total ( 7/24)           6.3 MiB  1062 KiB/s 00:10 [#######---------------]  36%. python-typing_extensions-4.10.0-1-any.
2024-04-18 01:42:19.469666 +0000 build-archlinux43: output:  Total ( 7/24)           6.3 MiB  1062 KiB/s 00:10 [#######---------------]  36%..
2024-04-18 01:42:21.260172 +0000 build-archlinux43: output: .[6F python-3.11.8-1-...     3.0 MiB   998 KiB/s 00:11 [####------------------]  21%..[5E Total ( 7/24)           6.5 MiB  1024 KiB/s 00:10 [########--------------]  38%..[4F python-typeguard...    15.5 KiB  61.0   B/s 18:20 [###-------------------]  18%..[1F python-3.11.8-1-...     3.1 MiB   901 KiB/s 00:12 [####------------------]  22%..[5E Total ( 7/24)           6.6 MiB   968 KiB/s 00:10 [########--------------]  39%..[4F python-3.11.8-1-...     3.1 MiB   901 KiB/s 00:12 [####------------------]  22%..[1F python-typeguard...    82.0 KiB  53.3 KiB/s 00:02 [######################] 100%..[1E python-3.11.8-1-...     3.4 MiB  1011 KiB/s 00:10 [#####-----------------]  24%..[4E Total ( 8/24)           6.9 MiB  1139 KiB/s 00:09 [########--------------]  40%..[4F python-3.11.8-1-...     3.6 MiB  1010 KiB/s 00:10 [#####-----------------]  25%..[4E Total ( 8/24)           7.2 MiB  1095 KiB/s 00:09 [#########-------------]  42%..[3F python-inflect-7...     7.7 KiB  30.0   B/s 38:10 [##--------------------]  10%..[1E python-validate-...     7.7 KiB  30.0   B/s 35:56 [##--------------------]  10%..[2F python-3.11.8-1-...     3.7 MiB   787 KiB/s 00:13 [#####-----------------]  26%..[4E Total ( 8/24)           7.3 MiB   957 KiB/s 00:10 [#########-------------]  42%..[3F python-inflect-7...    54.6 KiB  77.8 KiB/s 00:00 [###############-------]  71%. python-3.11.8-1-...     3.7 MiB   787 KiB/s 00:13 [#####-----------------]  26%..[1F python-inflect-7...    76.2 KiB  51.5 KiB/s 00:01 [######################] 100%..[2E python-3.11.8-1-...     3.7 MiB   787 KiB/s 00:13 [#####-----------------]  26%..[1F python-validate-...    72.1 KiB  48.7 KiB/s 00:01 [######################] 100%..[1E python-3.11.8-1-...     3.8 MiB   818 KiB/s 00:12 [#####-----------------]  27%..[2E Total (10/24)           7.6 MiB  1049 KiB/s 00:09 [#########-------------]  44%..[2F python-3.11.8-1-...     4.0 MiB   696 KiB/s 00:14 [######----------------]  28%..[2E Total (10/24)           7.7 MiB   850 KiB/s 00:11 [#########-------------]  45%..[1F python-typing_ex...     7.7 KiB  30.0   B/s 34:11 [##--------------------]  11%. python-3.11.8-1-...     4.0 MiB   696 KiB/s 00:14 [######----------------]  28%..[1F python-typing_ex...    68.6 KiB  44.5 KiB/s 00:02 [######################] 100%..[1E python-3.11.8-1-...     4.2 MiB   794 KiB/s 00:12 [######----------------]  30%..[1E Total (11/24)           7.9 MiB  1000 KiB/s 00:09 [##########------------]  46%. python-fastjsonschema-2.19.1-1-any.
2024-04-18 01:42:21.260298 +0000 build-archlinux43: output:  Total (11/24)           7.9 MiB  1000 KiB/s 00:09 [##########------------]  46%..
2024-04-18 01:42:21.810210 +0000 build-archlinux43: output: .[3F python-3.11.8-1-...     4.5 MiB  1067 KiB/s 00:08 [#######---------------]  32%..[2E Total (11/24)           8.3 MiB  1201 KiB/s 00:07 [##########------------]  48%..[2F python-3.11.8-1-...     4.7 MiB  1046 KiB/s 00:08 [#######---------------]  34%..[2E Total (11/24)           8.5 MiB  1138 KiB/s 00:07 [###########-----------]  50%..[2F python-3.11.8-1-...     5.1 MiB  1155 KiB/s 00:07 [#######---------------]  36%..[2E Total (11/24)           8.8 MiB  1216 KiB/s 00:06 [###########-----------]  52%. yajl-2.1.0-6-x86_64.
2024-04-18 01:42:21.810338 +0000 build-archlinux43: output:  Total (11/24)           8.8 MiB  1216 KiB/s 00:06 [###########-----------]  52%..
2024-04-18 01:42:21.810427 +0000 build-archlinux43: output: .[1F python-platformdirs-4.2.0-1-any.
2024-04-18 01:42:21.810464 +0000 build-archlinux43: output:  Total (11/24)           8.8 MiB  1216 KiB/s 00:06 [###########-----------]  52%..
2024-04-18 01:42:24.929888 +0000 build-archlinux43: output: .[5F python-3.11.8-1-...     5.2 MiB  1053 KiB/s 00:08 [########--------------]  37%..[4E Total (11/24)           9.0 MiB  1093 KiB/s 00:07 [###########-----------]  53%..[4F python-3.11.8-1-...     5.6 MiB  1265 KiB/s 00:06 [########--------------]  40%..[4E Total (11/24)           9.4 MiB  1292 KiB/s 00:06 [############----------]  55%..[4F python-3.11.8-1-...     5.7 MiB   958 KiB/s 00:08 [########--------------]  40%..[4E Total (11/24)           9.4 MiB   976 KiB/s 00:07 [############----------]  55%..[4F python-3.11.8-1-...     5.7 MiB   776 KiB/s 00:10 [#########-------------]  41%..[4E Total (11/24)           9.5 MiB   788 KiB/s 00:09 [############----------]  56%..[4F python-3.11.8-1-...     5.8 MiB   567 KiB/s 00:14 [#########-------------]  41%..[4E Total (11/24)           9.6 MiB   575 KiB/s 00:13 [############----------]  56%..[4F python-3.11.8-1-...     5.8 MiB   378 KiB/s 00:21 [#########-------------]  41%..[4E Total (11/24)           9.6 MiB   383 KiB/s 00:19 [############----------]  56%..[4F python-3.11.8-1-...     5.8 MiB   252 KiB/s 00:32 [#########-------------]  41%..[4E Total (11/24)           9.6 MiB   255 KiB/s 00:29 [############----------]  56%..[4F python-3.11.8-1-...     5.8 MiB   168 KiB/s 00:49 [#########-------------]  41%..[4E Total (11/24)           9.6 MiB   170 KiB/s 00:44 [############----------]  56%..[4F python-3.11.8-1-...     5.8 MiB   123 KiB/s 01:06 [#########-------------]  41%..[4E Total (11/24)           9.6 MiB   125 KiB/s 01:00 [############----------]  56%..[3F python-fastjsons...    39.0 KiB   146   B/s 01:19 [################------]  77%..[3E python-tomli-2.0.1-3-any.
2024-04-18 01:42:24.929960 +0000 build-archlinux43: output:  Total (11/24)           9.6 MiB   125 KiB/s 01:00 [############----------]  56%..
2024-04-18 01:42:26.200220 +0000 build-archlinux43: output: .[5F python-3.11.8-1-...     5.8 MiB   123 KiB/s 01:06 [#########-------------]  41%..[1F python-fastjsons...    50.4 KiB  13.7 KiB/s 00:04 [######################] 100%..[1E python-3.11.8-1-...     5.9 MiB   252 KiB/s 00:32 [#########-------------]  42%..[4E Total (12/24)           9.7 MiB   331 KiB/s 00:22 [############----------]  57%..[4F python-3.11.8-1-...     6.0 MiB   284 KiB/s 00:28 [#########-------------]  43%..[4E Total (12/24)           9.8 MiB   337 KiB/s 00:21 [############----------]  57%..[3F yajl-2.1.0-6-x86_64    15.5 KiB  58.0   B/s 10:09 [######----------------]  31%..[1F python-3.11.8-1-...     6.2 MiB   422 KiB/s 00:18 [#########-------------]  44%..[4E Total (12/24)          10.0 MiB   483 KiB/s 00:14 [############----------]  59%..[3F yajl-2.1.0-6-x86_64    23.4 KiB  12.1 KiB/s 00:02 [##########------------]  46%..[1E python-platformd...    23.4 KiB  86.0   B/s 01:51 [###############-------]  71%..[1F python-3.11.8-1-...     6.2 MiB   422 KiB/s 00:18 [#########-------------]  44%..[1F yajl-2.1.0-6-x86_64    50.1 KiB  12.6 KiB/s 00:04 [######################] 100%..[2E python-3.11.8-1-...     6.2 MiB   422 KiB/s 00:18 [#########-------------]  44%..[1F python-platformd...    32.8 KiB  8.28 KiB/s 00:04 [######################] 100%..[1E python-3.11.8-1-...     6.3 MiB   508 KiB/s 00:15 [#########-------------]  45%..[2E Total (14/24)          10.3 MiB   624 KiB/s 00:11 [#############---------]  60%..[2F python-3.11.8-1-...     6.6 MiB   743 KiB/s 00:09 [##########------------]  47%..[2E Total (14/24)          10.5 MiB   820 KiB/s 00:08 [#############---------]  61%..[1F python-tomli-2.0...    27.6 KiB   102   B/s 00:00 [######################] 100%. python-3.11.8-1-...     6.6 MiB   743 KiB/s 00:09 [##########------------]  47%..[1F python-tomli-2.0...    27.6 KiB  21.7 KiB/s 00:01 [######################] 100%..[2E python-autocommand-2.2.2-4-any.
2024-04-18 01:42:26.200381 +0000 build-archlinux43: output:  Total (15/24)          10.5 MiB   820 KiB/s 00:08 [#############---------]  61%..
2024-04-18 01:42:27.250389 +0000 build-archlinux43: output: .[3F python-3.11.8-1-...     6.7 MiB   687 KiB/s 00:10 [##########------------]  48%..[2E Total (15/24)          10.6 MiB   781 KiB/s 00:08 [#############---------]  62%..[2F python-3.11.8-1-...     6.8 MiB   520 KiB/s 00:13 [##########------------]  48%..[2E Total (15/24)          10.7 MiB   583 KiB/s 00:11 [#############---------]  62%..[2F python-3.11.8-1-...     7.0 MiB   697 KiB/s 00:10 [###########-----------]  50%..[2E Total (15/24)          10.9 MiB   739 KiB/s 00:08 [##############--------]  64%..[2F python-3.11.8-1-...     7.2 MiB   726 KiB/s 00:09 [###########-----------]  51%..[2E Total (15/24)          11.1 MiB   753 KiB/s 00:07 [##############--------]  65%..[2F python-3.11.8-1-...     7.3 MiB   659 KiB/s 00:10 [###########-----------]  52%..[2E Total (15/24)          11.2 MiB   677 KiB/s 00:08 [##############--------]  65%. python-jaraco.text-3.12.0-1-any.
2024-04-18 01:42:27.250520 +0000 build-archlinux43: output:  Total (15/24)          11.2 MiB   677 KiB/s 00:08 [##############--------]  65%..
2024-04-18 01:42:27.250670 +0000 build-archlinux43: output: .[1F python-trove-classifiers-2024.3.25-1-any.
2024-04-18 01:42:27.250719 +0000 build-archlinux43: output:  Total (15/24)          11.2 MiB   677 KiB/s 00:08 [##############--------]  65%..
2024-04-18 01:42:28.790338 +0000 build-archlinux43: output: .[5F python-3.11.8-1-...     7.4 MiB   667 KiB/s 00:09 [###########-----------]  53%..[4E Total (15/24)          11.3 MiB   679 KiB/s 00:08 [##############--------]  66%..[4F python-3.11.8-1-...     7.5 MiB   647 KiB/s 00:10 [###########-----------]  54%..[4E Total (15/24)          11.5 MiB   655 KiB/s 00:08 [##############--------]  67%..[4F python-3.11.8-1-...     7.6 MiB   484 KiB/s 00:13 [###########-----------]  54%..[4E Total (15/24)          11.5 MiB   490 KiB/s 00:11 [##############--------]  68%..[4F python-3.11.8-1-...     7.6 MiB   387 KiB/s 00:16 [############----------]  55%..[4E Total (15/24)          11.6 MiB   391 KiB/s 00:14 [##############--------]  68%..[4F python-3.11.8-1-...     7.9 MiB   761 KiB/s 00:07 [############----------]  57%..[4E Total (15/24)          11.9 MiB   763 KiB/s 00:06 [###############-------]  69%..[4F python-3.11.8-1-...     8.0 MiB   554 KiB/s 00:10 [############----------]  57%..[4E Total (15/24)          11.9 MiB   556 KiB/s 00:09 [###############-------]  70%..[3F python-autocomma...     7.7 KiB  27.0   B/s 08:58 [#######---------------]  34%..[3E python-jaraco.functools-4.0.0-1-any.
2024-04-18 01:42:28.790565 +0000 build-archlinux43: output:  Total (15/24)          11.9 MiB   556 KiB/s 00:09 [###############-------]  70%..
2024-04-18 01:42:33.247342 +0000 build-archlinux43: output: .[5F python-3.11.8-1-...     8.0 MiB   554 KiB/s 00:10 [############----------]  57%..[1F python-autocomma...    22.4 KiB  8.59 KiB/s 00:03 [######################] 100%..[1E python-3.11.8-1-...     8.2 MiB   753 KiB/s 00:07 [############----------]  59%..[4E Total (16/24)          12.2 MiB   788 KiB/s 00:06 [###############-------]  71%..[4F python-3.11.8-1-...     8.3 MiB   577 KiB/s 00:09 [############----------]  59%..[4E Total (16/24)          12.2 MiB   600 KiB/s 00:08 [###############-------]  72%..[4F python-3.11.8-1-...     8.4 MiB   484 KiB/s 00:11 [#############---------]  60%..[4E Total (16/24)          12.3 MiB   499 KiB/s 00:09 [###############-------]  72%..[4F python-3.11.8-1-...     8.4 MiB   323 KiB/s 00:17 [#############---------]  60%..[4E Total (16/24)          12.3 MiB   333 KiB/s 00:14 [###############-------]  72%..[4F python-3.11.8-1-...     8.4 MiB   215 KiB/s 00:26 [#############---------]  60%..[4E Total (16/24)          12.3 MiB   222 KiB/s 00:21 [###############-------]  72%..[4F python-3.11.8-1-...     8.4 MiB   143 KiB/s 00:39 [#############---------]  60%..[4E Total (16/24)          12.3 MiB   148 KiB/s 00:32 [###############-------]  72%..[4F python-3.11.8-1-...     8.4 MiB  95.6 KiB/s 00:58 [#############---------]  60%..[4E Total (16/24)          12.3 MiB  98.6 KiB/s 00:48 [###############-------]  72%..[4F python-3.11.8-1-...     8.4 MiB  88.4 KiB/s 01:03 [#############---------]  60%..[4E Total (16/24)          12.3 MiB  90.4 KiB/s 00:52 [###############-------]  72%..[4F python-3.11.8-1-...     8.4 MiB  78.0 KiB/s 01:11 [#############---------]  60%..[4E Total (16/24)          12.3 MiB  79.4 KiB/s 00:59 [###############-------]  72%..[4F python-3.11.8-1-...     8.4 MiB   126 KiB/s 00:44 [#############---------]  60%..[4E Total (16/24)          12.4 MiB   127 KiB/s 00:37 [################------]  73%..[3F python-jaraco.te...    20.5 KiB  71.0   B/s 00:00 [######################] 100%. python-3.11.8-1-...     8.4 MiB   126 KiB/s 00:44 [#############---------]  60%..[1F python-jaraco.te...    20.5 KiB  4.24 KiB/s 00:05 [######################] 100%..[1E python-3.11.8-1-...     9.2 MiB  1412 KiB/s 00:03 [##############--------]  66%..[3E Total (17/24)          13.2 MiB  1446 KiB/s 00:02 [################------]  77%..[2F python-trove-cla...     7.7 KiB  26.0   B/s 07:03 [#########-------------]  41%. python-3.11.8-1-...     9.2 MiB  1412 KiB/s 00:03 [##############--------]  66%..[1F python-trove-cla...    18.8 KiB  3.72 KiB/s 00:05 [######################] 100%..[1E python-3.11.8-1-...     9.4 MiB  1173 KiB/s 00:03 [##############--------]  67%..[2E Total (18/24)          13.4 MiB  1227 KiB/s 00:03 [#################-----]  78%..[2F python-3.11.8-1-...     9.5 MiB   967 KiB/s 00:04 [##############--------]  68%..[2E Total (18/24)          13.5 MiB  1003 KiB/s 00:03 [#################-----]  79%..[2F python-3.11.8-1-...     9.6 MiB   787 KiB/s 00:05 [###############-------]  69%..[2E Total (18/24)          13.6 MiB   811 KiB/s 00:04 [#################-----]  79%..[2F python-3.11.8-1-...     9.6 MiB   557 KiB/s 00:07 [###############-------]  69%..[2E Total (18/24)          13.6 MiB   573 KiB/s 00:06 [#################-----]  80%..[2F python-3.11.8-1-...     9.8 MiB   675 KiB/s 00:06 [###############-------]  70%..[2E Total (18/24)          13.8 MiB   685 KiB/s 00:04 [#################-----]  81%. bridge-utils-1.7.1-2-x86_64.
2024-04-18 01:42:33.247516 +0000 build-archlinux43: output:  Total (18/24)          13.8 MiB   685 KiB/s 00:04 [#################-----]  81%..
2024-04-18 01:42:36.220050 +0000 build-archlinux43: output: .[3F python-jaraco.fu...    17.1 KiB  58.0   B/s 00:00 [######################] 100%. python-3.11.8-1-...     9.8 MiB   675 KiB/s 00:06 [###############-------]  70%..[1F python-jaraco.fu...    17.1 KiB  3.83 KiB/s 00:04 [######################] 100%..[1E python-3.11.8-1-...    10.0 MiB   794 KiB/s 00:04 [###############-------]  72%..[2E Total (19/24)          14.0 MiB   826 KiB/s 00:03 [##################----]  82%..[2F python-3.11.8-1-...    10.0 MiB   540 KiB/s 00:07 [###############-------]  72%..[2E Total (19/24)          14.0 MiB   561 KiB/s 00:05 [##################----]  82%..[2F python-3.11.8-1-...    10.0 MiB   371 KiB/s 00:10 [###############-------]  72%..[2E Total (19/24)          14.0 MiB   385 KiB/s 00:07 [##################----]  82%..[2F python-3.11.8-1-...    10.0 MiB   272 KiB/s 00:14 [###############-------]  72%..[2E Total (19/24)          14.0 MiB   281 KiB/s 00:10 [##################----]  82%..[2F python-3.11.8-1-...    10.0 MiB   181 KiB/s 00:21 [###############-------]  72%..[2E Total (19/24)          14.0 MiB   187 KiB/s 00:15 [##################----]  82%..[2F python-3.11.8-1-...    10.1 MiB   254 KiB/s 00:15 [################------]  73%..[2E Total (19/24)          14.1 MiB   258 KiB/s 00:11 [##################----]  83%..[2F python-3.11.8-1-...    10.2 MiB   239 KiB/s 00:15 [################------]  73%..[2E Total (19/24)          14.2 MiB   242 KiB/s 00:11 [##################----]  83%..[2F python-3.11.8-1-...    10.6 MiB   773 KiB/s 00:04 [################------]  76%..[2E Total (19/24)          14.6 MiB   775 KiB/s 00:03 [##################----]  86%..[2F python-3.11.8-1-...    10.8 MiB   802 KiB/s 00:03 [################------]  77%..[2E Total (19/24)          14.8 MiB   803 KiB/s 00:02 [###################---]  87%..[2F python-3.11.8-1-...    10.9 MiB   756 KiB/s 00:03 [#################-----]  78%..[2E Total (19/24)          14.9 MiB   756 KiB/s 00:02 [###################---]  88%..[2F python-3.11.8-1-...    11.2 MiB   894 KiB/s 00:03 [#################-----]  80%..[2E Total (19/24)          15.2 MiB   895 KiB/s 00:02 [###################---]  89%. python-ordered-set-4.1.0-4-any.
2024-04-18 01:42:36.220213 +0000 build-archlinux43: output:  Total (19/24)          15.2 MiB   895 KiB/s 00:02 [###################---]  89%..
2024-04-18 01:42:36.237610 +0000 build-archlinux43: output: .[1F python-jaraco.context-4.3.0-3-any.
2024-04-18 01:42:36.237709 +0000 build-archlinux43: output:  Total (19/24)          15.2 MiB   895 KiB/s 00:02 [###################---]  89%..
2024-04-18 01:42:36.923248 +0000 build-archlinux43: output: .[5F python-3.11.8-1-...    11.4 MiB   953 KiB/s 00:02 [##################----]  82%..[4E Total (19/24)          15.4 MiB   953 KiB/s 00:01 [###################---]  90%..[4F python-3.11.8-1-...    11.5 MiB   798 KiB/s 00:03 [##################----]  82%..[4E Total (19/24)          15.5 MiB   798 KiB/s 00:01 [####################--]  91%..[4F python-3.11.8-1-...    11.6 MiB   669 KiB/s 00:03 [##################----]  84%..[4E Total (19/24)          15.6 MiB   670 KiB/s 00:02 [####################--]  92%. qubes-libvchan-xen-4.2.3-1-x86_64.
2024-04-18 01:42:36.923372 +0000 build-archlinux43: output:  Total (19/24)          15.6 MiB   670 KiB/s 00:02 [####################--]  92%..
2024-04-18 01:42:46.701137 +0000 build-archlinux43: output: .[2F qubes-libvchan-x...     8.5 KiB  28.0   B/s 00:00 [######################] 100%. python-3.11.8-1-...    11.6 MiB   669 KiB/s 00:03 [##################----]  84%..[4F qubes-libvchan-x...     8.5 KiB  1060 KiB/s 00:00 [######################] 100%..[1E bridge-utils-1.7...     7.7 KiB  25.0   B/s 05:37 [##########------------]  47%. bridge-utils-1.7...    16.2 KiB  4.30 KiB/s 00:04 [######################] 100%..[3E python-3.11.8-1-...    11.9 MiB   824 KiB/s 00:02 [##################----]  85%..[1E Total (21/24)          15.9 MiB   864 KiB/s 00:01 [####################--]  93%..[1F python-3.11.8-1-...    12.1 MiB   908 KiB/s 00:01 [###################---]  87%..[1E Total (21/24)          16.1 MiB   934 KiB/s 00:00 [####################--]  95%..[1F python-3.11.8-1-...    12.2 MiB   791 KiB/s 00:02 [###################---]  88%..[1E Total (21/24)          16.2 MiB   809 KiB/s 00:00 [####################--]  95%..[1F python-3.11.8-1-...    12.3 MiB   678 KiB/s 00:02 [###################---]  88%..[1E Total (21/24)          16.4 MiB   689 KiB/s 00:00 [#####################-]  96%..[1F python-3.11.8-1-...    12.4 MiB   542 KiB/s 00:02 [###################---]  89%..[1E Total (21/24)          16.4 MiB   550 KiB/s 00:01 [#####################-]  96%..[1F python-3.11.8-1-...    12.5 MiB   634 KiB/s 00:02 [###################---]  90%..[1E Total (21/24)          16.6 MiB   641 KiB/s 00:00 [#####################-]  97%..[1F python-3.11.8-1-...    12.8 MiB   786 KiB/s 00:01 [####################--]  92%..[1E Total (21/24)          16.8 MiB   790 KiB/s 00:00 [#####################-]  98%..[1F python-3.11.8-1-...    13.1 MiB   993 KiB/s 00:00 [####################--]  94%..[1E Total (21/24)          17.1 MiB   996 KiB/s 00:00 [######################] 100%..[1F python-3.11.8-1-...    13.2 MiB   960 KiB/s 00:00 [####################--]  95%..[1E Total (21/24)          17.3 MiB   962 KiB/s 00:00 [######################] 101%..[3F python-ordered-s...     7.7 KiB  25.0   B/s 05:28 [##########------------]  48%. python-ordered-s...    15.8 KiB  6.08 KiB/s 00:03 [######################] 100%..[1E python-jaraco.co...    11.4 KiB  37.0   B/s 00:00 [######################] 100%. python-jaraco.co...    11.4 KiB  4.32 KiB/s 00:03 [######################] 100%..[1E python-3.11.8-1-...    13.5 MiB  1093 KiB/s 00:00 [#####################-]  97%..[1E Total (23/24)          17.6 MiB  1140 KiB/s 00:00 [######################] 103%..[1F python-3.11.8-1-...    13.8 MiB  1206 KiB/s 00:00 [#####################-]  99%..[1E Total (23/24)          17.9 MiB  1237 KiB/s 00:00 [######################] 105%..[1F python-3.11.8-1-...    13.8 MiB   878 KiB/s 00:00 [######################] 100%..[1E Total (23/24)          17.9 MiB   899 KiB/s --:-- [######################] 105%..[1F python-3.11.8-1-...    13.8 MiB   484 KiB/s 00:29 [######################] 100%..[1E Total (24/24)          17.0 MiB   488 KiB/s 00:36 [######################] 100%..
2024-04-18 01:42:46.813581 +0000 build-archlinux43: output: ( 0/24) checking keys in keyring                   [----------------------]   0%.( 1/24) checking keys in keyring                   [----------------------]   4%.( 2/24) checking keys in keyring                   [#---------------------]   8%.( 3/24) checking keys in keyring                   [##--------------------]  12%.( 4/24) checking keys in keyring                   [###-------------------]  16%.( 5/24) checking keys in keyring                   [####------------------]  20%.( 6/24) checking keys in keyring                   [#####-----------------]  25%.( 7/24) checking keys in keyring                   [######----------------]  29%.( 8/24) checking keys in keyring                   [#######---------------]  33%.( 9/24) checking keys in keyring                   [########--------------]  37%.(10/24) checking keys in keyring                   [#########-------------]  41%.(11/24) checking keys in keyring                   [#########-------------]  45%.(12/24) checking keys in keyring                   [###########-----------]  50%.(13/24) checking keys in keyring                   [###########-----------]  54%.(14/24) checking keys in keyring                   [############----------]  58%.(15/24) checking keys in keyring                   [#############---------]  62%.(16/24) checking keys in keyring                   [##############--------]  66%.(17/24) checking keys in keyring                   [###############-------]  70%.(18/24) checking keys in keyring                   [################------]  75%.(19/24) checking keys in keyring                   [#################-----]  79%.(20/24) checking keys in keyring                   [##################----]  83%.(21/24) checking keys in keyring                   [###################---]  87%.(22/24) checking keys in keyring                   [####################--]  91%.(23/24) checking keys in keyring                   [####################--]  95%.(24/24) checking keys in keyring                   [######################] 100%..
2024-04-18 01:42:47.338147 +0000 build-archlinux43: output: ( 0/24) checking package integrity                 [----------------------]   0%.( 1/24) checking package integrity                 [################------]  77%.( 2/24) checking package integrity                 [################------]  77%.( 3/24) checking package integrity                 [################------]  77%.( 4/24) checking package integrity                 [#################-----]  78%.( 5/24) checking package integrity                 [#################-----]  78%.( 6/24) checking package integrity                 [#################-----]  78%.( 7/24) checking package integrity                 [#################-----]  78%.( 8/24) checking package integrity                 [#################-----]  79%.( 9/24) checking package integrity                 [#################-----]  79%.(10/24) checking package integrity                 [#################-----]  79%.(11/24) checking package integrity                 [#################-----]  80%.(12/24) checking package integrity                 [#################-----]  80%.(13/24) checking package integrity                 [#################-----]  80%.(14/24) checking package integrity                 [#################-----]  80%.(15/24) checking package integrity                 [#################-----]  80%.(16/24) checking package integrity                 [#################-----]  81%.(17/24) checking package integrity                 [##################----]  85%.(18/24) checking package integrity                 [##################----]  85%.(19/24) checking package integrity                 [##################----]  86%.(20/24) checking package integrity                 [####################--]  94%.(21/24) checking package integrity                 [####################--]  94%.(22/24) checking package integrity                 [####################--]  94%.(23/24) checking package integrity                 [#####################-]  99%.(24/24) checking package integrity                 [######################] 100%..
2024-04-18 01:42:47.374075 +0000 build-archlinux43: output: ( 0/24) loading package files                      [----------------------]   0%.( 1/24) loading package files                      [################------]  77%.( 2/24) loading package files                      [################------]  77%.( 3/24) loading package files                      [################------]  77%.( 4/24) loading package files                      [#################-----]  78%.( 5/24) loading package files                      [#################-----]  78%.( 6/24) loading package files                      [#################-----]  78%.( 7/24) loading package files                      [#################-----]  78%.( 8/24) loading package files                      [#################-----]  79%.( 9/24) loading package files                      [#################-----]  79%.(10/24) loading package files                      [#################-----]  79%.(11/24) loading package files                      [#################-----]  80%.(12/24) loading package files                      [#################-----]  80%.(13/24) loading package files                      [#################-----]  80%.(14/24) loading package files                      [#################-----]  80%.(15/24) loading package files                      [#################-----]  80%.(16/24) loading package files                      [#################-----]  81%.(17/24) loading package files                      [##################----]  85%.(18/24) loading package files                      [##################----]  85%.(19/24) loading package files                      [##################----]  86%.(20/24) loading package files                      [####################--]  94%.(21/24) loading package files                      [####################--]  94%.(22/24) loading package files                      [####################--]  94%.(23/24) loading package files                      [#####################-]  99%.(24/24) loading package files                      [######################] 100%..
2024-04-18 01:42:47.381882 +0000 build-archlinux43: output: ( 0/24) checking for file conflicts                [----------------------]   0%.( 1/24) checking for file conflicts                [----------------------]   4%.( 2/24) checking for file conflicts                [#---------------------]   8%.( 3/24) checking for file conflicts                [##--------------------]  12%.( 4/24) checking for file conflicts                [###-------------------]  16%.( 5/24) checking for file conflicts                [####------------------]  20%.( 6/24) checking for file conflicts                [#####-----------------]  25%.( 7/24) checking for file conflicts                [######----------------]  29%.( 8/24) checking for file conflicts                [#######---------------]  33%.( 9/24) checking for file conflicts                [########--------------]  37%.(10/24) checking for file conflicts                [#########-------------]  41%.(11/24) checking for file conflicts                [#########-------------]  45%.(12/24) checking for file conflicts                [###########-----------]  50%.(13/24) checking for file conflicts                [###########-----------]  54%.(14/24) checking for file conflicts                [############----------]  58%.(15/24) checking for file conflicts                [#############---------]  62%.(16/24) checking for file conflicts                [##############--------]  66%.(17/24) checking for file conflicts                [###############-------]  70%.(18/24) checking for file conflicts                [################------]  75%.(19/24) checking for file conflicts                [#################-----]  79%.(20/24) checking for file conflicts                [##################----]  83%.(21/24) checking for file conflicts                [###################---]  87%.(22/24) checking for file conflicts                [####################--]  91%.(23/24) checking for file conflicts                [####################--]  95%.(24/24) checking for file conflicts                [######################] 100%..
2024-04-18 01:42:47.382913 +0000 build-archlinux43: output: :: Processing package changes....
2024-04-18 01:42:47.761496 +0000 build-archlinux43: output: ( 1/24) installing python                          [----------------------]   0%.( 1/24) installing python                          [----------------------]   0%.( 1/24) installing python                          [----------------------]   0%.( 1/24) installing python                          [######################] 100%..
2024-04-18 01:42:47.769502 +0000 build-archlinux43: output: Optional dependencies for python.
2024-04-18 01:42:47.769570 +0000 build-archlinux43: output:     python-setuptools: for building Python packages using tooling that is.
2024-04-18 01:42:47.769591 +0000 build-archlinux43: output:     usually bundled with Python [pending].
2024-04-18 01:42:47.769610 +0000 build-archlinux43: output:     python-pip: for installing Python packages using tooling that is usually.
2024-04-18 01:42:47.769625 +0000 build-archlinux43: output:     bundled with Python.
2024-04-18 01:42:47.769642 +0000 build-archlinux43: output:     python-pipx: for installing Python software not packaged on Arch Linux.
2024-04-18 01:42:47.770131 +0000 build-archlinux43: output:     sqlite: for a default database integration [installed].
2024-04-18 01:42:47.770194 +0000 build-archlinux43: output:     mpdecimal: for decimal.
2024-04-18 01:42:47.770213 +0000 build-archlinux43: output:     xz: for lzma [installed].
2024-04-18 01:42:47.770229 +0000 build-archlinux43: output:     tk: for tkinter.
2024-04-18 01:42:47.773039 +0000 build-archlinux43: output: ( 2/24) installing python-more-itertools           [----------------------]   0%.( 2/24) installing python-more-itertools           [######################] 100%..
2024-04-18 01:42:47.773108 +0000 build-archlinux43: output: ( 3/24) installing python-jaraco.functools         [----------------------]   0%.( 3/24) installing python-jaraco.functools         [######################] 100%..
2024-04-18 01:42:47.774296 +0000 build-archlinux43: output: ( 4/24) installing python-jaraco.context           [----------------------]   0%.( 4/24) installing python-jaraco.context           [######################] 100%..
2024-04-18 01:42:47.775629 +0000 build-archlinux43: output: ( 5/24) installing python-autocommand              [----------------------]   0%.( 5/24) installing python-autocommand              [######################] 100%..
2024-04-18 01:42:47.779034 +0000 build-archlinux43: output: ( 6/24) installing python-typing_extensions        [----------------------]   0%.( 6/24) installing python-typing_extensions        [######################] 100%..
2024-04-18 01:42:47.782605 +0000 build-archlinux43: output: ( 7/24) installing python-typeguard                [----------------------]   0%.( 7/24) installing python-typeguard                [######################] 100%..
2024-04-18 01:42:47.785591 +0000 build-archlinux43: output: ( 8/24) installing python-inflect                  [----------------------]   0%.( 8/24) installing python-inflect                  [######################] 100%..
2024-04-18 01:42:47.788463 +0000 build-archlinux43: output: ( 9/24) installing python-jaraco.text              [----------------------]   0%.( 9/24) installing python-jaraco.text              [######################] 100%..
2024-04-18 01:42:47.788880 +0000 build-archlinux43: output: (10/24) installing python-ordered-set              [----------------------]   0%.(10/24) installing python-ordered-set              [######################] 100%..
2024-04-18 01:42:47.794210 +0000 build-archlinux43: output: (11/24) installing python-packaging                [----------------------]   0%.(11/24) installing python-packaging                [######################] 100%..
2024-04-18 01:42:47.797206 +0000 build-archlinux43: output: (12/24) installing python-platformdirs             [----------------------]   0%.(12/24) installing python-platformdirs             [######################] 100%..
2024-04-18 01:42:47.799493 +0000 build-archlinux43: output: (13/24) installing python-tomli                    [----------------------]   0%.(13/24) installing python-tomli                    [######################] 100%..
2024-04-18 01:42:47.802570 +0000 build-archlinux43: output: (14/24) installing python-fastjsonschema           [----------------------]   0%.(14/24) installing python-fastjsonschema           [######################] 100%..
2024-04-18 01:42:47.804902 +0000 build-archlinux43: output: (15/24) installing python-trove-classifiers        [----------------------]   0%.(15/24) installing python-trove-classifiers        [######################] 100%..
2024-04-18 01:42:47.808567 +0000 build-archlinux43: output: (16/24) installing python-validate-pyproject       [----------------------]   0%.(16/24) installing python-validate-pyproject       [######################] 100%..
2024-04-18 01:42:47.847075 +0000 build-archlinux43: output: (17/24) installing python-setuptools               [----------------------]   0%.(17/24) installing python-setuptools               [######################] 100%..
2024-04-18 01:42:47.848104 +0000 build-archlinux43: output: (18/24) installing bridge-utils                    [----------------------]   0%.(18/24) installing bridge-utils                    [######################] 100%..
2024-04-18 01:42:47.853720 +0000 build-archlinux43: output: (19/24) installing libxslt                         [----------------------]   0%.(19/24) installing libxslt                         [######################] 100%..
2024-04-18 01:42:47.854276 +0000 build-archlinux43: output: Optional dependencies for libxslt.
2024-04-18 01:42:47.854310 +0000 build-archlinux43: output:     python: Python bindings [installed].
2024-04-18 01:42:47.879502 +0000 build-archlinux43: output: (20/24) installing python-lxml                     [----------------------]   0%.(20/24) installing python-lxml                     [######################] 100%..
2024-04-18 01:42:47.881194 +0000 build-archlinux43: output: Optional dependencies for python-lxml.
2024-04-18 01:42:47.881279 +0000 build-archlinux43: output:     python-beautifulsoup4: support for beautifulsoup parser to parse not well.
2024-04-18 01:42:47.881299 +0000 build-archlinux43: output:     formed HTML.
2024-04-18 01:42:47.882046 +0000 build-archlinux43: output:     python-cssselect: support for cssselect.
2024-04-18 01:42:47.882108 +0000 build-archlinux43: output:     python-html5lib: support for html5lib parser.
2024-04-18 01:42:47.882127 +0000 build-archlinux43: output:     python-lxml-docs: offline docs.
2024-04-18 01:42:47.883956 +0000 build-archlinux43: output: (21/24) installing lzo                             [----------------------]   0%.(21/24) installing lzo                             [######################] 100%..
2024-04-18 01:42:47.886246 +0000 build-archlinux43: output: (22/24) installing yajl                            [----------------------]   0%.(22/24) installing yajl                            [######################] 100%..
2024-04-18 01:42:47.910998 +0000 build-archlinux43: output: (23/24) installing qubes-vm-xen                    [----------------------]   0%.(23/24) installing qubes-vm-xen                    [######################] 100%..
2024-04-18 01:42:47.912400 +0000 build-archlinux43: output: (24/24) installing qubes-libvchan-xen              [----------------------]   0%.(24/24) installing qubes-libvchan-xen              [######################] 100%..
2024-04-18 01:42:48.098758 +0000 build-archlinux43: output: .[?25h.[1m.[32m==>.[0m.[1m Checking buildtime dependencies....[0m.
2024-04-18 01:42:48.107758 +0000 build-archlinux43: output: .[1m.[32m==>.[0m.[1m Retrieving sources....[0m.
2024-04-18 01:42:48.119927 +0000 build-archlinux43: output: .[1m.[34m  ->.[0m.[1m Found qubes-db-vm-4.2.4-1.tar.gz.[0m.
2024-04-18 01:42:48.135380 +0000 build-archlinux43: output: .[1m.[33m==> WARNING:.[0m.[1m Skipping all source file integrity checks..[0m.
2024-04-18 01:42:48.146847 +0000 build-archlinux43: output: .[1m.[32m==>.[0m.[1m Extracting sources....[0m.
2024-04-18 01:42:48.199639 +0000 build-archlinux43: output: .[1m.[34m  ->.[0m.[1m Extracting qubes-db-vm-4.2.4-1.tar.gz with bsdtar.[0m.
2024-04-18 01:42:48.282324 +0000 build-archlinux43: output: .[1m.[32m==>.[0m.[1m Starting build()....[0m.
2024-04-18 01:42:48.293533 +0000 build-archlinux43: output: make -C daemon.
2024-04-18 01:42:48.295678 +0000 build-archlinux43: output: make[1]: Entering directory '/build/qubes-db-vm/src/qubes-db-vm-4.2.4-1/daemon'.
2024-04-18 01:42:48.302280 +0000 build-archlinux43: output: cc -march=x86-64 -mtune=generic -O2 -pipe -fno-plt -fexceptions         -Wp,-D_FORTIFY_SOURCE=2 -Wformat -Werror=format-security         -fstack-clash-protection -fcf-protection -flto=auto -I../include -I. -g -Wall -Werror -pie -fPIC -O2 `pkg-config --cflags vchan` `pkg-config --cflags libsystemd || pkg-config --cflags libsystemd-daemon` -DHAVE_SYSTEMD -DBACKEND_VMM_xen   -c -o db-cmds.o db-cmds.c.
2024-04-18 01:42:48.370666 +0000 build-archlinux43: output: cc -march=x86-64 -mtune=generic -O2 -pipe -fno-plt -fexceptions         -Wp,-D_FORTIFY_SOURCE=2 -Wformat -Werror=format-security         -fstack-clash-protection -fcf-protection -flto=auto -I../include -I. -g -Wall -Werror -pie -fPIC -O2 `pkg-config --cflags vchan` `pkg-config --cflags libsystemd || pkg-config --cflags libsystemd-daemon` -DHAVE_SYSTEMD -DBACKEND_VMM_xen   -c -o db-daemon.o db-daemon.c.
2024-04-18 01:42:48.481398 +0000 build-archlinux43: output: cc -march=x86-64 -mtune=generic -O2 -pipe -fno-plt -fexceptions         -Wp,-D_FORTIFY_SOURCE=2 -Wformat -Werror=format-security         -fstack-clash-protection -fcf-protection -flto=auto -I../include -I. -g -Wall -Werror -pie -fPIC -O2 `pkg-config --cflags vchan` `pkg-config --cflags libsystemd || pkg-config --cflags libsystemd-daemon` -DHAVE_SYSTEMD -DBACKEND_VMM_xen   -c -o db-core.o db-core.c.
2024-04-18 01:42:48.557724 +0000 build-archlinux43: output: cc -march=x86-64 -mtune=generic -O2 -pipe -fno-plt -fexceptions         -Wp,-D_FORTIFY_SOURCE=2 -Wformat -Werror=format-security         -fstack-clash-protection -fcf-protection -flto=auto -I../include -I. -g -Wall -Werror -pie -fPIC -O2 `pkg-config --cflags vchan` `pkg-config --cflags libsystemd || pkg-config --cflags libsystemd-daemon` -DHAVE_SYSTEMD -DBACKEND_VMM_xen   -c -o buffer.o buffer.c.
2024-04-18 01:42:48.594905 +0000 build-archlinux43: output: cc -Wl,-O1,--sort-common,--as-needed,-z,relro,-z,now -flto=auto -o qubesdb-daemon db-cmds.o db-daemon.o db-core.o buffer.o  `pkg-config --libs libsystemd || pkg-config --libs libsystemd-daemon` `pkg-config --libs vchan`.
2024-04-18 01:42:49.093448 +0000 build-archlinux43: output: make[1]: Leaving directory '/build/qubes-db-vm/src/qubes-db-vm-4.2.4-1/daemon'.
2024-04-18 01:42:49.095498 +0000 build-archlinux43: output: make -C client.
2024-04-18 01:42:49.095925 +0000 build-archlinux43: output: make[1]: Entering directory '/build/qubes-db-vm/src/qubes-db-vm-4.2.4-1/client'.
2024-04-18 01:42:49.100000 +0000 build-archlinux43: output: cc -march=x86-64 -mtune=generic -O2 -pipe -fno-plt -fexceptions         -Wp,-D_FORTIFY_SOURCE=2 -Wformat -Werror=format-security         -fstack-clash-protection -fcf-protection -flto=auto -I../include -g -Wall -Wextra -Werror -pie -fPIC -DBACKEND_VMM_xen   -c -o qdb-client.o qdb-client.c.
2024-04-18 01:42:49.175088 +0000 build-archlinux43: output: cc -Wl,-O1,--sort-common,--as-needed,-z,relro,-z,now -flto=auto -shared -o libqubesdb.so qdb-client.o .
2024-04-18 01:42:49.442849 +0000 build-archlinux43: output: cc -march=x86-64 -mtune=generic -O2 -pipe -fno-plt -fexceptions         -Wp,-D_FORTIFY_SOURCE=2 -Wformat -Werror=format-security         -fstack-clash-protection -fcf-protection -flto=auto -I../include -g -Wall -Wextra -Werror -pie -fPIC -DBACKEND_VMM_xen   -c -o qubesdb-cmd.o qubesdb-cmd.c.
2024-04-18 01:42:49.494164 +0000 build-archlinux43: output: cc -Wl,-O1,--sort-common,--as-needed,-z,relro,-z,now -flto=auto -o qubesdb-cmd qubesdb-cmd.o  -L. -lqubesdb.
2024-04-18 01:42:49.703720 +0000 build-archlinux43: output: make[1]: Leaving directory '/build/qubes-db-vm/src/qubes-db-vm-4.2.4-1/client'.
2024-04-18 01:42:49.703816 +0000 build-archlinux43: output: make -C python.
2024-04-18 01:42:49.705940 +0000 build-archlinux43: output: make[1]: Entering directory '/build/qubes-db-vm/src/qubes-db-vm-4.2.4-1/python'.
2024-04-18 01:42:49.705982 +0000 build-archlinux43: output: CC="cc" CFLAGS="-march=x86-64 -mtune=generic -O2 -pipe -fno-plt -fexceptions         -Wp,-D_FORTIFY_SOURCE=2 -Wformat -Werror=format-security         -fstack-clash-protection -fcf-protection -flto=auto" python3 setup.py build.
2024-04-18 01:42:49.838171 +0000 build-archlinux43: output: running build.
2024-04-18 01:42:49.838236 +0000 build-archlinux43: output: running build_ext.
2024-04-18 01:42:49.843890 +0000 build-archlinux43: output: building 'qubesdb' extension.
2024-04-18 01:42:49.843922 +0000 build-archlinux43: output: creating build.
2024-04-18 01:42:49.844199 +0000 build-archlinux43: output: creating build/temp.linux-x86_64-cpython-311.
2024-04-18 01:42:49.844647 +0000 build-archlinux43: output: cc -DNDEBUG -g -fwrapv -O3 -Wall -march=x86-64 -mtune=generic -O3 -pipe -fno-plt -fexceptions -Wp,-D_FORTIFY_SOURCE=2 -Wformat -Werror=format-security -fstack-clash-protection -fcf-protection -g -ffile-prefix-map=/build/python/src=/usr/src/debug/python -flto=auto -ffat-lto-objects -march=x86-64 -mtune=generic -O3 -pipe -fno-plt -fexceptions -Wp,-D_FORTIFY_SOURCE=2 -Wformat -Werror=format-security -fstack-clash-protection -fcf-protection -g -ffile-prefix-map=/build/python/src=/usr/src/debug/python -flto=auto -march=x86-64 -mtune=generic -O3 -pipe -fno-plt -fexceptions -Wp,-D_FORTIFY_SOURCE=2 -Wformat -Werror=format-security -fstack-clash-protection -fcf-protection -g -ffile-prefix-map=/build/python/src=/usr/src/debug/python -flto=auto -march=x86-64 -mtune=generic -O2 -pipe -fno-plt -fexceptions -Wp,-D_FORTIFY_SOURCE=2 -Wformat -Werror=format-security -fstack-clash-protection -fcf-protection -flto=auto -fPIC -I../include -I/usr/include/python3.11 -c qubesdb.c -o build/temp.linux-x86_64-cpython-311/qubesdb.o -fno-strict-aliasing -Werror.
2024-04-18 01:42:50.127393 +0000 build-archlinux43: output: creating build/lib.linux-x86_64-cpython-311.
2024-04-18 01:42:50.127499 +0000 build-archlinux43: output: cc -shared -Wl,-O1 -Wl,--sort-common -Wl,--as-needed -Wl,-z,relro -Wl,-z,now -Wl,-z,pack-relative-relocs -flto=auto -Wl,-O1 -Wl,--sort-common -Wl,--as-needed -Wl,-z,relro -Wl,-z,now -Wl,-z,pack-relative-relocs -flto=auto -Wl,-O1,--sort-common,--as-needed,-z,relro,-z,now -flto=auto -march=x86-64 -mtune=generic -O2 -pipe -fno-plt -fexceptions -Wp,-D_FORTIFY_SOURCE=2 -Wformat -Werror=format-security -fstack-clash-protection -fcf-protection -flto=auto build/temp.linux-x86_64-cpython-311/qubesdb.o -L../client -L/usr/lib -lqubesdb -o build/lib.linux-x86_64-cpython-311/qubesdb.cpython-311-x86_64-linux-gnu.so.
2024-04-18 01:42:50.315550 +0000 build-archlinux43: output: make[1]: Leaving directory '/build/qubes-db-vm/src/qubes-db-vm-4.2.4-1/python'.
2024-04-18 01:42:50.333979 +0000 build-archlinux43: output: .[1m.[32m==>.[0m.[1m Entering fakeroot environment....[0m.
2024-04-18 01:42:51.306767 +0000 build-archlinux43: output: .[1m.[32m==>.[0m.[1m Starting package()....[0m.
2024-04-18 01:42:51.316925 +0000 build-archlinux43: output: make -C daemon install.
2024-04-18 01:42:51.321300 +0000 build-archlinux43: output: make[1]: Entering directory '/build/qubes-db-vm/src/qubes-db-vm-4.2.4-1/daemon'.
2024-04-18 01:42:51.321361 +0000 build-archlinux43: output: install -d /build/qubes-db-vm/pkg/qubes-db-vm/usr/bin.
2024-04-18 01:42:51.327029 +0000 build-archlinux43: output: install qubesdb-daemon /build/qubes-db-vm/pkg/qubes-db-vm/usr/bin/.
2024-04-18 01:42:51.328973 +0000 build-archlinux43: output: make[1]: Leaving directory '/build/qubes-db-vm/src/qubes-db-vm-4.2.4-1/daemon'.
2024-04-18 01:42:51.329034 +0000 build-archlinux43: output: make -C client install.
2024-04-18 01:42:51.331485 +0000 build-archlinux43: output: make[1]: Entering directory '/build/qubes-db-vm/src/qubes-db-vm-4.2.4-1/client'.
2024-04-18 01:42:51.331519 +0000 build-archlinux43: output: install -d /build/qubes-db-vm/pkg/qubes-db-vm/usr/lib.
2024-04-18 01:42:51.338480 +0000 build-archlinux43: output: install libqubesdb.so* /build/qubes-db-vm/pkg/qubes-db-vm/usr/lib/.
2024-04-18 01:42:51.341830 +0000 build-archlinux43: output: install -d /build/qubes-db-vm/pkg/qubes-db-vm/usr/bin.
2024-04-18 01:42:51.344405 +0000 build-archlinux43: output: install qubesdb-cmd /build/qubes-db-vm/pkg/qubes-db-vm/usr/bin/.
2024-04-18 01:42:51.347189 +0000 build-archlinux43: output: ln -s qubesdb-cmd /build/qubes-db-vm/pkg/qubes-db-vm/usr/bin/qubesdb-read.
2024-04-18 01:42:51.349542 +0000 build-archlinux43: output: ln -s qubesdb-cmd /build/qubes-db-vm/pkg/qubes-db-vm/usr/bin/qubesdb-write.
2024-04-18 01:42:51.352208 +0000 build-archlinux43: output: ln -s qubesdb-cmd /build/qubes-db-vm/pkg/qubes-db-vm/usr/bin/qubesdb-rm.
2024-04-18 01:42:51.354533 +0000 build-archlinux43: output: ln -s qubesdb-cmd /build/qubes-db-vm/pkg/qubes-db-vm/usr/bin/qubesdb-multiread.
2024-04-18 01:42:51.355991 +0000 build-archlinux43: output: ln -s qubesdb-cmd /build/qubes-db-vm/pkg/qubes-db-vm/usr/bin/qubesdb-list.
2024-04-18 01:42:51.358333 +0000 build-archlinux43: output: ln -s qubesdb-cmd /build/qubes-db-vm/pkg/qubes-db-vm/usr/bin/qubesdb-watch.
2024-04-18 01:42:51.360623 +0000 build-archlinux43: output: install qubesdb-read-bool /build/qubes-db-vm/pkg/qubes-db-vm/usr/bin/.
2024-04-18 01:42:51.363442 +0000 build-archlinux43: output: make[1]: Leaving directory '/build/qubes-db-vm/src/qubes-db-vm-4.2.4-1/client'.
2024-04-18 01:42:51.363556 +0000 build-archlinux43: output: make -C python install.
2024-04-18 01:42:51.367816 +0000 build-archlinux43: output: make[1]: Entering directory '/build/qubes-db-vm/src/qubes-db-vm-4.2.4-1/python'.
2024-04-18 01:42:51.368051 +0000 build-archlinux43: output: CC="cc" CFLAGS="-march=x86-64 -mtune=generic -O2 -pipe -fno-plt -fexceptions         -Wp,-D_FORTIFY_SOURCE=2 -Wformat -Werror=format-security         -fstack-clash-protection -fcf-protection -flto=auto" python3 setup.py install \.
2024-04-18 01:42:51.368084 +0000 build-archlinux43: output: . --root="/build/qubes-db-vm/pkg/qubes-db-vm" --force.
2024-04-18 01:42:51.532038 +0000 build-archlinux43: output: running install.
2024-04-18 01:42:51.532107 +0000 build-archlinux43: output: /usr/lib/python3.11/site-packages/setuptools/_distutils/cmd.py:66: SetuptoolsDeprecationWarning: setup.py install is deprecated..
2024-04-18 01:42:51.532125 +0000 build-archlinux43: output: !!.
2024-04-18 01:42:51.532657 +0000 build-archlinux43: output: .
2024-04-18 01:42:51.532724 +0000 build-archlinux43: output:         ********************************************************************************.
2024-04-18 01:42:51.532746 +0000 build-archlinux43: output:         Please avoid running ``setup.py`` directly..
2024-04-18 01:42:51.532763 +0000 build-archlinux43: output:         Instead, use pypa/build, pypa/installer or other.
2024-04-18 01:42:51.532813 +0000 build-archlinux43: output:         standards-based tools..
2024-04-18 01:42:51.532835 +0000 build-archlinux43: output: .
2024-04-18 01:42:51.532854 +0000 build-archlinux43: output:         See https://blog.ganssle.io/articles/2021/10/setup-py-deprecated.html for details..
2024-04-18 01:42:51.532871 +0000 build-archlinux43: output:         ********************************************************************************.
2024-04-18 01:42:51.532884 +0000 build-archlinux43: output: .
2024-04-18 01:42:51.532897 +0000 build-archlinux43: output: !!.
2024-04-18 01:42:51.532910 +0000 build-archlinux43: output:   self.initialize_options().
2024-04-18 01:42:51.541388 +0000 build-archlinux43: output: running build.
2024-04-18 01:42:51.541451 +0000 build-archlinux43: output: running build_ext.
2024-04-18 01:42:51.547629 +0000 build-archlinux43: output: running install_lib.
2024-04-18 01:42:51.549914 +0000 build-archlinux43: output: creating /build/qubes-db-vm/pkg/qubes-db-vm/usr/lib/python3.11.
2024-04-18 01:42:51.550009 +0000 build-archlinux43: output: creating /build/qubes-db-vm/pkg/qubes-db-vm/usr/lib/python3.11/site-packages.
2024-04-18 01:42:51.550207 +0000 build-archlinux43: output: copying build/lib.linux-x86_64-cpython-311/qubesdb.cpython-311-x86_64-linux-gnu.so -> /build/qubes-db-vm/pkg/qubes-db-vm/usr/lib/python3.11/site-packages.
2024-04-18 01:42:51.551074 +0000 build-archlinux43: output: running install_egg_info.
2024-04-18 01:42:51.563141 +0000 build-archlinux43: output: running egg_info.
2024-04-18 01:42:51.563205 +0000 build-archlinux43: output: creating QubesDB.egg-info.
2024-04-18 01:42:51.564644 +0000 build-archlinux43: output: writing QubesDB.egg-info/PKG-INFO.
2024-04-18 01:42:51.564956 +0000 build-archlinux43: output: writing dependency_links to QubesDB.egg-info/dependency_links.txt.
2024-04-18 01:42:51.565271 +0000 build-archlinux43: output: writing top-level names to QubesDB.egg-info/top_level.txt.
2024-04-18 01:42:51.565468 +0000 build-archlinux43: output: writing manifest file 'QubesDB.egg-info/SOURCES.txt'.
2024-04-18 01:42:51.567814 +0000 build-archlinux43: output: reading manifest file 'QubesDB.egg-info/SOURCES.txt'.
2024-04-18 01:42:51.568639 +0000 build-archlinux43: output: writing manifest file 'QubesDB.egg-info/SOURCES.txt'.
2024-04-18 01:42:51.568938 +0000 build-archlinux43: output: Copying QubesDB.egg-info to /build/qubes-db-vm/pkg/qubes-db-vm/usr/lib/python3.11/site-packages/QubesDB-1.0-py3.11.egg-info.
2024-04-18 01:42:51.570349 +0000 build-archlinux43: output: running install_scripts.
2024-04-18 01:42:51.647362 +0000 build-archlinux43: output: make[1]: Leaving directory '/build/qubes-db-vm/src/qubes-db-vm-4.2.4-1/python'.
2024-04-18 01:42:51.647426 +0000 build-archlinux43: output: make -C include install.
2024-04-18 01:42:51.649706 +0000 build-archlinux43: output: make[1]: Entering directory '/build/qubes-db-vm/src/qubes-db-vm-4.2.4-1/include'.
2024-04-18 01:42:51.649769 +0000 build-archlinux43: output: install -d /build/qubes-db-vm/pkg/qubes-db-vm/usr/include.
2024-04-18 01:42:51.651109 +0000 build-archlinux43: output: install -m 0644 qubesdb.h /build/qubes-db-vm/pkg/qubes-db-vm/usr/include/.
2024-04-18 01:42:51.652584 +0000 build-archlinux43: output: install -m 0644 qubesdb-client.h /build/qubes-db-vm/pkg/qubes-db-vm/usr/include/.
2024-04-18 01:42:51.654242 +0000 build-archlinux43: output: make[1]: Leaving directory '/build/qubes-db-vm/src/qubes-db-vm-4.2.4-1/include'.
2024-04-18 01:42:51.663247 +0000 build-archlinux43: output: .[1m.[32m==>.[0m.[1m Tidying install....[0m.
2024-04-18 01:42:51.666029 +0000 build-archlinux43: output: .[1m.[34m  ->.[0m.[1m Removing libtool files....[0m.
2024-04-18 01:42:51.670996 +0000 build-archlinux43: output: .[1m.[34m  ->.[0m.[1m Purging unwanted files....[0m.
2024-04-18 01:42:51.683596 +0000 build-archlinux43: output: .[1m.[34m  ->.[0m.[1m Removing static library files....[0m.
2024-04-18 01:42:51.691542 +0000 build-archlinux43: output: .[1m.[34m  ->.[0m.[1m Stripping unneeded symbols from binaries and libraries....[0m.
2024-04-18 01:42:51.794958 +0000 build-archlinux43: output: .[1m.[34m  ->.[0m.[1m Compressing man and info pages....[0m.
2024-04-18 01:42:51.800396 +0000 build-archlinux43: output: .[1m.[32m==>.[0m.[1m Checking for packaging issues....[0m.
2024-04-18 01:42:51.817942 +0000 build-archlinux43: output: .[1m.[32m==>.[0m.[1m Creating package "qubes-db-vm"....[0m.
2024-04-18 01:42:51.820922 +0000 build-archlinux43: output: .[1m.[34m  ->.[0m.[1m Generating .PKGINFO file....[0m.
2024-04-18 01:42:51.844410 +0000 build-archlinux43: output: .[1m.[34m  ->.[0m.[1m Generating .BUILDINFO file....[0m.
2024-04-18 01:42:51.873669 +0000 build-archlinux43: output: .[1m.[34m  ->.[0m.[1m Adding install file....[0m.
2024-04-18 01:42:51.885934 +0000 build-archlinux43: output: .[1m.[34m  ->.[0m.[1m Generating .MTREE file....[0m.
2024-04-18 01:42:51.899259 +0000 build-archlinux43: output: .[1m.[34m  ->.[0m.[1m Compressing package....[0m.
2024-04-18 01:42:52.096007 +0000 build-archlinux43: output: .[1m.[32m==>.[0m.[1m Leaving fakeroot environment..[0m.
2024-04-18 01:42:52.101336 +0000 build-archlinux43: output: .[1m.[32m==>.[0m.[1m Finished making: qubes-db-vm 4.2.4-1 (Wed Apr 17 21:42:51 2024).[0m.
2024-04-18 01:42:52.103333 +0000 build-archlinux43: output: .[1m.[32m==>.[0m.[1m Installing package qubes-db-vm with pacman -U....[0m.
2024-04-18 01:42:52.128511 +0000 build-archlinux43: output: .[?25lloading packages....
2024-04-18 01:42:52.132881 +0000 build-archlinux43: output: resolving dependencies....
2024-04-18 01:42:52.134998 +0000 build-archlinux43: output: looking for conflicting packages....
2024-04-18 01:42:52.136475 +0000 build-archlinux43: output: .
2024-04-18 01:42:52.136711 +0000 build-archlinux43: output: Packages (1) qubes-db-vm-4.2.4-1.
2024-04-18 01:42:52.136901 +0000 build-archlinux43: output: .
2024-04-18 01:42:52.137386 +0000 build-archlinux43: output: Total Installed Size:  0.08 MiB.
2024-04-18 01:42:52.137434 +0000 build-archlinux43: output: .
2024-04-18 01:42:52.137506 +0000 build-archlinux43: output: :: Proceed with installation? [Y/n] .
2024-04-18 01:42:52.137640 +0000 build-archlinux43: output: (0/1) checking keys in keyring                     [----------------------]   0%.(1/1) checking keys in keyring                     [######################] 100%..
2024-04-18 01:42:52.137714 +0000 build-archlinux43: output: (0/1) checking package integrity                   [----------------------]   0%.(1/1) checking package integrity                   [######################] 100%..
2024-04-18 01:42:52.141074 +0000 build-archlinux43: output: (0/1) loading package files                        [----------------------]   0%.(1/1) loading package files                        [######################] 100%..
2024-04-18 01:42:52.141160 +0000 build-archlinux43: output: (0/1) checking for file conflicts                  [----------------------]   0%.(1/1) checking for file conflicts                  [######################] 100%..
2024-04-18 01:42:52.141380 +0000 build-archlinux43: output: :: Processing package changes....
2024-04-18 01:42:52.141926 +0000 build-archlinux43: output: (1/1) installing qubes-db-vm                       [----------------------]   0%.(1/1) installing qubes-db-vm                       [######################] 100%..
2024-04-18 01:42:52.202245 +0000 build-archlinux43: output: /tmp/alpm_bvRxjG/.INSTALL: line 5: systemctl: command not found.
2024-04-18 01:42:52.202587 +0000 build-archlinux43: output: error: command failed to execute correctly.
2024-04-18 01:42:52.469472 +0000 build-archlinux43: output: .[?25h.[?25lresolving dependencies....
2024-04-18 01:42:52.469905 +0000 build-archlinux43: output: looking for conflicting packages....
2024-04-18 01:42:52.470484 +0000 build-archlinux43: output: .
2024-04-18 01:42:52.470583 +0000 build-archlinux43: output: Packages (7) elfutils-0.191-1  licenses-20240206-1  pyalpm-0.10.9-1.
2024-04-18 01:42:52.470662 +0000 build-archlinux43: output:              python-boolean.py-4.0-2  python-license-expression-30.2.0-1.
2024-04-18 01:42:52.470794 +0000 build-archlinux43: output:              python-pyelftools-0.31-1  namcap-3.5.2-1.
2024-04-18 01:42:52.470883 +0000 build-archlinux43: output: .
2024-04-18 01:42:52.470997 +0000 build-archlinux43: output: Total Download Size:   1.41 MiB.
2024-04-18 01:42:52.471102 +0000 build-archlinux43: output: Total Installed Size:  9.96 MiB.
2024-04-18 01:42:52.471278 +0000 build-archlinux43: output: .
2024-04-18 01:42:52.471306 +0000 build-archlinux43: output: :: Proceed with installation? [Y/n] .
2024-04-18 01:42:52.471321 +0000 build-archlinux43: output: :: Retrieving packages....
2024-04-18 01:42:52.471410 +0000 build-archlinux43: output:  elfutils-0.191-1-x86_64.
2024-04-18 01:42:52.471438 +0000 build-archlinux43: output:  Total (0/7)             0.0   B  0.00   B/s 00:00 [----------------------]   0%..
2024-04-18 01:42:52.471491 +0000 build-archlinux43: output: .[1F python-pyelftools-0.31-1-any.
2024-04-18 01:42:52.471600 +0000 build-archlinux43: output:  Total (0/7)             0.0   B  0.00   B/s 00:00 [----------------------]   0%..
2024-04-18 01:42:52.471620 +0000 build-archlinux43: output: .[1F namcap-3.5.2-1-any.
2024-04-18 01:42:52.471687 +0000 build-archlinux43: output:  Total (0/7)             0.0   B  0.00   B/s 00:00 [----------------------]   0%..
2024-04-18 01:42:52.471776 +0000 build-archlinux43: output: .[1F python-license-expression-30.2.0-1-any.
2024-04-18 01:42:52.471844 +0000 build-archlinux43: output:  Total (0/7)             0.0   B  0.00   B/s 00:00 [----------------------]   0%..
2024-04-18 01:42:52.471920 +0000 build-archlinux43: output: .[1F licenses-20240206-1-any.
2024-04-18 01:42:52.471942 +0000 build-archlinux43: output:  Total (0/7)             0.0   B  0.00   B/s 00:00 [----------------------]   0%..
2024-04-18 01:42:59.048691 +0000 build-archlinux43: output: .[5F python-pyelftool...     7.7 KiB  21.0   B/s --:-- [----------------------]   2%..[4E Total (0/7)             7.7 KiB  21.0   B/s --:-- [----------------------]   0%..[4F python-pyelftool...   171.8 KiB   219 KiB/s 00:00 [##########------------]  48%..[4E Total (0/7)           171.8 KiB   219 KiB/s 00:05 [##--------------------]  11%..[4F python-pyelftool...   203.0 KiB   194 KiB/s 00:00 [############----------]  57%..[4E Total (0/7)           203.0 KiB   194 KiB/s 00:06 [###-------------------]  14%..[4F python-pyelftool...   289.0 KiB   257 KiB/s 00:00 [#################-----]  81%..[4E Total (0/7)           289.0 KiB   257 KiB/s 00:04 [####------------------]  20%..[1F licenses-2024020...    15.5 KiB  43.0   B/s 35:38 [###-------------------]  14%..[3F elfutils-0.191-1...     0.0   B  0.00   B/s 00:00 [######################] 100%..[1F python-pyelftool...   354.3 KiB  77.2 KiB/s 00:05 [######################] 100%..[1E elfutils-0.191-1...    15.5 KiB  43.0   B/s --:-- [----------------------]   2%..[1E namcap-3.5.2-1-any      7.7 KiB  21.0   B/s --:-- [----------------------]   4%..[1E python-license-e...    23.4 KiB  64.0   B/s 25:06 [####------------------]  19%. elfutils-0.191-1...    15.5 KiB  43.0   B/s --:-- [----------------------]   2%..[2F python-license-e...   118.7 KiB  25.4 KiB/s 00:05 [######################] 100%..[3E namcap-3.5.2-1-any      7.7 KiB  21.0   B/s --:-- [----------------------]   4%..[2F licenses-2024020...   105.6 KiB  22.6 KiB/s 00:05 [######################] 100%..[3E Total (3/7)           789.3 KiB   872 KiB/s 00:00 [###########-----------]  54%..[2F elfutils-0.191-1...   101.5 KiB   115 KiB/s 00:04 [###-------------------]  17%..[1E namcap-3.5.2-1-any    159.5 KiB   203 KiB/s 00:00 [######################] 100%. elfutils-0.191-1...   101.5 KiB   115 KiB/s 00:04 [###-------------------]  17%..[1F namcap-3.5.2-1-any    159.5 KiB  32.9 KiB/s 00:05 [######################] 100%..[2E Total (4/7)          1191.1 KiB  1078 KiB/s 00:00 [##################----]  82%..[1F elfutils-0.191-1...   476.5 KiB   674 KiB/s 00:00 [##################----]  82%..[1E Total (4/7)          1277.1 KiB   857 KiB/s 00:00 [###################---]  88%..[1F elfutils-0.191-1...   578.8 KiB   551 KiB/s 00:00 [######################] 100%. elfutils-0.191-1...   578.8 KiB  96.9 KiB/s 00:06 [######################] 100%..[1E pyalpm-0.10.9-1-x86_64.
2024-04-18 01:42:59.048933 +0000 build-archlinux43: output:  Total (5/7)          1277.1 KiB   857 KiB/s 00:00 [###################---]  88%..
2024-04-18 01:42:59.048987 +0000 build-archlinux43: output: .[1F python-boolean.py-4.0-2-any.
2024-04-18 01:42:59.049029 +0000 build-archlinux43: output:  Total (5/7)          1277.1 KiB   857 KiB/s 00:00 [###################---]  88%..
2024-04-18 01:43:04.221610 +0000 build-archlinux43: output: .[2F python-boolean.p...     7.7 KiB  20.0   B/s 42:10 [##--------------------]  13%..[1E Total (5/7)          1324.7 KiB   577 KiB/s 00:00 [####################--]  91%..[1F pyalpm-0.10.9-1-...     0.0   B  0.00   B/s 00:00 [######################] 100%..[1F python-boolean.p...    59.4 KiB  40.9 KiB/s 00:01 [######################] 100%..[1E pyalpm-0.10.9-1-...    15.5 KiB  41.0   B/s 20:01 [#####-----------------]  24%..[1E Total (6/7)          1391.9 KiB   459 KiB/s 00:00 [#####################-]  96%..[1F pyalpm-0.10.9-1-...    64.8 KiB  25.1 KiB/s 00:03 [######################] 100%..[1E Total (7/7)          1441.1 KiB   123 KiB/s 00:12 [######################] 100%..
2024-04-18 01:43:04.329644 +0000 build-archlinux43: output: (0/7) checking keys in keyring                     [----------------------]   0%.(1/7) checking keys in keyring                     [###-------------------]  14%.(2/7) checking keys in keyring                     [######----------------]  28%.(3/7) checking keys in keyring                     [#########-------------]  42%.(4/7) checking keys in keyring                     [############----------]  57%.(5/7) checking keys in keyring                     [###############-------]  71%.(6/7) checking keys in keyring                     [##################----]  85%.(7/7) checking keys in keyring                     [######################] 100%..
2024-04-18 01:43:04.471417 +0000 build-archlinux43: output: (0/7) checking package integrity                   [----------------------]   0%.(1/7) checking package integrity                   [########--------------]  40%.(2/7) checking package integrity                   [##########------------]  47%.(3/7) checking package integrity                   [###########-----------]  51%.(4/7) checking package integrity                   [############----------]  56%.(5/7) checking package integrity                   [##############--------]  64%.(6/7) checking package integrity                   [###################---]  88%.(7/7) checking package integrity                   [######################] 100%..
2024-04-18 01:43:04.478666 +0000 build-archlinux43: output: (0/7) loading package files                        [----------------------]   0%.(1/7) loading package files                        [########--------------]  40%.(2/7) loading package files                        [##########------------]  47%.(3/7) loading package files                        [###########-----------]  51%.(4/7) loading package files                        [############----------]  56%.(5/7) loading package files                        [##############--------]  64%.(6/7) loading package files                        [###################---]  88%.(7/7) loading package files                        [######################] 100%..
2024-04-18 01:43:04.480318 +0000 build-archlinux43: output: (0/7) checking for file conflicts                  [----------------------]   0%.(1/7) checking for file conflicts                  [###-------------------]  14%.(2/7) checking for file conflicts                  [######----------------]  28%.(3/7) checking for file conflicts                  [#########-------------]  42%.(4/7) checking for file conflicts                  [############----------]  57%.(5/7) checking for file conflicts                  [###############-------]  71%.(6/7) checking for file conflicts                  [##################----]  85%.(7/7) checking for file conflicts                  [######################] 100%..
2024-04-18 01:43:04.480594 +0000 build-archlinux43: output: :: Processing package changes....
2024-04-18 01:43:04.491721 +0000 build-archlinux43: output: (1/7) installing elfutils                          [----------------------]   0%.(1/7) installing elfutils                          [######################] 100%..
2024-04-18 01:43:04.501547 +0000 build-archlinux43: output: (2/7) installing licenses                          [----------------------]   0%.(2/7) installing licenses                          [######################] 100%..
2024-04-18 01:43:04.504538 +0000 build-archlinux43: output: (3/7) installing pyalpm                            [----------------------]   0%.(3/7) installing pyalpm                            [######################] 100%..
2024-04-18 01:43:04.507667 +0000 build-archlinux43: output: (4/7) installing python-boolean.py                 [----------------------]   0%.(4/7) installing python-boolean.py                 [######################] 100%..
2024-04-18 01:43:04.512106 +0000 build-archlinux43: output: (5/7) installing python-license-expression         [----------------------]   0%.(5/7) installing python-license-expression         [######################] 100%..
2024-04-18 01:43:04.528451 +0000 build-archlinux43: output: (6/7) installing python-pyelftools                 [----------------------]   0%.(6/7) installing python-pyelftools                 [######################] 100%..
2024-04-18 01:43:04.551210 +0000 build-archlinux43: output: (7/7) installing namcap                            [----------------------]   0%.(7/7) installing namcap                            [######################] 100%..
2024-04-18 01:43:04.671546 +0000 build-archlinux43: output: .[?25hChecking PKGBUILD.
2024-04-18 01:43:04.859059 +0000 build-archlinux43: output: Checking qubes-db-vm-4.2.4-1-x86_64.pkg.tar.zst.
2024-04-18 01:43:05.232385 +0000 build-archlinux43: output: qubes-db-vm E: GPL is not a valid SPDX license identifier. See https://spdx.org/licenses/ for valid identifiers, or prefix the identifier with 'LicenseRef-', if it is custom..
2024-04-18 01:43:05.232454 +0000 build-archlinux43: output: qubes-db-vm W: Dependency included, but may not be needed ('python-setuptools').
2024-04-18 01:43:05.232475 +0000 build-archlinux43: output: qubes-db-vm W: Dependency included, but may not be needed ('python').
2024-04-18 01:43:05.331154 +0000 build-archlinux43: output: ==> Running checkpkg
2024-04-18 01:43:05.578181 +0000 build-archlinux43: output: error: target not found: qubes-db-vm
2024-04-18 01:43:05.613638 +0000 build-archlinux43: output: ==> WARNING: Skipped checkpkg due to missing repo packages
2024-04-18 01:43:05.615516 +0000 build-archlinux43: output: tput: unknown terminal "unknown"
2024-04-18 01:43:05.623662 +0000 build-archlinux43: copy-out (cmd): /usr/lib/qubes/qrexec-client-vm disp3925 qubesbuilder.FileCopyOut+-2Fbuilder-2Fcore--qubesdb-2Fqubes--db--vm--4.2.4--1--x86_64.pkg.tar.zst /usr/bin/qfile-unpacker 1000 /home/user/builder-r4.3/components/core-qubesdb/4.2.4-1/vm-archlinux/build/pkgs
2024-04-18 01:43:31.821043 +0000 build-archlinux43: core-qubesdb:vm-archlinux-rolling.x86_64:archlinux: Provisioning local repository '/home/user/builder-r4.3/repository/vm-archlinux'.
2024-04-18 01:43:31.827423 +0000 build-archlinux43: Executing 'bash -c qubes-gpg-client-wrapper --armor --export F3DFBD70558A3F45F01A7BA3AB187C9F85BDFCC0 > /tmp/tmptgfqzoaz/F3DFBD70558A3F45F01A7BA3AB187C9F85BDFCC0.asc&&gpg2 --homedir /home/user/builder-r4.3/components/core-qubesdb/4.2.4-1/vm-archlinux/sign/keyring --import /tmp/tmptgfqzoaz/F3DFBD70558A3F45F01A7BA3AB187C9F85BDFCC0.asc'.
2024-04-18 01:43:31.961708 +0000 build-archlinux43: output: gpg: keybox '/home/user/builder-r4.3/components/core-qubesdb/4.2.4-1/vm-archlinux/sign/keyring/pubring.kbx' created
2024-04-18 01:43:31.964131 +0000 build-archlinux43: output: gpg: /home/user/builder-r4.3/components/core-qubesdb/4.2.4-1/vm-archlinux/sign/keyring/trustdb.gpg: trustdb created
2024-04-18 01:43:31.964170 +0000 build-archlinux43: output: gpg: key AB187C9F85BDFCC0: public key "Qubes OS 4.3 Archlinux Packages Signing Key" imported
2024-04-18 01:43:31.970841 +0000 build-archlinux43: output: gpg: Total number processed: 1
2024-04-18 01:43:31.970893 +0000 build-archlinux43: output: gpg:               imported: 1
2024-04-18 01:43:31.992998 +0000 build-archlinux43: core-qubesdb:vm-archlinux-rolling.x86_64:archlinux: Signing 'qubes-db-vm-4.2.4-1-x86_64.pkg.tar.zst'.
2024-04-18 01:43:31.993082 +0000 build-archlinux43: Executing 'bash -c qubes-gpg-client-wrapper --batch --no-tty --yes --detach-sign -u F3DFBD70558A3F45F01A7BA3AB187C9F85BDFCC0 /home/user/builder-r4.3/components/core-qubesdb/4.2.4-1/vm-archlinux/build/pkgs/qubes-db-vm-4.2.4-1-x86_64.pkg.tar.zst > /home/user/builder-r4.3/components/core-qubesdb/4.2.4-1/vm-archlinux/build/pkgs/qubes-db-vm-4.2.4-1-x86_64.pkg.tar.zst.sig'.
2024-04-18 01:43:32.114835 +0000 build-archlinux43: core-qubesdb:vm-archlinux-rolling.x86_64:archlinux: Publishing packages.
2024-04-18 01:43:32.114905 +0000 build-archlinux43: core-qubesdb:vm-archlinux-rolling.x86_64:archlinux: Verifying signatures.
2024-04-18 01:43:32.114947 +0000 build-archlinux43: Executing 'bash -c gpg2 -q --homedir /home/user/builder-r4.3/components/core-qubesdb/4.2.4-1/vm-archlinux/sign/keyring --verify /home/user/builder-r4.3/components/core-qubesdb/4.2.4-1/vm-archlinux/build/pkgs/qubes-db-vm-4.2.4-1-x86_64.pkg.tar.zst.sig /home/user/builder-r4.3/components/core-qubesdb/4.2.4-1/vm-archlinux/build/pkgs/qubes-db-vm-4.2.4-1-x86_64.pkg.tar.zst'.
2024-04-18 01:43:32.117489 +0000 build-archlinux43: output: gpg: Signature made Wed Apr 17 21:43:32 2024 EDT
2024-04-18 01:43:32.117525 +0000 build-archlinux43: output: gpg:                using EDDSA key F3DFBD70558A3F45F01A7BA3AB187C9F85BDFCC0
2024-04-18 01:43:32.118166 +0000 build-archlinux43: output: gpg: Good signature from "Qubes OS 4.3 Archlinux Packages Signing Key" [unknown]
2024-04-18 01:43:32.118199 +0000 build-archlinux43: output: gpg: WARNING: This key is not certified with a trusted signature!
2024-04-18 01:43:32.118221 +0000 build-archlinux43: output: gpg:          There is no indication that the signature belongs to the owner.
2024-04-18 01:43:32.118239 +0000 build-archlinux43: output: Primary key fingerprint: F3DF BD70 558A 3F45 F01A  7BA3 AB18 7C9F 85BD FCC0
2024-04-18 01:43:32.131008 +0000 build-archlinux43: Executing 'bash -c repo-add /home/user/builder-r4.3/repository-publish/archlinux/r4.3/current-testing/vm/archlinux/pkgs/qubes-r4.3-current-testing.db.tar.gz /home/user/builder-r4.3/components/core-qubesdb/4.2.4-1/vm-archlinux/build/pkgs/qubes-db-vm-4.2.4-1-x86_64.pkg.tar.zst'.
2024-04-18 01:43:32.148365 +0000 build-archlinux43: output: ==> Extracting qubes-r4.3-current-testing.db.tar.gz to a temporary location...
2024-04-18 01:43:32.154122 +0000 build-archlinux43: output: ==> Extracting qubes-r4.3-current-testing.files.tar.gz to a temporary location...
2024-04-18 01:43:32.160602 +0000 build-archlinux43: output: ==> Adding package '/home/user/builder-r4.3/components/core-qubesdb/4.2.4-1/vm-archlinux/build/pkgs/qubes-db-vm-4.2.4-1-x86_64.pkg.tar.zst'
2024-04-18 01:43:32.174078 +0000 build-archlinux43: output:   -> Adding package signature...
2024-04-18 01:43:32.177941 +0000 build-archlinux43: output:   -> Computing checksums...
2024-04-18 01:43:32.183438 +0000 build-archlinux43: output:   -> Creating 'desc' db entry...
2024-04-18 01:43:32.186516 +0000 build-archlinux43: output:   -> Creating 'files' db entry...
2024-04-18 01:43:32.190508 +0000 build-archlinux43: output: ==> Creating updated database file '/home/user/builder-r4.3/repository-publish/archlinux/r4.3/current-testing/vm/archlinux/pkgs/qubes-r4.3-current-testing.db.tar.gz'
2024-04-18 01:43:32.224162 +0000 build-archlinux43: core-qubesdb:vm-archlinux-rolling.x86_64:archlinux: Signing metadata.
2024-04-18 01:43:32.224249 +0000 build-archlinux43: Executing 'bash -c qubes-gpg-client-wrapper --batch --no-tty --yes --detach-sign --armor -u F3DFBD70558A3F45F01A7BA3AB187C9F85BDFCC0 /home/user/builder-r4.3/repository-publish/archlinux/r4.3/current-testing/vm/archlinux/pkgs/qubes-r4.3-current-testing.db.tar.gz > /home/user/builder-r4.3/repository-publish/archlinux/r4.3/current-testing/vm/archlinux/pkgs/qubes-r4.3-current-testing.db.tar.gz.sig'.
2024-04-18 01:43:32.347701 +0000 build-archlinux43: > done
2024-04-18 01:43:32.347841 +0000 > closing log
