2024-05-26 03:13:32.401747 +0000 > starting log
2024-05-26 03:13:32.402188 +0000 build-archlinux43: > starting build with log
2024-05-26 03:13:32.402225 +0000 build-archlinux43: >> args:
2024-05-26 03:13:32.402249 +0000 build-archlinux43: >>   ()
2024-05-26 03:13:32.402265 +0000 build-archlinux43: >> component:
2024-05-26 03:13:32.402281 +0000 build-archlinux43: >>   meta-packages
2024-05-26 03:13:32.402298 +0000 build-archlinux43: >>     commit-hash: 5b196aa117cfafec6dc2b59088968832716bfc35
2024-05-26 03:13:32.402319 +0000 build-archlinux43: >>     source-hash: 294fc4460f0e592c5879e82fbd5a14c647de8e06d2819e1373ad689460086e0b830d05cc5a03bebaf5ddfb039aead3557817ef760e7c8fb796a3c7cdb05b7e78
2024-05-26 03:13:32.402333 +0000 build-archlinux43: >> distributions:
2024-05-26 03:13:32.402348 +0000 build-archlinux43: >>   [<QubesDistribution vm-archlinux-rolling.x86_64>]
2024-05-26 03:13:32.402366 +0000 build-archlinux43: meta-packages:vm-archlinux-rolling.x86_64: Source hash is the same than already prepared source. Skipping.
2024-05-26 03:13:32.402386 +0000 build-archlinux43: meta-packages:vm-archlinux-rolling.x86_64: Cleaning local repository '/home/user/builder-r4.3/repository/vm-archlinux' (all versions).
2024-05-26 03:13:32.402403 +0000 build-archlinux43: meta-packages:vm-archlinux-rolling.x86_64: Chroot cache does not exists. Will create it.
2024-05-26 03:13:46.468458 +0000 build-archlinux43: copy-in (cmd): /usr/lib/qubes/qrexec-client-vm -- disp1579 qubesbuilder.FileCopyIn+-2Fbuilder-2Fmeta--packages /usr/lib/qubes/qfile-agent /home/user/builder-r4.3/sources/meta-packages
2024-05-26 03:13:46.926276 +0000 build-archlinux43: copy-in (cmd): /usr/lib/qubes/qrexec-client-vm -- disp1579 qubesbuilder.FileCopyIn+-2Fbuilder-2Fdistfiles-2Fmeta--packages /usr/lib/qubes/qfile-agent /home/user/builder-r4.3/distfiles/meta-packages
2024-05-26 03:13:47.588293 +0000 build-archlinux43: copy-in (cmd): /usr/lib/qubes/qrexec-client-vm -- disp1579 qubesbuilder.FileCopyIn+-2Fbuilder-2Fmeta--packages-2Fqubes--vm--dependencies--4.3.0--1.tar.gz /usr/lib/qubes/qfile-agent /home/user/builder-r4.3/components/meta-packages/4.3.0-1/vm-archlinux/prep/qubes-vm-dependencies-4.3.0-1.tar.gz
2024-05-26 03:13:48.045742 +0000 build-archlinux43: copy-in (cmd): /usr/lib/qubes/qrexec-client-vm -- disp1579 qubesbuilder.FileCopyIn+-2Fbuilder-2Fmeta--packages-2FPKGBUILD /usr/lib/qubes/qfile-agent /home/user/builder-r4.3/components/meta-packages/4.3.0-1/vm-archlinux/prep/PKGBUILD
2024-05-26 03:13:48.393593 +0000 build-archlinux43: copy-in (cmd): /usr/lib/qubes/qrexec-client-vm -- disp1579 qubesbuilder.FileCopyIn+-2Fbuilder-2Fplugins-2Fbuild_archlinux /usr/lib/qubes/qfile-agent /home/user/qubes-builderv2/qubesbuilder/plugins/build_archlinux
2024-05-26 03:13:48.635411 +0000 build-archlinux43: copy-in (cmd): /usr/lib/qubes/qrexec-client-vm -- disp1579 qubesbuilder.FileCopyIn+-2Fbuilder-2Fplugins-2Fbuild /usr/lib/qubes/qfile-agent /home/user/qubes-builderv2/qubesbuilder/plugins/build
2024-05-26 03:13:48.819308 +0000 build-archlinux43: copy-in (cmd): /usr/lib/qubes/qrexec-client-vm -- disp1579 qubesbuilder.FileCopyIn+-2Fbuilder-2Fplugins-2Fchroot_archlinux /usr/lib/qubes/qfile-agent /home/user/qubes-builderv2/qubesbuilder/plugins/chroot_archlinux
2024-05-26 03:13:48.997616 +0000 build-archlinux43: copy-in (cmd): /usr/lib/qubes/qrexec-client-vm -- disp1579 qubesbuilder.FileCopyIn+-2Fbuilder-2Frepository-2Fvm--archlinux /usr/lib/qubes/qfile-agent /home/user/builder-r4.3/repository/vm-archlinux
2024-05-26 03:13:49.158079 +0000 build-archlinux43: Executing '/usr/bin/qvm-run-vm -- disp1579 env -- VERBOSE=1 DEBUG=1 BACKEND_VMM=xen DIST=archlinux PACKAGE_SET=vm bash -c 'sudo cp /builder/plugins/chroot_archlinux/conf/makepkg-x86_64.conf /usr/local/share/devtools/makepkg.conf.d/qubes-x86_64.conf && sudo /builder/plugins/chroot_archlinux/scripts/generate-pacman /builder/plugins/chroot_archlinux/conf/pacman.conf.j2 /usr/local/share/devtools/pacman.conf.d/qubes-x86_64.conf && sudo rm -rf /etc/pacman.d/gnupg/private-keys-v1.d && sudo pacman-key --init && sudo pacman-key --populate && sudo mkdir -p /builder/cache/qubes-x86_64 && sudo mkarchroot -C /usr/local/share/devtools/pacman.conf.d/qubes-x86_64.conf -M /builder/plugins/chroot_archlinux/conf/makepkg-x86_64.conf /builder/cache/qubes-x86_64/root base-devel && sudo /builder/plugins/chroot_archlinux/scripts/generate-pacman /builder/plugins/chroot_archlinux/conf/pacman.conf.j2 /usr/local/share/devtools/pacman.conf.d/qubes-x86_64.conf --enable-builder-local && sudo /builder/plugins/build_archlinux/scripts/update-local-repo.sh /builder/cache/qubes-x86_64/root /builder/repository && cd /builder/meta-packages && sudo qubes-x86_64-build -r /builder/cache --  -d /builder/repository:/builder/repository --  --syncdeps --noconfirm --skipinteg''.
2024-05-26 03:13:49.546363 +0000 build-archlinux43: output: ==> Generating pacman master key. This may take some time.
2024-05-26 03:13:49.549214 +0000 build-archlinux43: output: gpg: Generating pacman keyring master key...
2024-05-26 03:13:50.143069 +0000 build-archlinux43: output: gpg: revocation certificate stored as '/etc/pacman.d/gnupg/openpgp-revocs.d/FA959E3B317F713898D4149995CB11849D0E4001.rev'
2024-05-26 03:13:50.143167 +0000 build-archlinux43: output: gpg: Done
2024-05-26 03:13:50.143724 +0000 build-archlinux43: output: ==> Updating trust database...
2024-05-26 03:13:50.207780 +0000 build-archlinux43: output: gpg: Note: third-party key signatures using the SHA1 algorithm are rejected
2024-05-26 03:13:50.207846 +0000 build-archlinux43: output: gpg: (use option "--allow-weak-key-signatures" to override)
2024-05-26 03:13:51.104441 +0000 build-archlinux43: output: gpg: marginals needed: 3  completes needed: 1  trust model: pgp
2024-05-26 03:13:51.142466 +0000 build-archlinux43: output: gpg: depth: 0  valid:   2  signed:   5  trust: 0-, 0q, 0n, 0m, 0f, 2u
2024-05-26 03:13:51.159570 +0000 build-archlinux43: output: gpg: depth: 1  valid:   5  signed:  98  trust: 0-, 0q, 0n, 5m, 0f, 0u
2024-05-26 03:13:51.175693 +0000 build-archlinux43: output: gpg: depth: 2  valid:  74  signed:  22  trust: 74-, 0q, 0n, 0m, 0f, 0u
2024-05-26 03:13:51.175766 +0000 build-archlinux43: output: gpg: next trustdb check due at 2024-06-29
2024-05-26 03:13:51.217253 +0000 build-archlinux43: output: ==> Appending keys from archlinux.gpg...
2024-05-26 03:13:54.261256 +0000 build-archlinux43: output: ==> Locally signing trusted keys in keyring...
2024-05-26 03:13:59.036701 +0000 build-archlinux43: output:   -> Locally signed 5 keys.
2024-05-26 03:13:59.037085 +0000 build-archlinux43: output: ==> Importing owner trust values...
2024-05-26 03:13:59.040250 +0000 build-archlinux43: output: ==> Updating trust database...
2024-05-26 03:13:59.112415 +0000 build-archlinux43: output: gpg: Note: third-party key signatures using the SHA1 algorithm are rejected
2024-05-26 03:13:59.112489 +0000 build-archlinux43: output: gpg: (use option "--allow-weak-key-signatures" to override)
2024-05-26 03:14:00.400318 +0000 build-archlinux43: output: gpg: marginals needed: 3  completes needed: 1  trust model: pgp
2024-05-26 03:14:00.453318 +0000 build-archlinux43: output: gpg: depth: 0  valid:   2  signed:   5  trust: 0-, 0q, 0n, 0m, 0f, 2u
2024-05-26 03:14:00.487223 +0000 build-archlinux43: output: gpg: depth: 1  valid:   5  signed:  99  trust: 0-, 0q, 0n, 5m, 0f, 0u
2024-05-26 03:14:00.515123 +0000 build-archlinux43: output: gpg: depth: 2  valid:  75  signed:  22  trust: 75-, 0q, 0n, 0m, 0f, 0u
2024-05-26 03:14:00.515403 +0000 build-archlinux43: output: gpg: next trustdb check due at 2024-06-29
2024-05-26 03:14:00.672615 +0000 build-archlinux43: output: ==> Creating install root at /builder/cache/qubes-x86_64/root
2024-05-26 03:14:00.709427 +0000 build-archlinux43: output: ==> Installing packages to /builder/cache/qubes-x86_64/root
2024-05-26 03:14:00.735507 +0000 build-archlinux43: output: :: Synchronizing package databases...
2024-05-26 03:14:57.342307 +0000 build-archlinux43: output:  core downloading...
2024-05-26 03:14:57.342437 +0000 build-archlinux43: output:  community downloading...
2024-05-26 03:14:57.342481 +0000 build-archlinux43: output:  extra downloading...
2024-05-26 03:14:57.342518 +0000 build-archlinux43: output:  multilib downloading...
2024-05-26 03:14:57.342559 +0000 build-archlinux43: output: error: failed retrieving file 'core.db' from mirror.rackspace.com : SSL connection timeout
2024-05-26 03:14:57.342797 +0000 build-archlinux43: output: error: failed retrieving file 'community.db' from mirror.rackspace.com : SSL connection timeout
2024-05-26 03:14:57.342848 +0000 build-archlinux43: output: error: failed retrieving file 'extra.db' from mirror.rackspace.com : SSL connection timeout
2024-05-26 03:14:57.342886 +0000 build-archlinux43: output: warning: too many errors from mirror.rackspace.com, skipping for the remainder of this transaction
2024-05-26 03:14:57.343163 +0000 build-archlinux43: output: error: failed retrieving file 'multilib.db' from mirror.rackspace.com : SSL connection timeout
2024-05-26 03:14:57.343366 +0000 build-archlinux43: output: error: failed retrieving file 'core.db' from arch.mirror.constant.com : SSL connection timeout
2024-05-26 03:14:57.344590 +0000 build-archlinux43: output: error: failed retrieving file 'community.db' from arch.mirror.constant.com : SSL connection timeout
2024-05-26 03:14:57.344664 +0000 build-archlinux43: output: error: failed retrieving file 'extra.db' from arch.mirror.constant.com : SSL connection timeout
2024-05-26 03:14:57.344711 +0000 build-archlinux43: output: warning: too many errors from arch.mirror.constant.com, skipping for the remainder of this transaction
2024-05-26 03:14:57.344746 +0000 build-archlinux43: output: error: failed retrieving file 'multilib.db' from arch.mirror.constant.com : SSL connection timeout
2024-05-26 03:14:57.344780 +0000 build-archlinux43: output: error: failed retrieving file 'core.db' from mirror.f4st.host : SSL connection timeout
2024-05-26 03:14:57.344814 +0000 build-archlinux43: output: error: failed retrieving file 'community.db' from mirror.f4st.host : SSL connection timeout
2024-05-26 03:14:57.344846 +0000 build-archlinux43: output: error: failed retrieving file 'extra.db' from mirror.f4st.host : SSL connection timeout
2024-05-26 03:14:57.344880 +0000 build-archlinux43: output: warning: too many errors from mirror.f4st.host, skipping for the remainder of this transaction
2024-05-26 03:14:57.344912 +0000 build-archlinux43: output: error: failed retrieving file 'multilib.db' from mirror.f4st.host : SSL connection timeout
2024-05-26 03:14:57.352632 +0000 build-archlinux43: output: resolving dependencies...
2024-05-26 03:14:57.561460 +0000 build-archlinux43: output: looking for conflicting packages...
2024-05-26 03:14:57.571507 +0000 build-archlinux43: output: 
2024-05-26 03:14:57.571736 +0000 build-archlinux43: output: Packages (115) acl-2.3.2-1  archlinux-keyring-20240520-1  attr-2.5.2-1  audit-4.0.1-3  autoconf-2.72-1  automake-1.16.5-2  bash-5.2.026-2  binutils-2.42+r91+g6224493e457-1  bison-3.8.2-6  brotli-1.1.0-2  bzip2-1.0.8-6  ca-certificates-20220905-1  ca-certificates-mozilla-3.100-1  ca-certificates-utils-20220905-1  coreutils-9.5-1  curl-8.8.0-1  db5.3-5.3.28-5  debugedit-5.0-6  diffutils-3.10-1  e2fsprogs-1.47.1-2  fakeroot-1.34-1  file-5.45-1  filesystem-2024.04.07-1  findutils-4.9.0-3  flex-2.6.4-5  gawk-5.3.0-1  gc-8.2.6-1  gcc-14.1.1+r58+gfc9fb69ad62-1  gcc-libs-14.1.1+r58+gfc9fb69ad62-1  gdbm-1.23-2  gettext-0.22.5-1  glib2-2.80.2-2  glibc-2.39+r52+gf8e4623421-1  gmp-6.3.0-2  gnupg-2.4.5-1  gnutls-3.8.5-1  gpgme-1.23.2-4  grep-3.11-1  groff-1.23.0-5  guile-3.0.9-1  gzip-1.13-2  iana-etc-20240412-1  icu-75.1-1  jansson-2.14-4  json-c-0.17-1  keyutils-1.6.3-2  krb5-1.21.2-2  libarchive-3.7.4-1  libassuan-2.5.7-2  libcap-2.70-1  libcap-ng-0.8.5-2  libelf-0.191-3  libevent-2.1.12-4  libffi-3.4.6-1  libgcrypt-1.10.3-1  libgpg-error-1.49-1  libidn2-2.3.7-1  libisl-0.26-2  libksba-1.6.6-1  libldap-2.6.7-2  libmpc-1.3.1-1  libnghttp2-1.62.1-1  libnghttp3-1.3.0-1  libnsl-2.0.1-1  libp11-kit-0.25.3-1  libpsl-0.21.5-2  libsasl-2.1.28-4  libseccomp-2.5.5-3  libsecret-0.21.4-1  libssh2-1.11.0-1  libsysprof-capture-46.0-3  libtasn1-4.19.0-1  libtirpc-1.3.4-1  libtool-2.5.0+1+g38c166c8-1  libunistring-1.2-1  libusb-1.0.27-1  libverto-0.3.2-5  libxcrypt-4.4.36-1  libxml2-2.12.7-1  linux-api-headers-6.8-1  lz4-1:1.9.4-3  m4-1.4.19-3  make-4.4.1-2  mpfr-4.2.1-3  ncurses-6.5-2  nettle-3.9.1-1  npth-1.7-1  openssl-3.3.0-1  p11-kit-0.25.3-1  pacman-6.1.0-3  pacman-mirrorlist-20231001-1  pam-1.6.1-2  pambase-20230918-1  patch-2.7.6-10  pcre2-10.43-4  perl-5.38.2-1  pinentry-1.3.0-1  pkgconf-2.1.1-1  readline-8.2.010-1  sed-4.9-3  shadow-4.15.1-2  sqlite-3.46.0-1  sudo-1.9.15.p5-1  systemd-libs-255.6-2  tar-1.35-2  texinfo-7.1-2  tpm2-tss-4.0.1-1  tzdata-2024a-2  util-linux-2.40.1-1  util-linux-libs-2.40.1-1  which-2.21-6  xz-5.6.1-3  zlib-1:1.3.1-2  zstd-1.5.6-1  base-devel-1-1
2024-05-26 03:14:57.571792 +0000 build-archlinux43: output: 
2024-05-26 03:14:57.571814 +0000 build-archlinux43: output: Total Download Size:   211.82 MiB
2024-05-26 03:14:57.571832 +0000 build-archlinux43: output: Total Installed Size:  882.72 MiB
2024-05-26 03:14:57.571848 +0000 build-archlinux43: output: 
2024-05-26 03:14:57.571864 +0000 build-archlinux43: output: :: Proceed with installation? [Y/n]
2024-05-26 03:14:57.571878 +0000 build-archlinux43: output: :: Retrieving packages...
2024-05-26 03:23:26.140401 +0000 build-archlinux43: output:  gcc-14.1.1+r58+gfc9fb69ad62-1-x86_64 downloading...
2024-05-26 03:23:26.140527 +0000 build-archlinux43: output:  gcc-libs-14.1.1+r58+gfc9fb69ad62-1-x86_64 downloading...
2024-05-26 03:23:26.140548 +0000 build-archlinux43: output:  perl-5.38.2-1-x86_64 downloading...
2024-05-26 03:23:26.140563 +0000 build-archlinux43: output:  icu-75.1-1-x86_64 downloading...
2024-05-26 03:23:26.140578 +0000 build-archlinux43: output:  glibc-2.39+r52+gf8e4623421-1-x86_64 downloading...
2024-05-26 03:23:26.140593 +0000 build-archlinux43: output:  guile-3.0.9-1-x86_64 downloading...
2024-05-26 03:23:26.140608 +0000 build-archlinux43: output:  binutils-2.42+r91+g6224493e457-1-x86_64 downloading...
2024-05-26 03:23:26.140621 +0000 build-archlinux43: output:  glib2-2.80.2-2-x86_64 downloading...
2024-05-26 03:23:26.140634 +0000 build-archlinux43: output:  openssl-3.3.0-1-x86_64 downloading...
2024-05-26 03:23:26.140648 +0000 build-archlinux43: output:  util-linux-2.40.1-1-x86_64 downloading...
2024-05-26 03:23:26.140661 +0000 build-archlinux43: output:  gnutls-3.8.5-1-x86_64 downloading...
2024-05-26 03:23:26.140674 +0000 build-archlinux43: output:  coreutils-9.5-1-x86_64 downloading...
2024-05-26 03:23:26.140687 +0000 build-archlinux43: output:  gnupg-2.4.5-1-x86_64 downloading...
2024-05-26 03:23:26.140700 +0000 build-archlinux43: output:  groff-1.23.0-5-x86_64 downloading...
2024-05-26 03:23:26.140713 +0000 build-archlinux43: output:  gettext-0.22.5-1-x86_64 downloading...
2024-05-26 03:23:26.140756 +0000 build-archlinux43: output:  sudo-1.9.15.p5-1-x86_64 downloading...
2024-05-26 03:23:26.140795 +0000 build-archlinux43: output:  bash-5.2.026-2-x86_64 downloading...
2024-05-26 03:23:26.140808 +0000 build-archlinux43: output:  texinfo-7.1-2-x86_64 downloading...
2024-05-26 03:23:26.140821 +0000 build-archlinux43: output:  sqlite-3.46.0-1-x86_64 downloading...
2024-05-26 03:23:26.140835 +0000 build-archlinux43: output:  pcre2-10.43-4-x86_64 downloading...
2024-05-26 03:23:26.140848 +0000 build-archlinux43: output:  gawk-5.3.0-1-x86_64 downloading...
2024-05-26 03:23:26.140860 +0000 build-archlinux43: output:  krb5-1.21.2-2-x86_64 downloading...
2024-05-26 03:23:26.140874 +0000 build-archlinux43: output:  e2fsprogs-1.47.1-2-x86_64 downloading...
2024-05-26 03:23:26.140888 +0000 build-archlinux43: output:  linux-api-headers-6.8-1-x86_64 downloading...
2024-05-26 03:23:26.140901 +0000 build-archlinux43: output:  db5.3-5.3.28-5-x86_64 downloading...
2024-05-26 03:23:26.140916 +0000 build-archlinux43: output:  archlinux-keyring-20240520-1-any downloading...
2024-05-26 03:23:26.140936 +0000 build-archlinux43: output:  shadow-4.15.1-2-x86_64 downloading...
2024-05-26 03:23:26.140950 +0000 build-archlinux43: output:  ncurses-6.5-2-x86_64 downloading...
2024-05-26 03:23:26.140999 +0000 build-archlinux43: output:  systemd-libs-255.6-2-x86_64 downloading...
2024-05-26 03:23:26.141013 +0000 build-archlinux43: output:  curl-8.8.0-1-x86_64 downloading...
2024-05-26 03:23:26.141125 +0000 build-archlinux43: output:  tpm2-tss-4.0.1-1-x86_64 downloading...
2024-05-26 03:23:26.141142 +0000 build-archlinux43: output:  pacman-6.1.0-3-x86_64 downloading...
2024-05-26 03:23:26.141191 +0000 build-archlinux43: output:  pam-1.6.1-2-x86_64 downloading...
2024-05-26 03:23:26.141207 +0000 build-archlinux43: output:  libisl-0.26-2-x86_64 downloading...
2024-05-26 03:23:26.141282 +0000 build-archlinux43: output:  libxml2-2.12.7-1-x86_64 downloading...
2024-05-26 03:23:26.141300 +0000 build-archlinux43: output:  tar-1.35-2-x86_64 downloading...
2024-05-26 03:23:26.141396 +0000 build-archlinux43: output:  bison-3.8.2-6-x86_64 downloading...
2024-05-26 03:23:26.141414 +0000 build-archlinux43: output:  libcap-2.70-1-x86_64 downloading...
2024-05-26 03:23:26.141433 +0000 build-archlinux43: output:  libunistring-1.2-1-x86_64 downloading...
2024-05-26 03:23:26.141562 +0000 build-archlinux43: output:  xz-5.6.1-3-x86_64 downloading...
2024-05-26 03:23:26.141581 +0000 build-archlinux43: output:  autoconf-2.72-1-any downloading...
2024-05-26 03:23:26.141599 +0000 build-archlinux43: output:  automake-1.16.5-2-any downloading...
2024-05-26 03:23:26.141686 +0000 build-archlinux43: output:  libgcrypt-1.10.3-1-x86_64 downloading...
2024-05-26 03:23:26.141713 +0000 build-archlinux43: output:  libelf-0.191-3-x86_64 downloading...
2024-05-26 03:23:26.141795 +0000 build-archlinux43: output:  libarchive-3.7.4-1-x86_64 downloading...
2024-05-26 03:23:26.141854 +0000 build-archlinux43: output:  make-4.4.1-2-x86_64 downloading...
2024-05-26 03:23:26.141877 +0000 build-archlinux43: output:  libp11-kit-0.25.3-1-x86_64 downloading...
2024-05-26 03:23:26.141937 +0000 build-archlinux43: output:  zstd-1.5.6-1-x86_64 downloading...
2024-05-26 03:23:26.141960 +0000 build-archlinux43: output:  gpgme-1.23.2-4-x86_64 downloading...
2024-05-26 03:23:26.142024 +0000 build-archlinux43: output:  util-linux-libs-2.40.1-1-x86_64 downloading...
2024-05-26 03:23:26.142080 +0000 build-archlinux43: output:  nettle-3.9.1-1-x86_64 downloading...
2024-05-26 03:23:26.142140 +0000 build-archlinux43: output:  gmp-6.3.0-2-x86_64 downloading...
2024-05-26 03:23:26.142194 +0000 build-archlinux43: output:  mpfr-4.2.1-3-x86_64 downloading...
2024-05-26 03:23:26.142218 +0000 build-archlinux43: output:  findutils-4.9.0-3-x86_64 downloading...
2024-05-26 03:23:26.142234 +0000 build-archlinux43: output:  libtool-2.5.0+1+g38c166c8-1-x86_64 downloading...
2024-05-26 03:23:26.142304 +0000 build-archlinux43: output:  iana-etc-20240412-1-any downloading...
2024-05-26 03:23:26.142334 +0000 build-archlinux43: output:  file-5.45-1-x86_64 downloading...
2024-05-26 03:23:26.142352 +0000 build-archlinux43: output:  audit-4.0.1-3-x86_64 downloading...
2024-05-26 03:23:26.142369 +0000 build-archlinux43: output:  brotli-1.1.0-2-x86_64 downloading...
2024-05-26 03:23:26.142494 +0000 build-archlinux43: output:  ca-certificates-mozilla-3.100-1-x86_64 downloading...
2024-05-26 03:23:26.142517 +0000 build-archlinux43: output:  tzdata-2024a-2-x86_64 downloading...
2024-05-26 03:23:26.142586 +0000 build-archlinux43: output:  diffutils-3.10-1-x86_64 downloading...
2024-05-26 03:23:26.142611 +0000 build-archlinux43: output:  readline-8.2.010-1-x86_64 downloading...
2024-05-26 03:23:26.142625 +0000 build-archlinux43: output:  flex-2.6.4-5-x86_64 downloading...
2024-05-26 03:23:26.142729 +0000 build-archlinux43: output:  libldap-2.6.7-2-x86_64 downloading...
2024-05-26 03:23:26.142752 +0000 build-archlinux43: output:  libevent-2.1.12-4-x86_64 downloading...
2024-05-26 03:23:26.142821 +0000 build-archlinux43: output:  gdbm-1.23-2-x86_64 downloading...
2024-05-26 03:23:26.142844 +0000 build-archlinux43: output:  libgpg-error-1.49-1-x86_64 downloading...
2024-05-26 03:23:26.142913 +0000 build-archlinux43: output:  m4-1.4.19-3-x86_64 downloading...
2024-05-26 03:23:26.142936 +0000 build-archlinux43: output:  libssh2-1.11.0-1-x86_64 downloading...
2024-05-26 03:23:26.143004 +0000 build-archlinux43: output:  gc-8.2.6-1-x86_64 downloading...
2024-05-26 03:23:26.143071 +0000 build-archlinux43: output:  grep-3.11-1-x86_64 downloading...
2024-05-26 03:23:26.143117 +0000 build-archlinux43: output:  p11-kit-0.25.3-1-x86_64 downloading...
2024-05-26 03:23:26.143138 +0000 build-archlinux43: output:  sed-4.9-3-x86_64 downloading...
2024-05-26 03:23:26.143156 +0000 build-archlinux43: output:  libsecret-0.21.4-1-x86_64 downloading...
2024-05-26 03:23:26.143231 +0000 build-archlinux43: output:  pinentry-1.3.0-1-x86_64 downloading...
2024-05-26 03:23:26.143307 +0000 build-archlinux43: output:  libtirpc-1.3.4-1-x86_64 downloading...
2024-05-26 03:23:26.143326 +0000 build-archlinux43: output:  libsasl-2.1.28-4-x86_64 downloading...
2024-05-26 03:23:26.143640 +0000 build-archlinux43: output:  lz4-1:1.9.4-3-x86_64 downloading...
2024-05-26 03:23:26.143746 +0000 build-archlinux43: output:  libidn2-2.3.7-1-x86_64 downloading...
2024-05-26 03:23:26.144319 +0000 build-archlinux43: output:  libtasn1-4.19.0-1-x86_64 downloading...
2024-05-26 03:23:26.144389 +0000 build-archlinux43: output:  libksba-1.6.6-1-x86_64 downloading...
2024-05-26 03:23:26.144424 +0000 build-archlinux43: output:  acl-2.3.2-1-x86_64 downloading...
2024-05-26 03:23:26.144456 +0000 build-archlinux43: output:  libassuan-2.5.7-2-x86_64 downloading...
2024-05-26 03:23:26.144487 +0000 build-archlinux43: output:  keyutils-1.6.3-2-x86_64 downloading...
2024-05-26 03:23:26.144517 +0000 build-archlinux43: output:  libnghttp2-1.62.1-1-x86_64 downloading...
2024-05-26 03:23:26.144547 +0000 build-archlinux43: output:  patch-2.7.6-10-x86_64 downloading...
2024-05-26 03:23:26.144597 +0000 build-archlinux43: output:  zlib-1:1.3.1-2-x86_64 downloading...
2024-05-26 03:23:26.144628 +0000 build-archlinux43: output:  libseccomp-2.5.5-3-x86_64 downloading...
2024-05-26 03:23:26.144658 +0000 build-archlinux43: output:  libpsl-0.21.5-2-x86_64 downloading...
2024-05-26 03:23:26.144686 +0000 build-archlinux43: output:  libmpc-1.3.1-1-x86_64 downloading...
2024-05-26 03:23:26.144715 +0000 build-archlinux43: output:  libxcrypt-4.4.36-1-x86_64 downloading...
2024-05-26 03:23:26.144744 +0000 build-archlinux43: output:  gzip-1.13-2-x86_64 downloading...
2024-05-26 03:23:26.144772 +0000 build-archlinux43: output:  fakeroot-1.34-1-x86_64 downloading...
2024-05-26 03:23:26.144812 +0000 build-archlinux43: output:  libusb-1.0.27-1-x86_64 downloading...
2024-05-26 03:23:26.144842 +0000 build-archlinux43: output:  libnghttp3-1.3.0-1-x86_64 downloading...
2024-05-26 03:23:26.144870 +0000 build-archlinux43: output:  attr-2.5.2-1-x86_64 downloading...
2024-05-26 03:23:26.144930 +0000 build-archlinux43: output:  pkgconf-2.1.1-1-x86_64 downloading...
2024-05-26 03:23:26.144972 +0000 build-archlinux43: output:  bzip2-1.0.8-6-x86_64 downloading...
2024-05-26 03:23:26.145002 +0000 build-archlinux43: output:  json-c-0.17-1-x86_64 downloading...
2024-05-26 03:23:26.145030 +0000 build-archlinux43: output:  jansson-2.14-4-x86_64 downloading...
2024-05-26 03:23:26.145069 +0000 build-archlinux43: output:  libsysprof-capture-46.0-3-x86_64 downloading...
2024-05-26 03:23:26.145156 +0000 build-archlinux43: output:  libffi-3.4.6-1-x86_64 downloading...
2024-05-26 03:24:09.859276 +0000 build-archlinux43: output:  debugedit-5.0-6-x86_64 downloading...
2024-05-26 03:24:09.859399 +0000 build-archlinux43: output:  libcap-ng-0.8.5-2-x86_64 downloading...
2024-05-26 03:24:09.859442 +0000 build-archlinux43: output:  npth-1.7-1-x86_64 downloading...
2024-05-26 03:24:09.859478 +0000 build-archlinux43: output:  libnsl-2.0.1-1-x86_64 downloading...
2024-05-26 03:24:09.859510 +0000 build-archlinux43: output:  libverto-0.3.2-5-x86_64 downloading...
2024-05-26 03:24:09.859541 +0000 build-archlinux43: output:  which-2.21-6-x86_64 downloading...
2024-05-26 03:24:09.859572 +0000 build-archlinux43: output:  filesystem-2024.04.07-1-any downloading...
2024-05-26 03:24:09.859604 +0000 build-archlinux43: output:  ca-certificates-utils-20220905-1-any downloading...
2024-05-26 03:24:09.859635 +0000 build-archlinux43: output:  pacman-mirrorlist-20231001-1-any downloading...
2024-05-26 03:24:09.859664 +0000 build-archlinux43: output:  pambase-20230918-1-any downloading...
2024-05-26 03:24:09.859694 +0000 build-archlinux43: output:  ca-certificates-20220905-1-any downloading...
2024-05-26 03:24:09.859722 +0000 build-archlinux43: output:  base-devel-1-1-any downloading...
2024-05-26 03:24:09.859866 +0000 build-archlinux43: output: checking keyring...
2024-05-26 03:24:10.125989 +0000 build-archlinux43: output: checking package integrity...
2024-05-26 03:24:13.005709 +0000 build-archlinux43: output: loading package files...
2024-05-26 03:24:13.204313 +0000 build-archlinux43: output: checking for file conflicts...
2024-05-26 03:24:13.281181 +0000 build-archlinux43: output: :: Processing package changes...
2024-05-26 03:24:13.281249 +0000 build-archlinux43: output: installing linux-api-headers...
2024-05-26 03:24:13.377295 +0000 build-archlinux43: output: installing tzdata...
2024-05-26 03:24:13.564335 +0000 build-archlinux43: output: Optional dependencies for tzdata
2024-05-26 03:24:13.564399 +0000 build-archlinux43: output:     bash: for tzselect [pending]
2024-05-26 03:24:13.564418 +0000 build-archlinux43: output:     glibc: for zdump, zic [pending]
2024-05-26 03:24:13.564433 +0000 build-archlinux43: output: installing iana-etc...
2024-05-26 03:24:13.574670 +0000 build-archlinux43: output: installing filesystem...
2024-05-26 03:24:13.582641 +0000 build-archlinux43: output: installing glibc...
2024-05-26 03:24:13.840499 +0000 build-archlinux43: output: Optional dependencies for glibc
2024-05-26 03:24:13.840570 +0000 build-archlinux43: output:     gd: for memusagestat
2024-05-26 03:24:13.840588 +0000 build-archlinux43: output:     perl: for mtrace [pending]
2024-05-26 03:24:13.840603 +0000 build-archlinux43: output: installing gcc-libs...
2024-05-26 03:24:14.347479 +0000 build-archlinux43: output: installing ncurses...
2024-05-26 03:24:14.686528 +0000 build-archlinux43: output: Optional dependencies for ncurses
2024-05-26 03:24:14.686591 +0000 build-archlinux43: output:     bash: for ncursesw6-config [pending]
2024-05-26 03:24:14.686609 +0000 build-archlinux43: output: installing readline...
2024-05-26 03:24:14.692404 +0000 build-archlinux43: output: installing bash...
2024-05-26 03:24:14.742587 +0000 build-archlinux43: output: Optional dependencies for bash
2024-05-26 03:24:14.742660 +0000 build-archlinux43: output:     bash-completion: for tab completion
2024-05-26 03:24:14.742684 +0000 build-archlinux43: output: installing acl...
2024-05-26 03:24:14.755514 +0000 build-archlinux43: output: installing bzip2...
2024-05-26 03:24:14.760149 +0000 build-archlinux43: output: installing icu...
2024-05-26 03:24:14.990559 +0000 build-archlinux43: output: installing xz...
2024-05-26 03:24:15.020390 +0000 build-archlinux43: output: installing zlib...
2024-05-26 03:24:15.022245 +0000 build-archlinux43: output: installing libxml2...
2024-05-26 03:24:15.038929 +0000 build-archlinux43: output: Optional dependencies for libxml2
2024-05-26 03:24:15.038986 +0000 build-archlinux43: output:     python: Python bindings
2024-05-26 03:24:15.039066 +0000 build-archlinux43: output: installing lz4...
2024-05-26 03:24:15.042129 +0000 build-archlinux43: output: installing openssl...
2024-05-26 03:24:15.452652 +0000 build-archlinux43: output: Optional dependencies for openssl
2024-05-26 03:24:15.452716 +0000 build-archlinux43: output:     ca-certificates [pending]
2024-05-26 03:24:15.452737 +0000 build-archlinux43: output:     perl [pending]
2024-05-26 03:24:15.452823 +0000 build-archlinux43: output: installing zstd...
2024-05-26 03:24:15.455451 +0000 build-archlinux43: output: installing libarchive...
2024-05-26 03:24:15.459862 +0000 build-archlinux43: output: installing attr...
2024-05-26 03:24:15.461863 +0000 build-archlinux43: output: installing gmp...
2024-05-26 03:24:15.464311 +0000 build-archlinux43: output: installing sqlite...
2024-05-26 03:24:15.477962 +0000 build-archlinux43: output: installing util-linux-libs...
2024-05-26 03:24:15.483395 +0000 build-archlinux43: output: Optional dependencies for util-linux-libs
2024-05-26 03:24:15.483426 +0000 build-archlinux43: output:     python: python bindings to libmount
2024-05-26 03:24:15.483454 +0000 build-archlinux43: output: installing e2fsprogs...
2024-05-26 03:24:15.498884 +0000 build-archlinux43: output: Optional dependencies for e2fsprogs
2024-05-26 03:24:15.498917 +0000 build-archlinux43: output:     lvm2: for e2scrub
2024-05-26 03:24:15.498987 +0000 build-archlinux43: output:     util-linux: for e2scrub [pending]
2024-05-26 03:24:15.499008 +0000 build-archlinux43: output:     smtp-forwarder: for e2scrub_fail script
2024-05-26 03:24:15.499076 +0000 build-archlinux43: output: installing gdbm...
2024-05-26 03:24:15.505416 +0000 build-archlinux43: output: installing libsasl...
2024-05-26 03:24:15.512320 +0000 build-archlinux43: output: installing libldap...
2024-05-26 03:24:15.531630 +0000 build-archlinux43: output: installing keyutils...
2024-05-26 03:24:15.537495 +0000 build-archlinux43: output: installing libevent...
2024-05-26 03:24:15.546283 +0000 build-archlinux43: output: Optional dependencies for libevent
2024-05-26 03:24:15.546315 +0000 build-archlinux43: output:     python: event_rpcgen.py
2024-05-26 03:24:15.546388 +0000 build-archlinux43: output: installing libverto...
2024-05-26 03:24:15.547434 +0000 build-archlinux43: output: installing krb5...
2024-05-26 03:24:15.562129 +0000 build-archlinux43: output: installing libtirpc...
2024-05-26 03:24:15.565641 +0000 build-archlinux43: output: installing pambase...
2024-05-26 03:24:15.566998 +0000 build-archlinux43: output: installing libcap-ng...
2024-05-26 03:24:15.567645 +0000 build-archlinux43: output: installing audit...
2024-05-26 03:24:15.577061 +0000 build-archlinux43: output: Optional dependencies for audit
2024-05-26 03:24:15.577128 +0000 build-archlinux43: output:     libldap: for audispd-zos-remote [installed]
2024-05-26 03:24:15.577201 +0000 build-archlinux43: output:     sh: for augenrules [installed]
2024-05-26 03:24:15.577222 +0000 build-archlinux43: output: installing libxcrypt...
2024-05-26 03:24:15.578555 +0000 build-archlinux43: output: installing libnsl...
2024-05-26 03:24:15.579674 +0000 build-archlinux43: output: installing pam...
2024-05-26 03:24:15.604182 +0000 build-archlinux43: output: installing libcap...
2024-05-26 03:24:15.615042 +0000 build-archlinux43: output: installing coreutils...
2024-05-26 03:24:15.670663 +0000 build-archlinux43: output: installing findutils...
2024-05-26 03:24:15.680262 +0000 build-archlinux43: output: installing libffi...
2024-05-26 03:24:15.682519 +0000 build-archlinux43: output: installing libtasn1...
2024-05-26 03:24:15.686360 +0000 build-archlinux43: output: installing libp11-kit...
2024-05-26 03:24:15.694637 +0000 build-archlinux43: output: installing libgpg-error...
2024-05-26 03:24:15.698370 +0000 build-archlinux43: output: installing libgcrypt...
2024-05-26 03:24:15.703805 +0000 build-archlinux43: output: installing systemd-libs...
2024-05-26 03:24:15.789403 +0000 build-archlinux43: output: installing p11-kit...
2024-05-26 03:24:15.814020 +0000 build-archlinux43: output: installing ca-certificates-utils...
2024-05-26 03:24:15.815514 +0000 build-archlinux43: output: installing ca-certificates-mozilla...
2024-05-26 03:24:15.818494 +0000 build-archlinux43: output: installing ca-certificates...
2024-05-26 03:24:15.818662 +0000 build-archlinux43: output: installing brotli...
2024-05-26 03:24:15.824933 +0000 build-archlinux43: output: installing libunistring...
2024-05-26 03:24:15.832194 +0000 build-archlinux43: output: installing libidn2...
2024-05-26 03:24:15.835691 +0000 build-archlinux43: output: installing libnghttp2...
2024-05-26 03:24:15.836853 +0000 build-archlinux43: output: installing libnghttp3...
2024-05-26 03:24:15.837862 +0000 build-archlinux43: output: installing libpsl...
2024-05-26 03:24:15.839413 +0000 build-archlinux43: output: installing libssh2...
2024-05-26 03:24:15.846932 +0000 build-archlinux43: output: installing curl...
2024-05-26 03:24:15.868294 +0000 build-archlinux43: output: installing nettle...
2024-05-26 03:24:15.872713 +0000 build-archlinux43: output: installing gnutls...
2024-05-26 03:24:15.971335 +0000 build-archlinux43: output: Optional dependencies for gnutls
2024-05-26 03:24:15.971416 +0000 build-archlinux43: output:     tpm2-tss: support for TPM2 wrapped keys [pending]
2024-05-26 03:24:15.971443 +0000 build-archlinux43: output: installing libksba...
2024-05-26 03:24:15.975313 +0000 build-archlinux43: output: installing libassuan...
2024-05-26 03:24:15.975676 +0000 build-archlinux43: output: installing libusb...
2024-05-26 03:24:15.977827 +0000 build-archlinux43: output: installing npth...
2024-05-26 03:24:15.979437 +0000 build-archlinux43: output: installing libsysprof-capture...
2024-05-26 03:24:15.982264 +0000 build-archlinux43: output: installing pcre2...
2024-05-26 03:24:16.009924 +0000 build-archlinux43: output: Optional dependencies for pcre2
2024-05-26 03:24:16.010023 +0000 build-archlinux43: output:     sh: for pcre2-config [installed]
2024-05-26 03:24:16.010056 +0000 build-archlinux43: output: installing glib2...
2024-05-26 03:24:16.111704 +0000 build-archlinux43: output: Optional dependencies for glib2
2024-05-26 03:24:16.111779 +0000 build-archlinux43: output:     gvfs: most gio functionality
2024-05-26 03:24:16.111799 +0000 build-archlinux43: output:     libelf: gresource inspection tool [pending]
2024-05-26 03:24:16.111817 +0000 build-archlinux43: output:     python: gdbus-codegen, glib-genmarshal, glib-mkenums, gtester-report
2024-05-26 03:24:16.111833 +0000 build-archlinux43: output:     python-packaging: gdbus-codegen
2024-05-26 03:24:16.111848 +0000 build-archlinux43: output: installing json-c...
2024-05-26 03:24:16.111862 +0000 build-archlinux43: output: installing tpm2-tss...
2024-05-26 03:24:16.135686 +0000 build-archlinux43: output: installing libsecret...
2024-05-26 03:24:16.141982 +0000 build-archlinux43: output: Optional dependencies for libsecret
2024-05-26 03:24:16.142042 +0000 build-archlinux43: output:     org.freedesktop.secrets: secret storage backend
2024-05-26 03:24:16.142059 +0000 build-archlinux43: output: installing pinentry...
2024-05-26 03:24:16.143186 +0000 build-archlinux43: output: Optional dependencies for pinentry
2024-05-26 03:24:16.143213 +0000 build-archlinux43: output:     gtk2: gtk2 backend
2024-05-26 03:24:16.143229 +0000 build-archlinux43: output:     qt5-x11extras: qt backend
2024-05-26 03:24:16.143243 +0000 build-archlinux43: output:     kwayland5: qt backend
2024-05-26 03:24:16.143280 +0000 build-archlinux43: output:     gcr: gnome3 backend
2024-05-26 03:24:16.143295 +0000 build-archlinux43: output: installing gnupg...
2024-05-26 03:24:16.183062 +0000 build-archlinux43: output: Optional dependencies for gnupg
2024-05-26 03:24:16.183173 +0000 build-archlinux43: output:     pcsclite: for using scdaemon not with the gnupg internal card driver
2024-05-26 03:24:16.183192 +0000 build-archlinux43: output: installing gpgme...
2024-05-26 03:24:16.192630 +0000 build-archlinux43: output: installing pacman-mirrorlist...
2024-05-26 03:24:16.193382 +0000 build-archlinux43: output: installing gettext...
2024-05-26 03:24:16.232669 +0000 build-archlinux43: output: Optional dependencies for gettext
2024-05-26 03:24:16.232765 +0000 build-archlinux43: output:     git: for autopoint infrastructure updates
2024-05-26 03:24:16.232797 +0000 build-archlinux43: output: installing mpfr...
2024-05-26 03:24:16.244636 +0000 build-archlinux43: output: installing gawk...
2024-05-26 03:24:16.260302 +0000 build-archlinux43: output: installing grep...
2024-05-26 03:24:16.265148 +0000 build-archlinux43: output: installing pacman...
2024-05-26 03:24:16.303855 +0000 build-archlinux43: output: Optional dependencies for pacman
2024-05-26 03:24:16.303936 +0000 build-archlinux43: output:     perl-locale-gettext: translation support in makepkg-template
2024-05-26 03:24:16.303963 +0000 build-archlinux43: output: installing archlinux-keyring...
2024-05-26 03:24:16.417202 +0000 build-archlinux43: output: ==> Appending keys from archlinux.gpg...
2024-05-26 03:24:19.519287 +0000 build-archlinux43: output: ==> Disabling revoked keys in keyring...
2024-05-26 03:24:19.527544 +0000 build-archlinux43: output:   -> Disabled 1 key.
2024-05-26 03:24:19.530118 +0000 build-archlinux43: output: ==> Updating trust database...
2024-05-26 03:24:19.630783 +0000 build-archlinux43: output: gpg: Note: third-party key signatures using the SHA1 algorithm are rejected
2024-05-26 03:24:19.630851 +0000 build-archlinux43: output: gpg: (use option "--allow-weak-key-signatures" to override)
2024-05-26 03:24:20.795741 +0000 build-archlinux43: output: gpg: marginals needed: 3  completes needed: 1  trust model: pgp
2024-05-26 03:24:20.836265 +0000 build-archlinux43: output: gpg: depth: 0  valid:   2  signed:   5  trust: 0-, 0q, 0n, 0m, 0f, 2u
2024-05-26 03:24:20.869362 +0000 build-archlinux43: output: gpg: depth: 1  valid:   5  signed: 100  trust: 0-, 0q, 0n, 5m, 0f, 0u
2024-05-26 03:24:20.896292 +0000 build-archlinux43: output: gpg: depth: 2  valid:  75  signed:  23  trust: 75-, 0q, 0n, 0m, 0f, 0u
2024-05-26 03:24:20.896344 +0000 build-archlinux43: output: gpg: next trustdb check due at 2024-06-29
2024-05-26 03:24:20.898126 +0000 build-archlinux43: output: installing m4...
2024-05-26 03:24:20.900718 +0000 build-archlinux43: output: installing diffutils...
2024-05-26 03:24:20.907149 +0000 build-archlinux43: output: installing db5.3...
2024-05-26 03:24:20.922040 +0000 build-archlinux43: output: installing perl...
2024-05-26 03:24:21.582863 +0000 build-archlinux43: output: installing autoconf...
2024-05-26 03:24:21.648649 +0000 build-archlinux43: output: installing automake...
2024-05-26 03:24:21.663572 +0000 build-archlinux43: output: installing jansson...
2024-05-26 03:24:21.665280 +0000 build-archlinux43: output: installing libelf...
2024-05-26 03:24:21.678353 +0000 build-archlinux43: output: installing binutils...
2024-05-26 03:24:21.800062 +0000 build-archlinux43: output: Optional dependencies for binutils
2024-05-26 03:24:21.800173 +0000 build-archlinux43: output:     debuginfod: for debuginfod server/client functionality
2024-05-26 03:24:21.800194 +0000 build-archlinux43: output: installing bison...
2024-05-26 03:24:21.815842 +0000 build-archlinux43: output: installing debugedit...
2024-05-26 03:24:21.816303 +0000 build-archlinux43: output: installing sed...
2024-05-26 03:24:21.819305 +0000 build-archlinux43: output: installing libseccomp...
2024-05-26 03:24:21.822121 +0000 build-archlinux43: output: installing file...
2024-05-26 03:24:21.832646 +0000 build-archlinux43: output: installing shadow...
2024-05-26 03:24:21.878885 +0000 build-archlinux43: output: installing util-linux...
2024-05-26 03:24:21.961619 +0000 build-archlinux43: output: Optional dependencies for util-linux
2024-05-26 03:24:21.961731 +0000 build-archlinux43: output:     words: default dictionary for look
2024-05-26 03:24:21.961776 +0000 build-archlinux43: output: installing fakeroot...
2024-05-26 03:24:22.068794 +0000 build-archlinux43: output: installing flex...
2024-05-26 03:24:22.076287 +0000 build-archlinux43: output: installing libmpc...
2024-05-26 03:24:22.076921 +0000 build-archlinux43: output: installing libisl...
2024-05-26 03:24:22.089641 +0000 build-archlinux43: output: installing gcc...
2024-05-26 03:24:22.821422 +0000 build-archlinux43: output: Optional dependencies for gcc
2024-05-26 03:24:22.821529 +0000 build-archlinux43: output:     lib32-gcc-libs: for generating code for 32-bit ABI
2024-05-26 03:24:22.821567 +0000 build-archlinux43: output: installing groff...
2024-05-26 03:24:22.870918 +0000 build-archlinux43: output: Optional dependencies for groff
2024-05-26 03:24:22.870984 +0000 build-archlinux43: output:     netpbm: for use together with man -H command interaction in browsers
2024-05-26 03:24:22.871006 +0000 build-archlinux43: output:     psutils: for use together with man -H command interaction in browsers
2024-05-26 03:24:22.871024 +0000 build-archlinux43: output:     libxaw: for gxditview
2024-05-26 03:24:22.871041 +0000 build-archlinux43: output:     perl-file-homedir: for use with glilypond
2024-05-26 03:24:22.871057 +0000 build-archlinux43: output: installing gzip...
2024-05-26 03:24:22.872036 +0000 build-archlinux43: output: Optional dependencies for gzip
2024-05-26 03:24:22.872060 +0000 build-archlinux43: output:     less: zless support
2024-05-26 03:24:22.872077 +0000 build-archlinux43: output:     util-linux: zmore support [installed]
2024-05-26 03:24:22.872126 +0000 build-archlinux43: output:     diffutils: zdiff/zcmp support [installed]
2024-05-26 03:24:22.872143 +0000 build-archlinux43: output: installing tar...
2024-05-26 03:24:22.890633 +0000 build-archlinux43: output: installing libtool...
2024-05-26 03:24:22.900602 +0000 build-archlinux43: output: installing gc...
2024-05-26 03:24:22.904946 +0000 build-archlinux43: output: installing guile...
2024-05-26 03:24:23.376447 +0000 build-archlinux43: output: installing make...
2024-05-26 03:24:23.387230 +0000 build-archlinux43: output: installing patch...
2024-05-26 03:24:23.389317 +0000 build-archlinux43: output: Optional dependencies for patch
2024-05-26 03:24:23.389346 +0000 build-archlinux43: output:     ed: for patch -e functionality
2024-05-26 03:24:23.389363 +0000 build-archlinux43: output: installing pkgconf...
2024-05-26 03:24:23.393452 +0000 build-archlinux43: output: installing sudo...
2024-05-26 03:24:23.442796 +0000 build-archlinux43: output: installing texinfo...
2024-05-26 03:24:23.546719 +0000 build-archlinux43: output: Optional dependencies for texinfo
2024-05-26 03:24:23.546826 +0000 build-archlinux43: output:     perl-archive-zip: EPUB file output via texi2any
2024-05-26 03:24:23.546857 +0000 build-archlinux43: output: installing which...
2024-05-26 03:24:23.546881 +0000 build-archlinux43: output: installing base-devel...
2024-05-26 03:24:23.822918 +0000 build-archlinux43: output: :: Running post-transaction hooks...
2024-05-26 03:24:23.822986 +0000 build-archlinux43: output: (1/3) Rebuilding certificate stores...
2024-05-26 03:24:25.488602 +0000 build-archlinux43: output: (2/3) Warn about old perl modules
2024-05-26 03:24:25.499353 +0000 build-archlinux43: output: (3/3) Updating the info directory file...
2024-05-26 03:24:28.183058 +0000 build-archlinux43: output: Initializing machine ID from random generator.
2024-05-26 03:24:31.243295 +0000 build-archlinux43: output: Generating locales....
2024-05-26 03:24:32.531643 +0000 build-archlinux43: output:   en_US.UTF-8... done.
2024-05-26 03:24:33.691022 +0000 build-archlinux43: output:   de_DE.UTF-8... done.
2024-05-26 03:24:33.691194 +0000 build-archlinux43: output: Generation complete..
2024-05-26 03:24:34.032298 +0000 build-archlinux43: output: -> Archlinux update-local-repo.sh
2024-05-26 03:24:34.036147 +0000 build-archlinux43: output:   -> Repo '/builder/repository/pkgs' appears empty; initialising...
2024-05-26 03:24:34.071459 +0000 build-archlinux43: output: Spawning container root on /builder/cache/qubes-x86_64/root.
2024-05-26 03:24:34.071524 +0000 build-archlinux43: output: Press Ctrl-] three times within 1s to kill container.
2024-05-26 03:24:34.264630 +0000 build-archlinux43: output: Container root exited successfully.
2024-05-26 03:24:34.270881 +0000 build-archlinux43: output: 
2024-05-26 03:24:34.276247 +0000 build-archlinux43: output: Spawning container root on /builder/cache/qubes-x86_64/root.
2024-05-26 03:24:34.276287 +0000 build-archlinux43: output: Press Ctrl-] three times within 1s to kill container.
2024-05-26 03:24:34.397250 +0000 build-archlinux43: output: .[1m.[32m==>.[0m.[1m Extracting qubes.db.tar.gz to a temporary location....[0m.
2024-05-26 03:24:34.421505 +0000 build-archlinux43: output: .[1m.[32m==>.[0m.[1m Extracting qubes.files.tar.gz to a temporary location....[0m.
2024-05-26 03:24:34.441853 +0000 build-archlinux43: output: .[1m.[32m==>.[0m.[1m Adding package 'pkgs/pipewire-qubes-4.2.14-1-x86_64.pkg.tar.zst'.[0m.
2024-05-26 03:24:34.468514 +0000 build-archlinux43: output: .[1m.[34m  ->.[0m.[1m Computing checksums....[0m.
2024-05-26 03:24:34.476986 +0000 build-archlinux43: output: .[1m.[34m  ->.[0m.[1m Creating 'desc' db entry....[0m.
2024-05-26 03:24:34.483606 +0000 build-archlinux43: output: .[1m.[34m  ->.[0m.[1m Creating 'files' db entry....[0m.
2024-05-26 03:24:34.494422 +0000 build-archlinux43: output: .[1m.[32m==>.[0m.[1m Creating updated database file 'pkgs/qubes.db.tar.gz'.[0m.
2024-05-26 03:24:34.569625 +0000 build-archlinux43: output: .[1m.[32m==>.[0m.[1m Extracting qubes.db.tar.gz to a temporary location....[0m.
2024-05-26 03:24:34.582646 +0000 build-archlinux43: output: .[1m.[32m==>.[0m.[1m Extracting qubes.files.tar.gz to a temporary location....[0m.
2024-05-26 03:24:34.599275 +0000 build-archlinux43: output: .[1m.[32m==>.[0m.[1m Adding package 'pkgs/qubes-gpg-split-2.0.70-1-x86_64.pkg.tar.zst'.[0m.
2024-05-26 03:24:34.621340 +0000 build-archlinux43: output: .[1m.[34m  ->.[0m.[1m Computing checksums....[0m.
2024-05-26 03:24:34.630492 +0000 build-archlinux43: output: .[1m.[34m  ->.[0m.[1m Creating 'desc' db entry....[0m.
2024-05-26 03:24:34.636854 +0000 build-archlinux43: output: .[1m.[34m  ->.[0m.[1m Creating 'files' db entry....[0m.
2024-05-26 03:24:34.646511 +0000 build-archlinux43: output: .[1m.[32m==>.[0m.[1m Creating updated database file 'pkgs/qubes.db.tar.gz'.[0m.
2024-05-26 03:24:34.711134 +0000 build-archlinux43: output: .[1m.[32m==>.[0m.[1m Extracting qubes.db.tar.gz to a temporary location....[0m.
2024-05-26 03:24:34.728846 +0000 build-archlinux43: output: .[1m.[32m==>.[0m.[1m Extracting qubes.files.tar.gz to a temporary location....[0m.
2024-05-26 03:24:34.751721 +0000 build-archlinux43: output: .[1m.[32m==>.[0m.[1m Adding package 'pkgs/qubes-img-converter-1.2.16-1-x86_64.pkg.tar.zst'.[0m.
2024-05-26 03:24:34.781616 +0000 build-archlinux43: output: .[1m.[34m  ->.[0m.[1m Computing checksums....[0m.
2024-05-26 03:24:34.792455 +0000 build-archlinux43: output: .[1m.[34m  ->.[0m.[1m Creating 'desc' db entry....[0m.
2024-05-26 03:24:34.798740 +0000 build-archlinux43: output: .[1m.[34m  ->.[0m.[1m Creating 'files' db entry....[0m.
2024-05-26 03:24:34.809774 +0000 build-archlinux43: output: .[1m.[32m==>.[0m.[1m Creating updated database file 'pkgs/qubes.db.tar.gz'.[0m.
2024-05-26 03:24:34.885680 +0000 build-archlinux43: output: .[1m.[32m==>.[0m.[1m Extracting qubes.db.tar.gz to a temporary location....[0m.
2024-05-26 03:24:34.902251 +0000 build-archlinux43: output: .[1m.[32m==>.[0m.[1m Extracting qubes.files.tar.gz to a temporary location....[0m.
2024-05-26 03:24:34.919950 +0000 build-archlinux43: output: .[1m.[32m==>.[0m.[1m Adding package 'pkgs/qubes-input-proxy-1.0.36-1-x86_64.pkg.tar.zst'.[0m.
2024-05-26 03:24:34.943606 +0000 build-archlinux43: output: .[1m.[34m  ->.[0m.[1m Computing checksums....[0m.
2024-05-26 03:24:34.958528 +0000 build-archlinux43: output: .[1m.[34m  ->.[0m.[1m Creating 'desc' db entry....[0m.
2024-05-26 03:24:34.968209 +0000 build-archlinux43: output: .[1m.[34m  ->.[0m.[1m Creating 'files' db entry....[0m.
2024-05-26 03:24:34.980345 +0000 build-archlinux43: output: .[1m.[32m==>.[0m.[1m Creating updated database file 'pkgs/qubes.db.tar.gz'.[0m.
2024-05-26 03:24:35.063547 +0000 build-archlinux43: output: .[1m.[32m==>.[0m.[1m Extracting qubes.db.tar.gz to a temporary location....[0m.
2024-05-26 03:24:35.082007 +0000 build-archlinux43: output: .[1m.[32m==>.[0m.[1m Extracting qubes.files.tar.gz to a temporary location....[0m.
2024-05-26 03:24:35.101262 +0000 build-archlinux43: output: .[1m.[32m==>.[0m.[1m Adding package 'pkgs/qubes-libvchan-xen-4.2.3-1-x86_64.pkg.tar.zst'.[0m.
2024-05-26 03:24:35.122329 +0000 build-archlinux43: output: .[1m.[34m  ->.[0m.[1m Computing checksums....[0m.
2024-05-26 03:24:35.130334 +0000 build-archlinux43: output: .[1m.[34m  ->.[0m.[1m Creating 'desc' db entry....[0m.
2024-05-26 03:24:35.136527 +0000 build-archlinux43: output: .[1m.[34m  ->.[0m.[1m Creating 'files' db entry....[0m.
2024-05-26 03:24:35.143629 +0000 build-archlinux43: output: .[1m.[32m==>.[0m.[1m Creating updated database file 'pkgs/qubes.db.tar.gz'.[0m.
2024-05-26 03:24:35.222816 +0000 build-archlinux43: output: .[1m.[32m==>.[0m.[1m Extracting qubes.db.tar.gz to a temporary location....[0m.
2024-05-26 03:24:35.236338 +0000 build-archlinux43: output: .[1m.[32m==>.[0m.[1m Extracting qubes.files.tar.gz to a temporary location....[0m.
2024-05-26 03:24:35.253497 +0000 build-archlinux43: output: .[1m.[32m==>.[0m.[1m Adding package 'pkgs/qubes-pdf-converter-2.1.19-1-x86_64.pkg.tar.zst'.[0m.
2024-05-26 03:24:35.287295 +0000 build-archlinux43: output: .[1m.[34m  ->.[0m.[1m Computing checksums....[0m.
2024-05-26 03:24:35.295930 +0000 build-archlinux43: output: .[1m.[34m  ->.[0m.[1m Creating 'desc' db entry....[0m.
2024-05-26 03:24:35.302765 +0000 build-archlinux43: output: .[1m.[34m  ->.[0m.[1m Creating 'files' db entry....[0m.
2024-05-26 03:24:35.312713 +0000 build-archlinux43: output: .[1m.[32m==>.[0m.[1m Creating updated database file 'pkgs/qubes.db.tar.gz'.[0m.
2024-05-26 03:24:35.389614 +0000 build-archlinux43: output: .[1m.[32m==>.[0m.[1m Extracting qubes.db.tar.gz to a temporary location....[0m.
2024-05-26 03:24:35.406219 +0000 build-archlinux43: output: .[1m.[32m==>.[0m.[1m Extracting qubes.files.tar.gz to a temporary location....[0m.
2024-05-26 03:24:35.422462 +0000 build-archlinux43: output: .[1m.[32m==>.[0m.[1m Adding package 'pkgs/qubes-usb-proxy-1.2.1-1-x86_64.pkg.tar.zst'.[0m.
2024-05-26 03:24:35.441516 +0000 build-archlinux43: output: .[1m.[34m  ->.[0m.[1m Computing checksums....[0m.
2024-05-26 03:24:35.451084 +0000 build-archlinux43: output: .[1m.[34m  ->.[0m.[1m Creating 'desc' db entry....[0m.
2024-05-26 03:24:35.457611 +0000 build-archlinux43: output: .[1m.[34m  ->.[0m.[1m Creating 'files' db entry....[0m.
2024-05-26 03:24:35.466883 +0000 build-archlinux43: output: .[1m.[32m==>.[0m.[1m Creating updated database file 'pkgs/qubes.db.tar.gz'.[0m.
2024-05-26 03:24:35.553363 +0000 build-archlinux43: output: .[1m.[32m==>.[0m.[1m Extracting qubes.db.tar.gz to a temporary location....[0m.
2024-05-26 03:24:35.572385 +0000 build-archlinux43: output: .[1m.[32m==>.[0m.[1m Extracting qubes.files.tar.gz to a temporary location....[0m.
2024-05-26 03:24:35.590479 +0000 build-archlinux43: output: .[1m.[32m==>.[0m.[1m Adding package 'pkgs/qubes-vm-gui-4.2.14-1-x86_64.pkg.tar.zst'.[0m.
2024-05-26 03:24:35.619447 +0000 build-archlinux43: output: .[1m.[34m  ->.[0m.[1m Computing checksums....[0m.
2024-05-26 03:24:35.625398 +0000 build-archlinux43: output: .[1m.[34m  ->.[0m.[1m Creating 'desc' db entry....[0m.
2024-05-26 03:24:35.631000 +0000 build-archlinux43: output: .[1m.[34m  ->.[0m.[1m Creating 'files' db entry....[0m.
2024-05-26 03:24:35.643814 +0000 build-archlinux43: output: .[1m.[32m==>.[0m.[1m Creating updated database file 'pkgs/qubes.db.tar.gz'.[0m.
2024-05-26 03:24:35.743353 +0000 build-archlinux43: output: .[1m.[32m==>.[0m.[1m Extracting qubes.db.tar.gz to a temporary location....[0m.
2024-05-26 03:24:35.763190 +0000 build-archlinux43: output: .[1m.[32m==>.[0m.[1m Extracting qubes.files.tar.gz to a temporary location....[0m.
2024-05-26 03:24:35.788284 +0000 build-archlinux43: output: .[1m.[32m==>.[0m.[1m Adding package 'pkgs/qubes-vm-gui-common-4.2.4-1-x86_64.pkg.tar.zst'.[0m.
2024-05-26 03:24:35.810731 +0000 build-archlinux43: output: .[1m.[34m  ->.[0m.[1m Computing checksums....[0m.
2024-05-26 03:24:35.820998 +0000 build-archlinux43: output: .[1m.[34m  ->.[0m.[1m Creating 'desc' db entry....[0m.
2024-05-26 03:24:35.827529 +0000 build-archlinux43: output: .[1m.[34m  ->.[0m.[1m Creating 'files' db entry....[0m.
2024-05-26 03:24:35.838351 +0000 build-archlinux43: output: .[1m.[32m==>.[0m.[1m Creating updated database file 'pkgs/qubes.db.tar.gz'.[0m.
2024-05-26 03:24:35.925309 +0000 build-archlinux43: output: .[1m.[32m==>.[0m.[1m Extracting qubes.db.tar.gz to a temporary location....[0m.
2024-05-26 03:24:35.943493 +0000 build-archlinux43: output: .[1m.[32m==>.[0m.[1m Extracting qubes.files.tar.gz to a temporary location....[0m.
2024-05-26 03:24:35.965869 +0000 build-archlinux43: output: .[1m.[32m==>.[0m.[1m Adding package 'pkgs/qubes-vm-kernel-support-4.2.16-1-x86_64.pkg.tar.zst'.[0m.
2024-05-26 03:24:35.997780 +0000 build-archlinux43: output: .[1m.[34m  ->.[0m.[1m Computing checksums....[0m.
2024-05-26 03:24:36.012144 +0000 build-archlinux43: output: .[1m.[34m  ->.[0m.[1m Creating 'desc' db entry....[0m.
2024-05-26 03:24:36.021519 +0000 build-archlinux43: output: .[1m.[34m  ->.[0m.[1m Creating 'files' db entry....[0m.
2024-05-26 03:24:36.034294 +0000 build-archlinux43: output: .[1m.[32m==>.[0m.[1m Creating updated database file 'pkgs/qubes.db.tar.gz'.[0m.
2024-05-26 03:24:36.106741 +0000 build-archlinux43: output: .[1m.[32m==>.[0m.[1m Extracting qubes.db.tar.gz to a temporary location....[0m.
2024-05-26 03:24:36.123952 +0000 build-archlinux43: output: .[1m.[32m==>.[0m.[1m Extracting qubes.files.tar.gz to a temporary location....[0m.
2024-05-26 03:24:36.142142 +0000 build-archlinux43: output: .[1m.[32m==>.[0m.[1m Adding package 'pkgs/qubes-vm-pulseaudio-4.2.14-1-x86_64.pkg.tar.zst'.[0m.
2024-05-26 03:24:36.171985 +0000 build-archlinux43: output: .[1m.[34m  ->.[0m.[1m Computing checksums....[0m.
2024-05-26 03:24:36.182293 +0000 build-archlinux43: output: .[1m.[34m  ->.[0m.[1m Creating 'desc' db entry....[0m.
2024-05-26 03:24:36.191350 +0000 build-archlinux43: output: .[1m.[34m  ->.[0m.[1m Creating 'files' db entry....[0m.
2024-05-26 03:24:36.204625 +0000 build-archlinux43: output: .[1m.[32m==>.[0m.[1m Creating updated database file 'pkgs/qubes.db.tar.gz'.[0m.
2024-05-26 03:24:36.301856 +0000 build-archlinux43: output: .[1m.[32m==>.[0m.[1m Extracting qubes.db.tar.gz to a temporary location....[0m.
2024-05-26 03:24:36.315450 +0000 build-archlinux43: output: .[1m.[32m==>.[0m.[1m Extracting qubes.files.tar.gz to a temporary location....[0m.
2024-05-26 03:24:36.330975 +0000 build-archlinux43: output: .[1m.[32m==>.[0m.[1m Adding package 'pkgs/qubes-vm-qrexec-4.2.19-1-x86_64.pkg.tar.zst'.[0m.
2024-05-26 03:24:36.350508 +0000 build-archlinux43: output: .[1m.[34m  ->.[0m.[1m Computing checksums....[0m.
2024-05-26 03:24:36.359694 +0000 build-archlinux43: output: .[1m.[34m  ->.[0m.[1m Creating 'desc' db entry....[0m.
2024-05-26 03:24:36.365212 +0000 build-archlinux43: output: .[1m.[34m  ->.[0m.[1m Creating 'files' db entry....[0m.
2024-05-26 03:24:36.380418 +0000 build-archlinux43: output: .[1m.[32m==>.[0m.[1m Creating updated database file 'pkgs/qubes.db.tar.gz'.[0m.
2024-05-26 03:24:36.458395 +0000 build-archlinux43: output: .[1m.[32m==>.[0m.[1m Extracting qubes.db.tar.gz to a temporary location....[0m.
2024-05-26 03:24:36.479140 +0000 build-archlinux43: output: .[1m.[32m==>.[0m.[1m Extracting qubes.files.tar.gz to a temporary location....[0m.
2024-05-26 03:24:36.503113 +0000 build-archlinux43: output: .[1m.[32m==>.[0m.[1m Adding package 'pkgs/qubes-vm-utils-4.2.16-1-x86_64.pkg.tar.zst'.[0m.
2024-05-26 03:24:36.519714 +0000 build-archlinux43: output: .[1m.[34m  ->.[0m.[1m Computing checksums....[0m.
2024-05-26 03:24:36.526824 +0000 build-archlinux43: output: .[1m.[34m  ->.[0m.[1m Creating 'desc' db entry....[0m.
2024-05-26 03:24:36.531878 +0000 build-archlinux43: output: .[1m.[34m  ->.[0m.[1m Creating 'files' db entry....[0m.
2024-05-26 03:24:36.545309 +0000 build-archlinux43: output: .[1m.[32m==>.[0m.[1m Creating updated database file 'pkgs/qubes.db.tar.gz'.[0m.
2024-05-26 03:24:36.614937 +0000 build-archlinux43: output: .[1m.[32m==>.[0m.[1m Extracting qubes.db.tar.gz to a temporary location....[0m.
2024-05-26 03:24:36.633077 +0000 build-archlinux43: output: .[1m.[32m==>.[0m.[1m Extracting qubes.files.tar.gz to a temporary location....[0m.
2024-05-26 03:24:36.655716 +0000 build-archlinux43: output: .[1m.[32m==>.[0m.[1m Adding package 'pkgs/qubes-vm-xen-4.17.4-3-x86_64.pkg.tar.zst'.[0m.
2024-05-26 03:24:36.679546 +0000 build-archlinux43: output: .[1m.[34m  ->.[0m.[1m Computing checksums....[0m.
2024-05-26 03:24:36.691560 +0000 build-archlinux43: output: .[1m.[34m  ->.[0m.[1m Creating 'desc' db entry....[0m.
2024-05-26 03:24:36.698165 +0000 build-archlinux43: output: .[1m.[34m  ->.[0m.[1m Creating 'files' db entry....[0m.
2024-05-26 03:24:36.723725 +0000 build-archlinux43: output: .[1m.[32m==>.[0m.[1m Creating updated database file 'pkgs/qubes.db.tar.gz'.[0m.
2024-05-26 03:24:36.764186 +0000 build-archlinux43: output: Container root exited successfully.
2024-05-26 03:24:36.773897 +0000 build-archlinux43: output: Spawning container root on /builder/cache/qubes-x86_64/root.
2024-05-26 03:24:36.773945 +0000 build-archlinux43: output: Press Ctrl-] three times within 1s to kill container.
2024-05-26 03:24:36.840048 +0000 build-archlinux43: output: Container root exited successfully.
2024-05-26 03:24:36.845183 +0000 build-archlinux43: output: 
2024-05-26 03:24:36.853211 +0000 build-archlinux43: output: Spawning container root on /builder/cache/qubes-x86_64/root.
2024-05-26 03:24:36.853280 +0000 build-archlinux43: output: Press Ctrl-] three times within 1s to kill container.
2024-05-26 03:24:36.924878 +0000 build-archlinux43: output: .[?25l:: Synchronizing package databases....
2024-05-26 03:24:36.924941 +0000 build-archlinux43: output:  core downloading....
2024-05-26 03:24:36.924959 +0000 build-archlinux43: output:  community downloading....
2024-05-26 03:24:36.924974 +0000 build-archlinux43: output:  extra downloading....
2024-05-26 03:24:36.924988 +0000 build-archlinux43: output:  multilib downloading....
2024-05-26 03:24:50.907239 +0000 build-archlinux43: output: error: failed retrieving file 'core.db' from mirror.rackspace.com : Connection time-out.
2024-05-26 03:24:50.907361 +0000 build-archlinux43: output: error: failed retrieving file 'community.db' from mirror.rackspace.com : Connection time-out.
2024-05-26 03:24:50.907407 +0000 build-archlinux43: output: error: failed retrieving file 'extra.db' from mirror.rackspace.com : Connection time-out.
2024-05-26 03:24:50.907449 +0000 build-archlinux43: output: warning: too many errors from mirror.rackspace.com, skipping for the remainder of this transaction.
2024-05-26 03:24:50.907491 +0000 build-archlinux43: output: error: failed retrieving file 'multilib.db' from mirror.rackspace.com : Connection time-out.
2024-05-26 03:24:50.914304 +0000 build-archlinux43: output: warning: archlinux-keyring-20240520-1 is up to date -- reinstalling.
2024-05-26 03:24:50.914336 +0000 build-archlinux43: output: resolving dependencies....
2024-05-26 03:24:50.916701 +0000 build-archlinux43: output: looking for conflicting packages....
2024-05-26 03:24:50.919160 +0000 build-archlinux43: output: .
2024-05-26 03:24:50.919206 +0000 build-archlinux43: output: Packages (1) archlinux-keyring-20240520-1.
2024-05-26 03:24:50.919270 +0000 build-archlinux43: output: .
2024-05-26 03:24:50.919298 +0000 build-archlinux43: output: Total Download Size:   1.17 MiB.
2024-05-26 03:24:50.919322 +0000 build-archlinux43: output: Total Installed Size:  1.66 MiB.
2024-05-26 03:24:50.919345 +0000 build-archlinux43: output: Net Upgrade Size:      0.00 MiB.
2024-05-26 03:24:50.919366 +0000 build-archlinux43: output: .
2024-05-26 03:24:50.919390 +0000 build-archlinux43: output: :: Proceed with installation? [Y/n] .
2024-05-26 03:24:50.919510 +0000 build-archlinux43: output: :: Retrieving packages....
2024-05-26 03:24:50.919544 +0000 build-archlinux43: output:  archlinux-keyring-20240520-1-any downloading....
2024-05-26 03:24:59.162978 +0000 build-archlinux43: output: checking keyring....
2024-05-26 03:24:59.199255 +0000 build-archlinux43: output: checking package integrity....
2024-05-26 03:24:59.227328 +0000 build-archlinux43: output: loading package files....
2024-05-26 03:24:59.227796 +0000 build-archlinux43: output: checking for file conflicts....
2024-05-26 03:24:59.227822 +0000 build-archlinux43: output: :: Processing package changes....
2024-05-26 03:24:59.227834 +0000 build-archlinux43: output: reinstalling archlinux-keyring....
2024-05-26 03:24:59.304239 +0000 build-archlinux43: output: gpg: Warning: using insecure memory!.
2024-05-26 03:24:59.317080 +0000 build-archlinux43: output: ==> Appending keys from archlinux.gpg....
2024-05-26 03:24:59.319653 +0000 build-archlinux43: output: gpg: Warning: using insecure memory!.
2024-05-26 03:25:01.028549 +0000 build-archlinux43: output: gpg: Warning: using insecure memory!.
2024-05-26 03:25:01.040535 +0000 build-archlinux43: output: gpg: Warning: using insecure memory!.
2024-05-26 03:25:01.049631 +0000 build-archlinux43: output: gpg: Warning: using insecure memory!.
2024-05-26 03:25:01.069704 +0000 build-archlinux43: output: gpg: Warning: using insecure memory!.
2024-05-26 03:25:01.077766 +0000 build-archlinux43: output: gpg: Warning: using insecure memory!.
2024-05-26 03:25:01.095506 +0000 build-archlinux43: output: gpg: Warning: using insecure memory!.
2024-05-26 03:25:01.103630 +0000 build-archlinux43: output: gpg: Warning: using insecure memory!.
2024-05-26 03:25:01.121588 +0000 build-archlinux43: output: gpg: Warning: using insecure memory!.
2024-05-26 03:25:01.129071 +0000 build-archlinux43: output: gpg: Warning: using insecure memory!.
2024-05-26 03:25:01.147345 +0000 build-archlinux43: output: gpg: Warning: using insecure memory!.
2024-05-26 03:25:01.157736 +0000 build-archlinux43: output: gpg: Warning: using insecure memory!.
2024-05-26 03:25:01.164532 +0000 build-archlinux43: output: gpg: Warning: using insecure memory!.
2024-05-26 03:25:01.170949 +0000 build-archlinux43: output: gpg: Warning: using insecure memory!.
2024-05-26 03:25:01.177431 +0000 build-archlinux43: output: gpg: Warning: using insecure memory!.
2024-05-26 03:25:01.184201 +0000 build-archlinux43: output: gpg: Warning: using insecure memory!.
2024-05-26 03:25:01.190873 +0000 build-archlinux43: output: gpg: Warning: using insecure memory!.
2024-05-26 03:25:01.197787 +0000 build-archlinux43: output: gpg: Warning: using insecure memory!.
2024-05-26 03:25:01.204599 +0000 build-archlinux43: output: gpg: Warning: using insecure memory!.
2024-05-26 03:25:01.211375 +0000 build-archlinux43: output: gpg: Warning: using insecure memory!.
2024-05-26 03:25:01.218375 +0000 build-archlinux43: output: gpg: Warning: using insecure memory!.
2024-05-26 03:25:01.225450 +0000 build-archlinux43: output: gpg: Warning: using insecure memory!.
2024-05-26 03:25:01.231832 +0000 build-archlinux43: output: gpg: Warning: using insecure memory!.
2024-05-26 03:25:01.238678 +0000 build-archlinux43: output: gpg: Warning: using insecure memory!.
2024-05-26 03:25:01.244970 +0000 build-archlinux43: output: gpg: Warning: using insecure memory!.
2024-05-26 03:25:01.260566 +0000 build-archlinux43: output: gpg: Warning: using insecure memory!.
2024-05-26 03:25:01.268483 +0000 build-archlinux43: output: gpg: Warning: using insecure memory!.
2024-05-26 03:25:01.275282 +0000 build-archlinux43: output: gpg: Warning: using insecure memory!.
2024-05-26 03:25:01.281991 +0000 build-archlinux43: output: gpg: Warning: using insecure memory!.
2024-05-26 03:25:01.289159 +0000 build-archlinux43: output: gpg: Warning: using insecure memory!.
2024-05-26 03:25:01.296339 +0000 build-archlinux43: output: gpg: Warning: using insecure memory!.
2024-05-26 03:25:01.303289 +0000 build-archlinux43: output: gpg: Warning: using insecure memory!.
2024-05-26 03:25:01.310111 +0000 build-archlinux43: output: gpg: Warning: using insecure memory!.
2024-05-26 03:25:01.316676 +0000 build-archlinux43: output: gpg: Warning: using insecure memory!.
2024-05-26 03:25:01.323142 +0000 build-archlinux43: output: gpg: Warning: using insecure memory!.
2024-05-26 03:25:01.330116 +0000 build-archlinux43: output: gpg: Warning: using insecure memory!.
2024-05-26 03:25:01.336929 +0000 build-archlinux43: output: gpg: Warning: using insecure memory!.
2024-05-26 03:25:01.344156 +0000 build-archlinux43: output: gpg: Warning: using insecure memory!.
2024-05-26 03:25:01.351418 +0000 build-archlinux43: output: gpg: Warning: using insecure memory!.
2024-05-26 03:25:01.359140 +0000 build-archlinux43: output: gpg: Warning: using insecure memory!.
2024-05-26 03:25:01.366907 +0000 build-archlinux43: output: gpg: Warning: using insecure memory!.
2024-05-26 03:25:01.373939 +0000 build-archlinux43: output: gpg: Warning: using insecure memory!.
2024-05-26 03:25:01.380848 +0000 build-archlinux43: output: gpg: Warning: using insecure memory!.
2024-05-26 03:25:01.388129 +0000 build-archlinux43: output: gpg: Warning: using insecure memory!.
2024-05-26 03:25:01.395196 +0000 build-archlinux43: output: gpg: Warning: using insecure memory!.
2024-05-26 03:25:01.402188 +0000 build-archlinux43: output: gpg: Warning: using insecure memory!.
2024-05-26 03:25:01.408422 +0000 build-archlinux43: output: gpg: Warning: using insecure memory!.
2024-05-26 03:25:01.414734 +0000 build-archlinux43: output: gpg: Warning: using insecure memory!.
2024-05-26 03:25:01.421502 +0000 build-archlinux43: output: gpg: Warning: using insecure memory!.
2024-05-26 03:25:01.427866 +0000 build-archlinux43: output: gpg: Warning: using insecure memory!.
2024-05-26 03:25:01.434395 +0000 build-archlinux43: output: gpg: Warning: using insecure memory!.
2024-05-26 03:25:01.441159 +0000 build-archlinux43: output: gpg: Warning: using insecure memory!.
2024-05-26 03:25:01.447533 +0000 build-archlinux43: output: gpg: Warning: using insecure memory!.
2024-05-26 03:25:01.453781 +0000 build-archlinux43: output: gpg: Warning: using insecure memory!.
2024-05-26 03:25:01.460161 +0000 build-archlinux43: output: gpg: Warning: using insecure memory!.
2024-05-26 03:25:01.466908 +0000 build-archlinux43: output: gpg: Warning: using insecure memory!.
2024-05-26 03:25:01.473291 +0000 build-archlinux43: output: ==> Updating trust database....
2024-05-26 03:25:01.478682 +0000 build-archlinux43: output: gpg: Warning: using insecure memory!.
2024-05-26 03:25:01.479014 +0000 build-archlinux43: output: gpg: next trustdb check due at 2024-06-29.
2024-05-26 03:25:01.530538 +0000 build-archlinux43: output: .[?25hContainer root exited successfully.
2024-05-26 03:25:01.534738 +0000 build-archlinux43: output: 
2024-05-26 03:25:01.539778 +0000 build-archlinux43: output: Spawning container root on /builder/cache/qubes-x86_64/root.
2024-05-26 03:25:01.539815 +0000 build-archlinux43: output: Press Ctrl-] three times within 1s to kill container.
2024-05-26 03:25:01.623419 +0000 build-archlinux43: output: .[?25l:: Synchronizing package databases....
2024-05-26 03:25:01.623481 +0000 build-archlinux43: output:  core downloading....
2024-05-26 03:25:01.623500 +0000 build-archlinux43: output:  community downloading....
2024-05-26 03:25:01.623514 +0000 build-archlinux43: output:  extra downloading....
2024-05-26 03:25:01.623528 +0000 build-archlinux43: output:  multilib downloading....
2024-05-26 03:25:13.062626 +0000 build-archlinux43: output: :: Starting full system upgrade....
2024-05-26 03:25:13.273624 +0000 build-archlinux43: output:  there is nothing to do.
2024-05-26 03:25:13.299000 +0000 build-archlinux43: output: .[?25hContainer root exited successfully.
2024-05-26 03:25:13.304136 +0000 build-archlinux43: output: 
2024-05-26 03:25:15.447614 +0000 build-archlinux43: output: .[?25l:: Synchronizing package databases....
2024-05-26 03:25:15.447796 +0000 build-archlinux43: output:  core.
2024-05-26 03:25:15.447925 +0000 build-archlinux43: output:  community.
2024-05-26 03:25:15.448218 +0000 build-archlinux43: output:  extra.
2024-05-26 03:25:15.448251 +0000 build-archlinux43: output:  multilib.
2024-05-26 03:25:15.448274 +0000 build-archlinux43: output:  qubes.
2024-05-26 03:25:27.050497 +0000 build-archlinux43: output: .[1F qubes                   3.7 KiB  1.00   B/s 00:00 [######################] 100%. qubes                   3.7 KiB  1231 KiB/s 00:00 [######################] 100%..[3F community is up to date.[K.[2E multilib is up to date.[K.[3F core is up to date.[K.[2E extra is up to date.[K.[3E:: Starting full system upgrade....
2024-05-26 03:25:27.316199 +0000 build-archlinux43: output:  there is nothing to do.
2024-05-26 03:25:27.398573 +0000 build-archlinux43: output: .[?25h==> Building in chroot for [qubes] (x86_64)...
2024-05-26 03:25:49.725785 +0000 build-archlinux43: output: ==> Synchronizing chroot copy [/builder/cache/qubes-x86_64/root] -> [user]...done
2024-05-26 03:25:51.285005 +0000 build-archlinux43: output: ==> Making package: qubes-vm-dependencies 4.3.0-1 (Sat May 25 23:25:50 2024)
2024-05-26 03:25:51.289923 +0000 build-archlinux43: output: ==> Retrieving sources...
2024-05-26 03:25:51.297492 +0000 build-archlinux43: output:   -> Found qubes-vm-dependencies-4.3.0-1.tar.gz
2024-05-26 03:25:51.301919 +0000 build-archlinux43: output: ==> WARNING: Skipping all source file integrity checks.
2024-05-26 03:25:56.977785 +0000 build-archlinux43: output: .[1m.[32m==>.[0m.[1m Making package: qubes-vm-dependencies 4.3.0-1 (Sat May 25 23:25:56 2024).[0m.
2024-05-26 03:25:56.979497 +0000 build-archlinux43: output: .[1m.[32m==>.[0m.[1m Checking runtime dependencies....[0m.
2024-05-26 03:25:56.984142 +0000 build-archlinux43: output: .[1m.[32m==>.[0m.[1m Checking buildtime dependencies....[0m.
2024-05-26 03:25:56.991331 +0000 build-archlinux43: output: .[1m.[32m==>.[0m.[1m Retrieving sources....[0m.
2024-05-26 03:25:57.001514 +0000 build-archlinux43: output: .[1m.[34m  ->.[0m.[1m Found qubes-vm-dependencies-4.3.0-1.tar.gz.[0m.
2024-05-26 03:25:57.010669 +0000 build-archlinux43: output: .[1m.[33m==> WARNING:.[0m.[1m Skipping all source file integrity checks..[0m.
2024-05-26 03:25:57.013999 +0000 build-archlinux43: output: .[1m.[32m==>.[0m.[1m Extracting sources....[0m.
2024-05-26 03:25:57.046165 +0000 build-archlinux43: output: .[1m.[34m  ->.[0m.[1m Extracting qubes-vm-dependencies-4.3.0-1.tar.gz with bsdtar.[0m.
2024-05-26 03:25:57.121699 +0000 build-archlinux43: output: .[1m.[32m==>.[0m.[1m Entering fakeroot environment....[0m.
2024-05-26 03:26:00.240359 +0000 build-archlinux43: output: .[1m.[32m==>.[0m.[1m Starting package_qubes-vm-dependencies()....[0m.
2024-05-26 03:26:00.261020 +0000 build-archlinux43: output: .[1m.[32m==>.[0m.[1m Tidying install....[0m.
2024-05-26 03:26:00.263660 +0000 build-archlinux43: output: .[1m.[34m  ->.[0m.[1m Removing libtool files....[0m.
2024-05-26 03:26:00.269172 +0000 build-archlinux43: output: .[1m.[34m  ->.[0m.[1m Purging unwanted files....[0m.
2024-05-26 03:26:00.287975 +0000 build-archlinux43: output: .[1m.[34m  ->.[0m.[1m Removing static library files....[0m.
2024-05-26 03:26:00.293292 +0000 build-archlinux43: output: .[1m.[34m  ->.[0m.[1m Stripping unneeded symbols from binaries and libraries....[0m.
2024-05-26 03:26:00.301329 +0000 build-archlinux43: output: .[1m.[34m  ->.[0m.[1m Compressing man and info pages....[0m.
2024-05-26 03:26:00.305694 +0000 build-archlinux43: output: .[1m.[32m==>.[0m.[1m Checking for packaging issues....[0m.
2024-05-26 03:26:00.317579 +0000 build-archlinux43: output: .[1m.[32m==>.[0m.[1m Creating package "qubes-vm-dependencies"....[0m.
2024-05-26 03:26:00.320287 +0000 build-archlinux43: output: .[1m.[34m  ->.[0m.[1m Generating .PKGINFO file....[0m.
2024-05-26 03:26:00.344862 +0000 build-archlinux43: output: .[1m.[34m  ->.[0m.[1m Generating .BUILDINFO file....[0m.
2024-05-26 03:26:00.450647 +0000 build-archlinux43: output: .[1m.[34m  ->.[0m.[1m Generating .MTREE file....[0m.
2024-05-26 03:26:00.470798 +0000 build-archlinux43: output: .[1m.[34m  ->.[0m.[1m Compressing package....[0m.
2024-05-26 03:26:00.590677 +0000 build-archlinux43: output: .[1m.[32m==>.[0m.[1m Starting package_qubes-vm-recommended()....[0m.
2024-05-26 03:26:00.608078 +0000 build-archlinux43: output: .[1m.[32m==>.[0m.[1m Tidying install....[0m.
2024-05-26 03:26:00.610481 +0000 build-archlinux43: output: .[1m.[34m  ->.[0m.[1m Removing libtool files....[0m.
2024-05-26 03:26:00.614998 +0000 build-archlinux43: output: .[1m.[34m  ->.[0m.[1m Purging unwanted files....[0m.
2024-05-26 03:26:00.624580 +0000 build-archlinux43: output: .[1m.[34m  ->.[0m.[1m Removing static library files....[0m.
2024-05-26 03:26:00.628888 +0000 build-archlinux43: output: .[1m.[34m  ->.[0m.[1m Stripping unneeded symbols from binaries and libraries....[0m.
2024-05-26 03:26:00.634931 +0000 build-archlinux43: output: .[1m.[34m  ->.[0m.[1m Compressing man and info pages....[0m.
2024-05-26 03:26:00.639324 +0000 build-archlinux43: output: .[1m.[32m==>.[0m.[1m Checking for packaging issues....[0m.
2024-05-26 03:26:00.651317 +0000 build-archlinux43: output: .[1m.[32m==>.[0m.[1m Creating package "qubes-vm-recommended"....[0m.
2024-05-26 03:26:00.651628 +0000 build-archlinux43: output: .[1m.[34m  ->.[0m.[1m Generating .PKGINFO file....[0m.
2024-05-26 03:26:00.717620 +0000 build-archlinux43: output: .[1m.[34m  ->.[0m.[1m Generating .BUILDINFO file....[0m.
2024-05-26 03:26:00.756536 +0000 build-archlinux43: output: .[1m.[34m  ->.[0m.[1m Generating .MTREE file....[0m.
2024-05-26 03:26:00.771758 +0000 build-archlinux43: output: .[1m.[34m  ->.[0m.[1m Compressing package....[0m.
2024-05-26 03:26:00.918929 +0000 build-archlinux43: output: .[1m.[32m==>.[0m.[1m Starting package_qubes-vm-repo()....[0m.
2024-05-26 03:26:00.957702 +0000 build-archlinux43: output: .[1m.[32m==>.[0m.[1m Tidying install....[0m.
2024-05-26 03:26:00.960244 +0000 build-archlinux43: output: .[1m.[34m  ->.[0m.[1m Removing libtool files....[0m.
2024-05-26 03:26:00.992792 +0000 build-archlinux43: output: .[1m.[34m  ->.[0m.[1m Purging unwanted files....[0m.
2024-05-26 03:26:01.080681 +0000 build-archlinux43: output: .[1m.[34m  ->.[0m.[1m Removing static library files....[0m.
2024-05-26 03:26:01.097356 +0000 build-archlinux43: output: .[1m.[34m  ->.[0m.[1m Stripping unneeded symbols from binaries and libraries....[0m.
2024-05-26 03:26:01.146699 +0000 build-archlinux43: output: .[1m.[34m  ->.[0m.[1m Compressing man and info pages....[0m.
2024-05-26 03:26:01.152599 +0000 build-archlinux43: output: .[1m.[32m==>.[0m.[1m Checking for packaging issues....[0m.
2024-05-26 03:26:01.171667 +0000 build-archlinux43: output: .[1m.[32m==>.[0m.[1m Creating package "qubes-vm-repo"....[0m.
2024-05-26 03:26:01.175085 +0000 build-archlinux43: output: .[1m.[34m  ->.[0m.[1m Generating .PKGINFO file....[0m.
2024-05-26 03:26:01.200245 +0000 build-archlinux43: output: .[1m.[34m  ->.[0m.[1m Generating .BUILDINFO file....[0m.
2024-05-26 03:26:01.232568 +0000 build-archlinux43: output: .[1m.[34m  ->.[0m.[1m Adding install file....[0m.
2024-05-26 03:26:01.249068 +0000 build-archlinux43: output: .[1m.[34m  ->.[0m.[1m Generating .MTREE file....[0m.
2024-05-26 03:26:01.263260 +0000 build-archlinux43: output: .[1m.[34m  ->.[0m.[1m Compressing package....[0m.
2024-05-26 03:26:01.435804 +0000 build-archlinux43: output: .[1m.[32m==>.[0m.[1m Leaving fakeroot environment..[0m.
2024-05-26 03:26:01.443484 +0000 build-archlinux43: output: .[1m.[32m==>.[0m.[1m Finished making: qubes-vm-dependencies 4.3.0-1 (Sat May 25 23:26:01 2024).[0m.
2024-05-26 03:26:01.445373 +0000 build-archlinux43: output: .[1m.[32m==>.[0m.[1m Installing qubes-vm-dependencies package group with pacman -U....[0m.
2024-05-26 03:26:01.497571 +0000 build-archlinux43: output: .[?25lloading packages....
2024-05-26 03:26:01.507995 +0000 build-archlinux43: output: resolving dependencies....
2024-05-26 03:26:01.730417 +0000 build-archlinux43: output: warning: cannot resolve "qubes-vm-core", a dependency of "qubes-vm-dependencies".
2024-05-26 03:26:01.737894 +0000 build-archlinux43: output: :: There are 2 providers available for dbus-units:.
2024-05-26 03:26:01.737954 +0000 build-archlinux43: output: :: Repository core.
2024-05-26 03:26:01.737965 +0000 build-archlinux43: output:    1) dbus-broker-units  2) dbus-daemon-units.
2024-05-26 03:26:01.737972 +0000 build-archlinux43: output: .
2024-05-26 03:26:01.737980 +0000 build-archlinux43: output: Enter a number (default=1): .
2024-05-26 03:26:01.742567 +0000 build-archlinux43: output: warning: cannot resolve "qubes-vm-passwordless-root", a dependency of "qubes-vm-recommended".
2024-05-26 03:26:01.743888 +0000 build-archlinux43: output: warning: cannot resolve "qubes-vm-networking", a dependency of "qubes-vm-recommended".
2024-05-26 03:26:01.749161 +0000 build-archlinux43: output: :: There are 2 providers available for dbus-units:.
2024-05-26 03:26:01.749179 +0000 build-archlinux43: output: :: Repository core.
2024-05-26 03:26:01.749186 +0000 build-archlinux43: output:    1) dbus-broker-units  2) dbus-daemon-units.
2024-05-26 03:26:01.749192 +0000 build-archlinux43: output: .
2024-05-26 03:26:01.749198 +0000 build-archlinux43: output: Enter a number (default=1): .
2024-05-26 03:26:01.750981 +0000 build-archlinux43: output: warning: cannot resolve "qubes-vm-core", a dependency of "qubes-usb-proxy".
2024-05-26 03:26:01.750991 +0000 build-archlinux43: output: warning: cannot resolve "qubes-usb-proxy", a dependency of "qubes-vm-recommended".
2024-05-26 03:26:01.750997 +0000 build-archlinux43: output: :: The following packages cannot be upgraded due to unresolvable dependencies:.
2024-05-26 03:26:01.751060 +0000 build-archlinux43: output:       qubes-vm-dependencies  qubes-vm-recommended.
2024-05-26 03:26:01.751067 +0000 build-archlinux43: output: .
2024-05-26 03:26:01.751073 +0000 build-archlinux43: output: :: Do you want to skip the above packages for this upgrade? [y/N] .
2024-05-26 03:26:01.751107 +0000 build-archlinux43: output: error: failed to prepare transaction (could not satisfy dependencies).
2024-05-26 03:26:01.751116 +0000 build-archlinux43: output: :: unable to satisfy dependency 'qubes-vm-core' required by qubes-vm-dependencies.
2024-05-26 03:26:01.751159 +0000 build-archlinux43: output: :: unable to satisfy dependency 'qubes-vm-passwordless-root' required by qubes-vm-recommended.
2024-05-26 03:26:01.751173 +0000 build-archlinux43: output: :: unable to satisfy dependency 'qubes-vm-networking' required by qubes-vm-recommended.
2024-05-26 03:26:01.751302 +0000 build-archlinux43: output: :: unable to satisfy dependency 'qubes-vm-core' required by qubes-usb-proxy.
2024-05-26 03:26:01.751352 +0000 build-archlinux43: output: :: unable to satisfy dependency 'qubes-usb-proxy' required by qubes-vm-recommended.
2024-05-26 03:26:01.806643 +0000 build-archlinux43: output: .[?25h.[1m.[33m==> WARNING:.[0m.[1m Failed to install built package(s)..[0m.
2024-05-26 03:26:01.986882 +0000 build-archlinux43: output: .[?25lresolving dependencies....
2024-05-26 03:26:01.988156 +0000 build-archlinux43: output: looking for conflicting packages....
2024-05-26 03:26:01.991272 +0000 build-archlinux43: output: .
2024-05-26 03:26:01.991313 +0000 build-archlinux43: output: Packages (10) elfutils-0.191-3  expat-2.6.2-1  licenses-20240206-1.
2024-05-26 03:26:01.991423 +0000 build-archlinux43: output:               mpdecimal-4.0.0-2  pyalpm-0.10.9-2  python-3.12.3-1.
2024-05-26 03:26:01.991447 +0000 build-archlinux43: output:               python-boolean.py-4.0-3  python-license-expression-30.2.0-2.
2024-05-26 03:26:01.991518 +0000 build-archlinux43: output:               python-pyelftools-0.31-2  namcap-3.5.2-2.
2024-05-26 03:26:01.991671 +0000 build-archlinux43: output: .
2024-05-26 03:26:01.991700 +0000 build-archlinux43: output: Total Download Size:   14.14 MiB.
2024-05-26 03:26:01.991716 +0000 build-archlinux43: output: Total Installed Size:  80.54 MiB.
2024-05-26 03:26:01.991729 +0000 build-archlinux43: output: .
2024-05-26 03:26:01.991807 +0000 build-archlinux43: output: :: Proceed with installation? [Y/n] .
2024-05-26 03:26:01.991873 +0000 build-archlinux43: output: :: Retrieving packages....
2024-05-26 03:26:01.996903 +0000 build-archlinux43: output:  python-3.12.3-1-x86_64.
2024-05-26 03:26:01.996948 +0000 build-archlinux43: output:  Total ( 0/10)           0.0   B  0.00   B/s 00:00 [----------------------]   0%..
2024-05-26 03:26:01.997054 +0000 build-archlinux43: output: .[1F elfutils-0.191-3-x86_64.
2024-05-26 03:26:01.997117 +0000 build-archlinux43: output:  Total ( 0/10)           0.0   B  0.00   B/s 00:00 [----------------------]   0%..
2024-05-26 03:26:01.997234 +0000 build-archlinux43: output: .[1F python-pyelftools-0.31-2-any.
2024-05-26 03:26:01.997264 +0000 build-archlinux43: output:  Total ( 0/10)           0.0   B  0.00   B/s 00:00 [----------------------]   0%..
2024-05-26 03:26:01.997317 +0000 build-archlinux43: output: .[1F namcap-3.5.2-2-any.
2024-05-26 03:26:01.997404 +0000 build-archlinux43: output:  Total ( 0/10)           0.0   B  0.00   B/s 00:00 [----------------------]   0%..
2024-05-26 03:26:01.997468 +0000 build-archlinux43: output: .[1F python-license-expression-30.2.0-2-any.
2024-05-26 03:26:01.997601 +0000 build-archlinux43: output:  Total ( 0/10)           0.0   B  0.00   B/s 00:00 [----------------------]   0%..
2024-05-26 03:26:24.660029 +0000 build-archlinux43: output: .[6F python-3.12.3-1-...     7.7 KiB  3.00   B/s --:-- [----------------------]   0%..[5E Total ( 0/10)           7.7 KiB  3.00   B/s --:-- [----------------------]   0%..[4F elfutils-0.191-3...     7.7 KiB  3.00   B/s --:-- [----------------------]   1%..[1F python-3.12.3-1-...    46.8 KiB  19.7 KiB/s 10:49 [----------------------]   0%..[5E Total ( 0/10)          54.5 KiB  23.6 KiB/s 10:10 [----------------------]   0%..[4F elfutils-0.191-3...     7.7 KiB  2.00   B/s --:-- [----------------------]   1%..[1F python-3.12.3-1-...    54.6 KiB  26.1 KiB/s 08:09 [----------------------]   0%..[5E Total ( 0/10)          78.0 KiB  54.6 KiB/s 04:23 [----------------------]   0%..[4F elfutils-0.191-3...    23.4 KiB  25.9 KiB/s 00:21 [----------------------]   4%..[1F python-3.12.3-1-...    70.2 KiB  26.9 KiB/s 07:54 [----------------------]   0%..[5E Total ( 0/10)         101.4 KiB  50.7 KiB/s 04:43 [----------------------]   0%..[4F elfutils-0.191-3...    39.0 KiB  26.8 KiB/s 00:20 [#---------------------]   6%..[1F python-3.12.3-1-...    70.2 KiB  17.9 KiB/s 11:51 [----------------------]   0%..[5E Total ( 0/10)         109.2 KiB  43.2 KiB/s 05:32 [----------------------]   0%..[4F elfutils-0.191-3...    39.0 KiB  17.9 KiB/s 00:30 [#---------------------]   6%..[1F python-3.12.3-1-...    70.2 KiB  12.0 KiB/s 17:47 [----------------------]   0%..[5E Total ( 0/10)         109.2 KiB  28.8 KiB/s 08:19 [----------------------]   0%..[4F elfutils-0.191-3...    39.0 KiB  11.9 KiB/s 00:45 [#---------------------]   6%..[1F python-3.12.3-1-...    78.0 KiB  12.1 KiB/s 17:35 [----------------------]   0%..[5E Total ( 0/10)         117.0 KiB  23.3 KiB/s 10:16 [----------------------]   0%..[4F elfutils-0.191-3...    39.0 KiB  7.93 KiB/s 01:08 [#---------------------]   6%..[1F python-3.12.3-1-...    85.9 KiB  13.7 KiB/s 15:30 [----------------------]   0%..[5E Total ( 0/10)         140.5 KiB  32.5 KiB/s 07:21 [----------------------]   0%..[4F elfutils-0.191-3...    54.6 KiB  16.6 KiB/s 00:31 [#---------------------]   9%..[1F python-3.12.3-1-...    93.7 KiB  17.2 KiB/s 12:18 [----------------------]   0%..[5E Total ( 0/10)         148.3 KiB  29.8 KiB/s 08:01 [----------------------]   1%..[4F elfutils-0.191-3...    54.6 KiB  11.1 KiB/s 00:47 [#---------------------]   9%..[3E python-license-e...     7.7 KiB  3.00   B/s --:-- [#---------------------]   6%..[1F namcap-3.5.2-2-any     15.5 KiB  7.00   B/s --:-- [##--------------------]  10%..[3F python-3.12.3-1-...   117.1 KiB  47.3 KiB/s 04:28 [----------------------]   0%..[5E Total ( 0/10)         241.9 KiB   163 KiB/s 01:27 [----------------------]   1%..[4F elfutils-0.191-3...    85.9 KiB  55.2 KiB/s 00:09 [###-------------------]  14%..[3E python-license-e...    23.4 KiB  23.9 KiB/s 00:03 [####------------------]  20%..[1F namcap-3.5.2-2-any     23.4 KiB  12.0 KiB/s 00:10 [###-------------------]  15%..[3F python-3.12.3-1-...   117.1 KiB  31.6 KiB/s 06:42 [----------------------]   0%..[5E Total ( 0/10)         249.7 KiB   116 KiB/s 02:02 [----------------------]   1%..[4F elfutils-0.191-3...    85.9 KiB  36.8 KiB/s 00:13 [###-------------------]  14%..[3E python-license-e...    23.4 KiB  15.9 KiB/s 00:05 [####------------------]  20%..[1F namcap-3.5.2-2-any     31.2 KiB  20.5 KiB/s 00:05 [####------------------]  20%..[3F python-3.12.3-1-...   132.7 KiB  38.9 KiB/s 05:26 [----------------------]   1%..[5E Total ( 0/10)         312.2 KiB   149 KiB/s 01:35 [----------------------]   2%..[4F elfutils-0.191-3...   101.5 KiB  42.4 KiB/s 00:11 [###-------------------]  17%..[2E namcap-3.5.2-2-any     46.8 KiB  34.0 KiB/s 00:03 [######----------------]  31%..[1E python-license-e...    39.0 KiB  28.5 KiB/s 00:02 [#######---------------]  33%..[4F python-3.12.3-1-...   132.7 KiB  26.0 KiB/s 08:09 [----------------------]   1%..[5E Total ( 0/10)         320.0 KiB   109 KiB/s 02:10 [----------------------]   2%..[4F elfutils-0.191-3...   101.5 KiB  28.3 KiB/s 00:17 [###-------------------]  17%..[2E namcap-3.5.2-2-any     46.8 KiB  22.7 KiB/s 00:04 [######----------------]  31%..[1E python-license-e...    39.0 KiB  19.0 KiB/s 00:04 [#######---------------]  33%..[4F python-3.12.3-1-...   148.4 KiB  35.8 KiB/s 05:54 [----------------------]   1%..[5E Total ( 0/10)         335.6 KiB  90.9 KiB/s 02:35 [----------------------]   2%..[4F elfutils-0.191-3...   132.7 KiB  55.7 KiB/s 00:08 [####------------------]  22%..[1E python-pyelftool...     7.7 KiB  3.00   B/s --:-- [----------------------]   2%..[1E namcap-3.5.2-2-any     70.2 KiB  42.6 KiB/s 00:01 [##########------------]  46%..[1E python-license-e...    39.0 KiB  12.7 KiB/s 00:06 [#######---------------]  33%..[4F python-3.12.3-1-...   164.0 KiB  39.1 KiB/s 05:24 [----------------------]   1%..[5E Total ( 0/10)         413.7 KiB   137 KiB/s 01:42 [----------------------]   2%..[4F elfutils-0.191-3...   132.7 KiB  37.1 KiB/s 00:12 [####------------------]  22%..[1E python-pyelftool...     7.7 KiB  2.00   B/s --:-- [----------------------]   2%..[1E namcap-3.5.2-2-any     70.2 KiB  28.4 KiB/s 00:02 [##########------------]  46%..[1E python-license-e...    39.0 KiB  8.45 KiB/s 00:09 [#######---------------]  33%..[4F python-3.12.3-1-...   164.0 KiB  26.1 KiB/s 08:06 [----------------------]   1%..[5E Total ( 0/10)         421.5 KiB   102 KiB/s 02:17 [----------------------]   2%..[4F elfutils-0.191-3...   148.4 KiB  46.4 KiB/s 00:09 [#####-----------------]  25%..[1E python-pyelftool...     7.7 KiB  1.00   B/s --:-- [----------------------]   2%..[1E namcap-3.5.2-2-any     70.2 KiB  18.9 KiB/s 00:04 [##########------------]  46%..[1E python-license-e...    39.0 KiB  5.63 KiB/s 00:13 [#######---------------]  33%..[4F python-3.12.3-1-...   164.0 KiB  17.4 KiB/s 12:09 [----------------------]   1%..[5E Total ( 0/10)         444.9 KiB   105 KiB/s 02:13 [----------------------]   3%..[4F elfutils-0.191-3...   148.4 KiB  31.0 KiB/s 00:14 [#####-----------------]  25%..[1E python-pyelftool...     7.7 KiB  1.00   B/s --:-- [----------------------]   2%..[1E namcap-3.5.2-2-any     70.2 KiB  12.6 KiB/s 00:06 [##########------------]  46%..[1E python-license-e...    54.6 KiB  28.3 KiB/s 00:02 [##########------------]  46%..[4F python-3.12.3-1-...   164.0 KiB  11.6 KiB/s 18:14 [----------------------]   1%..[5E Total ( 0/10)         444.9 KiB  69.9 KiB/s 03:20 [----------------------]   3%..[4F elfutils-0.191-3...   148.4 KiB  20.6 KiB/s 00:21 [#####-----------------]  25%..[1E python-pyelftool...     7.7 KiB  0.00   B/s --:-- [----------------------]   2%..[1E namcap-3.5.2-2-any     78.0 KiB  12.1 KiB/s 00:05 [###########-----------]  52%..[1E python-license-e...    54.6 KiB  18.9 KiB/s 00:03 [##########------------]  46%..[4F python-3.12.3-1-...   164.0 KiB  7.72 KiB/s 27:21 [----------------------]   1%..[5E Total ( 0/10)         452.7 KiB  56.1 KiB/s 04:10 [----------------------]   3%..[4F elfutils-0.191-3...   148.4 KiB  13.8 KiB/s 00:31 [#####-----------------]  25%..[1E python-pyelftool...     7.7 KiB  0.00   B/s --:-- [----------------------]   2%..[1E namcap-3.5.2-2-any     78.0 KiB  8.06 KiB/s 00:08 [###########-----------]  52%..[1E python-license-e...    54.6 KiB  12.6 KiB/s 00:04 [##########------------]  46%..[4F python-3.12.3-1-...   164.0 KiB  5.15 KiB/s 41:01 [----------------------]   1%..[5E Total ( 0/10)         468.3 KiB  61.8 KiB/s 03:46 [----------------------]   3%..[4F elfutils-0.191-3...   148.4 KiB  9.17 KiB/s 00:47 [#####-----------------]  25%..[1E python-pyelftool...    15.5 KiB  12.2 KiB/s 00:26 [----------------------]   4%..[1E namcap-3.5.2-2-any     85.9 KiB  17.6 KiB/s 00:03 [############----------]  57%..[1E python-license-e...    54.6 KiB  8.39 KiB/s 00:07 [##########------------]  46%..[4F python-3.12.3-1-...   179.6 KiB  20.7 KiB/s 10:10 [----------------------]   1%..[5E Total ( 0/10)         546.5 KiB   128 KiB/s 01:49 [----------------------]   3%..[4F elfutils-0.191-3...   156.2 KiB  14.8 KiB/s 00:28 [#####-----------------]  26%..[1E python-pyelftool...    39.0 KiB  34.1 KiB/s 00:08 [##--------------------]  11%..[1E namcap-3.5.2-2-any    101.5 KiB  29.0 KiB/s 00:01 [##############--------]  67%..[1E python-license-e...    70.2 KiB  22.9 KiB/s 00:02 [#############---------]  60%..[4F python-3.12.3-1-...   187.4 KiB  25.7 KiB/s 08:11 [----------------------]   1%..[5E Total ( 0/10)         562.1 KiB   109 KiB/s 02:07 [----------------------]   3%..[4F elfutils-0.191-3...   164.0 KiB  21.7 KiB/s 00:19 [######----------------]  28%..[1E python-pyelftool...    39.0 KiB  22.7 KiB/s 00:13 [##--------------------]  11%..[1E namcap-3.5.2-2-any    101.5 KiB  19.4 KiB/s 00:02 [##############--------]  67%..[1E python-license-e...    70.2 KiB  15.3 KiB/s 00:03 [#############---------]  60%..[4F python-3.12.3-1-...   195.2 KiB  26.3 KiB/s 07:59 [----------------------]   1%..[5E Total ( 0/10)         569.9 KiB  81.8 KiB/s 02:49 [----------------------]   3%..[4F elfutils-0.191-3...   164.0 KiB  14.5 KiB/s 00:28 [######----------------]  28%..[1E python-pyelftool...    39.0 KiB  15.2 KiB/s 00:20 [##--------------------]  11%..[1E namcap-3.5.2-2-any    101.5 KiB  12.9 KiB/s 00:03 [##############--------]  67%..[1E python-license-e...    70.2 KiB  10.2 KiB/s 00:04 [#############---------]  60%..[4F python-3.12.3-1-...   195.2 KiB  17.6 KiB/s 11:59 [----------------------]   1%..[5E Total ( 0/10)         569.9 KiB  54.6 KiB/s 04:14 [----------------------]   3%..[4F elfutils-0.191-3...   164.0 KiB  9.66 KiB/s 00:43 [######----------------]  28%..[1E python-pyelftool...    39.0 KiB  10.1 KiB/s 00:30 [##--------------------]  11%..[1E namcap-3.5.2-2-any    101.5 KiB  8.60 KiB/s 00:05 [##############--------]  67%..[1E python-license-e...    70.2 KiB  6.78 KiB/s 00:06 [#############---------]  60%..[4F python-3.12.3-1-...   195.2 KiB  11.7 KiB/s 17:59 [----------------------]   1%..[5E Total ( 0/10)         569.9 KiB  36.4 KiB/s 06:22 [----------------------]   3%..[4F elfutils-0.191-3...   164.0 KiB  6.44 KiB/s 01:05 [######----------------]  28%..[1E python-pyelftool...    39.0 KiB  6.74 KiB/s 00:45 [##--------------------]  11%..[1E namcap-3.5.2-2-any    101.5 KiB  5.74 KiB/s 00:08 [##############--------]  67%..[1E python-license-e...    78.0 KiB  13.7 KiB/s 00:02 [##############--------]  66%..[4F python-3.12.3-1-...   195.2 KiB  7.81 KiB/s 26:59 [----------------------]   1%..[5E Total ( 0/10)         577.7 KiB  35.7 KiB/s 06:29 [----------------------]   3%..[4F elfutils-0.191-3...   164.0 KiB  4.29 KiB/s 01:37 [######----------------]  28%..[1E python-pyelftool...    39.0 KiB  4.49 KiB/s 01:08 [##--------------------]  11%..[1E namcap-3.5.2-2-any    101.5 KiB  3.82 KiB/s 00:12 [##############--------]  67%..[1E python-license-e...    78.0 KiB  9.11 KiB/s 00:04 [##############--------]  66%..[4F python-3.12.3-1-...   195.2 KiB  5.20 KiB/s 40:28 [----------------------]   1%..[5E Total ( 0/10)         577.7 KiB  23.8 KiB/s 09:44 [----------------------]   3%..[4F elfutils-0.191-3...   179.6 KiB  17.6 KiB/s 00:22 [######----------------]  30%..[1E python-pyelftool...    54.6 KiB  17.7 KiB/s 00:16 [###-------------------]  15%..[1E namcap-3.5.2-2-any    117.1 KiB  17.3 KiB/s 00:01 [#################-----]  78%..[1E python-license-e...    85.9 KiB  13.4 KiB/s 00:02 [################------]  73%..[4F python-3.12.3-1-...   195.2 KiB  3.47 KiB/s 60:43 [----------------------]   1%..[5E Total ( 0/10)         632.4 KiB  51.7 KiB/s 04:27 [----------------------]   4%..[4F elfutils-0.191-3...   179.6 KiB  11.7 KiB/s 00:34 [######----------------]  30%..[1E python-pyelftool...    54.6 KiB  11.8 KiB/s 00:24 [###-------------------]  15%..[1E namcap-3.5.2-2-any    124.9 KiB  16.6 KiB/s 00:01 [##################----]  83%..[1E python-license-e...    85.9 KiB  8.95 KiB/s 00:03 [################------]  73%..[4F python-3.12.3-1-...   195.2 KiB  2.31 KiB/s 91:04 [----------------------]   1%..[5E Total ( 0/10)         640.2 KiB  39.3 KiB/s 05:52 [----------------------]   4%..[4F elfutils-0.191-3...   179.6 KiB  7.81 KiB/s 00:51 [######----------------]  30%..[1E python-pyelftool...    54.6 KiB  7.87 KiB/s 00:36 [###-------------------]  15%..[1E namcap-3.5.2-2-any    124.9 KiB  11.1 KiB/s 00:02 [##################----]  83%..[1E python-license-e...    85.9 KiB  5.97 KiB/s 00:05 [################------]  73%..[4F python-3.12.3-1-...   195.2 KiB  1578   B/s --:-- [----------------------]   1%..[5E Total ( 0/10)         640.2 KiB  26.2 KiB/s 08:48 [----------------------]   4%..[4F elfutils-0.191-3...   179.6 KiB  5.21 KiB/s 01:17 [######----------------]  30%..[1E python-pyelftool...    54.6 KiB  5.25 KiB/s 00:55 [###-------------------]  15%..[1E namcap-3.5.2-2-any    124.9 KiB  7.39 KiB/s 00:03 [##################----]  83%..[1E python-license-e...    85.9 KiB  3.98 KiB/s 00:07 [################------]  73%..[4F python-3.12.3-1-...   195.2 KiB  1052   B/s --:-- [----------------------]   1%..[5E Total ( 0/10)         655.8 KiB  25.9 KiB/s 08:53 [----------------------]   4%..[4F elfutils-0.191-3...   195.2 KiB  11.9 KiB/s 00:32 [#######---------------]  33%..[1E python-pyelftool...    54.6 KiB  3.50 KiB/s 01:23 [###-------------------]  15%..[1E namcap-3.5.2-2-any    149.5 KiB  18.2 KiB/s 00:00 [######################] 100%..[1E python-license-e...    93.7 KiB  6.88 KiB/s 00:03 [#################-----]  80%..[1F python-3.12.3-1-...   195.2 KiB  1052   B/s --:-- [----------------------]   1%..[3F namcap-3.5.2-2-any    149.5 KiB  11.7 KiB/s 00:13 [######################] 100%..[3E python-3.12.3-1-...   195.2 KiB   701   B/s --:-- [----------------------]   1%..[2E Total ( 1/10)         688.3 KiB  45.3 KiB/s 05:04 [----------------------]   4%..[4F elfutils-0.191-3...   195.2 KiB  7.96 KiB/s 00:48 [#######---------------]  33%..[1E python-pyelftool...    54.6 KiB  2.33 KiB/s 02:04 [###-------------------]  15%..[2E python-license-e...    93.7 KiB  4.59 KiB/s 00:05 [#################-----]  80%..[1F python-3.12.3-1-...   195.2 KiB   467   B/s --:-- [----------------------]   1%..[2E Total ( 1/10)         688.3 KiB  30.2 KiB/s 07:36 [----------------------]   4%..[4F elfutils-0.191-3...   195.2 KiB  5.31 KiB/s 01:13 [#######---------------]  33%..[1E python-pyelftool...    54.6 KiB  1591   B/s 03:06 [###-------------------]  15%..[2E python-license-e...    93.7 KiB  3.06 KiB/s 00:07 [#################-----]  80%..[1F python-3.12.3-1-...   195.2 KiB   311   B/s --:-- [----------------------]   1%..[2E Total ( 1/10)         688.3 KiB  20.1 KiB/s 11:25 [----------------------]   4%..[4F elfutils-0.191-3...   195.2 KiB  3.54 KiB/s 01:49 [#######---------------]  33%..[1E python-pyelftool...    54.6 KiB  1061   B/s 04:40 [###-------------------]  15%..[2E python-license-e...   101.5 KiB  9.61 KiB/s 00:01 [##################----]  86%..[1F python-3.12.3-1-...   195.2 KiB   207   B/s --:-- [----------------------]   1%..[2E Total ( 1/10)         696.1 KiB  22.6 KiB/s 10:09 [----------------------]   4%..[4F elfutils-0.191-3...   195.2 KiB  2.36 KiB/s 02:44 [#######---------------]  33%..[1E python-pyelftool...    54.6 KiB   707   B/s 07:00 [###-------------------]  15%..[2E python-license-e...   101.5 KiB  6.41 KiB/s 00:02 [##################----]  86%..[1F python-3.12.3-1-...   195.2 KiB   138   B/s --:-- [----------------------]   1%..[2E Total ( 1/10)         696.1 KiB  15.1 KiB/s 15:14 [----------------------]   4%..[4F elfutils-0.191-3...   195.2 KiB  1610   B/s 04:07 [#######---------------]  33%..[1E python-pyelftool...    54.6 KiB   471   B/s 10:30 [###-------------------]  15%..[2E python-license-e...   101.5 KiB  4.27 KiB/s 00:03 [##################----]  86%..[1F python-3.12.3-1-...   195.2 KiB  92.0   B/s --:-- [----------------------]   1%..[2E Total ( 1/10)         696.1 KiB  10.1 KiB/s 22:51 [----------------------]   4%..[4F elfutils-0.191-3...   195.2 KiB  1073   B/s 06:10 [#######---------------]  33%..[1E python-pyelftool...    54.6 KiB   314   B/s 15:46 [###-------------------]  15%..[2E python-license-e...   101.5 KiB  2.85 KiB/s 00:05 [##################----]  86%..[1F python-3.12.3-1-...   195.2 KiB  61.0   B/s --:-- [----------------------]   1%..[2E Total ( 1/10)         703.9 KiB  18.1 KiB/s 12:39 [----------------------]   4%..[4F elfutils-0.191-3...   195.2 KiB   715   B/s 09:15 [#######---------------]  33%..[1E python-pyelftool...    62.4 KiB  11.6 KiB/s 00:24 [###-------------------]  18%..[2E python-license-e...   101.5 KiB  1943   B/s 00:08 [##################----]  86%..[1F python-3.12.3-1-...   195.2 KiB  41.0   B/s --:-- [----------------------]   1%..[2E Total ( 1/10)         703.9 KiB  12.1 KiB/s 18:59 [----------------------]   4%..[4F elfutils-0.191-3...   195.2 KiB   477   B/s 13:53 [#######---------------]  33%..[1E python-pyelftool...    62.4 KiB  7.75 KiB/s 00:36 [###-------------------]  18%..[2E python-license-e...   101.5 KiB  1295   B/s 00:12 [##################----]  86%..[1F python-3.12.3-1-...   195.2 KiB  27.0   B/s --:-- [----------------------]   1%..[2E Total ( 1/10)         703.9 KiB  8.05 KiB/s 28:29 [----------------------]   4%..[4F elfutils-0.191-3...   195.2 KiB   318   B/s 20:50 [#######---------------]  33%..[1E python-pyelftool...    62.4 KiB  5.17 KiB/s 00:54 [###-------------------]  18%..[2E python-license-e...   101.5 KiB   863   B/s 00:18 [##################----]  86%..[1F python-3.12.3-1-...   195.2 KiB  18.0   B/s --:-- [----------------------]   1%..[2E Total ( 1/10)         703.9 KiB  5.37 KiB/s 42:44 [----------------------]   4%..[4F elfutils-0.191-3...   195.2 KiB   212   B/s 31:16 [#######---------------]  33%..[1E python-pyelftool...    70.2 KiB  6.50 KiB/s 00:42 [####------------------]  20%..[2E python-license-e...   101.5 KiB   575   B/s 00:27 [##################----]  86%..[1F python-3.12.3-1-...   195.2 KiB  12.0   B/s --:-- [----------------------]   1%..[2E Total ( 1/10)         711.7 KiB  9.92 KiB/s 23:08 [----------------------]   4%..[4F elfutils-0.191-3...   195.2 KiB   141   B/s 46:54 [#######---------------]  33%..[1E python-pyelftool...    70.2 KiB  4.33 KiB/s 01:03 [####------------------]  20%..[2E python-license-e...   101.5 KiB   383   B/s 00:40 [##################----]  86%..[1F python-3.12.3-1-...   210.9 KiB  18.0 KiB/s 11:40 [----------------------]   1%..[2E Total ( 1/10)         727.3 KiB  24.6 KiB/s 09:18 [#---------------------]   5%..[4F elfutils-0.191-3...   210.9 KiB  18.1 KiB/s 00:20 [#######---------------]  36%..[1E python-pyelftool...    85.9 KiB  20.9 KiB/s 00:12 [#####-----------------]  24%..[2E python-license-e...   116.7 KiB  17.8 KiB/s 00:00 [######################] 100%. elfutils-0.191-3...   210.9 KiB  18.1 KiB/s 00:20 [#######---------------]  36%..[3F python-license-e...   116.7 KiB  6.58 KiB/s 00:18 [######################] 100%..[2E python-3.12.3-1-...   226.5 KiB  35.8 KiB/s 05:52 [----------------------]   1%..[2E Total ( 2/10)         797.3 KiB   123 KiB/s 01:51 [#---------------------]   5%..[1F elfutils-0.191-3...   249.9 KiB  71.5 KiB/s 00:04 [#########-------------]  42%..[2F python-pyelftool...   117.1 KiB  61.5 KiB/s 00:03 [#######---------------]  33%..[1E python-3.12.3-1-...   242.1 KiB  46.6 KiB/s 04:30 [----------------------]   1%..[2E Total ( 2/10)         883.2 KiB   207 KiB/s 01:05 [#---------------------]   6%..[1F elfutils-0.191-3...   257.7 KiB  59.1 KiB/s 00:05 [#########-------------]  44%..[2F python-pyelftool...   117.1 KiB  41.0 KiB/s 00:05 [#######---------------]  33%..[1E python-3.12.3-1-...   367.1 KiB   215 KiB/s 00:57 [----------------------]   2%..[2E Total ( 2/10)        1086.3 KiB   438 KiB/s 00:30 [#---------------------]   7%..[1F elfutils-0.191-3...   351.5 KiB   178 KiB/s 00:01 [#############---------]  60%..[2F python-pyelftool...   210.9 KiB   166 KiB/s 00:00 [#############---------]  61%..[1E python-3.12.3-1-...   367.1 KiB   144 KiB/s 01:26 [----------------------]   2%..[2E Total ( 2/10)        1195.7 KiB   472 KiB/s 00:28 [#---------------------]   8%..[1F elfutils-0.191-3...   359.3 KiB   131 KiB/s 00:01 [#############---------]  61%..[2F python-pyelftool...   210.9 KiB   110 KiB/s 00:01 [#############---------]  61%..[1E python-3.12.3-1-...   414.0 KiB   150 KiB/s 01:23 [----------------------]   3%..[2E Total ( 2/10)        1406.6 KiB   557 KiB/s 00:23 [#---------------------]   9%..[1F elfutils-0.191-3...   445.2 KiB   186 KiB/s 00:00 [################------]  76%..[2F python-pyelftool...   289.0 KiB   163 KiB/s 00:00 [##################----]  83%. python-pyelftool...   345.2 KiB  18.4 KiB/s 00:19 [######################] 100%..[1E python-3.12.3-1-...   492.1 KiB   218 KiB/s 00:56 [----------------------]   3%..[2E Total ( 3/10)        1681.6 KiB   788 KiB/s 00:16 [##--------------------]  11%..[1F elfutils-0.191-3...   583.7 KiB   334 KiB/s 00:00 [######################] 100%. python-3.12.3-1-...   492.1 KiB   218 KiB/s 00:56 [----------------------]   3%..[1F elfutils-0.191-3...   583.7 KiB  30.8 KiB/s 00:19 [######################] 100%..[1E python-3.12.3-1-...   499.9 KiB   149 KiB/s 01:23 [----------------------]   3%..[1E Total ( 4/10)        1695.2 KiB   531 KiB/s 00:24 [##--------------------]  11%..[1F python-3.12.3-1-...   531.2 KiB   147 KiB/s 01:23 [----------------------]   4%..[1E Total ( 4/10)        1726.4 KiB   401 KiB/s 00:31 [##--------------------]  11%..[1F python-3.12.3-1-...   570.2 KiB   162 KiB/s 01:15 [----------------------]   4%..[1E Total ( 4/10)        1765.5 KiB   332 KiB/s 00:38 [##--------------------]  12%..[1F python-3.12.3-1-...   671.8 KiB   270 KiB/s 00:45 [#---------------------]   5%..[1E Total ( 4/10)        1867.0 KiB   382 KiB/s 00:33 [##--------------------]  12%..[1F python-3.12.3-1-...   773.4 KiB   322 KiB/s 00:37 [#---------------------]   6%..[1E Total ( 4/10)        1968.6 KiB   398 KiB/s 00:31 [##--------------------]  13%..[1F python-3.12.3-1-...   781.2 KiB   224 KiB/s 00:53 [#---------------------]   6%..[1E Total ( 4/10)        1976.4 KiB   274 KiB/s 00:45 [##--------------------]  13%..[1F python-3.12.3-1-...   796.8 KiB   175 KiB/s 01:08 [#---------------------]   6%..[1E Total ( 4/10)        1992.0 KiB   208 KiB/s 00:59 [##--------------------]  13%..[1F python-3.12.3-1-...   804.6 KiB   128 KiB/s 01:33 [#---------------------]   6%..[1E Total ( 4/10)        1999.8 KiB   151 KiB/s 01:22 [##--------------------]  13%..[1F python-3.12.3-1-...   812.4 KiB  97.0 KiB/s 02:03 [#---------------------]   6%..[1E Total ( 4/10)        2007.7 KiB   112 KiB/s 01:51 [##--------------------]  13%..[1F python-3.12.3-1-...   906.2 KiB   162 KiB/s 01:13 [#---------------------]   7%..[1E Total ( 4/10)           2.1 MiB   172 KiB/s 01:11 [###-------------------]  14%..[1F python-3.12.3-1-...   929.6 KiB   139 KiB/s 01:25 [#---------------------]   7%..[1E Total ( 4/10)           2.1 MiB   146 KiB/s 01:24 [###-------------------]  14%..[1F python-3.12.3-1-...  1039.0 KiB   243 KiB/s 00:48 [#---------------------]   8%..[1E Total ( 4/10)           2.2 MiB   247 KiB/s 00:49 [###-------------------]  15%. expat-2.6.2-1-x86_64.
2024-05-26 03:26:24.660363 +0000 build-archlinux43: output:  Total ( 4/10)           2.2 MiB   247 KiB/s 00:49 [###-------------------]  15%..
2024-05-26 03:26:25.773626 +0000 build-archlinux43: output: .[3F python-3.12.3-1-...  1101.5 KiB   247 KiB/s 00:47 [#---------------------]   8%..[2E Total ( 4/10)           2.2 MiB   250 KiB/s 00:48 [###-------------------]  15%..[2F python-3.12.3-1-...  1187.4 KiB   242 KiB/s 00:48 [#---------------------]   9%..[2E Total ( 4/10)           2.3 MiB   244 KiB/s 00:49 [###-------------------]  16%..[2F python-3.12.3-1-...  1234.3 KiB   234 KiB/s 00:49 [#---------------------]   9%..[2E Total ( 4/10)           2.4 MiB   236 KiB/s 00:51 [###-------------------]  16%..[2F python-3.12.3-1-...  1351.5 KiB   336 KiB/s 00:34 [##--------------------]  10%..[2E Total ( 4/10)           2.5 MiB   337 KiB/s 00:35 [###-------------------]  17%..[2F python-3.12.3-1-...  1382.7 KiB   259 KiB/s 00:44 [##--------------------]  10%..[2E Total ( 4/10)           2.5 MiB   260 KiB/s 00:45 [###-------------------]  17%. licenses-20240206-1-any.
2024-05-26 03:26:25.773771 +0000 build-archlinux43: output:  Total ( 4/10)           2.5 MiB   260 KiB/s 00:45 [###-------------------]  17%..
2024-05-26 03:26:25.966582 +0000 build-archlinux43: output: .[4F python-3.12.3-1-...  1421.8 KiB   233 KiB/s 00:48 [##--------------------]  11%..[3E Total ( 4/10)           2.6 MiB   233 KiB/s 00:50 [###-------------------]  18%. mpdecimal-4.0.0-2-x86_64.
2024-05-26 03:26:25.966699 +0000 build-archlinux43: output:  Total ( 4/10)           2.6 MiB   233 KiB/s 00:50 [###-------------------]  18%..
2024-05-26 03:26:26.222900 +0000 build-archlinux43: output: .[1F pyalpm-0.10.9-2-x86_64.
2024-05-26 03:26:26.223043 +0000 build-archlinux43: output:  Total ( 4/10)           2.6 MiB   233 KiB/s 00:50 [###-------------------]  18%..
2024-05-26 03:26:38.078547 +0000 build-archlinux43: output: .[6F python-3.12.3-1-...  1460.9 KiB   206 KiB/s 00:55 [##--------------------]  11%..[5E Total ( 4/10)           2.6 MiB   206 KiB/s 00:57 [###-------------------]  18%..[5F python-3.12.3-1-...  1468.7 KiB   145 KiB/s 01:18 [##--------------------]  11%..[5E Total ( 4/10)           2.6 MiB   146 KiB/s 01:21 [###-------------------]  18%..[5F python-3.12.3-1-...  1687.4 KiB   461 KiB/s 00:24 [##--------------------]  13%..[5E Total ( 4/10)           2.8 MiB   462 KiB/s 00:25 [####------------------]  19%..[5F python-3.12.3-1-...  1695.2 KiB   314 KiB/s 00:35 [##--------------------]  13%..[5E Total ( 4/10)           2.8 MiB   314 KiB/s 00:36 [####------------------]  19%..[5F python-3.12.3-1-...  1796.8 KiB   373 KiB/s 00:29 [###-------------------]  14%..[5E Total ( 4/10)           2.9 MiB   374 KiB/s 00:30 [####------------------]  20%..[5F python-3.12.3-1-...  1835.9 KiB   307 KiB/s 00:35 [###-------------------]  14%..[5E Total ( 4/10)           3.0 MiB   307 KiB/s 00:37 [####------------------]  20%..[5F python-3.12.3-1-...  1867.1 KiB   250 KiB/s 00:43 [###-------------------]  14%..[5E Total ( 4/10)           3.0 MiB   250 KiB/s 00:45 [####------------------]  21%..[5F python-3.12.3-1-...  1906.2 KiB   214 KiB/s 00:51 [###-------------------]  14%..[5E Total ( 4/10)           3.0 MiB   214 KiB/s 00:53 [####------------------]  21%..[5F python-3.12.3-1-...  1937.4 KiB   162 KiB/s 01:07 [###-------------------]  15%..[5E Total ( 4/10)           3.1 MiB   162 KiB/s 01:10 [####------------------]  21%..[5F python-3.12.3-1-...  1976.5 KiB   166 KiB/s 01:05 [###-------------------]  15%..[5E Total ( 4/10)           3.1 MiB   166 KiB/s 01:08 [####------------------]  21%..[5F python-3.12.3-1-...  2046.8 KiB   219 KiB/s 00:49 [###-------------------]  15%..[5E Total ( 4/10)           3.2 MiB   220 KiB/s 00:51 [####------------------]  22%..[5F python-3.12.3-1-...     2.1 MiB   283 KiB/s 00:37 [###-------------------]  16%..[5E Total ( 4/10)           3.3 MiB   283 KiB/s 00:39 [#####-----------------]  23%..[5F python-3.12.3-1-...     2.1 MiB   219 KiB/s 00:48 [###-------------------]  16%..[5E Total ( 4/10)           3.3 MiB   219 KiB/s 00:50 [#####-----------------]  23%..[5F python-3.12.3-1-...     2.1 MiB   170 KiB/s 01:02 [###-------------------]  17%..[5E Total ( 4/10)           3.3 MiB   170 KiB/s 01:05 [#####-----------------]  23%..[5F python-3.12.3-1-...     2.2 MiB   133 KiB/s 01:19 [###-------------------]  17%..[5E Total ( 4/10)           3.3 MiB   133 KiB/s 01:23 [#####-----------------]  23%..[5F python-3.12.3-1-...     2.3 MiB   252 KiB/s 00:41 [###-------------------]  18%..[5E Total ( 4/10)           3.5 MiB   252 KiB/s 00:43 [#####-----------------]  24%..[3F licenses-2024020...     7.7 KiB  3.00   B/s --:-- [#---------------------]   7%..[1F expat-2.6.2-1-x86_64    7.7 KiB  3.00   B/s --:-- [#---------------------]   6%..[1F python-3.12.3-1-...     2.3 MiB   190 KiB/s 00:55 [###-------------------]  18%..[5E Total ( 4/10)           3.5 MiB   212 KiB/s 00:51 [#####-----------------]  24%..[3F licenses-2024020...     7.7 KiB  2.00   B/s --:-- [#---------------------]   7%..[1E mpdecimal-4.0.0-...    23.4 KiB  10.0   B/s --:-- [#####-----------------]  23%..[2F expat-2.6.2-1-x86_64   39.0 KiB  46.3 KiB/s 00:01 [#######---------------]  33%..[1F python-3.12.3-1-...     2.3 MiB   157 KiB/s 01:06 [###-------------------]  18%..[5E Total ( 4/10)           3.6 MiB   321 KiB/s 00:33 [#####-----------------]  25%..[3F licenses-2024020...    70.2 KiB  80.1 KiB/s 00:00 [##############--------]  66%..[1E mpdecimal-4.0.0-...    23.4 KiB  6.00   B/s --:-- [#####-----------------]  23%..[2F expat-2.6.2-1-x86_64   39.0 KiB  30.9 KiB/s 00:02 [#######---------------]  33%..[1F python-3.12.3-1-...     2.3 MiB   105 KiB/s 01:39 [###-------------------]  18%..[5E Total ( 4/10)           3.7 MiB   251 KiB/s 00:42 [#####-----------------]  25%..[3F licenses-2024020...    85.9 KiB  78.1 KiB/s 00:00 [#################-----]  81%..[1E mpdecimal-4.0.0-...    23.4 KiB  4.00   B/s --:-- [#####-----------------]  23%..[2F expat-2.6.2-1-x86_64   54.6 KiB  38.9 KiB/s 00:01 [##########------------]  46%..[1F python-3.12.3-1-...     2.3 MiB  95.7 KiB/s 01:48 [###-------------------]  18%..[5E Total ( 4/10)           3.7 MiB   207 KiB/s 00:51 [#####-----------------]  26%..[3F licenses-2024020...    85.9 KiB  52.1 KiB/s 00:00 [#################-----]  81%..[1E mpdecimal-4.0.0-...    23.4 KiB  3.00   B/s --:-- [#####-----------------]  23%..[1E pyalpm-0.10.9-2-...    15.5 KiB  6.00   B/s --:-- [#####-----------------]  24%..[2F python-3.12.3-1-...     2.3 MiB  95.7 KiB/s 01:48 [###-------------------]  18%..[2F licenses-2024020...   105.6 KiB  18.5 KiB/s 00:06 [######################] 100%..[1E expat-2.6.2-1-x86_64   70.2 KiB  51.2 KiB/s 00:00 [#############---------]  60%..[1E python-3.12.3-1-...     2.4 MiB   142 KiB/s 01:12 [####------------------]  19%..[3E Total ( 5/10)           3.8 MiB   317 KiB/s 00:33 [#####-----------------]  27%..[2F mpdecimal-4.0.0-...    54.6 KiB  35.0 KiB/s 00:01 [###########-----------]  54%..[1E pyalpm-0.10.9-2-...    23.4 KiB  9.87 KiB/s 00:04 [#######---------------]  36%..[3F expat-2.6.2-1-x86_64   78.0 KiB  43.6 KiB/s 00:00 [##############--------]  66%..[1E python-3.12.3-1-...     2.4 MiB   105 KiB/s 01:38 [####------------------]  19%..[3E Total ( 5/10)           3.9 MiB   240 KiB/s 00:43 [#####-----------------]  27%..[2F mpdecimal-4.0.0-...    54.6 KiB  23.3 KiB/s 00:01 [###########-----------]  54%..[1E pyalpm-0.10.9-2-...    23.4 KiB  6.58 KiB/s 00:06 [#######---------------]  36%..[3F expat-2.6.2-1-x86_64   85.9 KiB  40.1 KiB/s 00:00 [################------]  73%..[1E python-3.12.3-1-...     2.5 MiB   129 KiB/s 01:20 [####------------------]  19%..[3E Total ( 5/10)           3.9 MiB   219 KiB/s 00:47 [#####-----------------]  27%..[2F mpdecimal-4.0.0-...    54.6 KiB  15.5 KiB/s 00:02 [###########-----------]  54%..[1E pyalpm-0.10.9-2-...    39.0 KiB  29.3 KiB/s 00:00 [#############---------]  61%..[3F expat-2.6.2-1-x86_64  101.5 KiB  50.3 KiB/s 00:00 [##################----]  86%..[1E python-3.12.3-1-...     2.5 MiB   112 KiB/s 01:32 [####------------------]  19%..[3E Total ( 5/10)           4.0 MiB   250 KiB/s 00:41 [#####-----------------]  27%..[2F mpdecimal-4.0.0-...    70.2 KiB  36.4 KiB/s 00:00 [###############-------]  70%..[1E pyalpm-0.10.9-2-...    54.6 KiB  40.3 KiB/s 00:00 [##################----]  85%..[3F expat-2.6.2-1-x86_64  116.7 KiB  15.1 KiB/s 00:08 [######################] 100%..[1E python-3.12.3-1-...     2.5 MiB  83.6 KiB/s 02:02 [####------------------]  19%..[3E Total ( 6/10)           4.0 MiB   203 KiB/s 00:51 [######----------------]  28%..[2F mpdecimal-4.0.0-...    85.9 KiB  33.4 KiB/s 00:00 [##################----]  86%..[1E pyalpm-0.10.9-2-...    54.6 KiB  26.9 KiB/s 00:00 [##################----]  85%. python-3.12.3-1-...     2.5 MiB  83.6 KiB/s 02:02 [####------------------]  19%..[2F pyalpm-0.10.9-2-...    63.5 KiB  9.28 KiB/s 00:07 [######################] 100%..[2E python-3.12.3-1-...     2.5 MiB  55.8 KiB/s 03:04 [####------------------]  19%..[1E Total ( 7/10)           4.0 MiB   162 KiB/s 01:03 [######----------------]  28%..[2F mpdecimal-4.0.0-...    93.7 KiB  34.8 KiB/s 00:00 [####################--]  93%. mpdecimal-4.0.0-...    99.8 KiB  14.0 KiB/s 00:07 [######################] 100%..[1E python-3.12.3-1-...     2.6 MiB   272 KiB/s 00:37 [####------------------]  21%..[1E Total ( 8/10)           4.2 MiB   353 KiB/s 00:28 [######----------------]  29%..[1F python-3.12.3-1-...     2.7 MiB   311 KiB/s 00:32 [####------------------]  21%..[1E Total ( 8/10)           4.3 MiB   365 KiB/s 00:27 [######----------------]  30%..[1F python-3.12.3-1-...     2.7 MiB   229 KiB/s 00:43 [####------------------]  21%..[1E Total ( 8/10)           4.3 MiB   265 KiB/s 00:38 [######----------------]  30%..[1F python-3.12.3-1-...     2.8 MiB   255 KiB/s 00:39 [####------------------]  22%..[1E Total ( 8/10)           4.4 MiB   279 KiB/s 00:35 [######----------------]  30%..[1F python-3.12.3-1-...     2.9 MiB   361 KiB/s 00:27 [#####-----------------]  23%..[1E Total ( 8/10)           4.5 MiB   377 KiB/s 00:26 [######----------------]  31%..[1F python-3.12.3-1-...     2.9 MiB   248 KiB/s 00:39 [#####-----------------]  23%..[1E Total ( 8/10)           4.5 MiB   259 KiB/s 00:38 [######----------------]  31%..[1F python-3.12.3-1-...     3.0 MiB   314 KiB/s 00:30 [#####-----------------]  24%..[1E Total ( 8/10)           4.6 MiB   321 KiB/s 00:30 [#######---------------]  32%..[1F python-3.12.3-1-...     3.1 MiB   341 KiB/s 00:28 [#####-----------------]  24%..[1E Total ( 8/10)           4.7 MiB   345 KiB/s 00:28 [#######---------------]  33%..[1F python-3.12.3-1-...     3.2 MiB   301 KiB/s 00:31 [#####-----------------]  25%..[1E Total ( 8/10)           4.7 MiB   304 KiB/s 00:31 [#######---------------]  33%..[1F python-3.12.3-1-...     3.2 MiB   201 KiB/s 00:47 [#####-----------------]  25%..[1E Total ( 8/10)           4.7 MiB   203 KiB/s 00:47 [#######---------------]  33%..[1F python-3.12.3-1-...     3.2 MiB   134 KiB/s 01:11 [#####-----------------]  25%..[1E Total ( 8/10)           4.7 MiB   135 KiB/s 01:11 [#######---------------]  33%..[1F python-3.12.3-1-...     3.2 MiB  89.1 KiB/s 01:47 [#####-----------------]  25%..[1E Total ( 8/10)           4.7 MiB  90.1 KiB/s 01:46 [#######---------------]  33%. python-boolean.py-4.0-3-any.
2024-05-26 03:26:38.078752 +0000 build-archlinux43: output:  Total ( 8/10)           4.7 MiB  90.1 KiB/s 01:46 [#######---------------]  33%..
2024-05-26 03:27:18.952664 +0000 build-archlinux43: output: .[3F python-3.12.3-1-...     3.2 MiB  84.6 KiB/s 01:52 [#####-----------------]  25%..[2E Total ( 8/10)           4.8 MiB  85.2 KiB/s 01:52 [#######---------------]  33%..[2F python-3.12.3-1-...     3.2 MiB  73.2 KiB/s 02:10 [#####-----------------]  25%..[2E Total ( 8/10)           4.8 MiB  73.6 KiB/s 02:10 [#######---------------]  33%..[2F python-3.12.3-1-...     3.4 MiB   217 KiB/s 00:43 [#####-----------------]  27%..[2E Total ( 8/10)           5.0 MiB   217 KiB/s 00:43 [#######---------------]  35%..[2F python-3.12.3-1-...     3.4 MiB   144 KiB/s 01:04 [#####-----------------]  27%..[2E Total ( 8/10)           5.0 MiB   145 KiB/s 01:05 [#######---------------]  35%..[2F python-3.12.3-1-...     3.4 MiB   102 KiB/s 01:31 [#####-----------------]  27%..[2E Total ( 8/10)           5.0 MiB   103 KiB/s 01:31 [#######---------------]  35%..[2F python-3.12.3-1-...     3.4 MiB  77.5 KiB/s 02:00 [#####-----------------]  27%..[2E Total ( 8/10)           5.0 MiB  77.6 KiB/s 02:01 [#######---------------]  35%..[2F python-3.12.3-1-...     3.4 MiB  51.6 KiB/s 03:00 [#####-----------------]  27%..[2E Total ( 8/10)           5.0 MiB  51.7 KiB/s 03:01 [#######---------------]  35%..[2F python-3.12.3-1-...     3.4 MiB  45.9 KiB/s 03:22 [#####-----------------]  27%..[2E Total ( 8/10)           5.0 MiB  45.9 KiB/s 03:24 [#######---------------]  35%..[2F python-3.12.3-1-...     3.4 MiB  42.1 KiB/s 03:41 [#####-----------------]  27%..[2E Total ( 8/10)           5.0 MiB  42.1 KiB/s 03:42 [#######---------------]  35%..[2F python-3.12.3-1-...     3.4 MiB  28.1 KiB/s 05:31 [#####-----------------]  27%..[2E Total ( 8/10)           5.0 MiB  28.1 KiB/s 05:33 [#######---------------]  35%..[2F python-3.12.3-1-...     3.4 MiB  31.7 KiB/s 04:53 [#####-----------------]  27%..[2E Total ( 8/10)           5.0 MiB  31.8 KiB/s 04:54 [#######---------------]  35%..[2F python-3.12.3-1-...     3.5 MiB  31.2 KiB/s 04:57 [#####-----------------]  27%..[2E Total ( 8/10)           5.0 MiB  31.2 KiB/s 04:59 [#######---------------]  35%..[2F python-3.12.3-1-...     3.5 MiB  62.5 KiB/s 02:28 [#####-----------------]  27%..[2E Total ( 8/10)           5.0 MiB  62.5 KiB/s 02:29 [#######---------------]  35%..[2F python-3.12.3-1-...     3.7 MiB   214 KiB/s 00:42 [######----------------]  29%..[2E Total ( 8/10)           5.3 MiB   214 KiB/s 00:42 [########--------------]  37%..[2F python-3.12.3-1-...     3.7 MiB   153 KiB/s 00:58 [######----------------]  29%..[2E Total ( 8/10)           5.3 MiB   153 KiB/s 00:59 [########--------------]  37%..[2F python-3.12.3-1-...     3.8 MiB   232 KiB/s 00:38 [######----------------]  30%..[2E Total ( 8/10)           5.4 MiB   232 KiB/s 00:38 [########--------------]  37%..[2F python-3.12.3-1-...     3.8 MiB   160 KiB/s 00:55 [######----------------]  30%..[2E Total ( 8/10)           5.4 MiB   160 KiB/s 00:56 [########--------------]  37%..[2F python-3.12.3-1-...     3.9 MiB   157 KiB/s 00:56 [######----------------]  30%..[2E Total ( 8/10)           5.4 MiB   157 KiB/s 00:57 [########--------------]  38%..[2F python-3.12.3-1-...     3.9 MiB   144 KiB/s 01:01 [######----------------]  30%..[2E Total ( 8/10)           5.4 MiB   144 KiB/s 01:02 [########--------------]  38%..[2F python-3.12.3-1-...     3.9 MiB   145 KiB/s 01:00 [######----------------]  31%..[2E Total ( 8/10)           5.4 MiB   145 KiB/s 01:01 [########--------------]  38%..[2F python-3.12.3-1-...     4.1 MiB   296 KiB/s 00:29 [#######---------------]  32%..[2E Total ( 8/10)           5.6 MiB   296 KiB/s 00:29 [########--------------]  39%..[2F python-3.12.3-1-...     4.1 MiB   245 KiB/s 00:35 [#######---------------]  32%..[2E Total ( 8/10)           5.6 MiB   245 KiB/s 00:35 [########--------------]  39%..[2F python-3.12.3-1-...     4.1 MiB   185 KiB/s 00:46 [#######---------------]  32%..[2E Total ( 8/10)           5.7 MiB   185 KiB/s 00:46 [########--------------]  40%..[2F python-3.12.3-1-...     4.1 MiB   133 KiB/s 01:04 [#######---------------]  32%..[2E Total ( 8/10)           5.7 MiB   133 KiB/s 01:05 [########--------------]  40%..[2F python-3.12.3-1-...     4.1 MiB  99.2 KiB/s 01:26 [#######---------------]  32%..[2E Total ( 8/10)           5.7 MiB  99.2 KiB/s 01:27 [########--------------]  40%..[2F python-3.12.3-1-...     4.2 MiB  91.4 KiB/s 01:33 [#######---------------]  33%..[2E Total ( 8/10)           5.7 MiB  91.4 KiB/s 01:34 [########--------------]  40%..[2F python-3.12.3-1-...     4.2 MiB  83.6 KiB/s 01:42 [#######---------------]  33%..[2E Total ( 8/10)           5.7 MiB  83.6 KiB/s 01:43 [########--------------]  40%..[2F python-3.12.3-1-...     4.2 MiB  80.5 KiB/s 01:46 [#######---------------]  33%..[2E Total ( 8/10)           5.7 MiB  80.5 KiB/s 01:46 [########--------------]  40%..[1F python-boolean.p...    54.6 KiB  23.0   B/s 05:42 [###################---]  87%..[1F python-3.12.3-1-...     4.3 MiB   245 KiB/s 00:34 [#######---------------]  34%..[2E Total ( 8/10)           5.9 MiB   309 KiB/s 00:27 [#########-------------]  42%..[1F python-boolean.p...    54.6 KiB  15.0   B/s 08:33 [###################---]  87%. python-3.12.3-1-...     4.3 MiB   245 KiB/s 00:34 [#######---------------]  34%..[1F python-boolean.p...    62.5 KiB  7.82 KiB/s 00:08 [######################] 100%..[1E python-3.12.3-1-...     4.5 MiB   342 KiB/s 00:24 [#######---------------]  35%..[1E Total ( 9/10)           6.1 MiB   393 KiB/s 00:20 [#########-------------]  43%..[1F python-3.12.3-1-...     4.5 MiB   237 KiB/s 00:34 [#######---------------]  35%..[1E Total ( 9/10)           6.1 MiB   272 KiB/s 00:30 [#########-------------]  43%..[1F python-3.12.3-1-...     4.5 MiB   158 KiB/s 00:51 [#######---------------]  35%..[1E Total ( 9/10)           6.1 MiB   181 KiB/s 00:45 [#########-------------]  43%..[1F python-3.12.3-1-...     4.5 MiB   109 KiB/s 01:15 [#######---------------]  36%..[1E Total ( 9/10)           6.1 MiB   125 KiB/s 01:05 [#########-------------]  43%..[1F python-3.12.3-1-...     4.6 MiB   157 KiB/s 00:51 [#######---------------]  36%..[1E Total ( 9/10)           6.2 MiB   167 KiB/s 00:48 [#########-------------]  43%..[1F python-3.12.3-1-...     4.7 MiB   211 KiB/s 00:38 [########--------------]  37%..[1E Total ( 9/10)           6.3 MiB   218 KiB/s 00:36 [#########-------------]  44%..[1F python-3.12.3-1-...     4.7 MiB   270 KiB/s 00:29 [########--------------]  37%..[1E Total ( 9/10)           6.3 MiB   274 KiB/s 00:29 [#########-------------]  44%..[1F python-3.12.3-1-...     5.0 MiB   500 KiB/s 00:15 [########--------------]  39%..[1E Total ( 9/10)           6.6 MiB   503 KiB/s 00:15 [##########------------]  46%..[1F python-3.12.3-1-...     5.0 MiB   360 KiB/s 00:21 [########--------------]  40%..[1E Total ( 9/10)           6.6 MiB   362 KiB/s 00:21 [##########------------]  46%..[1F python-3.12.3-1-...     5.1 MiB   372 KiB/s 00:20 [########--------------]  40%..[1E Total ( 9/10)           6.7 MiB   373 KiB/s 00:20 [##########------------]  47%..[1F python-3.12.3-1-...     5.2 MiB   351 KiB/s 00:21 [#########-------------]  41%..[1E Total ( 9/10)           6.8 MiB   352 KiB/s 00:21 [##########------------]  48%..[1F python-3.12.3-1-...     5.2 MiB   241 KiB/s 00:31 [#########-------------]  41%..[1E Total ( 9/10)           6.8 MiB   242 KiB/s 00:31 [##########------------]  48%..[1F python-3.12.3-1-...     5.2 MiB   173 KiB/s 00:43 [#########-------------]  41%..[1E Total ( 9/10)           6.8 MiB   174 KiB/s 00:43 [##########------------]  48%..[1F python-3.12.3-1-...     5.3 MiB   231 KiB/s 00:31 [#########-------------]  42%..[1E Total ( 9/10)           6.9 MiB   231 KiB/s 00:31 [##########------------]  49%..[1F python-3.12.3-1-...     5.5 MiB   432 KiB/s 00:16 [#########-------------]  43%..[1E Total ( 9/10)           7.1 MiB   432 KiB/s 00:16 [###########-----------]  50%..[1F python-3.12.3-1-...     5.6 MiB   411 KiB/s 00:17 [#########-------------]  44%..[1E Total ( 9/10)           7.2 MiB   411 KiB/s 00:17 [###########-----------]  50%..[1F python-3.12.3-1-...     5.6 MiB   295 KiB/s 00:24 [#########-------------]  44%..[1E Total ( 9/10)           7.2 MiB   295 KiB/s 00:24 [###########-----------]  50%..[1F python-3.12.3-1-...     5.7 MiB   304 KiB/s 00:23 [#########-------------]  45%..[1E Total ( 9/10)           7.3 MiB   304 KiB/s 00:23 [###########-----------]  51%..[1F python-3.12.3-1-...     5.7 MiB   239 KiB/s 00:29 [#########-------------]  45%..[1E Total ( 9/10)           7.3 MiB   239 KiB/s 00:29 [###########-----------]  51%..[1F python-3.12.3-1-...     5.7 MiB   246 KiB/s 00:28 [#########-------------]  45%..[1E Total ( 9/10)           7.3 MiB   246 KiB/s 00:28 [###########-----------]  51%..[1F python-3.12.3-1-...     5.8 MiB   170 KiB/s 00:40 [#########-------------]  45%..[1E Total ( 9/10)           7.4 MiB   170 KiB/s 00:40 [###########-----------]  52%..[1F python-3.12.3-1-...     5.8 MiB   164 KiB/s 00:42 [##########------------]  46%..[1E Total ( 9/10)           7.4 MiB   164 KiB/s 00:42 [###########-----------]  52%..[1F python-3.12.3-1-...     5.9 MiB   157 KiB/s 00:43 [##########------------]  46%..[1E Total ( 9/10)           7.5 MiB   157 KiB/s 00:43 [###########-----------]  52%..[1F python-3.12.3-1-...     6.0 MiB   243 KiB/s 00:27 [##########------------]  47%..[1E Total ( 9/10)           7.6 MiB   243 KiB/s 00:27 [###########-----------]  53%..[1F python-3.12.3-1-...     6.0 MiB   248 KiB/s 00:26 [##########------------]  47%..[1E Total ( 9/10)           7.6 MiB   248 KiB/s 00:26 [###########-----------]  53%..[1F python-3.12.3-1-...     6.0 MiB   190 KiB/s 00:35 [##########------------]  48%..[1E Total ( 9/10)           7.6 MiB   190 KiB/s 00:35 [###########-----------]  53%..[1F python-3.12.3-1-...     6.1 MiB   190 KiB/s 00:34 [##########------------]  48%..[1E Total ( 9/10)           7.7 MiB   190 KiB/s 00:34 [###########-----------]  54%..[1F python-3.12.3-1-...     6.1 MiB   262 KiB/s 00:24 [##########------------]  49%..[1E Total ( 9/10)           7.7 MiB   262 KiB/s 00:24 [###########-----------]  54%..[1F python-3.12.3-1-...     6.1 MiB   187 KiB/s 00:34 [##########------------]  49%..[1E Total ( 9/10)           7.8 MiB   187 KiB/s 00:34 [###########-----------]  54%..[1F python-3.12.3-1-...     6.2 MiB   149 KiB/s 00:43 [##########------------]  49%..[1E Total ( 9/10)           7.8 MiB   149 KiB/s 00:43 [###########-----------]  54%..[1F python-3.12.3-1-...     6.2 MiB   133 KiB/s 00:48 [##########------------]  49%..[1E Total ( 9/10)           7.8 MiB   133 KiB/s 00:48 [############----------]  55%..[1F python-3.12.3-1-...     6.2 MiB   122 KiB/s 00:52 [##########------------]  49%..[1E Total ( 9/10)           7.8 MiB   122 KiB/s 00:52 [############----------]  55%..[1F python-3.12.3-1-...     6.3 MiB   196 KiB/s 00:32 [###########-----------]  50%..[1E Total ( 9/10)           7.9 MiB   196 KiB/s 00:32 [############----------]  55%..[1F python-3.12.3-1-...     6.5 MiB   425 KiB/s 00:14 [###########-----------]  51%..[1E Total ( 9/10)           8.1 MiB   425 KiB/s 00:14 [############----------]  57%..[1F python-3.12.3-1-...     6.5 MiB   283 KiB/s 00:21 [###########-----------]  51%..[1E Total ( 9/10)           8.1 MiB   283 KiB/s 00:21 [############----------]  57%..[1F python-3.12.3-1-...     6.5 MiB   213 KiB/s 00:28 [###########-----------]  51%..[1E Total ( 9/10)           8.1 MiB   213 KiB/s 00:28 [############----------]  57%..[1F python-3.12.3-1-...     6.5 MiB   154 KiB/s 00:39 [###########-----------]  52%..[1E Total ( 9/10)           8.1 MiB   154 KiB/s 00:39 [############----------]  57%..[1F python-3.12.3-1-...     6.6 MiB   151 KiB/s 00:40 [###########-----------]  52%..[1E Total ( 9/10)           8.2 MiB   151 KiB/s 00:40 [############----------]  57%..[1F python-3.12.3-1-...     6.6 MiB   125 KiB/s 00:48 [###########-----------]  52%..[1E Total ( 9/10)           8.2 MiB   125 KiB/s 00:48 [############----------]  57%..[1F python-3.12.3-1-...     6.7 MiB   249 KiB/s 00:24 [###########-----------]  53%..[1E Total ( 9/10)           8.3 MiB   249 KiB/s 00:24 [############----------]  58%..[1F python-3.12.3-1-...     6.8 MiB   306 KiB/s 00:19 [###########-----------]  53%..[1E Total ( 9/10)           8.4 MiB   306 KiB/s 00:19 [############----------]  59%..[1F python-3.12.3-1-...     6.8 MiB   214 KiB/s 00:27 [###########-----------]  54%..[1E Total ( 9/10)           8.4 MiB   214 KiB/s 00:27 [############----------]  59%..[1F python-3.12.3-1-...     6.8 MiB   245 KiB/s 00:23 [###########-----------]  54%..[1E Total ( 9/10)           8.4 MiB   245 KiB/s 00:23 [############----------]  59%..[1F python-3.12.3-1-...     6.9 MiB   226 KiB/s 00:25 [###########-----------]  54%..[1E Total ( 9/10)           8.5 MiB   226 KiB/s 00:25 [#############---------]  60%..[1F python-3.12.3-1-...     7.0 MiB   417 KiB/s 00:13 [############----------]  56%..[1E Total ( 9/10)           8.7 MiB   417 KiB/s 00:13 [#############---------]  61%..[1F python-3.12.3-1-...     7.1 MiB   290 KiB/s 00:19 [############----------]  56%..[1E Total ( 9/10)           8.7 MiB   290 KiB/s 00:19 [#############---------]  61%..[1F python-3.12.3-1-...     7.2 MiB   345 KiB/s 00:15 [############----------]  57%..[1E Total ( 9/10)           8.8 MiB   345 KiB/s 00:15 [#############---------]  61%..[1F python-3.12.3-1-...     7.2 MiB   332 KiB/s 00:16 [############----------]  57%..[1E Total ( 9/10)           8.8 MiB   332 KiB/s 00:16 [#############---------]  62%..[1F python-3.12.3-1-...     7.4 MiB   445 KiB/s 00:11 [############----------]  58%..[1E Total ( 9/10)           9.0 MiB   445 KiB/s 00:11 [#############---------]  63%..[1F python-3.12.3-1-...     7.5 MiB   498 KiB/s 00:10 [############----------]  59%..[1E Total ( 9/10)           9.1 MiB   498 KiB/s 00:10 [##############--------]  64%..[1F python-3.12.3-1-...     7.5 MiB   366 KiB/s 00:14 [############----------]  59%..[1E Total ( 9/10)           9.1 MiB   366 KiB/s 00:14 [##############--------]  64%..[1F python-3.12.3-1-...     7.6 MiB   351 KiB/s 00:14 [#############---------]  60%..[1E Total ( 9/10)           9.2 MiB   351 KiB/s 00:14 [##############--------]  64%..[1F python-3.12.3-1-...     7.7 MiB   440 KiB/s 00:11 [#############---------]  61%..[1E Total ( 9/10)           9.3 MiB   440 KiB/s 00:11 [##############--------]  65%..[1F python-3.12.3-1-...     7.9 MiB   485 KiB/s 00:09 [#############---------]  62%..[1E Total ( 9/10)           9.5 MiB   485 KiB/s 00:09 [##############--------]  66%..[1F python-3.12.3-1-...     7.9 MiB   367 KiB/s 00:12 [#############---------]  62%..[1E Total ( 9/10)           9.5 MiB   367 KiB/s 00:12 [##############--------]  67%..[1F python-3.12.3-1-...     7.9 MiB   288 KiB/s 00:16 [#############---------]  63%..[1E Total ( 9/10)           9.5 MiB   289 KiB/s 00:16 [##############--------]  67%..[1F python-3.12.3-1-...     8.0 MiB   281 KiB/s 00:16 [#############---------]  63%..[1E Total ( 9/10)           9.6 MiB   281 KiB/s 00:16 [##############--------]  67%..[1F python-3.12.3-1-...     8.0 MiB   210 KiB/s 00:22 [#############---------]  63%..[1E Total ( 9/10)           9.6 MiB   210 KiB/s 00:22 [##############--------]  67%..[1F python-3.12.3-1-...     8.1 MiB   259 KiB/s 00:17 [##############--------]  64%..[1E Total ( 9/10)           9.7 MiB   259 KiB/s 00:17 [##############--------]  68%..[1F python-3.12.3-1-...     8.1 MiB   250 KiB/s 00:18 [##############--------]  64%..[1E Total ( 9/10)           9.7 MiB   250 KiB/s 00:18 [##############--------]  68%..[1F python-3.12.3-1-...     8.2 MiB   282 KiB/s 00:15 [##############--------]  65%..[1E Total ( 9/10)           9.8 MiB   282 KiB/s 00:15 [###############-------]  69%..[1F python-3.12.3-1-...     8.2 MiB   212 KiB/s 00:20 [##############--------]  65%..[1E Total ( 9/10)           9.8 MiB   212 KiB/s 00:20 [###############-------]  69%..[1F python-3.12.3-1-...     8.2 MiB   178 KiB/s 00:24 [##############--------]  65%..[1E Total ( 9/10)           9.8 MiB   178 KiB/s 00:24 [###############-------]  69%..[1F python-3.12.3-1-...     8.2 MiB   142 KiB/s 00:30 [##############--------]  65%..[1E Total ( 9/10)           9.8 MiB   142 KiB/s 00:30 [###############-------]  69%..[1F python-3.12.3-1-...     8.2 MiB  94.6 KiB/s 00:46 [##############--------]  65%..[1E Total ( 9/10)           9.8 MiB  94.6 KiB/s 00:46 [###############-------]  69%..[1F python-3.12.3-1-...     8.2 MiB  75.2 KiB/s 00:58 [##############--------]  65%..[1E Total ( 9/10)           9.9 MiB  75.2 KiB/s 00:58 [###############-------]  69%..[1F python-3.12.3-1-...     8.3 MiB   168 KiB/s 00:25 [##############--------]  66%..[1E Total ( 9/10)           9.9 MiB   168 KiB/s 00:25 [###############-------]  70%..[1F python-3.12.3-1-...     8.3 MiB   151 KiB/s 00:28 [##############--------]  66%..[1E Total ( 9/10)          10.0 MiB   151 KiB/s 00:28 [###############-------]  70%..[1F python-3.12.3-1-...     8.4 MiB   252 KiB/s 00:16 [##############--------]  67%..[1E Total ( 9/10)          10.1 MiB   252 KiB/s 00:16 [###############-------]  71%..[1F python-3.12.3-1-...     8.6 MiB   343 KiB/s 00:11 [##############--------]  68%..[1E Total ( 9/10)          10.2 MiB   343 KiB/s 00:11 [###############-------]  71%..[1F python-3.12.3-1-...     8.7 MiB   412 KiB/s 00:09 [###############-------]  69%..[1E Total ( 9/10)          10.3 MiB   412 KiB/s 00:09 [###############-------]  72%..[1F python-3.12.3-1-...     8.7 MiB   274 KiB/s 00:14 [###############-------]  69%..[1E Total ( 9/10)          10.3 MiB   274 KiB/s 00:14 [###############-------]  72%..[1F python-3.12.3-1-...     9.0 MiB   752 KiB/s 00:04 [###############-------]  71%..[1E Total ( 9/10)          10.6 MiB   752 KiB/s 00:04 [################------]  75%..[1F python-3.12.3-1-...     9.1 MiB   585 KiB/s 00:06 [###############-------]  72%..[1E Total ( 9/10)          10.7 MiB   585 KiB/s 00:06 [################------]  75%..[1F python-3.12.3-1-...     9.2 MiB   531 KiB/s 00:06 [################------]  73%..[1E Total ( 9/10)          10.8 MiB   531 KiB/s 00:06 [################------]  76%..[1F python-3.12.3-1-...     9.3 MiB   577 KiB/s 00:05 [################------]  74%..[1E Total ( 9/10)          10.9 MiB   577 KiB/s 00:05 [################------]  77%..[1F python-3.12.3-1-...     9.4 MiB   427 KiB/s 00:07 [################------]  74%..[1E Total ( 9/10)          11.0 MiB   427 KiB/s 00:07 [################------]  77%..[1F python-3.12.3-1-...     9.4 MiB   293 KiB/s 00:11 [################------]  74%..[1E Total ( 9/10)          11.0 MiB   293 KiB/s 00:11 [################------]  77%..[1F python-3.12.3-1-...     9.4 MiB   207 KiB/s 00:15 [################------]  74%..[1E Total ( 9/10)          11.0 MiB   207 KiB/s 00:15 [################------]  77%..[1F python-3.12.3-1-...     9.4 MiB   143 KiB/s 00:22 [################------]  74%..[1E Total ( 9/10)          11.0 MiB   143 KiB/s 00:22 [################------]  77%..[1F python-3.12.3-1-...     9.4 MiB  95.4 KiB/s 00:33 [################------]  74%..[1E Total ( 9/10)          11.0 MiB  95.4 KiB/s 00:33 [################------]  77%..[1F python-3.12.3-1-...     9.4 MiB  63.6 KiB/s 00:50 [################------]  74%..[1E Total ( 9/10)          11.0 MiB  63.6 KiB/s 00:50 [################------]  77%..[1F python-3.12.3-1-...     9.4 MiB   103 KiB/s 00:31 [################------]  75%..[1E Total ( 9/10)          11.0 MiB   103 KiB/s 00:31 [################------]  77%..[1F python-3.12.3-1-...     9.4 MiB  79.6 KiB/s 00:39 [################------]  75%..[1E Total ( 9/10)          11.0 MiB  79.6 KiB/s 00:39 [################------]  77%..[1F python-3.12.3-1-...     9.4 MiB  53.1 KiB/s 00:59 [################------]  75%..[1E Total ( 9/10)          11.0 MiB  53.1 KiB/s 00:59 [################------]  77%..[1F python-3.12.3-1-...     9.4 MiB  48.4 KiB/s 01:05 [################------]  75%..[1E Total ( 9/10)          11.0 MiB  48.4 KiB/s 01:05 [#################-----]  78%..[1F python-3.12.3-1-...     9.5 MiB  64.6 KiB/s 00:48 [################------]  75%..[1E Total ( 9/10)          11.1 MiB  64.6 KiB/s 00:48 [#################-----]  78%..[1F python-3.12.3-1-...     9.9 MiB   722 KiB/s 00:03 [#################-----]  78%..[1E Total ( 9/10)          11.5 MiB   722 KiB/s 00:03 [#################-----]  81%..[1F python-3.12.3-1-...     9.9 MiB   585 KiB/s 00:04 [#################-----]  79%..[1E Total ( 9/10)          11.6 MiB   585 KiB/s 00:04 [#################-----]  81%..[1F python-3.12.3-1-...    10.1 MiB   502 KiB/s 00:05 [#################-----]  80%..[1E Total ( 9/10)          11.7 MiB   502 KiB/s 00:05 [##################----]  82%..[1F python-3.12.3-1-...    10.1 MiB   456 KiB/s 00:05 [#################-----]  80%..[1E Total ( 9/10)          11.7 MiB   456 KiB/s 00:05 [##################----]  83%..[1F python-3.12.3-1-...    10.2 MiB   407 KiB/s 00:05 [#################-----]  81%..[1E Total ( 9/10)          11.8 MiB   407 KiB/s 00:05 [##################----]  83%..[1F python-3.12.3-1-...    10.2 MiB   336 KiB/s 00:07 [#################-----]  81%..[1E Total ( 9/10)          11.8 MiB   336 KiB/s 00:07 [##################----]  83%..[1F python-3.12.3-1-...    10.3 MiB   395 KiB/s 00:05 [##################----]  82%..[1E Total ( 9/10)          11.9 MiB   395 KiB/s 00:05 [##################----]  84%..[1F python-3.12.3-1-...    10.4 MiB   361 KiB/s 00:06 [##################----]  82%..[1E Total ( 9/10)          12.0 MiB   361 KiB/s 00:06 [##################----]  84%..[1F python-3.12.3-1-...    10.5 MiB   385 KiB/s 00:05 [##################----]  84%..[1E Total ( 9/10)          12.1 MiB   385 KiB/s 00:05 [##################----]  85%..[1F python-3.12.3-1-...    10.7 MiB   445 KiB/s 00:04 [##################----]  85%..[1E Total ( 9/10)          12.3 MiB   445 KiB/s 00:04 [###################---]  87%..[1F python-3.12.3-1-...    10.8 MiB   394 KiB/s 00:04 [##################----]  85%..[1E Total ( 9/10)          12.4 MiB   394 KiB/s 00:04 [###################---]  87%..[1F python-3.12.3-1-...    10.9 MiB   506 KiB/s 00:03 [###################---]  87%..[1E Total ( 9/10)          12.5 MiB   506 KiB/s 00:03 [###################---]  88%..[1F python-3.12.3-1-...    11.0 MiB   522 KiB/s 00:02 [###################---]  88%..[1E Total ( 9/10)          12.6 MiB   522 KiB/s 00:02 [###################---]  89%..[1F python-3.12.3-1-...    11.1 MiB   438 KiB/s 00:03 [###################---]  88%..[1E Total ( 9/10)          12.7 MiB   438 KiB/s 00:03 [###################---]  89%..[1F python-3.12.3-1-...    11.1 MiB   315 KiB/s 00:04 [###################---]  88%..[1E Total ( 9/10)          12.7 MiB   315 KiB/s 00:04 [###################---]  89%..[1F python-3.12.3-1-...    11.2 MiB   270 KiB/s 00:05 [###################---]  89%..[1E Total ( 9/10)          12.8 MiB   270 KiB/s 00:05 [###################---]  90%..[1F python-3.12.3-1-...    11.2 MiB   191 KiB/s 00:07 [###################---]  89%..[1E Total ( 9/10)          12.8 MiB   191 KiB/s 00:07 [###################---]  90%..[1F python-3.12.3-1-...    11.3 MiB   268 KiB/s 00:04 [###################---]  89%..[1E Total ( 9/10)          12.9 MiB   268 KiB/s 00:04 [###################---]  90%..[1F python-3.12.3-1-...    11.3 MiB   288 KiB/s 00:04 [###################---]  90%..[1E Total ( 9/10)          12.9 MiB   288 KiB/s 00:04 [####################--]  91%..[1F python-3.12.3-1-...    11.4 MiB   234 KiB/s 00:05 [###################---]  90%..[1E Total ( 9/10)          13.0 MiB   234 KiB/s 00:05 [####################--]  91%..[1F python-3.12.3-1-...    11.4 MiB   178 KiB/s 00:06 [###################---]  90%..[1E Total ( 9/10)          13.0 MiB   178 KiB/s 00:06 [####################--]  91%..[1F python-3.12.3-1-...    11.6 MiB   457 KiB/s 00:02 [####################--]  92%..[1E Total ( 9/10)          13.2 MiB   457 KiB/s 00:02 [####################--]  93%..[1F python-3.12.3-1-...    11.6 MiB   369 KiB/s 00:02 [####################--]  92%..[1E Total ( 9/10)          13.2 MiB   369 KiB/s 00:02 [####################--]  93%..[1F python-3.12.3-1-...    11.8 MiB   475 KiB/s 00:01 [####################--]  93%..[1E Total ( 9/10)          13.4 MiB   475 KiB/s 00:01 [####################--]  94%..[1F python-3.12.3-1-...    12.0 MiB   678 KiB/s 00:00 [####################--]  95%..[1E Total ( 9/10)          13.6 MiB   678 KiB/s 00:00 [#####################-]  96%..[1F python-3.12.3-1-...    12.1 MiB   602 KiB/s 00:00 [#####################-]  96%..[1E Total ( 9/10)          13.7 MiB   602 KiB/s 00:00 [#####################-]  96%..[1F python-3.12.3-1-...    12.3 MiB   705 KiB/s 00:00 [#####################-]  97%..[1E Total ( 9/10)          13.9 MiB   705 KiB/s 00:00 [#####################-]  98%..[1F python-3.12.3-1-...    12.3 MiB   524 KiB/s 00:00 [#####################-]  98%..[1E Total ( 9/10)          13.9 MiB   524 KiB/s 00:00 [#####################-]  98%..[1F python-3.12.3-1-...    12.3 MiB   350 KiB/s 00:00 [#####################-]  98%..[1E Total ( 9/10)          13.9 MiB   350 KiB/s 00:00 [#####################-]  98%..[1F python-3.12.3-1-...    12.3 MiB   271 KiB/s 00:00 [#####################-]  98%..[1E Total ( 9/10)          13.9 MiB   271 KiB/s 00:00 [#####################-]  98%..[1F python-3.12.3-1-...    12.4 MiB   243 KiB/s 00:00 [#####################-]  98%..[1E Total ( 9/10)          14.0 MiB   243 KiB/s 00:00 [#####################-]  98%..[1F python-3.12.3-1-...    12.4 MiB   198 KiB/s 00:00 [#####################-]  98%..[1E Total ( 9/10)          14.0 MiB   198 KiB/s 00:00 [#####################-]  99%..[1F python-3.12.3-1-...    12.5 MiB   261 KiB/s 00:00 [#####################-]  99%..[1E Total ( 9/10)          14.1 MiB   261 KiB/s 00:00 [#####################-]  99%..[1F python-3.12.3-1-...    12.5 MiB   170 KiB/s 01:15 [######################] 100%..[1E Total (10/10)          14.1 MiB   188 KiB/s 01:17 [######################] 100%..
2024-05-26 03:27:19.075745 +0000 build-archlinux43: output: ( 0/10) checking keys in keyring                   [----------------------]   0%.( 1/10) checking keys in keyring                   [##--------------------]  10%.( 2/10) checking keys in keyring                   [####------------------]  20%.( 3/10) checking keys in keyring                   [######----------------]  30%.( 4/10) checking keys in keyring                   [########--------------]  40%.( 5/10) checking keys in keyring                   [###########-----------]  50%.( 6/10) checking keys in keyring                   [#############---------]  60%.( 7/10) checking keys in keyring                   [###############-------]  70%.( 8/10) checking keys in keyring                   [#################-----]  80%.( 9/10) checking keys in keyring                   [###################---]  90%.(10/10) checking keys in keyring                   [######################] 100%..
2024-05-26 03:27:19.375579 +0000 build-archlinux43: output: ( 0/10) checking package integrity                 [----------------------]   0%.( 1/10) checking package integrity                 [----------------------]   4%.( 2/10) checking package integrity                 [----------------------]   4%.( 3/10) checking package integrity                 [#---------------------]   5%.( 4/10) checking package integrity                 [#---------------------]   6%.( 5/10) checking package integrity                 [####################--]  94%.( 6/10) checking package integrity                 [####################--]  95%.( 7/10) checking package integrity                 [####################--]  95%.( 8/10) checking package integrity                 [#####################-]  96%.( 9/10) checking package integrity                 [#####################-]  98%.(10/10) checking package integrity                 [######################] 100%..
2024-05-26 03:27:19.400684 +0000 build-archlinux43: output: ( 0/10) loading package files                      [----------------------]   0%.( 1/10) loading package files                      [----------------------]   4%.( 2/10) loading package files                      [----------------------]   4%.( 3/10) loading package files                      [#---------------------]   5%.( 4/10) loading package files                      [#---------------------]   6%.( 5/10) loading package files                      [####################--]  94%.( 6/10) loading package files                      [####################--]  95%.( 7/10) loading package files                      [####################--]  95%.( 8/10) loading package files                      [#####################-]  96%.( 9/10) loading package files                      [#####################-]  98%.(10/10) loading package files                      [######################] 100%..
2024-05-26 03:27:19.406957 +0000 build-archlinux43: output: ( 0/10) checking for file conflicts                [----------------------]   0%.( 1/10) checking for file conflicts                [##--------------------]  10%.( 2/10) checking for file conflicts                [####------------------]  20%.( 3/10) checking for file conflicts                [######----------------]  30%.( 4/10) checking for file conflicts                [########--------------]  40%.( 5/10) checking for file conflicts                [###########-----------]  50%.( 6/10) checking for file conflicts                [#############---------]  60%.( 7/10) checking for file conflicts                [###############-------]  70%.( 8/10) checking for file conflicts                [#################-----]  80%.( 9/10) checking for file conflicts                [###################---]  90%.(10/10) checking for file conflicts                [######################] 100%..
2024-05-26 03:27:19.408078 +0000 build-archlinux43: output: :: Processing package changes....
2024-05-26 03:27:19.420197 +0000 build-archlinux43: output: ( 1/10) installing elfutils                        [----------------------]   0%.( 1/10) installing elfutils                        [######################] 100%..
2024-05-26 03:27:19.431173 +0000 build-archlinux43: output: ( 2/10) installing licenses                        [----------------------]   0%.( 2/10) installing licenses                        [######################] 100%..
2024-05-26 03:27:19.433887 +0000 build-archlinux43: output: ( 3/10) installing expat                           [----------------------]   0%.( 3/10) installing expat                           [######################] 100%..
2024-05-26 03:27:19.436573 +0000 build-archlinux43: output: ( 4/10) installing mpdecimal                       [----------------------]   0%.( 4/10) installing mpdecimal                       [######################] 100%..
2024-05-26 03:27:19.829198 +0000 build-archlinux43: output: ( 5/10) installing python                          [----------------------]   0%.( 5/10) installing python                          [----------------------]   0%.( 5/10) installing python                          [----------------------]   0%.( 5/10) installing python                          [######################] 100%..
2024-05-26 03:27:19.838737 +0000 build-archlinux43: output: Optional dependencies for python.
2024-05-26 03:27:19.838779 +0000 build-archlinux43: output:     python-setuptools: for building Python packages using tooling that is.
2024-05-26 03:27:19.838799 +0000 build-archlinux43: output:     usually bundled with Python.
2024-05-26 03:27:19.838817 +0000 build-archlinux43: output:     python-pip: for installing Python packages using tooling that is usually.
2024-05-26 03:27:19.838832 +0000 build-archlinux43: output:     bundled with Python.
2024-05-26 03:27:19.838849 +0000 build-archlinux43: output:     python-pipx: for installing Python software not packaged on Arch Linux.
2024-05-26 03:27:19.838922 +0000 build-archlinux43: output:     sqlite: for a default database integration [installed].
2024-05-26 03:27:19.838943 +0000 build-archlinux43: output:     xz: for lzma [installed].
2024-05-26 03:27:19.838958 +0000 build-archlinux43: output:     tk: for tkinter.
2024-05-26 03:27:19.842647 +0000 build-archlinux43: output: ( 6/10) installing pyalpm                          [----------------------]   0%.( 6/10) installing pyalpm                          [######################] 100%..
2024-05-26 03:27:19.848041 +0000 build-archlinux43: output: ( 7/10) installing python-boolean.py               [----------------------]   0%.( 7/10) installing python-boolean.py               [######################] 100%..
2024-05-26 03:27:19.854177 +0000 build-archlinux43: output: ( 8/10) installing python-license-expression       [----------------------]   0%.( 8/10) installing python-license-expression       [######################] 100%..
2024-05-26 03:27:19.871885 +0000 build-archlinux43: output: ( 9/10) installing python-pyelftools               [----------------------]   0%.( 9/10) installing python-pyelftools               [######################] 100%..
2024-05-26 03:27:19.901324 +0000 build-archlinux43: output: (10/10) installing namcap                          [----------------------]   0%.(10/10) installing namcap                          [######################] 100%..
2024-05-26 03:27:20.365966 +0000 build-archlinux43: output: .[?25hChecking PKGBUILD.
2024-05-26 03:27:20.714061 +0000 build-archlinux43: output: PKGBUILD (qubes-vm-dependencies) E: Split PKGBUILD needs additional makedepends ['qubes-gpg-split', 'qubes-usb-proxy', 'qubes-vm-core', 'qubes-vm-gui', 'qubes-vm-networking', 'qubes-vm-passwordless-root', 'qubes-vm-pulseaudio', 'qubes-vm-qrexec', 'qubes-vm-xen'] to work properly.
2024-05-26 03:27:20.739763 +0000 build-archlinux43: output: Checking qubes-vm-dependencies-4.3.0-1-x86_64.pkg.tar.zst.
2024-05-26 03:27:20.958833 +0000 build-archlinux43: output: qubes-vm-dependencies W: No ELF files and not an "any" package.
2024-05-26 03:27:20.958919 +0000 build-archlinux43: output: qubes-vm-dependencies E: GPL is not a valid SPDX license identifier. See https://spdx.org/licenses/ for valid identifiers, or prefix the identifier with 'LicenseRef-', if it is custom..
2024-05-26 03:27:20.958972 +0000 build-archlinux43: output: qubes-vm-dependencies W: Dependency included, but may not be needed ('qubes-vm-xen').
2024-05-26 03:27:20.958995 +0000 build-archlinux43: output: qubes-vm-dependencies W: Dependency included, but may not be needed ('qubes-vm-core').
2024-05-26 03:27:20.959014 +0000 build-archlinux43: output: qubes-vm-dependencies W: Dependency included, but may not be needed ('qubes-vm-qrexec').
2024-05-26 03:27:20.959033 +0000 build-archlinux43: output: qubes-vm-dependencies W: Dependency included, but may not be needed ('qubes-vm-gui').
2024-05-26 03:27:20.959051 +0000 build-archlinux43: output: qubes-vm-dependencies W: Dependency included, but may not be needed ('qubes-vm-pulseaudio').
2024-05-26 03:27:20.991441 +0000 build-archlinux43: output: Checking qubes-vm-recommended-4.3.0-1-x86_64.pkg.tar.zst.
2024-05-26 03:27:21.247767 +0000 build-archlinux43: output: qubes-vm-recommended W: No ELF files and not an "any" package.
2024-05-26 03:27:21.247842 +0000 build-archlinux43: output: qubes-vm-recommended E: GPL is not a valid SPDX license identifier. See https://spdx.org/licenses/ for valid identifiers, or prefix the identifier with 'LicenseRef-', if it is custom..
2024-05-26 03:27:21.247863 +0000 build-archlinux43: output: qubes-vm-recommended W: Dependency included, but may not be needed ('qubes-vm-passwordless-root').
2024-05-26 03:27:21.247883 +0000 build-archlinux43: output: qubes-vm-recommended W: Dependency included, but may not be needed ('qubes-vm-networking').
2024-05-26 03:27:21.247901 +0000 build-archlinux43: output: qubes-vm-recommended W: Dependency included, but may not be needed ('qubes-gpg-split').
2024-05-26 03:27:21.247917 +0000 build-archlinux43: output: qubes-vm-recommended W: Dependency included, but may not be needed ('qubes-usb-proxy').
2024-05-26 03:27:21.267477 +0000 build-archlinux43: output: Checking qubes-vm-repo-4.3.0-1-x86_64.pkg.tar.zst.
2024-05-26 03:27:21.517014 +0000 build-archlinux43: output: qubes-vm-repo W: No ELF files and not an "any" package.
2024-05-26 03:27:21.517149 +0000 build-archlinux43: output: qubes-vm-repo E: GPL is not a valid SPDX license identifier. See https://spdx.org/licenses/ for valid identifiers, or prefix the identifier with 'LicenseRef-', if it is custom..
2024-05-26 03:27:21.679039 +0000 build-archlinux43: output: ==> Running checkpkg
2024-05-26 03:27:21.939238 +0000 build-archlinux43: output: error: target not found: qubes-vm-dependencies
2024-05-26 03:27:21.939311 +0000 build-archlinux43: output: error: target not found: qubes-vm-recommended
2024-05-26 03:27:21.940647 +0000 build-archlinux43: output: error: target not found: qubes-vm-repo
2024-05-26 03:27:21.973703 +0000 build-archlinux43: output: ==> WARNING: Skipped checkpkg due to missing repo packages
2024-05-26 03:27:21.979907 +0000 build-archlinux43: output: tput: unknown terminal "unknown"
2024-05-26 03:27:21.990862 +0000 build-archlinux43: copy-out (cmd): /usr/lib/qubes/qrexec-client-vm disp1579 qubesbuilder.FileCopyOut+-2Fbuilder-2Fmeta--packages-2Fqubes--vm--recommended--4.3.0--1--x86_64.pkg.tar.zst /usr/bin/qfile-unpacker 1000 /home/user/builder-r4.3/components/meta-packages/4.3.0-1/vm-archlinux/build/pkgs
2024-05-26 03:27:22.358201 +0000 build-archlinux43: copy-out (cmd): /usr/lib/qubes/qrexec-client-vm disp1579 qubesbuilder.FileCopyOut+-2Fbuilder-2Fmeta--packages-2Fqubes--vm--dependencies--4.3.0--1--x86_64.pkg.tar.zst /usr/bin/qfile-unpacker 1000 /home/user/builder-r4.3/components/meta-packages/4.3.0-1/vm-archlinux/build/pkgs
2024-05-26 03:27:22.554308 +0000 build-archlinux43: copy-out (cmd): /usr/lib/qubes/qrexec-client-vm disp1579 qubesbuilder.FileCopyOut+-2Fbuilder-2Fmeta--packages-2Fqubes--vm--repo--4.3.0--1--x86_64.pkg.tar.zst /usr/bin/qfile-unpacker 1000 /home/user/builder-r4.3/components/meta-packages/4.3.0-1/vm-archlinux/build/pkgs
2024-05-26 03:27:50.966218 +0000 build-archlinux43: meta-packages:vm-archlinux-rolling.x86_64:archlinux: Provisioning local repository '/home/user/builder-r4.3/repository/vm-archlinux'.
2024-05-26 03:27:50.982693 +0000 build-archlinux43: Executing 'bash -c qubes-gpg-client-wrapper --armor --export F3DFBD70558A3F45F01A7BA3AB187C9F85BDFCC0 > /tmp/tmp65npdklk/F3DFBD70558A3F45F01A7BA3AB187C9F85BDFCC0.asc&&gpg2 --homedir /home/user/builder-r4.3/components/meta-packages/4.3.0-1/vm-archlinux/sign/keyring --import /tmp/tmp65npdklk/F3DFBD70558A3F45F01A7BA3AB187C9F85BDFCC0.asc'.
2024-05-26 03:27:51.165290 +0000 build-archlinux43: output: gpg: keybox '/home/user/builder-r4.3/components/meta-packages/4.3.0-1/vm-archlinux/sign/keyring/pubring.kbx' created
2024-05-26 03:27:51.167354 +0000 build-archlinux43: output: gpg: /home/user/builder-r4.3/components/meta-packages/4.3.0-1/vm-archlinux/sign/keyring/trustdb.gpg: trustdb created
2024-05-26 03:27:51.168060 +0000 build-archlinux43: output: gpg: key AB187C9F85BDFCC0: public key "Qubes OS 4.3 Archlinux Packages Signing Key" imported
2024-05-26 03:27:51.174563 +0000 build-archlinux43: output: gpg: Total number processed: 1
2024-05-26 03:27:51.174593 +0000 build-archlinux43: output: gpg:               imported: 1
2024-05-26 03:27:51.199669 +0000 build-archlinux43: meta-packages:vm-archlinux-rolling.x86_64:archlinux: Signing 'qubes-vm-dependencies-4.3.0-1-x86_64.pkg.tar.zst'.
2024-05-26 03:27:51.199745 +0000 build-archlinux43: Executing 'bash -c qubes-gpg-client-wrapper --batch --no-tty --yes --detach-sign -u F3DFBD70558A3F45F01A7BA3AB187C9F85BDFCC0 /home/user/builder-r4.3/components/meta-packages/4.3.0-1/vm-archlinux/build/pkgs/qubes-vm-dependencies-4.3.0-1-x86_64.pkg.tar.zst > /home/user/builder-r4.3/components/meta-packages/4.3.0-1/vm-archlinux/build/pkgs/qubes-vm-dependencies-4.3.0-1-x86_64.pkg.tar.zst.sig'.
2024-05-26 03:27:51.332822 +0000 build-archlinux43: meta-packages:vm-archlinux-rolling.x86_64:archlinux: Signing 'qubes-vm-recommended-4.3.0-1-x86_64.pkg.tar.zst'.
2024-05-26 03:27:51.332992 +0000 build-archlinux43: Executing 'bash -c qubes-gpg-client-wrapper --batch --no-tty --yes --detach-sign -u F3DFBD70558A3F45F01A7BA3AB187C9F85BDFCC0 /home/user/builder-r4.3/components/meta-packages/4.3.0-1/vm-archlinux/build/pkgs/qubes-vm-recommended-4.3.0-1-x86_64.pkg.tar.zst > /home/user/builder-r4.3/components/meta-packages/4.3.0-1/vm-archlinux/build/pkgs/qubes-vm-recommended-4.3.0-1-x86_64.pkg.tar.zst.sig'.
2024-05-26 03:27:51.491698 +0000 build-archlinux43: meta-packages:vm-archlinux-rolling.x86_64:archlinux: Signing 'qubes-vm-repo-4.3.0-1-x86_64.pkg.tar.zst'.
2024-05-26 03:27:51.491783 +0000 build-archlinux43: Executing 'bash -c qubes-gpg-client-wrapper --batch --no-tty --yes --detach-sign -u F3DFBD70558A3F45F01A7BA3AB187C9F85BDFCC0 /home/user/builder-r4.3/components/meta-packages/4.3.0-1/vm-archlinux/build/pkgs/qubes-vm-repo-4.3.0-1-x86_64.pkg.tar.zst > /home/user/builder-r4.3/components/meta-packages/4.3.0-1/vm-archlinux/build/pkgs/qubes-vm-repo-4.3.0-1-x86_64.pkg.tar.zst.sig'.
2024-05-26 03:27:51.644079 +0000 build-archlinux43: meta-packages:vm-archlinux-rolling.x86_64:archlinux: Publishing packages.
2024-05-26 03:27:51.644186 +0000 build-archlinux43: meta-packages:vm-archlinux-rolling.x86_64:archlinux: Verifying signatures.
2024-05-26 03:27:51.644334 +0000 build-archlinux43: Executing 'bash -c gpg2 -q --homedir /home/user/builder-r4.3/components/meta-packages/4.3.0-1/vm-archlinux/sign/keyring --verify /home/user/builder-r4.3/components/meta-packages/4.3.0-1/vm-archlinux/build/pkgs/qubes-vm-dependencies-4.3.0-1-x86_64.pkg.tar.zst.sig /home/user/builder-r4.3/components/meta-packages/4.3.0-1/vm-archlinux/build/pkgs/qubes-vm-dependencies-4.3.0-1-x86_64.pkg.tar.zst&&gpg2 -q --homedir /home/user/builder-r4.3/components/meta-packages/4.3.0-1/vm-archlinux/sign/keyring --verify /home/user/builder-r4.3/components/meta-packages/4.3.0-1/vm-archlinux/build/pkgs/qubes-vm-recommended-4.3.0-1-x86_64.pkg.tar.zst.sig /home/user/builder-r4.3/components/meta-packages/4.3.0-1/vm-archlinux/build/pkgs/qubes-vm-recommended-4.3.0-1-x86_64.pkg.tar.zst&&gpg2 -q --homedir /home/user/builder-r4.3/components/meta-packages/4.3.0-1/vm-archlinux/sign/keyring --verify /home/user/builder-r4.3/components/meta-packages/4.3.0-1/vm-archlinux/build/pkgs/qubes-vm-repo-4.3.0-1-x86_64.pkg.tar.zst.sig /home/user/builder-r4.3/components/meta-packages/4.3.0-1/vm-archlinux/build/pkgs/qubes-vm-repo-4.3.0-1-x86_64.pkg.tar.zst'.
2024-05-26 03:27:51.650038 +0000 build-archlinux43: output: gpg: Signature made Sat May 25 23:27:51 2024 EDT
2024-05-26 03:27:51.650113 +0000 build-archlinux43: output: gpg:                using EDDSA key F3DFBD70558A3F45F01A7BA3AB187C9F85BDFCC0
2024-05-26 03:27:51.650142 +0000 build-archlinux43: output: gpg: Good signature from "Qubes OS 4.3 Archlinux Packages Signing Key" [unknown]
2024-05-26 03:27:51.650159 +0000 build-archlinux43: output: gpg: WARNING: This key is not certified with a trusted signature!
2024-05-26 03:27:51.650176 +0000 build-archlinux43: output: gpg:          There is no indication that the signature belongs to the owner.
2024-05-26 03:27:51.650192 +0000 build-archlinux43: output: Primary key fingerprint: F3DF BD70 558A 3F45 F01A  7BA3 AB18 7C9F 85BD FCC0
2024-05-26 03:27:51.651173 +0000 build-archlinux43: output: gpg: Signature made Sat May 25 23:27:52 2024 EDT
2024-05-26 03:27:51.651207 +0000 build-archlinux43: output: gpg:                using EDDSA key F3DFBD70558A3F45F01A7BA3AB187C9F85BDFCC0
2024-05-26 03:27:51.651744 +0000 build-archlinux43: output: gpg: Good signature from "Qubes OS 4.3 Archlinux Packages Signing Key" [unknown]
2024-05-26 03:27:51.651777 +0000 build-archlinux43: output: gpg: WARNING: This key is not certified with a trusted signature!
2024-05-26 03:27:51.651797 +0000 build-archlinux43: output: gpg:          There is no indication that the signature belongs to the owner.
2024-05-26 03:27:51.651813 +0000 build-archlinux43: output: Primary key fingerprint: F3DF BD70 558A 3F45 F01A  7BA3 AB18 7C9F 85BD FCC0
2024-05-26 03:27:51.653236 +0000 build-archlinux43: output: gpg: Signature made Sat May 25 23:27:52 2024 EDT
2024-05-26 03:27:51.653260 +0000 build-archlinux43: output: gpg:                using EDDSA key F3DFBD70558A3F45F01A7BA3AB187C9F85BDFCC0
2024-05-26 03:27:51.653935 +0000 build-archlinux43: output: gpg: Good signature from "Qubes OS 4.3 Archlinux Packages Signing Key" [unknown]
2024-05-26 03:27:51.653983 +0000 build-archlinux43: output: gpg: WARNING: This key is not certified with a trusted signature!
2024-05-26 03:27:51.654007 +0000 build-archlinux43: output: gpg:          There is no indication that the signature belongs to the owner.
2024-05-26 03:27:51.654028 +0000 build-archlinux43: output: Primary key fingerprint: F3DF BD70 558A 3F45 F01A  7BA3 AB18 7C9F 85BD FCC0
2024-05-26 03:27:51.669748 +0000 build-archlinux43: Executing 'bash -c repo-add /home/user/builder-r4.3/repository-publish/archlinux/r4.3/current-testing/vm/archlinux/pkgs/qubes-r4.3-current-testing.db.tar.gz /home/user/builder-r4.3/components/meta-packages/4.3.0-1/vm-archlinux/build/pkgs/qubes-vm-dependencies-4.3.0-1-x86_64.pkg.tar.zst&&repo-add /home/user/builder-r4.3/repository-publish/archlinux/r4.3/current-testing/vm/archlinux/pkgs/qubes-r4.3-current-testing.db.tar.gz /home/user/builder-r4.3/components/meta-packages/4.3.0-1/vm-archlinux/build/pkgs/qubes-vm-recommended-4.3.0-1-x86_64.pkg.tar.zst&&repo-add /home/user/builder-r4.3/repository-publish/archlinux/r4.3/current-testing/vm/archlinux/pkgs/qubes-r4.3-current-testing.db.tar.gz /home/user/builder-r4.3/components/meta-packages/4.3.0-1/vm-archlinux/build/pkgs/qubes-vm-repo-4.3.0-1-x86_64.pkg.tar.zst'.
2024-05-26 03:27:51.698865 +0000 build-archlinux43: output: ==> Extracting qubes-r4.3-current-testing.db.tar.gz to a temporary location...
2024-05-26 03:27:51.707779 +0000 build-archlinux43: output: ==> Extracting qubes-r4.3-current-testing.files.tar.gz to a temporary location...
2024-05-26 03:27:51.718020 +0000 build-archlinux43: output: ==> Adding package '/home/user/builder-r4.3/components/meta-packages/4.3.0-1/vm-archlinux/build/pkgs/qubes-vm-dependencies-4.3.0-1-x86_64.pkg.tar.zst'
2024-05-26 03:27:51.737254 +0000 build-archlinux43: output:   -> Adding package signature...
2024-05-26 03:27:51.742275 +0000 build-archlinux43: output:   -> Computing checksums...
2024-05-26 03:27:51.748426 +0000 build-archlinux43: output:   -> Removing existing entry 'qubes-vm-dependencies-4.2.14-1'...
2024-05-26 03:27:51.757075 +0000 build-archlinux43: output:   -> Creating 'desc' db entry...
2024-05-26 03:27:51.760345 +0000 build-archlinux43: output:   -> Creating 'files' db entry...
2024-05-26 03:27:51.766558 +0000 build-archlinux43: output: ==> Creating updated database file '/home/user/builder-r4.3/repository-publish/archlinux/r4.3/current-testing/vm/archlinux/pkgs/qubes-r4.3-current-testing.db.tar.gz'
2024-05-26 03:27:51.831005 +0000 build-archlinux43: output: ==> Extracting qubes-r4.3-current-testing.db.tar.gz to a temporary location...
2024-05-26 03:27:51.842767 +0000 build-archlinux43: output: ==> Extracting qubes-r4.3-current-testing.files.tar.gz to a temporary location...
2024-05-26 03:27:51.853052 +0000 build-archlinux43: output: ==> Adding package '/home/user/builder-r4.3/components/meta-packages/4.3.0-1/vm-archlinux/build/pkgs/qubes-vm-recommended-4.3.0-1-x86_64.pkg.tar.zst'
2024-05-26 03:27:51.869000 +0000 build-archlinux43: output:   -> Adding package signature...
2024-05-26 03:27:51.872881 +0000 build-archlinux43: output:   -> Computing checksums...
2024-05-26 03:27:51.877879 +0000 build-archlinux43: output:   -> Removing existing entry 'qubes-vm-recommended-4.2.14-1'...
2024-05-26 03:27:51.884548 +0000 build-archlinux43: output:   -> Creating 'desc' db entry...
2024-05-26 03:27:51.887836 +0000 build-archlinux43: output:   -> Creating 'files' db entry...
2024-05-26 03:27:51.891719 +0000 build-archlinux43: output: ==> Creating updated database file '/home/user/builder-r4.3/repository-publish/archlinux/r4.3/current-testing/vm/archlinux/pkgs/qubes-r4.3-current-testing.db.tar.gz'
2024-05-26 03:27:51.936608 +0000 build-archlinux43: output: ==> Extracting qubes-r4.3-current-testing.db.tar.gz to a temporary location...
2024-05-26 03:27:51.945701 +0000 build-archlinux43: output: ==> Extracting qubes-r4.3-current-testing.files.tar.gz to a temporary location...
2024-05-26 03:27:51.956292 +0000 build-archlinux43: output: ==> Adding package '/home/user/builder-r4.3/components/meta-packages/4.3.0-1/vm-archlinux/build/pkgs/qubes-vm-repo-4.3.0-1-x86_64.pkg.tar.zst'
2024-05-26 03:27:51.972630 +0000 build-archlinux43: output:   -> Adding package signature...
2024-05-26 03:27:51.976747 +0000 build-archlinux43: output:   -> Computing checksums...
2024-05-26 03:27:51.980741 +0000 build-archlinux43: output:   -> Removing existing entry 'qubes-vm-repo-4.2.14-1'...
2024-05-26 03:27:51.986782 +0000 build-archlinux43: output:   -> Creating 'desc' db entry...
2024-05-26 03:27:51.989058 +0000 build-archlinux43: output:   -> Creating 'files' db entry...
2024-05-26 03:27:51.994059 +0000 build-archlinux43: output: ==> Creating updated database file '/home/user/builder-r4.3/repository-publish/archlinux/r4.3/current-testing/vm/archlinux/pkgs/qubes-r4.3-current-testing.db.tar.gz'
2024-05-26 03:27:52.025660 +0000 build-archlinux43: meta-packages:vm-archlinux-rolling.x86_64:archlinux: Signing metadata.
2024-05-26 03:27:52.025809 +0000 build-archlinux43: Executing 'bash -c qubes-gpg-client-wrapper --batch --no-tty --yes --detach-sign --armor -u F3DFBD70558A3F45F01A7BA3AB187C9F85BDFCC0 /home/user/builder-r4.3/repository-publish/archlinux/r4.3/current-testing/vm/archlinux/pkgs/qubes-r4.3-current-testing.db.tar.gz > /home/user/builder-r4.3/repository-publish/archlinux/r4.3/current-testing/vm/archlinux/pkgs/qubes-r4.3-current-testing.db.tar.gz.sig'.
2024-05-26 03:27:52.164408 +0000 build-archlinux43: > done
2024-05-26 03:27:52.164492 +0000 > closing log
