2024-05-25 16:48:37.702724 +0000 > starting log
2024-05-25 16:48:37.702945 +0000 build-archlinux43: > starting build with log
2024-05-25 16:48:37.702960 +0000 build-archlinux43: >> args:
2024-05-25 16:48:37.702967 +0000 build-archlinux43: >>   ()
2024-05-25 16:48:37.702972 +0000 build-archlinux43: >> component:
2024-05-25 16:48:37.702977 +0000 build-archlinux43: >>   core-qubesdb
2024-05-25 16:48:37.702983 +0000 build-archlinux43: >>     commit-hash: 25a34aad4a6857b8cb7c8564d9a2cece7a184e57
2024-05-25 16:48:37.702991 +0000 build-archlinux43: >>     source-hash: 3f970346c0b3ede903826c50d047507b9afae93480d9f4cf55edbb0f7d78487ea303ffe4911c25bb0f2b495bece00ba0e0417bacfcbe524032eeaeb8cc82a0e5
2024-05-25 16:48:37.702996 +0000 build-archlinux43: >> distributions:
2024-05-25 16:48:37.703002 +0000 build-archlinux43: >>   [<QubesDistribution vm-archlinux-rolling.x86_64>]
2024-05-25 16:48:37.703008 +0000 build-archlinux43: core-qubesdb:vm-archlinux-rolling.x86_64: Source hash is the same than already prepared source. Skipping.
2024-05-25 16:48:37.703015 +0000 build-archlinux43: core-qubesdb:vm-archlinux-rolling.x86_64: Cleaning local repository '/home/user/builder-r4.3/repository/vm-archlinux' (all versions).
2024-05-25 16:48:37.703022 +0000 build-archlinux43: core-qubesdb:vm-archlinux-rolling.x86_64: Chroot cache does not exists. Will create it.
2024-05-25 16:48:47.358997 +0000 build-archlinux43: copy-in (cmd): /usr/lib/qubes/qrexec-client-vm -- disp5526 qubesbuilder.FileCopyIn+-2Fbuilder-2Fcore--qubesdb /usr/lib/qubes/qfile-agent /home/user/builder-r4.3/sources/core-qubesdb
2024-05-25 16:48:47.812806 +0000 build-archlinux43: copy-in (cmd): /usr/lib/qubes/qrexec-client-vm -- disp5526 qubesbuilder.FileCopyIn+-2Fbuilder-2Fcore--qubesdb-2Fqubes--db--vm--4.2.6--1.tar.gz /usr/lib/qubes/qfile-agent /home/user/builder-r4.3/components/core-qubesdb/4.2.6-1/vm-archlinux/prep/qubes-db-vm-4.2.6-1.tar.gz
2024-05-25 16:48:48.056991 +0000 build-archlinux43: copy-in (cmd): /usr/lib/qubes/qrexec-client-vm -- disp5526 qubesbuilder.FileCopyIn+-2Fbuilder-2Fcore--qubesdb-2FPKGBUILD /usr/lib/qubes/qfile-agent /home/user/builder-r4.3/components/core-qubesdb/4.2.6-1/vm-archlinux/prep/PKGBUILD
2024-05-25 16:48:48.401272 +0000 build-archlinux43: copy-in (cmd): /usr/lib/qubes/qrexec-client-vm -- disp5526 qubesbuilder.FileCopyIn+-2Fbuilder-2Fdistfiles-2Fcore--qubesdb /usr/lib/qubes/qfile-agent /home/user/builder-r4.3/distfiles/core-qubesdb
2024-05-25 16:48:48.724401 +0000 build-archlinux43: copy-in (cmd): /usr/lib/qubes/qrexec-client-vm -- disp5526 qubesbuilder.FileCopyIn+-2Fbuilder-2Fplugins-2Fbuild /usr/lib/qubes/qfile-agent /home/user/qubes-builderv2/qubesbuilder/plugins/build
2024-05-25 16:48:48.998433 +0000 build-archlinux43: copy-in (cmd): /usr/lib/qubes/qrexec-client-vm -- disp5526 qubesbuilder.FileCopyIn+-2Fbuilder-2Fplugins-2Fbuild_archlinux /usr/lib/qubes/qfile-agent /home/user/qubes-builderv2/qubesbuilder/plugins/build_archlinux
2024-05-25 16:48:49.213121 +0000 build-archlinux43: copy-in (cmd): /usr/lib/qubes/qrexec-client-vm -- disp5526 qubesbuilder.FileCopyIn+-2Fbuilder-2Fplugins-2Fchroot_archlinux /usr/lib/qubes/qfile-agent /home/user/qubes-builderv2/qubesbuilder/plugins/chroot_archlinux
2024-05-25 16:48:49.507062 +0000 build-archlinux43: copy-in (cmd): /usr/lib/qubes/qrexec-client-vm -- disp5526 qubesbuilder.FileCopyIn+-2Fbuilder-2Frepository-2Fvm--archlinux /usr/lib/qubes/qfile-agent /home/user/builder-r4.3/repository/vm-archlinux
2024-05-25 16:48:49.671708 +0000 build-archlinux43: Executing '/usr/bin/qvm-run-vm -- disp5526 env -- VERBOSE=1 DEBUG=1 BACKEND_VMM=xen DIST=archlinux PACKAGE_SET=vm bash -c 'sudo cp /builder/plugins/chroot_archlinux/conf/makepkg-x86_64.conf /usr/local/share/devtools/makepkg.conf.d/qubes-x86_64.conf && sudo /builder/plugins/chroot_archlinux/scripts/generate-pacman /builder/plugins/chroot_archlinux/conf/pacman.conf.j2 /usr/local/share/devtools/pacman.conf.d/qubes-x86_64.conf && sudo rm -rf /etc/pacman.d/gnupg/private-keys-v1.d && sudo pacman-key --init && sudo pacman-key --populate && sudo mkdir -p /builder/cache/qubes-x86_64 && sudo mkarchroot -C /usr/local/share/devtools/pacman.conf.d/qubes-x86_64.conf -M /builder/plugins/chroot_archlinux/conf/makepkg-x86_64.conf /builder/cache/qubes-x86_64/root base-devel && sudo /builder/plugins/chroot_archlinux/scripts/generate-pacman /builder/plugins/chroot_archlinux/conf/pacman.conf.j2 /usr/local/share/devtools/pacman.conf.d/qubes-x86_64.conf --enable-builder-local && sudo /builder/plugins/build_archlinux/scripts/update-local-repo.sh /builder/cache/qubes-x86_64/root /builder/repository && cd /builder/core-qubesdb && sudo qubes-x86_64-build -r /builder/cache --  -d /builder/repository:/builder/repository --  --syncdeps --noconfirm --skipinteg''.
2024-05-25 16:48:50.075795 +0000 build-archlinux43: output: ==> Generating pacman master key. This may take some time.
2024-05-25 16:48:50.080831 +0000 build-archlinux43: output: gpg: Generating pacman keyring master key...
2024-05-25 16:48:53.093934 +0000 build-archlinux43: output: gpg: revocation certificate stored as '/etc/pacman.d/gnupg/openpgp-revocs.d/1D443F51A1A74C96346E66DDAB9F6229A635AED4.rev'
2024-05-25 16:48:53.093995 +0000 build-archlinux43: output: gpg: Done
2024-05-25 16:48:53.096166 +0000 build-archlinux43: output: ==> Updating trust database...
2024-05-25 16:48:53.203305 +0000 build-archlinux43: output: gpg: Note: third-party key signatures using the SHA1 algorithm are rejected
2024-05-25 16:48:53.203370 +0000 build-archlinux43: output: gpg: (use option "--allow-weak-key-signatures" to override)
2024-05-25 16:48:54.421264 +0000 build-archlinux43: output: gpg: marginals needed: 3  completes needed: 1  trust model: pgp
2024-05-25 16:48:54.463233 +0000 build-archlinux43: output: gpg: depth: 0  valid:   2  signed:   5  trust: 0-, 0q, 0n, 0m, 0f, 2u
2024-05-25 16:48:54.493369 +0000 build-archlinux43: output: gpg: depth: 1  valid:   5  signed:  98  trust: 0-, 0q, 0n, 5m, 0f, 0u
2024-05-25 16:48:54.520217 +0000 build-archlinux43: output: gpg: depth: 2  valid:  74  signed:  22  trust: 74-, 0q, 0n, 0m, 0f, 0u
2024-05-25 16:48:54.520256 +0000 build-archlinux43: output: gpg: next trustdb check due at 2024-06-29
2024-05-25 16:48:54.562445 +0000 build-archlinux43: output: ==> Appending keys from archlinux.gpg...
2024-05-25 16:48:57.856189 +0000 build-archlinux43: output: ==> Locally signing trusted keys in keyring...
2024-05-25 16:49:02.877266 +0000 build-archlinux43: output:   -> Locally signed 5 keys.
2024-05-25 16:49:02.878661 +0000 build-archlinux43: output: ==> Importing owner trust values...
2024-05-25 16:49:02.885652 +0000 build-archlinux43: output: ==> Updating trust database...
2024-05-25 16:49:02.951090 +0000 build-archlinux43: output: gpg: Note: third-party key signatures using the SHA1 algorithm are rejected
2024-05-25 16:49:02.951134 +0000 build-archlinux43: output: gpg: (use option "--allow-weak-key-signatures" to override)
2024-05-25 16:49:03.744707 +0000 build-archlinux43: output: gpg: marginals needed: 3  completes needed: 1  trust model: pgp
2024-05-25 16:49:03.783367 +0000 build-archlinux43: output: gpg: depth: 0  valid:   2  signed:   5  trust: 0-, 0q, 0n, 0m, 0f, 2u
2024-05-25 16:49:03.814111 +0000 build-archlinux43: output: gpg: depth: 1  valid:   5  signed:  99  trust: 0-, 0q, 0n, 5m, 0f, 0u
2024-05-25 16:49:03.828799 +0000 build-archlinux43: output: gpg: depth: 2  valid:  75  signed:  22  trust: 75-, 0q, 0n, 0m, 0f, 0u
2024-05-25 16:49:03.828832 +0000 build-archlinux43: output: gpg: next trustdb check due at 2024-06-29
2024-05-25 16:49:03.925144 +0000 build-archlinux43: output: ==> Creating install root at /builder/cache/qubes-x86_64/root
2024-05-25 16:49:03.953480 +0000 build-archlinux43: output: ==> Installing packages to /builder/cache/qubes-x86_64/root
2024-05-25 16:49:03.962784 +0000 build-archlinux43: output: :: Synchronizing package databases...
2024-05-25 16:50:23.307932 +0000 build-archlinux43: output:  core downloading...
2024-05-25 16:50:23.308024 +0000 build-archlinux43: output:  community downloading...
2024-05-25 16:50:23.308045 +0000 build-archlinux43: output:  extra downloading...
2024-05-25 16:50:23.308061 +0000 build-archlinux43: output:  multilib downloading...
2024-05-25 16:50:23.308082 +0000 build-archlinux43: output: error: failed retrieving file 'core.db' from mirror.rackspace.com : Resolving timed out after 10000 milliseconds
2024-05-25 16:50:23.308104 +0000 build-archlinux43: output: error: failed retrieving file 'community.db' from mirror.rackspace.com : Connection time-out
2024-05-25 16:50:23.308123 +0000 build-archlinux43: output: error: failed retrieving file 'extra.db' from mirror.rackspace.com : Connection time-out
2024-05-25 16:50:23.308141 +0000 build-archlinux43: output: warning: too many errors from mirror.rackspace.com, skipping for the remainder of this transaction
2024-05-25 16:50:23.308159 +0000 build-archlinux43: output: error: failed retrieving file 'multilib.db' from mirror.rackspace.com : Connection time-out
2024-05-25 16:50:23.319639 +0000 build-archlinux43: output: resolving dependencies...
2024-05-25 16:50:23.574361 +0000 build-archlinux43: output: looking for conflicting packages...
2024-05-25 16:50:23.578354 +0000 build-archlinux43: output: 
2024-05-25 16:50:23.578480 +0000 build-archlinux43: output: Packages (115) acl-2.3.2-1  archlinux-keyring-20240520-1  attr-2.5.2-1  audit-4.0.1-3  autoconf-2.72-1  automake-1.16.5-2  bash-5.2.026-2  binutils-2.42+r91+g6224493e457-1  bison-3.8.2-6  brotli-1.1.0-2  bzip2-1.0.8-6  ca-certificates-20220905-1  ca-certificates-mozilla-3.100-1  ca-certificates-utils-20220905-1  coreutils-9.5-1  curl-8.8.0-1  db5.3-5.3.28-5  debugedit-5.0-6  diffutils-3.10-1  e2fsprogs-1.47.1-2  fakeroot-1.34-1  file-5.45-1  filesystem-2024.04.07-1  findutils-4.9.0-3  flex-2.6.4-5  gawk-5.3.0-1  gc-8.2.6-1  gcc-14.1.1+r58+gfc9fb69ad62-1  gcc-libs-14.1.1+r58+gfc9fb69ad62-1  gdbm-1.23-2  gettext-0.22.5-1  glib2-2.80.2-2  glibc-2.39+r52+gf8e4623421-1  gmp-6.3.0-2  gnupg-2.4.5-1  gnutls-3.8.5-1  gpgme-1.23.2-4  grep-3.11-1  groff-1.23.0-5  guile-3.0.9-1  gzip-1.13-2  iana-etc-20240412-1  icu-75.1-1  jansson-2.14-4  json-c-0.17-1  keyutils-1.6.3-2  krb5-1.21.2-2  libarchive-3.7.4-1  libassuan-2.5.7-2  libcap-2.70-1  libcap-ng-0.8.5-2  libelf-0.191-3  libevent-2.1.12-4  libffi-3.4.6-1  libgcrypt-1.10.3-1  libgpg-error-1.49-1  libidn2-2.3.7-1  libisl-0.26-2  libksba-1.6.6-1  libldap-2.6.7-2  libmpc-1.3.1-1  libnghttp2-1.62.1-1  libnghttp3-1.3.0-1  libnsl-2.0.1-1  libp11-kit-0.25.3-1  libpsl-0.21.5-2  libsasl-2.1.28-4  libseccomp-2.5.5-3  libsecret-0.21.4-1  libssh2-1.11.0-1  libsysprof-capture-46.0-3  libtasn1-4.19.0-1  libtirpc-1.3.4-1  libtool-2.5.0+1+g38c166c8-1  libunistring-1.2-1  libusb-1.0.27-1  libverto-0.3.2-5  libxcrypt-4.4.36-1  libxml2-2.12.7-1  linux-api-headers-6.8-1  lz4-1:1.9.4-3  m4-1.4.19-3  make-4.4.1-2  mpfr-4.2.1-3  ncurses-6.5-2  nettle-3.9.1-1  npth-1.7-1  openssl-3.3.0-1  p11-kit-0.25.3-1  pacman-6.1.0-3  pacman-mirrorlist-20231001-1  pam-1.6.1-2  pambase-20230918-1  patch-2.7.6-10  pcre2-10.43-4  perl-5.38.2-1  pinentry-1.3.0-1  pkgconf-2.1.1-1  readline-8.2.010-1  sed-4.9-3  shadow-4.15.1-2  sqlite-3.46.0-1  sudo-1.9.15.p5-1  systemd-libs-255.6-2  tar-1.35-2  texinfo-7.1-2  tpm2-tss-4.0.1-1  tzdata-2024a-2  util-linux-2.40.1-1  util-linux-libs-2.40.1-1  which-2.21-6  xz-5.6.1-3  zlib-1:1.3.1-2  zstd-1.5.6-1  base-devel-1-1
2024-05-25 16:50:23.578491 +0000 build-archlinux43: output: 
2024-05-25 16:50:23.578500 +0000 build-archlinux43: output: Total Download Size:   211.82 MiB
2024-05-25 16:50:23.578521 +0000 build-archlinux43: output: Total Installed Size:  882.72 MiB
2024-05-25 16:50:23.578527 +0000 build-archlinux43: output: 
2024-05-25 16:50:23.578534 +0000 build-archlinux43: output: :: Proceed with installation? [Y/n]
2024-05-25 16:50:23.578541 +0000 build-archlinux43: output: :: Retrieving packages...
2024-05-25 17:31:59.496899 +0000 build-archlinux43: output:  gcc-14.1.1+r58+gfc9fb69ad62-1-x86_64 downloading...
2024-05-25 17:31:59.497022 +0000 build-archlinux43: output:  gcc-libs-14.1.1+r58+gfc9fb69ad62-1-x86_64 downloading...
2024-05-25 17:31:59.497046 +0000 build-archlinux43: output:  perl-5.38.2-1-x86_64 downloading...
2024-05-25 17:31:59.497146 +0000 build-archlinux43: output:  icu-75.1-1-x86_64 downloading...
2024-05-25 17:31:59.497173 +0000 build-archlinux43: output:  glibc-2.39+r52+gf8e4623421-1-x86_64 downloading...
2024-05-25 17:31:59.497824 +0000 build-archlinux43: output:  guile-3.0.9-1-x86_64 downloading...
2024-05-25 17:31:59.497909 +0000 build-archlinux43: output: error: failed retrieving file 'perl-5.38.2-1-x86_64.pkg.tar.zst' from arch.mirror.constant.com : Operation too slow. Less than 1 bytes/sec transferred the last 10 seconds
2024-05-25 17:31:59.497942 +0000 build-archlinux43: output: error: failed retrieving file 'glibc-2.39+r52+gf8e4623421-1-x86_64.pkg.tar.zst' from arch.mirror.constant.com : Operation too slow. Less than 1 bytes/sec transferred the last 10 seconds
2024-05-25 17:31:59.498037 +0000 build-archlinux43: output: error: failed retrieving file 'gcc-14.1.1+r58+gfc9fb69ad62-1-x86_64.pkg.tar.zst' from arch.mirror.constant.com : Operation too slow. Less than 1 bytes/sec transferred the last 10 seconds
2024-05-25 17:31:59.498197 +0000 build-archlinux43: output: warning: too many errors from arch.mirror.constant.com, skipping for the remainder of this transaction
2024-05-25 17:31:59.498231 +0000 build-archlinux43: output: error: failed retrieving file 'gcc-libs-14.1.1+r58+gfc9fb69ad62-1-x86_64.pkg.tar.zst' from arch.mirror.constant.com : Operation too slow. Less than 1 bytes/sec transferred the last 10 seconds
2024-05-25 17:31:59.498386 +0000 build-archlinux43: output: error: failed retrieving file 'icu-75.1-1-x86_64.pkg.tar.zst' from arch.mirror.constant.com : Operation too slow. Less than 1 bytes/sec transferred the last 10 seconds
2024-05-25 17:31:59.498566 +0000 build-archlinux43: output: error: failed retrieving file 'glibc-2.39+r52+gf8e4623421-1-x86_64.pkg.tar.zst' from mirror.f4st.host : transfer closed with 4939422 bytes remaining to read
2024-05-25 17:31:59.498724 +0000 build-archlinux43: output: error: failed retrieving file 'perl-5.38.2-1-x86_64.pkg.tar.zst' from mirror.f4st.host : transfer closed with 14848207 bytes remaining to read
2024-05-25 17:31:59.498870 +0000 build-archlinux43: output: error: failed retrieving file 'perl-5.38.2-1-x86_64.pkg.tar.zst' from mirrors.edge.kernel.org : Operation too slow. Less than 1 bytes/sec transferred the last 10 seconds
2024-05-25 17:31:59.499194 +0000 build-archlinux43: output: warning: failed to retrieve some files
2024-05-25 17:31:59.499567 +0000 build-archlinux43: output: error: failed to commit transaction (unexpected error)
2024-05-25 17:31:59.563453 +0000 build-archlinux43: output: Errors occurred, no packages were upgraded.
2024-05-25 17:31:59.575041 +0000 build-archlinux43: output: ==> ERROR: Failed to install packages to new root
2024-05-25 17:31:59.582346 +0000 build-archlinux43: output: ==> ERROR: Failed to install all packages
2024-05-25 17:31:59.588387 +0000 build-archlinux43: output: tput: unknown terminal "unknown"
2024-05-25 17:32:06.729204 +0000 > closing log
