2024-05-25 15:17:34.775728 +0000 > starting log
2024-05-25 15:17:34.776158 +0000 build-archlinux43: > starting build with log
2024-05-25 15:17:34.776202 +0000 build-archlinux43: >> args:
2024-05-25 15:17:34.776227 +0000 build-archlinux43: >>   ()
2024-05-25 15:17:34.776243 +0000 build-archlinux43: >> component:
2024-05-25 15:17:34.776259 +0000 build-archlinux43: >>   meta-packages
2024-05-25 15:17:34.776275 +0000 build-archlinux43: >>     commit-hash: d399dda147b7a10cd408d1211c1d251c4c44b0fa
2024-05-25 15:17:34.776296 +0000 build-archlinux43: >>     source-hash: 2d0712de25c0747afd07c50b37a97ee7e3b86a11431b47d2de1c83ddf43a66c212589e4740de7d06508af3d9a1a690274a36bddc6c50f597c19eabe5b4301476
2024-05-25 15:17:34.776311 +0000 build-archlinux43: >> distributions:
2024-05-25 15:17:34.776334 +0000 build-archlinux43: >>   [<QubesDistribution vm-archlinux-rolling.x86_64>]
2024-05-25 15:17:44.480262 +0000 build-archlinux43: copy-in (cmd): /usr/lib/qubes/qrexec-client-vm -- disp4506 qubesbuilder.FileCopyIn+-2Fbuilder-2Fmeta--packages /usr/lib/qubes/qfile-agent /home/user/builder-r4.3/sources/meta-packages
2024-05-25 15:17:45.090279 +0000 build-archlinux43: copy-in (cmd): /usr/lib/qubes/qrexec-client-vm -- disp4506 qubesbuilder.FileCopyIn+-2Fbuilder-2Fplugins-2Fsource /usr/lib/qubes/qfile-agent /home/user/qubes-builderv2/qubesbuilder/plugins/source
2024-05-25 15:17:45.293047 +0000 build-archlinux43: copy-in (cmd): /usr/lib/qubes/qrexec-client-vm -- disp4506 qubesbuilder.FileCopyIn+-2Fbuilder-2Fplugins-2Ffetch /usr/lib/qubes/qfile-agent /home/user/qubes-builderv2/qubesbuilder/plugins/fetch
2024-05-25 15:17:45.624566 +0000 build-archlinux43: copy-in (cmd): /usr/lib/qubes/qrexec-client-vm -- disp4506 qubesbuilder.FileCopyIn+-2Fbuilder-2Fplugins-2Fsource_archlinux /usr/lib/qubes/qfile-agent /home/user/qubes-builderv2/qubesbuilder/plugins/source_archlinux
2024-05-25 15:17:45.994531 +0000 build-archlinux43: Executing '/usr/bin/qvm-run-vm -- disp4506 env -- VERBOSE=1 DEBUG=1 BACKEND_VMM=xen DIST=archlinux LC_ALL=C bash -c '/builder/plugins/source_archlinux/scripts/get-source-info /builder/meta-packages /builder/meta-packages/archlinux''.
2024-05-25 15:17:46.170305 +0000 build-archlinux43: output: + ERR_OUTPUT=/dev/stderr
2024-05-25 15:17:46.170387 +0000 build-archlinux43: output: + test 2 -ne 2
2024-05-25 15:17:46.170412 +0000 build-archlinux43: output: + SOURCE_DIR=/builder/meta-packages
2024-05-25 15:17:46.170432 +0000 build-archlinux43: output: + ARCHLINUX_DIRECTORY=/builder/meta-packages/archlinux
2024-05-25 15:17:46.170450 +0000 build-archlinux43: output: + DIRECTORY_MANGLE_PATH=archlinux
2024-05-25 15:17:46.170465 +0000 build-archlinux43: output: + DIRECTORY_MANGLE_PATH=archlinux
2024-05-25 15:17:46.170482 +0000 build-archlinux43: output: + PKGBUILD=/builder/meta-packages/archlinux/PKGBUILD.in
2024-05-25 15:17:46.170498 +0000 build-archlinux43: output: + '[' '!' -e /builder/meta-packages/archlinux/PKGBUILD.in ']'
2024-05-25 15:17:46.170514 +0000 build-archlinux43: output: + source /builder/meta-packages/archlinux/PKGBUILD.in
2024-05-25 15:17:46.170531 +0000 build-archlinux43: output: ++ pkgname=(qubes-vm-dependencies qubes-vm-recommended qubes-vm-repo)
2024-05-25 15:17:46.170547 +0000 build-archlinux43: output: ++ pkgver=@VERSION@
2024-05-25 15:17:46.170561 +0000 build-archlinux43: output: ++ pkgrel=@REL@
2024-05-25 15:17:46.170579 +0000 build-archlinux43: output: ++ pkgdesc='Meta packages for Qubes-specific components'
2024-05-25 15:17:46.170643 +0000 build-archlinux43: output: ++ arch=("x86_64")
2024-05-25 15:17:46.170665 +0000 build-archlinux43: output: ++ url=http://qubes-os.org/
2024-05-25 15:17:46.170679 +0000 build-archlinux43: output: ++ license=('GPL')
2024-05-25 15:17:46.170695 +0000 build-archlinux43: output: ++ _pkgnvr=qubes-vm-dependencies-@VERSION@-@REL@
2024-05-25 15:17:46.170709 +0000 build-archlinux43: output: ++ source=("${_pkgnvr}.tar.gz")
2024-05-25 15:17:46.170723 +0000 build-archlinux43: output: ++ sha256sums=(SKIP)
2024-05-25 15:17:46.170758 +0000 build-archlinux43: output: + printf '%s\n' qubes-vm-dependencies qubes-vm-recommended qubes-vm-repo
2024-05-25 15:17:46.170799 +0000 build-archlinux43: output: + source /builder/meta-packages/archlinux/PKGBUILD.in
2024-05-25 15:17:46.170817 +0000 build-archlinux43: output: ++ pkgname=(qubes-vm-dependencies qubes-vm-recommended qubes-vm-repo)
2024-05-25 15:17:46.170831 +0000 build-archlinux43: output: ++ pkgver=@VERSION@
2024-05-25 15:17:46.170845 +0000 build-archlinux43: output: ++ pkgrel=@REL@
2024-05-25 15:17:46.170861 +0000 build-archlinux43: output: ++ pkgdesc='Meta packages for Qubes-specific components'
2024-05-25 15:17:46.170890 +0000 build-archlinux43: output: ++ arch=("x86_64")
2024-05-25 15:17:46.170905 +0000 build-archlinux43: output: ++ url=http://qubes-os.org/
2024-05-25 15:17:46.170919 +0000 build-archlinux43: output: ++ license=('GPL')
2024-05-25 15:17:46.170934 +0000 build-archlinux43: output: ++ _pkgnvr=qubes-vm-dependencies-@VERSION@-@REL@
2024-05-25 15:17:46.170949 +0000 build-archlinux43: output: ++ source=("${_pkgnvr}.tar.gz")
2024-05-25 15:17:46.170962 +0000 build-archlinux43: output: ++ sha256sums=(SKIP)
2024-05-25 15:17:46.170976 +0000 build-archlinux43: output: + printf '%s\n' x86_64
2024-05-25 15:17:46.176324 +0000 build-archlinux43: copy-out (cmd): /usr/lib/qubes/qrexec-client-vm disp4506 qubesbuilder.FileCopyOut+-2Fbuilder-2Fmeta--packages-2Farchlinux_package_arch /usr/bin/qfile-unpacker 1000 /tmp/tmpxm5jk0qn
2024-05-25 15:17:46.433327 +0000 build-archlinux43: copy-out (cmd): /usr/lib/qubes/qrexec-client-vm disp4506 qubesbuilder.FileCopyOut+-2Fbuilder-2Fmeta--packages-2Farchlinux_packages.list /usr/bin/qfile-unpacker 1000 /tmp/tmpxm5jk0qn
2024-05-25 15:17:58.895452 +0000 build-archlinux43: copy-in (cmd): /usr/lib/qubes/qrexec-client-vm -- disp4005 qubesbuilder.FileCopyIn+-2Fbuilder-2Fmeta--packages /usr/lib/qubes/qfile-agent /home/user/builder-r4.3/sources/meta-packages
2024-05-25 15:17:59.388333 +0000 build-archlinux43: copy-in (cmd): /usr/lib/qubes/qrexec-client-vm -- disp4005 qubesbuilder.FileCopyIn+-2Fbuilder-2Fplugins-2Fsource /usr/lib/qubes/qfile-agent /home/user/qubes-builderv2/qubesbuilder/plugins/source
2024-05-25 15:17:59.583555 +0000 build-archlinux43: copy-in (cmd): /usr/lib/qubes/qrexec-client-vm -- disp4005 qubesbuilder.FileCopyIn+-2Fbuilder-2Fplugins-2Ffetch /usr/lib/qubes/qfile-agent /home/user/qubes-builderv2/qubesbuilder/plugins/fetch
2024-05-25 15:17:59.905030 +0000 build-archlinux43: copy-in (cmd): /usr/lib/qubes/qrexec-client-vm -- disp4005 qubesbuilder.FileCopyIn+-2Fbuilder-2Fplugins-2Fsource_archlinux /usr/lib/qubes/qfile-agent /home/user/qubes-builderv2/qubesbuilder/plugins/source_archlinux
2024-05-25 15:18:00.219371 +0000 build-archlinux43: Executing '/usr/bin/qvm-run-vm -- disp4005 env -- VERBOSE=1 DEBUG=1 BACKEND_VMM=xen DIST=archlinux LC_ALL=C bash -c '/builder/plugins/fetch/scripts/create-archive /builder/meta-packages qubes-vm-dependencies-4.2.14-1.tar.gz && /builder/plugins/source_archlinux/scripts/generate-pkgbuild /builder/meta-packages/archlinux/PKGBUILD.in /builder/meta-packages/PKGBUILD 4.2.14 1''.
2024-05-25 15:18:00.460109 +0000 build-archlinux43: output: ++ tar --version
2024-05-25 15:18:00.466807 +0000 build-archlinux43: output: ++ head -1
2024-05-25 15:18:00.466855 +0000 build-archlinux43: output: ++ awk '{print $4}'
2024-05-25 15:18:00.474170 +0000 build-archlinux43: output: + TAR_VERSION=1.35
2024-05-25 15:18:00.474836 +0000 build-archlinux43: output: ++ readlink -f /builder/meta-packages
2024-05-25 15:18:00.476410 +0000 build-archlinux43: output: /builder/meta-packages ~
2024-05-25 15:18:00.476433 +0000 build-archlinux43: output: + GIT_ARCHIVE_SRC=/builder/meta-packages
2024-05-25 15:18:00.476441 +0000 build-archlinux43: output: + GIT_ARCHIVE_TYPE=gz
2024-05-25 15:18:00.476447 +0000 build-archlinux43: output: + GIT_TARBALL_NAME=qubes-vm-dependencies-4.2.14-1.tar
2024-05-25 15:18:00.476453 +0000 build-archlinux43: output: + '[' x '!=' x ']'
2024-05-25 15:18:00.476459 +0000 build-archlinux43: output: + GIT_ARCHIVE_PREFIX=qubes-vm-dependencies-4.2.14-1.tar
2024-05-25 15:18:00.476491 +0000 build-archlinux43: output: + GIT_ARCHIVE_PREFIX=qubes-vm-dependencies-4.2.14-1
2024-05-25 15:18:00.476498 +0000 build-archlinux43: output: + GIT_ARCHIVE_PREFIX=qubes-vm-dependencies-4.2.14-1
2024-05-25 15:18:00.476503 +0000 build-archlinux43: output: + GIT_ARCHIVE_PREFIX=qubes-vm-dependencies-4.2.14-1/
2024-05-25 15:18:00.476508 +0000 build-archlinux43: output: + pushd /builder/meta-packages
2024-05-25 15:18:00.479044 +0000 build-archlinux43: output: ++ git log -1 --format=%ct
2024-05-25 15:18:00.524253 +0000 build-archlinux43: output: + SOURCE_DATE_EPOCH=1716648338
2024-05-25 15:18:00.525749 +0000 build-archlinux43: output: ++ printf '%s\n' 1.35 1.28
2024-05-25 15:18:00.526802 +0000 build-archlinux43: output: ++ sort -V
2024-05-25 15:18:00.526811 +0000 build-archlinux43: output: ++ head -n1
2024-05-25 15:18:00.531351 +0000 build-archlinux43: output: + '[' 1.28 == 1.28 ']'
2024-05-25 15:18:00.531369 +0000 build-archlinux43: output: + tar --sort=name --mtime=@1716648338 --owner=0 --group=0 --numeric-owner --mode=go=rX '--xform=s%^\./%qubes-vm-dependencies-4.2.14-1/%' --exclude-vcs-ignores --exclude-ignore=.tarignore --exclude pkgs --exclude '.git/*' --exclude qubes-vm-dependencies-4.2.14-1.tar -cf qubes-vm-dependencies-4.2.14-1.tar .
2024-05-25 15:18:00.537342 +0000 build-archlinux43: output: + case "$GIT_ARCHIVE_TYPE" in
2024-05-25 15:18:00.537351 +0000 build-archlinux43: output: + gzip -fn qubes-vm-dependencies-4.2.14-1.tar
2024-05-25 15:18:00.541829 +0000 build-archlinux43: output: ~
2024-05-25 15:18:00.541850 +0000 build-archlinux43: output: + popd
2024-05-25 15:18:00.541977 +0000 build-archlinux43: output: + '[' 4 -ne 4 ']'
2024-05-25 15:18:00.542089 +0000 build-archlinux43: output: + input=/builder/meta-packages/archlinux/PKGBUILD.in
2024-05-25 15:18:00.542167 +0000 build-archlinux43: output: + output=/builder/meta-packages/PKGBUILD
2024-05-25 15:18:00.542187 +0000 build-archlinux43: output: + version=4.2.14
2024-05-25 15:18:00.542210 +0000 build-archlinux43: output: + release=1
2024-05-25 15:18:00.542295 +0000 build-archlinux43: output: + '[' '!' -e /builder/meta-packages/archlinux/PKGBUILD.in ']'
2024-05-25 15:18:00.542403 +0000 build-archlinux43: output: + cp /builder/meta-packages/archlinux/PKGBUILD.in /builder/meta-packages/archlinux/PKGBUILD.in.tmp
2024-05-25 15:18:00.547170 +0000 build-archlinux43: output: + sed -i 's|@VERSION@|4.2.14|g' /builder/meta-packages/archlinux/PKGBUILD.in.tmp
2024-05-25 15:18:00.553257 +0000 build-archlinux43: output: + sed -i 's|@REL@|1|g' /builder/meta-packages/archlinux/PKGBUILD.in.tmp
2024-05-25 15:18:00.557446 +0000 build-archlinux43: output: + sed -i -e s:@BACKEND_VMM@:xen:g /builder/meta-packages/archlinux/PKGBUILD.in.tmp
2024-05-25 15:18:00.561245 +0000 build-archlinux43: output: + cat /builder/meta-packages/archlinux/PKGBUILD.in.tmp
2024-05-25 15:18:00.562243 +0000 build-archlinux43: output: + rm -rf /builder/meta-packages/archlinux/PKGBUILD.in.tmp
2024-05-25 15:18:00.571519 +0000 build-archlinux43: copy-out (cmd): /usr/lib/qubes/qrexec-client-vm disp4005 qubesbuilder.FileCopyOut+-2Fbuilder-2Fmeta--packages-2Fqubes--vm--dependencies--4.2.14--1.tar.gz /usr/bin/qfile-unpacker 1000 /home/user/builder-r4.3/components/meta-packages/4.2.14-1/vm-archlinux/prep
2024-05-25 15:18:00.818611 +0000 build-archlinux43: copy-out (cmd): /usr/lib/qubes/qrexec-client-vm disp4005 qubesbuilder.FileCopyOut+-2Fbuilder-2Fmeta--packages-2FPKGBUILD /usr/bin/qfile-unpacker 1000 /home/user/builder-r4.3/components/meta-packages/4.2.14-1/vm-archlinux/prep
2024-05-25 15:18:03.820475 +0000 build-archlinux43: meta-packages:vm-archlinux-rolling.x86_64: Cleaning local repository '/home/user/builder-r4.3/repository/vm-archlinux' (all versions).
2024-05-25 15:18:03.822203 +0000 build-archlinux43: meta-packages:vm-archlinux-rolling.x86_64: Chroot cache does not exists. Will create it.
2024-05-25 15:18:14.164526 +0000 build-archlinux43: copy-in (cmd): /usr/lib/qubes/qrexec-client-vm -- disp4330 qubesbuilder.FileCopyIn+-2Fbuilder-2Fmeta--packages /usr/lib/qubes/qfile-agent /home/user/builder-r4.3/sources/meta-packages
2024-05-25 15:18:14.787147 +0000 build-archlinux43: copy-in (cmd): /usr/lib/qubes/qrexec-client-vm -- disp4330 qubesbuilder.FileCopyIn+-2Fbuilder-2Fdistfiles-2Fmeta--packages /usr/lib/qubes/qfile-agent /home/user/builder-r4.3/distfiles/meta-packages
2024-05-25 15:18:14.973027 +0000 build-archlinux43: copy-in (cmd): /usr/lib/qubes/qrexec-client-vm -- disp4330 qubesbuilder.FileCopyIn+-2Fbuilder-2Fmeta--packages-2Fqubes--vm--dependencies--4.2.14--1.tar.gz /usr/lib/qubes/qfile-agent /home/user/builder-r4.3/components/meta-packages/4.2.14-1/vm-archlinux/prep/qubes-vm-dependencies-4.2.14-1.tar.gz
2024-05-25 15:18:15.216998 +0000 build-archlinux43: copy-in (cmd): /usr/lib/qubes/qrexec-client-vm -- disp4330 qubesbuilder.FileCopyIn+-2Fbuilder-2Fmeta--packages-2FPKGBUILD /usr/lib/qubes/qfile-agent /home/user/builder-r4.3/components/meta-packages/4.2.14-1/vm-archlinux/prep/PKGBUILD
2024-05-25 15:18:15.408430 +0000 build-archlinux43: copy-in (cmd): /usr/lib/qubes/qrexec-client-vm -- disp4330 qubesbuilder.FileCopyIn+-2Fbuilder-2Fplugins-2Fbuild /usr/lib/qubes/qfile-agent /home/user/qubes-builderv2/qubesbuilder/plugins/build
2024-05-25 15:18:15.601322 +0000 build-archlinux43: copy-in (cmd): /usr/lib/qubes/qrexec-client-vm -- disp4330 qubesbuilder.FileCopyIn+-2Fbuilder-2Fplugins-2Fchroot_archlinux /usr/lib/qubes/qfile-agent /home/user/qubes-builderv2/qubesbuilder/plugins/chroot_archlinux
2024-05-25 15:18:15.920585 +0000 build-archlinux43: copy-in (cmd): /usr/lib/qubes/qrexec-client-vm -- disp4330 qubesbuilder.FileCopyIn+-2Fbuilder-2Fplugins-2Fbuild_archlinux /usr/lib/qubes/qfile-agent /home/user/qubes-builderv2/qubesbuilder/plugins/build_archlinux
2024-05-25 15:18:16.226273 +0000 build-archlinux43: copy-in (cmd): /usr/lib/qubes/qrexec-client-vm -- disp4330 qubesbuilder.FileCopyIn+-2Fbuilder-2Frepository-2Fvm--archlinux /usr/lib/qubes/qfile-agent /home/user/builder-r4.3/repository/vm-archlinux
2024-05-25 15:18:16.470433 +0000 build-archlinux43: Executing '/usr/bin/qvm-run-vm -- disp4330 env -- VERBOSE=1 DEBUG=1 BACKEND_VMM=xen DIST=archlinux PACKAGE_SET=vm bash -c 'sudo cp /builder/plugins/chroot_archlinux/conf/makepkg-x86_64.conf /usr/local/share/devtools/makepkg.conf.d/qubes-x86_64.conf && sudo /builder/plugins/chroot_archlinux/scripts/generate-pacman /builder/plugins/chroot_archlinux/conf/pacman.conf.j2 /usr/local/share/devtools/pacman.conf.d/qubes-x86_64.conf && sudo rm -rf /etc/pacman.d/gnupg/private-keys-v1.d && sudo pacman-key --init && sudo pacman-key --populate && sudo mkdir -p /builder/cache/qubes-x86_64 && sudo mkarchroot -C /usr/local/share/devtools/pacman.conf.d/qubes-x86_64.conf -M /builder/plugins/chroot_archlinux/conf/makepkg-x86_64.conf /builder/cache/qubes-x86_64/root base-devel && sudo /builder/plugins/chroot_archlinux/scripts/generate-pacman /builder/plugins/chroot_archlinux/conf/pacman.conf.j2 /usr/local/share/devtools/pacman.conf.d/qubes-x86_64.conf --enable-builder-local && sudo /builder/plugins/build_archlinux/scripts/update-local-repo.sh /builder/cache/qubes-x86_64/root /builder/repository && cd /builder/meta-packages && sudo qubes-x86_64-build -r /builder/cache --  -d /builder/repository:/builder/repository --  --syncdeps --noconfirm --skipinteg''.
2024-05-25 15:18:16.976318 +0000 build-archlinux43: output: ==> Generating pacman master key. This may take some time.
2024-05-25 15:18:16.980927 +0000 build-archlinux43: output: gpg: Generating pacman keyring master key...
2024-05-25 15:18:17.758381 +0000 build-archlinux43: output: gpg: revocation certificate stored as '/etc/pacman.d/gnupg/openpgp-revocs.d/FE524482D9394B6317510878F573CE7968EF7D1A.rev'
2024-05-25 15:18:17.758456 +0000 build-archlinux43: output: gpg: Done
2024-05-25 15:18:17.760144 +0000 build-archlinux43: output: ==> Updating trust database...
2024-05-25 15:18:17.854471 +0000 build-archlinux43: output: gpg: Note: third-party key signatures using the SHA1 algorithm are rejected
2024-05-25 15:18:17.854556 +0000 build-archlinux43: output: gpg: (use option "--allow-weak-key-signatures" to override)
2024-05-25 15:18:18.664973 +0000 build-archlinux43: output: gpg: marginals needed: 3  completes needed: 1  trust model: pgp
2024-05-25 15:18:18.711234 +0000 build-archlinux43: output: gpg: depth: 0  valid:   2  signed:   5  trust: 0-, 0q, 0n, 0m, 0f, 2u
2024-05-25 15:18:18.740782 +0000 build-archlinux43: output: gpg: depth: 1  valid:   5  signed:  98  trust: 0-, 0q, 0n, 5m, 0f, 0u
2024-05-25 15:18:18.769840 +0000 build-archlinux43: output: gpg: depth: 2  valid:  74  signed:  22  trust: 74-, 0q, 0n, 0m, 0f, 0u
2024-05-25 15:18:18.769909 +0000 build-archlinux43: output: gpg: next trustdb check due at 2024-06-29
2024-05-25 15:18:18.817748 +0000 build-archlinux43: output: ==> Appending keys from archlinux.gpg...
2024-05-25 15:18:23.092931 +0000 build-archlinux43: output: ==> Locally signing trusted keys in keyring...
2024-05-25 15:18:28.431739 +0000 build-archlinux43: output:   -> Locally signed 5 keys.
2024-05-25 15:18:28.433750 +0000 build-archlinux43: output: ==> Importing owner trust values...
2024-05-25 15:18:28.438128 +0000 build-archlinux43: output: ==> Updating trust database...
2024-05-25 15:18:28.514408 +0000 build-archlinux43: output: gpg: Note: third-party key signatures using the SHA1 algorithm are rejected
2024-05-25 15:18:28.514469 +0000 build-archlinux43: output: gpg: (use option "--allow-weak-key-signatures" to override)
2024-05-25 15:18:29.397211 +0000 build-archlinux43: output: gpg: marginals needed: 3  completes needed: 1  trust model: pgp
2024-05-25 15:18:29.424744 +0000 build-archlinux43: output: gpg: depth: 0  valid:   2  signed:   5  trust: 0-, 0q, 0n, 0m, 0f, 2u
2024-05-25 15:18:29.441900 +0000 build-archlinux43: output: gpg: depth: 1  valid:   5  signed:  99  trust: 0-, 0q, 0n, 5m, 0f, 0u
2024-05-25 15:18:29.462218 +0000 build-archlinux43: output: gpg: depth: 2  valid:  75  signed:  22  trust: 75-, 0q, 0n, 0m, 0f, 0u
2024-05-25 15:18:29.462606 +0000 build-archlinux43: output: gpg: next trustdb check due at 2024-06-29
2024-05-25 15:18:29.552429 +0000 build-archlinux43: output: ==> Creating install root at /builder/cache/qubes-x86_64/root
2024-05-25 15:18:29.577366 +0000 build-archlinux43: output: ==> Installing packages to /builder/cache/qubes-x86_64/root
2024-05-25 15:18:29.586574 +0000 build-archlinux43: output: :: Synchronizing package databases...
2024-05-25 15:19:12.879926 +0000 build-archlinux43: output: error: failed retrieving file 'core.db' from mirror.rackspace.com : Resolving timed out after 10000 milliseconds
2024-05-25 15:19:12.880057 +0000 build-archlinux43: output: error: failed retrieving file 'community.db' from mirror.rackspace.com : Resolving timed out after 10000 milliseconds
2024-05-25 15:19:12.880106 +0000 build-archlinux43: output: error: failed retrieving file 'extra.db' from mirror.rackspace.com : Connection time-out
2024-05-25 15:19:12.880338 +0000 build-archlinux43: output: warning: too many errors from mirror.rackspace.com, skipping for the remainder of this transaction
2024-05-25 15:19:12.880389 +0000 build-archlinux43: output: error: failed retrieving file 'multilib.db' from mirror.rackspace.com : Connection time-out
2024-05-25 15:19:12.880420 +0000 build-archlinux43: output:  core downloading...
2024-05-25 15:19:12.880451 +0000 build-archlinux43: output:  community downloading...
2024-05-25 15:19:12.880480 +0000 build-archlinux43: output:  extra downloading...
2024-05-25 15:19:12.880509 +0000 build-archlinux43: output:  multilib downloading...
2024-05-25 15:19:12.910552 +0000 build-archlinux43: output: resolving dependencies...
2024-05-25 15:19:13.174660 +0000 build-archlinux43: output: looking for conflicting packages...
2024-05-25 15:19:13.177514 +0000 build-archlinux43: output: 
2024-05-25 15:19:13.178299 +0000 build-archlinux43: output: Packages (115) acl-2.3.2-1  archlinux-keyring-20240520-1  attr-2.5.2-1  audit-4.0.1-3  autoconf-2.72-1  automake-1.16.5-2  bash-5.2.026-2  binutils-2.42+r91+g6224493e457-1  bison-3.8.2-6  brotli-1.1.0-2  bzip2-1.0.8-6  ca-certificates-20220905-1  ca-certificates-mozilla-3.100-1  ca-certificates-utils-20220905-1  coreutils-9.5-1  curl-8.8.0-1  db5.3-5.3.28-5  debugedit-5.0-6  diffutils-3.10-1  e2fsprogs-1.47.1-2  fakeroot-1.34-1  file-5.45-1  filesystem-2024.04.07-1  findutils-4.9.0-3  flex-2.6.4-5  gawk-5.3.0-1  gc-8.2.6-1  gcc-14.1.1+r58+gfc9fb69ad62-1  gcc-libs-14.1.1+r58+gfc9fb69ad62-1  gdbm-1.23-2  gettext-0.22.5-1  glib2-2.80.2-2  glibc-2.39+r52+gf8e4623421-1  gmp-6.3.0-2  gnupg-2.4.5-1  gnutls-3.8.5-1  gpgme-1.23.2-4  grep-3.11-1  groff-1.23.0-5  guile-3.0.9-1  gzip-1.13-2  iana-etc-20240412-1  icu-75.1-1  jansson-2.14-4  json-c-0.17-1  keyutils-1.6.3-2  krb5-1.21.2-2  libarchive-3.7.4-1  libassuan-2.5.7-2  libcap-2.70-1  libcap-ng-0.8.5-2  libelf-0.191-3  libevent-2.1.12-4  libffi-3.4.6-1  libgcrypt-1.10.3-1  libgpg-error-1.49-1  libidn2-2.3.7-1  libisl-0.26-2  libksba-1.6.6-1  libldap-2.6.7-2  libmpc-1.3.1-1  libnghttp2-1.62.1-1  libnghttp3-1.3.0-1  libnsl-2.0.1-1  libp11-kit-0.25.3-1  libpsl-0.21.5-2  libsasl-2.1.28-4  libseccomp-2.5.5-3  libsecret-0.21.4-1  libssh2-1.11.0-1  libsysprof-capture-46.0-3  libtasn1-4.19.0-1  libtirpc-1.3.4-1  libtool-2.5.0+1+g38c166c8-1  libunistring-1.2-1  libusb-1.0.27-1  libverto-0.3.2-5  libxcrypt-4.4.36-1  libxml2-2.12.7-1  linux-api-headers-6.8-1  lz4-1:1.9.4-3  m4-1.4.19-3  make-4.4.1-2  mpfr-4.2.1-3  ncurses-6.5-2  nettle-3.9.1-1  npth-1.7-1  openssl-3.3.0-1  p11-kit-0.25.3-1  pacman-6.1.0-3  pacman-mirrorlist-20231001-1  pam-1.6.1-2  pambase-20230918-1  patch-2.7.6-10  pcre2-10.43-4  perl-5.38.2-1  pinentry-1.3.0-1  pkgconf-2.1.1-1  readline-8.2.010-1  sed-4.9-3  shadow-4.15.1-2  sqlite-3.46.0-1  sudo-1.9.15.p5-1  systemd-libs-255.6-2  tar-1.35-2  texinfo-7.1-2  tpm2-tss-4.0.1-1  tzdata-2024a-2  util-linux-2.40.1-1  util-linux-libs-2.40.1-1  which-2.21-6  xz-5.6.1-3  zlib-1:1.3.1-2  zstd-1.5.6-1  base-devel-1-1
2024-05-25 15:19:13.178369 +0000 build-archlinux43: output: 
2024-05-25 15:19:13.178391 +0000 build-archlinux43: output: Total Download Size:   211.82 MiB
2024-05-25 15:19:13.178410 +0000 build-archlinux43: output: Total Installed Size:  882.72 MiB
2024-05-25 15:19:13.178426 +0000 build-archlinux43: output: 
2024-05-25 15:19:13.178444 +0000 build-archlinux43: output: :: Proceed with installation? [Y/n]
2024-05-25 15:19:13.178460 +0000 build-archlinux43: output: :: Retrieving packages...
2024-05-25 15:35:07.223560 +0000 build-archlinux43: output:  gcc-14.1.1+r58+gfc9fb69ad62-1-x86_64 downloading...
2024-05-25 15:35:07.223711 +0000 build-archlinux43: output:  gcc-libs-14.1.1+r58+gfc9fb69ad62-1-x86_64 downloading...
2024-05-25 15:35:07.223736 +0000 build-archlinux43: output:  perl-5.38.2-1-x86_64 downloading...
2024-05-25 15:35:07.225357 +0000 build-archlinux43: output:  icu-75.1-1-x86_64 downloading...
2024-05-25 15:35:07.225411 +0000 build-archlinux43: output:  glibc-2.39+r52+gf8e4623421-1-x86_64 downloading...
2024-05-25 15:35:07.225430 +0000 build-archlinux43: output:  guile-3.0.9-1-x86_64 downloading...
2024-05-25 15:35:07.225447 +0000 build-archlinux43: output:  binutils-2.42+r91+g6224493e457-1-x86_64 downloading...
2024-05-25 15:35:07.225464 +0000 build-archlinux43: output:  glib2-2.80.2-2-x86_64 downloading...
2024-05-25 15:35:07.225480 +0000 build-archlinux43: output:  openssl-3.3.0-1-x86_64 downloading...
2024-05-25 15:35:07.225497 +0000 build-archlinux43: output:  util-linux-2.40.1-1-x86_64 downloading...
2024-05-25 15:35:07.225512 +0000 build-archlinux43: output:  gnutls-3.8.5-1-x86_64 downloading...
2024-05-25 15:35:07.225527 +0000 build-archlinux43: output:  coreutils-9.5-1-x86_64 downloading...
2024-05-25 15:35:07.225542 +0000 build-archlinux43: output:  gnupg-2.4.5-1-x86_64 downloading...
2024-05-25 15:35:07.225557 +0000 build-archlinux43: output:  groff-1.23.0-5-x86_64 downloading...
2024-05-25 15:35:07.225573 +0000 build-archlinux43: output:  gettext-0.22.5-1-x86_64 downloading...
2024-05-25 15:35:07.225650 +0000 build-archlinux43: output:  sudo-1.9.15.p5-1-x86_64 downloading...
2024-05-25 15:35:07.225675 +0000 build-archlinux43: output:  bash-5.2.026-2-x86_64 downloading...
2024-05-25 15:35:07.225691 +0000 build-archlinux43: output:  texinfo-7.1-2-x86_64 downloading...
2024-05-25 15:35:07.225706 +0000 build-archlinux43: output:  sqlite-3.46.0-1-x86_64 downloading...
2024-05-25 15:35:07.225720 +0000 build-archlinux43: output:  pcre2-10.43-4-x86_64 downloading...
2024-05-25 15:35:07.225735 +0000 build-archlinux43: output:  gawk-5.3.0-1-x86_64 downloading...
2024-05-25 15:35:07.225750 +0000 build-archlinux43: output:  krb5-1.21.2-2-x86_64 downloading...
2024-05-25 15:35:07.225766 +0000 build-archlinux43: output:  e2fsprogs-1.47.1-2-x86_64 downloading...
2024-05-25 15:35:07.225782 +0000 build-archlinux43: output:  linux-api-headers-6.8-1-x86_64 downloading...
2024-05-25 15:35:07.225797 +0000 build-archlinux43: output:  db5.3-5.3.28-5-x86_64 downloading...
2024-05-25 15:35:07.225811 +0000 build-archlinux43: output:  archlinux-keyring-20240520-1-any downloading...
2024-05-25 15:35:07.225827 +0000 build-archlinux43: output:  shadow-4.15.1-2-x86_64 downloading...
2024-05-25 15:35:07.225842 +0000 build-archlinux43: output:  ncurses-6.5-2-x86_64 downloading...
2024-05-25 15:35:07.225857 +0000 build-archlinux43: output:  systemd-libs-255.6-2-x86_64 downloading...
2024-05-25 15:35:07.225873 +0000 build-archlinux43: output:  curl-8.8.0-1-x86_64 downloading...
2024-05-25 15:35:07.225887 +0000 build-archlinux43: output:  tpm2-tss-4.0.1-1-x86_64 downloading...
2024-05-25 15:35:07.225902 +0000 build-archlinux43: output:  pacman-6.1.0-3-x86_64 downloading...
2024-05-25 15:35:07.225917 +0000 build-archlinux43: output:  pam-1.6.1-2-x86_64 downloading...
2024-05-25 15:35:07.225932 +0000 build-archlinux43: output:  libisl-0.26-2-x86_64 downloading...
2024-05-25 15:35:07.225948 +0000 build-archlinux43: output:  libxml2-2.12.7-1-x86_64 downloading...
2024-05-25 15:35:07.225963 +0000 build-archlinux43: output:  tar-1.35-2-x86_64 downloading...
2024-05-25 15:35:07.226127 +0000 build-archlinux43: output:  bison-3.8.2-6-x86_64 downloading...
2024-05-25 15:35:07.226157 +0000 build-archlinux43: output:  libcap-2.70-1-x86_64 downloading...
2024-05-25 15:35:07.226172 +0000 build-archlinux43: output:  libunistring-1.2-1-x86_64 downloading...
2024-05-25 15:35:07.226187 +0000 build-archlinux43: output:  xz-5.6.1-3-x86_64 downloading...
2024-05-25 15:35:07.226201 +0000 build-archlinux43: output:  autoconf-2.72-1-any downloading...
2024-05-25 15:35:07.226214 +0000 build-archlinux43: output:  automake-1.16.5-2-any downloading...
2024-05-25 15:35:07.226229 +0000 build-archlinux43: output:  libgcrypt-1.10.3-1-x86_64 downloading...
2024-05-25 15:35:07.226331 +0000 build-archlinux43: output:  libelf-0.191-3-x86_64 downloading...
2024-05-25 15:35:07.226529 +0000 build-archlinux43: output:  libarchive-3.7.4-1-x86_64 downloading...
2024-05-25 15:35:07.226641 +0000 build-archlinux43: output:  make-4.4.1-2-x86_64 downloading...
2024-05-25 15:35:07.226833 +0000 build-archlinux43: output:  libp11-kit-0.25.3-1-x86_64 downloading...
2024-05-25 15:35:07.227083 +0000 build-archlinux43: output:  zstd-1.5.6-1-x86_64 downloading...
2024-05-25 15:35:07.227255 +0000 build-archlinux43: output:  gpgme-1.23.2-4-x86_64 downloading...
2024-05-25 15:35:07.227428 +0000 build-archlinux43: output:  util-linux-libs-2.40.1-1-x86_64 downloading...
2024-05-25 15:35:07.227580 +0000 build-archlinux43: output:  nettle-3.9.1-1-x86_64 downloading...
2024-05-25 15:35:07.227724 +0000 build-archlinux43: output:  gmp-6.3.0-2-x86_64 downloading...
2024-05-25 15:35:07.227862 +0000 build-archlinux43: output:  mpfr-4.2.1-3-x86_64 downloading...
2024-05-25 15:35:07.228007 +0000 build-archlinux43: output:  findutils-4.9.0-3-x86_64 downloading...
2024-05-25 15:35:07.228152 +0000 build-archlinux43: output:  libtool-2.5.0+1+g38c166c8-1-x86_64 downloading...
2024-05-25 15:35:07.228331 +0000 build-archlinux43: output:  iana-etc-20240412-1-any downloading...
2024-05-25 15:35:07.228471 +0000 build-archlinux43: output:  file-5.45-1-x86_64 downloading...
2024-05-25 15:35:07.228634 +0000 build-archlinux43: output:  audit-4.0.1-3-x86_64 downloading...
2024-05-25 15:35:07.228750 +0000 build-archlinux43: output:  brotli-1.1.0-2-x86_64 downloading...
2024-05-25 15:35:07.228887 +0000 build-archlinux43: output:  ca-certificates-mozilla-3.100-1-x86_64 downloading...
2024-05-25 15:35:07.229028 +0000 build-archlinux43: output:  tzdata-2024a-2-x86_64 downloading...
2024-05-25 15:35:07.229165 +0000 build-archlinux43: output:  diffutils-3.10-1-x86_64 downloading...
2024-05-25 15:35:07.229326 +0000 build-archlinux43: output:  readline-8.2.010-1-x86_64 downloading...
2024-05-25 15:35:07.229467 +0000 build-archlinux43: output:  flex-2.6.4-5-x86_64 downloading...
2024-05-25 15:35:07.229637 +0000 build-archlinux43: output:  libldap-2.6.7-2-x86_64 downloading...
2024-05-25 15:35:07.229767 +0000 build-archlinux43: output:  libevent-2.1.12-4-x86_64 downloading...
2024-05-25 15:35:07.229907 +0000 build-archlinux43: output:  gdbm-1.23-2-x86_64 downloading...
2024-05-25 15:35:07.230047 +0000 build-archlinux43: output:  libgpg-error-1.49-1-x86_64 downloading...
2024-05-25 15:35:07.230183 +0000 build-archlinux43: output:  m4-1.4.19-3-x86_64 downloading...
2024-05-25 15:35:07.230346 +0000 build-archlinux43: output:  libssh2-1.11.0-1-x86_64 downloading...
2024-05-25 15:35:07.230492 +0000 build-archlinux43: output:  gc-8.2.6-1-x86_64 downloading...
2024-05-25 15:35:07.230649 +0000 build-archlinux43: output:  grep-3.11-1-x86_64 downloading...
2024-05-25 15:35:07.230777 +0000 build-archlinux43: output:  p11-kit-0.25.3-1-x86_64 downloading...
2024-05-25 15:35:07.230920 +0000 build-archlinux43: output:  sed-4.9-3-x86_64 downloading...
2024-05-25 15:35:07.231056 +0000 build-archlinux43: output:  libsecret-0.21.4-1-x86_64 downloading...
2024-05-25 15:35:07.231187 +0000 build-archlinux43: output:  pinentry-1.3.0-1-x86_64 downloading...
2024-05-25 15:35:07.232251 +0000 build-archlinux43: output:  libtirpc-1.3.4-1-x86_64 downloading...
2024-05-25 15:35:07.232271 +0000 build-archlinux43: output:  libsasl-2.1.28-4-x86_64 downloading...
2024-05-25 15:35:07.232285 +0000 build-archlinux43: output:  lz4-1:1.9.4-3-x86_64 downloading...
2024-05-25 15:35:07.232299 +0000 build-archlinux43: output:  libidn2-2.3.7-1-x86_64 downloading...
2024-05-25 15:35:07.232317 +0000 build-archlinux43: output:  libtasn1-4.19.0-1-x86_64 downloading...
2024-05-25 15:35:07.232332 +0000 build-archlinux43: output:  libksba-1.6.6-1-x86_64 downloading...
2024-05-25 15:35:07.232345 +0000 build-archlinux43: output:  acl-2.3.2-1-x86_64 downloading...
2024-05-25 15:35:07.232358 +0000 build-archlinux43: output:  libassuan-2.5.7-2-x86_64 downloading...
2024-05-25 15:35:07.232371 +0000 build-archlinux43: output:  keyutils-1.6.3-2-x86_64 downloading...
2024-05-25 15:35:07.232385 +0000 build-archlinux43: output:  libnghttp2-1.62.1-1-x86_64 downloading...
2024-05-25 15:35:07.232398 +0000 build-archlinux43: output:  patch-2.7.6-10-x86_64 downloading...
2024-05-25 15:35:07.232411 +0000 build-archlinux43: output:  zlib-1:1.3.1-2-x86_64 downloading...
2024-05-25 15:35:07.232424 +0000 build-archlinux43: output:  libseccomp-2.5.5-3-x86_64 downloading...
2024-05-25 15:35:07.232438 +0000 build-archlinux43: output:  libpsl-0.21.5-2-x86_64 downloading...
2024-05-25 15:35:07.232451 +0000 build-archlinux43: output:  libmpc-1.3.1-1-x86_64 downloading...
2024-05-25 15:35:07.232464 +0000 build-archlinux43: output:  libxcrypt-4.4.36-1-x86_64 downloading...
2024-05-25 15:35:07.232477 +0000 build-archlinux43: output:  gzip-1.13-2-x86_64 downloading...
2024-05-25 15:35:07.232491 +0000 build-archlinux43: output:  fakeroot-1.34-1-x86_64 downloading...
2024-05-25 15:35:07.232503 +0000 build-archlinux43: output:  libusb-1.0.27-1-x86_64 downloading...
2024-05-25 15:35:07.232517 +0000 build-archlinux43: output:  libnghttp3-1.3.0-1-x86_64 downloading...
2024-05-25 15:35:07.232578 +0000 build-archlinux43: output:  attr-2.5.2-1-x86_64 downloading...
2024-05-25 15:35:07.232629 +0000 build-archlinux43: output:  pkgconf-2.1.1-1-x86_64 downloading...
2024-05-25 15:35:07.232645 +0000 build-archlinux43: output:  bzip2-1.0.8-6-x86_64 downloading...
2024-05-25 15:35:07.232710 +0000 build-archlinux43: output:  json-c-0.17-1-x86_64 downloading...
2024-05-25 15:35:07.232857 +0000 build-archlinux43: output:  jansson-2.14-4-x86_64 downloading...
2024-05-25 15:35:07.233003 +0000 build-archlinux43: output:  libsysprof-capture-46.0-3-x86_64 downloading...
2024-05-25 15:35:07.233144 +0000 build-archlinux43: output:  libffi-3.4.6-1-x86_64 downloading...
2024-05-25 15:35:20.505792 +0000 build-archlinux43: output:  debugedit-5.0-6-x86_64 downloading...
2024-05-25 15:35:20.505856 +0000 build-archlinux43: output:  libcap-ng-0.8.5-2-x86_64 downloading...
2024-05-25 15:35:20.505875 +0000 build-archlinux43: output:  npth-1.7-1-x86_64 downloading...
2024-05-25 15:35:20.505890 +0000 build-archlinux43: output:  libnsl-2.0.1-1-x86_64 downloading...
2024-05-25 15:35:20.506327 +0000 build-archlinux43: output:  libverto-0.3.2-5-x86_64 downloading...
2024-05-25 15:35:20.506360 +0000 build-archlinux43: output:  which-2.21-6-x86_64 downloading...
2024-05-25 15:35:20.506377 +0000 build-archlinux43: output:  filesystem-2024.04.07-1-any downloading...
2024-05-25 15:35:20.506393 +0000 build-archlinux43: output:  ca-certificates-utils-20220905-1-any downloading...
2024-05-25 15:35:20.506410 +0000 build-archlinux43: output:  pacman-mirrorlist-20231001-1-any downloading...
2024-05-25 15:35:20.506425 +0000 build-archlinux43: output:  pambase-20230918-1-any downloading...
2024-05-25 15:35:20.506439 +0000 build-archlinux43: output:  ca-certificates-20220905-1-any downloading...
2024-05-25 15:35:20.506453 +0000 build-archlinux43: output:  base-devel-1-1-any downloading...
2024-05-25 15:35:20.506467 +0000 build-archlinux43: output: checking keyring...
2024-05-25 15:35:20.506490 +0000 build-archlinux43: output: error: failed retrieving file 'guile-3.0.9-1-x86_64.pkg.tar.zst' from arch.mirror.constant.com : Operation too slow. Less than 1 bytes/sec transferred the last 10 seconds
2024-05-25 15:35:20.506514 +0000 build-archlinux43: output: error: failed retrieving file 'gcc-libs-14.1.1+r58+gfc9fb69ad62-1-x86_64.pkg.tar.zst' from arch.mirror.constant.com : Operation too slow. Less than 1 bytes/sec transferred the last 10 seconds
2024-05-25 15:35:20.506668 +0000 build-archlinux43: output: error: failed retrieving file 'perl-5.38.2-1-x86_64.pkg.tar.zst' from arch.mirror.constant.com : Operation too slow. Less than 1 bytes/sec transferred the last 10 seconds
2024-05-25 15:35:20.506695 +0000 build-archlinux43: output: warning: too many errors from arch.mirror.constant.com, skipping for the remainder of this transaction
2024-05-25 15:35:20.506717 +0000 build-archlinux43: output: error: failed retrieving file 'icu-75.1-1-x86_64.pkg.tar.zst' from arch.mirror.constant.com : Operation too slow. Less than 1 bytes/sec transferred the last 10 seconds
2024-05-25 15:35:20.506739 +0000 build-archlinux43: output: error: failed retrieving file 'zstd-1.5.6-1-x86_64.pkg.tar.zst' from mirror.f4st.host : Operation too slow. Less than 1 bytes/sec transferred the last 10 seconds
2024-05-25 15:35:20.506761 +0000 build-archlinux43: output: error: failed retrieving file 'libtool-2.5.0+1+g38c166c8-1-x86_64.pkg.tar.zst' from mirror.f4st.host : Operation too slow. Less than 1 bytes/sec transferred the last 10 seconds
2024-05-25 15:35:20.764455 +0000 build-archlinux43: output: checking package integrity...
2024-05-25 15:35:23.867520 +0000 build-archlinux43: output: loading package files...
2024-05-25 15:35:24.081006 +0000 build-archlinux43: output: checking for file conflicts...
2024-05-25 15:35:24.160829 +0000 build-archlinux43: output: :: Processing package changes...
2024-05-25 15:35:24.160888 +0000 build-archlinux43: output: installing linux-api-headers...
2024-05-25 15:35:24.261189 +0000 build-archlinux43: output: installing tzdata...
2024-05-25 15:35:24.424213 +0000 build-archlinux43: output: Optional dependencies for tzdata
2024-05-25 15:35:24.424307 +0000 build-archlinux43: output:     bash: for tzselect [pending]
2024-05-25 15:35:24.424330 +0000 build-archlinux43: output:     glibc: for zdump, zic [pending]
2024-05-25 15:35:24.424346 +0000 build-archlinux43: output: installing iana-etc...
2024-05-25 15:35:24.429770 +0000 build-archlinux43: output: installing filesystem...
2024-05-25 15:35:24.433306 +0000 build-archlinux43: output: installing glibc...
2024-05-25 15:35:24.558915 +0000 build-archlinux43: output: Optional dependencies for glibc
2024-05-25 15:35:24.558978 +0000 build-archlinux43: output:     gd: for memusagestat
2024-05-25 15:35:24.558997 +0000 build-archlinux43: output:     perl: for mtrace [pending]
2024-05-25 15:35:24.559011 +0000 build-archlinux43: output: installing gcc-libs...
2024-05-25 15:35:24.956403 +0000 build-archlinux43: output: installing ncurses...
2024-05-25 15:35:25.221396 +0000 build-archlinux43: output: Optional dependencies for ncurses
2024-05-25 15:35:25.221460 +0000 build-archlinux43: output:     bash: for ncursesw6-config [pending]
2024-05-25 15:35:25.221479 +0000 build-archlinux43: output: installing readline...
2024-05-25 15:35:25.224136 +0000 build-archlinux43: output: installing bash...
2024-05-25 15:35:25.248382 +0000 build-archlinux43: output: Optional dependencies for bash
2024-05-25 15:35:25.248525 +0000 build-archlinux43: output:     bash-completion: for tab completion
2024-05-25 15:35:25.248552 +0000 build-archlinux43: output: installing acl...
2024-05-25 15:35:25.251794 +0000 build-archlinux43: output: installing bzip2...
2024-05-25 15:35:25.253182 +0000 build-archlinux43: output: installing icu...
2024-05-25 15:35:25.403980 +0000 build-archlinux43: output: installing xz...
2024-05-25 15:35:25.418885 +0000 build-archlinux43: output: installing zlib...
2024-05-25 15:35:25.419791 +0000 build-archlinux43: output: installing libxml2...
2024-05-25 15:35:25.430330 +0000 build-archlinux43: output: Optional dependencies for libxml2
2024-05-25 15:35:25.430397 +0000 build-archlinux43: output:     python: Python bindings
2024-05-25 15:35:25.430417 +0000 build-archlinux43: output: installing lz4...
2024-05-25 15:35:25.432370 +0000 build-archlinux43: output: installing openssl...
2024-05-25 15:35:25.762667 +0000 build-archlinux43: output: Optional dependencies for openssl
2024-05-25 15:35:25.763114 +0000 build-archlinux43: output:     ca-certificates [pending]
2024-05-25 15:35:25.763146 +0000 build-archlinux43: output:     perl [pending]
2024-05-25 15:35:25.763219 +0000 build-archlinux43: output: installing zstd...
2024-05-25 15:35:25.767284 +0000 build-archlinux43: output: installing libarchive...
2024-05-25 15:35:25.772033 +0000 build-archlinux43: output: installing attr...
2024-05-25 15:35:25.773855 +0000 build-archlinux43: output: installing gmp...
2024-05-25 15:35:25.776528 +0000 build-archlinux43: output: installing sqlite...
2024-05-25 15:35:25.790910 +0000 build-archlinux43: output: installing util-linux-libs...
2024-05-25 15:35:25.796361 +0000 build-archlinux43: output: Optional dependencies for util-linux-libs
2024-05-25 15:35:25.796420 +0000 build-archlinux43: output:     python: python bindings to libmount
2024-05-25 15:35:25.796504 +0000 build-archlinux43: output: installing e2fsprogs...
2024-05-25 15:35:25.811400 +0000 build-archlinux43: output: Optional dependencies for e2fsprogs
2024-05-25 15:35:25.811472 +0000 build-archlinux43: output:     lvm2: for e2scrub
2024-05-25 15:35:25.811495 +0000 build-archlinux43: output:     util-linux: for e2scrub [pending]
2024-05-25 15:35:25.811631 +0000 build-archlinux43: output:     smtp-forwarder: for e2scrub_fail script
2024-05-25 15:35:25.811664 +0000 build-archlinux43: output: installing gdbm...
2024-05-25 15:35:25.813955 +0000 build-archlinux43: output: installing libsasl...
2024-05-25 15:35:25.816517 +0000 build-archlinux43: output: installing libldap...
2024-05-25 15:35:25.825237 +0000 build-archlinux43: output: installing keyutils...
2024-05-25 15:35:25.827705 +0000 build-archlinux43: output: installing libevent...
2024-05-25 15:35:25.833314 +0000 build-archlinux43: output: Optional dependencies for libevent
2024-05-25 15:35:25.833385 +0000 build-archlinux43: output:     python: event_rpcgen.py
2024-05-25 15:35:25.833406 +0000 build-archlinux43: output: installing libverto...
2024-05-25 15:35:25.833572 +0000 build-archlinux43: output: installing krb5...
2024-05-25 15:35:25.850800 +0000 build-archlinux43: output: installing libtirpc...
2024-05-25 15:35:25.854130 +0000 build-archlinux43: output: installing pambase...
2024-05-25 15:35:25.854305 +0000 build-archlinux43: output: installing libcap-ng...
2024-05-25 15:35:25.856267 +0000 build-archlinux43: output: installing audit...
2024-05-25 15:35:25.866932 +0000 build-archlinux43: output: Optional dependencies for audit
2024-05-25 15:35:25.867009 +0000 build-archlinux43: output:     libldap: for audispd-zos-remote [installed]
2024-05-25 15:35:25.867151 +0000 build-archlinux43: output:     sh: for augenrules [installed]
2024-05-25 15:35:25.867178 +0000 build-archlinux43: output: installing libxcrypt...
2024-05-25 15:35:25.868112 +0000 build-archlinux43: output: installing libnsl...
2024-05-25 15:35:25.869200 +0000 build-archlinux43: output: installing pam...
2024-05-25 15:35:25.894558 +0000 build-archlinux43: output: installing libcap...
2024-05-25 15:35:25.902146 +0000 build-archlinux43: output: installing coreutils...
2024-05-25 15:35:25.940855 +0000 build-archlinux43: output: installing findutils...
2024-05-25 15:35:25.944976 +0000 build-archlinux43: output: installing libffi...
2024-05-25 15:35:25.946007 +0000 build-archlinux43: output: installing libtasn1...
2024-05-25 15:35:25.949722 +0000 build-archlinux43: output: installing libp11-kit...
2024-05-25 15:35:25.956661 +0000 build-archlinux43: output: installing libgpg-error...
2024-05-25 15:35:25.960986 +0000 build-archlinux43: output: installing libgcrypt...
2024-05-25 15:35:25.965345 +0000 build-archlinux43: output: installing systemd-libs...
2024-05-25 15:35:26.010006 +0000 build-archlinux43: output: installing p11-kit...
2024-05-25 15:35:26.030891 +0000 build-archlinux43: output: installing ca-certificates-utils...
2024-05-25 15:35:26.034851 +0000 build-archlinux43: output: installing ca-certificates-mozilla...
2024-05-25 15:35:26.039458 +0000 build-archlinux43: output: installing ca-certificates...
2024-05-25 15:35:26.039531 +0000 build-archlinux43: output: installing brotli...
2024-05-25 15:35:26.045659 +0000 build-archlinux43: output: installing libunistring...
2024-05-25 15:35:26.060562 +0000 build-archlinux43: output: installing libidn2...
2024-05-25 15:35:26.072357 +0000 build-archlinux43: output: installing libnghttp2...
2024-05-25 15:35:26.072511 +0000 build-archlinux43: output: installing libnghttp3...
2024-05-25 15:35:26.074965 +0000 build-archlinux43: output: installing libpsl...
2024-05-25 15:35:26.080436 +0000 build-archlinux43: output: installing libssh2...
2024-05-25 15:35:26.100939 +0000 build-archlinux43: output: installing curl...
2024-05-25 15:35:26.140342 +0000 build-archlinux43: output: installing nettle...
2024-05-25 15:35:26.145102 +0000 build-archlinux43: output: installing gnutls...
2024-05-25 15:35:26.208536 +0000 build-archlinux43: output: Optional dependencies for gnutls
2024-05-25 15:35:26.208662 +0000 build-archlinux43: output:     tpm2-tss: support for TPM2 wrapped keys [pending]
2024-05-25 15:35:26.208770 +0000 build-archlinux43: output: installing libksba...
2024-05-25 15:35:26.209517 +0000 build-archlinux43: output: installing libassuan...
2024-05-25 15:35:26.210903 +0000 build-archlinux43: output: installing libusb...
2024-05-25 15:35:26.211890 +0000 build-archlinux43: output: installing npth...
2024-05-25 15:35:26.212449 +0000 build-archlinux43: output: installing libsysprof-capture...
2024-05-25 15:35:26.213841 +0000 build-archlinux43: output: installing pcre2...
2024-05-25 15:35:26.235520 +0000 build-archlinux43: output: Optional dependencies for pcre2
2024-05-25 15:35:26.235635 +0000 build-archlinux43: output:     sh: for pcre2-config [installed]
2024-05-25 15:35:26.235697 +0000 build-archlinux43: output: installing glib2...
2024-05-25 15:35:26.358556 +0000 build-archlinux43: output: Optional dependencies for glib2
2024-05-25 15:35:26.358688 +0000 build-archlinux43: output:     gvfs: most gio functionality
2024-05-25 15:35:26.358712 +0000 build-archlinux43: output:     libelf: gresource inspection tool [pending]
2024-05-25 15:35:26.358847 +0000 build-archlinux43: output:     python: gdbus-codegen, glib-genmarshal, glib-mkenums, gtester-report
2024-05-25 15:35:26.358894 +0000 build-archlinux43: output:     python-packaging: gdbus-codegen
2024-05-25 15:35:26.358922 +0000 build-archlinux43: output: installing json-c...
2024-05-25 15:35:26.361760 +0000 build-archlinux43: output: installing tpm2-tss...
2024-05-25 15:35:26.382318 +0000 build-archlinux43: output: installing libsecret...
2024-05-25 15:35:26.389554 +0000 build-archlinux43: output: Optional dependencies for libsecret
2024-05-25 15:35:26.389736 +0000 build-archlinux43: output:     org.freedesktop.secrets: secret storage backend
2024-05-25 15:35:26.389975 +0000 build-archlinux43: output: installing pinentry...
2024-05-25 15:35:26.393399 +0000 build-archlinux43: output: Optional dependencies for pinentry
2024-05-25 15:35:26.393539 +0000 build-archlinux43: output:     gtk2: gtk2 backend
2024-05-25 15:35:26.393676 +0000 build-archlinux43: output:     qt5-x11extras: qt backend
2024-05-25 15:35:26.393736 +0000 build-archlinux43: output:     kwayland5: qt backend
2024-05-25 15:35:26.393775 +0000 build-archlinux43: output:     gcr: gnome3 backend
2024-05-25 15:35:26.393979 +0000 build-archlinux43: output: installing gnupg...
2024-05-25 15:35:26.445507 +0000 build-archlinux43: output: Optional dependencies for gnupg
2024-05-25 15:35:26.445579 +0000 build-archlinux43: output:     pcsclite: for using scdaemon not with the gnupg internal card driver
2024-05-25 15:35:26.445728 +0000 build-archlinux43: output: installing gpgme...
2024-05-25 15:35:26.454778 +0000 build-archlinux43: output: installing pacman-mirrorlist...
2024-05-25 15:35:26.454817 +0000 build-archlinux43: output: installing gettext...
2024-05-25 15:35:26.487352 +0000 build-archlinux43: output: Optional dependencies for gettext
2024-05-25 15:35:26.487423 +0000 build-archlinux43: output:     git: for autopoint infrastructure updates
2024-05-25 15:35:26.487442 +0000 build-archlinux43: output: installing mpfr...
2024-05-25 15:35:26.491726 +0000 build-archlinux43: output: installing gawk...
2024-05-25 15:35:26.505478 +0000 build-archlinux43: output: installing grep...
2024-05-25 15:35:26.507669 +0000 build-archlinux43: output: installing pacman...
2024-05-25 15:35:26.527106 +0000 build-archlinux43: output: Optional dependencies for pacman
2024-05-25 15:35:26.527177 +0000 build-archlinux43: output:     perl-locale-gettext: translation support in makepkg-template
2024-05-25 15:35:26.527196 +0000 build-archlinux43: output: installing archlinux-keyring...
2024-05-25 15:35:26.726821 +0000 build-archlinux43: output: ==> Appending keys from archlinux.gpg...
2024-05-25 15:35:29.789683 +0000 build-archlinux43: output: ==> Disabling revoked keys in keyring...
2024-05-25 15:35:29.802057 +0000 build-archlinux43: output:   -> Disabled 1 key.
2024-05-25 15:35:29.803816 +0000 build-archlinux43: output: ==> Updating trust database...
2024-05-25 15:35:29.866403 +0000 build-archlinux43: output: gpg: Note: third-party key signatures using the SHA1 algorithm are rejected
2024-05-25 15:35:29.866451 +0000 build-archlinux43: output: gpg: (use option "--allow-weak-key-signatures" to override)
2024-05-25 15:35:30.639697 +0000 build-archlinux43: output: gpg: marginals needed: 3  completes needed: 1  trust model: pgp
2024-05-25 15:35:30.661243 +0000 build-archlinux43: output: gpg: depth: 0  valid:   2  signed:   5  trust: 0-, 0q, 0n, 0m, 0f, 2u
2024-05-25 15:35:30.679014 +0000 build-archlinux43: output: gpg: depth: 1  valid:   5  signed: 100  trust: 0-, 0q, 0n, 5m, 0f, 0u
2024-05-25 15:35:30.693387 +0000 build-archlinux43: output: gpg: depth: 2  valid:  75  signed:  23  trust: 75-, 0q, 0n, 0m, 0f, 0u
2024-05-25 15:35:30.693442 +0000 build-archlinux43: output: gpg: next trustdb check due at 2024-06-29
2024-05-25 15:35:30.695344 +0000 build-archlinux43: output: installing m4...
2024-05-25 15:35:30.697833 +0000 build-archlinux43: output: installing diffutils...
2024-05-25 15:35:30.702506 +0000 build-archlinux43: output: installing db5.3...
2024-05-25 15:35:30.714757 +0000 build-archlinux43: output: installing perl...
2024-05-25 15:35:31.198570 +0000 build-archlinux43: output: installing autoconf...
2024-05-25 15:35:31.260304 +0000 build-archlinux43: output: installing automake...
2024-05-25 15:35:31.260373 +0000 build-archlinux43: output: installing jansson...
2024-05-25 15:35:31.260391 +0000 build-archlinux43: output: installing libelf...
2024-05-25 15:35:31.260405 +0000 build-archlinux43: output: installing binutils...
2024-05-25 15:35:31.543304 +0000 build-archlinux43: output: Optional dependencies for binutils
2024-05-25 15:35:31.543352 +0000 build-archlinux43: output:     debuginfod: for debuginfod server/client functionality
2024-05-25 15:35:31.543474 +0000 build-archlinux43: output: installing bison...
2024-05-25 15:35:31.575336 +0000 build-archlinux43: output: installing debugedit...
2024-05-25 15:35:31.575474 +0000 build-archlinux43: output: installing sed...
2024-05-25 15:35:31.584922 +0000 build-archlinux43: output: installing libseccomp...
2024-05-25 15:35:31.591287 +0000 build-archlinux43: output: installing file...
2024-05-25 15:35:31.607965 +0000 build-archlinux43: output: installing shadow...
2024-05-25 15:35:31.712891 +0000 build-archlinux43: output: installing util-linux...
2024-05-25 15:35:32.163087 +0000 build-archlinux43: output: Optional dependencies for util-linux
2024-05-25 15:35:32.163143 +0000 build-archlinux43: output:     words: default dictionary for look
2024-05-25 15:35:32.163164 +0000 build-archlinux43: output: installing fakeroot...
2024-05-25 15:35:32.530248 +0000 build-archlinux43: output: installing flex...
2024-05-25 15:35:32.557066 +0000 build-archlinux43: output: installing libmpc...
2024-05-25 15:35:32.559896 +0000 build-archlinux43: output: installing libisl...
2024-05-25 15:35:32.573446 +0000 build-archlinux43: output: installing gcc...
2024-05-25 15:35:35.233394 +0000 build-archlinux43: output: Optional dependencies for gcc
2024-05-25 15:35:35.233458 +0000 build-archlinux43: output:     lib32-gcc-libs: for generating code for 32-bit ABI
2024-05-25 15:35:35.233538 +0000 build-archlinux43: output: installing groff...
2024-05-25 15:35:35.456849 +0000 build-archlinux43: output: Optional dependencies for groff
2024-05-25 15:35:35.456933 +0000 build-archlinux43: output:     netpbm: for use together with man -H command interaction in browsers
2024-05-25 15:35:35.456942 +0000 build-archlinux43: output:     psutils: for use together with man -H command interaction in browsers
2024-05-25 15:35:35.456947 +0000 build-archlinux43: output:     libxaw: for gxditview
2024-05-25 15:35:35.456962 +0000 build-archlinux43: output:     perl-file-homedir: for use with glilypond
2024-05-25 15:35:35.456968 +0000 build-archlinux43: output: installing gzip...
2024-05-25 15:35:35.460678 +0000 build-archlinux43: output: Optional dependencies for gzip
2024-05-25 15:35:35.460727 +0000 build-archlinux43: output:     less: zless support
2024-05-25 15:35:35.460838 +0000 build-archlinux43: output:     util-linux: zmore support [installed]
2024-05-25 15:35:35.460864 +0000 build-archlinux43: output:     diffutils: zdiff/zcmp support [installed]
2024-05-25 15:35:35.460880 +0000 build-archlinux43: output: installing tar...
2024-05-25 15:35:35.544140 +0000 build-archlinux43: output: installing libtool...
2024-05-25 15:35:35.553779 +0000 build-archlinux43: output: installing gc...
2024-05-25 15:35:35.561309 +0000 build-archlinux43: output: installing guile...
2024-05-25 15:35:36.005412 +0000 build-archlinux43: output: installing make...
2024-05-25 15:35:36.035906 +0000 build-archlinux43: output: installing patch...
2024-05-25 15:35:36.039927 +0000 build-archlinux43: output: Optional dependencies for patch
2024-05-25 15:35:36.039989 +0000 build-archlinux43: output:     ed: for patch -e functionality
2024-05-25 15:35:36.040010 +0000 build-archlinux43: output: installing pkgconf...
2024-05-25 15:35:36.046708 +0000 build-archlinux43: output: installing sudo...
2024-05-25 15:35:36.437074 +0000 build-archlinux43: output: installing texinfo...
2024-05-25 15:35:36.720239 +0000 build-archlinux43: output: Optional dependencies for texinfo
2024-05-25 15:35:36.720318 +0000 build-archlinux43: output:     perl-archive-zip: EPUB file output via texi2any
2024-05-25 15:35:36.720343 +0000 build-archlinux43: output: installing which...
2024-05-25 15:35:36.720692 +0000 build-archlinux43: output: installing base-devel...
2024-05-25 15:35:37.400514 +0000 build-archlinux43: output: :: Running post-transaction hooks...
2024-05-25 15:35:37.400573 +0000 build-archlinux43: output: (1/3) Rebuilding certificate stores...
2024-05-25 15:35:39.381835 +0000 build-archlinux43: output: (2/3) Warn about old perl modules
2024-05-25 15:35:39.393201 +0000 build-archlinux43: output: (3/3) Updating the info directory file...
2024-05-25 15:35:43.011393 +0000 build-archlinux43: output: Initializing machine ID from random generator.
2024-05-25 15:35:46.216366 +0000 build-archlinux43: output: Generating locales....
2024-05-25 15:35:47.913351 +0000 build-archlinux43: output:   en_US.UTF-8... done.
2024-05-25 15:35:49.842004 +0000 build-archlinux43: output:   de_DE.UTF-8... done.
2024-05-25 15:35:49.842066 +0000 build-archlinux43: output: Generation complete..
2024-05-25 15:35:50.382987 +0000 build-archlinux43: output: -> Archlinux update-local-repo.sh
2024-05-25 15:35:50.387290 +0000 build-archlinux43: output:   -> Repo '/builder/repository/pkgs' appears empty; initialising...
2024-05-25 15:35:50.407738 +0000 build-archlinux43: output: Spawning container root on /builder/cache/qubes-x86_64/root.
2024-05-25 15:35:50.407793 +0000 build-archlinux43: output: Press Ctrl-] three times within 1s to kill container.
2024-05-25 15:35:50.570651 +0000 build-archlinux43: output: Container root exited successfully.
2024-05-25 15:35:50.574557 +0000 build-archlinux43: output: 
2024-05-25 15:35:50.580206 +0000 build-archlinux43: output: Spawning container root on /builder/cache/qubes-x86_64/root.
2024-05-25 15:35:50.580274 +0000 build-archlinux43: output: Press Ctrl-] three times within 1s to kill container.
2024-05-25 15:35:50.768401 +0000 build-archlinux43: output: .[1m.[32m==>.[0m.[1m Extracting qubes.db.tar.gz to a temporary location....[0m.
2024-05-25 15:35:50.795220 +0000 build-archlinux43: output: .[1m.[32m==>.[0m.[1m Extracting qubes.files.tar.gz to a temporary location....[0m.
2024-05-25 15:35:50.816225 +0000 build-archlinux43: output: .[1m.[32m==>.[0m.[1m Adding package 'pkgs/pipewire-qubes-4.2.14-1-x86_64.pkg.tar.zst'.[0m.
2024-05-25 15:35:50.855991 +0000 build-archlinux43: output: .[1m.[34m  ->.[0m.[1m Computing checksums....[0m.
2024-05-25 15:35:50.869797 +0000 build-archlinux43: output: .[1m.[34m  ->.[0m.[1m Creating 'desc' db entry....[0m.
2024-05-25 15:35:50.878311 +0000 build-archlinux43: output: .[1m.[34m  ->.[0m.[1m Creating 'files' db entry....[0m.
2024-05-25 15:35:50.893107 +0000 build-archlinux43: output: .[1m.[32m==>.[0m.[1m Creating updated database file 'pkgs/qubes.db.tar.gz'.[0m.
2024-05-25 15:35:50.987366 +0000 build-archlinux43: output: .[1m.[32m==>.[0m.[1m Extracting qubes.db.tar.gz to a temporary location....[0m.
2024-05-25 15:35:51.006270 +0000 build-archlinux43: output: .[1m.[32m==>.[0m.[1m Extracting qubes.files.tar.gz to a temporary location....[0m.
2024-05-25 15:35:51.027972 +0000 build-archlinux43: output: .[1m.[32m==>.[0m.[1m Adding package 'pkgs/qubes-gpg-split-2.0.70-1-x86_64.pkg.tar.zst'.[0m.
2024-05-25 15:35:51.057697 +0000 build-archlinux43: output: .[1m.[34m  ->.[0m.[1m Computing checksums....[0m.
2024-05-25 15:35:51.072117 +0000 build-archlinux43: output: .[1m.[34m  ->.[0m.[1m Creating 'desc' db entry....[0m.
2024-05-25 15:35:51.080071 +0000 build-archlinux43: output: .[1m.[34m  ->.[0m.[1m Creating 'files' db entry....[0m.
2024-05-25 15:35:51.092916 +0000 build-archlinux43: output: .[1m.[32m==>.[0m.[1m Creating updated database file 'pkgs/qubes.db.tar.gz'.[0m.
2024-05-25 15:35:51.184868 +0000 build-archlinux43: output: .[1m.[32m==>.[0m.[1m Extracting qubes.db.tar.gz to a temporary location....[0m.
2024-05-25 15:35:51.204207 +0000 build-archlinux43: output: .[1m.[32m==>.[0m.[1m Extracting qubes.files.tar.gz to a temporary location....[0m.
2024-05-25 15:35:51.224903 +0000 build-archlinux43: output: .[1m.[32m==>.[0m.[1m Adding package 'pkgs/qubes-img-converter-1.2.16-1-x86_64.pkg.tar.zst'.[0m.
2024-05-25 15:35:51.250816 +0000 build-archlinux43: output: .[1m.[34m  ->.[0m.[1m Computing checksums....[0m.
2024-05-25 15:35:51.261712 +0000 build-archlinux43: output: .[1m.[34m  ->.[0m.[1m Creating 'desc' db entry....[0m.
2024-05-25 15:35:51.268954 +0000 build-archlinux43: output: .[1m.[34m  ->.[0m.[1m Creating 'files' db entry....[0m.
2024-05-25 15:35:51.280984 +0000 build-archlinux43: output: .[1m.[32m==>.[0m.[1m Creating updated database file 'pkgs/qubes.db.tar.gz'.[0m.
2024-05-25 15:35:51.389490 +0000 build-archlinux43: output: .[1m.[32m==>.[0m.[1m Extracting qubes.db.tar.gz to a temporary location....[0m.
2024-05-25 15:35:51.408747 +0000 build-archlinux43: output: .[1m.[32m==>.[0m.[1m Extracting qubes.files.tar.gz to a temporary location....[0m.
2024-05-25 15:35:51.431990 +0000 build-archlinux43: output: .[1m.[32m==>.[0m.[1m Adding package 'pkgs/qubes-input-proxy-1.0.36-1-x86_64.pkg.tar.zst'.[0m.
2024-05-25 15:35:51.456299 +0000 build-archlinux43: output: .[1m.[34m  ->.[0m.[1m Computing checksums....[0m.
2024-05-25 15:35:51.467272 +0000 build-archlinux43: output: .[1m.[34m  ->.[0m.[1m Creating 'desc' db entry....[0m.
2024-05-25 15:35:51.474267 +0000 build-archlinux43: output: .[1m.[34m  ->.[0m.[1m Creating 'files' db entry....[0m.
2024-05-25 15:35:51.486129 +0000 build-archlinux43: output: .[1m.[32m==>.[0m.[1m Creating updated database file 'pkgs/qubes.db.tar.gz'.[0m.
2024-05-25 15:35:51.575179 +0000 build-archlinux43: output: .[1m.[32m==>.[0m.[1m Extracting qubes.db.tar.gz to a temporary location....[0m.
2024-05-25 15:35:51.592829 +0000 build-archlinux43: output: .[1m.[32m==>.[0m.[1m Extracting qubes.files.tar.gz to a temporary location....[0m.
2024-05-25 15:35:51.613015 +0000 build-archlinux43: output: .[1m.[32m==>.[0m.[1m Adding package 'pkgs/qubes-libvchan-xen-4.2.3-1-x86_64.pkg.tar.zst'.[0m.
2024-05-25 15:35:51.640972 +0000 build-archlinux43: output: .[1m.[34m  ->.[0m.[1m Computing checksums....[0m.
2024-05-25 15:35:51.652086 +0000 build-archlinux43: output: .[1m.[34m  ->.[0m.[1m Creating 'desc' db entry....[0m.
2024-05-25 15:35:51.658837 +0000 build-archlinux43: output: .[1m.[34m  ->.[0m.[1m Creating 'files' db entry....[0m.
2024-05-25 15:35:51.669797 +0000 build-archlinux43: output: .[1m.[32m==>.[0m.[1m Creating updated database file 'pkgs/qubes.db.tar.gz'.[0m.
2024-05-25 15:35:51.761251 +0000 build-archlinux43: output: .[1m.[32m==>.[0m.[1m Extracting qubes.db.tar.gz to a temporary location....[0m.
2024-05-25 15:35:51.782051 +0000 build-archlinux43: output: .[1m.[32m==>.[0m.[1m Extracting qubes.files.tar.gz to a temporary location....[0m.
2024-05-25 15:35:51.804210 +0000 build-archlinux43: output: .[1m.[32m==>.[0m.[1m Adding package 'pkgs/qubes-pdf-converter-2.1.19-1-x86_64.pkg.tar.zst'.[0m.
2024-05-25 15:35:51.854935 +0000 build-archlinux43: output: .[1m.[34m  ->.[0m.[1m Computing checksums....[0m.
2024-05-25 15:35:51.866412 +0000 build-archlinux43: output: .[1m.[34m  ->.[0m.[1m Creating 'desc' db entry....[0m.
2024-05-25 15:35:51.873819 +0000 build-archlinux43: output: .[1m.[34m  ->.[0m.[1m Creating 'files' db entry....[0m.
2024-05-25 15:35:51.887195 +0000 build-archlinux43: output: .[1m.[32m==>.[0m.[1m Creating updated database file 'pkgs/qubes.db.tar.gz'.[0m.
2024-05-25 15:35:51.986647 +0000 build-archlinux43: output: .[1m.[32m==>.[0m.[1m Extracting qubes.db.tar.gz to a temporary location....[0m.
2024-05-25 15:35:52.007518 +0000 build-archlinux43: output: .[1m.[32m==>.[0m.[1m Extracting qubes.files.tar.gz to a temporary location....[0m.
2024-05-25 15:35:52.034331 +0000 build-archlinux43: output: .[1m.[32m==>.[0m.[1m Adding package 'pkgs/qubes-usb-proxy-1.2.1-1-x86_64.pkg.tar.zst'.[0m.
2024-05-25 15:35:52.061283 +0000 build-archlinux43: output: .[1m.[34m  ->.[0m.[1m Computing checksums....[0m.
2024-05-25 15:35:52.073232 +0000 build-archlinux43: output: .[1m.[34m  ->.[0m.[1m Creating 'desc' db entry....[0m.
2024-05-25 15:35:52.080400 +0000 build-archlinux43: output: .[1m.[34m  ->.[0m.[1m Creating 'files' db entry....[0m.
2024-05-25 15:35:52.095150 +0000 build-archlinux43: output: .[1m.[32m==>.[0m.[1m Creating updated database file 'pkgs/qubes.db.tar.gz'.[0m.
2024-05-25 15:35:52.189816 +0000 build-archlinux43: output: .[1m.[32m==>.[0m.[1m Extracting qubes.db.tar.gz to a temporary location....[0m.
2024-05-25 15:35:52.210026 +0000 build-archlinux43: output: .[1m.[32m==>.[0m.[1m Extracting qubes.files.tar.gz to a temporary location....[0m.
2024-05-25 15:35:52.248819 +0000 build-archlinux43: output: .[1m.[32m==>.[0m.[1m Adding package 'pkgs/qubes-vm-core-4.2.33-1-x86_64.pkg.tar.zst'.[0m.
2024-05-25 15:35:52.299056 +0000 build-archlinux43: output: .[1m.[34m  ->.[0m.[1m Computing checksums....[0m.
2024-05-25 15:35:52.310231 +0000 build-archlinux43: output: .[1m.[34m  ->.[0m.[1m Creating 'desc' db entry....[0m.
2024-05-25 15:35:52.318098 +0000 build-archlinux43: output: .[1m.[34m  ->.[0m.[1m Creating 'files' db entry....[0m.
2024-05-25 15:35:52.334999 +0000 build-archlinux43: output: .[1m.[32m==>.[0m.[1m Creating updated database file 'pkgs/qubes.db.tar.gz'.[0m.
2024-05-25 15:35:52.441117 +0000 build-archlinux43: output: .[1m.[32m==>.[0m.[1m Extracting qubes.db.tar.gz to a temporary location....[0m.
2024-05-25 15:35:52.461358 +0000 build-archlinux43: output: .[1m.[32m==>.[0m.[1m Extracting qubes.files.tar.gz to a temporary location....[0m.
2024-05-25 15:35:52.485870 +0000 build-archlinux43: output: .[1m.[32m==>.[0m.[1m Adding package 'pkgs/qubes-vm-gui-4.2.14-1-x86_64.pkg.tar.zst'.[0m.
2024-05-25 15:35:52.528996 +0000 build-archlinux43: output: .[1m.[34m  ->.[0m.[1m Computing checksums....[0m.
2024-05-25 15:35:52.548021 +0000 build-archlinux43: output: .[1m.[34m  ->.[0m.[1m Creating 'desc' db entry....[0m.
2024-05-25 15:35:52.555380 +0000 build-archlinux43: output: .[1m.[34m  ->.[0m.[1m Creating 'files' db entry....[0m.
2024-05-25 15:35:52.569694 +0000 build-archlinux43: output: .[1m.[32m==>.[0m.[1m Creating updated database file 'pkgs/qubes.db.tar.gz'.[0m.
2024-05-25 15:35:52.679710 +0000 build-archlinux43: output: .[1m.[32m==>.[0m.[1m Extracting qubes.db.tar.gz to a temporary location....[0m.
2024-05-25 15:35:52.701369 +0000 build-archlinux43: output: .[1m.[32m==>.[0m.[1m Extracting qubes.files.tar.gz to a temporary location....[0m.
2024-05-25 15:35:52.726805 +0000 build-archlinux43: output: .[1m.[32m==>.[0m.[1m Adding package 'pkgs/qubes-vm-gui-common-4.2.4-1-x86_64.pkg.tar.zst'.[0m.
2024-05-25 15:35:52.768965 +0000 build-archlinux43: output: .[1m.[34m  ->.[0m.[1m Computing checksums....[0m.
2024-05-25 15:35:52.783403 +0000 build-archlinux43: output: .[1m.[34m  ->.[0m.[1m Creating 'desc' db entry....[0m.
2024-05-25 15:35:52.792020 +0000 build-archlinux43: output: .[1m.[34m  ->.[0m.[1m Creating 'files' db entry....[0m.
2024-05-25 15:35:52.802823 +0000 build-archlinux43: output: .[1m.[32m==>.[0m.[1m Creating updated database file 'pkgs/qubes.db.tar.gz'.[0m.
2024-05-25 15:35:52.936124 +0000 build-archlinux43: output: .[1m.[32m==>.[0m.[1m Extracting qubes.db.tar.gz to a temporary location....[0m.
2024-05-25 15:35:52.958929 +0000 build-archlinux43: output: .[1m.[32m==>.[0m.[1m Extracting qubes.files.tar.gz to a temporary location....[0m.
2024-05-25 15:35:52.982235 +0000 build-archlinux43: output: .[1m.[32m==>.[0m.[1m Adding package 'pkgs/qubes-vm-kernel-support-4.2.16-1-x86_64.pkg.tar.zst'.[0m.
2024-05-25 15:35:53.006724 +0000 build-archlinux43: output: .[1m.[34m  ->.[0m.[1m Computing checksums....[0m.
2024-05-25 15:35:53.017820 +0000 build-archlinux43: output: .[1m.[34m  ->.[0m.[1m Creating 'desc' db entry....[0m.
2024-05-25 15:35:53.025763 +0000 build-archlinux43: output: .[1m.[34m  ->.[0m.[1m Creating 'files' db entry....[0m.
2024-05-25 15:35:53.037275 +0000 build-archlinux43: output: .[1m.[32m==>.[0m.[1m Creating updated database file 'pkgs/qubes.db.tar.gz'.[0m.
2024-05-25 15:35:53.144391 +0000 build-archlinux43: output: .[1m.[32m==>.[0m.[1m Extracting qubes.db.tar.gz to a temporary location....[0m.
2024-05-25 15:35:53.168708 +0000 build-archlinux43: output: .[1m.[32m==>.[0m.[1m Extracting qubes.files.tar.gz to a temporary location....[0m.
2024-05-25 15:35:53.192920 +0000 build-archlinux43: output: .[1m.[32m==>.[0m.[1m Adding package 'pkgs/qubes-vm-keyring-4.2.33-1-x86_64.pkg.tar.zst'.[0m.
2024-05-25 15:35:53.227378 +0000 build-archlinux43: output: .[1m.[34m  ->.[0m.[1m Computing checksums....[0m.
2024-05-25 15:35:53.238932 +0000 build-archlinux43: output: .[1m.[34m  ->.[0m.[1m Creating 'desc' db entry....[0m.
2024-05-25 15:35:53.255729 +0000 build-archlinux43: output: .[1m.[34m  ->.[0m.[1m Creating 'files' db entry....[0m.
2024-05-25 15:35:53.266177 +0000 build-archlinux43: output: .[1m.[32m==>.[0m.[1m Creating updated database file 'pkgs/qubes.db.tar.gz'.[0m.
2024-05-25 15:35:53.392967 +0000 build-archlinux43: output: .[1m.[32m==>.[0m.[1m Extracting qubes.db.tar.gz to a temporary location....[0m.
2024-05-25 15:35:53.413910 +0000 build-archlinux43: output: .[1m.[32m==>.[0m.[1m Extracting qubes.files.tar.gz to a temporary location....[0m.
2024-05-25 15:35:53.436327 +0000 build-archlinux43: output: .[1m.[32m==>.[0m.[1m Adding package 'pkgs/qubes-vm-networking-4.2.33-1-x86_64.pkg.tar.zst'.[0m.
2024-05-25 15:35:53.474270 +0000 build-archlinux43: output: .[1m.[34m  ->.[0m.[1m Computing checksums....[0m.
2024-05-25 15:35:53.485225 +0000 build-archlinux43: output: .[1m.[34m  ->.[0m.[1m Creating 'desc' db entry....[0m.
2024-05-25 15:35:53.493268 +0000 build-archlinux43: output: .[1m.[34m  ->.[0m.[1m Creating 'files' db entry....[0m.
2024-05-25 15:35:53.504961 +0000 build-archlinux43: output: .[1m.[32m==>.[0m.[1m Creating updated database file 'pkgs/qubes.db.tar.gz'.[0m.
2024-05-25 15:35:53.608862 +0000 build-archlinux43: output: .[1m.[32m==>.[0m.[1m Extracting qubes.db.tar.gz to a temporary location....[0m.
2024-05-25 15:35:53.637471 +0000 build-archlinux43: output: .[1m.[32m==>.[0m.[1m Extracting qubes.files.tar.gz to a temporary location....[0m.
2024-05-25 15:35:53.659863 +0000 build-archlinux43: output: .[1m.[32m==>.[0m.[1m Adding package 'pkgs/qubes-vm-passwordless-root-4.2.33-1-x86_64.pkg.tar.zst'.[0m.
2024-05-25 15:35:53.692821 +0000 build-archlinux43: output: .[1m.[34m  ->.[0m.[1m Computing checksums....[0m.
2024-05-25 15:35:53.704430 +0000 build-archlinux43: output: .[1m.[34m  ->.[0m.[1m Creating 'desc' db entry....[0m.
2024-05-25 15:35:53.712577 +0000 build-archlinux43: output: .[1m.[34m  ->.[0m.[1m Creating 'files' db entry....[0m.
2024-05-25 15:35:53.733959 +0000 build-archlinux43: output: .[1m.[32m==>.[0m.[1m Creating updated database file 'pkgs/qubes.db.tar.gz'.[0m.
2024-05-25 15:35:53.837627 +0000 build-archlinux43: output: .[1m.[32m==>.[0m.[1m Extracting qubes.db.tar.gz to a temporary location....[0m.
2024-05-25 15:35:53.860762 +0000 build-archlinux43: output: .[1m.[32m==>.[0m.[1m Extracting qubes.files.tar.gz to a temporary location....[0m.
2024-05-25 15:35:53.884354 +0000 build-archlinux43: output: .[1m.[32m==>.[0m.[1m Adding package 'pkgs/qubes-vm-pulseaudio-4.2.14-1-x86_64.pkg.tar.zst'.[0m.
2024-05-25 15:35:53.923916 +0000 build-archlinux43: output: .[1m.[34m  ->.[0m.[1m Computing checksums....[0m.
2024-05-25 15:35:53.936530 +0000 build-archlinux43: output: .[1m.[34m  ->.[0m.[1m Creating 'desc' db entry....[0m.
2024-05-25 15:35:53.945093 +0000 build-archlinux43: output: .[1m.[34m  ->.[0m.[1m Creating 'files' db entry....[0m.
2024-05-25 15:35:53.957656 +0000 build-archlinux43: output: .[1m.[32m==>.[0m.[1m Creating updated database file 'pkgs/qubes.db.tar.gz'.[0m.
2024-05-25 15:35:54.064795 +0000 build-archlinux43: output: .[1m.[32m==>.[0m.[1m Extracting qubes.db.tar.gz to a temporary location....[0m.
2024-05-25 15:35:54.085525 +0000 build-archlinux43: output: .[1m.[32m==>.[0m.[1m Extracting qubes.files.tar.gz to a temporary location....[0m.
2024-05-25 15:35:54.111016 +0000 build-archlinux43: output: .[1m.[32m==>.[0m.[1m Adding package 'pkgs/qubes-vm-qrexec-4.2.19-1-x86_64.pkg.tar.zst'.[0m.
2024-05-25 15:35:54.145337 +0000 build-archlinux43: output: .[1m.[34m  ->.[0m.[1m Computing checksums....[0m.
2024-05-25 15:35:54.158316 +0000 build-archlinux43: output: .[1m.[34m  ->.[0m.[1m Creating 'desc' db entry....[0m.
2024-05-25 15:35:54.165401 +0000 build-archlinux43: output: .[1m.[34m  ->.[0m.[1m Creating 'files' db entry....[0m.
2024-05-25 15:35:54.182084 +0000 build-archlinux43: output: .[1m.[32m==>.[0m.[1m Creating updated database file 'pkgs/qubes.db.tar.gz'.[0m.
2024-05-25 15:35:54.281415 +0000 build-archlinux43: output: .[1m.[32m==>.[0m.[1m Extracting qubes.db.tar.gz to a temporary location....[0m.
2024-05-25 15:35:54.301097 +0000 build-archlinux43: output: .[1m.[32m==>.[0m.[1m Extracting qubes.files.tar.gz to a temporary location....[0m.
2024-05-25 15:35:54.323470 +0000 build-archlinux43: output: .[1m.[32m==>.[0m.[1m Adding package 'pkgs/qubes-vm-utils-4.2.16-1-x86_64.pkg.tar.zst'.[0m.
2024-05-25 15:35:54.348303 +0000 build-archlinux43: output: .[1m.[34m  ->.[0m.[1m Computing checksums....[0m.
2024-05-25 15:35:54.360120 +0000 build-archlinux43: output: .[1m.[34m  ->.[0m.[1m Creating 'desc' db entry....[0m.
2024-05-25 15:35:54.367779 +0000 build-archlinux43: output: .[1m.[34m  ->.[0m.[1m Creating 'files' db entry....[0m.
2024-05-25 15:35:54.378105 +0000 build-archlinux43: output: .[1m.[32m==>.[0m.[1m Creating updated database file 'pkgs/qubes.db.tar.gz'.[0m.
2024-05-25 15:35:54.469942 +0000 build-archlinux43: output: .[1m.[32m==>.[0m.[1m Extracting qubes.db.tar.gz to a temporary location....[0m.
2024-05-25 15:35:54.496092 +0000 build-archlinux43: output: .[1m.[32m==>.[0m.[1m Extracting qubes.files.tar.gz to a temporary location....[0m.
2024-05-25 15:35:54.540686 +0000 build-archlinux43: output: .[1m.[32m==>.[0m.[1m Adding package 'pkgs/qubes-vm-xen-4.17.4-3-x86_64.pkg.tar.zst'.[0m.
2024-05-25 15:35:54.583004 +0000 build-archlinux43: output: .[1m.[34m  ->.[0m.[1m Computing checksums....[0m.
2024-05-25 15:35:54.637579 +0000 build-archlinux43: output: .[1m.[34m  ->.[0m.[1m Creating 'desc' db entry....[0m.
2024-05-25 15:35:54.646495 +0000 build-archlinux43: output: .[1m.[34m  ->.[0m.[1m Creating 'files' db entry....[0m.
2024-05-25 15:35:54.744688 +0000 build-archlinux43: output: .[1m.[32m==>.[0m.[1m Creating updated database file 'pkgs/qubes.db.tar.gz'.[0m.
2024-05-25 15:35:54.827077 +0000 build-archlinux43: output: Container root exited successfully.
2024-05-25 15:35:54.840957 +0000 build-archlinux43: output: Spawning container root on /builder/cache/qubes-x86_64/root.
2024-05-25 15:35:54.841032 +0000 build-archlinux43: output: Press Ctrl-] three times within 1s to kill container.
2024-05-25 15:35:54.939390 +0000 build-archlinux43: output: Container root exited successfully.
2024-05-25 15:35:54.945387 +0000 build-archlinux43: output: 
2024-05-25 15:35:54.951044 +0000 build-archlinux43: output: Spawning container root on /builder/cache/qubes-x86_64/root.
2024-05-25 15:35:54.951111 +0000 build-archlinux43: output: Press Ctrl-] three times within 1s to kill container.
2024-05-25 15:35:55.115532 +0000 build-archlinux43: output: .[?25l:: Synchronizing package databases....
2024-05-25 15:35:55.115641 +0000 build-archlinux43: output:  core downloading....
2024-05-25 15:35:55.115667 +0000 build-archlinux43: output:  community downloading....
2024-05-25 15:35:55.115758 +0000 build-archlinux43: output:  extra downloading....
2024-05-25 15:35:55.115783 +0000 build-archlinux43: output:  multilib downloading....
2024-05-25 15:35:58.959708 +0000 build-archlinux43: output: warning: archlinux-keyring-20240520-1 is up to date -- reinstalling.
2024-05-25 15:35:58.959779 +0000 build-archlinux43: output: resolving dependencies....
2024-05-25 15:35:58.980415 +0000 build-archlinux43: output: looking for conflicting packages....
2024-05-25 15:35:58.989702 +0000 build-archlinux43: output: .
2024-05-25 15:35:58.989767 +0000 build-archlinux43: output: Packages (1) archlinux-keyring-20240520-1.
2024-05-25 15:35:58.989870 +0000 build-archlinux43: output: .
2024-05-25 15:35:58.989902 +0000 build-archlinux43: output: Total Download Size:   1.17 MiB.
2024-05-25 15:35:58.990004 +0000 build-archlinux43: output: Total Installed Size:  1.66 MiB.
2024-05-25 15:35:58.990033 +0000 build-archlinux43: output: Net Upgrade Size:      0.00 MiB.
2024-05-25 15:35:58.990087 +0000 build-archlinux43: output: .
2024-05-25 15:35:58.990213 +0000 build-archlinux43: output: :: Proceed with installation? [Y/n] .
2024-05-25 15:35:58.990331 +0000 build-archlinux43: output: :: Retrieving packages....
2024-05-25 15:35:58.990399 +0000 build-archlinux43: output:  archlinux-keyring-20240520-1-any downloading....
2024-05-25 15:36:06.659470 +0000 build-archlinux43: output: checking keyring....
2024-05-25 15:36:06.898866 +0000 build-archlinux43: output: checking package integrity....
2024-05-25 15:36:06.949891 +0000 build-archlinux43: output: loading package files....
2024-05-25 15:36:06.950851 +0000 build-archlinux43: output: checking for file conflicts....
2024-05-25 15:36:06.952279 +0000 build-archlinux43: output: :: Processing package changes....
2024-05-25 15:36:06.952942 +0000 build-archlinux43: output: reinstalling archlinux-keyring....
2024-05-25 15:36:07.066453 +0000 build-archlinux43: output: gpg: Warning: using insecure memory!.
2024-05-25 15:36:07.089774 +0000 build-archlinux43: output: ==> Appending keys from archlinux.gpg....
2024-05-25 15:36:07.093897 +0000 build-archlinux43: output: gpg: Warning: using insecure memory!.
2024-05-25 15:36:09.254868 +0000 build-archlinux43: output: gpg: Warning: using insecure memory!.
2024-05-25 15:36:09.461623 +0000 build-archlinux43: output: gpg: Warning: using insecure memory!.
2024-05-25 15:36:09.461694 +0000 build-archlinux43: output: gpg: Warning: using insecure memory!.
2024-05-25 15:36:09.464329 +0000 build-archlinux43: output: gpg: Warning: using insecure memory!.
2024-05-25 15:36:09.469287 +0000 build-archlinux43: output: gpg: Warning: using insecure memory!.
2024-05-25 15:36:09.477664 +0000 build-archlinux43: output: gpg: Warning: using insecure memory!.
2024-05-25 15:36:09.483956 +0000 build-archlinux43: output: gpg: Warning: using insecure memory!.
2024-05-25 15:36:09.491712 +0000 build-archlinux43: output: gpg: Warning: using insecure memory!.
2024-05-25 15:36:09.498779 +0000 build-archlinux43: output: gpg: Warning: using insecure memory!.
2024-05-25 15:36:09.509309 +0000 build-archlinux43: output: gpg: Warning: using insecure memory!.
2024-05-25 15:36:09.517233 +0000 build-archlinux43: output: gpg: Warning: using insecure memory!.
2024-05-25 15:36:09.521967 +0000 build-archlinux43: output: gpg: Warning: using insecure memory!.
2024-05-25 15:36:09.528651 +0000 build-archlinux43: output: gpg: Warning: using insecure memory!.
2024-05-25 15:36:09.535818 +0000 build-archlinux43: output: gpg: Warning: using insecure memory!.
2024-05-25 15:36:09.542812 +0000 build-archlinux43: output: gpg: Warning: using insecure memory!.
2024-05-25 15:36:09.549525 +0000 build-archlinux43: output: gpg: Warning: using insecure memory!.
2024-05-25 15:36:09.556159 +0000 build-archlinux43: output: gpg: Warning: using insecure memory!.
2024-05-25 15:36:09.562760 +0000 build-archlinux43: output: gpg: Warning: using insecure memory!.
2024-05-25 15:36:09.569343 +0000 build-archlinux43: output: gpg: Warning: using insecure memory!.
2024-05-25 15:36:09.575751 +0000 build-archlinux43: output: gpg: Warning: using insecure memory!.
2024-05-25 15:36:09.582522 +0000 build-archlinux43: output: gpg: Warning: using insecure memory!.
2024-05-25 15:36:09.589532 +0000 build-archlinux43: output: gpg: Warning: using insecure memory!.
2024-05-25 15:36:09.596512 +0000 build-archlinux43: output: gpg: Warning: using insecure memory!.
2024-05-25 15:36:09.603016 +0000 build-archlinux43: output: gpg: Warning: using insecure memory!.
2024-05-25 15:36:09.618626 +0000 build-archlinux43: output: gpg: Warning: using insecure memory!.
2024-05-25 15:36:09.625064 +0000 build-archlinux43: output: gpg: Warning: using insecure memory!.
2024-05-25 15:36:09.632156 +0000 build-archlinux43: output: gpg: Warning: using insecure memory!.
2024-05-25 15:36:09.638796 +0000 build-archlinux43: output: gpg: Warning: using insecure memory!.
2024-05-25 15:36:09.645762 +0000 build-archlinux43: output: gpg: Warning: using insecure memory!.
2024-05-25 15:36:09.652884 +0000 build-archlinux43: output: gpg: Warning: using insecure memory!.
2024-05-25 15:36:09.659702 +0000 build-archlinux43: output: gpg: Warning: using insecure memory!.
2024-05-25 15:36:09.666652 +0000 build-archlinux43: output: gpg: Warning: using insecure memory!.
2024-05-25 15:36:09.674028 +0000 build-archlinux43: output: gpg: Warning: using insecure memory!.
2024-05-25 15:36:09.680819 +0000 build-archlinux43: output: gpg: Warning: using insecure memory!.
2024-05-25 15:36:09.687459 +0000 build-archlinux43: output: gpg: Warning: using insecure memory!.
2024-05-25 15:36:09.694158 +0000 build-archlinux43: output: gpg: Warning: using insecure memory!.
2024-05-25 15:36:09.700917 +0000 build-archlinux43: output: gpg: Warning: using insecure memory!.
2024-05-25 15:36:09.707926 +0000 build-archlinux43: output: gpg: Warning: using insecure memory!.
2024-05-25 15:36:09.715084 +0000 build-archlinux43: output: gpg: Warning: using insecure memory!.
2024-05-25 15:36:09.722304 +0000 build-archlinux43: output: gpg: Warning: using insecure memory!.
2024-05-25 15:36:09.729440 +0000 build-archlinux43: output: gpg: Warning: using insecure memory!.
2024-05-25 15:36:09.736316 +0000 build-archlinux43: output: gpg: Warning: using insecure memory!.
2024-05-25 15:36:09.743770 +0000 build-archlinux43: output: gpg: Warning: using insecure memory!.
2024-05-25 15:36:09.750913 +0000 build-archlinux43: output: gpg: Warning: using insecure memory!.
2024-05-25 15:36:09.758777 +0000 build-archlinux43: output: gpg: Warning: using insecure memory!.
2024-05-25 15:36:09.765630 +0000 build-archlinux43: output: gpg: Warning: using insecure memory!.
2024-05-25 15:36:09.772391 +0000 build-archlinux43: output: gpg: Warning: using insecure memory!.
2024-05-25 15:36:09.779835 +0000 build-archlinux43: output: gpg: Warning: using insecure memory!.
2024-05-25 15:36:09.787866 +0000 build-archlinux43: output: gpg: Warning: using insecure memory!.
2024-05-25 15:36:09.794919 +0000 build-archlinux43: output: gpg: Warning: using insecure memory!.
2024-05-25 15:36:09.801895 +0000 build-archlinux43: output: gpg: Warning: using insecure memory!.
2024-05-25 15:36:09.808469 +0000 build-archlinux43: output: gpg: Warning: using insecure memory!.
2024-05-25 15:36:09.815633 +0000 build-archlinux43: output: gpg: Warning: using insecure memory!.
2024-05-25 15:36:09.822491 +0000 build-archlinux43: output: gpg: Warning: using insecure memory!.
2024-05-25 15:36:09.830466 +0000 build-archlinux43: output: gpg: Warning: using insecure memory!.
2024-05-25 15:36:09.836159 +0000 build-archlinux43: output: ==> Updating trust database....
2024-05-25 15:36:09.841244 +0000 build-archlinux43: output: gpg: Warning: using insecure memory!.
2024-05-25 15:36:09.841295 +0000 build-archlinux43: output: gpg: next trustdb check due at 2024-06-29.
2024-05-25 15:36:15.175462 +0000 build-archlinux43: output: .[?25hContainer root exited successfully.
2024-05-25 15:36:15.182179 +0000 build-archlinux43: output: 
2024-05-25 15:36:15.187403 +0000 build-archlinux43: output: Spawning container root on /builder/cache/qubes-x86_64/root.
2024-05-25 15:36:15.187510 +0000 build-archlinux43: output: Press Ctrl-] three times within 1s to kill container.
2024-05-25 15:36:15.281846 +0000 build-archlinux43: output: .[?25l:: Synchronizing package databases....
2024-05-25 15:36:15.281921 +0000 build-archlinux43: output:  core downloading....
2024-05-25 15:36:15.281943 +0000 build-archlinux43: output:  community downloading....
2024-05-25 15:36:15.281960 +0000 build-archlinux43: output:  extra downloading....
2024-05-25 15:36:15.281977 +0000 build-archlinux43: output:  multilib downloading....
2024-05-25 15:36:22.064251 +0000 build-archlinux43: output: :: Starting full system upgrade....
2024-05-25 15:36:22.600478 +0000 build-archlinux43: output:  there is nothing to do.
2024-05-25 15:36:22.632872 +0000 build-archlinux43: output: .[?25hContainer root exited successfully.
2024-05-25 15:36:22.637431 +0000 build-archlinux43: output: 
2024-05-25 15:36:25.107520 +0000 build-archlinux43: output: .[?25l:: Synchronizing package databases....
2024-05-25 15:36:25.107640 +0000 build-archlinux43: output:  core.
2024-05-25 15:36:25.107740 +0000 build-archlinux43: output:  community.
2024-05-25 15:36:25.107764 +0000 build-archlinux43: output:  extra.
2024-05-25 15:36:25.107779 +0000 build-archlinux43: output:  multilib.
2024-05-25 15:36:25.107796 +0000 build-archlinux43: output:  qubes.
2024-05-25 15:36:29.186383 +0000 build-archlinux43: output: .[1F qubes                   4.8 KiB  1.00   B/s 00:00 [######################] 100%. qubes                   4.8 KiB  2.35 MiB/s 00:00 [######################] 100%..[2F extra is up to date.[K.[1E multilib is up to date.[K.[3F core is up to date.[K.[1E community is up to date.[K.[4E:: Starting full system upgrade....
2024-05-25 15:36:29.391313 +0000 build-archlinux43: output:  there is nothing to do.
2024-05-25 15:36:29.445387 +0000 build-archlinux43: output: .[?25h==> Building in chroot for [qubes] (x86_64)...
2024-05-25 15:36:45.275869 +0000 build-archlinux43: output: ==> Synchronizing chroot copy [/builder/cache/qubes-x86_64/root] -> [user]...done
2024-05-25 15:36:46.720195 +0000 build-archlinux43: output: ==> Making package: qubes-vm-dependencies 4.2.14-1 (Sat May 25 11:36:46 2024)
2024-05-25 15:36:46.726121 +0000 build-archlinux43: output: ==> Retrieving sources...
2024-05-25 15:36:46.731294 +0000 build-archlinux43: output:   -> Found qubes-vm-dependencies-4.2.14-1.tar.gz
2024-05-25 15:36:46.734007 +0000 build-archlinux43: output: ==> WARNING: Skipping all source file integrity checks.
2024-05-25 15:36:53.504576 +0000 build-archlinux43: output: .[1m.[32m==>.[0m.[1m Making package: qubes-vm-dependencies 4.2.14-1 (Sat May 25 11:36:53 2024).[0m.
2024-05-25 15:36:53.507632 +0000 build-archlinux43: output: .[1m.[32m==>.[0m.[1m Checking runtime dependencies....[0m.
2024-05-25 15:36:53.511837 +0000 build-archlinux43: output: .[1m.[32m==>.[0m.[1m Checking buildtime dependencies....[0m.
2024-05-25 15:36:53.523188 +0000 build-archlinux43: output: .[1m.[32m==>.[0m.[1m Retrieving sources....[0m.
2024-05-25 15:36:53.531776 +0000 build-archlinux43: output: .[1m.[34m  ->.[0m.[1m Found qubes-vm-dependencies-4.2.14-1.tar.gz.[0m.
2024-05-25 15:36:53.539417 +0000 build-archlinux43: output: .[1m.[33m==> WARNING:.[0m.[1m Skipping all source file integrity checks..[0m.
2024-05-25 15:36:53.543143 +0000 build-archlinux43: output: .[1m.[32m==>.[0m.[1m Extracting sources....[0m.
2024-05-25 15:36:53.602332 +0000 build-archlinux43: output: .[1m.[34m  ->.[0m.[1m Extracting qubes-vm-dependencies-4.2.14-1.tar.gz with bsdtar.[0m.
2024-05-25 15:36:53.700926 +0000 build-archlinux43: output: .[1m.[32m==>.[0m.[1m Entering fakeroot environment....[0m.
2024-05-25 15:36:57.749816 +0000 build-archlinux43: output: .[1m.[32m==>.[0m.[1m Starting package_qubes-vm-dependencies()....[0m.
2024-05-25 15:36:57.778201 +0000 build-archlinux43: output: .[1m.[32m==>.[0m.[1m Tidying install....[0m.
2024-05-25 15:36:57.781334 +0000 build-archlinux43: output: .[1m.[34m  ->.[0m.[1m Removing libtool files....[0m.
2024-05-25 15:36:57.790168 +0000 build-archlinux43: output: .[1m.[34m  ->.[0m.[1m Purging unwanted files....[0m.
2024-05-25 15:36:57.809893 +0000 build-archlinux43: output: .[1m.[34m  ->.[0m.[1m Removing static library files....[0m.
2024-05-25 15:36:57.816989 +0000 build-archlinux43: output: .[1m.[34m  ->.[0m.[1m Stripping unneeded symbols from binaries and libraries....[0m.
2024-05-25 15:36:57.825759 +0000 build-archlinux43: output: .[1m.[34m  ->.[0m.[1m Compressing man and info pages....[0m.
2024-05-25 15:36:57.832989 +0000 build-archlinux43: output: .[1m.[32m==>.[0m.[1m Checking for packaging issues....[0m.
2024-05-25 15:36:57.849876 +0000 build-archlinux43: output: .[1m.[32m==>.[0m.[1m Creating package "qubes-vm-dependencies"....[0m.
2024-05-25 15:36:57.855741 +0000 build-archlinux43: output: .[1m.[34m  ->.[0m.[1m Generating .PKGINFO file....[0m.
2024-05-25 15:36:57.887911 +0000 build-archlinux43: output: .[1m.[34m  ->.[0m.[1m Generating .BUILDINFO file....[0m.
2024-05-25 15:36:57.990106 +0000 build-archlinux43: output: .[1m.[34m  ->.[0m.[1m Generating .MTREE file....[0m.
2024-05-25 15:36:58.009108 +0000 build-archlinux43: output: .[1m.[34m  ->.[0m.[1m Compressing package....[0m.
2024-05-25 15:36:58.195832 +0000 build-archlinux43: output: .[1m.[32m==>.[0m.[1m Starting package_qubes-vm-recommended()....[0m.
2024-05-25 15:36:58.210313 +0000 build-archlinux43: output: .[1m.[32m==>.[0m.[1m Tidying install....[0m.
2024-05-25 15:36:58.213188 +0000 build-archlinux43: output: .[1m.[34m  ->.[0m.[1m Removing libtool files....[0m.
2024-05-25 15:36:58.220781 +0000 build-archlinux43: output: .[1m.[34m  ->.[0m.[1m Purging unwanted files....[0m.
2024-05-25 15:36:58.254064 +0000 build-archlinux43: output: .[1m.[34m  ->.[0m.[1m Removing static library files....[0m.
2024-05-25 15:36:58.287095 +0000 build-archlinux43: output: .[1m.[34m  ->.[0m.[1m Stripping unneeded symbols from binaries and libraries....[0m.
2024-05-25 15:36:58.307408 +0000 build-archlinux43: output: .[1m.[34m  ->.[0m.[1m Compressing man and info pages....[0m.
2024-05-25 15:36:58.314420 +0000 build-archlinux43: output: .[1m.[32m==>.[0m.[1m Checking for packaging issues....[0m.
2024-05-25 15:36:58.330677 +0000 build-archlinux43: output: .[1m.[32m==>.[0m.[1m Creating package "qubes-vm-recommended"....[0m.
2024-05-25 15:36:58.334671 +0000 build-archlinux43: output: .[1m.[34m  ->.[0m.[1m Generating .PKGINFO file....[0m.
2024-05-25 15:36:58.361817 +0000 build-archlinux43: output: .[1m.[34m  ->.[0m.[1m Generating .BUILDINFO file....[0m.
2024-05-25 15:36:58.392631 +0000 build-archlinux43: output: .[1m.[34m  ->.[0m.[1m Generating .MTREE file....[0m.
2024-05-25 15:36:58.406052 +0000 build-archlinux43: output: .[1m.[34m  ->.[0m.[1m Compressing package....[0m.
2024-05-25 15:36:58.584552 +0000 build-archlinux43: output: .[1m.[32m==>.[0m.[1m Starting package_qubes-vm-repo()....[0m.
2024-05-25 15:36:58.649919 +0000 build-archlinux43: output: .[1m.[32m==>.[0m.[1m Tidying install....[0m.
2024-05-25 15:36:58.658024 +0000 build-archlinux43: output: .[1m.[34m  ->.[0m.[1m Removing libtool files....[0m.
2024-05-25 15:36:58.670206 +0000 build-archlinux43: output: .[1m.[34m  ->.[0m.[1m Purging unwanted files....[0m.
2024-05-25 15:36:58.685332 +0000 build-archlinux43: output: .[1m.[34m  ->.[0m.[1m Removing static library files....[0m.
2024-05-25 15:36:58.693243 +0000 build-archlinux43: output: .[1m.[34m  ->.[0m.[1m Stripping unneeded symbols from binaries and libraries....[0m.
2024-05-25 15:36:58.738260 +0000 build-archlinux43: output: .[1m.[34m  ->.[0m.[1m Compressing man and info pages....[0m.
2024-05-25 15:36:58.745153 +0000 build-archlinux43: output: .[1m.[32m==>.[0m.[1m Checking for packaging issues....[0m.
2024-05-25 15:36:58.775821 +0000 build-archlinux43: output: .[1m.[32m==>.[0m.[1m Creating package "qubes-vm-repo"....[0m.
2024-05-25 15:36:58.779911 +0000 build-archlinux43: output: .[1m.[34m  ->.[0m.[1m Generating .PKGINFO file....[0m.
2024-05-25 15:36:58.814332 +0000 build-archlinux43: output: .[1m.[34m  ->.[0m.[1m Generating .BUILDINFO file....[0m.
2024-05-25 15:36:58.852041 +0000 build-archlinux43: output: .[1m.[34m  ->.[0m.[1m Adding install file....[0m.
2024-05-25 15:36:58.871473 +0000 build-archlinux43: output: .[1m.[34m  ->.[0m.[1m Generating .MTREE file....[0m.
2024-05-25 15:36:58.890060 +0000 build-archlinux43: output: .[1m.[34m  ->.[0m.[1m Compressing package....[0m.
2024-05-25 15:36:59.075024 +0000 build-archlinux43: output: .[1m.[32m==>.[0m.[1m Leaving fakeroot environment..[0m.
2024-05-25 15:36:59.086749 +0000 build-archlinux43: output: .[1m.[32m==>.[0m.[1m Finished making: qubes-vm-dependencies 4.2.14-1 (Sat May 25 11:36:58 2024).[0m.
2024-05-25 15:36:59.089359 +0000 build-archlinux43: output: .[1m.[32m==>.[0m.[1m Installing qubes-vm-dependencies package group with pacman -U....[0m.
2024-05-25 15:36:59.201218 +0000 build-archlinux43: output: .[?25lloading packages....
2024-05-25 15:36:59.203068 +0000 build-archlinux43: output: resolving dependencies....
2024-05-25 15:36:59.365372 +0000 build-archlinux43: output: warning: cannot resolve "qubes-db-vm", a dependency of "qubes-vm-core".
2024-05-25 15:36:59.368663 +0000 build-archlinux43: output: :: There are 2 providers available for dbus-units:.
2024-05-25 15:36:59.368720 +0000 build-archlinux43: output: :: Repository core.
2024-05-25 15:36:59.368744 +0000 build-archlinux43: output:    1) dbus-broker-units  2) dbus-daemon-units.
2024-05-25 15:36:59.368761 +0000 build-archlinux43: output: .
2024-05-25 15:36:59.368779 +0000 build-archlinux43: output: Enter a number (default=1): .
2024-05-25 15:36:59.370230 +0000 build-archlinux43: output: warning: cannot resolve "qubes-vm-core", a dependency of "qubes-vm-dependencies".
2024-05-25 15:36:59.374764 +0000 build-archlinux43: output: :: There are 2 providers available for dbus-units:.
2024-05-25 15:36:59.374806 +0000 build-archlinux43: output: :: Repository core.
2024-05-25 15:36:59.374840 +0000 build-archlinux43: output:    1) dbus-broker-units  2) dbus-daemon-units.
2024-05-25 15:36:59.374861 +0000 build-archlinux43: output: .
2024-05-25 15:36:59.374876 +0000 build-archlinux43: output: Enter a number (default=1): .
2024-05-25 15:36:59.377793 +0000 build-archlinux43: output: warning: cannot resolve "qubes-db-vm", a dependency of "qubes-vm-core".
2024-05-25 15:36:59.382483 +0000 build-archlinux43: output: :: There are 2 providers available for dbus-units:.
2024-05-25 15:36:59.382541 +0000 build-archlinux43: output: :: Repository core.
2024-05-25 15:36:59.382560 +0000 build-archlinux43: output:    1) dbus-broker-units  2) dbus-daemon-units.
2024-05-25 15:36:59.382575 +0000 build-archlinux43: output: .
2024-05-25 15:36:59.382629 +0000 build-archlinux43: output: Enter a number (default=1): .
2024-05-25 15:36:59.383718 +0000 build-archlinux43: output: warning: cannot resolve "qubes-vm-core", a dependency of "qubes-vm-networking".
2024-05-25 15:36:59.384668 +0000 build-archlinux43: output: warning: cannot resolve "qubes-db-vm", a dependency of "qubes-vm-networking".
2024-05-25 15:36:59.386805 +0000 build-archlinux43: output: :: There are 2 providers available for dbus-units:.
2024-05-25 15:36:59.386833 +0000 build-archlinux43: output: :: Repository core.
2024-05-25 15:36:59.386903 +0000 build-archlinux43: output:    1) dbus-broker-units  2) dbus-daemon-units.
2024-05-25 15:36:59.386921 +0000 build-archlinux43: output: .
2024-05-25 15:36:59.387035 +0000 build-archlinux43: output: Enter a number (default=1): .
2024-05-25 15:36:59.387138 +0000 build-archlinux43: output: warning: cannot resolve "qubes-vm-networking", a dependency of "qubes-vm-recommended".
2024-05-25 15:36:59.389934 +0000 build-archlinux43: output: :: There are 2 providers available for dbus-units:.
2024-05-25 15:36:59.390036 +0000 build-archlinux43: output: :: Repository core.
2024-05-25 15:36:59.390062 +0000 build-archlinux43: output:    1) dbus-broker-units  2) dbus-daemon-units.
2024-05-25 15:36:59.390155 +0000 build-archlinux43: output: .
2024-05-25 15:36:59.390180 +0000 build-archlinux43: output: Enter a number (default=1): .
2024-05-25 15:36:59.392219 +0000 build-archlinux43: output: warning: cannot resolve "qubes-db-vm", a dependency of "qubes-vm-core".
2024-05-25 15:36:59.394327 +0000 build-archlinux43: output: warning: cannot resolve "qubes-vm-core", a dependency of "qubes-usb-proxy".
2024-05-25 15:36:59.394425 +0000 build-archlinux43: output: warning: cannot resolve "qubes-usb-proxy", a dependency of "qubes-vm-recommended".
2024-05-25 15:36:59.394449 +0000 build-archlinux43: output: :: The following packages cannot be upgraded due to unresolvable dependencies:.
2024-05-25 15:36:59.394582 +0000 build-archlinux43: output:       qubes-vm-dependencies  qubes-vm-recommended.
2024-05-25 15:36:59.394701 +0000 build-archlinux43: output: .
2024-05-25 15:36:59.394725 +0000 build-archlinux43: output: :: Do you want to skip the above packages for this upgrade? [y/N] .
2024-05-25 15:36:59.394794 +0000 build-archlinux43: output: error: failed to prepare transaction (could not satisfy dependencies).
2024-05-25 15:36:59.394869 +0000 build-archlinux43: output: :: unable to satisfy dependency 'qubes-db-vm' required by qubes-vm-core.
2024-05-25 15:36:59.394901 +0000 build-archlinux43: output: :: unable to satisfy dependency 'qubes-vm-core' required by qubes-vm-dependencies.
2024-05-25 15:36:59.394962 +0000 build-archlinux43: output: :: unable to satisfy dependency 'qubes-db-vm' required by qubes-vm-core.
2024-05-25 15:36:59.395037 +0000 build-archlinux43: output: :: unable to satisfy dependency 'qubes-vm-core' required by qubes-vm-networking.
2024-05-25 15:36:59.395059 +0000 build-archlinux43: output: :: unable to satisfy dependency 'qubes-db-vm' required by qubes-vm-networking.
2024-05-25 15:36:59.395127 +0000 build-archlinux43: output: :: unable to satisfy dependency 'qubes-vm-networking' required by qubes-vm-recommended.
2024-05-25 15:36:59.395153 +0000 build-archlinux43: output: :: unable to satisfy dependency 'qubes-db-vm' required by qubes-vm-core.
2024-05-25 15:36:59.395215 +0000 build-archlinux43: output: :: unable to satisfy dependency 'qubes-vm-core' required by qubes-usb-proxy.
2024-05-25 15:36:59.395285 +0000 build-archlinux43: output: :: unable to satisfy dependency 'qubes-usb-proxy' required by qubes-vm-recommended.
2024-05-25 15:36:59.414277 +0000 build-archlinux43: output: .[?25h.[1m.[33m==> WARNING:.[0m.[1m Failed to install built package(s)..[0m.
2024-05-25 15:36:59.566178 +0000 build-archlinux43: output: .[?25lresolving dependencies....
2024-05-25 15:36:59.566389 +0000 build-archlinux43: output: looking for conflicting packages....
2024-05-25 15:36:59.568966 +0000 build-archlinux43: output: .
2024-05-25 15:36:59.569084 +0000 build-archlinux43: output: Packages (10) elfutils-0.191-3  expat-2.6.2-1  licenses-20240206-1.
2024-05-25 15:36:59.569115 +0000 build-archlinux43: output:               mpdecimal-4.0.0-2  pyalpm-0.10.9-2  python-3.12.3-1.
2024-05-25 15:36:59.569218 +0000 build-archlinux43: output:               python-boolean.py-4.0-3  python-license-expression-30.2.0-2.
2024-05-25 15:36:59.569351 +0000 build-archlinux43: output:               python-pyelftools-0.31-2  namcap-3.5.2-2.
2024-05-25 15:36:59.569468 +0000 build-archlinux43: output: .
2024-05-25 15:36:59.569490 +0000 build-archlinux43: output: Total Download Size:   14.14 MiB.
2024-05-25 15:36:59.569622 +0000 build-archlinux43: output: Total Installed Size:  80.54 MiB.
2024-05-25 15:36:59.569746 +0000 build-archlinux43: output: .
2024-05-25 15:36:59.569768 +0000 build-archlinux43: output: :: Proceed with installation? [Y/n] .
2024-05-25 15:36:59.569832 +0000 build-archlinux43: output: :: Retrieving packages....
2024-05-25 15:36:59.575025 +0000 build-archlinux43: output:  python-3.12.3-1-x86_64.
2024-05-25 15:36:59.575082 +0000 build-archlinux43: output:  Total ( 0/10)           0.0   B  0.00   B/s 00:00 [----------------------]   0%..
2024-05-25 15:36:59.575177 +0000 build-archlinux43: output: .[1F elfutils-0.191-3-x86_64.
2024-05-25 15:36:59.575206 +0000 build-archlinux43: output:  Total ( 0/10)           0.0   B  0.00   B/s 00:00 [----------------------]   0%..
2024-05-25 15:36:59.575315 +0000 build-archlinux43: output: .[1F python-pyelftools-0.31-2-any.
2024-05-25 15:36:59.575417 +0000 build-archlinux43: output:  Total ( 0/10)           0.0   B  0.00   B/s 00:00 [----------------------]   0%..
2024-05-25 15:36:59.575439 +0000 build-archlinux43: output: .[1F namcap-3.5.2-2-any.
2024-05-25 15:36:59.575458 +0000 build-archlinux43: output:  Total ( 0/10)           0.0   B  0.00   B/s 00:00 [----------------------]   0%..
2024-05-25 15:36:59.575529 +0000 build-archlinux43: output: .[1F python-license-expression-30.2.0-2-any.
2024-05-25 15:36:59.575552 +0000 build-archlinux43: output:  Total ( 0/10)           0.0   B  0.00   B/s 00:00 [----------------------]   0%..
2024-05-25 15:37:06.723469 +0000 build-archlinux43: output: .[3F namcap-3.5.2-2-any      7.7 KiB  2.00   B/s --:-- [#---------------------]   5%..[2E Total ( 0/10)           7.7 KiB  2.00   B/s --:-- [----------------------]   0%..[1F python-license-e...     7.7 KiB  2.00   B/s --:-- [#---------------------]   6%..[1F namcap-3.5.2-2-any     23.4 KiB  25.4 KiB/s 00:04 [###-------------------]  15%..[2E Total ( 0/10)          46.7 KiB  63.4 KiB/s 03:47 [----------------------]   0%..[1F python-license-e...    23.4 KiB  25.0 KiB/s 00:03 [####------------------]  20%..[1F namcap-3.5.2-2-any     39.0 KiB  37.1 KiB/s 00:02 [#####-----------------]  26%..[2E Total ( 0/10)          62.3 KiB  62.4 KiB/s 03:50 [----------------------]   0%..[1F python-license-e...    31.2 KiB  29.7 KiB/s 00:02 [#####-----------------]  26%..[1F namcap-3.5.2-2-any     54.6 KiB  48.3 KiB/s 00:01 [#######---------------]  36%..[2E Total ( 0/10)         101.4 KiB   101 KiB/s 02:22 [----------------------]   0%..[1F python-license-e...    54.6 KiB  48.6 KiB/s 00:01 [##########------------]  46%..[1F namcap-3.5.2-2-any     62.4 KiB  42.7 KiB/s 00:02 [#########-------------]  41%..[2E Total ( 0/10)         117.0 KiB  88.0 KiB/s 02:43 [----------------------]   0%..[1F python-license-e...    62.4 KiB  44.3 KiB/s 00:01 [###########-----------]  53%..[4F python-3.12.3-1-...     7.7 KiB  2.00   B/s --:-- [----------------------]   0%..[5E Total ( 0/10)         171.6 KiB   145 KiB/s 01:38 [----------------------]   1%..[2F namcap-3.5.2-2-any     85.9 KiB  65.5 KiB/s 00:00 [############----------]  57%..[1E python-license-e...    85.9 KiB  66.4 KiB/s 00:00 [################------]  73%..[2F python-pyelftool...     7.7 KiB  2.00   B/s --:-- [----------------------]   2%..[1F elfutils-0.191-3...     7.7 KiB  2.00   B/s --:-- [----------------------]   1%..[1F python-3.12.3-1-...     7.7 KiB  1.00   B/s --:-- [----------------------]   0%..[5E Total ( 0/10)         226.2 KiB   162 KiB/s 01:27 [----------------------]   1%..[4F elfutils-0.191-3...    23.4 KiB  25.8 KiB/s 00:21 [----------------------]   4%..[1E python-pyelftool...     7.7 KiB  1.00   B/s --:-- [----------------------]   2%..[1E namcap-3.5.2-2-any    101.5 KiB  62.5 KiB/s 00:00 [##############--------]  67%..[1E python-license-e...   101.5 KiB  68.8 KiB/s 00:00 [##################----]  86%..[4F python-3.12.3-1-...    39.0 KiB  44.7 KiB/s 04:46 [----------------------]   0%..[5E Total ( 0/10)         288.7 KiB   198 KiB/s 01:11 [----------------------]   1%..[4F elfutils-0.191-3...    39.0 KiB  39.5 KiB/s 00:13 [#---------------------]   6%..[1E python-pyelftool...     7.7 KiB  1.00   B/s --:-- [----------------------]   2%..[1E namcap-3.5.2-2-any    101.5 KiB  41.6 KiB/s 00:01 [##############--------]  67%..[1E python-license-e...   101.5 KiB  45.9 KiB/s 00:00 [##################----]  86%. python-3.12.3-1-...    39.0 KiB  44.7 KiB/s 04:46 [----------------------]   0%..[4F python-license-e...   116.7 KiB  29.1 KiB/s 00:04 [######################] 100%..[4E python-3.12.3-1-...    54.6 KiB  54.0 KiB/s 03:56 [----------------------]   0%..[1E Total ( 1/10)         397.7 KiB   301 KiB/s 00:46 [----------------------]   2%..[4F elfutils-0.191-3...    70.2 KiB  74.8 KiB/s 00:06 [##--------------------]  12%..[1E python-pyelftool...    39.0 KiB  48.5 KiB/s 00:06 [##--------------------]  11%..[1E namcap-3.5.2-2-any    117.1 KiB  52.0 KiB/s 00:00 [#################-----]  78%..[1E python-3.12.3-1-...    85.9 KiB  86.6 KiB/s 02:27 [----------------------]   0%..[1E Total ( 1/10)         491.4 KiB   352 KiB/s 00:39 [----------------------]   3%..[4F elfutils-0.191-3...   101.5 KiB   100 KiB/s 00:04 [###-------------------]  17%..[1E python-pyelftool...    46.8 KiB  44.9 KiB/s 00:06 [##--------------------]  13%..[1E namcap-3.5.2-2-any    149.5 KiB  86.8 KiB/s 00:00 [######################] 100%. elfutils-0.191-3...   101.5 KiB   100 KiB/s 00:04 [###-------------------]  17%..[2F namcap-3.5.2-2-any    149.5 KiB  33.9 KiB/s 00:04 [######################] 100%..[3E python-3.12.3-1-...    85.9 KiB  57.7 KiB/s 03:40 [----------------------]   0%..[1E Total ( 2/10)         516.0 KiB   269 KiB/s 00:51 [----------------------]   3%..[2F elfutils-0.191-3...   117.1 KiB  88.8 KiB/s 00:05 [####------------------]  20%..[1F python-pyelftool...    62.4 KiB  51.9 KiB/s 00:05 [###-------------------]  18%..[2E python-3.12.3-1-...   117.1 KiB  87.6 KiB/s 02:25 [----------------------]   0%..[1E Total ( 2/10)         656.6 KiB   401 KiB/s 00:34 [----------------------]   4%..[2F elfutils-0.191-3...   156.2 KiB   121 KiB/s 00:03 [#####-----------------]  26%..[1F python-pyelftool...   117.1 KiB   121 KiB/s 00:01 [#######---------------]  33%..[2E python-3.12.3-1-...   132.7 KiB  75.9 KiB/s 02:47 [----------------------]   1%..[1E Total ( 2/10)         680.1 KiB   293 KiB/s 00:47 [----------------------]   4%..[2F elfutils-0.191-3...   187.4 KiB   115 KiB/s 00:03 [#######---------------]  32%..[1F python-pyelftool...   132.7 KiB  97.9 KiB/s 00:02 [########--------------]  38%..[1E elfutils-0.191-3...   273.4 KiB  91.3 KiB/s 00:03 [##########------------]  46%..[2E Total ( 2/10)         805.1 KiB   216 KiB/s 01:03 [#---------------------]   5%..[3F python-pyelftool...   218.7 KiB  79.6 KiB/s 00:01 [#############---------]  63%..[3E expat-2.6.2-1-x86_64.
2024-05-25 15:37:06.723721 +0000 build-archlinux43: output:  Total ( 2/10)         805.1 KiB   216 KiB/s 01:03 [#---------------------]   5%..
2024-05-25 15:37:07.968221 +0000 build-archlinux43: output: .[3F python-3.12.3-1-...   218.7 KiB  64.9 KiB/s 03:14 [----------------------]   1%..[2F python-pyelftool...   345.2 KiB  48.3 KiB/s 00:07 [######################] 100%..[2E python-3.12.3-1-...   398.4 KiB   333 KiB/s 00:37 [----------------------]   3%..[2E Total ( 3/10)        1517.6 KiB  1259 KiB/s 00:10 [##--------------------]  10%..[3F elfutils-0.191-3...   515.5 KiB   440 KiB/s 00:00 [###################---]  88%..[1E python-3.12.3-1-...   398.4 KiB   222 KiB/s 00:56 [----------------------]   3%..[2E Total ( 3/10)        1525.4 KiB   844 KiB/s 00:15 [##--------------------]  10%..[3F elfutils-0.191-3...   523.4 KiB   298 KiB/s 00:00 [###################---]  89%..[1E python-3.12.3-1-...   429.6 KiB   193 KiB/s 01:04 [----------------------]   3%..[2E Total ( 3/10)        1603.5 KiB   676 KiB/s 00:19 [##--------------------]  11%..[3F elfutils-0.191-3...   562.4 KiB   255 KiB/s 00:00 [#####################-]  96%. elfutils-0.191-3...   583.7 KiB  70.3 KiB/s 00:08 [######################] 100%..[1E python-3.12.3-1-...   499.9 KiB   232 KiB/s 00:53 [----------------------]   3%..[2E Total ( 4/10)        1695.2 KiB   586 KiB/s 00:21 [##--------------------]  11%. licenses-20240206-1-any.
2024-05-25 15:37:07.968338 +0000 build-archlinux43: output:  Total ( 4/10)        1695.2 KiB   586 KiB/s 00:21 [##--------------------]  11%..
2024-05-25 15:37:08.592348 +0000 build-archlinux43: output: .[4F python-3.12.3-1-...   531.2 KiB   201 KiB/s 01:01 [----------------------]   4%..[3E Total ( 4/10)        1726.4 KiB   437 KiB/s 00:29 [##--------------------]  11%..[3F python-3.12.3-1-...   640.5 KiB   313 KiB/s 00:38 [----------------------]   4%..[3E Total ( 4/10)        1835.8 KiB   470 KiB/s 00:26 [##--------------------]  12%..[3F python-3.12.3-1-...   695.2 KiB   300 KiB/s 00:40 [#---------------------]   5%..[3E Total ( 4/10)        1890.5 KiB   404 KiB/s 00:31 [##--------------------]  13%..[2F expat-2.6.2-1-x86_64    7.7 KiB  2.00   B/s --:-- [#---------------------]   6%..[2E mpdecimal-4.0.0-2-x86_64.
2024-05-25 15:37:08.592483 +0000 build-archlinux43: output:  Total ( 4/10)        1890.5 KiB   404 KiB/s 00:31 [##--------------------]  13%..
2024-05-25 15:37:09.300895 +0000 build-archlinux43: output: .[5F python-3.12.3-1-...   773.4 KiB   316 KiB/s 00:38 [#---------------------]   6%..[4E Total ( 4/10)        1999.8 KiB   431 KiB/s 00:28 [##--------------------]  13%..[3F expat-2.6.2-1-x86_64   31.2 KiB  36.2 KiB/s 00:02 [#####-----------------]  26%..[1F python-3.12.3-1-...   828.0 KiB   291 KiB/s 00:41 [#---------------------]   6%..[4E Total ( 4/10)           2.1 MiB   484 KiB/s 00:25 [###-------------------]  14%..[3F expat-2.6.2-1-x86_64  109.3 KiB   140 KiB/s 00:00 [####################--]  93%. python-3.12.3-1-...   828.0 KiB   291 KiB/s 00:41 [#---------------------]   6%..[1F expat-2.6.2-1-x86_64  116.7 KiB  49.8 KiB/s 00:02 [######################] 100%..[1E python-3.12.3-1-...   874.9 KiB   252 KiB/s 00:47 [#---------------------]   6%..[3E Total ( 5/10)           2.1 MiB   390 KiB/s 00:31 [###-------------------]  15%. pyalpm-0.10.9-2-x86_64.
2024-05-25 15:37:09.301022 +0000 build-archlinux43: output:  Total ( 5/10)           2.1 MiB   390 KiB/s 00:31 [###-------------------]  15%..
2024-05-25 15:37:12.472076 +0000 build-archlinux43: output: .[5F python-3.12.3-1-...   976.5 KiB   314 KiB/s 00:37 [#---------------------]   7%..[4E Total ( 5/10)           2.2 MiB   405 KiB/s 00:30 [###-------------------]  15%..[3F licenses-2024020...     7.7 KiB  2.00   B/s --:-- [#---------------------]   7%..[1F python-3.12.3-1-...  1070.2 KiB   355 KiB/s 00:33 [#---------------------]   8%..[4E Total ( 5/10)           2.4 MiB   477 KiB/s 00:25 [###-------------------]  16%..[3F licenses-2024020...   105.6 KiB  11.5 KiB/s 00:00 [######################] 100%..[3E Total ( 5/10)           2.4 MiB   326 KiB/s 00:36 [###-------------------]  17%..[2F mpdecimal-4.0.0-...    85.9 KiB  25.0   B/s 09:16 [##################----]  86%..[1F python-3.12.3-1-...  1070.2 KiB   355 KiB/s 00:33 [#---------------------]   8%..[1F licenses-2024020...   105.6 KiB  23.4 KiB/s 00:05 [######################] 100%..[4E python-boolean.py-4.0-3-any.
2024-05-25 15:37:12.473885 +0000 build-archlinux43: output:  Total ( 6/10)           2.4 MiB   326 KiB/s 00:36 [###-------------------]  17%..
2024-05-25 15:38:56.677113 +0000 build-archlinux43: output: .[5F python-3.12.3-1-...  1156.2 KiB   247 KiB/s 00:47 [#---------------------]   9%..[1E python-3.12.3-1-...  1156.2 KiB   247 KiB/s 00:47 [#---------------------]   9%..[1F mpdecimal-4.0.0-...    99.8 KiB  25.7 KiB/s 00:04 [######################] 100%..[1E python-3.12.3-1-...     2.3 MiB  1666 KiB/s 00:06 [###-------------------]  18%..[3E Total ( 7/10)           3.8 MiB  1916 KiB/s 00:05 [#####-----------------]  26%..[3F python-3.12.3-1-...     2.4 MiB  1254 KiB/s 00:08 [###-------------------]  18%..[3E Total ( 7/10)           3.9 MiB  1421 KiB/s 00:07 [#####-----------------]  27%..[3F python-3.12.3-1-...     2.5 MiB   981 KiB/s 00:10 [####------------------]  19%..[3E Total ( 7/10)           4.0 MiB  1092 KiB/s 00:09 [######----------------]  28%..[2F pyalpm-0.10.9-2-...     7.7 KiB  2.00   B/s --:-- [##--------------------]  12%..[1F python-3.12.3-1-...     2.6 MiB   823 KiB/s 00:12 [####------------------]  20%..[3E Total ( 7/10)           4.1 MiB   993 KiB/s 00:10 [######----------------]  29%..[2F pyalpm-0.10.9-2-...    63.5 KiB  86.9 KiB/s 00:00 [######################] 100%. python-3.12.3-1-...     2.6 MiB   823 KiB/s 00:12 [####------------------]  20%..[1F pyalpm-0.10.9-2-...    63.5 KiB  15.4 KiB/s 00:04 [######################] 100%..[1E python-3.12.3-1-...     2.7 MiB   658 KiB/s 00:15 [####------------------]  21%..[2E Total ( 8/10)           4.2 MiB   774 KiB/s 00:13 [######----------------]  29%..[2F python-3.12.3-1-...     2.8 MiB   654 KiB/s 00:15 [####------------------]  22%..[2E Total ( 8/10)           4.3 MiB   731 KiB/s 00:13 [######----------------]  30%..[1F python-boolean.p...     7.7 KiB  2.00   B/s --:-- [##--------------------]  12%..[1F python-3.12.3-1-...     2.9 MiB   588 KiB/s 00:16 [#####-----------------]  23%..[2E Total ( 8/10)           4.5 MiB   687 KiB/s 00:14 [######----------------]  31%..[1F python-boolean.p...    39.0 KiB  41.0 KiB/s 00:00 [#############---------]  62%..[1F python-3.12.3-1-...     3.0 MiB   509 KiB/s 00:19 [#####-----------------]  23%..[2E Total ( 8/10)           4.5 MiB   600 KiB/s 00:16 [#######---------------]  32%..[1F python-3.12.3-1-...     3.0 MiB   509 KiB/s 00:19 [#####-----------------]  23%..[1F python-boolean.p...    62.5 KiB  34.1 KiB/s 00:02 [######################] 100%..[1E python-3.12.3-1-...     3.1 MiB   520 KiB/s 00:18 [#####-----------------]  24%..[1E Total ( 9/10)           4.7 MiB   608 KiB/s 00:15 [#######---------------]  33%..[1F python-3.12.3-1-...     3.2 MiB   532 KiB/s 00:17 [#####-----------------]  25%..[1E Total ( 9/10)           4.8 MiB   590 KiB/s 00:16 [#######---------------]  34%..[1F python-3.12.3-1-...     3.4 MiB   554 KiB/s 00:16 [#####-----------------]  27%..[1E Total ( 9/10)           5.0 MiB   593 KiB/s 00:15 [#######---------------]  35%..[1F python-3.12.3-1-...     3.5 MiB   483 KiB/s 00:19 [######----------------]  28%..[1E Total ( 9/10)           5.1 MiB   509 KiB/s 00:18 [#######---------------]  36%..[1F python-3.12.3-1-...     3.5 MiB   359 KiB/s 00:25 [######----------------]  28%..[1E Total ( 9/10)           5.1 MiB   377 KiB/s 00:24 [#######---------------]  36%..[1F python-3.12.3-1-...     3.5 MiB   255 KiB/s 00:36 [######----------------]  28%..[1E Total ( 9/10)           5.2 MiB   266 KiB/s 00:34 [#######---------------]  36%..[1F python-3.12.3-1-...     3.5 MiB   170 KiB/s 00:54 [######----------------]  28%..[1E Total ( 9/10)           5.2 MiB   178 KiB/s 00:51 [#######---------------]  36%..[1F python-3.12.3-1-...     3.5 MiB   113 KiB/s 01:21 [######----------------]  28%..[1E Total ( 9/10)           5.2 MiB   118 KiB/s 01:17 [#######---------------]  36%..[1F python-3.12.3-1-...     3.5 MiB  75.5 KiB/s 02:01 [######----------------]  28%..[1E Total ( 9/10)           5.2 MiB  78.9 KiB/s 01:56 [#######---------------]  36%..[1F python-3.12.3-1-...     3.5 MiB  50.3 KiB/s 03:02 [######----------------]  28%..[1E Total ( 9/10)           5.2 MiB  52.6 KiB/s 02:54 [#######---------------]  36%..[1F python-3.12.3-1-...     3.5 MiB  33.5 KiB/s 04:34 [######----------------]  28%..[1E Total ( 9/10)           5.2 MiB  35.1 KiB/s 04:22 [#######---------------]  36%..[1F python-3.12.3-1-...     3.5 MiB  22.4 KiB/s 06:51 [######----------------]  28%..[1E Total ( 9/10)           5.2 MiB  23.4 KiB/s 06:33 [#######---------------]  36%..[1F python-3.12.3-1-...     3.5 MiB  14.9 KiB/s 10:17 [######----------------]  28%..[1E Total ( 9/10)           5.2 MiB  15.6 KiB/s 09:50 [#######---------------]  36%..[1F python-3.12.3-1-...     3.5 MiB  9.94 KiB/s 15:25 [######----------------]  28%..[1E Total ( 9/10)           5.2 MiB  10.4 KiB/s 14:45 [#######---------------]  36%..[1F python-3.12.3-1-...     3.5 MiB  6.63 KiB/s 23:08 [######----------------]  28%..[1E Total ( 9/10)           5.2 MiB  6.93 KiB/s 22:08 [#######---------------]  36%..[1F python-3.12.3-1-...     3.5 MiB  4.42 KiB/s 34:42 [######----------------]  28%..[1E Total ( 9/10)           5.2 MiB  4.62 KiB/s 33:12 [#######---------------]  36%..[1F python-3.12.3-1-...     3.5 MiB  2.94 KiB/s 52:03 [######----------------]  28%..[1E Total ( 9/10)           5.2 MiB  3.08 KiB/s 49:48 [#######---------------]  36%..[1F python-3.12.3-1-...     3.5 MiB  2010   B/s 78:05 [######----------------]  28%..[1E Total ( 9/10)           5.2 MiB  2.05 KiB/s 74:43 [#######---------------]  36%..[1F python-3.12.3-1-...     3.5 MiB  1340   B/s --:-- [######----------------]  28%..[1E Total ( 9/10)           5.2 MiB  1401   B/s --:-- [#######---------------]  36%..[1F python-3.12.3-1-...     3.5 MiB   893   B/s --:-- [######----------------]  28%..[1E Total ( 9/10)           5.2 MiB   934   B/s --:-- [#######---------------]  36%..[1F python-3.12.3-1-...     3.5 MiB   595   B/s --:-- [######----------------]  28%..[1E Total ( 9/10)           5.2 MiB   622   B/s --:-- [#######---------------]  36%..[1F python-3.12.3-1-...     3.5 MiB   397   B/s --:-- [######----------------]  28%..[1E Total ( 9/10)           5.2 MiB   415   B/s --:-- [#######---------------]  36%..[1F python-3.12.3-1-...     3.5 MiB   264   B/s --:-- [######----------------]  28%..[1E Total ( 9/10)           5.2 MiB   276   B/s --:-- [#######---------------]  36%..[1F python-3.12.3-1-...     3.6 MiB  13.0 KiB/s 11:47 [######----------------]  28%..[1E Total ( 9/10)           5.2 MiB  13.0 KiB/s 11:46 [#######---------------]  36%..[1F python-3.12.3-1-...     3.6 MiB  8.67 KiB/s 17:40 [######----------------]  28%..[1E Total ( 9/10)           5.2 MiB  8.67 KiB/s 17:40 [#######---------------]  36%..[1F python-3.12.3-1-...     3.6 MiB  5.78 KiB/s 26:31 [######----------------]  28%..[1E Total ( 9/10)           5.2 MiB  5.78 KiB/s 26:30 [#######---------------]  36%..[1F python-3.12.3-1-...     3.6 MiB  3.85 KiB/s 39:46 [######----------------]  28%..[1E Total ( 9/10)           5.2 MiB  3.85 KiB/s 39:45 [#######---------------]  36%..[1F python-3.12.3-1-...     3.6 MiB  2.57 KiB/s 59:39 [######----------------]  28%..[1E Total ( 9/10)           5.2 MiB  2.57 KiB/s 59:37 [#######---------------]  36%..[1F python-3.12.3-1-...     3.6 MiB  1753   B/s 89:29 [######----------------]  28%..[1E Total ( 9/10)           5.2 MiB  1754   B/s 89:26 [#######---------------]  36%..[1F python-3.12.3-1-...     3.6 MiB  1168   B/s --:-- [######----------------]  28%..[1E Total ( 9/10)           5.2 MiB  1169   B/s --:-- [#######---------------]  36%..[1F python-3.12.3-1-...     3.6 MiB   779   B/s --:-- [######----------------]  28%..[1E Total ( 9/10)           5.2 MiB   779   B/s --:-- [#######---------------]  36%..[1F python-3.12.3-1-...     3.6 MiB   519   B/s --:-- [######----------------]  28%..[1E Total ( 9/10)           5.2 MiB   519   B/s --:-- [#######---------------]  36%..[1F python-3.12.3-1-...     3.6 MiB   346   B/s --:-- [######----------------]  28%..[1E Total ( 9/10)           5.2 MiB   346   B/s --:-- [#######---------------]  36%..[1F python-3.12.3-1-...     3.6 MiB   230   B/s --:-- [######----------------]  28%..[1E Total ( 9/10)           5.2 MiB   231   B/s --:-- [#######---------------]  36%..[1F python-3.12.3-1-...     3.6 MiB   153   B/s --:-- [######----------------]  28%..[1E Total ( 9/10)           5.2 MiB   154   B/s --:-- [#######---------------]  36%..[1F python-3.12.3-1-...     3.6 MiB   102   B/s --:-- [######----------------]  28%..[1E Total ( 9/10)           5.2 MiB   102   B/s --:-- [#######---------------]  36%..[1F python-3.12.3-1-...     3.6 MiB  68.0   B/s --:-- [######----------------]  28%..[1E Total ( 9/10)           5.2 MiB  68.0   B/s --:-- [#######---------------]  36%..[1F python-3.12.3-1-...     3.6 MiB  45.0   B/s --:-- [######----------------]  28%..[1E Total ( 9/10)           5.2 MiB  45.0   B/s --:-- [#######---------------]  36%..[1F python-3.12.3-1-...     3.6 MiB  4.53 KiB/s 33:48 [######----------------]  28%..[1E Total ( 9/10)           5.2 MiB  4.53 KiB/s 33:48 [#######---------------]  36%..[1F python-3.12.3-1-...     3.6 MiB  3.02 KiB/s 50:43 [######----------------]  28%..[1E Total ( 9/10)           5.2 MiB  3.02 KiB/s 50:43 [#######---------------]  36%..[1F python-3.12.3-1-...     3.6 MiB  2.01 KiB/s 76:04 [######----------------]  28%..[1E Total ( 9/10)           5.2 MiB  2.01 KiB/s 76:04 [#######---------------]  36%..[1F python-3.12.3-1-...     3.6 MiB  1373   B/s --:-- [######----------------]  28%..[1E Total ( 9/10)           5.2 MiB  1373   B/s --:-- [#######---------------]  36%..[1F python-3.12.3-1-...     3.6 MiB   915   B/s --:-- [######----------------]  28%..[1E Total ( 9/10)           5.2 MiB   915   B/s --:-- [#######---------------]  36%..[1F python-3.12.3-1-...     3.6 MiB   610   B/s --:-- [######----------------]  28%..[1E Total ( 9/10)           5.2 MiB   610   B/s --:-- [#######---------------]  36%..[1F python-3.12.3-1-...     3.6 MiB   407   B/s --:-- [######----------------]  28%..[1E Total ( 9/10)           5.2 MiB   407   B/s --:-- [#######---------------]  36%..[1F python-3.12.3-1-...     3.6 MiB   271   B/s --:-- [######----------------]  28%..[1E Total ( 9/10)           5.2 MiB   271   B/s --:-- [#######---------------]  36%..[1F python-3.12.3-1-...     3.6 MiB   180   B/s --:-- [######----------------]  28%..[1E Total ( 9/10)           5.2 MiB   180   B/s --:-- [#######---------------]  36%..[1F python-3.12.3-1-...     3.6 MiB   120   B/s --:-- [######----------------]  28%..[1E Total ( 9/10)           5.2 MiB   120   B/s --:-- [#######---------------]  36%..[1F python-3.12.3-1-...     3.6 MiB  80.0   B/s --:-- [######----------------]  28%..[1E Total ( 9/10)           5.2 MiB  80.0   B/s --:-- [#######---------------]  36%..[1F python-3.12.3-1-...     3.6 MiB  53.0   B/s --:-- [######----------------]  28%..[1E Total ( 9/10)           5.2 MiB  53.0   B/s --:-- [#######---------------]  36%..[1F python-3.12.3-1-...     3.6 MiB  35.0   B/s --:-- [######----------------]  28%..[1E Total ( 9/10)           5.2 MiB  35.0   B/s --:-- [#######---------------]  36%..[1F python-3.12.3-1-...     3.6 MiB  23.0   B/s --:-- [######----------------]  28%..[1E Total ( 9/10)           5.2 MiB  23.0   B/s --:-- [#######---------------]  36%..[1F python-3.12.3-1-...     3.6 MiB  10.6 KiB/s 14:25 [######----------------]  28%..[1E Total ( 9/10)           5.2 MiB  10.6 KiB/s 14:25 [#######---------------]  36%..[1F python-3.12.3-1-...     3.6 MiB  7.07 KiB/s 21:38 [######----------------]  28%..[1E Total ( 9/10)           5.2 MiB  7.07 KiB/s 21:38 [#######---------------]  36%..[1F python-3.12.3-1-...     3.6 MiB  4.71 KiB/s 32:27 [######----------------]  28%..[1E Total ( 9/10)           5.2 MiB  4.71 KiB/s 32:27 [#######---------------]  36%..[1F python-3.12.3-1-...     3.6 MiB  3.14 KiB/s 48:41 [######----------------]  28%..[1E Total ( 9/10)           5.2 MiB  3.14 KiB/s 48:41 [#######---------------]  36%..[1F python-3.12.3-1-...     3.6 MiB  2.09 KiB/s 73:02 [######----------------]  28%..[1E Total ( 9/10)           5.2 MiB  2.09 KiB/s 73:02 [#######---------------]  36%..[1F python-3.12.3-1-...     3.6 MiB  37.0 KiB/s 04:07 [######----------------]  28%..[1E Total ( 9/10)           5.2 MiB  37.0 KiB/s 04:07 [#######---------------]  36%..[1F python-3.12.3-1-...     3.6 MiB  37.1 KiB/s 04:05 [######----------------]  28%..[1E Total ( 9/10)           5.2 MiB  37.1 KiB/s 04:05 [#######---------------]  36%..[1F python-3.12.3-1-...     3.7 MiB  97.8 KiB/s 01:32 [######----------------]  29%..[1E Total ( 9/10)           5.3 MiB  97.8 KiB/s 01:32 [########--------------]  37%..[1F python-3.12.3-1-...     3.7 MiB   162 KiB/s 00:55 [######----------------]  29%..[1E Total ( 9/10)           5.3 MiB   162 KiB/s 00:55 [########--------------]  37%..[1F python-3.12.3-1-...     3.8 MiB   204 KiB/s 00:43 [######----------------]  30%..[1E Total ( 9/10)           5.4 MiB   204 KiB/s 00:43 [########--------------]  38%..[1F python-3.12.3-1-...     3.9 MiB   247 KiB/s 00:35 [######----------------]  30%..[1E Total ( 9/10)           5.5 MiB   247 KiB/s 00:35 [########--------------]  38%..[1F python-3.12.3-1-...     4.0 MiB   248 KiB/s 00:35 [######----------------]  31%..[1E Total ( 9/10)           5.6 MiB   248 KiB/s 00:35 [########--------------]  39%..[1F python-3.12.3-1-...     4.1 MiB   309 KiB/s 00:28 [#######---------------]  32%..[1E Total ( 9/10)           5.7 MiB   309 KiB/s 00:28 [########--------------]  40%..[1F python-3.12.3-1-...     4.1 MiB   263 KiB/s 00:32 [#######---------------]  32%..[1E Total ( 9/10)           5.7 MiB   263 KiB/s 00:32 [########--------------]  40%..[1F python-3.12.3-1-...     4.1 MiB   235 KiB/s 00:36 [#######---------------]  32%..[1E Total ( 9/10)           5.7 MiB   235 KiB/s 00:36 [########--------------]  40%..[1F python-3.12.3-1-...     4.2 MiB   307 KiB/s 00:27 [#######---------------]  33%..[1E Total ( 9/10)           5.8 MiB   307 KiB/s 00:27 [#########-------------]  41%..[1F python-3.12.3-1-...     4.3 MiB   302 KiB/s 00:27 [#######---------------]  34%..[1E Total ( 9/10)           5.9 MiB   302 KiB/s 00:27 [#########-------------]  41%..[1F python-3.12.3-1-...     4.4 MiB   355 KiB/s 00:23 [#######---------------]  35%..[1E Total ( 9/10)           6.0 MiB   355 KiB/s 00:23 [#########-------------]  42%..[1F python-3.12.3-1-...     4.5 MiB   364 KiB/s 00:22 [#######---------------]  35%..[1E Total ( 9/10)           6.1 MiB   364 KiB/s 00:22 [#########-------------]  43%..[1F python-3.12.3-1-...     4.6 MiB   365 KiB/s 00:22 [#######---------------]  36%..[1E Total ( 9/10)           6.2 MiB   365 KiB/s 00:22 [#########-------------]  43%..[1F python-3.12.3-1-...     4.7 MiB   364 KiB/s 00:22 [########--------------]  37%..[1E Total ( 9/10)           6.3 MiB   364 KiB/s 00:22 [#########-------------]  44%..[1F python-3.12.3-1-...     4.8 MiB   434 KiB/s 00:18 [########--------------]  38%..[1E Total ( 9/10)           6.4 MiB   434 KiB/s 00:18 [#########-------------]  45%..[1F python-3.12.3-1-...     4.9 MiB   404 KiB/s 00:19 [########--------------]  38%..[1E Total ( 9/10)           6.5 MiB   405 KiB/s 00:19 [#########-------------]  45%..[1F python-3.12.3-1-...     4.9 MiB   305 KiB/s 00:25 [########--------------]  39%..[1E Total ( 9/10)           6.5 MiB   305 KiB/s 00:25 [#########-------------]  45%..[1F python-3.12.3-1-...     5.0 MiB   425 KiB/s 00:18 [########--------------]  40%..[1E Total ( 9/10)           6.6 MiB   425 KiB/s 00:18 [##########------------]  46%..[1F python-3.12.3-1-...     5.1 MiB   324 KiB/s 00:23 [########--------------]  40%..[1E Total ( 9/10)           6.7 MiB   324 KiB/s 00:23 [##########------------]  47%..[1F python-3.12.3-1-...     5.1 MiB   279 KiB/s 00:27 [########--------------]  40%..[1E Total ( 9/10)           6.7 MiB   279 KiB/s 00:27 [##########------------]  47%..[1F python-3.12.3-1-...     5.2 MiB   303 KiB/s 00:24 [#########-------------]  41%..[1E Total ( 9/10)           6.8 MiB   302 KiB/s 00:24 [##########------------]  48%..[1F python-3.12.3-1-...     5.3 MiB   262 KiB/s 00:28 [#########-------------]  41%..[1E Total ( 9/10)           6.9 MiB   262 KiB/s 00:28 [##########------------]  48%..[1F python-3.12.3-1-...     5.3 MiB   187 KiB/s 00:39 [#########-------------]  42%..[1E Total ( 9/10)           6.9 MiB   187 KiB/s 00:39 [##########------------]  48%..[1F python-3.12.3-1-...     5.4 MiB   245 KiB/s 00:30 [#########-------------]  42%..[1E Total ( 9/10)           7.0 MiB   245 KiB/s 00:30 [##########------------]  49%..[1F python-3.12.3-1-...     5.4 MiB   298 KiB/s 00:24 [#########-------------]  43%..[1E Total ( 9/10)           7.0 MiB   298 KiB/s 00:24 [##########------------]  49%..[1F python-3.12.3-1-...     5.4 MiB   199 KiB/s 00:36 [#########-------------]  43%..[1E Total ( 9/10)           7.0 MiB   199 KiB/s 00:36 [##########------------]  49%..[1F python-3.12.3-1-...     5.4 MiB   133 KiB/s 00:54 [#########-------------]  43%..[1E Total ( 9/10)           7.0 MiB   133 KiB/s 00:54 [##########------------]  49%..[1F python-3.12.3-1-...     5.4 MiB  93.7 KiB/s 01:17 [#########-------------]  43%..[1E Total ( 9/10)           7.1 MiB  93.7 KiB/s 01:17 [##########------------]  49%..[1F python-3.12.3-1-...     5.5 MiB   145 KiB/s 00:49 [#########-------------]  43%..[1E Total ( 9/10)           7.1 MiB   145 KiB/s 00:49 [###########-----------]  50%..[1F python-3.12.3-1-...     5.6 MiB   271 KiB/s 00:25 [#########-------------]  45%..[1E Total ( 9/10)           7.3 MiB   271 KiB/s 00:25 [###########-----------]  51%..[1F python-3.12.3-1-...     5.8 MiB   373 KiB/s 00:18 [##########------------]  46%..[1E Total ( 9/10)           7.4 MiB   373 KiB/s 00:18 [###########-----------]  52%..[1F python-3.12.3-1-...     5.8 MiB   287 KiB/s 00:24 [##########------------]  46%..[1E Total ( 9/10)           7.4 MiB   287 KiB/s 00:24 [###########-----------]  52%..[1F python-3.12.3-1-...     5.9 MiB   379 KiB/s 00:17 [##########------------]  47%..[1E Total ( 9/10)           7.5 MiB   379 KiB/s 00:17 [###########-----------]  53%..[1F python-3.12.3-1-...     6.0 MiB   311 KiB/s 00:21 [##########------------]  47%..[1E Total ( 9/10)           7.6 MiB   311 KiB/s 00:21 [###########-----------]  53%..[1F python-3.12.3-1-...     6.0 MiB   267 KiB/s 00:25 [##########------------]  47%..[1E Total ( 9/10)           7.6 MiB   267 KiB/s 00:25 [###########-----------]  53%..[1F python-3.12.3-1-...     6.0 MiB   182 KiB/s 00:36 [##########------------]  47%..[1E Total ( 9/10)           7.6 MiB   182 KiB/s 00:36 [###########-----------]  53%..[1F python-3.12.3-1-...     6.0 MiB   145 KiB/s 00:45 [##########------------]  48%..[1E Total ( 9/10)           7.6 MiB   145 KiB/s 00:45 [###########-----------]  54%..[1F python-3.12.3-1-...     6.2 MiB   343 KiB/s 00:18 [##########------------]  49%..[1E Total ( 9/10)           7.8 MiB   343 KiB/s 00:18 [############----------]  55%..[1F python-3.12.3-1-...     6.3 MiB   354 KiB/s 00:18 [###########-----------]  50%..[1E Total ( 9/10)           7.9 MiB   354 KiB/s 00:18 [############----------]  55%..[1F python-3.12.3-1-...     6.4 MiB   373 KiB/s 00:16 [###########-----------]  50%..[1E Total ( 9/10)           8.0 MiB   373 KiB/s 00:16 [############----------]  56%..[1F python-3.12.3-1-...     6.5 MiB   458 KiB/s 00:13 [###########-----------]  52%..[1E Total ( 9/10)           8.1 MiB   458 KiB/s 00:13 [############----------]  57%..[1F python-3.12.3-1-...     6.6 MiB   374 KiB/s 00:16 [###########-----------]  52%..[1E Total ( 9/10)           8.2 MiB   374 KiB/s 00:16 [############----------]  57%..[1F python-3.12.3-1-...     6.7 MiB   364 KiB/s 00:16 [###########-----------]  53%..[1E Total ( 9/10)           8.3 MiB   364 KiB/s 00:16 [############----------]  58%..[1F python-3.12.3-1-...     6.8 MiB   387 KiB/s 00:15 [###########-----------]  54%..[1E Total ( 9/10)           8.4 MiB   387 KiB/s 00:15 [############----------]  59%..[1F python-3.12.3-1-...     6.9 MiB   461 KiB/s 00:12 [############----------]  55%..[1E Total ( 9/10)           8.5 MiB   460 KiB/s 00:12 [#############---------]  60%..[1F python-3.12.3-1-...     7.0 MiB   462 KiB/s 00:12 [############----------]  56%..[1E Total ( 9/10)           8.6 MiB   462 KiB/s 00:12 [#############---------]  60%..[1F python-3.12.3-1-...     7.1 MiB   435 KiB/s 00:12 [############----------]  56%..[1E Total ( 9/10)           8.7 MiB   435 KiB/s 00:12 [#############---------]  61%..[1F python-3.12.3-1-...     7.2 MiB   452 KiB/s 00:12 [############----------]  57%..[1E Total ( 9/10)           8.8 MiB   453 KiB/s 00:12 [#############---------]  62%..[1F python-3.12.3-1-...     7.2 MiB   337 KiB/s 00:16 [############----------]  57%..[1E Total ( 9/10)           8.8 MiB   337 KiB/s 00:16 [#############---------]  62%..[1F python-3.12.3-1-...     7.4 MiB   417 KiB/s 00:12 [############----------]  58%..[1E Total ( 9/10)           9.0 MiB   417 KiB/s 00:12 [#############---------]  63%..[1F python-3.12.3-1-...     7.5 MiB   452 KiB/s 00:11 [############----------]  59%..[1E Total ( 9/10)           9.1 MiB   452 KiB/s 00:11 [##############--------]  64%..[1F python-3.12.3-1-...     7.6 MiB   482 KiB/s 00:10 [#############---------]  60%..[1E Total ( 9/10)           9.2 MiB   482 KiB/s 00:10 [##############--------]  65%..[1F python-3.12.3-1-...     7.6 MiB   396 KiB/s 00:12 [#############---------]  60%..[1E Total ( 9/10)           9.2 MiB   396 KiB/s 00:12 [##############--------]  65%..[1F python-3.12.3-1-...     7.7 MiB   385 KiB/s 00:12 [#############---------]  61%..[1E Total ( 9/10)           9.3 MiB   384 KiB/s 00:12 [##############--------]  65%..[1F python-3.12.3-1-...     7.8 MiB   428 KiB/s 00:11 [#############---------]  62%..[1E Total ( 9/10)           9.4 MiB   428 KiB/s 00:11 [##############--------]  66%..[1F python-3.12.3-1-...     7.9 MiB   455 KiB/s 00:10 [#############---------]  63%..[1E Total ( 9/10)           9.5 MiB   455 KiB/s 00:10 [##############--------]  67%..[1F python-3.12.3-1-...     8.0 MiB   465 KiB/s 00:09 [##############--------]  64%..[1E Total ( 9/10)           9.6 MiB   465 KiB/s 00:09 [##############--------]  68%..[1F python-3.12.3-1-...     8.1 MiB   380 KiB/s 00:11 [##############--------]  64%..[1E Total ( 9/10)           9.7 MiB   381 KiB/s 00:11 [##############--------]  68%..[1F python-3.12.3-1-...     8.1 MiB   299 KiB/s 00:15 [##############--------]  64%..[1E Total ( 9/10)           9.7 MiB   300 KiB/s 00:15 [##############--------]  68%..[1F python-3.12.3-1-...     8.1 MiB   206 KiB/s 00:21 [##############--------]  64%..[1E Total ( 9/10)           9.7 MiB   206 KiB/s 00:21 [##############--------]  68%..[1F python-3.12.3-1-...     8.3 MiB   335 KiB/s 00:13 [##############--------]  65%..[1E Total ( 9/10)           9.9 MiB   335 KiB/s 00:13 [###############-------]  69%..[1F python-3.12.3-1-...     8.4 MiB   389 KiB/s 00:10 [##############--------]  66%..[1E Total ( 9/10)          10.0 MiB   389 KiB/s 00:10 [###############-------]  70%..[1F python-3.12.3-1-...     8.5 MiB   394 KiB/s 00:10 [##############--------]  67%..[1E Total ( 9/10)          10.1 MiB   393 KiB/s 00:10 [###############-------]  71%..[1F python-3.12.3-1-...     8.6 MiB   402 KiB/s 00:10 [##############--------]  68%..[1E Total ( 9/10)          10.2 MiB   402 KiB/s 00:10 [###############-------]  71%..[1F python-3.12.3-1-...     8.7 MiB   460 KiB/s 00:08 [###############-------]  69%..[1E Total ( 9/10)          10.3 MiB   460 KiB/s 00:08 [###############-------]  72%..[1F python-3.12.3-1-...     8.8 MiB   408 KiB/s 00:09 [###############-------]  70%..[1E Total ( 9/10)          10.4 MiB   409 KiB/s 00:09 [################------]  73%..[1F python-3.12.3-1-...     8.9 MiB   472 KiB/s 00:07 [###############-------]  70%..[1E Total ( 9/10)          10.5 MiB   472 KiB/s 00:07 [################------]  74%..[1F python-3.12.3-1-...     9.0 MiB   542 KiB/s 00:06 [###############-------]  72%..[1E Total ( 9/10)          10.6 MiB   543 KiB/s 00:06 [################------]  75%..[1F python-3.12.3-1-...     9.1 MiB   427 KiB/s 00:08 [###############-------]  72%..[1E Total ( 9/10)          10.7 MiB   427 KiB/s 00:08 [################------]  75%..[1F python-3.12.3-1-...     9.2 MiB   441 KiB/s 00:07 [################------]  73%..[1E Total ( 9/10)          10.8 MiB   441 KiB/s 00:07 [################------]  76%..[1F python-3.12.3-1-...     9.2 MiB   365 KiB/s 00:09 [################------]  73%..[1E Total ( 9/10)          10.8 MiB   365 KiB/s 00:09 [################------]  76%..[1F python-3.12.3-1-...     9.3 MiB   306 KiB/s 00:10 [################------]  74%..[1E Total ( 9/10)          10.9 MiB   306 KiB/s 00:10 [################------]  77%..[1F python-3.12.3-1-...     9.4 MiB   275 KiB/s 00:11 [################------]  74%..[1E Total ( 9/10)          11.0 MiB   275 KiB/s 00:11 [################------]  77%..[1F python-3.12.3-1-...     9.4 MiB   214 KiB/s 00:14 [################------]  75%..[1E Total ( 9/10)          11.0 MiB   214 KiB/s 00:14 [#################-----]  78%..[1F python-3.12.3-1-...     9.5 MiB   149 KiB/s 00:21 [################------]  75%..[1E Total ( 9/10)          11.1 MiB   149 KiB/s 00:21 [#################-----]  78%..[1F python-3.12.3-1-...     9.6 MiB   231 KiB/s 00:13 [################------]  76%..[1E Total ( 9/10)          11.2 MiB   231 KiB/s 00:13 [#################-----]  79%..[1F python-3.12.3-1-...     9.7 MiB   332 KiB/s 00:08 [################------]  77%..[1E Total ( 9/10)          11.3 MiB   332 KiB/s 00:08 [#################-----]  79%..[1F python-3.12.3-1-...     9.7 MiB   300 KiB/s 00:09 [################------]  77%..[1E Total ( 9/10)          11.3 MiB   300 KiB/s 00:09 [#################-----]  80%..[1F python-3.12.3-1-...     9.9 MiB   404 KiB/s 00:06 [#################-----]  78%..[1E Total ( 9/10)          11.5 MiB   403 KiB/s 00:06 [#################-----]  81%..[1F python-3.12.3-1-...    10.0 MiB   418 KiB/s 00:06 [#################-----]  79%..[1E Total ( 9/10)          11.6 MiB   417 KiB/s 00:06 [#################-----]  81%..[1F python-3.12.3-1-...    10.0 MiB   363 KiB/s 00:07 [#################-----]  80%..[1E Total ( 9/10)          11.6 MiB   363 KiB/s 00:07 [##################----]  82%..[1F python-3.12.3-1-...    10.2 MiB   448 KiB/s 00:05 [#################-----]  81%..[1E Total ( 9/10)          11.8 MiB   448 KiB/s 00:05 [##################----]  83%..[1F python-3.12.3-1-...    10.2 MiB   339 KiB/s 00:07 [#################-----]  81%..[1E Total ( 9/10)          11.8 MiB   339 KiB/s 00:07 [##################----]  83%..[1F python-3.12.3-1-...    10.3 MiB   476 KiB/s 00:04 [##################----]  82%..[1E Total ( 9/10)          12.0 MiB   475 KiB/s 00:04 [##################----]  84%..[1F python-3.12.3-1-...    10.4 MiB   432 KiB/s 00:05 [##################----]  83%..[1E Total ( 9/10)          12.0 MiB   432 KiB/s 00:05 [##################----]  85%..[1F python-3.12.3-1-...    10.5 MiB   404 KiB/s 00:05 [##################----]  83%..[1E Total ( 9/10)          12.1 MiB   404 KiB/s 00:05 [##################----]  85%..[1F python-3.12.3-1-...    10.6 MiB   354 KiB/s 00:05 [##################----]  84%..[1E Total ( 9/10)          12.2 MiB   354 KiB/s 00:05 [##################----]  86%..[1F python-3.12.3-1-...    10.7 MiB   434 KiB/s 00:04 [##################----]  85%..[1E Total ( 9/10)          12.3 MiB   434 KiB/s 00:04 [##################----]  86%..[1F python-3.12.3-1-...    10.8 MiB   466 KiB/s 00:03 [##################----]  86%..[1E Total ( 9/10)          12.4 MiB   466 KiB/s 00:03 [###################---]  87%..[1F python-3.12.3-1-...    10.9 MiB   460 KiB/s 00:03 [###################---]  87%..[1E Total ( 9/10)          12.5 MiB   460 KiB/s 00:03 [###################---]  88%..[1F python-3.12.3-1-...    11.0 MiB   401 KiB/s 00:03 [###################---]  87%..[1E Total ( 9/10)          12.6 MiB   401 KiB/s 00:03 [###################---]  88%..[1F python-3.12.3-1-...    11.1 MiB   512 KiB/s 00:02 [###################---]  88%..[1E Total ( 9/10)          12.7 MiB   512 KiB/s 00:02 [###################---]  90%..[1F python-3.12.3-1-...    11.3 MiB   554 KiB/s 00:02 [###################---]  89%..[1E Total ( 9/10)          12.9 MiB   554 KiB/s 00:02 [####################--]  91%..[1F python-3.12.3-1-...    11.3 MiB   467 KiB/s 00:02 [###################---]  90%..[1E Total ( 9/10)          12.9 MiB   467 KiB/s 00:02 [####################--]  91%..[1F python-3.12.3-1-...    11.4 MiB   351 KiB/s 00:03 [###################---]  90%..[1E Total ( 9/10)          13.0 MiB   351 KiB/s 00:03 [####################--]  91%..[1F python-3.12.3-1-...    11.4 MiB   331 KiB/s 00:03 [####################--]  91%..[1E Total ( 9/10)          13.0 MiB   331 KiB/s 00:03 [####################--]  92%..[1F python-3.12.3-1-...    11.4 MiB   220 KiB/s 00:05 [####################--]  91%..[1E Total ( 9/10)          13.0 MiB   220 KiB/s 00:05 [####################--]  92%..[1F python-3.12.3-1-...    11.5 MiB   294 KiB/s 00:03 [####################--]  91%..[1E Total ( 9/10)          13.1 MiB   294 KiB/s 00:03 [####################--]  92%..[1F python-3.12.3-1-...    11.6 MiB   379 KiB/s 00:02 [####################--]  92%..[1E Total ( 9/10)          13.2 MiB   379 KiB/s 00:02 [####################--]  93%..[1F python-3.12.3-1-...    11.7 MiB   352 KiB/s 00:02 [####################--]  93%..[1E Total ( 9/10)          13.3 MiB   352 KiB/s 00:02 [####################--]  94%..[1F python-3.12.3-1-...    11.8 MiB   376 KiB/s 00:01 [####################--]  94%..[1E Total ( 9/10)          13.4 MiB   376 KiB/s 00:01 [####################--]  95%..[1F python-3.12.3-1-...    12.0 MiB   450 KiB/s 00:01 [####################--]  95%..[1E Total ( 9/10)          13.6 MiB   450 KiB/s 00:01 [#####################-]  96%..[1F python-3.12.3-1-...    12.1 MiB   416 KiB/s 00:01 [#####################-]  96%..[1E Total ( 9/10)          13.7 MiB   416 KiB/s 00:01 [#####################-]  96%..[1F python-3.12.3-1-...    12.2 MiB   476 KiB/s 00:00 [#####################-]  97%..[1E Total ( 9/10)          13.8 MiB   476 KiB/s 00:00 [#####################-]  97%..[1F python-3.12.3-1-...    12.2 MiB   365 KiB/s 00:00 [#####################-]  97%..[1E Total ( 9/10)          13.8 MiB   365 KiB/s 00:00 [#####################-]  97%..[1F python-3.12.3-1-...    12.2 MiB   254 KiB/s 00:01 [#####################-]  97%..[1E Total ( 9/10)          13.8 MiB   254 KiB/s 00:01 [#####################-]  97%..[1F python-3.12.3-1-...    12.2 MiB   174 KiB/s 00:01 [#####################-]  97%..[1E Total ( 9/10)          13.8 MiB   174 KiB/s 00:01 [#####################-]  97%..[1F python-3.12.3-1-...    12.3 MiB   164 KiB/s 00:01 [#####################-]  98%..[1E Total ( 9/10)          13.9 MiB   164 KiB/s 00:01 [#####################-]  98%..[1F python-3.12.3-1-...    12.4 MiB   194 KiB/s 00:00 [#####################-]  98%..[1E Total ( 9/10)          14.0 MiB   194 KiB/s 00:00 [#####################-]  99%..[1F python-3.12.3-1-...    12.5 MiB   165 KiB/s 00:00 [#####################-]  99%..[1E Total ( 9/10)          14.1 MiB   165 KiB/s 00:00 [#####################-]  99%..[1F python-3.12.3-1-...    12.5 MiB   110 KiB/s 00:00 [#####################-]  99%..[1E Total ( 9/10)          14.1 MiB   110 KiB/s 00:00 [#####################-]  99%..[1F python-3.12.3-1-...    12.5 MiB  73.2 KiB/s 00:00 [#####################-]  99%..[1E Total ( 9/10)          14.1 MiB  73.2 KiB/s 00:00 [#####################-]  99%..[1F python-3.12.3-1-...    12.5 MiB  65.4 KiB/s 00:00 [#####################-]  99%..[1E Total ( 9/10)          14.1 MiB  65.4 KiB/s 00:00 [#####################-]  99%..[1F python-3.12.3-1-...    12.5 MiB  43.6 KiB/s 00:00 [#####################-]  99%..[1E Total ( 9/10)          14.1 MiB  43.6 KiB/s 00:00 [#####################-]  99%..[1F python-3.12.3-1-...    12.5 MiB  29.0 KiB/s 00:01 [#####################-]  99%..[1E Total ( 9/10)          14.1 MiB  29.0 KiB/s 00:01 [#####################-]  99%..[1F python-3.12.3-1-...    12.5 MiB  19.4 KiB/s 00:01 [#####################-]  99%..[1E Total ( 9/10)          14.1 MiB  19.4 KiB/s 00:01 [#####################-]  99%..[1F python-3.12.3-1-...    12.5 MiB  12.9 KiB/s 00:02 [#####################-]  99%..[1E Total ( 9/10)          14.1 MiB  12.9 KiB/s 00:02 [#####################-]  99%..[1F python-3.12.3-1-...    12.5 MiB  8.61 KiB/s 00:03 [#####################-]  99%..[1E Total ( 9/10)          14.1 MiB  8.61 KiB/s 00:03 [#####################-]  99%..[1F python-3.12.3-1-...    12.5 MiB  5.74 KiB/s 00:05 [#####################-]  99%..[1E Total ( 9/10)          14.1 MiB  5.74 KiB/s 00:05 [#####################-]  99%..[1F python-3.12.3-1-...    12.5 MiB  3.83 KiB/s 00:07 [#####################-]  99%..[1E Total ( 9/10)          14.1 MiB  3.83 KiB/s 00:07 [#####################-]  99%..[1F python-3.12.3-1-...    12.5 MiB  2.55 KiB/s 00:11 [#####################-]  99%..[1E Total ( 9/10)          14.1 MiB  2.55 KiB/s 00:11 [#####################-]  99%..[1F python-3.12.3-1-...    12.5 MiB  1740   B/s 00:17 [#####################-]  99%..[1E Total ( 9/10)          14.1 MiB  1740   B/s 00:17 [#####################-]  99%..[1F python-3.12.3-1-...    12.5 MiB  1160   B/s 00:25 [#####################-]  99%..[1E Total ( 9/10)          14.1 MiB  1160   B/s 00:25 [#####################-]  99%..[1F python-3.12.3-1-...    12.5 MiB   773   B/s 00:38 [#####################-]  99%..[1E Total ( 9/10)          14.1 MiB   773   B/s 00:38 [#####################-]  99%..[1F python-3.12.3-1-...    12.5 MiB   515   B/s 00:57 [#####################-]  99%..[1E Total ( 9/10)          14.1 MiB   515   B/s 00:57 [#####################-]  99%..[1F python-3.12.3-1-...    12.5 MiB   343   B/s 01:26 [#####################-]  99%..[1E Total ( 9/10)          14.1 MiB   343   B/s 01:26 [#####################-]  99%..[1F python-3.12.3-1-...    12.5 MiB   229   B/s 02:10 [#####################-]  99%..[1E Total ( 9/10)          14.1 MiB   229   B/s 02:10 [#####################-]  99%..[1F python-3.12.3-1-...    12.5 MiB   152   B/s 03:15 [#####################-]  99%..[1E Total ( 9/10)          14.1 MiB   152   B/s 03:15 [#####################-]  99%..[1F python-3.12.3-1-...    12.5 MiB   101   B/s 04:53 [#####################-]  99%..[1E Total ( 9/10)          14.1 MiB   101   B/s 04:53 [#####################-]  99%..[1F python-3.12.3-1-...    15.7 KiB  4.00   B/s 53:15 [###########-----------]  53%..[1E Total ( 9/10)          14.1 MiB   532   B/s 00:25 [#####################-]  99%..[1F python-3.12.3-1-...    29.2 KiB  18.7 KiB/s 00:02 [######################] 100%..[1E Total (10/10)          14.1 MiB   124 KiB/s 01:57 [######################] 100%..
2024-05-25 15:38:56.677394 +0000 build-archlinux43: output: error: failed retrieving file 'python-boolean.py-4.0-3-any.pkg.tar.zst.sig' from mirror.rackspace.com : Operation too slow. Less than 1 bytes/sec transferred the last 10 seconds.
2024-05-25 15:38:56.677464 +0000 build-archlinux43: output: error: failed retrieving file 'python-3.12.3-1-x86_64.pkg.tar.zst' from mirror.rackspace.com : Operation too slow. Less than 1 bytes/sec transferred the last 10 seconds.
2024-05-25 15:38:56.677505 +0000 build-archlinux43: output: error: failed retrieving file 'python-3.12.3-1-x86_64.pkg.tar.zst' from arch.mirror.constant.com : SSL connection timeout.
2024-05-25 15:38:56.677537 +0000 build-archlinux43: output: warning: failed to retrieve some files.
2024-05-25 15:38:56.677569 +0000 build-archlinux43: output: error: failed to commit transaction (unexpected error).
2024-05-25 15:38:56.677739 +0000 build-archlinux43: output: Errors occurred, no packages were upgraded..
2024-05-25 15:38:56.745479 +0000 build-archlinux43: output: .[?25hChecking PKGBUILD.
2024-05-25 15:38:56.751066 +0000 build-archlinux43: output: sudo: namcap: command not found.
2024-05-25 15:38:56.751781 +0000 build-archlinux43: output: Checking qubes-vm-dependencies-4.2.14-1-x86_64.pkg.tar.zst.
2024-05-25 15:38:56.763783 +0000 build-archlinux43: output: sudo: namcap: command not found.
2024-05-25 15:38:56.764527 +0000 build-archlinux43: output: Checking qubes-vm-recommended-4.2.14-1-x86_64.pkg.tar.zst.
2024-05-25 15:38:56.787747 +0000 build-archlinux43: output: sudo: namcap: command not found.
2024-05-25 15:38:56.789315 +0000 build-archlinux43: output: Checking qubes-vm-repo-4.2.14-1-x86_64.pkg.tar.zst.
2024-05-25 15:38:56.810183 +0000 build-archlinux43: output: sudo: namcap: command not found.
2024-05-25 15:38:57.043345 +0000 build-archlinux43: output: ==> Running checkpkg
2024-05-25 15:38:57.280579 +0000 build-archlinux43: output: error: target not found: qubes-vm-dependencies
2024-05-25 15:38:57.281748 +0000 build-archlinux43: output: error: target not found: qubes-vm-recommended
2024-05-25 15:38:57.285480 +0000 build-archlinux43: output: error: target not found: qubes-vm-repo
2024-05-25 15:38:57.318640 +0000 build-archlinux43: output: ==> WARNING: Skipped checkpkg due to missing repo packages
2024-05-25 15:38:57.322508 +0000 build-archlinux43: output: tput: unknown terminal "unknown"
2024-05-25 15:38:57.335318 +0000 build-archlinux43: copy-out (cmd): /usr/lib/qubes/qrexec-client-vm disp4330 qubesbuilder.FileCopyOut+-2Fbuilder-2Fmeta--packages-2Fqubes--vm--recommended--4.2.14--1--x86_64.pkg.tar.zst /usr/bin/qfile-unpacker 1000 /home/user/builder-r4.3/components/meta-packages/4.2.14-1/vm-archlinux/build/pkgs
2024-05-25 15:38:57.738899 +0000 build-archlinux43: copy-out (cmd): /usr/lib/qubes/qrexec-client-vm disp4330 qubesbuilder.FileCopyOut+-2Fbuilder-2Fmeta--packages-2Fqubes--vm--dependencies--4.2.14--1--x86_64.pkg.tar.zst /usr/bin/qfile-unpacker 1000 /home/user/builder-r4.3/components/meta-packages/4.2.14-1/vm-archlinux/build/pkgs
2024-05-25 15:38:57.885103 +0000 build-archlinux43: copy-out (cmd): /usr/lib/qubes/qrexec-client-vm disp4330 qubesbuilder.FileCopyOut+-2Fbuilder-2Fmeta--packages-2Fqubes--vm--repo--4.2.14--1--x86_64.pkg.tar.zst /usr/bin/qfile-unpacker 1000 /home/user/builder-r4.3/components/meta-packages/4.2.14-1/vm-archlinux/build/pkgs
2024-05-25 15:39:28.993475 +0000 build-archlinux43: meta-packages:vm-archlinux-rolling.x86_64:archlinux: Provisioning local repository '/home/user/builder-r4.3/repository/vm-archlinux'.
2024-05-25 15:39:29.008209 +0000 build-archlinux43: Executing 'bash -c qubes-gpg-client-wrapper --armor --export F3DFBD70558A3F45F01A7BA3AB187C9F85BDFCC0 > /tmp/tmpfc8ljz67/F3DFBD70558A3F45F01A7BA3AB187C9F85BDFCC0.asc&&gpg2 --homedir /home/user/builder-r4.3/components/meta-packages/4.2.14-1/vm-archlinux/sign/keyring --import /tmp/tmpfc8ljz67/F3DFBD70558A3F45F01A7BA3AB187C9F85BDFCC0.asc'.
2024-05-25 15:39:29.290760 +0000 build-archlinux43: output: gpg: keybox '/home/user/builder-r4.3/components/meta-packages/4.2.14-1/vm-archlinux/sign/keyring/pubring.kbx' created
2024-05-25 15:39:29.293837 +0000 build-archlinux43: output: gpg: /home/user/builder-r4.3/components/meta-packages/4.2.14-1/vm-archlinux/sign/keyring/trustdb.gpg: trustdb created
2024-05-25 15:39:29.293867 +0000 build-archlinux43: output: gpg: key AB187C9F85BDFCC0: public key "Qubes OS 4.3 Archlinux Packages Signing Key" imported
2024-05-25 15:39:29.302980 +0000 build-archlinux43: output: gpg: Total number processed: 1
2024-05-25 15:39:29.303023 +0000 build-archlinux43: output: gpg:               imported: 1
2024-05-25 15:39:29.335720 +0000 build-archlinux43: meta-packages:vm-archlinux-rolling.x86_64:archlinux: Signing 'qubes-vm-dependencies-4.2.14-1-x86_64.pkg.tar.zst'.
2024-05-25 15:39:29.335805 +0000 build-archlinux43: Executing 'bash -c qubes-gpg-client-wrapper --batch --no-tty --yes --detach-sign -u F3DFBD70558A3F45F01A7BA3AB187C9F85BDFCC0 /home/user/builder-r4.3/components/meta-packages/4.2.14-1/vm-archlinux/build/pkgs/qubes-vm-dependencies-4.2.14-1-x86_64.pkg.tar.zst > /home/user/builder-r4.3/components/meta-packages/4.2.14-1/vm-archlinux/build/pkgs/qubes-vm-dependencies-4.2.14-1-x86_64.pkg.tar.zst.sig'.
2024-05-25 15:39:29.685611 +0000 build-archlinux43: meta-packages:vm-archlinux-rolling.x86_64:archlinux: Signing 'qubes-vm-recommended-4.2.14-1-x86_64.pkg.tar.zst'.
2024-05-25 15:39:29.685696 +0000 build-archlinux43: Executing 'bash -c qubes-gpg-client-wrapper --batch --no-tty --yes --detach-sign -u F3DFBD70558A3F45F01A7BA3AB187C9F85BDFCC0 /home/user/builder-r4.3/components/meta-packages/4.2.14-1/vm-archlinux/build/pkgs/qubes-vm-recommended-4.2.14-1-x86_64.pkg.tar.zst > /home/user/builder-r4.3/components/meta-packages/4.2.14-1/vm-archlinux/build/pkgs/qubes-vm-recommended-4.2.14-1-x86_64.pkg.tar.zst.sig'.
2024-05-25 15:39:29.814273 +0000 build-archlinux43: meta-packages:vm-archlinux-rolling.x86_64:archlinux: Signing 'qubes-vm-repo-4.2.14-1-x86_64.pkg.tar.zst'.
2024-05-25 15:39:29.814466 +0000 build-archlinux43: Executing 'bash -c qubes-gpg-client-wrapper --batch --no-tty --yes --detach-sign -u F3DFBD70558A3F45F01A7BA3AB187C9F85BDFCC0 /home/user/builder-r4.3/components/meta-packages/4.2.14-1/vm-archlinux/build/pkgs/qubes-vm-repo-4.2.14-1-x86_64.pkg.tar.zst > /home/user/builder-r4.3/components/meta-packages/4.2.14-1/vm-archlinux/build/pkgs/qubes-vm-repo-4.2.14-1-x86_64.pkg.tar.zst.sig'.
2024-05-25 15:39:29.965166 +0000 build-archlinux43: meta-packages:vm-archlinux-rolling.x86_64:archlinux: Publishing packages.
2024-05-25 15:39:29.965216 +0000 build-archlinux43: meta-packages:vm-archlinux-rolling.x86_64:archlinux: Verifying signatures.
2024-05-25 15:39:29.965525 +0000 build-archlinux43: Executing 'bash -c gpg2 -q --homedir /home/user/builder-r4.3/components/meta-packages/4.2.14-1/vm-archlinux/sign/keyring --verify /home/user/builder-r4.3/components/meta-packages/4.2.14-1/vm-archlinux/build/pkgs/qubes-vm-dependencies-4.2.14-1-x86_64.pkg.tar.zst.sig /home/user/builder-r4.3/components/meta-packages/4.2.14-1/vm-archlinux/build/pkgs/qubes-vm-dependencies-4.2.14-1-x86_64.pkg.tar.zst&&gpg2 -q --homedir /home/user/builder-r4.3/components/meta-packages/4.2.14-1/vm-archlinux/sign/keyring --verify /home/user/builder-r4.3/components/meta-packages/4.2.14-1/vm-archlinux/build/pkgs/qubes-vm-recommended-4.2.14-1-x86_64.pkg.tar.zst.sig /home/user/builder-r4.3/components/meta-packages/4.2.14-1/vm-archlinux/build/pkgs/qubes-vm-recommended-4.2.14-1-x86_64.pkg.tar.zst&&gpg2 -q --homedir /home/user/builder-r4.3/components/meta-packages/4.2.14-1/vm-archlinux/sign/keyring --verify /home/user/builder-r4.3/components/meta-packages/4.2.14-1/vm-archlinux/build/pkgs/qubes-vm-repo-4.2.14-1-x86_64.pkg.tar.zst.sig /home/user/builder-r4.3/components/meta-packages/4.2.14-1/vm-archlinux/build/pkgs/qubes-vm-repo-4.2.14-1-x86_64.pkg.tar.zst'.
2024-05-25 15:39:29.970605 +0000 build-archlinux43: output: gpg: Signature made Sat May 25 11:39:29 2024 EDT
2024-05-25 15:39:29.970621 +0000 build-archlinux43: output: gpg:                using EDDSA key F3DFBD70558A3F45F01A7BA3AB187C9F85BDFCC0
2024-05-25 15:39:29.971490 +0000 build-archlinux43: output: gpg: Good signature from "Qubes OS 4.3 Archlinux Packages Signing Key" [unknown]
2024-05-25 15:39:29.971502 +0000 build-archlinux43: output: gpg: WARNING: This key is not certified with a trusted signature!
2024-05-25 15:39:29.971510 +0000 build-archlinux43: output: gpg:          There is no indication that the signature belongs to the owner.
2024-05-25 15:39:29.971516 +0000 build-archlinux43: output: Primary key fingerprint: F3DF BD70 558A 3F45 F01A  7BA3 AB18 7C9F 85BD FCC0
2024-05-25 15:39:29.976475 +0000 build-archlinux43: output: gpg: Signature made Sat May 25 11:39:29 2024 EDT
2024-05-25 15:39:29.976492 +0000 build-archlinux43: output: gpg:                using EDDSA key F3DFBD70558A3F45F01A7BA3AB187C9F85BDFCC0
2024-05-25 15:39:29.976501 +0000 build-archlinux43: output: gpg: Good signature from "Qubes OS 4.3 Archlinux Packages Signing Key" [unknown]
2024-05-25 15:39:29.976508 +0000 build-archlinux43: output: gpg: WARNING: This key is not certified with a trusted signature!
2024-05-25 15:39:29.976515 +0000 build-archlinux43: output: gpg:          There is no indication that the signature belongs to the owner.
2024-05-25 15:39:29.976521 +0000 build-archlinux43: output: Primary key fingerprint: F3DF BD70 558A 3F45 F01A  7BA3 AB18 7C9F 85BD FCC0
2024-05-25 15:39:29.978780 +0000 build-archlinux43: output: gpg: Signature made Sat May 25 11:39:29 2024 EDT
2024-05-25 15:39:29.978789 +0000 build-archlinux43: output: gpg:                using EDDSA key F3DFBD70558A3F45F01A7BA3AB187C9F85BDFCC0
2024-05-25 15:39:29.979918 +0000 build-archlinux43: output: gpg: Good signature from "Qubes OS 4.3 Archlinux Packages Signing Key" [unknown]
2024-05-25 15:39:29.979927 +0000 build-archlinux43: output: gpg: WARNING: This key is not certified with a trusted signature!
2024-05-25 15:39:29.979934 +0000 build-archlinux43: output: gpg:          There is no indication that the signature belongs to the owner.
2024-05-25 15:39:29.979941 +0000 build-archlinux43: output: Primary key fingerprint: F3DF BD70 558A 3F45 F01A  7BA3 AB18 7C9F 85BD FCC0
2024-05-25 15:39:29.999123 +0000 build-archlinux43: Executing 'bash -c repo-add /home/user/builder-r4.3/repository-publish/archlinux/r4.3/current-testing/vm/archlinux/pkgs/qubes-r4.3-current-testing.db.tar.gz /home/user/builder-r4.3/components/meta-packages/4.2.14-1/vm-archlinux/build/pkgs/qubes-vm-dependencies-4.2.14-1-x86_64.pkg.tar.zst&&repo-add /home/user/builder-r4.3/repository-publish/archlinux/r4.3/current-testing/vm/archlinux/pkgs/qubes-r4.3-current-testing.db.tar.gz /home/user/builder-r4.3/components/meta-packages/4.2.14-1/vm-archlinux/build/pkgs/qubes-vm-recommended-4.2.14-1-x86_64.pkg.tar.zst&&repo-add /home/user/builder-r4.3/repository-publish/archlinux/r4.3/current-testing/vm/archlinux/pkgs/qubes-r4.3-current-testing.db.tar.gz /home/user/builder-r4.3/components/meta-packages/4.2.14-1/vm-archlinux/build/pkgs/qubes-vm-repo-4.2.14-1-x86_64.pkg.tar.zst'.
2024-05-25 15:39:30.020716 +0000 build-archlinux43: output: ==> Extracting qubes-r4.3-current-testing.db.tar.gz to a temporary location...
2024-05-25 15:39:30.030017 +0000 build-archlinux43: output: ==> Extracting qubes-r4.3-current-testing.files.tar.gz to a temporary location...
2024-05-25 15:39:30.039910 +0000 build-archlinux43: output: ==> Adding package '/home/user/builder-r4.3/components/meta-packages/4.2.14-1/vm-archlinux/build/pkgs/qubes-vm-dependencies-4.2.14-1-x86_64.pkg.tar.zst'
2024-05-25 15:39:30.060974 +0000 build-archlinux43: output:   -> Adding package signature...
2024-05-25 15:39:30.066090 +0000 build-archlinux43: output:   -> Computing checksums...
2024-05-25 15:39:30.134098 +0000 build-archlinux43: output:   -> Removing existing entry 'qubes-vm-dependencies-4.2.13-1'...
2024-05-25 15:39:30.142524 +0000 build-archlinux43: output:   -> Creating 'desc' db entry...
2024-05-25 15:39:30.146358 +0000 build-archlinux43: output:   -> Creating 'files' db entry...
2024-05-25 15:39:30.152502 +0000 build-archlinux43: output: ==> Creating updated database file '/home/user/builder-r4.3/repository-publish/archlinux/r4.3/current-testing/vm/archlinux/pkgs/qubes-r4.3-current-testing.db.tar.gz'
2024-05-25 15:39:30.201492 +0000 build-archlinux43: output: ==> Extracting qubes-r4.3-current-testing.db.tar.gz to a temporary location...
2024-05-25 15:39:30.210494 +0000 build-archlinux43: output: ==> Extracting qubes-r4.3-current-testing.files.tar.gz to a temporary location...
2024-05-25 15:39:30.220034 +0000 build-archlinux43: output: ==> Adding package '/home/user/builder-r4.3/components/meta-packages/4.2.14-1/vm-archlinux/build/pkgs/qubes-vm-recommended-4.2.14-1-x86_64.pkg.tar.zst'
2024-05-25 15:39:30.239821 +0000 build-archlinux43: output:   -> Adding package signature...
2024-05-25 15:39:30.244853 +0000 build-archlinux43: output:   -> Computing checksums...
2024-05-25 15:39:30.250918 +0000 build-archlinux43: output:   -> Removing existing entry 'qubes-vm-recommended-4.2.13-1'...
2024-05-25 15:39:30.259580 +0000 build-archlinux43: output:   -> Creating 'desc' db entry...
2024-05-25 15:39:30.263070 +0000 build-archlinux43: output:   -> Creating 'files' db entry...
2024-05-25 15:39:30.269387 +0000 build-archlinux43: output: ==> Creating updated database file '/home/user/builder-r4.3/repository-publish/archlinux/r4.3/current-testing/vm/archlinux/pkgs/qubes-r4.3-current-testing.db.tar.gz'
2024-05-25 15:39:30.319176 +0000 build-archlinux43: output: ==> Extracting qubes-r4.3-current-testing.db.tar.gz to a temporary location...
2024-05-25 15:39:30.329790 +0000 build-archlinux43: output: ==> Extracting qubes-r4.3-current-testing.files.tar.gz to a temporary location...
2024-05-25 15:39:30.341167 +0000 build-archlinux43: output: ==> Adding package '/home/user/builder-r4.3/components/meta-packages/4.2.14-1/vm-archlinux/build/pkgs/qubes-vm-repo-4.2.14-1-x86_64.pkg.tar.zst'
2024-05-25 15:39:30.361798 +0000 build-archlinux43: output:   -> Adding package signature...
2024-05-25 15:39:30.367090 +0000 build-archlinux43: output:   -> Computing checksums...
2024-05-25 15:39:30.373984 +0000 build-archlinux43: output:   -> Removing existing entry 'qubes-vm-repo-4.2.13-1'...
2024-05-25 15:39:30.382559 +0000 build-archlinux43: output:   -> Creating 'desc' db entry...
2024-05-25 15:39:30.386914 +0000 build-archlinux43: output:   -> Creating 'files' db entry...
2024-05-25 15:39:30.391067 +0000 build-archlinux43: output: ==> Creating updated database file '/home/user/builder-r4.3/repository-publish/archlinux/r4.3/current-testing/vm/archlinux/pkgs/qubes-r4.3-current-testing.db.tar.gz'
2024-05-25 15:39:30.442522 +0000 build-archlinux43: meta-packages:vm-archlinux-rolling.x86_64:archlinux: Signing metadata.
2024-05-25 15:39:30.442628 +0000 build-archlinux43: Executing 'bash -c qubes-gpg-client-wrapper --batch --no-tty --yes --detach-sign --armor -u F3DFBD70558A3F45F01A7BA3AB187C9F85BDFCC0 /home/user/builder-r4.3/repository-publish/archlinux/r4.3/current-testing/vm/archlinux/pkgs/qubes-r4.3-current-testing.db.tar.gz > /home/user/builder-r4.3/repository-publish/archlinux/r4.3/current-testing/vm/archlinux/pkgs/qubes-r4.3-current-testing.db.tar.gz.sig'.
2024-05-25 15:39:30.573203 +0000 build-archlinux43: > done
2024-05-25 15:39:30.573251 +0000 > closing log
