2024-05-26 01:49:52.597616 +0000 > starting log
2024-05-26 01:49:52.597858 +0000 build-archlinux43: > starting build with log
2024-05-26 01:49:52.597876 +0000 build-archlinux43: >> args:
2024-05-26 01:49:52.597883 +0000 build-archlinux43: >>   ()
2024-05-26 01:49:52.597888 +0000 build-archlinux43: >> component:
2024-05-26 01:49:52.597894 +0000 build-archlinux43: >>   core-agent-linux
2024-05-26 01:49:52.597900 +0000 build-archlinux43: >>     commit-hash: aa6b2b87a2340e657e356a1ef6c103dc432e2299
2024-05-26 01:49:52.597907 +0000 build-archlinux43: >>     source-hash: fa04bb8aedd3c1ce16a3c0533d760cd05c377b064be93a0983abc0febe86735f21f88257c4f10fcda39f7ac9983c5e82476d66bb7bb1345b81c7c221d553b439
2024-05-26 01:49:52.597912 +0000 build-archlinux43: >> distributions:
2024-05-26 01:49:52.597917 +0000 build-archlinux43: >>   [<QubesDistribution vm-archlinux-rolling.x86_64>]
2024-05-26 01:49:52.597924 +0000 build-archlinux43: core-agent-linux:vm-archlinux-rolling.x86_64: Source hash is the same than already prepared source. Skipping.
2024-05-26 01:49:52.597931 +0000 build-archlinux43: core-agent-linux:vm-archlinux-rolling.x86_64: Cleaning local repository '/home/user/builder-r4.3/repository/vm-archlinux' (all versions).
2024-05-26 01:49:52.597937 +0000 build-archlinux43: core-agent-linux:vm-archlinux-rolling.x86_64: Chroot cache does not exists. Will create it.
2024-05-26 01:50:02.693527 +0000 build-archlinux43: copy-in (cmd): /usr/lib/qubes/qrexec-client-vm -- disp5960 qubesbuilder.FileCopyIn+-2Fbuilder-2Fcore--agent--linux /usr/lib/qubes/qfile-agent /home/user/builder-r4.3/sources/core-agent-linux
2024-05-26 01:50:03.523995 +0000 build-archlinux43: copy-in (cmd): /usr/lib/qubes/qrexec-client-vm -- disp5960 qubesbuilder.FileCopyIn+-2Fbuilder-2Fcore--agent--linux-2FPKGBUILD /usr/lib/qubes/qfile-agent /home/user/builder-r4.3/components/core-agent-linux/4.3.0-1/vm-archlinux/prep/PKGBUILD
2024-05-26 01:50:03.755029 +0000 build-archlinux43: copy-in (cmd): /usr/lib/qubes/qrexec-client-vm -- disp5960 qubesbuilder.FileCopyIn+-2Fbuilder-2Fcore--agent--linux-2Fqubes--vm--core--4.3.0--1.tar.gz /usr/lib/qubes/qfile-agent /home/user/builder-r4.3/components/core-agent-linux/4.3.0-1/vm-archlinux/prep/qubes-vm-core-4.3.0-1.tar.gz
2024-05-26 01:50:03.976736 +0000 build-archlinux43: copy-in (cmd): /usr/lib/qubes/qrexec-client-vm -- disp5960 qubesbuilder.FileCopyIn+-2Fbuilder-2Fdistfiles-2Fcore--agent--linux /usr/lib/qubes/qfile-agent /home/user/builder-r4.3/distfiles/core-agent-linux
2024-05-26 01:50:04.252622 +0000 build-archlinux43: copy-in (cmd): /usr/lib/qubes/qrexec-client-vm -- disp5960 qubesbuilder.FileCopyIn+-2Fbuilder-2Fplugins-2Fbuild /usr/lib/qubes/qfile-agent /home/user/qubes-builderv2/qubesbuilder/plugins/build
2024-05-26 01:50:04.572205 +0000 build-archlinux43: copy-in (cmd): /usr/lib/qubes/qrexec-client-vm -- disp5960 qubesbuilder.FileCopyIn+-2Fbuilder-2Fplugins-2Fchroot_archlinux /usr/lib/qubes/qfile-agent /home/user/qubes-builderv2/qubesbuilder/plugins/chroot_archlinux
2024-05-26 01:50:04.742173 +0000 build-archlinux43: copy-in (cmd): /usr/lib/qubes/qrexec-client-vm -- disp5960 qubesbuilder.FileCopyIn+-2Fbuilder-2Fplugins-2Fbuild_archlinux /usr/lib/qubes/qfile-agent /home/user/qubes-builderv2/qubesbuilder/plugins/build_archlinux
2024-05-26 01:50:04.872536 +0000 build-archlinux43: copy-in (cmd): /usr/lib/qubes/qrexec-client-vm -- disp5960 qubesbuilder.FileCopyIn+-2Fbuilder-2Frepository-2Fvm--archlinux /usr/lib/qubes/qfile-agent /home/user/builder-r4.3/repository/vm-archlinux
2024-05-26 01:50:05.096324 +0000 build-archlinux43: Executing '/usr/bin/qvm-run-vm -- disp5960 env -- VERBOSE=1 DEBUG=1 BACKEND_VMM=xen DIST=archlinux PACKAGE_SET=vm bash -c 'sudo cp /builder/plugins/chroot_archlinux/conf/makepkg-x86_64.conf /usr/local/share/devtools/makepkg.conf.d/qubes-x86_64.conf && sudo /builder/plugins/chroot_archlinux/scripts/generate-pacman /builder/plugins/chroot_archlinux/conf/pacman.conf.j2 /usr/local/share/devtools/pacman.conf.d/qubes-x86_64.conf && sudo rm -rf /etc/pacman.d/gnupg/private-keys-v1.d && sudo pacman-key --init && sudo pacman-key --populate && sudo mkdir -p /builder/cache/qubes-x86_64 && sudo mkarchroot -C /usr/local/share/devtools/pacman.conf.d/qubes-x86_64.conf -M /builder/plugins/chroot_archlinux/conf/makepkg-x86_64.conf /builder/cache/qubes-x86_64/root base-devel && sudo /builder/plugins/chroot_archlinux/scripts/generate-pacman /builder/plugins/chroot_archlinux/conf/pacman.conf.j2 /usr/local/share/devtools/pacman.conf.d/qubes-x86_64.conf --enable-builder-local && sudo /builder/plugins/build_archlinux/scripts/update-local-repo.sh /builder/cache/qubes-x86_64/root /builder/repository && cd /builder/core-agent-linux && sudo qubes-x86_64-build -r /builder/cache --  -d /builder/repository:/builder/repository --  --syncdeps --noconfirm --skipinteg''.
2024-05-26 01:50:05.483361 +0000 build-archlinux43: output: ==> Generating pacman master key. This may take some time.
2024-05-26 01:50:05.487087 +0000 build-archlinux43: output: gpg: Generating pacman keyring master key...
2024-05-26 01:50:08.216806 +0000 build-archlinux43: output: gpg: revocation certificate stored as '/etc/pacman.d/gnupg/openpgp-revocs.d/48A59858E3EE4B12C0D779925DC573CFA2CC0D8A.rev'
2024-05-26 01:50:08.216871 +0000 build-archlinux43: output: gpg: Done
2024-05-26 01:50:08.217565 +0000 build-archlinux43: output: ==> Updating trust database...
2024-05-26 01:50:08.324996 +0000 build-archlinux43: output: gpg: Note: third-party key signatures using the SHA1 algorithm are rejected
2024-05-26 01:50:08.325063 +0000 build-archlinux43: output: gpg: (use option "--allow-weak-key-signatures" to override)
2024-05-26 01:50:09.544674 +0000 build-archlinux43: output: gpg: marginals needed: 3  completes needed: 1  trust model: pgp
2024-05-26 01:50:09.586510 +0000 build-archlinux43: output: gpg: depth: 0  valid:   2  signed:   5  trust: 0-, 0q, 0n, 0m, 0f, 2u
2024-05-26 01:50:09.616767 +0000 build-archlinux43: output: gpg: depth: 1  valid:   5  signed:  98  trust: 0-, 0q, 0n, 5m, 0f, 0u
2024-05-26 01:50:09.643812 +0000 build-archlinux43: output: gpg: depth: 2  valid:  74  signed:  22  trust: 74-, 0q, 0n, 0m, 0f, 0u
2024-05-26 01:50:09.643884 +0000 build-archlinux43: output: gpg: next trustdb check due at 2024-06-29
2024-05-26 01:50:09.698319 +0000 build-archlinux43: output: ==> Appending keys from archlinux.gpg...
2024-05-26 01:50:13.381857 +0000 build-archlinux43: output: ==> Locally signing trusted keys in keyring...
2024-05-26 01:50:18.350006 +0000 build-archlinux43: output:   -> Locally signed 5 keys.
2024-05-26 01:50:18.351268 +0000 build-archlinux43: output: ==> Importing owner trust values...
2024-05-26 01:50:18.354873 +0000 build-archlinux43: output: ==> Updating trust database...
2024-05-26 01:50:18.416882 +0000 build-archlinux43: output: gpg: Note: third-party key signatures using the SHA1 algorithm are rejected
2024-05-26 01:50:18.416943 +0000 build-archlinux43: output: gpg: (use option "--allow-weak-key-signatures" to override)
2024-05-26 01:50:19.155587 +0000 build-archlinux43: output: gpg: marginals needed: 3  completes needed: 1  trust model: pgp
2024-05-26 01:50:19.176315 +0000 build-archlinux43: output: gpg: depth: 0  valid:   2  signed:   5  trust: 0-, 0q, 0n, 0m, 0f, 2u
2024-05-26 01:50:19.193250 +0000 build-archlinux43: output: gpg: depth: 1  valid:   5  signed:  99  trust: 0-, 0q, 0n, 5m, 0f, 0u
2024-05-26 01:50:19.219454 +0000 build-archlinux43: output: gpg: depth: 2  valid:  75  signed:  22  trust: 75-, 0q, 0n, 0m, 0f, 0u
2024-05-26 01:50:19.219738 +0000 build-archlinux43: output: gpg: next trustdb check due at 2024-06-29
2024-05-26 01:50:19.297234 +0000 build-archlinux43: output: ==> Creating install root at /builder/cache/qubes-x86_64/root
2024-05-26 01:50:19.322368 +0000 build-archlinux43: output: ==> Installing packages to /builder/cache/qubes-x86_64/root
2024-05-26 01:50:19.332042 +0000 build-archlinux43: output: :: Synchronizing package databases...
2024-05-26 01:51:01.589670 +0000 build-archlinux43: output:  core downloading...
2024-05-26 01:51:01.589803 +0000 build-archlinux43: output:  community downloading...
2024-05-26 01:51:01.589850 +0000 build-archlinux43: output:  extra downloading...
2024-05-26 01:51:01.589890 +0000 build-archlinux43: output:  multilib downloading...
2024-05-26 01:51:01.600199 +0000 build-archlinux43: output: resolving dependencies...
2024-05-26 01:51:01.770772 +0000 build-archlinux43: output: looking for conflicting packages...
2024-05-26 01:51:01.773645 +0000 build-archlinux43: output: 
2024-05-26 01:51:01.774146 +0000 build-archlinux43: output: Packages (115) acl-2.3.2-1  archlinux-keyring-20240520-1  attr-2.5.2-1  audit-4.0.1-3  autoconf-2.72-1  automake-1.16.5-2  bash-5.2.026-2  binutils-2.42+r91+g6224493e457-1  bison-3.8.2-6  brotli-1.1.0-2  bzip2-1.0.8-6  ca-certificates-20220905-1  ca-certificates-mozilla-3.100-1  ca-certificates-utils-20220905-1  coreutils-9.5-1  curl-8.8.0-1  db5.3-5.3.28-5  debugedit-5.0-6  diffutils-3.10-1  e2fsprogs-1.47.1-2  fakeroot-1.34-1  file-5.45-1  filesystem-2024.04.07-1  findutils-4.9.0-3  flex-2.6.4-5  gawk-5.3.0-1  gc-8.2.6-1  gcc-14.1.1+r58+gfc9fb69ad62-1  gcc-libs-14.1.1+r58+gfc9fb69ad62-1  gdbm-1.23-2  gettext-0.22.5-1  glib2-2.80.2-2  glibc-2.39+r52+gf8e4623421-1  gmp-6.3.0-2  gnupg-2.4.5-1  gnutls-3.8.5-1  gpgme-1.23.2-4  grep-3.11-1  groff-1.23.0-5  guile-3.0.9-1  gzip-1.13-2  iana-etc-20240412-1  icu-75.1-1  jansson-2.14-4  json-c-0.17-1  keyutils-1.6.3-2  krb5-1.21.2-2  libarchive-3.7.4-1  libassuan-2.5.7-2  libcap-2.70-1  libcap-ng-0.8.5-2  libelf-0.191-3  libevent-2.1.12-4  libffi-3.4.6-1  libgcrypt-1.10.3-1  libgpg-error-1.49-1  libidn2-2.3.7-1  libisl-0.26-2  libksba-1.6.6-1  libldap-2.6.7-2  libmpc-1.3.1-1  libnghttp2-1.62.1-1  libnghttp3-1.3.0-1  libnsl-2.0.1-1  libp11-kit-0.25.3-1  libpsl-0.21.5-2  libsasl-2.1.28-4  libseccomp-2.5.5-3  libsecret-0.21.4-1  libssh2-1.11.0-1  libsysprof-capture-46.0-3  libtasn1-4.19.0-1  libtirpc-1.3.4-1  libtool-2.5.0+1+g38c166c8-1  libunistring-1.2-1  libusb-1.0.27-1  libverto-0.3.2-5  libxcrypt-4.4.36-1  libxml2-2.12.7-1  linux-api-headers-6.8-1  lz4-1:1.9.4-3  m4-1.4.19-3  make-4.4.1-2  mpfr-4.2.1-3  ncurses-6.5-2  nettle-3.9.1-1  npth-1.7-1  openssl-3.3.0-1  p11-kit-0.25.3-1  pacman-6.1.0-3  pacman-mirrorlist-20231001-1  pam-1.6.1-2  pambase-20230918-1  patch-2.7.6-10  pcre2-10.43-4  perl-5.38.2-1  pinentry-1.3.0-1  pkgconf-2.1.1-1  readline-8.2.010-1  sed-4.9-3  shadow-4.15.1-2  sqlite-3.46.0-1  sudo-1.9.15.p5-1  systemd-libs-255.6-2  tar-1.35-2  texinfo-7.1-2  tpm2-tss-4.0.1-1  tzdata-2024a-2  util-linux-2.40.1-1  util-linux-libs-2.40.1-1  which-2.21-6  xz-5.6.1-3  zlib-1:1.3.1-2  zstd-1.5.6-1  base-devel-1-1
2024-05-26 01:51:01.774278 +0000 build-archlinux43: output: 
2024-05-26 01:51:01.774351 +0000 build-archlinux43: output: Total Download Size:   211.82 MiB
2024-05-26 01:51:01.774373 +0000 build-archlinux43: output: Total Installed Size:  882.72 MiB
2024-05-26 01:51:01.774388 +0000 build-archlinux43: output: 
2024-05-26 01:51:01.774404 +0000 build-archlinux43: output: :: Proceed with installation? [Y/n]
2024-05-26 01:51:01.774426 +0000 build-archlinux43: output: :: Retrieving packages...
2024-05-26 02:04:21.221381 +0000 build-archlinux43: output: error: failed retrieving file 'util-linux-2.40.1-1-x86_64.pkg.tar.zst' from mirror.rackspace.com : transfer closed with 77296 bytes remaining to read
2024-05-26 02:04:21.221515 +0000 build-archlinux43: output: error: failed retrieving file 'util-linux-2.40.1-1-x86_64.pkg.tar.zst' from arch.mirror.constant.com : Resolving timed out after 10000 milliseconds
2024-05-26 02:04:21.221585 +0000 build-archlinux43: output: error: failed retrieving file 'glib2-2.80.2-2-x86_64.pkg.tar.zst' from mirror.rackspace.com : transfer closed with 259372 bytes remaining to read
2024-05-26 02:04:21.221666 +0000 build-archlinux43: output: error: failed retrieving file 'gcc-14.1.1+r58+gfc9fb69ad62-1-x86_64.pkg.tar.zst' from mirror.rackspace.com : transfer closed with 24798064 bytes remaining to read
2024-05-26 02:04:21.221708 +0000 build-archlinux43: output: warning: too many errors from mirror.rackspace.com, skipping for the remainder of this transaction
2024-05-26 02:04:21.221765 +0000 build-archlinux43: output: error: failed retrieving file 'pcre2-10.43-4-x86_64.pkg.tar.zst.sig' from arch.mirror.constant.com : Operation too slow. Less than 1 bytes/sec transferred the last 10 seconds
2024-05-26 02:04:21.221911 +0000 build-archlinux43: output: error: failed retrieving file 'krb5-1.21.2-2-x86_64.pkg.tar.zst' from arch.mirror.constant.com : Operation too slow. Less than 1 bytes/sec transferred the last 10 seconds
2024-05-26 02:04:21.221956 +0000 build-archlinux43: output: warning: too many errors from arch.mirror.constant.com, skipping for the remainder of this transaction
2024-05-26 02:04:21.221987 +0000 build-archlinux43: output: warning: failed to retrieve some files
2024-05-26 02:04:21.222018 +0000 build-archlinux43: output: error: failed to commit transaction (unexpected error)
2024-05-26 02:04:21.222048 +0000 build-archlinux43: output:  gcc-14.1.1+r58+gfc9fb69ad62-1-x86_64 downloading...
2024-05-26 02:04:21.222078 +0000 build-archlinux43: output:  gcc-libs-14.1.1+r58+gfc9fb69ad62-1-x86_64 downloading...
2024-05-26 02:04:21.222178 +0000 build-archlinux43: output:  perl-5.38.2-1-x86_64 downloading...
2024-05-26 02:04:21.222208 +0000 build-archlinux43: output:  icu-75.1-1-x86_64 downloading...
2024-05-26 02:04:21.222382 +0000 build-archlinux43: output:  glibc-2.39+r52+gf8e4623421-1-x86_64 downloading...
2024-05-26 02:04:21.222421 +0000 build-archlinux43: output:  guile-3.0.9-1-x86_64 downloading...
2024-05-26 02:04:21.222451 +0000 build-archlinux43: output:  binutils-2.42+r91+g6224493e457-1-x86_64 downloading...
2024-05-26 02:04:21.222573 +0000 build-archlinux43: output:  glib2-2.80.2-2-x86_64 downloading...
2024-05-26 02:04:21.222850 +0000 build-archlinux43: output:  openssl-3.3.0-1-x86_64 downloading...
2024-05-26 02:04:21.223081 +0000 build-archlinux43: output:  util-linux-2.40.1-1-x86_64 downloading...
2024-05-26 02:04:21.223295 +0000 build-archlinux43: output:  gnutls-3.8.5-1-x86_64 downloading...
2024-05-26 02:04:21.223524 +0000 build-archlinux43: output:  coreutils-9.5-1-x86_64 downloading...
2024-05-26 02:04:21.223743 +0000 build-archlinux43: output:  gnupg-2.4.5-1-x86_64 downloading...
2024-05-26 02:04:21.224829 +0000 build-archlinux43: output:  groff-1.23.0-5-x86_64 downloading...
2024-05-26 02:04:21.224890 +0000 build-archlinux43: output:  gettext-0.22.5-1-x86_64 downloading...
2024-05-26 02:04:21.224923 +0000 build-archlinux43: output:  sudo-1.9.15.p5-1-x86_64 downloading...
2024-05-26 02:04:21.224951 +0000 build-archlinux43: output:  bash-5.2.026-2-x86_64 downloading...
2024-05-26 02:04:21.224978 +0000 build-archlinux43: output:  texinfo-7.1-2-x86_64 downloading...
2024-05-26 02:04:21.225005 +0000 build-archlinux43: output:  sqlite-3.46.0-1-x86_64 downloading...
2024-05-26 02:04:21.225032 +0000 build-archlinux43: output:  pcre2-10.43-4-x86_64 downloading...
2024-05-26 02:04:21.225058 +0000 build-archlinux43: output:  gawk-5.3.0-1-x86_64 downloading...
2024-05-26 02:04:21.225138 +0000 build-archlinux43: output:  krb5-1.21.2-2-x86_64 downloading...
2024-05-26 02:04:21.225178 +0000 build-archlinux43: output:  e2fsprogs-1.47.1-2-x86_64 downloading...
2024-05-26 02:04:21.282536 +0000 build-archlinux43: output: Errors occurred, no packages were upgraded.
2024-05-26 02:04:21.292195 +0000 build-archlinux43: output: ==> ERROR: Failed to install packages to new root
2024-05-26 02:04:21.299264 +0000 build-archlinux43: output: ==> ERROR: Failed to install all packages
2024-05-26 02:04:21.305179 +0000 build-archlinux43: output: tput: unknown terminal "unknown"
2024-05-26 02:04:28.850497 +0000 > closing log
