2024-05-17 23:17:43.631357 +0000 > starting log
2024-05-17 23:17:43.631556 +0000 build-archlinux43: > starting build with log
2024-05-17 23:17:43.631572 +0000 build-archlinux43: >> args:
2024-05-17 23:17:43.631579 +0000 build-archlinux43: >>   ()
2024-05-17 23:17:43.631584 +0000 build-archlinux43: >> component:
2024-05-17 23:17:43.631589 +0000 build-archlinux43: >>   core-agent-linux
2024-05-17 23:17:43.631595 +0000 build-archlinux43: >>     commit-hash: 9559f34d170c28b51cf2344d172e8c24d52d7ebf
2024-05-17 23:17:43.631603 +0000 build-archlinux43: >>     source-hash: 58135055282f43024b2f402bf1a97eea6f51c35bdd4df1352256e5f93aa16c31db0efe3953af50f1d841a5c13349d1eb9af6126f44df1caaa8226c2042946a21
2024-05-17 23:17:43.631607 +0000 build-archlinux43: >> distributions:
2024-05-17 23:17:43.631613 +0000 build-archlinux43: >>   [<QubesDistribution vm-archlinux-rolling.x86_64>]
2024-05-17 23:17:43.631619 +0000 build-archlinux43: core-agent-linux:vm-archlinux-rolling.x86_64: Source hash is the same than already prepared source. Skipping.
2024-05-17 23:17:43.631626 +0000 build-archlinux43: core-agent-linux:vm-archlinux-rolling.x86_64: Cleaning local repository '/home/user/builder-r4.3/repository/vm-archlinux' (all versions).
2024-05-17 23:17:43.631632 +0000 build-archlinux43: core-agent-linux:vm-archlinux-rolling.x86_64: Chroot cache does not exists. Will create it.
2024-05-17 23:17:53.779357 +0000 build-archlinux43: copy-in (cmd): /usr/lib/qubes/qrexec-client-vm -- disp6150 qubesbuilder.FileCopyIn+-2Fbuilder-2Fcore--agent--linux /usr/lib/qubes/qfile-agent /home/user/builder-r4.3/sources/core-agent-linux
2024-05-17 23:17:54.510799 +0000 build-archlinux43: copy-in (cmd): /usr/lib/qubes/qrexec-client-vm -- disp6150 qubesbuilder.FileCopyIn+-2Fbuilder-2Fcore--agent--linux-2FPKGBUILD /usr/lib/qubes/qfile-agent /home/user/builder-r4.3/components/core-agent-linux/4.2.33-1/vm-archlinux/prep/PKGBUILD
2024-05-17 23:17:54.768449 +0000 build-archlinux43: copy-in (cmd): /usr/lib/qubes/qrexec-client-vm -- disp6150 qubesbuilder.FileCopyIn+-2Fbuilder-2Fcore--agent--linux-2Fqubes--vm--core--4.2.33--1.tar.gz /usr/lib/qubes/qfile-agent /home/user/builder-r4.3/components/core-agent-linux/4.2.33-1/vm-archlinux/prep/qubes-vm-core-4.2.33-1.tar.gz
2024-05-17 23:17:55.008987 +0000 build-archlinux43: copy-in (cmd): /usr/lib/qubes/qrexec-client-vm -- disp6150 qubesbuilder.FileCopyIn+-2Fbuilder-2Fdistfiles-2Fcore--agent--linux /usr/lib/qubes/qfile-agent /home/user/builder-r4.3/distfiles/core-agent-linux
2024-05-17 23:17:55.295124 +0000 build-archlinux43: copy-in (cmd): /usr/lib/qubes/qrexec-client-vm -- disp6150 qubesbuilder.FileCopyIn+-2Fbuilder-2Fplugins-2Fbuild /usr/lib/qubes/qfile-agent /home/user/qubes-builderv2/qubesbuilder/plugins/build
2024-05-17 23:17:55.548135 +0000 build-archlinux43: copy-in (cmd): /usr/lib/qubes/qrexec-client-vm -- disp6150 qubesbuilder.FileCopyIn+-2Fbuilder-2Fplugins-2Fchroot_archlinux /usr/lib/qubes/qfile-agent /home/user/qubes-builderv2/qubesbuilder/plugins/chroot_archlinux
2024-05-17 23:17:55.751627 +0000 build-archlinux43: copy-in (cmd): /usr/lib/qubes/qrexec-client-vm -- disp6150 qubesbuilder.FileCopyIn+-2Fbuilder-2Fplugins-2Fbuild_archlinux /usr/lib/qubes/qfile-agent /home/user/qubes-builderv2/qubesbuilder/plugins/build_archlinux
2024-05-17 23:17:55.980626 +0000 build-archlinux43: copy-in (cmd): /usr/lib/qubes/qrexec-client-vm -- disp6150 qubesbuilder.FileCopyIn+-2Fbuilder-2Frepository-2Fvm--archlinux /usr/lib/qubes/qfile-agent /home/user/builder-r4.3/repository/vm-archlinux
2024-05-17 23:17:56.194108 +0000 build-archlinux43: Executing '/usr/bin/qvm-run-vm -- disp6150 env -- VERBOSE=1 DEBUG=1 BACKEND_VMM=xen DIST=archlinux PACKAGE_SET=vm bash -c 'sudo cp /builder/plugins/chroot_archlinux/conf/makepkg-x86_64.conf /usr/local/share/devtools/makepkg.conf.d/qubes-x86_64.conf && sudo /builder/plugins/chroot_archlinux/scripts/generate-pacman /builder/plugins/chroot_archlinux/conf/pacman.conf.j2 /usr/local/share/devtools/pacman.conf.d/qubes-x86_64.conf && sudo rm -rf /etc/pacman.d/gnupg/private-keys-v1.d && sudo pacman-key --init && sudo pacman-key --populate && sudo mkdir -p /builder/cache/qubes-x86_64 && sudo mkarchroot -C /usr/local/share/devtools/pacman.conf.d/qubes-x86_64.conf -M /builder/plugins/chroot_archlinux/conf/makepkg-x86_64.conf /builder/cache/qubes-x86_64/root base-devel && sudo /builder/plugins/chroot_archlinux/scripts/generate-pacman /builder/plugins/chroot_archlinux/conf/pacman.conf.j2 /usr/local/share/devtools/pacman.conf.d/qubes-x86_64.conf --enable-builder-local && sudo /builder/plugins/build_archlinux/scripts/update-local-repo.sh /builder/cache/qubes-x86_64/root /builder/repository && cd /builder/core-agent-linux && sudo qubes-x86_64-build -r /builder/cache --  -d /builder/repository:/builder/repository --  --syncdeps --noconfirm --skipinteg''.
2024-05-17 23:17:56.561696 +0000 build-archlinux43: output: ==> Generating pacman master key. This may take some time.
2024-05-17 23:17:56.563994 +0000 build-archlinux43: output: gpg: Generating pacman keyring master key...
2024-05-17 23:17:58.235144 +0000 build-archlinux43: output: gpg: revocation certificate stored as '/etc/pacman.d/gnupg/openpgp-revocs.d/387411E9513EE38367920A1294D7CBBC1ED3576A.rev'
2024-05-17 23:17:58.235192 +0000 build-archlinux43: output: gpg: Done
2024-05-17 23:17:58.237728 +0000 build-archlinux43: output: ==> Updating trust database...
2024-05-17 23:17:58.343275 +0000 build-archlinux43: output: gpg: Note: third-party key signatures using the SHA1 algorithm are rejected
2024-05-17 23:17:58.343977 +0000 build-archlinux43: output: gpg: (use option "--allow-weak-key-signatures" to override)
2024-05-17 23:17:59.426474 +0000 build-archlinux43: output: gpg: marginals needed: 3  completes needed: 1  trust model: pgp
2024-05-17 23:17:59.445593 +0000 build-archlinux43: output: gpg: depth: 0  valid:   2  signed:   5  trust: 0-, 0q, 0n, 0m, 0f, 2u
2024-05-17 23:17:59.463174 +0000 build-archlinux43: output: gpg: depth: 1  valid:   5  signed:  98  trust: 0-, 0q, 0n, 5m, 0f, 0u
2024-05-17 23:17:59.477449 +0000 build-archlinux43: output: gpg: depth: 2  valid:  74  signed:  22  trust: 74-, 0q, 0n, 0m, 0f, 0u
2024-05-17 23:17:59.477513 +0000 build-archlinux43: output: gpg: next trustdb check due at 2024-06-29
2024-05-17 23:17:59.516448 +0000 build-archlinux43: output: ==> Appending keys from archlinux.gpg...
2024-05-17 23:18:03.811150 +0000 build-archlinux43: output: ==> Locally signing trusted keys in keyring...
2024-05-17 23:18:08.342096 +0000 build-archlinux43: output:   -> Locally signed 5 keys.
2024-05-17 23:18:08.342575 +0000 build-archlinux43: output: ==> Importing owner trust values...
2024-05-17 23:18:08.345652 +0000 build-archlinux43: output: ==> Updating trust database...
2024-05-17 23:18:08.408819 +0000 build-archlinux43: output: gpg: Note: third-party key signatures using the SHA1 algorithm are rejected
2024-05-17 23:18:08.408846 +0000 build-archlinux43: output: gpg: (use option "--allow-weak-key-signatures" to override)
2024-05-17 23:18:09.336503 +0000 build-archlinux43: output: gpg: marginals needed: 3  completes needed: 1  trust model: pgp
2024-05-17 23:18:09.357186 +0000 build-archlinux43: output: gpg: depth: 0  valid:   2  signed:   5  trust: 0-, 0q, 0n, 0m, 0f, 2u
2024-05-17 23:18:09.374268 +0000 build-archlinux43: output: gpg: depth: 1  valid:   5  signed:  99  trust: 0-, 0q, 0n, 5m, 0f, 0u
2024-05-17 23:18:09.388736 +0000 build-archlinux43: output: gpg: depth: 2  valid:  75  signed:  22  trust: 75-, 0q, 0n, 0m, 0f, 0u
2024-05-17 23:18:09.388795 +0000 build-archlinux43: output: gpg: next trustdb check due at 2024-06-29
2024-05-17 23:18:09.457133 +0000 build-archlinux43: output: ==> Creating install root at /builder/cache/qubes-x86_64/root
2024-05-17 23:18:09.481349 +0000 build-archlinux43: output: ==> Installing packages to /builder/cache/qubes-x86_64/root
2024-05-17 23:18:09.490644 +0000 build-archlinux43: output: :: Synchronizing package databases...
2024-05-17 23:18:51.097059 +0000 build-archlinux43: output:  core downloading...
2024-05-17 23:18:51.097209 +0000 build-archlinux43: output:  community downloading...
2024-05-17 23:18:51.097256 +0000 build-archlinux43: output:  extra downloading...
2024-05-17 23:18:51.097294 +0000 build-archlinux43: output:  multilib downloading...
2024-05-17 23:18:51.097340 +0000 build-archlinux43: output: error: failed retrieving file 'core.db' from mirror.rackspace.com : Resolving timed out after 10000 milliseconds
2024-05-17 23:18:51.097389 +0000 build-archlinux43: output: error: failed retrieving file 'community.db' from mirror.rackspace.com : Resolving timed out after 10000 milliseconds
2024-05-17 23:18:51.097430 +0000 build-archlinux43: output: error: failed retrieving file 'extra.db' from mirror.rackspace.com : Connection time-out
2024-05-17 23:18:51.097574 +0000 build-archlinux43: output: warning: too many errors from mirror.rackspace.com, skipping for the remainder of this transaction
2024-05-17 23:18:51.097621 +0000 build-archlinux43: output: error: failed retrieving file 'multilib.db' from mirror.rackspace.com : Connection time-out
2024-05-17 23:18:51.109353 +0000 build-archlinux43: output: resolving dependencies...
2024-05-17 23:18:51.365158 +0000 build-archlinux43: output: looking for conflicting packages...
2024-05-17 23:18:51.368789 +0000 build-archlinux43: output: 
2024-05-17 23:18:51.369042 +0000 build-archlinux43: output: Packages (115) acl-2.3.2-1  archlinux-keyring-20240429-1  attr-2.5.2-1  audit-4.0.1-3  autoconf-2.72-1  automake-1.16.5-2  bash-5.2.026-2  binutils-2.42+r91+g6224493e457-1  bison-3.8.2-6  brotli-1.1.0-2  bzip2-1.0.8-6  ca-certificates-20220905-1  ca-certificates-mozilla-3.100-1  ca-certificates-utils-20220905-1  coreutils-9.5-1  curl-8.7.1-6  db5.3-5.3.28-5  debugedit-5.0-6  diffutils-3.10-1  e2fsprogs-1.47.0-2  fakeroot-1.34-1  file-5.45-1  filesystem-2024.04.07-1  findutils-4.9.0-3  flex-2.6.4-5  gawk-5.3.0-1  gc-8.2.6-1  gcc-14.1.1+r1+g43b730b9134-1  gcc-libs-14.1.1+r1+g43b730b9134-1  gdbm-1.23-2  gettext-0.22.5-1  glib2-2.80.2-2  glibc-2.39+r52+gf8e4623421-1  gmp-6.3.0-2  gnupg-2.4.5-1  gnutls-3.8.5-1  gpgme-1.23.2-4  grep-3.11-1  groff-1.23.0-5  guile-3.0.9-1  gzip-1.13-2  iana-etc-20240412-1  icu-74.2-2  jansson-2.14-4  json-c-0.17-1  keyutils-1.6.3-2  krb5-1.21.2-2  libarchive-3.7.4-1  libassuan-2.5.7-2  libcap-2.69-4  libcap-ng-0.8.5-2  libelf-0.191-3  libevent-2.1.12-4  libffi-3.4.6-1  libgcrypt-1.10.3-1  libgpg-error-1.49-1  libidn2-2.3.7-1  libisl-0.26-2  libksba-1.6.6-1  libldap-2.6.7-2  libmpc-1.3.1-1  libnghttp2-1.62.0-1  libnghttp3-1.3.0-1  libnsl-2.0.1-1  libp11-kit-0.25.3-1  libpsl-0.21.5-2  libsasl-2.1.28-4  libseccomp-2.5.5-3  libsecret-0.21.4-1  libssh2-1.11.0-1  libsysprof-capture-46.0-3  libtasn1-4.19.0-1  libtirpc-1.3.4-1  libtool-2.5.0+1+g38c166c8-1  libunistring-1.2-1  libusb-1.0.27-1  libverto-0.3.2-5  libxcrypt-4.4.36-1  libxml2-2.12.6-2  linux-api-headers-6.8-1  lz4-1:1.9.4-3  m4-1.4.19-3  make-4.4.1-2  mpfr-4.2.1-3  ncurses-6.4_20230520-3  nettle-3.9.1-1  npth-1.7-1  openssl-3.3.0-1  p11-kit-0.25.3-1  pacman-6.1.0-3  pacman-mirrorlist-20231001-1  pam-1.6.1-2  pambase-20230918-1  patch-2.7.6-10  pcre2-10.43-4  perl-5.38.2-1  pinentry-1.3.0-1  pkgconf-2.1.1-1  readline-8.2.010-1  sed-4.9-3  shadow-4.15.1-2  sqlite-3.45.3-1  sudo-1.9.15.p5-1  systemd-libs-255.6-1  tar-1.35-2  texinfo-7.1-2  tpm2-tss-4.0.1-1  tzdata-2024a-2  util-linux-2.40.1-1  util-linux-libs-2.40.1-1  which-2.21-6  xz-5.6.1-3  zlib-1:1.3.1-2  zstd-1.5.5-1  base-devel-1-1
2024-05-17 23:18:51.369073 +0000 build-archlinux43: output: 
2024-05-17 23:18:51.369094 +0000 build-archlinux43: output: Total Download Size:   212.12 MiB
2024-05-17 23:18:51.369135 +0000 build-archlinux43: output: Total Installed Size:  881.67 MiB
2024-05-17 23:18:51.369151 +0000 build-archlinux43: output: 
2024-05-17 23:18:51.369180 +0000 build-archlinux43: output: :: Proceed with installation? [Y/n]
2024-05-17 23:18:51.369196 +0000 build-archlinux43: output: :: Retrieving packages...
2024-05-17 23:25:53.871012 +0000 build-archlinux43: output: error: failed retrieving file 'glibc-2.39+r52+gf8e4623421-1-x86_64.pkg.tar.zst.sig' from arch.mirror.constant.com : Operation too slow. Less than 1 bytes/sec transferred the last 10 seconds
2024-05-17 23:25:53.871114 +0000 build-archlinux43: output: error: failed retrieving file 'perl-5.38.2-1-x86_64.pkg.tar.zst.sig' from arch.mirror.constant.com : Operation too slow. Less than 1 bytes/sec transferred the last 10 seconds
2024-05-17 23:25:53.871145 +0000 build-archlinux43: output: error: failed retrieving file 'icu-74.2-2-x86_64.pkg.tar.zst.sig' from arch.mirror.constant.com : Operation too slow. Less than 1 bytes/sec transferred the last 10 seconds
2024-05-17 23:25:53.871166 +0000 build-archlinux43: output: warning: too many errors from arch.mirror.constant.com, skipping for the remainder of this transaction
2024-05-17 23:25:53.871183 +0000 build-archlinux43: output: warning: failed to retrieve some files
2024-05-17 23:25:53.871200 +0000 build-archlinux43: output: error: failed to commit transaction (unexpected error)
2024-05-17 23:25:53.871232 +0000 build-archlinux43: output:  gcc-14.1.1+r1+g43b730b9134-1-x86_64 downloading...
2024-05-17 23:25:53.871249 +0000 build-archlinux43: output:  gcc-libs-14.1.1+r1+g43b730b9134-1-x86_64 downloading...
2024-05-17 23:25:53.871265 +0000 build-archlinux43: output:  perl-5.38.2-1-x86_64 downloading...
2024-05-17 23:25:53.871280 +0000 build-archlinux43: output:  icu-74.2-2-x86_64 downloading...
2024-05-17 23:25:53.871296 +0000 build-archlinux43: output:  glibc-2.39+r52+gf8e4623421-1-x86_64 downloading...
2024-05-17 23:25:53.928830 +0000 build-archlinux43: output: Errors occurred, no packages were upgraded.
2024-05-17 23:25:53.937860 +0000 build-archlinux43: output: ==> ERROR: Failed to install packages to new root
2024-05-17 23:25:53.942495 +0000 build-archlinux43: output: ==> ERROR: Failed to install all packages
2024-05-17 23:25:53.945476 +0000 build-archlinux43: output: tput: unknown terminal "unknown"
2024-05-17 23:25:58.283450 +0000 > closing log
