2022-01-25 12:30:01.140732 +0000 > starting log
2022-01-25 12:30:01.141096 +0000 build-archlinux: > starting build with log
2022-01-25 12:30:01.141112 +0000 build-archlinux: >> make args: DISTS_VM=archlinux DIST_DOM0= qubes
2022-01-25 12:30:01.141122 +0000 build-archlinux: >> MAKEFLAGS=
2022-01-25 12:30:01.141131 +0000 build-archlinux: >> COMPONENTS=vmm-xen
2022-01-25 12:30:01.141139 +0000 build-archlinux: >> DISTS_VM=
2022-01-25 12:30:01.141146 +0000 build-archlinux: >> DIST_DOM0=
2022-01-25 12:30:01.141157 +0000 build-archlinux: >> qubes-builder f87851d7819409b17466cbefe0d83a2ebc4a1882
2022-01-25 12:30:01.141168 +0000 build-archlinux: >> qubes-builder/qubes-src/vmm-xen 37ad7c02bfd5bb489da5cf451de5db8beadd32a0
2022-01-25 12:30:01.141178 +0000 build-archlinux: !! pkgs/vm-archlinux/archlinux.list
2022-01-25 12:30:01.141189 +0000 build-archlinux: !! pkgs/vm-archlinux/qubes-vm-xen-4.14.0-6-x86_64.pkg.tar.zst
2022-01-25 12:30:01.141199 +0000 build-archlinux: !! pkgs/vm-archlinux/qubes-vm-xen-4.14.0-6-x86_64.pkg.tar.zst.sig
2022-01-25 12:30:01.141210 +0000 build-archlinux: !! pkgs/vm-archlinux/qubes-vm-xen-4.14.0-7-x86_64.pkg.tar.zst
2022-01-25 12:30:01.141220 +0000 build-archlinux: !! pkgs/vm-archlinux/qubes-vm-xen-4.14.0-7-x86_64.pkg.tar.zst.sig
2022-01-25 12:30:01.141231 +0000 build-archlinux: !! pkgs/vm-archlinux/qubes-vm-xen-4.14.0-8-x86_64.pkg.tar.zst
2022-01-25 12:30:01.141242 +0000 build-archlinux: !! pkgs/vm-archlinux/qubes-vm-xen-4.14.0-8-x86_64.pkg.tar.zst.sig
2022-01-25 12:30:01.141252 +0000 build-archlinux: !! pkgs/vm-archlinux/qubes-vm-xen-4.14.1-1-x86_64.pkg.tar.zst
2022-01-25 12:30:01.141262 +0000 build-archlinux: !! pkgs/vm-archlinux/qubes-vm-xen-4.14.1-1-x86_64.pkg.tar.zst.sig
2022-01-25 12:30:01.141273 +0000 build-archlinux: !! pkgs/vm-archlinux/qubes-vm-xen-4.14.1-2-x86_64.pkg.tar.zst
2022-01-25 12:30:01.141283 +0000 build-archlinux: !! pkgs/vm-archlinux/qubes-vm-xen-4.14.1-2-x86_64.pkg.tar.zst.sig
2022-01-25 12:30:01.141294 +0000 build-archlinux: !! pkgs/vm-archlinux/qubes-vm-xen-4.14.1-3-x86_64.pkg.tar.zst
2022-01-25 12:30:01.141304 +0000 build-archlinux: !! pkgs/vm-archlinux/qubes-vm-xen-4.14.1-3-x86_64.pkg.tar.zst.sig
2022-01-25 12:30:01.141312 +0000 build-archlinux: !! xen-4.14.0.tar.gz
2022-01-25 12:30:01.141320 +0000 build-archlinux: !! xen-4.14.0.tar.gz.sig
2022-01-25 12:30:01.141328 +0000 build-archlinux: !! xen-4.14.1.tar.gz
2022-01-25 12:30:01.141336 +0000 build-archlinux: !! xen-4.14.1.tar.gz.sig
2022-01-25 12:30:01.141344 +0000 build-archlinux: !! xen-4.14.3.tar.gz
2022-01-25 12:30:01.141352 +0000 build-archlinux: !! xen-4.14.3.tar.gz.sig
2022-01-25 12:30:01.141369 +0000 build-archlinux: 6891ead01c562f0ba2ad566653ed73ee94199db7e26a60203ded3e1cd0b47a03333fa0a2620409250146221461759e167e4d1f281d48769a6dedec9c897e69f2  pkgs/vm-archlinux/archlinux.list
2022-01-25 12:30:01.141388 +0000 build-archlinux: b9a79fcc55f3dc9995b0d8145f0c05b7343168ded30e6c786bcb6730a322912d123133f6eb8be4ff9c60bc36d8095e0cea22070074567a8b3ac1cc75f3c7adab  pkgs/vm-archlinux/qubes-vm-xen-4.14.0-6-x86_64.pkg.tar.zst
2022-01-25 12:30:01.141408 +0000 build-archlinux: bce7fd533d07c7258706ff836ce129123a5b872890155c3463df2a320f10a68474ce296097fb02b5ef9e2270efb4598ac0eed6678a3a56e3a3546ef5d70abf04  pkgs/vm-archlinux/qubes-vm-xen-4.14.0-6-x86_64.pkg.tar.zst.sig
2022-01-25 12:30:01.141427 +0000 build-archlinux: 2eea06332da0840a82640e07b47d9e6fe4fda415232a0c63dab80c27562b0d974ce92fd92ddf1379e552b54539a11c32753b6e706b280ff6328af5f1202d156e  pkgs/vm-archlinux/qubes-vm-xen-4.14.0-7-x86_64.pkg.tar.zst
2022-01-25 12:30:01.141447 +0000 build-archlinux: 49e6fd2d18b1b9a06bcde46f7cd49daa58975edd4a310744b5593e6371e684efdcc75c005cf7db3a19946ab6e2542a8fd012fa4f26d338e37cec2eeba5b7111f  pkgs/vm-archlinux/qubes-vm-xen-4.14.0-7-x86_64.pkg.tar.zst.sig
2022-01-25 12:30:01.141466 +0000 build-archlinux: aa763659c0374ec28c5202ddfdd61c981393685be155c4cf7fde6b6a2da0eae3e9a4aa97db76c97f8250ba7d6725cc046e0c5424381ebe29d7a94f094258681b  pkgs/vm-archlinux/qubes-vm-xen-4.14.0-8-x86_64.pkg.tar.zst
2022-01-25 12:30:01.141485 +0000 build-archlinux: 80611d3f48eb83baa16763abeb6704d16286ff0dde2ad21ec361ece5c06fd83db79a6c32ae6a10e67c87f8c75e5db282557df75b40d231af05c52ed1146db7b3  pkgs/vm-archlinux/qubes-vm-xen-4.14.0-8-x86_64.pkg.tar.zst.sig
2022-01-25 12:30:01.141510 +0000 build-archlinux: c099c724688f200aeebde02604feccd9f271779a6f52b3e462e3abc60d9521055fa27b5bd1e2df046396c7d50e5df6642913a969bf9258691252610806529864  pkgs/vm-archlinux/qubes-vm-xen-4.14.1-1-x86_64.pkg.tar.zst
2022-01-25 12:30:01.141531 +0000 build-archlinux: 11737cc05c0345f2dadbb7cb2c0689a90c069fbba32f9991364ae27775e78a66d31f44523795e6c15aeb623327a2e64a151f64046b9afd091d365118ad3d6c8b  pkgs/vm-archlinux/qubes-vm-xen-4.14.1-1-x86_64.pkg.tar.zst.sig
2022-01-25 12:30:01.141550 +0000 build-archlinux: ad8daad107996b27946c3791eabb65c627b49795955bca2dddfe39fe1857b3722523d1d7a528b0df1d0ddc6127bfed49176a3179f867144e34f1ba615caed518  pkgs/vm-archlinux/qubes-vm-xen-4.14.1-2-x86_64.pkg.tar.zst
2022-01-25 12:30:01.141569 +0000 build-archlinux: 83cdc1521da15ce24e4793c9aa0a4d52c44ef943b233812eea7f19ba808c9c38f755d908a00b073c8de4c87fdb7820e5e02ad471eaea1a4c2b2f94a7da8875f3  pkgs/vm-archlinux/qubes-vm-xen-4.14.1-2-x86_64.pkg.tar.zst.sig
2022-01-25 12:30:01.141589 +0000 build-archlinux: 02e92cfb87c3b9be559cc161b70cf789b66ddc4010a71c93d2035029054d803b2f2a27673076cf94f144c4bb16977147d1f37fa953a2df50143ee765fe52eb30  pkgs/vm-archlinux/qubes-vm-xen-4.14.1-3-x86_64.pkg.tar.zst
2022-01-25 12:30:01.141608 +0000 build-archlinux: 8ca9a60ec82439249e778a88dbe95c08fe6c9726c65ab860089ab0d3427994f2518e55e6ee95b5912d16355f4b63bbd1f24da802d39d6d4e6997dec704de86bf  pkgs/vm-archlinux/qubes-vm-xen-4.14.1-3-x86_64.pkg.tar.zst.sig
2022-01-25 12:30:01.141624 +0000 build-archlinux: ebce47a2f754955d8517123d69f62006634d97620fbbe3784869a0667466e586a249f57ffaf7846d5bcb45d69377cde43354c82c233fbb5407e55653b9a33ac0  xen-4.14.0.tar.gz
2022-01-25 12:30:01.141641 +0000 build-archlinux: f25dfe8583c40b09b8a3fae605b96a415a8a996c42d97ca01338e2fac80aaef106e58a0e1a279034a1e4eeed85e10f511bc6c9ac7159fd9b4584026aad15c015  xen-4.14.0.tar.gz.sig
2022-01-25 12:30:01.147403 +0000 build-archlinux: c75cbec82793435f5a7026626ffdb2e9a2166b42d2be4b2f1194240e0312458124f0ebd53eeb02ce7330c22afe402a28a96b32f8af66e41e9416fe94535724c9  xen-4.14.1.tar.gz
2022-01-25 12:30:01.147453 +0000 build-archlinux: 56d26d82ab9c96051ac8052b9d0dea12bec1e3141fe4fcc9b4968247daa0822929af5ae42fb43e9cd67defb89d6b83a97564d86250c401c4cc044ec963bb8397  xen-4.14.1.tar.gz.sig
2022-01-25 12:30:01.217300 +0000 build-archlinux: b462fcc1549f6e57f7f2a4fd10ce1e957a25a6a7c0319672b62699468f6c4330b9cd0cf2b0231b5cce94f4bb142a957eb8aa58aa0ffb5c85b37211d6b34ccf16  xen-4.14.3.tar.gz
2022-01-25 12:30:01.217367 +0000 build-archlinux: 7e3a508fd60d4cee0d13be8aff01334dd0eefb93c845a85545df20a8ae4ce31818b53dbb0db7fb15d53487a13ac57a942d229f3dacef0f13618e6604a144c370  xen-4.14.3.tar.gz.sig
2022-01-25 12:30:01.255363 +0000 build-archlinux: ================================================================================
2022-01-25 12:30:01.255412 +0000 build-archlinux:                            B U I L D   I N F O                                  
2022-01-25 12:30:01.255428 +0000 build-archlinux: Items in red indicate it was automatically generated by configuration file(s)
2022-01-25 12:30:01.255441 +0000 build-archlinux: Items in white indicate it was automatically removed by configuration file(s)
2022-01-25 12:30:01.255453 +0000 build-archlinux: ================================================================================
2022-01-25 12:30:01.255460 +0000 build-archlinux: DISTS_VM:
2022-01-25 12:30:01.257812 +0000 build-archlinux:      archlinux,
2022-01-25 12:30:01.259007 +0000 build-archlinux: DISTS_ALL:
2022-01-25 12:30:01.259505 +0000 build-archlinux:      vm-archlinux,
2022-01-25 12:30:01.260687 +0000 build-archlinux: DIST_DOM0:
2022-01-25 12:30:01.261286 +0000 build-archlinux:     
2022-01-25 12:30:01.262480 +0000 build-archlinux: BUILDER_PLUGINS:
2022-01-25 12:30:01.263000 +0000 build-archlinux:      builder-archlinux, mgmt-salt, linux-repo-archlinux, release-configs, builder-github,
2022-01-25 12:30:01.264211 +0000 build-archlinux: COMPONENTS:
2022-01-25 12:30:01.264830 +0000 build-archlinux:      vmm-xen,
2022-01-25 12:30:01.265117 +0000 build-archlinux: GIT_REPOS:
2022-01-25 12:30:01.266699 +0000 build-archlinux:      qubes-src/vmm-xen,
2022-01-25 12:30:01.267241 +0000 build-archlinux: TEMPLATE:
2022-01-25 12:30:01.268631 +0000 build-archlinux:     
2022-01-25 12:30:01.269274 +0000 build-archlinux: TEMPLATE_FLAVOR_DIR:
2022-01-25 12:30:01.270579 +0000 build-archlinux:     
2022-01-25 12:30:01.271209 +0000 build-archlinux: TEMPLATE_ALIAS:
2022-01-25 12:30:01.272590 +0000 build-archlinux:      stretch:stretch+standard, stretch+gnome:stretch+gnome+standard,
2022-01-25 12:30:01.272642 +0000 build-archlinux:      stretch+minimal:stretch+minimal+no-recommends, buster:buster+standard, buster+gnome:buster+gnome+standard,
2022-01-25 12:30:01.272665 +0000 build-archlinux:      buster+minimal:buster+minimal+no-recommends, bullseye:bullseye+standard+firmware,
2022-01-25 12:30:01.272683 +0000 build-archlinux:      bullseye+gnome:bullseye+gnome+standard+firmware, bullseye+minimal:bullseye+minimal+no-recommends,
2022-01-25 12:30:01.272701 +0000 build-archlinux:      bionic:bionic+standard, focal:focal+standard, whonix-gateway-15:buster+whonix-gateway+minimal+no-recommends,
2022-01-25 12:30:01.272716 +0000 build-archlinux:      whonix-workstation-15:buster+whonix-workstation+minimal+no-recommends,
2022-01-25 12:30:01.272729 +0000 build-archlinux:      whonix-gateway-16:bullseye+whonix-gateway+minimal+no-recommends,
2022-01-25 12:30:01.272742 +0000 build-archlinux:      whonix-workstation-16:bullseye+whonix-workstation+minimal+no-recommends,
2022-01-25 12:30:01.273309 +0000 build-archlinux: TEMPLATE_LABEL:
2022-01-25 12:30:01.274659 +0000 build-archlinux:      fc32:fedora-32 fc33:fedora-33 fc34:fedora-34 fc35:fedora-35 fc32+minimal:fedora-32-minimal
2022-01-25 12:30:01.274710 +0000 build-archlinux:      fc33+minimal:fedora-33-minimal fc34+minimal:fedora-34-minimal fc35+minimal:fedora-35-minimal
2022-01-25 12:30:01.274730 +0000 build-archlinux:      fc32+xfce:fedora-32-xfce fc33+xfce:fedora-33-xfce fc34+xfce:fedora-34-xfce
2022-01-25 12:30:01.274747 +0000 build-archlinux:      fc35+xfce:fedora-35-xfce stretch:debian-9 stretch+standard:debian-9 stretch+xfce:debian-9-xfce
2022-01-25 12:30:01.274769 +0000 build-archlinux:      buster:debian-10 buster+standard:debian-10 buster+xfce:debian-10-xfce bullseye:debian-11
2022-01-25 12:30:01.274784 +0000 build-archlinux:      bullseye+standard+firmware:debian-11 bullseye+xfce:debian-11-xfce bionic+standard:bionic
2022-01-25 12:30:01.274797 +0000 build-archlinux:      focal+standard:focal buster+whonix-gateway+minimal+no-recommends:whonix-gw-15
2022-01-25 12:30:01.274809 +0000 build-archlinux:      buster+whonix-workstation+minimal+no-recommends:whonix-ws-15
2022-01-25 12:30:01.274821 +0000 build-archlinux:      bullseye+whonix-gateway+minimal+no-recommends:whonix-gw-16
2022-01-25 12:30:01.274833 +0000 build-archlinux:      bullseye+whonix-workstation+minimal+no-recommends:whonix-ws-16 centos7:centos-7
2022-01-25 12:30:01.274846 +0000 build-archlinux:      centos7+minimal:centos-7-minimal centos7+xfce:centos-7-xfce centos-stream8:centos-stream-8
2022-01-25 12:30:01.274859 +0000 build-archlinux:      centos-stream8+minimal:centos-stream-8-minimal centos-stream8+xfce:centos-stream-8-xfce
2022-01-25 12:30:01.288497 +0000 build-archlinux: > running make
2022-01-25 12:30:01.299622 +0000 build-archlinux: Makefile:1078: target 'build-info' does not exist
2022-01-25 12:30:01.299683 +0000 build-archlinux: echo "================================================================================"
2022-01-25 12:30:01.299707 +0000 build-archlinux: echo "                           B U I L D   I N F O                                  "
2022-01-25 12:30:01.299724 +0000 build-archlinux: echo -e "Items in red indicate it was automatically generated by configuration file(s)"
2022-01-25 12:30:01.299768 +0000 build-archlinux: echo -e "Items in white indicate it was automatically removed by configuration file(s)"
2022-01-25 12:30:01.299786 +0000 build-archlinux: echo "================================================================================"
2022-01-25 12:30:01.299801 +0000 build-archlinux: # (1): Item Color, (2): Label, (3): Item, (4): Original item used to compare if changed
2022-01-25 12:30:01.299814 +0000 build-archlinux: echo -e "DISTS_VM:"; echo -e " archlinux," | fmt -w110  | sed -e 's/^/    /'
2022-01-25 12:30:01.299828 +0000 build-archlinux: echo -e "DISTS_ALL:"; echo -e " vm-archlinux," | fmt -w110  | sed -e 's/^/    /'
2022-01-25 12:30:01.299840 +0000 build-archlinux: echo -e "DIST_DOM0:"; echo -e " " | fmt -w110  | sed -e 's/^/    /'
2022-01-25 12:30:01.299858 +0000 build-archlinux: echo -e "BUILDER_PLUGINS:"; echo -e " builder-archlinux, mgmt-salt, linux-repo-archlinux, release-configs, builder-github," | fmt -w110  | sed -e 's/^/    /'
2022-01-25 12:30:01.299899 +0000 build-archlinux: echo -e "COMPONENTS:"; echo -e " vmm-xen," | fmt -w110  | sed -e 's/^/    /'
2022-01-25 12:30:01.299914 +0000 build-archlinux: echo -e "GIT_REPOS:"; echo -e " qubes-src/vmm-xen," | fmt -w110  | sed -e 's/^/    /'
2022-01-25 12:30:01.299925 +0000 build-archlinux: echo -e "TEMPLATE:"; echo -e " " | fmt -w110  | sed -e 's/^/    /'
2022-01-25 12:30:01.299937 +0000 build-archlinux: echo -e "TEMPLATE_FLAVOR_DIR:"; echo -e " " | fmt -w110  | sed -e 's/^/    /'
2022-01-25 12:30:01.300000 +0000 build-archlinux: echo -e "TEMPLATE_ALIAS:"; echo -e " stretch:stretch+standard, stretch+gnome:stretch+gnome+standard, stretch+minimal:stretch+minimal+no-recommends, buster:buster+standard, buster+gnome:buster+gnome+standard, buster+minimal:buster+minimal+no-recommends, bullseye:bullseye+standard+firmware, bullseye+gnome:bullseye+gnome+standard+firmware, bullseye+minimal:bullseye+minimal+no-recommends, bionic:bionic+standard, focal:focal+standard, whonix-gateway-15:buster+whonix-gateway+minimal+no-recommends, whonix-workstation-15:buster+whonix-workstation+minimal+no-recommends, whonix-gateway-16:bullseye+whonix-gateway+minimal+no-recommends, whonix-workstation-16:bullseye+whonix-workstation+minimal+no-recommends," | fmt -w110  | sed -e 's/^/    /'
2022-01-25 12:30:01.300086 +0000 build-archlinux: echo -e "TEMPLATE_LABEL:"; echo -e " fc32:fedora-32 fc33:fedora-33 fc34:fedora-34 fc35:fedora-35 fc32+minimal:fedora-32-minimal fc33+minimal:fedora-33-minimal fc34+minimal:fedora-34-minimal fc35+minimal:fedora-35-minimal fc32+xfce:fedora-32-xfce fc33+xfce:fedora-33-xfce fc34+xfce:fedora-34-xfce fc35+xfce:fedora-35-xfce stretch:debian-9 stretch+standard:debian-9 stretch+xfce:debian-9-xfce buster:debian-10 buster+standard:debian-10 buster+xfce:debian-10-xfce bullseye:debian-11 bullseye+standard+firmware:debian-11 bullseye+xfce:debian-11-xfce bionic+standard:bionic focal+standard:focal buster+whonix-gateway+minimal+no-recommends:whonix-gw-15 buster+whonix-workstation+minimal+no-recommends:whonix-ws-15 bullseye+whonix-gateway+minimal+no-recommends:whonix-gw-16 bullseye+whonix-workstation+minimal+no-recommends:whonix-ws-16 centos7:centos-7 centos7+minimal:centos-7-minimal centos7+xfce:centos-7-xfce centos-stream8:centos-stream-8 centos-stream8+minimal:centos-stream-8-minimal centos-stream8+xfce:centos-stream-8-xfce" | fmt -w110  | sed -e 's/^/    /'
2022-01-25 12:30:01.300097 +0000 build-archlinux: for component in vmm-xen; do \
2022-01-25 12:30:01.300110 +0000 build-archlinux: .component_env_var=`MAKEFLAGS= make -s get-var GET_VAR=ENV_${component//-/_}`; \
2022-01-25 12:30:01.300127 +0000 build-archlinux: .if [ ! -z "$component_env_var" ]; then echo -e "ENV_${component//-/_}:"; echo -e " ${component_env_var}, """ | fmt -w110  | sed -e 's/^/    /'; fi; \
2022-01-25 12:30:01.300136 +0000 build-archlinux: done
2022-01-25 12:30:01.301067 +0000 build-archlinux: ================================================================================
2022-01-25 12:30:01.301117 +0000 build-archlinux:                            B U I L D   I N F O                                  
2022-01-25 12:30:01.301275 +0000 build-archlinux: Items in red indicate it was automatically generated by configuration file(s)
2022-01-25 12:30:01.301304 +0000 build-archlinux: Items in white indicate it was automatically removed by configuration file(s)
2022-01-25 12:30:01.301319 +0000 build-archlinux: ================================================================================
2022-01-25 12:30:01.301327 +0000 build-archlinux: DISTS_VM:
2022-01-25 12:30:01.303121 +0000 build-archlinux:      archlinux,
2022-01-25 12:30:01.304336 +0000 build-archlinux: DISTS_ALL:
2022-01-25 12:30:01.305154 +0000 build-archlinux:      vm-archlinux,
2022-01-25 12:30:01.306892 +0000 build-archlinux: DIST_DOM0:
2022-01-25 12:30:01.308446 +0000 build-archlinux:     
2022-01-25 12:30:01.308495 +0000 build-archlinux: BUILDER_PLUGINS:
2022-01-25 12:30:01.310088 +0000 build-archlinux:      builder-archlinux, mgmt-salt, linux-repo-archlinux, release-configs, builder-github,
2022-01-25 12:30:01.310133 +0000 build-archlinux: COMPONENTS:
2022-01-25 12:30:01.310427 +0000 build-archlinux:      vmm-xen,
2022-01-25 12:30:01.311889 +0000 build-archlinux: GIT_REPOS:
2022-01-25 12:30:01.312190 +0000 build-archlinux:      qubes-src/vmm-xen,
2022-01-25 12:30:01.312988 +0000 build-archlinux: TEMPLATE:
2022-01-25 12:30:01.313920 +0000 build-archlinux:     
2022-01-25 12:30:01.315383 +0000 build-archlinux: TEMPLATE_FLAVOR_DIR:
2022-01-25 12:30:01.315674 +0000 build-archlinux:     
2022-01-25 12:30:01.317121 +0000 build-archlinux: TEMPLATE_ALIAS:
2022-01-25 12:30:01.317435 +0000 build-archlinux:      stretch:stretch+standard, stretch+gnome:stretch+gnome+standard,
2022-01-25 12:30:01.317474 +0000 build-archlinux:      stretch+minimal:stretch+minimal+no-recommends, buster:buster+standard, buster+gnome:buster+gnome+standard,
2022-01-25 12:30:01.317489 +0000 build-archlinux:      buster+minimal:buster+minimal+no-recommends, bullseye:bullseye+standard+firmware,
2022-01-25 12:30:01.317504 +0000 build-archlinux:      bullseye+gnome:bullseye+gnome+standard+firmware, bullseye+minimal:bullseye+minimal+no-recommends,
2022-01-25 12:30:01.317518 +0000 build-archlinux:      bionic:bionic+standard, focal:focal+standard, whonix-gateway-15:buster+whonix-gateway+minimal+no-recommends,
2022-01-25 12:30:01.317530 +0000 build-archlinux:      whonix-workstation-15:buster+whonix-workstation+minimal+no-recommends,
2022-01-25 12:30:01.317541 +0000 build-archlinux:      whonix-gateway-16:bullseye+whonix-gateway+minimal+no-recommends,
2022-01-25 12:30:01.317552 +0000 build-archlinux:      whonix-workstation-16:bullseye+whonix-workstation+minimal+no-recommends,
2022-01-25 12:30:01.318898 +0000 build-archlinux: TEMPLATE_LABEL:
2022-01-25 12:30:01.319197 +0000 build-archlinux:      fc32:fedora-32 fc33:fedora-33 fc34:fedora-34 fc35:fedora-35 fc32+minimal:fedora-32-minimal
2022-01-25 12:30:01.319230 +0000 build-archlinux:      fc33+minimal:fedora-33-minimal fc34+minimal:fedora-34-minimal fc35+minimal:fedora-35-minimal
2022-01-25 12:30:01.319245 +0000 build-archlinux:      fc32+xfce:fedora-32-xfce fc33+xfce:fedora-33-xfce fc34+xfce:fedora-34-xfce
2022-01-25 12:30:01.319259 +0000 build-archlinux:      fc35+xfce:fedora-35-xfce stretch:debian-9 stretch+standard:debian-9 stretch+xfce:debian-9-xfce
2022-01-25 12:30:01.319272 +0000 build-archlinux:      buster:debian-10 buster+standard:debian-10 buster+xfce:debian-10-xfce bullseye:debian-11
2022-01-25 12:30:01.319284 +0000 build-archlinux:      bullseye+standard+firmware:debian-11 bullseye+xfce:debian-11-xfce bionic+standard:bionic
2022-01-25 12:30:01.319296 +0000 build-archlinux:      focal+standard:focal buster+whonix-gateway+minimal+no-recommends:whonix-gw-15
2022-01-25 12:30:01.319307 +0000 build-archlinux:      buster+whonix-workstation+minimal+no-recommends:whonix-ws-15
2022-01-25 12:30:01.319318 +0000 build-archlinux:      bullseye+whonix-gateway+minimal+no-recommends:whonix-gw-16
2022-01-25 12:30:01.319346 +0000 build-archlinux:      bullseye+whonix-workstation+minimal+no-recommends:whonix-ws-16 centos7:centos-7
2022-01-25 12:30:01.319363 +0000 build-archlinux:      centos7+minimal:centos-7-minimal centos7+xfce:centos-7-xfce centos-stream8:centos-stream-8
2022-01-25 12:30:01.319377 +0000 build-archlinux:      centos-stream8+minimal:centos-stream-8-minimal centos-stream8+xfce:centos-stream-8-xfce
2022-01-25 12:30:01.336633 +0000 build-archlinux: Makefile:235: target 'check-depend.rpm' does not exist
2022-01-25 12:30:01.336677 +0000 build-archlinux: \
2022-01-25 12:30:01.336701 +0000 build-archlinux: echo "Currently installed dependencies:" && rpm -q --whatprovides createrepo_c git perl-Digest-MD5 perl-Digest-SHA python3-pyyaml python3-sh rpm-build rpm-sign rpmdevtools wget || \
2022-01-25 12:30:01.336716 +0000 build-archlinux: .{ echo "ERROR: call 'make install-deps' to install missing dependencies"; exit 1; }
2022-01-25 12:30:01.337890 +0000 build-archlinux: Currently installed dependencies:
2022-01-25 12:30:01.344427 +0000 build-archlinux: createrepo_c-0.17.5-1.fc34.x86_64
2022-01-25 12:30:01.344629 +0000 build-archlinux: git-2.31.1-3.fc34.x86_64
2022-01-25 12:30:01.344863 +0000 build-archlinux: perl-Digest-MD5-2.58-2.fc34.x86_64
2022-01-25 12:30:01.345088 +0000 build-archlinux: perl-Digest-SHA-6.02-459.fc34.x86_64
2022-01-25 12:30:01.345428 +0000 build-archlinux: python3-pyyaml-5.4.1-2.fc34.x86_64
2022-01-25 12:30:01.345613 +0000 build-archlinux: python3-sh-1.14.1-2.fc34.noarch
2022-01-25 12:30:01.346020 +0000 build-archlinux: rpm-build-4.16.1.3-1.fc34.x86_64
2022-01-25 12:30:01.346255 +0000 build-archlinux: rpm-sign-4.16.1.3-1.fc34.x86_64
2022-01-25 12:30:01.346539 +0000 build-archlinux: rpmdevtools-9.5-1.fc34.noarch
2022-01-25 12:30:01.346853 +0000 build-archlinux: wget-1.21.1-3.fc34.x86_64
2022-01-25 12:30:01.347717 +0000 build-archlinux: Makefile:273: update target 'vmm-xen-dom0' due to: check-depend
2022-01-25 12:30:01.347791 +0000 build-archlinux: if [ -n "vmm-xen" -a "0" -ne 0 ]; then BRANCH=master; branch_var="BRANCH_vmm_xen"; [ -n "${!branch_var}" ] && BRANCH="${!branch_var}"; pushd qubes-src/vmm-xen > /dev/null; CURRENT_BRANCH=`git symbolic-ref --short HEAD 2>/dev/null || git describe --tags --exact-match HEAD`; if [ "$BRANCH" != "$CURRENT_BRANCH" ]; then echo "-> ERROR: Wrong branch $branch_var=$CURRENT_BRANCH (expected $BRANCH)"; exit 1; fi; popd > /dev/null; fi
2022-01-25 12:30:01.349272 +0000 build-archlinux: Makefile:265: update target 'vmm-xen-vm' due to: check-depend
2022-01-25 12:30:01.349334 +0000 build-archlinux: if [ -n "vmm-xen" -a "0" -ne 0 ]; then BRANCH=master; branch_var="BRANCH_vmm_xen"; [ -n "${!branch_var}" ] && BRANCH="${!branch_var}"; pushd qubes-src/vmm-xen > /dev/null; CURRENT_BRANCH=`git symbolic-ref --short HEAD 2>/dev/null || git describe --tags --exact-match HEAD`; if [ "$BRANCH" != "$CURRENT_BRANCH" ]; then echo "-> ERROR: Wrong branch $branch_var=$CURRENT_BRANCH (expected $BRANCH)"; exit 1; fi; popd > /dev/null; fi
2022-01-25 12:30:01.349348 +0000 build-archlinux: if [ -r qubes-src/vmm-xen/Makefile.builder ]; then \
2022-01-25 12:30:01.349358 +0000 build-archlinux: .for DIST in archlinux; do \
2022-01-25 12:30:01.349374 +0000 build-archlinux: ..make --no-print-directory DIST=$DIST PACKAGE_SET=vm COMPONENT=vmm-xen ENV_COMPONENT= -f Makefile.generic all || exit 1; \
2022-01-25 12:30:01.349382 +0000 build-archlinux: .done; \
2022-01-25 12:30:01.349389 +0000 build-archlinux: fi
2022-01-25 12:30:01.355046 +0000 build-archlinux: Makefile.generic:157: target 'generic-prepare-chroot' does not exist
2022-01-25 12:30:01.355092 +0000 build-archlinux: if [ "`id -u`" = 0 ]; then \
2022-01-25 12:30:01.355109 +0000 build-archlinux: .echo "*******************************************************************************"; \
2022-01-25 12:30:01.355123 +0000 build-archlinux: .echo "***                               ERROR                                      ***"; \
2022-01-25 12:30:01.355154 +0000 build-archlinux: .echo "*** Start the build as normal user, it will use sudo (only) where necessary! ***"; \
2022-01-25 12:30:01.355168 +0000 build-archlinux: .echo "***                                                                          ***"; \
2022-01-25 12:30:01.355185 +0000 build-archlinux: .echo "*******************************************************************************"; \
2022-01-25 12:30:01.355194 +0000 build-archlinux: .exit 1; \
2022-01-25 12:30:01.355202 +0000 build-archlinux: fi
2022-01-25 12:30:01.362477 +0000 build-archlinux: mkdir -p "/home/user/builder-r4.1/cache/archlinux"
2022-01-25 12:30:01.364776 +0000 build-archlinux: if ! scripts/test-sane-mount .; then \
2022-01-25 12:30:01.364820 +0000 build-archlinux: .mountpoint=$(scripts/find-mount-point .); \
2022-01-25 12:30:01.364836 +0000 build-archlinux: .echo "*******************************************************************************"; \
2022-01-25 12:30:01.364850 +0000 build-archlinux: .echo "***                               ERROR                                      ***"; \
2022-01-25 12:30:01.364887 +0000 build-archlinux: .echo "*** Cannot create chroot because the current filesystem is mounted as nodev. ***"; \
2022-01-25 12:30:01.364903 +0000 build-archlinux: .echo "*** Build Qubes on a different filesystem, or run 'make remount' to remount  ***"; \
2022-01-25 12:30:01.364913 +0000 build-archlinux: .echo "*** $mountpoint with dev option."; \
2022-01-25 12:30:01.364925 +0000 build-archlinux: .echo "***                                                                          ***"; \
2022-01-25 12:30:01.364938 +0000 build-archlinux: .echo "*******************************************************************************"; \
2022-01-25 12:30:01.364945 +0000 build-archlinux: .exit 1; \
2022-01-25 12:30:01.364952 +0000 build-archlinux: fi
2022-01-25 12:30:01.384214 +0000 build-archlinux: /home/user/builder-r4.1/qubes-src/builder-archlinux/Makefile.archlinux:78: update target 'dist-prepare-chroot' due to: /home/user/builder-r4.1/chroot-vm-archlinux/home/user/.prepared_base
2022-01-25 12:30:01.384263 +0000 build-archlinux: echo "--> Archlinux dist-prepare-chroot (makefile):"
2022-01-25 12:30:01.390212 +0000 build-archlinux: --> Archlinux dist-prepare-chroot (makefile):
2022-01-25 12:30:01.390376 +0000 build-archlinux: sudo mkdir -p "/home/user/builder-r4.1/cache/archlinux/pacman_cache/pkg"
2022-01-25 12:30:01.404730 +0000 build-archlinux: sudo touch "/home/user/builder-r4.1/cache/archlinux/pacman_cache/pkg/.mnt"
2022-01-25 12:30:01.418180 +0000 build-archlinux: # qubes pkgs may be from old runs and no longer match the repo hashes
2022-01-25 12:30:01.419586 +0000 build-archlinux: sudo rm "/home/user/builder-r4.1/cache/archlinux/pacman_cache/pkg"/qubes-*.pkg.tar.* 2>/dev/null || true
2022-01-25 12:30:01.434726 +0000 build-archlinux: mkdir -p "/home/user/builder-r4.1/qubes-packages-mirror-repo/vm-archlinux/pkgs"
2022-01-25 12:30:01.437146 +0000 build-archlinux: mkdir -p "/home/user/builder-r4.1/chroot-vm-archlinux/var/cache/pacman"
2022-01-25 12:30:01.439497 +0000 build-archlinux: mkdir -p "/home/user/builder-r4.1/chroot-vm-archlinux/tmp/qubes-packages-mirror-repo"
2022-01-25 12:30:01.442075 +0000 build-archlinux: Makefile.generic:151: target 'generic-prep' does not exist
2022-01-25 12:30:01.442132 +0000 build-archlinux: if [ -e ""build-logs/vmm-xen-vm-archlinux.log"" ]; then\
2022-01-25 12:30:01.442156 +0000 build-archlinux:    mv -f ""build-logs/vmm-xen-vm-archlinux.log"" ""build-logs/vmm-xen-vm-archlinux.log".old";\
2022-01-25 12:30:01.442167 +0000 build-archlinux: fi
2022-01-25 12:30:01.449861 +0000 build-archlinux: /home/user/builder-r4.1/qubes-src/builder-archlinux/Makefile.archlinux:95: target 'dist-prep' does not exist
2022-01-25 12:30:01.449942 +0000 build-archlinux: true
2022-01-25 12:30:01.456233 +0000 build-archlinux: Makefile.generic:132: target 'generic-copy-in' does not exist
2022-01-25 12:30:01.456317 +0000 build-archlinux: mkdir -p /home/user/builder-r4.1/chroot-vm-archlinux//home/user/qubes-src
2022-01-25 12:30:01.463455 +0000 build-archlinux: cp Makefile.generic /home/user/builder-r4.1/chroot-vm-archlinux//home/user/
2022-01-25 12:30:01.466160 +0000 build-archlinux: cp /home/user/builder-r4.1/qubes-src/builder-archlinux/Makefile.archlinux /home/user/builder-r4.1/qubes-src/builder-github//Makefile.github /home/user/builder-r4.1/chroot-vm-archlinux//home/user/
2022-01-25 12:30:01.468978 +0000 build-archlinux: rm -rf /home/user/builder-r4.1/chroot-vm-archlinux//home/user/qubes-src/vmm-xen
2022-01-25 12:30:01.482620 +0000 build-archlinux: cp -alt /home/user/builder-r4.1/chroot-vm-archlinux//home/user/qubes-src/ qubes-src/vmm-xen
2022-01-25 12:30:01.501112 +0000 build-archlinux: rm -rf /home/user/builder-r4.1/chroot-vm-archlinux//home/user/qubes-src/vmm-xen/pkgs
2022-01-25 12:30:01.503613 +0000 build-archlinux: Makefile.generic:197: target 'packages' does not exist
2022-01-25 12:30:01.503667 +0000 build-archlinux: for package in archlinux; do\
2022-01-25 12:30:01.503686 +0000 build-archlinux: .set -o pipefail;\
2022-01-25 12:30:01.503705 +0000 build-archlinux: .echo "-> Building vmm-xen ($package) for archlinux vm (logfile: "build-logs/vmm-xen-vm-archlinux.log")";\
2022-01-25 12:30:01.503717 +0000 build-archlinux: .if [ 2 -eq 0 ]; then\
2022-01-25 12:30:01.503733 +0000 build-archlinux: ..make -f Makefile.generic PACKAGE=$package package 3>&1 >>""build-logs/vmm-xen-vm-archlinux.log"" 2>&1;\
2022-01-25 12:30:01.503743 +0000 build-archlinux: ..BUILD_RETCODE=$?;\
2022-01-25 12:30:01.503752 +0000 build-archlinux: .elif [ 2 -eq 1 ]; then\
2022-01-25 12:30:01.503773 +0000 build-archlinux: ..make -s -f Makefile.generic PACKAGE=$package package 3>&2 2>&1 | tee -a "build-logs/vmm-xen-vm-archlinux.log";\
2022-01-25 12:30:01.503784 +0000 build-archlinux: ..BUILD_RETCODE=$?;\
2022-01-25 12:30:01.503792 +0000 build-archlinux: .else\
2022-01-25 12:30:01.503806 +0000 build-archlinux: ..make -f Makefile.generic PACKAGE=$package package 3>&2 2>&1 | tee -a "build-logs/vmm-xen-vm-archlinux.log";\
2022-01-25 12:30:01.503816 +0000 build-archlinux: ..BUILD_RETCODE=$?;\
2022-01-25 12:30:01.503823 +0000 build-archlinux: .fi;\
2022-01-25 12:30:01.503833 +0000 build-archlinux: .if [ $BUILD_RETCODE -gt 0 ]; then\
2022-01-25 12:30:01.503842 +0000 build-archlinux: ..echo "--> build failed!";\
2022-01-25 12:30:01.503853 +0000 build-archlinux: ..[ 2 -eq 0 ] && tail -n 100 ""build-logs/vmm-xen-vm-archlinux.log"";\
2022-01-25 12:30:01.503862 +0000 build-archlinux: ..exit 1;\
2022-01-25 12:30:01.503888 +0000 build-archlinux: .fi;\
2022-01-25 12:30:01.503896 +0000 build-archlinux: done
2022-01-25 12:30:01.509953 +0000 build-archlinux: -> Building vmm-xen (archlinux) for archlinux vm (logfile: build-logs/vmm-xen-vm-archlinux.log)
2022-01-25 12:30:01.514941 +0000 build-archlinux: /home/user/builder-r4.1/qubes-src/builder-archlinux/Makefile.archlinux:99: target 'dist-build-dep' does not exist
2022-01-25 12:30:01.515000 +0000 build-archlinux: echo "--> Archlinux dist-build-dep (makefile)"
2022-01-25 12:30:01.521725 +0000 build-archlinux: --> Archlinux dist-build-dep (makefile)
2022-01-25 12:30:01.521797 +0000 build-archlinux: echo "  --> Generate locales..."
2022-01-25 12:30:01.523290 +0000 build-archlinux:   --> Generate locales...
2022-01-25 12:30:01.523491 +0000 build-archlinux: echo "en_US.UTF-8 UTF-8" | sudo tee -a /home/user/builder-r4.1/chroot-vm-archlinux/etc/locale.gen
2022-01-25 12:30:01.536296 +0000 build-archlinux: en_US.UTF-8 UTF-8
2022-01-25 12:30:01.537920 +0000 build-archlinux: sudo BACKEND_VMM=xen  chroot "/home/user/builder-r4.1/chroot-vm-archlinux" locale-gen
2022-01-25 12:30:01.551280 +0000 build-archlinux: /bin/sh: warning: setlocale: LC_ALL: cannot change locale (C.UTF-8)
2022-01-25 12:30:01.552129 +0000 build-archlinux: Generating locales...
2022-01-25 12:30:03.096484 +0000 build-archlinux:   en_US.UTF-8... done
2022-01-25 12:30:04.848203 +0000 build-archlinux:   en_US.UTF-8... done
2022-01-25 12:30:06.605829 +0000 build-archlinux:   en_US.UTF-8... done
2022-01-25 12:30:08.466013 +0000 build-archlinux:   en_US.UTF-8... done
2022-01-25 12:30:10.240332 +0000 build-archlinux:   en_US.UTF-8... done
2022-01-25 12:30:12.012081 +0000 build-archlinux:   en_US.UTF-8... done
2022-01-25 12:30:13.766077 +0000 build-archlinux:   en_US.UTF-8... done
2022-01-25 12:30:15.586396 +0000 build-archlinux:   en_US.UTF-8... done
2022-01-25 12:30:17.435659 +0000 build-archlinux:   en_US.UTF-8... done
2022-01-25 12:30:19.173292 +0000 build-archlinux:   en_US.UTF-8... done
2022-01-25 12:30:20.990235 +0000 build-archlinux:   en_US.UTF-8... done
2022-01-25 12:30:22.737891 +0000 build-archlinux:   en_US.UTF-8... done
2022-01-25 12:30:24.484000 +0000 build-archlinux:   en_US.UTF-8... done
2022-01-25 12:30:26.243419 +0000 build-archlinux:   en_US.UTF-8... done
2022-01-25 12:30:27.989448 +0000 build-archlinux:   en_US.UTF-8... done
2022-01-25 12:30:29.774435 +0000 build-archlinux:   en_US.UTF-8... done
2022-01-25 12:30:31.626691 +0000 build-archlinux:   en_US.UTF-8... done
2022-01-25 12:30:33.590045 +0000 build-archlinux:   en_US.UTF-8... done
2022-01-25 12:30:35.365036 +0000 build-archlinux:   en_US.UTF-8... done
2022-01-25 12:30:37.092517 +0000 build-archlinux:   en_US.UTF-8... done
2022-01-25 12:30:38.870633 +0000 build-archlinux:   en_US.UTF-8... done
2022-01-25 12:30:40.637420 +0000 build-archlinux:   en_US.UTF-8... done
2022-01-25 12:30:42.519832 +0000 build-archlinux:   en_US.UTF-8... done
2022-01-25 12:30:44.298990 +0000 build-archlinux:   en_US.UTF-8... done
2022-01-25 12:30:44.299034 +0000 build-archlinux: Generation complete.
2022-01-25 12:30:44.301199 +0000 build-archlinux: echo "LANG=en_US.UTF-8" | sudo tee -a /home/user/builder-r4.1/chroot-vm-archlinux/etc/locale.conf
2022-01-25 12:30:44.313726 +0000 build-archlinux: LANG=en_US.UTF-8
2022-01-25 12:30:44.315453 +0000 build-archlinux: sudo -E "/home/user/builder-r4.1/qubes-src/builder-archlinux//update-local-repo.sh" archlinux
2022-01-25 12:30:44.328992 +0000 build-archlinux: -> Archlinux update-local-repo.sh
2022-01-25 12:30:44.329293 +0000 build-archlinux: + mkdir -p /home/user/builder-r4.1/qubes-packages-mirror-repo/vm-archlinux/pkgs
2022-01-25 12:30:44.330527 +0000 build-archlinux: + '[' '!' -f /home/user/builder-r4.1/qubes-packages-mirror-repo/vm-archlinux/pkgs/qubes.db ']'
2022-01-25 12:30:44.330567 +0000 build-archlinux: + set -e
2022-01-25 12:30:44.330586 +0000 build-archlinux: + chroot_cmd --user=user /bin/sh -c 'if [ -n "$(ls *.sig)" ] ; then rm *.sig ; fi'
2022-01-25 12:30:44.330619 +0000 build-archlinux: + systemd-nspawn --directory=/home/user/builder-r4.1/chroot-vm-archlinux --keep-unit --register=no --bind=/home/user/builder-r4.1/qubes-packages-mirror-repo/vm-archlinux:/tmp/qubes-packages-mirror-repo --chdir=/tmp/qubes-packages-mirror-repo --user=user /bin/sh -c 'if [ -n "$(ls *.sig)" ] ; then rm *.sig ; fi'
2022-01-25 12:30:44.335165 +0000 build-archlinux: Spawning container chroot-vm-archlinux on /home/user/builder-r4.1/chroot-vm-archlinux.
2022-01-25 12:30:44.335218 +0000 build-archlinux: Press ^] three times within 1s to kill container.
2022-01-25 12:30:44.381811 +0000 build-archlinux: ls: cannot access '*.sig': No such file or directory.
2022-01-25 12:30:44.386245 +0000 build-archlinux: Container chroot-vm-archlinux exited successfully.
2022-01-25 12:30:44.387089 +0000 build-archlinux: + chroot_cmd --user=user /bin/sh -c 'for pkg in `ls -v pkgs/*.pkg.tar.*`; do repo-add pkgs/qubes.db.tar.gz "$pkg"; done;'
2022-01-25 12:30:44.387155 +0000 build-archlinux: + systemd-nspawn --directory=/home/user/builder-r4.1/chroot-vm-archlinux --keep-unit --register=no --bind=/home/user/builder-r4.1/qubes-packages-mirror-repo/vm-archlinux:/tmp/qubes-packages-mirror-repo --chdir=/tmp/qubes-packages-mirror-repo --user=user /bin/sh -c 'for pkg in `ls -v pkgs/*.pkg.tar.*`; do repo-add pkgs/qubes.db.tar.gz "$pkg"; done;'
2022-01-25 12:30:44.395243 +0000 build-archlinux: Spawning container chroot-vm-archlinux on /home/user/builder-r4.1/chroot-vm-archlinux.
2022-01-25 12:30:44.395333 +0000 build-archlinux: Press ^] three times within 1s to kill container.
2022-01-25 12:30:44.677228 +0000 build-archlinux: .[1m.[32m==>.[0m.[1m Extracting qubes.db.tar.gz to a temporary location....[0m.
2022-01-25 12:30:44.688524 +0000 build-archlinux: .[1m.[32m==>.[0m.[1m Extracting qubes.files.tar.gz to a temporary location....[0m.
2022-01-25 12:30:44.695509 +0000 build-archlinux: .[1m.[32m==>.[0m.[1m Adding package 'pkgs/pacman-5.2.2-1-x86_64.pkg.tar.zst'.[0m.
2022-01-25 12:30:44.741674 +0000 build-archlinux: /usr/sbin/repo-add: line 204: /dev/fd/63: No such file or directory.
2022-01-25 12:30:44.746788 +0000 build-archlinux: .[1m.[31m==> ERROR:.[0m.[1m Invalid package file 'pkgs/pacman-5.2.2-1-x86_64.pkg.tar.zst'..[0m.
2022-01-25 12:30:44.748353 +0000 build-archlinux: .[1m.[32m==>.[0m.[1m No packages modified, nothing to do..[0m.
2022-01-25 12:30:44.763817 +0000 build-archlinux: .[1m.[32m==>.[0m.[1m Extracting qubes.db.tar.gz to a temporary location....[0m.
2022-01-25 12:30:44.769935 +0000 build-archlinux: .[1m.[32m==>.[0m.[1m Extracting qubes.files.tar.gz to a temporary location....[0m.
2022-01-25 12:30:44.776636 +0000 build-archlinux: .[1m.[32m==>.[0m.[1m Adding package 'pkgs/pacman-mirrorlist-20200920-1-any.pkg.tar.zst'.[0m.
2022-01-25 12:30:44.783969 +0000 build-archlinux: /usr/sbin/repo-add: line 204: /dev/fd/63: No such file or directory.
2022-01-25 12:30:44.785178 +0000 build-archlinux: .PKGINFO: Write error.
2022-01-25 12:30:44.785222 +0000 build-archlinux: bsdtar: Error exit delayed from previous errors..
2022-01-25 12:30:44.786148 +0000 build-archlinux: .[1m.[31m==> ERROR:.[0m.[1m Invalid package file 'pkgs/pacman-mirrorlist-20200920-1-any.pkg.tar.zst'..[0m.
2022-01-25 12:30:44.787594 +0000 build-archlinux: .[1m.[32m==>.[0m.[1m No packages modified, nothing to do..[0m.
2022-01-25 12:30:44.804271 +0000 build-archlinux: .[1m.[32m==>.[0m.[1m Extracting qubes.db.tar.gz to a temporary location....[0m.
2022-01-25 12:30:44.810261 +0000 build-archlinux: .[1m.[32m==>.[0m.[1m Extracting qubes.files.tar.gz to a temporary location....[0m.
2022-01-25 12:30:44.817037 +0000 build-archlinux: .[1m.[32m==>.[0m.[1m Adding package 'pkgs/qubes-db-vm-4.1.8-5-x86_64.pkg.tar.zst'.[0m.
2022-01-25 12:30:44.823955 +0000 build-archlinux: /usr/sbin/repo-add: line 204: /dev/fd/63: No such file or directory.
2022-01-25 12:30:44.826269 +0000 build-archlinux: .[1m.[31m==> ERROR:.[0m.[1m Invalid package file 'pkgs/qubes-db-vm-4.1.8-5-x86_64.pkg.tar.zst'..[0m.
2022-01-25 12:30:44.827559 +0000 build-archlinux: .[1m.[32m==>.[0m.[1m No packages modified, nothing to do..[0m.
2022-01-25 12:30:44.844359 +0000 build-archlinux: .[1m.[32m==>.[0m.[1m Extracting qubes.db.tar.gz to a temporary location....[0m.
2022-01-25 12:30:44.850396 +0000 build-archlinux: .[1m.[32m==>.[0m.[1m Extracting qubes.files.tar.gz to a temporary location....[0m.
2022-01-25 12:30:44.857247 +0000 build-archlinux: .[1m.[32m==>.[0m.[1m Adding package 'pkgs/qubes-db-vm-4.1.10-5-x86_64.pkg.tar.zst'.[0m.
2022-01-25 12:30:44.864134 +0000 build-archlinux: /usr/sbin/repo-add: line 204: /dev/fd/63: No such file or directory.
2022-01-25 12:30:44.865330 +0000 build-archlinux: .PKGINFO: Write error.
2022-01-25 12:30:44.865373 +0000 build-archlinux: bsdtar: Error exit delayed from previous errors..
2022-01-25 12:30:44.866898 +0000 build-archlinux: .[1m.[31m==> ERROR:.[0m.[1m Invalid package file 'pkgs/qubes-db-vm-4.1.10-5-x86_64.pkg.tar.zst'..[0m.
2022-01-25 12:30:44.868228 +0000 build-archlinux: .[1m.[32m==>.[0m.[1m No packages modified, nothing to do..[0m.
2022-01-25 12:30:44.884608 +0000 build-archlinux: .[1m.[32m==>.[0m.[1m Extracting qubes.db.tar.gz to a temporary location....[0m.
2022-01-25 12:30:44.890460 +0000 build-archlinux: .[1m.[32m==>.[0m.[1m Extracting qubes.files.tar.gz to a temporary location....[0m.
2022-01-25 12:30:44.897120 +0000 build-archlinux: .[1m.[32m==>.[0m.[1m Adding package 'pkgs/qubes-db-vm-4.1.12-6-x86_64.pkg.tar.zst'.[0m.
2022-01-25 12:30:44.903970 +0000 build-archlinux: /usr/sbin/repo-add: line 204: /dev/fd/63: No such file or directory.
2022-01-25 12:30:44.906188 +0000 build-archlinux: .[1m.[31m==> ERROR:.[0m.[1m Invalid package file 'pkgs/qubes-db-vm-4.1.12-6-x86_64.pkg.tar.zst'..[0m.
2022-01-25 12:30:44.907463 +0000 build-archlinux: .[1m.[32m==>.[0m.[1m No packages modified, nothing to do..[0m.
2022-01-25 12:30:44.923913 +0000 build-archlinux: .[1m.[32m==>.[0m.[1m Extracting qubes.db.tar.gz to a temporary location....[0m.
2022-01-25 12:30:44.929727 +0000 build-archlinux: .[1m.[32m==>.[0m.[1m Extracting qubes.files.tar.gz to a temporary location....[0m.
2022-01-25 12:30:44.936507 +0000 build-archlinux: .[1m.[32m==>.[0m.[1m Adding package 'pkgs/qubes-gpg-split-2.0.48-1-x86_64.pkg.tar.zst'.[0m.
2022-01-25 12:30:44.944432 +0000 build-archlinux: /usr/sbin/repo-add: line 204: /dev/fd/63: No such file or directory.
2022-01-25 12:30:44.945849 +0000 build-archlinux: .PKGINFO: Write error.
2022-01-25 12:30:44.945909 +0000 build-archlinux: bsdtar: Error exit delayed from previous errors..
2022-01-25 12:30:44.946437 +0000 build-archlinux: .[1m.[31m==> ERROR:.[0m.[1m Invalid package file 'pkgs/qubes-gpg-split-2.0.48-1-x86_64.pkg.tar.zst'..[0m.
2022-01-25 12:30:44.947953 +0000 build-archlinux: .[1m.[32m==>.[0m.[1m No packages modified, nothing to do..[0m.
2022-01-25 12:30:44.964710 +0000 build-archlinux: .[1m.[32m==>.[0m.[1m Extracting qubes.db.tar.gz to a temporary location....[0m.
2022-01-25 12:30:44.970777 +0000 build-archlinux: .[1m.[32m==>.[0m.[1m Extracting qubes.files.tar.gz to a temporary location....[0m.
2022-01-25 12:30:44.977792 +0000 build-archlinux: .[1m.[32m==>.[0m.[1m Adding package 'pkgs/qubes-gpg-split-2.0.49-1-x86_64.pkg.tar.zst'.[0m.
2022-01-25 12:30:44.984743 +0000 build-archlinux: /usr/sbin/repo-add: line 204: /dev/fd/63: No such file or directory.
2022-01-25 12:30:44.986982 +0000 build-archlinux: .[1m.[31m==> ERROR:.[0m.[1m Invalid package file 'pkgs/qubes-gpg-split-2.0.49-1-x86_64.pkg.tar.zst'..[0m.
2022-01-25 12:30:44.988395 +0000 build-archlinux: .[1m.[32m==>.[0m.[1m No packages modified, nothing to do..[0m.
2022-01-25 12:30:45.005219 +0000 build-archlinux: .[1m.[32m==>.[0m.[1m Extracting qubes.db.tar.gz to a temporary location....[0m.
2022-01-25 12:30:45.011238 +0000 build-archlinux: .[1m.[32m==>.[0m.[1m Extracting qubes.files.tar.gz to a temporary location....[0m.
2022-01-25 12:30:45.017981 +0000 build-archlinux: .[1m.[32m==>.[0m.[1m Adding package 'pkgs/qubes-libvchan-xen-4.1.4-2-x86_64.pkg.tar.zst'.[0m.
2022-01-25 12:30:45.025174 +0000 build-archlinux: /usr/sbin/repo-add: line 204: /dev/fd/63: No such file or directory.
2022-01-25 12:30:45.027255 +0000 build-archlinux: .[1m.[31m==> ERROR:.[0m.[1m Invalid package file 'pkgs/qubes-libvchan-xen-4.1.4-2-x86_64.pkg.tar.zst'..[0m.
2022-01-25 12:30:45.028650 +0000 build-archlinux: .[1m.[32m==>.[0m.[1m No packages modified, nothing to do..[0m.
2022-01-25 12:30:45.045580 +0000 build-archlinux: .[1m.[32m==>.[0m.[1m Extracting qubes.db.tar.gz to a temporary location....[0m.
2022-01-25 12:30:45.051595 +0000 build-archlinux: .[1m.[32m==>.[0m.[1m Extracting qubes.files.tar.gz to a temporary location....[0m.
2022-01-25 12:30:45.058309 +0000 build-archlinux: .[1m.[32m==>.[0m.[1m Adding package 'pkgs/qubes-libvchan-xen-4.1.7-2-x86_64.pkg.tar.zst'.[0m.
2022-01-25 12:30:45.065215 +0000 build-archlinux: /usr/sbin/repo-add: line 204: /dev/fd/63: No such file or directory.
2022-01-25 12:30:45.067348 +0000 build-archlinux: .[1m.[31m==> ERROR:.[0m.[1m Invalid package file 'pkgs/qubes-libvchan-xen-4.1.7-2-x86_64.pkg.tar.zst'..[0m.
2022-01-25 12:30:45.068662 +0000 build-archlinux: .[1m.[32m==>.[0m.[1m No packages modified, nothing to do..[0m.
2022-01-25 12:30:45.084983 +0000 build-archlinux: .[1m.[32m==>.[0m.[1m Extracting qubes.db.tar.gz to a temporary location....[0m.
2022-01-25 12:30:45.090832 +0000 build-archlinux: .[1m.[32m==>.[0m.[1m Extracting qubes.files.tar.gz to a temporary location....[0m.
2022-01-25 12:30:45.097465 +0000 build-archlinux: .[1m.[32m==>.[0m.[1m Adding package 'pkgs/qubes-usb-proxy-1.0.29-1-x86_64.pkg.tar.zst'.[0m.
2022-01-25 12:30:45.106342 +0000 build-archlinux: /usr/sbin/repo-add: line 204: /dev/fd/63: No such file or directory.
2022-01-25 12:30:45.106388 +0000 build-archlinux: .PKGINFO: Write error.
2022-01-25 12:30:45.106402 +0000 build-archlinux: bsdtar: Error exit delayed from previous errors..
2022-01-25 12:30:45.107147 +0000 build-archlinux: .[1m.[31m==> ERROR:.[0m.[1m Invalid package file 'pkgs/qubes-usb-proxy-1.0.29-1-x86_64.pkg.tar.zst'..[0m.
2022-01-25 12:30:45.108442 +0000 build-archlinux: .[1m.[32m==>.[0m.[1m No packages modified, nothing to do..[0m.
2022-01-25 12:30:45.128307 +0000 build-archlinux: .[1m.[32m==>.[0m.[1m Extracting qubes.db.tar.gz to a temporary location....[0m.
2022-01-25 12:30:45.134443 +0000 build-archlinux: .[1m.[32m==>.[0m.[1m Extracting qubes.files.tar.gz to a temporary location....[0m.
2022-01-25 12:30:45.141514 +0000 build-archlinux: .[1m.[32m==>.[0m.[1m Adding package 'pkgs/qubes-vm-core-4.1.18-15-x86_64.pkg.tar.zst'.[0m.
2022-01-25 12:30:45.149963 +0000 build-archlinux: /usr/sbin/repo-add: line 204: /dev/fd/63: No such file or directory.
2022-01-25 12:30:45.150689 +0000 build-archlinux: .PKGINFO: Write error.
2022-01-25 12:30:45.150725 +0000 build-archlinux: bsdtar: Error exit delayed from previous errors..
2022-01-25 12:30:45.151301 +0000 build-archlinux: .[1m.[31m==> ERROR:.[0m.[1m Invalid package file 'pkgs/qubes-vm-core-4.1.18-15-x86_64.pkg.tar.zst'..[0m.
2022-01-25 12:30:45.152935 +0000 build-archlinux: .[1m.[32m==>.[0m.[1m No packages modified, nothing to do..[0m.
2022-01-25 12:30:45.169821 +0000 build-archlinux: .[1m.[32m==>.[0m.[1m Extracting qubes.db.tar.gz to a temporary location....[0m.
2022-01-25 12:30:45.175693 +0000 build-archlinux: .[1m.[32m==>.[0m.[1m Extracting qubes.files.tar.gz to a temporary location....[0m.
2022-01-25 12:30:45.182415 +0000 build-archlinux: .[1m.[32m==>.[0m.[1m Adding package 'pkgs/qubes-vm-core-4.1.19-15-x86_64.pkg.tar.zst'.[0m.
2022-01-25 12:30:45.192066 +0000 build-archlinux: /usr/sbin/repo-add: line 204: /dev/fd/63: No such file or directory.
2022-01-25 12:30:45.192113 +0000 build-archlinux: .PKGINFO: Write error.
2022-01-25 12:30:45.192133 +0000 build-archlinux: .[1m.[31m==> ERROR:.[0m.[1m Invalid package file 'pkgs/qubes-vm-core-4.1.19-15-x86_64.pkg.tar.zst'..[0m.
2022-01-25 12:30:45.192146 +0000 build-archlinux: bsdtar: Error exit delayed from previous errors..
2022-01-25 12:30:45.193103 +0000 build-archlinux: .[1m.[32m==>.[0m.[1m No packages modified, nothing to do..[0m.
2022-01-25 12:30:45.210151 +0000 build-archlinux: .[1m.[32m==>.[0m.[1m Extracting qubes.db.tar.gz to a temporary location....[0m.
2022-01-25 12:30:45.216275 +0000 build-archlinux: .[1m.[32m==>.[0m.[1m Extracting qubes.files.tar.gz to a temporary location....[0m.
2022-01-25 12:30:45.223518 +0000 build-archlinux: .[1m.[32m==>.[0m.[1m Adding package 'pkgs/qubes-vm-core-4.1.21-15-x86_64.pkg.tar.zst'.[0m.
2022-01-25 12:30:45.231649 +0000 build-archlinux: /usr/sbin/repo-add: line 204: /dev/fd/63: No such file or directory.
2022-01-25 12:30:45.231707 +0000 build-archlinux: .PKGINFO: Write error.
2022-01-25 12:30:45.231727 +0000 build-archlinux: bsdtar: Error exit delayed from previous errors..
2022-01-25 12:30:45.233179 +0000 build-archlinux: .[1m.[31m==> ERROR:.[0m.[1m Invalid package file 'pkgs/qubes-vm-core-4.1.21-15-x86_64.pkg.tar.zst'..[0m.
2022-01-25 12:30:45.234562 +0000 build-archlinux: .[1m.[32m==>.[0m.[1m No packages modified, nothing to do..[0m.
2022-01-25 12:30:45.251562 +0000 build-archlinux: .[1m.[32m==>.[0m.[1m Extracting qubes.db.tar.gz to a temporary location....[0m.
2022-01-25 12:30:45.257949 +0000 build-archlinux: .[1m.[32m==>.[0m.[1m Extracting qubes.files.tar.gz to a temporary location....[0m.
2022-01-25 12:30:45.265012 +0000 build-archlinux: .[1m.[32m==>.[0m.[1m Adding package 'pkgs/qubes-vm-core-4.1.23-15-x86_64.pkg.tar.zst'.[0m.
2022-01-25 12:30:45.273516 +0000 build-archlinux: /usr/sbin/repo-add: line 204: /dev/fd/63: No such file or directory.
2022-01-25 12:30:45.273573 +0000 build-archlinux: .PKGINFO: Write error.
2022-01-25 12:30:45.273593 +0000 build-archlinux: bsdtar: Error exit delayed from previous errors..
2022-01-25 12:30:45.274948 +0000 build-archlinux: .[1m.[31m==> ERROR:.[0m.[1m Invalid package file 'pkgs/qubes-vm-core-4.1.23-15-x86_64.pkg.tar.zst'..[0m.
2022-01-25 12:30:45.276326 +0000 build-archlinux: .[1m.[32m==>.[0m.[1m No packages modified, nothing to do..[0m.
2022-01-25 12:30:45.293237 +0000 build-archlinux: .[1m.[32m==>.[0m.[1m Extracting qubes.db.tar.gz to a temporary location....[0m.
2022-01-25 12:30:45.298978 +0000 build-archlinux: .[1m.[32m==>.[0m.[1m Extracting qubes.files.tar.gz to a temporary location....[0m.
2022-01-25 12:30:45.305472 +0000 build-archlinux: .[1m.[32m==>.[0m.[1m Adding package 'pkgs/qubes-vm-core-4.1.24-15-x86_64.pkg.tar.zst'.[0m.
2022-01-25 12:30:45.314790 +0000 build-archlinux: /usr/sbin/repo-add: line 204: /dev/fd/63: No such file or directory.
2022-01-25 12:30:45.314835 +0000 build-archlinux: .PKGINFO: Write error.
2022-01-25 12:30:45.314850 +0000 build-archlinux: bsdtar: Error exit delayed from previous errors..
2022-01-25 12:30:45.314883 +0000 build-archlinux: .[1m.[31m==> ERROR:.[0m.[1m Invalid package file 'pkgs/qubes-vm-core-4.1.24-15-x86_64.pkg.tar.zst'..[0m.
2022-01-25 12:30:45.316122 +0000 build-archlinux: .[1m.[32m==>.[0m.[1m No packages modified, nothing to do..[0m.
2022-01-25 12:30:45.332679 +0000 build-archlinux: .[1m.[32m==>.[0m.[1m Extracting qubes.db.tar.gz to a temporary location....[0m.
2022-01-25 12:30:45.338487 +0000 build-archlinux: .[1m.[32m==>.[0m.[1m Extracting qubes.files.tar.gz to a temporary location....[0m.
2022-01-25 12:30:45.345427 +0000 build-archlinux: .[1m.[32m==>.[0m.[1m Adding package 'pkgs/qubes-vm-core-4.1.25-15-x86_64.pkg.tar.zst'.[0m.
2022-01-25 12:30:45.354018 +0000 build-archlinux: /usr/sbin/repo-add: line 204: /dev/fd/63: No such file or directory.
2022-01-25 12:30:45.354062 +0000 build-archlinux: .PKGINFO: Write error.
2022-01-25 12:30:45.354076 +0000 build-archlinux: bsdtar: Error exit delayed from previous errors..
2022-01-25 12:30:45.354930 +0000 build-archlinux: .[1m.[31m==> ERROR:.[0m.[1m Invalid package file 'pkgs/qubes-vm-core-4.1.25-15-x86_64.pkg.tar.zst'..[0m.
2022-01-25 12:30:45.356200 +0000 build-archlinux: .[1m.[32m==>.[0m.[1m No packages modified, nothing to do..[0m.
2022-01-25 12:30:45.373043 +0000 build-archlinux: .[1m.[32m==>.[0m.[1m Extracting qubes.db.tar.gz to a temporary location....[0m.
2022-01-25 12:30:45.378807 +0000 build-archlinux: .[1m.[32m==>.[0m.[1m Extracting qubes.files.tar.gz to a temporary location....[0m.
2022-01-25 12:30:45.385904 +0000 build-archlinux: .[1m.[32m==>.[0m.[1m Adding package 'pkgs/qubes-vm-core-4.1.26-15-x86_64.pkg.tar.zst'.[0m.
2022-01-25 12:30:45.393323 +0000 build-archlinux: /usr/sbin/repo-add: line 204: /dev/fd/63: No such file or directory.
2022-01-25 12:30:45.395426 +0000 build-archlinux: .[1m.[31m==> ERROR:.[0m.[1m Invalid package file 'pkgs/qubes-vm-core-4.1.26-15-x86_64.pkg.tar.zst'..[0m.
2022-01-25 12:30:45.396808 +0000 build-archlinux: .[1m.[32m==>.[0m.[1m No packages modified, nothing to do..[0m.
2022-01-25 12:30:45.413182 +0000 build-archlinux: .[1m.[32m==>.[0m.[1m Extracting qubes.db.tar.gz to a temporary location....[0m.
2022-01-25 12:30:45.418899 +0000 build-archlinux: .[1m.[32m==>.[0m.[1m Extracting qubes.files.tar.gz to a temporary location....[0m.
2022-01-25 12:30:45.425526 +0000 build-archlinux: .[1m.[32m==>.[0m.[1m Adding package 'pkgs/qubes-vm-core-4.1.31-16-x86_64.pkg.tar.zst'.[0m.
2022-01-25 12:30:45.435106 +0000 build-archlinux: /usr/sbin/repo-add: line 204: /dev/fd/63: No such file or directory.
2022-01-25 12:30:45.435151 +0000 build-archlinux: .PKGINFO: Write error.
2022-01-25 12:30:45.435172 +0000 build-archlinux: bsdtar: Error exit delayed from previous errors..[1m.[31m==> ERROR:.[0m.[1m Invalid package file 'pkgs/qubes-vm-core-4.1.31-16-x86_64.pkg.tar.zst'..[0m.
2022-01-25 12:30:45.435200 +0000 build-archlinux: .
2022-01-25 12:30:45.436213 +0000 build-archlinux: .[1m.[32m==>.[0m.[1m No packages modified, nothing to do..[0m.
2022-01-25 12:30:45.453404 +0000 build-archlinux: .[1m.[32m==>.[0m.[1m Extracting qubes.db.tar.gz to a temporary location....[0m.
2022-01-25 12:30:45.459700 +0000 build-archlinux: .[1m.[32m==>.[0m.[1m Extracting qubes.files.tar.gz to a temporary location....[0m.
2022-01-25 12:30:45.466383 +0000 build-archlinux: .[1m.[32m==>.[0m.[1m Adding package 'pkgs/qubes-vm-dependencies-4.1.11-1-x86_64.pkg.tar.zst'.[0m.
2022-01-25 12:30:45.475105 +0000 build-archlinux: /usr/sbin/repo-add: line 204: /dev/fd/63: No such file or directory.
2022-01-25 12:30:45.475148 +0000 build-archlinux: .PKGINFO: Write error.
2022-01-25 12:30:45.475162 +0000 build-archlinux: bsdtar: Error exit delayed from previous errors..
2022-01-25 12:30:45.475667 +0000 build-archlinux: .[1m.[31m==> ERROR:.[0m.[1m Invalid package file 'pkgs/qubes-vm-dependencies-4.1.11-1-x86_64.pkg.tar.zst'..[0m.
2022-01-25 12:30:45.477060 +0000 build-archlinux: .[1m.[32m==>.[0m.[1m No packages modified, nothing to do..[0m.
2022-01-25 12:30:45.494232 +0000 build-archlinux: .[1m.[32m==>.[0m.[1m Extracting qubes.db.tar.gz to a temporary location....[0m.
2022-01-25 12:30:45.500495 +0000 build-archlinux: .[1m.[32m==>.[0m.[1m Extracting qubes.files.tar.gz to a temporary location....[0m.
2022-01-25 12:30:45.507596 +0000 build-archlinux: .[1m.[32m==>.[0m.[1m Adding package 'pkgs/qubes-vm-gui-4.1.15-10-x86_64.pkg.tar.zst'.[0m.
2022-01-25 12:30:45.514612 +0000 build-archlinux: /usr/sbin/repo-add: line 204: /dev/fd/63: No such file or directory.
2022-01-25 12:30:45.516706 +0000 build-archlinux: .[1m.[31m==> ERROR:.[0m.[1m Invalid package file 'pkgs/qubes-vm-gui-4.1.15-10-x86_64.pkg.tar.zst'..[0m.
2022-01-25 12:30:45.518068 +0000 build-archlinux: .[1m.[32m==>.[0m.[1m No packages modified, nothing to do..[0m.
2022-01-25 12:30:45.534408 +0000 build-archlinux: .[1m.[32m==>.[0m.[1m Extracting qubes.db.tar.gz to a temporary location....[0m.
2022-01-25 12:30:45.540138 +0000 build-archlinux: .[1m.[32m==>.[0m.[1m Extracting qubes.files.tar.gz to a temporary location....[0m.
2022-01-25 12:30:45.547361 +0000 build-archlinux: .[1m.[31m==> ERROR:.[0m.[1m 'pkgs/qubes-vm-gui-4.1.15-10-x86_64.pkg.tar.zst.sig' is not a package file, skipping.[0m.
2022-01-25 12:30:45.548506 +0000 build-archlinux: .[1m.[32m==>.[0m.[1m No packages modified, nothing to do..[0m.
2022-01-25 12:30:45.564965 +0000 build-archlinux: .[1m.[32m==>.[0m.[1m Extracting qubes.db.tar.gz to a temporary location....[0m.
2022-01-25 12:30:45.570899 +0000 build-archlinux: .[1m.[32m==>.[0m.[1m Extracting qubes.files.tar.gz to a temporary location....[0m.
2022-01-25 12:30:45.577747 +0000 build-archlinux: .[1m.[32m==>.[0m.[1m Adding package 'pkgs/qubes-vm-gui-4.1.16-10-x86_64.pkg.tar.zst'.[0m.
2022-01-25 12:30:45.584643 +0000 build-archlinux: /usr/sbin/repo-add: line 204: /dev/fd/63: No such file or directory.
2022-01-25 12:30:45.586755 +0000 build-archlinux: .[1m.[31m==> ERROR:.[0m.[1m Invalid package file 'pkgs/qubes-vm-gui-4.1.16-10-x86_64.pkg.tar.zst'..[0m.
2022-01-25 12:30:45.588088 +0000 build-archlinux: .[1m.[32m==>.[0m.[1m No packages modified, nothing to do..[0m.
2022-01-25 12:30:45.604778 +0000 build-archlinux: .[1m.[32m==>.[0m.[1m Extracting qubes.db.tar.gz to a temporary location....[0m.
2022-01-25 12:30:45.611369 +0000 build-archlinux: .[1m.[32m==>.[0m.[1m Extracting qubes.files.tar.gz to a temporary location....[0m.
2022-01-25 12:30:45.618988 +0000 build-archlinux: .[1m.[31m==> ERROR:.[0m.[1m 'pkgs/qubes-vm-gui-4.1.16-10-x86_64.pkg.tar.zst.sig' is not a package file, skipping.[0m.
2022-01-25 12:30:45.620207 +0000 build-archlinux: .[1m.[32m==>.[0m.[1m No packages modified, nothing to do..[0m.
2022-01-25 12:30:45.636903 +0000 build-archlinux: .[1m.[32m==>.[0m.[1m Extracting qubes.db.tar.gz to a temporary location....[0m.
2022-01-25 12:30:45.642996 +0000 build-archlinux: .[1m.[32m==>.[0m.[1m Extracting qubes.files.tar.gz to a temporary location....[0m.
2022-01-25 12:30:45.650039 +0000 build-archlinux: .[1m.[32m==>.[0m.[1m Adding package 'pkgs/qubes-vm-gui-4.1.18-10-x86_64.pkg.tar.zst'.[0m.
2022-01-25 12:30:45.658858 +0000 build-archlinux: /usr/sbin/repo-add: line 204: /dev/fd/63: No such file or directory.
2022-01-25 12:30:45.658939 +0000 build-archlinux: .PKGINFO: Write error.
2022-01-25 12:30:45.658960 +0000 build-archlinux: bsdtar: Error exit delayed from previous errors..
2022-01-25 12:30:45.659745 +0000 build-archlinux: .[1m.[31m==> ERROR:.[0m.[1m Invalid package file 'pkgs/qubes-vm-gui-4.1.18-10-x86_64.pkg.tar.zst'..[0m.
2022-01-25 12:30:45.661167 +0000 build-archlinux: .[1m.[32m==>.[0m.[1m No packages modified, nothing to do..[0m.
2022-01-25 12:30:45.678378 +0000 build-archlinux: .[1m.[32m==>.[0m.[1m Extracting qubes.db.tar.gz to a temporary location....[0m.
2022-01-25 12:30:45.684431 +0000 build-archlinux: .[1m.[32m==>.[0m.[1m Extracting qubes.files.tar.gz to a temporary location....[0m.
2022-01-25 12:30:45.691844 +0000 build-archlinux: .[1m.[31m==> ERROR:.[0m.[1m 'pkgs/qubes-vm-gui-4.1.18-10-x86_64.pkg.tar.zst.sig' is not a package file, skipping.[0m.
2022-01-25 12:30:45.693226 +0000 build-archlinux: .[1m.[32m==>.[0m.[1m No packages modified, nothing to do..[0m.
2022-01-25 12:30:45.709960 +0000 build-archlinux: .[1m.[32m==>.[0m.[1m Extracting qubes.db.tar.gz to a temporary location....[0m.
2022-01-25 12:30:45.715664 +0000 build-archlinux: .[1m.[32m==>.[0m.[1m Extracting qubes.files.tar.gz to a temporary location....[0m.
2022-01-25 12:30:45.722264 +0000 build-archlinux: .[1m.[32m==>.[0m.[1m Adding package 'pkgs/qubes-vm-gui-4.1.23-10-x86_64.pkg.tar.zst'.[0m.
2022-01-25 12:30:45.730986 +0000 build-archlinux: /usr/sbin/repo-add: line 204: /dev/fd/63: No such file or directory.
2022-01-25 12:30:45.731035 +0000 build-archlinux: .PKGINFO: Write error.
2022-01-25 12:30:45.731050 +0000 build-archlinux: bsdtar: Error exit delayed from previous errors..
2022-01-25 12:30:45.731429 +0000 build-archlinux: .[1m.[31m==> ERROR:.[0m.[1m Invalid package file 'pkgs/qubes-vm-gui-4.1.23-10-x86_64.pkg.tar.zst'..[0m.
2022-01-25 12:30:45.733083 +0000 build-archlinux: .[1m.[32m==>.[0m.[1m No packages modified, nothing to do..[0m.
2022-01-25 12:30:45.750274 +0000 build-archlinux: .[1m.[32m==>.[0m.[1m Extracting qubes.db.tar.gz to a temporary location....[0m.
2022-01-25 12:30:45.756197 +0000 build-archlinux: .[1m.[32m==>.[0m.[1m Extracting qubes.files.tar.gz to a temporary location....[0m.
2022-01-25 12:30:45.763422 +0000 build-archlinux: .[1m.[31m==> ERROR:.[0m.[1m 'pkgs/qubes-vm-gui-4.1.23-10-x86_64.pkg.tar.zst.sig' is not a package file, skipping.[0m.
2022-01-25 12:30:45.764602 +0000 build-archlinux: .[1m.[32m==>.[0m.[1m No packages modified, nothing to do..[0m.
2022-01-25 12:30:45.781222 +0000 build-archlinux: .[1m.[32m==>.[0m.[1m Extracting qubes.db.tar.gz to a temporary location....[0m.
2022-01-25 12:30:45.787961 +0000 build-archlinux: .[1m.[32m==>.[0m.[1m Extracting qubes.files.tar.gz to a temporary location....[0m.
2022-01-25 12:30:45.795099 +0000 build-archlinux: .[1m.[32m==>.[0m.[1m Adding package 'pkgs/qubes-vm-gui-4.1.24-10-x86_64.pkg.tar.zst'.[0m.
2022-01-25 12:30:45.802319 +0000 build-archlinux: /usr/sbin/repo-add: line 204: /dev/fd/63: No such file or directory.
2022-01-25 12:30:45.804731 +0000 build-archlinux: .[1m.[31m==> ERROR:.[0m.[1m Invalid package file 'pkgs/qubes-vm-gui-4.1.24-10-x86_64.pkg.tar.zst'..[0m.
2022-01-25 12:30:45.806284 +0000 build-archlinux: .[1m.[32m==>.[0m.[1m No packages modified, nothing to do..[0m.
2022-01-25 12:30:45.822997 +0000 build-archlinux: .[1m.[32m==>.[0m.[1m Extracting qubes.db.tar.gz to a temporary location....[0m.
2022-01-25 12:30:45.828635 +0000 build-archlinux: .[1m.[32m==>.[0m.[1m Extracting qubes.files.tar.gz to a temporary location....[0m.
2022-01-25 12:30:45.835609 +0000 build-archlinux: .[1m.[31m==> ERROR:.[0m.[1m 'pkgs/qubes-vm-gui-4.1.24-10-x86_64.pkg.tar.zst.sig' is not a package file, skipping.[0m.
2022-01-25 12:30:45.836813 +0000 build-archlinux: .[1m.[32m==>.[0m.[1m No packages modified, nothing to do..[0m.
2022-01-25 12:30:45.853186 +0000 build-archlinux: .[1m.[32m==>.[0m.[1m Extracting qubes.db.tar.gz to a temporary location....[0m.
2022-01-25 12:30:45.859082 +0000 build-archlinux: .[1m.[32m==>.[0m.[1m Extracting qubes.files.tar.gz to a temporary location....[0m.
2022-01-25 12:30:45.865668 +0000 build-archlinux: .[1m.[32m==>.[0m.[1m Adding package 'pkgs/qubes-vm-gui-common-4.1.1-1-x86_64.pkg.tar.zst'.[0m.
2022-01-25 12:30:45.874156 +0000 build-archlinux: /usr/sbin/repo-add: line 204: /dev/fd/63: No such file or directory.
2022-01-25 12:30:45.874201 +0000 build-archlinux: .PKGINFO: Write error.
2022-01-25 12:30:45.874216 +0000 build-archlinux: bsdtar: Error exit delayed from previous errors..
2022-01-25 12:30:45.875256 +0000 build-archlinux: .[1m.[31m==> ERROR:.[0m.[1m Invalid package file 'pkgs/qubes-vm-gui-common-4.1.1-1-x86_64.pkg.tar.zst'..[0m.
2022-01-25 12:30:45.876836 +0000 build-archlinux: .[1m.[32m==>.[0m.[1m No packages modified, nothing to do..[0m.
2022-01-25 12:30:45.893564 +0000 build-archlinux: .[1m.[32m==>.[0m.[1m Extracting qubes.db.tar.gz to a temporary location....[0m.
2022-01-25 12:30:45.899309 +0000 build-archlinux: .[1m.[32m==>.[0m.[1m Extracting qubes.files.tar.gz to a temporary location....[0m.
2022-01-25 12:30:45.905652 +0000 build-archlinux: .[1m.[32m==>.[0m.[1m Adding package 'pkgs/qubes-vm-kernel-support-4.1.12-10-x86_64.pkg.tar.zst'.[0m.
2022-01-25 12:30:45.913392 +0000 build-archlinux: /usr/sbin/repo-add: line 204: /dev/fd/63: No such file or directory.
2022-01-25 12:30:45.915188 +0000 build-archlinux: .PKGINFO: Write error.
2022-01-25 12:30:45.915234 +0000 build-archlinux: bsdtar: Error exit delayed from previous errors..
2022-01-25 12:30:45.915252 +0000 build-archlinux: .[1m.[31m==> ERROR:.[0m.[1m Invalid package file 'pkgs/qubes-vm-kernel-support-4.1.12-10-x86_64.pkg.tar.zst'..[0m.
2022-01-25 12:30:45.916407 +0000 build-archlinux: .[1m.[32m==>.[0m.[1m No packages modified, nothing to do..[0m.
2022-01-25 12:30:45.932862 +0000 build-archlinux: .[1m.[32m==>.[0m.[1m Extracting qubes.db.tar.gz to a temporary location....[0m.
2022-01-25 12:30:45.938841 +0000 build-archlinux: .[1m.[32m==>.[0m.[1m Extracting qubes.files.tar.gz to a temporary location....[0m.
2022-01-25 12:30:45.946580 +0000 build-archlinux: .[1m.[31m==> ERROR:.[0m.[1m 'pkgs/qubes-vm-kernel-support-4.1.12-10-x86_64.pkg.tar.zst.sig' is not a package file, skipping.[0m.
2022-01-25 12:30:45.947909 +0000 build-archlinux: .[1m.[32m==>.[0m.[1m No packages modified, nothing to do..[0m.
2022-01-25 12:30:45.964401 +0000 build-archlinux: .[1m.[32m==>.[0m.[1m Extracting qubes.db.tar.gz to a temporary location....[0m.
2022-01-25 12:30:45.970081 +0000 build-archlinux: .[1m.[32m==>.[0m.[1m Extracting qubes.files.tar.gz to a temporary location....[0m.
2022-01-25 12:30:45.976238 +0000 build-archlinux: .[1m.[32m==>.[0m.[1m Adding package 'pkgs/qubes-vm-kernel-support-4.1.13-10-x86_64.pkg.tar.zst'.[0m.
2022-01-25 12:30:45.984379 +0000 build-archlinux: /usr/sbin/repo-add: line 204: /dev/fd/63: No such file or directory.
2022-01-25 12:30:45.984423 +0000 build-archlinux: .PKGINFO: Write error.
2022-01-25 12:30:45.984437 +0000 build-archlinux: bsdtar: Error exit delayed from previous errors..
2022-01-25 12:30:45.985406 +0000 build-archlinux: .[1m.[31m==> ERROR:.[0m.[1m Invalid package file 'pkgs/qubes-vm-kernel-support-4.1.13-10-x86_64.pkg.tar.zst'..[0m.
2022-01-25 12:30:45.986709 +0000 build-archlinux: .[1m.[32m==>.[0m.[1m No packages modified, nothing to do..[0m.
2022-01-25 12:30:46.003721 +0000 build-archlinux: .[1m.[32m==>.[0m.[1m Extracting qubes.db.tar.gz to a temporary location....[0m.
2022-01-25 12:30:46.010003 +0000 build-archlinux: .[1m.[32m==>.[0m.[1m Extracting qubes.files.tar.gz to a temporary location....[0m.
2022-01-25 12:30:46.017674 +0000 build-archlinux: .[1m.[31m==> ERROR:.[0m.[1m 'pkgs/qubes-vm-kernel-support-4.1.13-10-x86_64.pkg.tar.zst.sig' is not a package file, skipping.[0m.
2022-01-25 12:30:46.019092 +0000 build-archlinux: .[1m.[32m==>.[0m.[1m No packages modified, nothing to do..[0m.
2022-01-25 12:30:46.036032 +0000 build-archlinux: .[1m.[32m==>.[0m.[1m Extracting qubes.db.tar.gz to a temporary location....[0m.
2022-01-25 12:30:46.041820 +0000 build-archlinux: .[1m.[32m==>.[0m.[1m Extracting qubes.files.tar.gz to a temporary location....[0m.
2022-01-25 12:30:46.048102 +0000 build-archlinux: .[1m.[32m==>.[0m.[1m Adding package 'pkgs/qubes-vm-kernel-support-4.1.14-10-x86_64.pkg.tar.zst'.[0m.
2022-01-25 12:30:46.054934 +0000 build-archlinux: /usr/sbin/repo-add: line 204: /dev/fd/63: No such file or directory.
2022-01-25 12:30:46.057122 +0000 build-archlinux: .[1m.[31m==> ERROR:.[0m.[1m Invalid package file 'pkgs/qubes-vm-kernel-support-4.1.14-10-x86_64.pkg.tar.zst'..[0m.
2022-01-25 12:30:46.058499 +0000 build-archlinux: .[1m.[32m==>.[0m.[1m No packages modified, nothing to do..[0m.
2022-01-25 12:30:46.074839 +0000 build-archlinux: .[1m.[32m==>.[0m.[1m Extracting qubes.db.tar.gz to a temporary location....[0m.
2022-01-25 12:30:46.080844 +0000 build-archlinux: .[1m.[32m==>.[0m.[1m Extracting qubes.files.tar.gz to a temporary location....[0m.
2022-01-25 12:30:46.088186 +0000 build-archlinux: .[1m.[31m==> ERROR:.[0m.[1m 'pkgs/qubes-vm-kernel-support-4.1.14-10-x86_64.pkg.tar.zst.sig' is not a package file, skipping.[0m.
2022-01-25 12:30:46.089599 +0000 build-archlinux: .[1m.[32m==>.[0m.[1m No packages modified, nothing to do..[0m.
2022-01-25 12:30:46.106033 +0000 build-archlinux: .[1m.[32m==>.[0m.[1m Extracting qubes.db.tar.gz to a temporary location....[0m.
2022-01-25 12:30:46.112000 +0000 build-archlinux: .[1m.[32m==>.[0m.[1m Extracting qubes.files.tar.gz to a temporary location....[0m.
2022-01-25 12:30:46.118449 +0000 build-archlinux: .[1m.[32m==>.[0m.[1m Adding package 'pkgs/qubes-vm-kernel-support-4.1.15-10-x86_64.pkg.tar.zst'.[0m.
2022-01-25 12:30:46.125168 +0000 build-archlinux: /usr/sbin/repo-add: line 204: /dev/fd/63: No such file or directory.
2022-01-25 12:30:46.127280 +0000 build-archlinux: .[1m.[31m==> ERROR:.[0m.[1m Invalid package file 'pkgs/qubes-vm-kernel-support-4.1.15-10-x86_64.pkg.tar.zst'..[0m.
2022-01-25 12:30:46.128643 +0000 build-archlinux: .[1m.[32m==>.[0m.[1m No packages modified, nothing to do..[0m.
2022-01-25 12:30:46.145049 +0000 build-archlinux: .[1m.[32m==>.[0m.[1m Extracting qubes.db.tar.gz to a temporary location....[0m.
2022-01-25 12:30:46.151133 +0000 build-archlinux: .[1m.[32m==>.[0m.[1m Extracting qubes.files.tar.gz to a temporary location....[0m.
2022-01-25 12:30:46.158626 +0000 build-archlinux: .[1m.[31m==> ERROR:.[0m.[1m 'pkgs/qubes-vm-kernel-support-4.1.15-10-x86_64.pkg.tar.zst.sig' is not a package file, skipping.[0m.
2022-01-25 12:30:46.159936 +0000 build-archlinux: .[1m.[32m==>.[0m.[1m No packages modified, nothing to do..[0m.
2022-01-25 12:30:46.176225 +0000 build-archlinux: .[1m.[32m==>.[0m.[1m Extracting qubes.db.tar.gz to a temporary location....[0m.
2022-01-25 12:30:46.181986 +0000 build-archlinux: .[1m.[32m==>.[0m.[1m Extracting qubes.files.tar.gz to a temporary location....[0m.
2022-01-25 12:30:46.188362 +0000 build-archlinux: .[1m.[32m==>.[0m.[1m Adding package 'pkgs/qubes-vm-kernel-support-4.1.16-10-x86_64.pkg.tar.zst'.[0m.
2022-01-25 12:30:46.197153 +0000 build-archlinux: /usr/sbin/repo-add: line 204: /dev/fd/63: No such file or directory.
2022-01-25 12:30:46.199401 +0000 build-archlinux: .[1m.[31m==> ERROR:.[0m.[1m Invalid package file 'pkgs/qubes-vm-kernel-support-4.1.16-10-x86_64.pkg.tar.zst'..[0m.
2022-01-25 12:30:46.200657 +0000 build-archlinux: .[1m.[32m==>.[0m.[1m No packages modified, nothing to do..[0m.
2022-01-25 12:30:46.217188 +0000 build-archlinux: .[1m.[32m==>.[0m.[1m Extracting qubes.db.tar.gz to a temporary location....[0m.
2022-01-25 12:30:46.223206 +0000 build-archlinux: .[1m.[32m==>.[0m.[1m Extracting qubes.files.tar.gz to a temporary location....[0m.
2022-01-25 12:30:46.230585 +0000 build-archlinux: .[1m.[31m==> ERROR:.[0m.[1m 'pkgs/qubes-vm-kernel-support-4.1.16-10-x86_64.pkg.tar.zst.sig' is not a package file, skipping.[0m.
2022-01-25 12:30:46.231832 +0000 build-archlinux: .[1m.[32m==>.[0m.[1m No packages modified, nothing to do..[0m.
2022-01-25 12:30:46.248478 +0000 build-archlinux: .[1m.[32m==>.[0m.[1m Extracting qubes.db.tar.gz to a temporary location....[0m.
2022-01-25 12:30:46.254288 +0000 build-archlinux: .[1m.[32m==>.[0m.[1m Extracting qubes.files.tar.gz to a temporary location....[0m.
2022-01-25 12:30:46.260678 +0000 build-archlinux: .[1m.[32m==>.[0m.[1m Adding package 'pkgs/qubes-vm-keyring-4.1.18-15-x86_64.pkg.tar.zst'.[0m.
2022-01-25 12:30:46.269814 +0000 build-archlinux: /usr/sbin/repo-add: line 204: /dev/fd/63: No such file or directory.
2022-01-25 12:30:46.269895 +0000 build-archlinux: .PKGINFO: Write error.
2022-01-25 12:30:46.269918 +0000 build-archlinux: bsdtar: Error exit delayed from previous errors..
2022-01-25 12:30:46.269937 +0000 build-archlinux: .[1m.[31m==> ERROR:.[0m.[1m Invalid package file 'pkgs/qubes-vm-keyring-4.1.18-15-x86_64.pkg.tar.zst'..[0m.
2022-01-25 12:30:46.271232 +0000 build-archlinux: .[1m.[32m==>.[0m.[1m No packages modified, nothing to do..[0m.
2022-01-25 12:30:46.288347 +0000 build-archlinux: .[1m.[32m==>.[0m.[1m Extracting qubes.db.tar.gz to a temporary location....[0m.
2022-01-25 12:30:46.294705 +0000 build-archlinux: .[1m.[32m==>.[0m.[1m Extracting qubes.files.tar.gz to a temporary location....[0m.
2022-01-25 12:30:46.301064 +0000 build-archlinux: .[1m.[32m==>.[0m.[1m Adding package 'pkgs/qubes-vm-keyring-4.1.19-15-x86_64.pkg.tar.zst'.[0m.
2022-01-25 12:30:46.308039 +0000 build-archlinux: /usr/sbin/repo-add: line 204: /dev/fd/63: No such file or directory.
2022-01-25 12:30:46.310213 +0000 build-archlinux: .[1m.[31m==> ERROR:.[0m.[1m Invalid package file 'pkgs/qubes-vm-keyring-4.1.19-15-x86_64.pkg.tar.zst'..[0m.
2022-01-25 12:30:46.311513 +0000 build-archlinux: .[1m.[32m==>.[0m.[1m No packages modified, nothing to do..[0m.
2022-01-25 12:30:46.328165 +0000 build-archlinux: .[1m.[32m==>.[0m.[1m Extracting qubes.db.tar.gz to a temporary location....[0m.
2022-01-25 12:30:46.333674 +0000 build-archlinux: .[1m.[32m==>.[0m.[1m Extracting qubes.files.tar.gz to a temporary location....[0m.
2022-01-25 12:30:46.340218 +0000 build-archlinux: .[1m.[32m==>.[0m.[1m Adding package 'pkgs/qubes-vm-keyring-4.1.21-15-x86_64.pkg.tar.zst'.[0m.
2022-01-25 12:30:46.348231 +0000 build-archlinux: /usr/sbin/repo-add: line 204: /dev/fd/63: No such file or directory.
2022-01-25 12:30:46.348288 +0000 build-archlinux: .PKGINFO: Write error.
2022-01-25 12:30:46.348310 +0000 build-archlinux: bsdtar: Error exit delayed from previous errors..
2022-01-25 12:30:46.349913 +0000 build-archlinux: .[1m.[31m==> ERROR:.[0m.[1m Invalid package file 'pkgs/qubes-vm-keyring-4.1.21-15-x86_64.pkg.tar.zst'..[0m.
2022-01-25 12:30:46.351237 +0000 build-archlinux: .[1m.[32m==>.[0m.[1m No packages modified, nothing to do..[0m.
2022-01-25 12:30:46.367928 +0000 build-archlinux: .[1m.[32m==>.[0m.[1m Extracting qubes.db.tar.gz to a temporary location....[0m.
2022-01-25 12:30:46.374075 +0000 build-archlinux: .[1m.[32m==>.[0m.[1m Extracting qubes.files.tar.gz to a temporary location....[0m.
2022-01-25 12:30:46.380754 +0000 build-archlinux: .[1m.[32m==>.[0m.[1m Adding package 'pkgs/qubes-vm-keyring-4.1.23-15-x86_64.pkg.tar.zst'.[0m.
2022-01-25 12:30:46.387993 +0000 build-archlinux: /usr/sbin/repo-add: line 204: /dev/fd/63: No such file or directory.
2022-01-25 12:30:46.390150 +0000 build-archlinux: .[1m.[31m==> ERROR:.[0m.[1m Invalid package file 'pkgs/qubes-vm-keyring-4.1.23-15-x86_64.pkg.tar.zst'..[0m.
2022-01-25 12:30:46.391565 +0000 build-archlinux: .[1m.[32m==>.[0m.[1m No packages modified, nothing to do..[0m.
2022-01-25 12:30:46.408552 +0000 build-archlinux: .[1m.[32m==>.[0m.[1m Extracting qubes.db.tar.gz to a temporary location....[0m.
2022-01-25 12:30:46.414326 +0000 build-archlinux: .[1m.[32m==>.[0m.[1m Extracting qubes.files.tar.gz to a temporary location....[0m.
2022-01-25 12:30:46.420535 +0000 build-archlinux: .[1m.[32m==>.[0m.[1m Adding package 'pkgs/qubes-vm-keyring-4.1.24-15-x86_64.pkg.tar.zst'.[0m.
2022-01-25 12:30:46.429587 +0000 build-archlinux: /usr/sbin/repo-add: line 204: /dev/fd/63: No such file or directory.
2022-01-25 12:30:46.429633 +0000 build-archlinux: .PKGINFO: Write error.
2022-01-25 12:30:46.429647 +0000 build-archlinux: bsdtar: Error exit delayed from previous errors..
2022-01-25 12:30:46.429911 +0000 build-archlinux: .[1m.[31m==> ERROR:.[0m.[1m Invalid package file 'pkgs/qubes-vm-keyring-4.1.24-15-x86_64.pkg.tar.zst'..[0m.
2022-01-25 12:30:46.431203 +0000 build-archlinux: .[1m.[32m==>.[0m.[1m No packages modified, nothing to do..[0m.
2022-01-25 12:30:46.447948 +0000 build-archlinux: .[1m.[32m==>.[0m.[1m Extracting qubes.db.tar.gz to a temporary location....[0m.
2022-01-25 12:30:46.453827 +0000 build-archlinux: .[1m.[32m==>.[0m.[1m Extracting qubes.files.tar.gz to a temporary location....[0m.
2022-01-25 12:30:46.460397 +0000 build-archlinux: .[1m.[32m==>.[0m.[1m Adding package 'pkgs/qubes-vm-keyring-4.1.25-15-x86_64.pkg.tar.zst'.[0m.
2022-01-25 12:30:46.467309 +0000 build-archlinux: /usr/sbin/repo-add: line 204: /dev/fd/63: No such file or directory.
2022-01-25 12:30:46.469635 +0000 build-archlinux: .[1m.[31m==> ERROR:.[0m.[1m Invalid package file 'pkgs/qubes-vm-keyring-4.1.25-15-x86_64.pkg.tar.zst'..[0m.
2022-01-25 12:30:46.470983 +0000 build-archlinux: .[1m.[32m==>.[0m.[1m No packages modified, nothing to do..[0m.
2022-01-25 12:30:46.487402 +0000 build-archlinux: .[1m.[32m==>.[0m.[1m Extracting qubes.db.tar.gz to a temporary location....[0m.
2022-01-25 12:30:46.493281 +0000 build-archlinux: .[1m.[32m==>.[0m.[1m Extracting qubes.files.tar.gz to a temporary location....[0m.
2022-01-25 12:30:46.499817 +0000 build-archlinux: .[1m.[32m==>.[0m.[1m Adding package 'pkgs/qubes-vm-keyring-4.1.26-15-x86_64.pkg.tar.zst'.[0m.
2022-01-25 12:30:46.508502 +0000 build-archlinux: /usr/sbin/repo-add: line 204: /dev/fd/63: No such file or directory.
2022-01-25 12:30:46.510598 +0000 build-archlinux: .[1m.[31m==> ERROR:.[0m.[1m Invalid package file 'pkgs/qubes-vm-keyring-4.1.26-15-x86_64.pkg.tar.zst'..[0m.
2022-01-25 12:30:46.511942 +0000 build-archlinux: .[1m.[32m==>.[0m.[1m No packages modified, nothing to do..[0m.
2022-01-25 12:30:46.528109 +0000 build-archlinux: .[1m.[32m==>.[0m.[1m Extracting qubes.db.tar.gz to a temporary location....[0m.
2022-01-25 12:30:46.534071 +0000 build-archlinux: .[1m.[32m==>.[0m.[1m Extracting qubes.files.tar.gz to a temporary location....[0m.
2022-01-25 12:30:46.540568 +0000 build-archlinux: .[1m.[32m==>.[0m.[1m Adding package 'pkgs/qubes-vm-keyring-4.1.31-16-x86_64.pkg.tar.zst'.[0m.
2022-01-25 12:30:46.549171 +0000 build-archlinux: /usr/sbin/repo-add: line 204: /dev/fd/63: No such file or directory.
2022-01-25 12:30:46.549256 +0000 build-archlinux: .PKGINFO: Write error.
2022-01-25 12:30:46.549256 +0000 build-archlinux: bsdtar: Error exit delayed from previous errors..
2022-01-25 12:30:46.550082 +0000 build-archlinux: .[1m.[31m==> ERROR:.[0m.[1m Invalid package file 'pkgs/qubes-vm-keyring-4.1.31-16-x86_64.pkg.tar.zst'..[0m.
2022-01-25 12:30:46.551528 +0000 build-archlinux: .[1m.[32m==>.[0m.[1m No packages modified, nothing to do..[0m.
2022-01-25 12:30:46.568086 +0000 build-archlinux: .[1m.[32m==>.[0m.[1m Extracting qubes.db.tar.gz to a temporary location....[0m.
2022-01-25 12:30:46.573753 +0000 build-archlinux: .[1m.[32m==>.[0m.[1m Extracting qubes.files.tar.gz to a temporary location....[0m.
2022-01-25 12:30:46.580532 +0000 build-archlinux: .[1m.[32m==>.[0m.[1m Adding package 'pkgs/qubes-vm-networking-4.1.18-15-x86_64.pkg.tar.zst'.[0m.
2022-01-25 12:30:46.589606 +0000 build-archlinux: /usr/sbin/repo-add: line 204: /dev/fd/63: No such file or directory.
2022-01-25 12:30:46.589651 +0000 build-archlinux: .PKGINFO: Write error.
2022-01-25 12:30:46.589665 +0000 build-archlinux: bsdtar: Error exit delayed from previous errors..
2022-01-25 12:30:46.589971 +0000 build-archlinux: .[1m.[31m==> ERROR:.[0m.[1m Invalid package file 'pkgs/qubes-vm-networking-4.1.18-15-x86_64.pkg.tar.zst'..[0m.
2022-01-25 12:30:46.591244 +0000 build-archlinux: .[1m.[32m==>.[0m.[1m No packages modified, nothing to do..[0m.
2022-01-25 12:30:46.607690 +0000 build-archlinux: .[1m.[32m==>.[0m.[1m Extracting qubes.db.tar.gz to a temporary location....[0m.
2022-01-25 12:30:46.613972 +0000 build-archlinux: .[1m.[32m==>.[0m.[1m Extracting qubes.files.tar.gz to a temporary location....[0m.
2022-01-25 12:30:46.620689 +0000 build-archlinux: .[1m.[32m==>.[0m.[1m Adding package 'pkgs/qubes-vm-networking-4.1.19-15-x86_64.pkg.tar.zst'.[0m.
2022-01-25 12:30:46.627997 +0000 build-archlinux: /usr/sbin/repo-add: line 204: /dev/fd/63: No such file or directory.
2022-01-25 12:30:46.630051 +0000 build-archlinux: .[1m.[31m==> ERROR:.[0m.[1m Invalid package file 'pkgs/qubes-vm-networking-4.1.19-15-x86_64.pkg.tar.zst'..[0m.
2022-01-25 12:30:46.631354 +0000 build-archlinux: .[1m.[32m==>.[0m.[1m No packages modified, nothing to do..[0m.
2022-01-25 12:30:46.647956 +0000 build-archlinux: .[1m.[32m==>.[0m.[1m Extracting qubes.db.tar.gz to a temporary location....[0m.
2022-01-25 12:30:46.653909 +0000 build-archlinux: .[1m.[32m==>.[0m.[1m Extracting qubes.files.tar.gz to a temporary location....[0m.
2022-01-25 12:30:46.660669 +0000 build-archlinux: .[1m.[32m==>.[0m.[1m Adding package 'pkgs/qubes-vm-networking-4.1.21-15-x86_64.pkg.tar.zst'.[0m.
2022-01-25 12:30:46.668037 +0000 build-archlinux: /usr/sbin/repo-add: line 204: /dev/fd/63: No such file or directory.
2022-01-25 12:30:46.670074 +0000 build-archlinux: .[1m.[31m==> ERROR:.[0m.[1m Invalid package file 'pkgs/qubes-vm-networking-4.1.21-15-x86_64.pkg.tar.zst'..[0m.
2022-01-25 12:30:46.671468 +0000 build-archlinux: .[1m.[32m==>.[0m.[1m No packages modified, nothing to do..[0m.
2022-01-25 12:30:46.688299 +0000 build-archlinux: .[1m.[32m==>.[0m.[1m Extracting qubes.db.tar.gz to a temporary location....[0m.
2022-01-25 12:30:46.694232 +0000 build-archlinux: .[1m.[32m==>.[0m.[1m Extracting qubes.files.tar.gz to a temporary location....[0m.
2022-01-25 12:30:46.700694 +0000 build-archlinux: .[1m.[32m==>.[0m.[1m Adding package 'pkgs/qubes-vm-networking-4.1.23-15-x86_64.pkg.tar.zst'.[0m.
2022-01-25 12:30:46.708384 +0000 build-archlinux: /usr/sbin/repo-add: line 204: /dev/fd/63: No such file or directory.
2022-01-25 12:30:46.708428 +0000 build-archlinux: .PKGINFO: Write error.
2022-01-25 12:30:46.708442 +0000 build-archlinux: bsdtar: Error exit delayed from previous errors..
2022-01-25 12:30:46.710341 +0000 build-archlinux: .[1m.[31m==> ERROR:.[0m.[1m Invalid package file 'pkgs/qubes-vm-networking-4.1.23-15-x86_64.pkg.tar.zst'..[0m.
2022-01-25 12:30:46.711680 +0000 build-archlinux: .[1m.[32m==>.[0m.[1m No packages modified, nothing to do..[0m.
2022-01-25 12:30:46.728201 +0000 build-archlinux: .[1m.[32m==>.[0m.[1m Extracting qubes.db.tar.gz to a temporary location....[0m.
2022-01-25 12:30:46.734265 +0000 build-archlinux: .[1m.[32m==>.[0m.[1m Extracting qubes.files.tar.gz to a temporary location....[0m.
2022-01-25 12:30:46.740711 +0000 build-archlinux: .[1m.[32m==>.[0m.[1m Adding package 'pkgs/qubes-vm-networking-4.1.24-15-x86_64.pkg.tar.zst'.[0m.
2022-01-25 12:30:46.747614 +0000 build-archlinux: /usr/sbin/repo-add: line 204: /dev/fd/63: No such file or directory.
2022-01-25 12:30:46.749852 +0000 build-archlinux: .[1m.[31m==> ERROR:.[0m.[1m Invalid package file 'pkgs/qubes-vm-networking-4.1.24-15-x86_64.pkg.tar.zst'..[0m.
2022-01-25 12:30:46.751192 +0000 build-archlinux: .[1m.[32m==>.[0m.[1m No packages modified, nothing to do..[0m.
2022-01-25 12:30:46.768163 +0000 build-archlinux: .[1m.[32m==>.[0m.[1m Extracting qubes.db.tar.gz to a temporary location....[0m.
2022-01-25 12:30:46.774197 +0000 build-archlinux: .[1m.[32m==>.[0m.[1m Extracting qubes.files.tar.gz to a temporary location....[0m.
2022-01-25 12:30:46.780992 +0000 build-archlinux: .[1m.[32m==>.[0m.[1m Adding package 'pkgs/qubes-vm-networking-4.1.25-15-x86_64.pkg.tar.zst'.[0m.
2022-01-25 12:30:46.787850 +0000 build-archlinux: /usr/sbin/repo-add: line 204: /dev/fd/63: No such file or directory.
2022-01-25 12:30:46.790013 +0000 build-archlinux: .[1m.[31m==> ERROR:.[0m.[1m Invalid package file 'pkgs/qubes-vm-networking-4.1.25-15-x86_64.pkg.tar.zst'..[0m.
2022-01-25 12:30:46.791308 +0000 build-archlinux: .[1m.[32m==>.[0m.[1m No packages modified, nothing to do..[0m.
2022-01-25 12:30:46.807664 +0000 build-archlinux: .[1m.[32m==>.[0m.[1m Extracting qubes.db.tar.gz to a temporary location....[0m.
2022-01-25 12:30:46.813626 +0000 build-archlinux: .[1m.[32m==>.[0m.[1m Extracting qubes.files.tar.gz to a temporary location....[0m.
2022-01-25 12:30:46.820011 +0000 build-archlinux: .[1m.[32m==>.[0m.[1m Adding package 'pkgs/qubes-vm-networking-4.1.26-15-x86_64.pkg.tar.zst'.[0m.
2022-01-25 12:30:46.826879 +0000 build-archlinux: /usr/sbin/repo-add: line 204: /dev/fd/63: No such file or directory.
2022-01-25 12:30:46.828992 +0000 build-archlinux: .[1m.[31m==> ERROR:.[0m.[1m Invalid package file 'pkgs/qubes-vm-networking-4.1.26-15-x86_64.pkg.tar.zst'..[0m.
2022-01-25 12:30:46.830291 +0000 build-archlinux: .[1m.[32m==>.[0m.[1m No packages modified, nothing to do..[0m.
2022-01-25 12:30:46.846958 +0000 build-archlinux: .[1m.[32m==>.[0m.[1m Extracting qubes.db.tar.gz to a temporary location....[0m.
2022-01-25 12:30:46.853226 +0000 build-archlinux: .[1m.[32m==>.[0m.[1m Extracting qubes.files.tar.gz to a temporary location....[0m.
2022-01-25 12:30:46.859660 +0000 build-archlinux: .[1m.[32m==>.[0m.[1m Adding package 'pkgs/qubes-vm-networking-4.1.31-16-x86_64.pkg.tar.zst'.[0m.
2022-01-25 12:30:46.866643 +0000 build-archlinux: /usr/sbin/repo-add: line 204: /dev/fd/63: No such file or directory.
2022-01-25 12:30:46.868732 +0000 build-archlinux: .[1m.[31m==> ERROR:.[0m.[1m Invalid package file 'pkgs/qubes-vm-networking-4.1.31-16-x86_64.pkg.tar.zst'..[0m.
2022-01-25 12:30:46.870054 +0000 build-archlinux: .[1m.[32m==>.[0m.[1m No packages modified, nothing to do..[0m.
2022-01-25 12:30:46.886406 +0000 build-archlinux: .[1m.[32m==>.[0m.[1m Extracting qubes.db.tar.gz to a temporary location....[0m.
2022-01-25 12:30:46.892223 +0000 build-archlinux: .[1m.[32m==>.[0m.[1m Extracting qubes.files.tar.gz to a temporary location....[0m.
2022-01-25 12:30:46.898742 +0000 build-archlinux: .[1m.[32m==>.[0m.[1m Adding package 'pkgs/qubes-vm-passwordless-root-4.1.18-15-x86_64.pkg.tar.zst'.[0m.
2022-01-25 12:30:46.907227 +0000 build-archlinux: /usr/sbin/repo-add: line 204: /dev/fd/63: No such file or directory.
2022-01-25 12:30:46.909318 +0000 build-archlinux: .[1m.[31m==> ERROR:.[0m.[1m Invalid package file 'pkgs/qubes-vm-passwordless-root-4.1.18-15-x86_64.pkg.tar.zst'..[0m.
2022-01-25 12:30:46.910631 +0000 build-archlinux: .[1m.[32m==>.[0m.[1m No packages modified, nothing to do..[0m.
2022-01-25 12:30:46.927097 +0000 build-archlinux: .[1m.[32m==>.[0m.[1m Extracting qubes.db.tar.gz to a temporary location....[0m.
2022-01-25 12:30:46.932814 +0000 build-archlinux: .[1m.[32m==>.[0m.[1m Extracting qubes.files.tar.gz to a temporary location....[0m.
2022-01-25 12:30:46.939462 +0000 build-archlinux: .[1m.[32m==>.[0m.[1m Adding package 'pkgs/qubes-vm-passwordless-root-4.1.19-15-x86_64.pkg.tar.zst'.[0m.
2022-01-25 12:30:46.946418 +0000 build-archlinux: /usr/sbin/repo-add: line 204: /dev/fd/63: No such file or directory.
2022-01-25 12:30:46.948549 +0000 build-archlinux: .[1m.[31m==> ERROR:.[0m.[1m Invalid package file 'pkgs/qubes-vm-passwordless-root-4.1.19-15-x86_64.pkg.tar.zst'..[0m.
2022-01-25 12:30:46.949978 +0000 build-archlinux: .[1m.[32m==>.[0m.[1m No packages modified, nothing to do..[0m.
2022-01-25 12:30:46.966776 +0000 build-archlinux: .[1m.[32m==>.[0m.[1m Extracting qubes.db.tar.gz to a temporary location....[0m.
2022-01-25 12:30:46.972695 +0000 build-archlinux: .[1m.[32m==>.[0m.[1m Extracting qubes.files.tar.gz to a temporary location....[0m.
2022-01-25 12:30:46.979303 +0000 build-archlinux: .[1m.[32m==>.[0m.[1m Adding package 'pkgs/qubes-vm-passwordless-root-4.1.21-15-x86_64.pkg.tar.zst'.[0m.
2022-01-25 12:30:46.987061 +0000 build-archlinux: /usr/sbin/repo-add: line 204: /dev/fd/63: No such file or directory.
2022-01-25 12:30:46.987106 +0000 build-archlinux: .PKGINFO: Write error.
2022-01-25 12:30:46.987119 +0000 build-archlinux: bsdtar: Error exit delayed from previous errors..
2022-01-25 12:30:46.989029 +0000 build-archlinux: .[1m.[31m==> ERROR:.[0m.[1m Invalid package file 'pkgs/qubes-vm-passwordless-root-4.1.21-15-x86_64.pkg.tar.zst'..[0m.
2022-01-25 12:30:46.990490 +0000 build-archlinux: .[1m.[32m==>.[0m.[1m No packages modified, nothing to do..[0m.
2022-01-25 12:30:47.007421 +0000 build-archlinux: .[1m.[32m==>.[0m.[1m Extracting qubes.db.tar.gz to a temporary location....[0m.
2022-01-25 12:30:47.013270 +0000 build-archlinux: .[1m.[32m==>.[0m.[1m Extracting qubes.files.tar.gz to a temporary location....[0m.
2022-01-25 12:30:47.019642 +0000 build-archlinux: .[1m.[32m==>.[0m.[1m Adding package 'pkgs/qubes-vm-passwordless-root-4.1.23-15-x86_64.pkg.tar.zst'.[0m.
2022-01-25 12:30:47.028728 +0000 build-archlinux: /usr/sbin/repo-add: line 204: /dev/fd/63: No such file or directory.
2022-01-25 12:30:47.028776 +0000 build-archlinux: .PKGINFO: Write error.
2022-01-25 12:30:47.028791 +0000 build-archlinux: bsdtar: Error exit delayed from previous errors..
2022-01-25 12:30:47.029171 +0000 build-archlinux: .[1m.[31m==> ERROR:.[0m.[1m Invalid package file 'pkgs/qubes-vm-passwordless-root-4.1.23-15-x86_64.pkg.tar.zst'..[0m.
2022-01-25 12:30:47.030317 +0000 build-archlinux: .[1m.[32m==>.[0m.[1m No packages modified, nothing to do..[0m.
2022-01-25 12:30:47.047155 +0000 build-archlinux: .[1m.[32m==>.[0m.[1m Extracting qubes.db.tar.gz to a temporary location....[0m.
2022-01-25 12:30:47.053371 +0000 build-archlinux: .[1m.[32m==>.[0m.[1m Extracting qubes.files.tar.gz to a temporary location....[0m.
2022-01-25 12:30:47.060316 +0000 build-archlinux: .[1m.[32m==>.[0m.[1m Adding package 'pkgs/qubes-vm-passwordless-root-4.1.24-15-x86_64.pkg.tar.zst'.[0m.
2022-01-25 12:30:47.069137 +0000 build-archlinux: /usr/sbin/repo-add: line 204: /dev/fd/63: No such file or directory.
2022-01-25 12:30:47.071388 +0000 build-archlinux: .[1m.[31m==> ERROR:.[0m.[1m Invalid package file 'pkgs/qubes-vm-passwordless-root-4.1.24-15-x86_64.pkg.tar.zst'..[0m.
2022-01-25 12:30:47.072760 +0000 build-archlinux: .[1m.[32m==>.[0m.[1m No packages modified, nothing to do..[0m.
2022-01-25 12:30:47.089489 +0000 build-archlinux: .[1m.[32m==>.[0m.[1m Extracting qubes.db.tar.gz to a temporary location....[0m.
2022-01-25 12:30:47.095186 +0000 build-archlinux: .[1m.[32m==>.[0m.[1m Extracting qubes.files.tar.gz to a temporary location....[0m.
2022-01-25 12:30:47.101695 +0000 build-archlinux: .[1m.[32m==>.[0m.[1m Adding package 'pkgs/qubes-vm-passwordless-root-4.1.25-15-x86_64.pkg.tar.zst'.[0m.
2022-01-25 12:30:47.109240 +0000 build-archlinux: /usr/sbin/repo-add: line 204: /dev/fd/63: No such file or directory.
2022-01-25 12:30:47.112144 +0000 build-archlinux: .[1m.[31m==> ERROR:.[0m.[1m Invalid package file 'pkgs/qubes-vm-passwordless-root-4.1.25-15-x86_64.pkg.tar.zst'..[0m.
2022-01-25 12:30:47.113074 +0000 build-archlinux: .[1m.[32m==>.[0m.[1m No packages modified, nothing to do..[0m.
2022-01-25 12:30:47.129652 +0000 build-archlinux: .[1m.[32m==>.[0m.[1m Extracting qubes.db.tar.gz to a temporary location....[0m.
2022-01-25 12:30:47.135142 +0000 build-archlinux: .[1m.[32m==>.[0m.[1m Extracting qubes.files.tar.gz to a temporary location....[0m.
2022-01-25 12:30:47.141645 +0000 build-archlinux: .[1m.[32m==>.[0m.[1m Adding package 'pkgs/qubes-vm-passwordless-root-4.1.26-15-x86_64.pkg.tar.zst'.[0m.
2022-01-25 12:30:47.148538 +0000 build-archlinux: /usr/sbin/repo-add: line 204: /dev/fd/63: No such file or directory.
2022-01-25 12:30:47.150689 +0000 build-archlinux: .[1m.[31m==> ERROR:.[0m.[1m Invalid package file 'pkgs/qubes-vm-passwordless-root-4.1.26-15-x86_64.pkg.tar.zst'..[0m.
2022-01-25 12:30:47.152015 +0000 build-archlinux: .[1m.[32m==>.[0m.[1m No packages modified, nothing to do..[0m.
2022-01-25 12:30:47.168535 +0000 build-archlinux: .[1m.[32m==>.[0m.[1m Extracting qubes.db.tar.gz to a temporary location....[0m.
2022-01-25 12:30:47.174532 +0000 build-archlinux: .[1m.[32m==>.[0m.[1m Extracting qubes.files.tar.gz to a temporary location....[0m.
2022-01-25 12:30:47.181005 +0000 build-archlinux: .[1m.[32m==>.[0m.[1m Adding package 'pkgs/qubes-vm-passwordless-root-4.1.31-16-x86_64.pkg.tar.zst'.[0m.
2022-01-25 12:30:47.189031 +0000 build-archlinux: /usr/sbin/repo-add: line 204: /dev/fd/63: No such file or directory.
2022-01-25 12:30:47.189076 +0000 build-archlinux: .PKGINFO: Write error.
2022-01-25 12:30:47.189090 +0000 build-archlinux: bsdtar: Error exit delayed from previous errors..
2022-01-25 12:30:47.190547 +0000 build-archlinux: .[1m.[31m==> ERROR:.[0m.[1m Invalid package file 'pkgs/qubes-vm-passwordless-root-4.1.31-16-x86_64.pkg.tar.zst'..[0m.
2022-01-25 12:30:47.191815 +0000 build-archlinux: .[1m.[32m==>.[0m.[1m No packages modified, nothing to do..[0m.
2022-01-25 12:30:47.208438 +0000 build-archlinux: .[1m.[32m==>.[0m.[1m Extracting qubes.db.tar.gz to a temporary location....[0m.
2022-01-25 12:30:47.214406 +0000 build-archlinux: .[1m.[32m==>.[0m.[1m Extracting qubes.files.tar.gz to a temporary location....[0m.
2022-01-25 12:30:47.221006 +0000 build-archlinux: .[1m.[32m==>.[0m.[1m Adding package 'pkgs/qubes-vm-pulseaudio-4.1.15-10-x86_64.pkg.tar.zst'.[0m.
2022-01-25 12:30:47.228026 +0000 build-archlinux: /usr/sbin/repo-add: line 204: /dev/fd/63: No such file or directory.
2022-01-25 12:30:47.230147 +0000 build-archlinux: .[1m.[31m==> ERROR:.[0m.[1m Invalid package file 'pkgs/qubes-vm-pulseaudio-4.1.15-10-x86_64.pkg.tar.zst'..[0m.
2022-01-25 12:30:47.231451 +0000 build-archlinux: .[1m.[32m==>.[0m.[1m No packages modified, nothing to do..[0m.
2022-01-25 12:30:47.248122 +0000 build-archlinux: .[1m.[32m==>.[0m.[1m Extracting qubes.db.tar.gz to a temporary location....[0m.
2022-01-25 12:30:47.254194 +0000 build-archlinux: .[1m.[32m==>.[0m.[1m Extracting qubes.files.tar.gz to a temporary location....[0m.
2022-01-25 12:30:47.261575 +0000 build-archlinux: .[1m.[31m==> ERROR:.[0m.[1m 'pkgs/qubes-vm-pulseaudio-4.1.15-10-x86_64.pkg.tar.zst.sig' is not a package file, skipping.[0m.
2022-01-25 12:30:47.262732 +0000 build-archlinux: .[1m.[32m==>.[0m.[1m No packages modified, nothing to do..[0m.
2022-01-25 12:30:47.279228 +0000 build-archlinux: .[1m.[32m==>.[0m.[1m Extracting qubes.db.tar.gz to a temporary location....[0m.
2022-01-25 12:30:47.285328 +0000 build-archlinux: .[1m.[32m==>.[0m.[1m Extracting qubes.files.tar.gz to a temporary location....[0m.
2022-01-25 12:30:47.291845 +0000 build-archlinux: .[1m.[32m==>.[0m.[1m Adding package 'pkgs/qubes-vm-pulseaudio-4.1.16-10-x86_64.pkg.tar.zst'.[0m.
2022-01-25 12:30:47.300808 +0000 build-archlinux: /usr/sbin/repo-add: line 204: /dev/fd/63: No such file or directory.
2022-01-25 12:30:47.302943 +0000 build-archlinux: .[1m.[31m==> ERROR:.[0m.[1m Invalid package file 'pkgs/qubes-vm-pulseaudio-4.1.16-10-x86_64.pkg.tar.zst'..[0m.
2022-01-25 12:30:47.304309 +0000 build-archlinux: .[1m.[32m==>.[0m.[1m No packages modified, nothing to do..[0m.
2022-01-25 12:30:47.321027 +0000 build-archlinux: .[1m.[32m==>.[0m.[1m Extracting qubes.db.tar.gz to a temporary location....[0m.
2022-01-25 12:30:47.327009 +0000 build-archlinux: .[1m.[32m==>.[0m.[1m Extracting qubes.files.tar.gz to a temporary location....[0m.
2022-01-25 12:30:47.334435 +0000 build-archlinux: .[1m.[31m==> ERROR:.[0m.[1m 'pkgs/qubes-vm-pulseaudio-4.1.16-10-x86_64.pkg.tar.zst.sig' is not a package file, skipping.[0m.
2022-01-25 12:30:47.335650 +0000 build-archlinux: .[1m.[32m==>.[0m.[1m No packages modified, nothing to do..[0m.
2022-01-25 12:30:47.352563 +0000 build-archlinux: .[1m.[32m==>.[0m.[1m Extracting qubes.db.tar.gz to a temporary location....[0m.
2022-01-25 12:30:47.358618 +0000 build-archlinux: .[1m.[32m==>.[0m.[1m Extracting qubes.files.tar.gz to a temporary location....[0m.
2022-01-25 12:30:47.365540 +0000 build-archlinux: .[1m.[32m==>.[0m.[1m Adding package 'pkgs/qubes-vm-pulseaudio-4.1.18-10-x86_64.pkg.tar.zst'.[0m.
2022-01-25 12:30:47.373760 +0000 build-archlinux: /usr/sbin/repo-add: line 204: /dev/fd/63: No such file or directory.
2022-01-25 12:30:47.375084 +0000 build-archlinux: .PKGINFO: Write error.
2022-01-25 12:30:47.375138 +0000 build-archlinux: bsdtar: Error exit delayed from previous errors..
2022-01-25 12:30:47.375162 +0000 build-archlinux: .[1m.[31m==> ERROR:.[0m.[1m Invalid package file 'pkgs/qubes-vm-pulseaudio-4.1.18-10-x86_64.pkg.tar.zst'..[0m.
2022-01-25 12:30:47.376606 +0000 build-archlinux: .[1m.[32m==>.[0m.[1m No packages modified, nothing to do..[0m.
2022-01-25 12:30:47.393478 +0000 build-archlinux: .[1m.[32m==>.[0m.[1m Extracting qubes.db.tar.gz to a temporary location....[0m.
2022-01-25 12:30:47.399313 +0000 build-archlinux: .[1m.[32m==>.[0m.[1m Extracting qubes.files.tar.gz to a temporary location....[0m.
2022-01-25 12:30:47.406630 +0000 build-archlinux: .[1m.[31m==> ERROR:.[0m.[1m 'pkgs/qubes-vm-pulseaudio-4.1.18-10-x86_64.pkg.tar.zst.sig' is not a package file, skipping.[0m.
2022-01-25 12:30:47.407781 +0000 build-archlinux: .[1m.[32m==>.[0m.[1m No packages modified, nothing to do..[0m.
2022-01-25 12:30:47.424353 +0000 build-archlinux: .[1m.[32m==>.[0m.[1m Extracting qubes.db.tar.gz to a temporary location....[0m.
2022-01-25 12:30:47.430426 +0000 build-archlinux: .[1m.[32m==>.[0m.[1m Extracting qubes.files.tar.gz to a temporary location....[0m.
2022-01-25 12:30:47.437110 +0000 build-archlinux: .[1m.[32m==>.[0m.[1m Adding package 'pkgs/qubes-vm-pulseaudio-4.1.23-10-x86_64.pkg.tar.zst'.[0m.
2022-01-25 12:30:47.444325 +0000 build-archlinux: /usr/sbin/repo-add: line 204: /dev/fd/63: No such file or directory.
2022-01-25 12:30:47.446593 +0000 build-archlinux: .[1m.[31m==> ERROR:.[0m.[1m Invalid package file 'pkgs/qubes-vm-pulseaudio-4.1.23-10-x86_64.pkg.tar.zst'..[0m.
2022-01-25 12:30:47.448056 +0000 build-archlinux: .[1m.[32m==>.[0m.[1m No packages modified, nothing to do..[0m.
2022-01-25 12:30:47.465111 +0000 build-archlinux: .[1m.[32m==>.[0m.[1m Extracting qubes.db.tar.gz to a temporary location....[0m.
2022-01-25 12:30:47.471063 +0000 build-archlinux: .[1m.[32m==>.[0m.[1m Extracting qubes.files.tar.gz to a temporary location....[0m.
2022-01-25 12:30:47.478536 +0000 build-archlinux: .[1m.[31m==> ERROR:.[0m.[1m 'pkgs/qubes-vm-pulseaudio-4.1.23-10-x86_64.pkg.tar.zst.sig' is not a package file, skipping.[0m.
2022-01-25 12:30:47.479894 +0000 build-archlinux: .[1m.[32m==>.[0m.[1m No packages modified, nothing to do..[0m.
2022-01-25 12:30:47.497008 +0000 build-archlinux: .[1m.[32m==>.[0m.[1m Extracting qubes.db.tar.gz to a temporary location....[0m.
2022-01-25 12:30:47.503185 +0000 build-archlinux: .[1m.[32m==>.[0m.[1m Extracting qubes.files.tar.gz to a temporary location....[0m.
2022-01-25 12:30:47.509953 +0000 build-archlinux: .[1m.[32m==>.[0m.[1m Adding package 'pkgs/qubes-vm-pulseaudio-4.1.24-10-x86_64.pkg.tar.zst'.[0m.
2022-01-25 12:30:47.516906 +0000 build-archlinux: /usr/sbin/repo-add: line 204: /dev/fd/63: No such file or directory.
2022-01-25 12:30:47.519037 +0000 build-archlinux: .[1m.[31m==> ERROR:.[0m.[1m Invalid package file 'pkgs/qubes-vm-pulseaudio-4.1.24-10-x86_64.pkg.tar.zst'..[0m.
2022-01-25 12:30:47.520326 +0000 build-archlinux: .[1m.[32m==>.[0m.[1m No packages modified, nothing to do..[0m.
2022-01-25 12:30:47.536736 +0000 build-archlinux: .[1m.[32m==>.[0m.[1m Extracting qubes.db.tar.gz to a temporary location....[0m.
2022-01-25 12:30:47.542500 +0000 build-archlinux: .[1m.[32m==>.[0m.[1m Extracting qubes.files.tar.gz to a temporary location....[0m.
2022-01-25 12:30:47.549717 +0000 build-archlinux: .[1m.[31m==> ERROR:.[0m.[1m 'pkgs/qubes-vm-pulseaudio-4.1.24-10-x86_64.pkg.tar.zst.sig' is not a package file, skipping.[0m.
2022-01-25 12:30:47.550897 +0000 build-archlinux: .[1m.[32m==>.[0m.[1m No packages modified, nothing to do..[0m.
2022-01-25 12:30:47.567363 +0000 build-archlinux: .[1m.[32m==>.[0m.[1m Extracting qubes.db.tar.gz to a temporary location....[0m.
2022-01-25 12:30:47.573350 +0000 build-archlinux: .[1m.[32m==>.[0m.[1m Extracting qubes.files.tar.gz to a temporary location....[0m.
2022-01-25 12:30:47.580255 +0000 build-archlinux: .[1m.[32m==>.[0m.[1m Adding package 'pkgs/qubes-vm-qrexec-4.1.11-1-x86_64.pkg.tar.zst'.[0m.
2022-01-25 12:30:47.588307 +0000 build-archlinux: /usr/sbin/repo-add: line 204: /dev/fd/63: No such file or directory.
2022-01-25 12:30:47.588353 +0000 build-archlinux: .PKGINFO: Write error.
2022-01-25 12:30:47.588366 +0000 build-archlinux: bsdtar: Error exit delayed from previous errors..
2022-01-25 12:30:47.589683 +0000 build-archlinux: .[1m.[31m==> ERROR:.[0m.[1m Invalid package file 'pkgs/qubes-vm-qrexec-4.1.11-1-x86_64.pkg.tar.zst'..[0m.
2022-01-25 12:30:47.591007 +0000 build-archlinux: .[1m.[32m==>.[0m.[1m No packages modified, nothing to do..[0m.
2022-01-25 12:30:47.607704 +0000 build-archlinux: .[1m.[32m==>.[0m.[1m Extracting qubes.db.tar.gz to a temporary location....[0m.
2022-01-25 12:30:47.613777 +0000 build-archlinux: .[1m.[32m==>.[0m.[1m Extracting qubes.files.tar.gz to a temporary location....[0m.
2022-01-25 12:30:47.621098 +0000 build-archlinux: .[1m.[31m==> ERROR:.[0m.[1m 'pkgs/qubes-vm-qrexec-4.1.11-1-x86_64.pkg.tar.zst.sig' is not a package file, skipping.[0m.
2022-01-25 12:30:47.622204 +0000 build-archlinux: .[1m.[32m==>.[0m.[1m No packages modified, nothing to do..[0m.
2022-01-25 12:30:47.638480 +0000 build-archlinux: .[1m.[32m==>.[0m.[1m Extracting qubes.db.tar.gz to a temporary location....[0m.
2022-01-25 12:30:47.644563 +0000 build-archlinux: .[1m.[32m==>.[0m.[1m Extracting qubes.files.tar.gz to a temporary location....[0m.
2022-01-25 12:30:47.651135 +0000 build-archlinux: .[1m.[32m==>.[0m.[1m Adding package 'pkgs/qubes-vm-qrexec-4.1.12-1-x86_64.pkg.tar.zst'.[0m.
2022-01-25 12:30:47.660240 +0000 build-archlinux: /usr/sbin/repo-add: line 204: /dev/fd/63: No such file or directory.
2022-01-25 12:30:47.662254 +0000 build-archlinux: .[1m.[31m==> ERROR:.[0m.[1m Invalid package file 'pkgs/qubes-vm-qrexec-4.1.12-1-x86_64.pkg.tar.zst'..[0m.
2022-01-25 12:30:47.663562 +0000 build-archlinux: .[1m.[32m==>.[0m.[1m No packages modified, nothing to do..[0m.
2022-01-25 12:30:47.679945 +0000 build-archlinux: .[1m.[32m==>.[0m.[1m Extracting qubes.db.tar.gz to a temporary location....[0m.
2022-01-25 12:30:47.685760 +0000 build-archlinux: .[1m.[32m==>.[0m.[1m Extracting qubes.files.tar.gz to a temporary location....[0m.
2022-01-25 12:30:47.692988 +0000 build-archlinux: .[1m.[31m==> ERROR:.[0m.[1m 'pkgs/qubes-vm-qrexec-4.1.12-1-x86_64.pkg.tar.zst.sig' is not a package file, skipping.[0m.
2022-01-25 12:30:47.694147 +0000 build-archlinux: .[1m.[32m==>.[0m.[1m No packages modified, nothing to do..[0m.
2022-01-25 12:30:47.710637 +0000 build-archlinux: .[1m.[32m==>.[0m.[1m Extracting qubes.db.tar.gz to a temporary location....[0m.
2022-01-25 12:30:47.716612 +0000 build-archlinux: .[1m.[32m==>.[0m.[1m Extracting qubes.files.tar.gz to a temporary location....[0m.
2022-01-25 12:30:47.723049 +0000 build-archlinux: .[1m.[32m==>.[0m.[1m Adding package 'pkgs/qubes-vm-qrexec-4.1.13-1-x86_64.pkg.tar.zst'.[0m.
2022-01-25 12:30:47.730326 +0000 build-archlinux: /usr/sbin/repo-add: line 204: /dev/fd/63: No such file or directory.
2022-01-25 12:30:47.732415 +0000 build-archlinux: .[1m.[31m==> ERROR:.[0m.[1m Invalid package file 'pkgs/qubes-vm-qrexec-4.1.13-1-x86_64.pkg.tar.zst'..[0m.
2022-01-25 12:30:47.733720 +0000 build-archlinux: .[1m.[32m==>.[0m.[1m No packages modified, nothing to do..[0m.
2022-01-25 12:30:47.750556 +0000 build-archlinux: .[1m.[32m==>.[0m.[1m Extracting qubes.db.tar.gz to a temporary location....[0m.
2022-01-25 12:30:47.756433 +0000 build-archlinux: .[1m.[32m==>.[0m.[1m Extracting qubes.files.tar.gz to a temporary location....[0m.
2022-01-25 12:30:47.763702 +0000 build-archlinux: .[1m.[31m==> ERROR:.[0m.[1m 'pkgs/qubes-vm-qrexec-4.1.13-1-x86_64.pkg.tar.zst.sig' is not a package file, skipping.[0m.
2022-01-25 12:30:47.764868 +0000 build-archlinux: .[1m.[32m==>.[0m.[1m No packages modified, nothing to do..[0m.
2022-01-25 12:30:47.781277 +0000 build-archlinux: .[1m.[32m==>.[0m.[1m Extracting qubes.db.tar.gz to a temporary location....[0m.
2022-01-25 12:30:47.787431 +0000 build-archlinux: .[1m.[32m==>.[0m.[1m Extracting qubes.files.tar.gz to a temporary location....[0m.
2022-01-25 12:30:47.794305 +0000 build-archlinux: .[1m.[32m==>.[0m.[1m Adding package 'pkgs/qubes-vm-qrexec-4.1.14-1-x86_64.pkg.tar.zst'.[0m.
2022-01-25 12:30:47.802286 +0000 build-archlinux: /usr/sbin/repo-add: line 204: /dev/fd/63: No such file or directory.
2022-01-25 12:30:47.802330 +0000 build-archlinux: .PKGINFO: Write error.
2022-01-25 12:30:47.802344 +0000 build-archlinux: bsdtar: Error exit delayed from previous errors..
2022-01-25 12:30:47.803650 +0000 build-archlinux: .[1m.[31m==> ERROR:.[0m.[1m Invalid package file 'pkgs/qubes-vm-qrexec-4.1.14-1-x86_64.pkg.tar.zst'..[0m.
2022-01-25 12:30:47.805265 +0000 build-archlinux: .[1m.[32m==>.[0m.[1m No packages modified, nothing to do..[0m.
2022-01-25 12:30:47.822074 +0000 build-archlinux: .[1m.[32m==>.[0m.[1m Extracting qubes.db.tar.gz to a temporary location....[0m.
2022-01-25 12:30:47.827733 +0000 build-archlinux: .[1m.[32m==>.[0m.[1m Extracting qubes.files.tar.gz to a temporary location....[0m.
2022-01-25 12:30:47.834788 +0000 build-archlinux: .[1m.[31m==> ERROR:.[0m.[1m 'pkgs/qubes-vm-qrexec-4.1.14-1-x86_64.pkg.tar.zst.sig' is not a package file, skipping.[0m.
2022-01-25 12:30:47.836081 +0000 build-archlinux: .[1m.[32m==>.[0m.[1m No packages modified, nothing to do..[0m.
2022-01-25 12:30:47.852719 +0000 build-archlinux: .[1m.[32m==>.[0m.[1m Extracting qubes.db.tar.gz to a temporary location....[0m.
2022-01-25 12:30:47.858774 +0000 build-archlinux: .[1m.[32m==>.[0m.[1m Extracting qubes.files.tar.gz to a temporary location....[0m.
2022-01-25 12:30:47.865578 +0000 build-archlinux: .[1m.[32m==>.[0m.[1m Adding package 'pkgs/qubes-vm-qrexec-4.1.16-1-x86_64.pkg.tar.zst'.[0m.
2022-01-25 12:30:47.874344 +0000 build-archlinux: /usr/sbin/repo-add: line 204: /dev/fd/63: No such file or directory.
2022-01-25 12:30:47.874389 +0000 build-archlinux: .PKGINFO: Write error.
2022-01-25 12:30:47.874403 +0000 build-archlinux: bsdtar: Error exit delayed from previous errors..
2022-01-25 12:30:47.874813 +0000 build-archlinux: .[1m.[31m==> ERROR:.[0m.[1m Invalid package file 'pkgs/qubes-vm-qrexec-4.1.16-1-x86_64.pkg.tar.zst'..[0m.
2022-01-25 12:30:47.876242 +0000 build-archlinux: .[1m.[32m==>.[0m.[1m No packages modified, nothing to do..[0m.
2022-01-25 12:30:47.892834 +0000 build-archlinux: .[1m.[32m==>.[0m.[1m Extracting qubes.db.tar.gz to a temporary location....[0m.
2022-01-25 12:30:47.899147 +0000 build-archlinux: .[1m.[32m==>.[0m.[1m Extracting qubes.files.tar.gz to a temporary location....[0m.
2022-01-25 12:30:47.906221 +0000 build-archlinux: .[1m.[31m==> ERROR:.[0m.[1m 'pkgs/qubes-vm-qrexec-4.1.16-1-x86_64.pkg.tar.zst.sig' is not a package file, skipping.[0m.
2022-01-25 12:30:47.907401 +0000 build-archlinux: .[1m.[32m==>.[0m.[1m No packages modified, nothing to do..[0m.
2022-01-25 12:30:47.923707 +0000 build-archlinux: .[1m.[32m==>.[0m.[1m Extracting qubes.db.tar.gz to a temporary location....[0m.
2022-01-25 12:30:47.929495 +0000 build-archlinux: .[1m.[32m==>.[0m.[1m Extracting qubes.files.tar.gz to a temporary location....[0m.
2022-01-25 12:30:47.935979 +0000 build-archlinux: .[1m.[32m==>.[0m.[1m Adding package 'pkgs/qubes-vm-recommended-4.1.11-1-x86_64.pkg.tar.zst'.[0m.
2022-01-25 12:30:47.944128 +0000 build-archlinux: /usr/sbin/repo-add: line 204: /dev/fd/63: No such file or directory.
2022-01-25 12:30:47.946332 +0000 build-archlinux: .[1m.[31m==> ERROR:.[0m.[1m Invalid package file 'pkgs/qubes-vm-recommended-4.1.11-1-x86_64.pkg.tar.zst'..[0m.
2022-01-25 12:30:47.947601 +0000 build-archlinux: .[1m.[32m==>.[0m.[1m No packages modified, nothing to do..[0m.
2022-01-25 12:30:47.964695 +0000 build-archlinux: .[1m.[32m==>.[0m.[1m Extracting qubes.db.tar.gz to a temporary location....[0m.
2022-01-25 12:30:47.970834 +0000 build-archlinux: .[1m.[32m==>.[0m.[1m Extracting qubes.files.tar.gz to a temporary location....[0m.
2022-01-25 12:30:47.977684 +0000 build-archlinux: .[1m.[32m==>.[0m.[1m Adding package 'pkgs/qubes-vm-repo-4.1.11-1-x86_64.pkg.tar.zst'.[0m.
2022-01-25 12:30:47.985183 +0000 build-archlinux: /usr/sbin/repo-add: line 204: /dev/fd/63: No such file or directory.
2022-01-25 12:30:47.987532 +0000 build-archlinux: .[1m.[31m==> ERROR:.[0m.[1m Invalid package file 'pkgs/qubes-vm-repo-4.1.11-1-x86_64.pkg.tar.zst'..[0m.
2022-01-25 12:30:47.989109 +0000 build-archlinux: .[1m.[32m==>.[0m.[1m No packages modified, nothing to do..[0m.
2022-01-25 12:30:48.006171 +0000 build-archlinux: .[1m.[32m==>.[0m.[1m Extracting qubes.db.tar.gz to a temporary location....[0m.
2022-01-25 12:30:48.011974 +0000 build-archlinux: .[1m.[32m==>.[0m.[1m Extracting qubes.files.tar.gz to a temporary location....[0m.
2022-01-25 12:30:48.018591 +0000 build-archlinux: .[1m.[32m==>.[0m.[1m Adding package 'pkgs/qubes-vm-utils-4.1.12-10-x86_64.pkg.tar.zst'.[0m.
2022-01-25 12:30:48.028073 +0000 build-archlinux: /usr/sbin/repo-add: line 204: /dev/fd/63: No such file or directory.
2022-01-25 12:30:48.028117 +0000 build-archlinux: .PKGINFO: Write error.
2022-01-25 12:30:48.028131 +0000 build-archlinux: bsdtar: Error exit delayed from previous errors..
2022-01-25 12:30:48.028146 +0000 build-archlinux: .[1m.[31m==> ERROR:.[0m.[1m Invalid package file 'pkgs/qubes-vm-utils-4.1.12-10-x86_64.pkg.tar.zst'..[0m.
2022-01-25 12:30:48.029082 +0000 build-archlinux: .[1m.[32m==>.[0m.[1m No packages modified, nothing to do..[0m.
2022-01-25 12:30:48.045653 +0000 build-archlinux: .[1m.[32m==>.[0m.[1m Extracting qubes.db.tar.gz to a temporary location....[0m.
2022-01-25 12:30:48.051778 +0000 build-archlinux: .[1m.[32m==>.[0m.[1m Extracting qubes.files.tar.gz to a temporary location....[0m.
2022-01-25 12:30:48.059239 +0000 build-archlinux: .[1m.[31m==> ERROR:.[0m.[1m 'pkgs/qubes-vm-utils-4.1.12-10-x86_64.pkg.tar.zst.sig' is not a package file, skipping.[0m.
2022-01-25 12:30:48.060583 +0000 build-archlinux: .[1m.[32m==>.[0m.[1m No packages modified, nothing to do..[0m.
2022-01-25 12:30:48.077104 +0000 build-archlinux: .[1m.[32m==>.[0m.[1m Extracting qubes.db.tar.gz to a temporary location....[0m.
2022-01-25 12:30:48.083013 +0000 build-archlinux: .[1m.[32m==>.[0m.[1m Extracting qubes.files.tar.gz to a temporary location....[0m.
2022-01-25 12:30:48.089690 +0000 build-archlinux: .[1m.[32m==>.[0m.[1m Adding package 'pkgs/qubes-vm-utils-4.1.13-10-x86_64.pkg.tar.zst'.[0m.
2022-01-25 12:30:48.096577 +0000 build-archlinux: /usr/sbin/repo-add: line 204: /dev/fd/63: No such file or directory.
2022-01-25 12:30:48.098814 +0000 build-archlinux: .[1m.[31m==> ERROR:.[0m.[1m Invalid package file 'pkgs/qubes-vm-utils-4.1.13-10-x86_64.pkg.tar.zst'..[0m.
2022-01-25 12:30:48.100236 +0000 build-archlinux: .[1m.[32m==>.[0m.[1m No packages modified, nothing to do..[0m.
2022-01-25 12:30:48.117481 +0000 build-archlinux: .[1m.[32m==>.[0m.[1m Extracting qubes.db.tar.gz to a temporary location....[0m.
2022-01-25 12:30:48.123819 +0000 build-archlinux: .[1m.[32m==>.[0m.[1m Extracting qubes.files.tar.gz to a temporary location....[0m.
2022-01-25 12:30:48.131193 +0000 build-archlinux: .[1m.[31m==> ERROR:.[0m.[1m 'pkgs/qubes-vm-utils-4.1.13-10-x86_64.pkg.tar.zst.sig' is not a package file, skipping.[0m.
2022-01-25 12:30:48.132561 +0000 build-archlinux: .[1m.[32m==>.[0m.[1m No packages modified, nothing to do..[0m.
2022-01-25 12:30:48.149194 +0000 build-archlinux: .[1m.[32m==>.[0m.[1m Extracting qubes.db.tar.gz to a temporary location....[0m.
2022-01-25 12:30:48.154984 +0000 build-archlinux: .[1m.[32m==>.[0m.[1m Extracting qubes.files.tar.gz to a temporary location....[0m.
2022-01-25 12:30:48.162091 +0000 build-archlinux: .[1m.[32m==>.[0m.[1m Adding package 'pkgs/qubes-vm-utils-4.1.14-10-x86_64.pkg.tar.zst'.[0m.
2022-01-25 12:30:48.170314 +0000 build-archlinux: /usr/sbin/repo-add: line 204: /dev/fd/63: No such file or directory.
2022-01-25 12:30:48.172605 +0000 build-archlinux: .[1m.[31m==> ERROR:.[0m.[1m Invalid package file 'pkgs/qubes-vm-utils-4.1.14-10-x86_64.pkg.tar.zst'..[0m.
2022-01-25 12:30:48.174105 +0000 build-archlinux: .[1m.[32m==>.[0m.[1m No packages modified, nothing to do..[0m.
2022-01-25 12:30:48.190575 +0000 build-archlinux: .[1m.[32m==>.[0m.[1m Extracting qubes.db.tar.gz to a temporary location....[0m.
2022-01-25 12:30:48.196578 +0000 build-archlinux: .[1m.[32m==>.[0m.[1m Extracting qubes.files.tar.gz to a temporary location....[0m.
2022-01-25 12:30:48.203974 +0000 build-archlinux: .[1m.[31m==> ERROR:.[0m.[1m 'pkgs/qubes-vm-utils-4.1.14-10-x86_64.pkg.tar.zst.sig' is not a package file, skipping.[0m.
2022-01-25 12:30:48.205247 +0000 build-archlinux: .[1m.[32m==>.[0m.[1m No packages modified, nothing to do..[0m.
2022-01-25 12:30:48.221428 +0000 build-archlinux: .[1m.[32m==>.[0m.[1m Extracting qubes.db.tar.gz to a temporary location....[0m.
2022-01-25 12:30:48.227086 +0000 build-archlinux: .[1m.[32m==>.[0m.[1m Extracting qubes.files.tar.gz to a temporary location....[0m.
2022-01-25 12:30:48.233640 +0000 build-archlinux: .[1m.[32m==>.[0m.[1m Adding package 'pkgs/qubes-vm-utils-4.1.15-10-x86_64.pkg.tar.zst'.[0m.
2022-01-25 12:30:48.240432 +0000 build-archlinux: /usr/sbin/repo-add: line 204: /dev/fd/63: No such file or directory.
2022-01-25 12:30:48.242522 +0000 build-archlinux: .[1m.[31m==> ERROR:.[0m.[1m Invalid package file 'pkgs/qubes-vm-utils-4.1.15-10-x86_64.pkg.tar.zst'..[0m.
2022-01-25 12:30:48.243875 +0000 build-archlinux: .[1m.[32m==>.[0m.[1m No packages modified, nothing to do..[0m.
2022-01-25 12:30:48.260734 +0000 build-archlinux: .[1m.[32m==>.[0m.[1m Extracting qubes.db.tar.gz to a temporary location....[0m.
2022-01-25 12:30:48.266775 +0000 build-archlinux: .[1m.[32m==>.[0m.[1m Extracting qubes.files.tar.gz to a temporary location....[0m.
2022-01-25 12:30:48.274017 +0000 build-archlinux: .[1m.[31m==> ERROR:.[0m.[1m 'pkgs/qubes-vm-utils-4.1.15-10-x86_64.pkg.tar.zst.sig' is not a package file, skipping.[0m.
2022-01-25 12:30:48.275226 +0000 build-archlinux: .[1m.[32m==>.[0m.[1m No packages modified, nothing to do..[0m.
2022-01-25 12:30:48.291391 +0000 build-archlinux: .[1m.[32m==>.[0m.[1m Extracting qubes.db.tar.gz to a temporary location....[0m.
2022-01-25 12:30:48.297126 +0000 build-archlinux: .[1m.[32m==>.[0m.[1m Extracting qubes.files.tar.gz to a temporary location....[0m.
2022-01-25 12:30:48.303616 +0000 build-archlinux: .[1m.[32m==>.[0m.[1m Adding package 'pkgs/qubes-vm-utils-4.1.16-10-x86_64.pkg.tar.zst'.[0m.
2022-01-25 12:30:48.310473 +0000 build-archlinux: /usr/sbin/repo-add: line 204: /dev/fd/63: No such file or directory.
2022-01-25 12:30:48.313092 +0000 build-archlinux: .PKGINFO: Write error.
2022-01-25 12:30:48.313138 +0000 build-archlinux: bsdtar: Error exit delayed from previous errors..
2022-01-25 12:30:48.313395 +0000 build-archlinux: .[1m.[31m==> ERROR:.[0m.[1m Invalid package file 'pkgs/qubes-vm-utils-4.1.16-10-x86_64.pkg.tar.zst'..[0m.
2022-01-25 12:30:48.314807 +0000 build-archlinux: .[1m.[32m==>.[0m.[1m No packages modified, nothing to do..[0m.
2022-01-25 12:30:48.331149 +0000 build-archlinux: .[1m.[32m==>.[0m.[1m Extracting qubes.db.tar.gz to a temporary location....[0m.
2022-01-25 12:30:48.337113 +0000 build-archlinux: .[1m.[32m==>.[0m.[1m Extracting qubes.files.tar.gz to a temporary location....[0m.
2022-01-25 12:30:48.344408 +0000 build-archlinux: .[1m.[31m==> ERROR:.[0m.[1m 'pkgs/qubes-vm-utils-4.1.16-10-x86_64.pkg.tar.zst.sig' is not a package file, skipping.[0m.
2022-01-25 12:30:48.345666 +0000 build-archlinux: .[1m.[32m==>.[0m.[1m No packages modified, nothing to do..[0m.
2022-01-25 12:30:48.361922 +0000 build-archlinux: .[1m.[32m==>.[0m.[1m Extracting qubes.db.tar.gz to a temporary location....[0m.
2022-01-25 12:30:48.367630 +0000 build-archlinux: .[1m.[32m==>.[0m.[1m Extracting qubes.files.tar.gz to a temporary location....[0m.
2022-01-25 12:30:48.374063 +0000 build-archlinux: .[1m.[32m==>.[0m.[1m Adding package 'pkgs/qubes-vm-xen-4.14.0-6-x86_64.pkg.tar.zst'.[0m.
2022-01-25 12:30:48.381018 +0000 build-archlinux: /usr/sbin/repo-add: line 204: /dev/fd/63: No such file or directory.
2022-01-25 12:30:48.383218 +0000 build-archlinux: .[1m.[31m==> ERROR:.[0m.[1m Invalid package file 'pkgs/qubes-vm-xen-4.14.0-6-x86_64.pkg.tar.zst'..[0m.
2022-01-25 12:30:48.384546 +0000 build-archlinux: .[1m.[32m==>.[0m.[1m No packages modified, nothing to do..[0m.
2022-01-25 12:30:48.401513 +0000 build-archlinux: .[1m.[32m==>.[0m.[1m Extracting qubes.db.tar.gz to a temporary location....[0m.
2022-01-25 12:30:48.407673 +0000 build-archlinux: .[1m.[32m==>.[0m.[1m Extracting qubes.files.tar.gz to a temporary location....[0m.
2022-01-25 12:30:48.414549 +0000 build-archlinux: .[1m.[32m==>.[0m.[1m Adding package 'pkgs/qubes-vm-xen-4.14.0-7-x86_64.pkg.tar.zst'.[0m.
2022-01-25 12:30:48.422393 +0000 build-archlinux: /usr/sbin/repo-add: line 204: /dev/fd/63: No such file or directory.
2022-01-25 12:30:48.422437 +0000 build-archlinux: .PKGINFO: Write error.
2022-01-25 12:30:48.422451 +0000 build-archlinux: bsdtar: Error exit delayed from previous errors..
2022-01-25 12:30:48.424196 +0000 build-archlinux: .[1m.[31m==> ERROR:.[0m.[1m Invalid package file 'pkgs/qubes-vm-xen-4.14.0-7-x86_64.pkg.tar.zst'..[0m.
2022-01-25 12:30:48.425673 +0000 build-archlinux: .[1m.[32m==>.[0m.[1m No packages modified, nothing to do..[0m.
2022-01-25 12:30:48.442415 +0000 build-archlinux: .[1m.[32m==>.[0m.[1m Extracting qubes.db.tar.gz to a temporary location....[0m.
2022-01-25 12:30:48.448220 +0000 build-archlinux: .[1m.[32m==>.[0m.[1m Extracting qubes.files.tar.gz to a temporary location....[0m.
2022-01-25 12:30:48.454633 +0000 build-archlinux: .[1m.[32m==>.[0m.[1m Adding package 'pkgs/qubes-vm-xen-4.14.0-8-x86_64.pkg.tar.zst'.[0m.
2022-01-25 12:30:48.464202 +0000 build-archlinux: /usr/sbin/repo-add: line 204: /dev/fd/63: No such file or directory.
2022-01-25 12:30:48.464259 +0000 build-archlinux: .PKGINFO: Write error.
2022-01-25 12:30:48.464280 +0000 build-archlinux: bsdtar: Error exit delayed from previous errors..
2022-01-25 12:30:48.464300 +0000 build-archlinux: .[1m.[31m==> ERROR:.[0m.[1m Invalid package file 'pkgs/qubes-vm-xen-4.14.0-8-x86_64.pkg.tar.zst'..[0m.
2022-01-25 12:30:48.465249 +0000 build-archlinux: .[1m.[32m==>.[0m.[1m No packages modified, nothing to do..[0m.
2022-01-25 12:30:48.481828 +0000 build-archlinux: .[1m.[32m==>.[0m.[1m Extracting qubes.db.tar.gz to a temporary location....[0m.
2022-01-25 12:30:48.487788 +0000 build-archlinux: .[1m.[32m==>.[0m.[1m Extracting qubes.files.tar.gz to a temporary location....[0m.
2022-01-25 12:30:48.494722 +0000 build-archlinux: .[1m.[32m==>.[0m.[1m Adding package 'pkgs/qubes-vm-xen-4.14.1-1-x86_64.pkg.tar.zst'.[0m.
2022-01-25 12:30:48.501816 +0000 build-archlinux: /usr/sbin/repo-add: line 204: /dev/fd/63: No such file or directory.
2022-01-25 12:30:48.504102 +0000 build-archlinux: .[1m.[31m==> ERROR:.[0m.[1m Invalid package file 'pkgs/qubes-vm-xen-4.14.1-1-x86_64.pkg.tar.zst'..[0m.
2022-01-25 12:30:48.505596 +0000 build-archlinux: .[1m.[32m==>.[0m.[1m No packages modified, nothing to do..[0m.
2022-01-25 12:30:48.521926 +0000 build-archlinux: .[1m.[32m==>.[0m.[1m Extracting qubes.db.tar.gz to a temporary location....[0m.
2022-01-25 12:30:48.527597 +0000 build-archlinux: .[1m.[32m==>.[0m.[1m Extracting qubes.files.tar.gz to a temporary location....[0m.
2022-01-25 12:30:48.534062 +0000 build-archlinux: .[1m.[32m==>.[0m.[1m Adding package 'pkgs/qubes-vm-xen-4.14.1-2-x86_64.pkg.tar.zst'.[0m.
2022-01-25 12:30:48.541394 +0000 build-archlinux: /usr/sbin/repo-add: line 204: /dev/fd/63: No such file or directory.
2022-01-25 12:30:48.543641 +0000 build-archlinux: .[1m.[31m==> ERROR:.[0m.[1m Invalid package file 'pkgs/qubes-vm-xen-4.14.1-2-x86_64.pkg.tar.zst'..[0m.
2022-01-25 12:30:48.545143 +0000 build-archlinux: .[1m.[32m==>.[0m.[1m No packages modified, nothing to do..[0m.
2022-01-25 12:30:48.561830 +0000 build-archlinux: .[1m.[32m==>.[0m.[1m Extracting qubes.db.tar.gz to a temporary location....[0m.
2022-01-25 12:30:48.567977 +0000 build-archlinux: .[1m.[32m==>.[0m.[1m Extracting qubes.files.tar.gz to a temporary location....[0m.
2022-01-25 12:30:48.574746 +0000 build-archlinux: .[1m.[32m==>.[0m.[1m Adding package 'pkgs/qubes-vm-xen-4.14.1-3-x86_64.pkg.tar.zst'.[0m.
2022-01-25 12:30:48.582107 +0000 build-archlinux: /usr/sbin/repo-add: line 204: /dev/fd/63: No such file or directory.
2022-01-25 12:30:48.584189 +0000 build-archlinux: .[1m.[31m==> ERROR:.[0m.[1m Invalid package file 'pkgs/qubes-vm-xen-4.14.1-3-x86_64.pkg.tar.zst'..[0m.
2022-01-25 12:30:48.585845 +0000 build-archlinux: .[1m.[32m==>.[0m.[1m No packages modified, nothing to do..[0m.
2022-01-25 12:30:48.602355 +0000 build-archlinux: .[1m.[32m==>.[0m.[1m Extracting qubes.db.tar.gz to a temporary location....[0m.
2022-01-25 12:30:48.608196 +0000 build-archlinux: .[1m.[32m==>.[0m.[1m Extracting qubes.files.tar.gz to a temporary location....[0m.
2022-01-25 12:30:48.614913 +0000 build-archlinux: .[1m.[32m==>.[0m.[1m Adding package 'pkgs/sudo-1.9.3.p1-1-x86_64.pkg.tar.zst'.[0m.
2022-01-25 12:30:48.623766 +0000 build-archlinux: /usr/sbin/repo-add: line 204: /dev/fd/63: No such file or directory.
2022-01-25 12:30:48.623811 +0000 build-archlinux: .PKGINFO: Write error.
2022-01-25 12:30:48.623824 +0000 build-archlinux: bsdtar: Error exit delayed from previous errors..
2022-01-25 12:30:48.626121 +0000 build-archlinux: .[1m.[31m==> ERROR:.[0m.[1m Invalid package file 'pkgs/sudo-1.9.3.p1-1-x86_64.pkg.tar.zst'..[0m.
2022-01-25 12:30:48.627611 +0000 build-archlinux: .[1m.[32m==>.[0m.[1m No packages modified, nothing to do..[0m.
2022-01-25 12:30:48.634960 +0000 build-archlinux: Container chroot-vm-archlinux failed with error code 1.
2022-01-25 12:30:48.637006 +0000 build-archlinux: make[2]: *** [/home/user/builder-r4.1/qubes-src/builder-archlinux/Makefile.archlinux:104: dist-build-dep] Error 1
2022-01-25 12:30:48.637057 +0000 build-archlinux: --> build failed!
2022-01-25 12:30:48.637770 +0000 build-archlinux: make[1]: *** [Makefile.generic:197: packages] Error 1
2022-01-25 12:30:48.638260 +0000 build-archlinux: make: *** [Makefile:265: vmm-xen-vm] Error 1
2022-01-25 12:30:48.638701 +0000 > closing log
