2024-05-27 13:50:52.780031 +0000 > starting log
2024-05-27 13:50:52.781019 +0000 build-ubuntu43: > starting build with log
2024-05-27 13:50:52.781065 +0000 build-ubuntu43: >> args:
2024-05-27 13:50:52.781091 +0000 build-ubuntu43: >>   ()
2024-05-27 13:50:52.781116 +0000 build-ubuntu43: >> component:
2024-05-27 13:50:52.781150 +0000 build-ubuntu43: >>   rpm-oxide
2024-05-27 13:50:52.781169 +0000 build-ubuntu43: >>     commit-hash: 6c04648ecec8c3bf30e7191b445571c812680516
2024-05-27 13:50:52.781190 +0000 build-ubuntu43: >>     source-hash: a44387a11bc3d5b9000279e8a6e31cfa7745a8032a79cf7346b68f82b0151eeee8c4c26e74711e0ad321efab7f733f1bb829a277e6a26fa0094b0a7b8242f05f
2024-05-27 13:50:52.781205 +0000 build-ubuntu43: >> distributions:
2024-05-27 13:50:52.781220 +0000 build-ubuntu43: >>   [<QubesDistribution vm-ubuntu-22.04.amd64>]
2024-05-27 13:50:52.781237 +0000 build-ubuntu43: rpm-oxide:vm-ubuntu-22.04.amd64: Source hash is the same than already prepared source. Skipping.
2024-05-27 13:51:02.434885 +0000 build-ubuntu43: copy-in (cmd): /usr/lib/qubes/qrexec-client-vm -- disp8874 qubesbuilder.FileCopyIn+-2Fbuilder-2Fpbuilder /usr/lib/qubes/qfile-agent /home/user/qubes-builderv2/qubesbuilder/plugins/chroot_deb/pbuilder
2024-05-27 13:51:02.792651 +0000 build-ubuntu43: copy-in (cmd): /usr/lib/qubes/qrexec-client-vm -- disp8874 qubesbuilder.FileCopyIn+-2Fbuilder-2Fbuild-2Fqubes--rpm--oxide_0.2.8--1-2Bjammy1.debian.tar.xz /usr/lib/qubes/qfile-agent /home/user/builder-r4.3/components/rpm-oxide/0.2.8-1/vm-jammy/prep/qubes-rpm-oxide_0.2.8-1+jammy1.debian.tar.xz
2024-05-27 13:51:03.009323 +0000 build-ubuntu43: copy-in (cmd): /usr/lib/qubes/qrexec-client-vm -- disp8874 qubesbuilder.FileCopyIn+-2Fbuilder-2Fbuild-2Fqubes--rpm--oxide_0.2.8.orig.tar.gz /usr/lib/qubes/qfile-agent /home/user/builder-r4.3/components/rpm-oxide/0.2.8-1/vm-jammy/prep/qubes-rpm-oxide_0.2.8.orig.tar.gz
2024-05-27 13:51:03.210094 +0000 build-ubuntu43: copy-in (cmd): /usr/lib/qubes/qrexec-client-vm -- disp8874 qubesbuilder.FileCopyIn+-2Fbuilder-2Fbuild-2Fqubes--rpm--oxide_0.2.8--1-2Bjammy1.dsc /usr/lib/qubes/qfile-agent /home/user/builder-r4.3/components/rpm-oxide/0.2.8-1/vm-jammy/prep/qubes-rpm-oxide_0.2.8-1+jammy1.dsc
2024-05-27 13:51:03.485789 +0000 build-ubuntu43: copy-in (cmd): /usr/lib/qubes/qrexec-client-vm -- disp8874 qubesbuilder.FileCopyIn+-2Fbuilder-2Fplugins-2Fbuild /usr/lib/qubes/qfile-agent /home/user/qubes-builderv2/qubesbuilder/plugins/build
2024-05-27 13:51:03.773069 +0000 build-ubuntu43: copy-in (cmd): /usr/lib/qubes/qrexec-client-vm -- disp8874 qubesbuilder.FileCopyIn+-2Fbuilder-2Fplugins-2Fchroot_deb /usr/lib/qubes/qfile-agent /home/user/qubes-builderv2/qubesbuilder/plugins/chroot_deb
2024-05-27 13:51:04.000451 +0000 build-ubuntu43: copy-in (cmd): /usr/lib/qubes/qrexec-client-vm -- disp8874 qubesbuilder.FileCopyIn+-2Fbuilder-2Fplugins-2Fbuild_deb /usr/lib/qubes/qfile-agent /home/user/qubes-builderv2/qubesbuilder/plugins/build_deb
2024-05-27 13:51:04.372672 +0000 build-ubuntu43: copy-in (cmd): /usr/lib/qubes/qrexec-client-vm -- disp8874 qubesbuilder.FileCopyIn+-2Fbuilder-2Frepository-2Fvm--jammy /usr/lib/qubes/qfile-agent /home/user/builder-r4.3/repository/vm-jammy
2024-05-27 13:51:05.135172 +0000 build-ubuntu43: Executing '/usr/bin/qvm-run-vm -- disp8874 env -- VERBOSE=1 DEBUG=1 BACKEND_VMM=xen bash -c 'mkdir -p /builder/cache/aptcache && /builder/plugins/build_deb/scripts/create-local-repo /builder/repository ubuntu jammy && sudo -E pbuilder create --distribution jammy --configfile /builder/pbuilder/pbuilderrc --othermirror "deb [trusted=yes] file:///tmp/qubes-deb jammy main" && sudo -E pbuilder build --override-config --distribution jammy --configfile /builder/pbuilder/pbuilderrc --othermirror "deb [trusted=yes] file:///tmp/qubes-deb jammy main" /builder/build/qubes-rpm-oxide_0.2.8-1+jammy1.dsc && /builder/plugins/build_deb/scripts/patch-changes /builder/build/qubes-rpm-oxide_0.2.8-1+jammy1.dsc /builder/pbuilder/results/qubes-rpm-oxide_0.2.8-1+jammy1_amd64.buildinfo /builder/pbuilder/results/qubes-rpm-oxide_0.2.8-1+jammy1_amd64.changes''.
2024-05-27 13:51:05.248052 +0000 build-ubuntu43: output: + '[' 3 -lt 2 ']'
2024-05-27 13:51:05.248144 +0000 build-ubuntu43: output: + REPO_DIR=/builder/repository
2024-05-27 13:51:05.248165 +0000 build-ubuntu43: output: + DISTRIBUTION=ubuntu
2024-05-27 13:51:05.248181 +0000 build-ubuntu43: output: + SUITE=jammy
2024-05-27 13:51:05.248197 +0000 build-ubuntu43: output: + mkdir -p /builder/repository/conf
2024-05-27 13:51:05.248964 +0000 build-ubuntu43: output: + mkdir -p /builder/repository/conf
2024-05-27 13:51:05.249801 +0000 build-ubuntu43: output: + cd /builder/repository
2024-05-27 13:51:05.250191 +0000 build-ubuntu43: output: ++ LC_ALL=C
2024-05-27 13:51:05.250219 +0000 build-ubuntu43: output: ++ reprepro --version
2024-05-27 13:51:05.258983 +0000 build-ubuntu43: output: + reprepro_version='reprepro: This is reprepro version 5.4.2'
2024-05-27 13:51:05.259027 +0000 build-ubuntu43: output: + reprepro_version=5.4.2
2024-05-27 13:51:05.259043 +0000 build-ubuntu43: output: + append_components=
2024-05-27 13:51:05.259288 +0000 build-ubuntu43: output: ++ printf '%s\n' 5.4.2 5.4.0
2024-05-27 13:51:05.259466 +0000 build-ubuntu43: output: ++ sort -V
2024-05-27 13:51:05.259783 +0000 build-ubuntu43: output: ++ head -n1
2024-05-27 13:51:05.262026 +0000 build-ubuntu43: output: + '[' 5.4.0 = 5.4.0 ']'
2024-05-27 13:51:05.262050 +0000 build-ubuntu43: output: + append_components='
2024-05-27 13:51:05.262146 +0000 build-ubuntu43: output: DDebComponents: main'
2024-05-27 13:51:05.262200 +0000 build-ubuntu43: output: + cat
2024-05-27 13:51:05.263452 +0000 build-ubuntu43: output: + mkdir -p dists/jammy/main/binary-amd64
2024-05-27 13:51:05.265026 +0000 build-ubuntu43: output: + dpkg-scanpackages --multiversion .
2024-05-27 13:51:05.805801 +0000 build-ubuntu43: output: dpkg-scanpackages: info: Wrote 66 entries to output Packages file.
2024-05-27 13:51:05.806929 +0000 build-ubuntu43: output: + gzip -9c dists/jammy/main/binary-amd64/Packages
2024-05-27 13:51:05.809191 +0000 build-ubuntu43: output: ++ LC_ALL=C
2024-05-27 13:51:05.809239 +0000 build-ubuntu43: output: ++ date -u '+%a, %d %b %Y %H:%M:%S %Z'
2024-05-27 13:51:05.811517 +0000 build-ubuntu43: output: + DATE='Mon, 27 May 2024 13:51:05 UTC'
2024-05-27 13:51:05.811545 +0000 build-ubuntu43: output: + cat
2024-05-27 13:51:05.812615 +0000 build-ubuntu43: output: + calc_sha1 main/binary-amd64/Packages
2024-05-27 13:51:05.812638 +0000 build-ubuntu43: output: + f=dists/jammy/main/binary-amd64/Packages
2024-05-27 13:51:05.812654 +0000 build-ubuntu43: output: + echo -n ' '
2024-05-27 13:51:05.813906 +0000 build-ubuntu43: output: ++ sha256sum dists/jammy/main/binary-amd64/Packages
2024-05-27 13:51:05.813949 +0000 build-ubuntu43: output: ++ cut '-d ' -f 1
2024-05-27 13:51:05.815651 +0000 build-ubuntu43: output: + echo -n 147ac34fdba9d06483e2cf90d9e244e914abb7447c6133c4e0ca30e171926965 ''
2024-05-27 13:51:05.816165 +0000 build-ubuntu43: output: ++ stat -c %s dists/jammy/main/binary-amd64/Packages
2024-05-27 13:51:05.816959 +0000 build-ubuntu43: output: + echo -n 51508 ''
2024-05-27 13:51:05.816993 +0000 build-ubuntu43: output: + echo main/binary-amd64/Packages
2024-05-27 13:51:05.817011 +0000 build-ubuntu43: output: + calc_sha1 main/binary-amd64/Packages.gz
2024-05-27 13:51:05.817052 +0000 build-ubuntu43: output: + f=dists/jammy/main/binary-amd64/Packages.gz
2024-05-27 13:51:05.817155 +0000 build-ubuntu43: output: + echo -n ' '
2024-05-27 13:51:05.818026 +0000 build-ubuntu43: output: ++ sha256sum dists/jammy/main/binary-amd64/Packages.gz
2024-05-27 13:51:05.818051 +0000 build-ubuntu43: output: ++ cut '-d ' -f 1
2024-05-27 13:51:05.819378 +0000 build-ubuntu43: output: + echo -n 02dea194de26ebe1d7d8fdded0a0d0cac8f8a9156f3aed77e8956c3c08b15088 ''
2024-05-27 13:51:05.819412 +0000 build-ubuntu43: output: ++ stat -c %s dists/jammy/main/binary-amd64/Packages.gz
2024-05-27 13:51:05.821064 +0000 build-ubuntu43: output: + echo -n 14954 ''
2024-05-27 13:51:05.821106 +0000 build-ubuntu43: output: + echo main/binary-amd64/Packages.gz
2024-05-27 13:51:05.821152 +0000 build-ubuntu43: output: + mapfile -d '' changes_files
2024-05-27 13:51:05.821204 +0000 build-ubuntu43: output: ++ find /builder/repository -name '*.changes' -not -path /builder/repository/dists -not -path /builder/repository/pool -print0
2024-05-27 13:51:05.826184 +0000 build-ubuntu43: output: + for changes in "${changes_files[@]}"
2024-05-27 13:51:05.826229 +0000 build-ubuntu43: output: + reprepro -b /builder/repository --ignore=surprisingbinary --ignore=surprisingarch include jammy /builder/repository/vm-jammy/repo-templates_4.3.0/qubes-repo-templates_4.3.0-1+jammy1_amd64.changes
2024-05-27 13:51:06.313811 +0000 build-ubuntu43: output: + for changes in "${changes_files[@]}"
2024-05-27 13:51:06.313912 +0000 build-ubuntu43: output: Exporting indices...
2024-05-27 13:51:06.313960 +0000 build-ubuntu43: output: + reprepro -b /builder/repository --ignore=surprisingbinary --ignore=surprisingarch include jammy /builder/repository/vm-jammy/app-linux-split-gpg2_1.1.0/split-gpg2_1.1.0+jammy1_amd64.changes
2024-05-27 13:51:06.362079 +0000 build-ubuntu43: output: Exporting indices...
2024-05-27 13:51:06.362317 +0000 build-ubuntu43: output: + for changes in "${changes_files[@]}"
2024-05-27 13:51:06.362601 +0000 build-ubuntu43: output: + reprepro -b /builder/repository --ignore=surprisingbinary --ignore=surprisingarch include jammy /builder/repository/vm-jammy/core-qubesdb_4.2.6/qubesdb_4.2.6-1+jammy1_amd64.changes
2024-05-27 13:51:06.456755 +0000 build-ubuntu43: output: Exporting indices...
2024-05-27 13:51:06.456833 +0000 build-ubuntu43: output: + for changes in "${changes_files[@]}"
2024-05-27 13:51:06.456878 +0000 build-ubuntu43: output: + reprepro -b /builder/repository --ignore=surprisingbinary --ignore=surprisingarch include jammy /builder/repository/vm-jammy/fwupd_1.8.17/fwupd-qubes_1.8.17-2+jammy1_amd64.changes
2024-05-27 13:51:06.565601 +0000 build-ubuntu43: output: Exporting indices...
2024-05-27 13:51:06.566251 +0000 build-ubuntu43: output: + for changes in "${changes_files[@]}"
2024-05-27 13:51:06.566301 +0000 build-ubuntu43: output: + reprepro -b /builder/repository --ignore=surprisingbinary --ignore=surprisingarch include jammy /builder/repository/vm-jammy/app-linux-input-proxy_1.0.36/qubes-input-proxy_1.0.36-1+jammy1_amd64.changes
2024-05-27 13:51:06.643920 +0000 build-ubuntu43: output: Exporting indices...
2024-05-27 13:51:06.644479 +0000 build-ubuntu43: output: + for changes in "${changes_files[@]}"
2024-05-27 13:51:06.644641 +0000 build-ubuntu43: output: + reprepro -b /builder/repository --ignore=surprisingbinary --ignore=surprisingarch include jammy /builder/repository/vm-jammy/desktop-linux-menu_1.2.0/qubes-desktop-linux-menu_1.2.0-1+jammy1_amd64.changes
2024-05-27 13:51:06.745991 +0000 build-ubuntu43: output: Exporting indices...
2024-05-27 13:51:06.746344 +0000 build-ubuntu43: output: + for changes in "${changes_files[@]}"
2024-05-27 13:51:06.746425 +0000 build-ubuntu43: output: + reprepro -b /builder/repository --ignore=surprisingbinary --ignore=surprisingarch include jammy /builder/repository/vm-jammy/core-qrexec_4.2.19/qubes-core-qrexec_4.2.19-1+jammy1_amd64.changes
2024-05-27 13:51:06.874703 +0000 build-ubuntu43: output: Exporting indices...
2024-05-27 13:51:06.875796 +0000 build-ubuntu43: output: + for changes in "${changes_files[@]}"
2024-05-27 13:51:06.875882 +0000 build-ubuntu43: output: + reprepro -b /builder/repository --ignore=surprisingbinary --ignore=surprisingarch include jammy /builder/repository/vm-jammy/meta-packages_4.3.0/qubes-meta-packages_4.3.0-1+jammy1_amd64.changes
2024-05-27 13:51:06.978051 +0000 build-ubuntu43: output: Exporting indices...
2024-05-27 13:51:06.978651 +0000 build-ubuntu43: output: + for changes in "${changes_files[@]}"
2024-05-27 13:51:06.978842 +0000 build-ubuntu43: output: + reprepro -b /builder/repository --ignore=surprisingbinary --ignore=surprisingarch include jammy /builder/repository/vm-jammy/core-admin-client_4.2.14/qubes-core-admin-client_4.2.14-1+jammy1_amd64.changes
2024-05-27 13:51:07.047245 +0000 build-ubuntu43: output: + for changes in "${changes_files[@]}"
2024-05-27 13:51:07.047432 +0000 build-ubuntu43: output: Exporting indices...
2024-05-27 13:51:07.047760 +0000 build-ubuntu43: output: + reprepro -b /builder/repository --ignore=surprisingbinary --ignore=surprisingarch include jammy /builder/repository/vm-jammy/core-agent-linux_4.3.0/qubes-core-agent_4.3.0-1+jammy1_amd64.changes
2024-05-27 13:51:07.221150 +0000 build-ubuntu43: output: Exporting indices...
2024-05-27 13:51:07.222695 +0000 build-ubuntu43: output: + for changes in "${changes_files[@]}"
2024-05-27 13:51:07.222821 +0000 build-ubuntu43: output: + reprepro -b /builder/repository --ignore=surprisingbinary --ignore=surprisingarch include jammy /builder/repository/vm-jammy/gui-agent-linux_4.2.14/qubes-gui-agent_4.2.14-1+jammy1_amd64.changes
2024-05-27 13:51:07.429075 +0000 build-ubuntu43: output: Exporting indices...
2024-05-27 13:51:07.430650 +0000 build-ubuntu43: output: + for changes in "${changes_files[@]}"
2024-05-27 13:51:07.430749 +0000 build-ubuntu43: output: + reprepro -b /builder/repository --ignore=surprisingbinary --ignore=surprisingarch include jammy /builder/repository/vm-jammy/mgmt-salt-base_4.1.7/qubes-mgmt-salt-base_4.1.7-1+jammy1_amd64.changes
2024-05-27 13:51:07.454967 +0000 build-ubuntu43: output: 'qubes-mgmt-salt-base_4.1.7-1+jammy1_amd64.buildinfo' looks like architecture 'amd64', but this is not listed in the Architecture-Header!
2024-05-27 13:51:07.455025 +0000 build-ubuntu43: output: Ignoring as --ignore=surprisingarch given.
2024-05-27 13:51:07.498070 +0000 build-ubuntu43: output: Exporting indices...
2024-05-27 13:51:07.498162 +0000 build-ubuntu43: output: + for changes in "${changes_files[@]}"
2024-05-27 13:51:07.498204 +0000 build-ubuntu43: output: + reprepro -b /builder/repository --ignore=surprisingbinary --ignore=surprisingarch include jammy /builder/repository/vm-jammy/desktop-linux-i3_4.23/i3-wm_4.23-1+jammy1_amd64.changes
2024-05-27 13:51:07.649386 +0000 build-ubuntu43: output: Exporting indices...
2024-05-27 13:51:07.649771 +0000 build-ubuntu43: output: + for changes in "${changes_files[@]}"
2024-05-27 13:51:07.650013 +0000 build-ubuntu43: output: + reprepro -b /builder/repository --ignore=surprisingbinary --ignore=surprisingarch include jammy /builder/repository/vm-jammy/gui-daemon_4.2.7/qubes-gui-daemon_4.2.7-1+jammy1_amd64.changes
2024-05-27 13:51:07.771796 +0000 build-ubuntu43: output: Exporting indices...
2024-05-27 13:51:07.772621 +0000 build-ubuntu43: output: + for changes in "${changes_files[@]}"
2024-05-27 13:51:07.772813 +0000 build-ubuntu43: output: + reprepro -b /builder/repository --ignore=surprisingbinary --ignore=surprisingarch include jammy /builder/repository/vm-jammy/gui-common_4.2.4/qubes-gui-common_4.2.4+jammy1_amd64.changes
2024-05-27 13:51:07.851047 +0000 build-ubuntu43: output: Exporting indices...
2024-05-27 13:51:07.852132 +0000 build-ubuntu43: output: + for changes in "${changes_files[@]}"
2024-05-27 13:51:07.852340 +0000 build-ubuntu43: output: + reprepro -b /builder/repository --ignore=surprisingbinary --ignore=surprisingarch include jammy /builder/repository/vm-jammy/linux-utils_4.2.16/qubes-utils_4.2.16+jammy1_amd64.changes
2024-05-27 13:51:07.995095 +0000 build-ubuntu43: output: Exporting indices...
2024-05-27 13:51:07.995650 +0000 build-ubuntu43: output: + for changes in "${changes_files[@]}"
2024-05-27 13:51:07.995854 +0000 build-ubuntu43: output: + reprepro -b /builder/repository --ignore=surprisingbinary --ignore=surprisingarch include jammy /builder/repository/vm-jammy/desktop-linux-manager_4.2.23/qubes-desktop-linux-manager_4.2.23-1+jammy1_amd64.changes
2024-05-27 13:51:08.129822 +0000 build-ubuntu43: output: Exporting indices...
2024-05-27 13:51:08.130697 +0000 build-ubuntu43: output: + for changes in "${changes_files[@]}"
2024-05-27 13:51:08.130879 +0000 build-ubuntu43: output: + reprepro -b /builder/repository --ignore=surprisingbinary --ignore=surprisingarch include jammy /builder/repository/vm-jammy/app-linux-split-gpg_2.0.71/qubes-gpg-split_2.0.71-1+jammy1_amd64.changes
2024-05-27 13:51:08.225941 +0000 build-ubuntu43: output: Exporting indices...
2024-05-27 13:51:08.226745 +0000 build-ubuntu43: output: + for changes in "${changes_files[@]}"
2024-05-27 13:51:08.226984 +0000 build-ubuntu43: output: + reprepro -b /builder/repository --ignore=surprisingbinary --ignore=surprisingarch include jammy /builder/repository/vm-jammy/core-vchan-xen_4.2.3/libvchan-xen_4.2.3-1+jammy1_amd64.changes
2024-05-27 13:51:08.330034 +0000 build-ubuntu43: output: Exporting indices...
2024-05-27 13:51:08.330852 +0000 build-ubuntu43: output: + for changes in "${changes_files[@]}"
2024-05-27 13:51:08.331258 +0000 build-ubuntu43: output: + reprepro -b /builder/repository --ignore=surprisingbinary --ignore=surprisingarch include jammy /builder/repository/vm-jammy/video-companion_1.0.7/qubes-video-companion_1.0.7-1+jammy1_amd64.changes
2024-05-27 13:51:08.357260 +0000 build-ubuntu43: output: 'qubes-video-companion_1.0.7-1+jammy1_amd64.buildinfo' looks like architecture 'amd64', but this is not listed in the Architecture-Header!
2024-05-27 13:51:08.357319 +0000 build-ubuntu43: output: Ignoring as --ignore=surprisingarch given.
2024-05-27 13:51:08.430415 +0000 build-ubuntu43: output: Exporting indices...
2024-05-27 13:51:08.431492 +0000 build-ubuntu43: output: + for changes in "${changes_files[@]}"
2024-05-27 13:51:08.431801 +0000 build-ubuntu43: output: + reprepro -b /builder/repository --ignore=surprisingbinary --ignore=surprisingarch include jammy /builder/repository/vm-jammy/app-linux-img-converter_1.2.16/qubes-img-converter_1.2.16-1+jammy1_amd64.changes
2024-05-27 13:51:08.521861 +0000 build-ubuntu43: output: Exporting indices...
2024-05-27 13:51:08.522424 +0000 build-ubuntu43: output: + for changes in "${changes_files[@]}"
2024-05-27 13:51:08.522657 +0000 build-ubuntu43: output: + reprepro -b /builder/repository --ignore=surprisingbinary --ignore=surprisingarch include jammy /builder/repository/vm-jammy/disk-password-gui_1.0.0/disk-password-gui_1.0.0-1+jammy1_amd64.changes
2024-05-27 13:51:08.598462 +0000 build-ubuntu43: output: Exporting indices...
2024-05-27 13:51:08.600020 +0000 build-ubuntu43: output: + for changes in "${changes_files[@]}"
2024-05-27 13:51:08.600240 +0000 build-ubuntu43: output: + reprepro -b /builder/repository --ignore=surprisingbinary --ignore=surprisingarch include jammy /builder/repository/vm-jammy/desktop-linux-common_4.2.9/qubes-desktop-linux-common_4.2.9-1+jammy1_amd64.changes
2024-05-27 13:51:08.731722 +0000 build-ubuntu43: output: Exporting indices...
2024-05-27 13:51:08.774338 +0000 build-ubuntu43: output: W: /root/.pbuilderrc does not exist
2024-05-27 13:51:08.833994 +0000 build-ubuntu43: output: W: libeatmydata is not installed on the host, not using it.
2024-05-27 13:51:08.840489 +0000 build-ubuntu43: output: W: cgroups are not available on the host, not using them.
2024-05-27 13:51:08.842547 +0000 build-ubuntu43: output: I: Distribution is jammy.
2024-05-27 13:51:08.844107 +0000 build-ubuntu43: output: I: Current time: Mon May 27 09:51:08 EDT 2024
2024-05-27 13:51:08.845421 +0000 build-ubuntu43: output: I: pbuilder-time-stamp: 1716817868
2024-05-27 13:51:08.846257 +0000 build-ubuntu43: output: I: Building the build environment
2024-05-27 13:51:08.847261 +0000 build-ubuntu43: output: I: running debootstrap
2024-05-27 13:51:08.849126 +0000 build-ubuntu43: output: /usr/sbin/debootstrap
2024-05-27 13:51:08.922631 +0000 build-ubuntu43: output: I: Retrieving InRelease
2024-05-27 13:51:12.219060 +0000 build-ubuntu43: output: I: Checking Release signature
2024-05-27 13:51:12.225751 +0000 build-ubuntu43: output: I: Valid Release signature (key id F6ECB3762474EDA9D21B7022871920D1991BC93C)
2024-05-27 13:51:12.603757 +0000 build-ubuntu43: output: I: Retrieving Packages
2024-05-27 13:51:21.671912 +0000 build-ubuntu43: output: I: Validating Packages
2024-05-27 13:51:21.852056 +0000 build-ubuntu43: output: I: Resolving dependencies of required packages...
2024-05-27 13:51:21.960469 +0000 build-ubuntu43: output: I: Resolving dependencies of base packages...
2024-05-27 13:51:22.662051 +0000 build-ubuntu43: output: I: Checking component main on https://fr.archive.ubuntu.com/ubuntu...
2024-05-27 13:51:22.837386 +0000 build-ubuntu43: output: I: Retrieving adduser 3.118ubuntu5
2024-05-27 13:51:26.955146 +0000 build-ubuntu43: output: I: Validating adduser 3.118ubuntu5
2024-05-27 13:51:27.001270 +0000 build-ubuntu43: output: I: Retrieving apt 2.4.5
2024-05-27 13:51:30.225107 +0000 build-ubuntu43: output: I: Validating apt 2.4.5
2024-05-27 13:51:30.252255 +0000 build-ubuntu43: output: I: Retrieving base-files 12ubuntu4
2024-05-27 13:51:32.258735 +0000 build-ubuntu43: output: I: Validating base-files 12ubuntu4
2024-05-27 13:51:32.285598 +0000 build-ubuntu43: output: I: Retrieving base-passwd 3.5.52build1
2024-05-27 13:51:33.955744 +0000 build-ubuntu43: output: I: Validating base-passwd 3.5.52build1
2024-05-27 13:51:33.980397 +0000 build-ubuntu43: output: I: Retrieving bash 5.1-6ubuntu1
2024-05-27 13:51:38.523272 +0000 build-ubuntu43: output: I: Validating bash 5.1-6ubuntu1
2024-05-27 13:51:38.554682 +0000 build-ubuntu43: output: I: Retrieving binutils 2.38-3ubuntu1
2024-05-27 13:51:40.046250 +0000 build-ubuntu43: output: I: Validating binutils 2.38-3ubuntu1
2024-05-27 13:51:40.070502 +0000 build-ubuntu43: output: I: Retrieving binutils-common 2.38-3ubuntu1
2024-05-27 13:51:43.640216 +0000 build-ubuntu43: output: I: Validating binutils-common 2.38-3ubuntu1
2024-05-27 13:51:43.664068 +0000 build-ubuntu43: output: I: Retrieving binutils-x86-64-linux-gnu 2.38-3ubuntu1
2024-05-27 13:51:48.423425 +0000 build-ubuntu43: output: I: Validating binutils-x86-64-linux-gnu 2.38-3ubuntu1
2024-05-27 13:51:48.451824 +0000 build-ubuntu43: output: I: Retrieving bsdutils 1:2.37.2-4ubuntu3
2024-05-27 13:51:51.152300 +0000 build-ubuntu43: output: I: Validating bsdutils 1:2.37.2-4ubuntu3
2024-05-27 13:51:51.179852 +0000 build-ubuntu43: output: I: Retrieving build-essential 12.9ubuntu3
2024-05-27 13:51:54.357414 +0000 build-ubuntu43: output: I: Validating build-essential 12.9ubuntu3
2024-05-27 13:51:54.381949 +0000 build-ubuntu43: output: I: Retrieving bzip2 1.0.8-5build1
2024-05-27 13:51:56.118232 +0000 build-ubuntu43: output: I: Validating bzip2 1.0.8-5build1
2024-05-27 13:51:56.140318 +0000 build-ubuntu43: output: I: Retrieving ca-certificates 20211016
2024-05-27 13:51:59.203726 +0000 build-ubuntu43: output: I: Validating ca-certificates 20211016
2024-05-27 13:51:59.230891 +0000 build-ubuntu43: output: I: Retrieving coreutils 8.32-4.1ubuntu1
2024-05-27 13:52:02.458590 +0000 build-ubuntu43: output: I: Validating coreutils 8.32-4.1ubuntu1
2024-05-27 13:52:02.491090 +0000 build-ubuntu43: output: I: Retrieving cpp 4:11.2.0-1ubuntu1
2024-05-27 13:52:06.070956 +0000 build-ubuntu43: output: I: Validating cpp 4:11.2.0-1ubuntu1
2024-05-27 13:52:06.098212 +0000 build-ubuntu43: output: I: Retrieving cpp-11 11.2.0-19ubuntu1
2024-05-27 13:52:29.074803 +0000 build-ubuntu43: output: I: Validating cpp-11 11.2.0-19ubuntu1
2024-05-27 13:52:29.116314 +0000 build-ubuntu43: output: I: Retrieving dash 0.5.11+git20210903+057cd650a4ed-3build1
2024-05-27 13:52:31.853680 +0000 build-ubuntu43: output: I: Validating dash 0.5.11+git20210903+057cd650a4ed-3build1
2024-05-27 13:52:31.882044 +0000 build-ubuntu43: output: I: Retrieving debconf 1.5.79ubuntu1
2024-05-27 13:52:33.997897 +0000 build-ubuntu43: output: I: Validating debconf 1.5.79ubuntu1
2024-05-27 13:52:34.021932 +0000 build-ubuntu43: output: I: Retrieving debianutils 5.5-1ubuntu2
2024-05-27 13:52:35.587229 +0000 build-ubuntu43: output: I: Validating debianutils 5.5-1ubuntu2
2024-05-27 13:52:35.612507 +0000 build-ubuntu43: output: I: Retrieving diffutils 1:3.8-0ubuntu2
2024-05-27 13:52:37.368249 +0000 build-ubuntu43: output: I: Validating diffutils 1:3.8-0ubuntu2
2024-05-27 13:52:37.396258 +0000 build-ubuntu43: output: I: Retrieving dpkg 1.21.1ubuntu2
2024-05-27 13:52:41.090171 +0000 build-ubuntu43: output: I: Validating dpkg 1.21.1ubuntu2
2024-05-27 13:52:41.120820 +0000 build-ubuntu43: output: I: Retrieving dpkg-dev 1.21.1ubuntu2
2024-05-27 13:52:45.961084 +0000 build-ubuntu43: output: I: Validating dpkg-dev 1.21.1ubuntu2
2024-05-27 13:52:45.990136 +0000 build-ubuntu43: output: I: Retrieving e2fsprogs 1.46.5-2ubuntu1
2024-05-27 13:52:50.322693 +0000 build-ubuntu43: output: I: Validating e2fsprogs 1.46.5-2ubuntu1
2024-05-27 13:52:50.350623 +0000 build-ubuntu43: output: I: Retrieving findutils 4.8.0-1ubuntu3
2024-05-27 13:52:58.508223 +0000 build-ubuntu43: output: I: Validating findutils 4.8.0-1ubuntu3
2024-05-27 13:52:58.539510 +0000 build-ubuntu43: output: I: Retrieving g++ 4:11.2.0-1ubuntu1
2024-05-27 13:53:00.466817 +0000 build-ubuntu43: output: I: Validating g++ 4:11.2.0-1ubuntu1
2024-05-27 13:53:00.494222 +0000 build-ubuntu43: output: I: Retrieving g++-11 11.2.0-19ubuntu1
2024-05-27 13:53:29.383740 +0000 build-ubuntu43: output: I: Validating g++-11 11.2.0-19ubuntu1
2024-05-27 13:53:29.426905 +0000 build-ubuntu43: output: I: Retrieving gcc 4:11.2.0-1ubuntu1
2024-05-27 13:53:31.678201 +0000 build-ubuntu43: output: I: Validating gcc 4:11.2.0-1ubuntu1
2024-05-27 13:53:31.703584 +0000 build-ubuntu43: output: I: Retrieving gcc-11 11.2.0-19ubuntu1
2024-05-27 13:54:10.605986 +0000 build-ubuntu43: output: I: Validating gcc-11 11.2.0-19ubuntu1
2024-05-27 13:54:10.664349 +0000 build-ubuntu43: output: I: Retrieving gcc-11-base 11.2.0-19ubuntu1
2024-05-27 13:54:12.588908 +0000 build-ubuntu43: output: I: Validating gcc-11-base 11.2.0-19ubuntu1
2024-05-27 13:54:12.611341 +0000 build-ubuntu43: output: I: Retrieving gcc-12-base 12-20220319-1ubuntu1
2024-05-27 13:54:14.032412 +0000 build-ubuntu43: output: I: Validating gcc-12-base 12-20220319-1ubuntu1
2024-05-27 13:54:14.059563 +0000 build-ubuntu43: output: I: Retrieving gpgv 2.2.27-3ubuntu2
2024-05-27 13:54:15.879328 +0000 build-ubuntu43: output: I: Validating gpgv 2.2.27-3ubuntu2
2024-05-27 13:54:15.901351 +0000 build-ubuntu43: output: I: Retrieving grep 3.7-1build1
2024-05-27 13:54:18.763944 +0000 build-ubuntu43: output: I: Validating grep 3.7-1build1
2024-05-27 13:54:18.787781 +0000 build-ubuntu43: output: I: Retrieving gzip 1.10-4ubuntu4
2024-05-27 13:54:20.373184 +0000 build-ubuntu43: output: I: Validating gzip 1.10-4ubuntu4
2024-05-27 13:54:20.405271 +0000 build-ubuntu43: output: I: Retrieving hostname 3.23ubuntu2
2024-05-27 13:54:21.849448 +0000 build-ubuntu43: output: I: Validating hostname 3.23ubuntu2
2024-05-27 13:54:21.874624 +0000 build-ubuntu43: output: I: Retrieving init-system-helpers 1.62
2024-05-27 13:54:23.241284 +0000 build-ubuntu43: output: I: Validating init-system-helpers 1.62
2024-05-27 13:54:23.270288 +0000 build-ubuntu43: output: I: Retrieving libacl1 2.3.1-1
2024-05-27 13:54:28.744991 +0000 build-ubuntu43: output: I: Validating libacl1 2.3.1-1
2024-05-27 13:54:28.768688 +0000 build-ubuntu43: output: I: Retrieving libapt-pkg6.0 2.4.5
2024-05-27 13:54:35.286828 +0000 build-ubuntu43: output: I: Validating libapt-pkg6.0 2.4.5
2024-05-27 13:54:35.318763 +0000 build-ubuntu43: output: I: Retrieving libasan6 11.2.0-19ubuntu1
2024-05-27 13:54:46.455743 +0000 build-ubuntu43: output: I: Validating libasan6 11.2.0-19ubuntu1
2024-05-27 13:54:46.489942 +0000 build-ubuntu43: output: I: Retrieving libatomic1 12-20220319-1ubuntu1
2024-05-27 13:54:47.781772 +0000 build-ubuntu43: output: I: Validating libatomic1 12-20220319-1ubuntu1
2024-05-27 13:54:47.805840 +0000 build-ubuntu43: output: I: Retrieving libattr1 1:2.5.1-1build1
2024-05-27 13:54:49.287802 +0000 build-ubuntu43: output: I: Validating libattr1 1:2.5.1-1build1
2024-05-27 13:54:49.316343 +0000 build-ubuntu43: output: I: Retrieving libaudit-common 1:3.0.7-1build1
2024-05-27 13:54:50.796873 +0000 build-ubuntu43: output: I: Validating libaudit-common 1:3.0.7-1build1
2024-05-27 13:54:50.821260 +0000 build-ubuntu43: output: I: Retrieving libaudit1 1:3.0.7-1build1
2024-05-27 13:54:52.650975 +0000 build-ubuntu43: output: I: Validating libaudit1 1:3.0.7-1build1
2024-05-27 13:54:52.672289 +0000 build-ubuntu43: output: I: Retrieving libbinutils 2.38-3ubuntu1
2024-05-27 13:54:56.708321 +0000 build-ubuntu43: output: I: Validating libbinutils 2.38-3ubuntu1
2024-05-27 13:54:56.739057 +0000 build-ubuntu43: output: I: Retrieving libblkid1 2.37.2-4ubuntu3
2024-05-27 13:55:01.993575 +0000 build-ubuntu43: output: I: Validating libblkid1 2.37.2-4ubuntu3
2024-05-27 13:55:02.023559 +0000 build-ubuntu43: output: I: Retrieving libbz2-1.0 1.0.8-5build1
2024-05-27 13:55:05.831718 +0000 build-ubuntu43: output: I: Validating libbz2-1.0 1.0.8-5build1
2024-05-27 13:55:05.855972 +0000 build-ubuntu43: output: I: Retrieving libc-bin 2.35-0ubuntu3
2024-05-27 13:55:08.791006 +0000 build-ubuntu43: output: I: Validating libc-bin 2.35-0ubuntu3
2024-05-27 13:55:08.822516 +0000 build-ubuntu43: output: I: Retrieving libc-dev-bin 2.35-0ubuntu3
2024-05-27 13:55:10.672392 +0000 build-ubuntu43: output: I: Validating libc-dev-bin 2.35-0ubuntu3
2024-05-27 13:55:10.696716 +0000 build-ubuntu43: output: I: Retrieving libc6 2.35-0ubuntu3
2024-05-27 13:55:17.090197 +0000 build-ubuntu43: output: I: Validating libc6 2.35-0ubuntu3
2024-05-27 13:55:17.122489 +0000 build-ubuntu43: output: I: Retrieving libc6-dev 2.35-0ubuntu3
2024-05-27 13:55:27.120606 +0000 build-ubuntu43: output: I: Validating libc6-dev 2.35-0ubuntu3
2024-05-27 13:55:27.154319 +0000 build-ubuntu43: output: I: Retrieving libcap-ng0 0.7.9-2.2build3
2024-05-27 13:55:31.924486 +0000 build-ubuntu43: output: I: Validating libcap-ng0 0.7.9-2.2build3
2024-05-27 13:55:31.954309 +0000 build-ubuntu43: output: I: Retrieving libcap2 1:2.44-1build3
2024-05-27 13:55:34.290997 +0000 build-ubuntu43: output: I: Validating libcap2 1:2.44-1build3
2024-05-27 13:55:34.318811 +0000 build-ubuntu43: output: I: Retrieving libcc1-0 12-20220319-1ubuntu1
2024-05-27 13:55:36.115845 +0000 build-ubuntu43: output: I: Validating libcc1-0 12-20220319-1ubuntu1
2024-05-27 13:55:36.145285 +0000 build-ubuntu43: output: I: Retrieving libcom-err2 1.46.5-2ubuntu1
2024-05-27 13:55:38.077766 +0000 build-ubuntu43: output: I: Validating libcom-err2 1.46.5-2ubuntu1
2024-05-27 13:55:38.106719 +0000 build-ubuntu43: output: I: Retrieving libcrypt-dev 1:4.4.27-1
2024-05-27 13:55:40.530939 +0000 build-ubuntu43: output: I: Validating libcrypt-dev 1:4.4.27-1
2024-05-27 13:55:40.555581 +0000 build-ubuntu43: output: I: Retrieving libcrypt1 1:4.4.27-1
2024-05-27 13:55:42.863742 +0000 build-ubuntu43: output: I: Validating libcrypt1 1:4.4.27-1
2024-05-27 13:55:42.892766 +0000 build-ubuntu43: output: I: Retrieving libctf-nobfd0 2.38-3ubuntu1
2024-05-27 13:55:44.702782 +0000 build-ubuntu43: output: I: Validating libctf-nobfd0 2.38-3ubuntu1
2024-05-27 13:55:44.731006 +0000 build-ubuntu43: output: I: Retrieving libctf0 2.38-3ubuntu1
2024-05-27 13:55:48.443323 +0000 build-ubuntu43: output: I: Validating libctf0 2.38-3ubuntu1
2024-05-27 13:55:48.472505 +0000 build-ubuntu43: output: I: Retrieving libdb5.3 5.3.28+dfsg1-0.8ubuntu3
2024-05-27 13:55:51.975311 +0000 build-ubuntu43: output: I: Validating libdb5.3 5.3.28+dfsg1-0.8ubuntu3
2024-05-27 13:55:52.005572 +0000 build-ubuntu43: output: I: Retrieving libdebconfclient0 0.261ubuntu1
2024-05-27 13:55:53.659946 +0000 build-ubuntu43: output: I: Validating libdebconfclient0 0.261ubuntu1
2024-05-27 13:55:53.684776 +0000 build-ubuntu43: output: I: Retrieving libdpkg-perl 1.21.1ubuntu2
2024-05-27 13:55:58.946616 +0000 build-ubuntu43: output: I: Validating libdpkg-perl 1.21.1ubuntu2
2024-05-27 13:55:58.971357 +0000 build-ubuntu43: output: I: Retrieving libext2fs2 1.46.5-2ubuntu1
2024-05-27 13:56:07.493239 +0000 build-ubuntu43: output: I: Validating libext2fs2 1.46.5-2ubuntu1
2024-05-27 13:56:07.514693 +0000 build-ubuntu43: output: I: Retrieving libffi8 3.4.2-4
2024-05-27 13:56:09.981677 +0000 build-ubuntu43: output: I: Validating libffi8 3.4.2-4
2024-05-27 13:56:10.009428 +0000 build-ubuntu43: output: I: Retrieving libgcc-11-dev 11.2.0-19ubuntu1
2024-05-27 13:56:19.535214 +0000 build-ubuntu43: output: I: Validating libgcc-11-dev 11.2.0-19ubuntu1
2024-05-27 13:56:19.565804 +0000 build-ubuntu43: output: I: Retrieving libgcc-s1 12-20220319-1ubuntu1
2024-05-27 13:56:23.534357 +0000 build-ubuntu43: output: I: Validating libgcc-s1 12-20220319-1ubuntu1
2024-05-27 13:56:23.559353 +0000 build-ubuntu43: output: I: Retrieving libgcrypt20 1.9.4-3ubuntu3
2024-05-27 13:56:36.392059 +0000 build-ubuntu43: output: I: Validating libgcrypt20 1.9.4-3ubuntu3
2024-05-27 13:56:36.415515 +0000 build-ubuntu43: output: I: Retrieving libgdbm-compat4 1.23-1
2024-05-27 13:56:39.335863 +0000 build-ubuntu43: output: I: Validating libgdbm-compat4 1.23-1
2024-05-27 13:56:39.364609 +0000 build-ubuntu43: output: I: Retrieving libgdbm6 1.23-1
2024-05-27 13:56:42.724389 +0000 build-ubuntu43: output: I: Validating libgdbm6 1.23-1
2024-05-27 13:56:42.756165 +0000 build-ubuntu43: output: I: Retrieving libgmp10 2:6.2.1+dfsg-3ubuntu1
2024-05-27 13:56:48.527636 +0000 build-ubuntu43: output: I: Validating libgmp10 2:6.2.1+dfsg-3ubuntu1
2024-05-27 13:56:48.562907 +0000 build-ubuntu43: output: I: Retrieving libgnutls30 3.7.3-4ubuntu1
2024-05-27 13:56:52.218752 +0000 build-ubuntu43: output: I: Validating libgnutls30 3.7.3-4ubuntu1
2024-05-27 13:56:52.241654 +0000 build-ubuntu43: output: I: Retrieving libgomp1 12-20220319-1ubuntu1
2024-05-27 13:56:54.245242 +0000 build-ubuntu43: output: I: Validating libgomp1 12-20220319-1ubuntu1
2024-05-27 13:56:54.269078 +0000 build-ubuntu43: output: I: Retrieving libgpg-error0 1.43-3
2024-05-27 13:57:00.945230 +0000 build-ubuntu43: output: I: Validating libgpg-error0 1.43-3
2024-05-27 13:57:00.970225 +0000 build-ubuntu43: output: I: Retrieving libgssapi-krb5-2 1.19.2-2
2024-05-27 13:57:06.320682 +0000 build-ubuntu43: output: I: Validating libgssapi-krb5-2 1.19.2-2
2024-05-27 13:57:06.351576 +0000 build-ubuntu43: output: I: Retrieving libhogweed6 3.7.3-1build2
2024-05-27 13:57:10.520852 +0000 build-ubuntu43: output: I: Validating libhogweed6 3.7.3-1build2
2024-05-27 13:57:10.552410 +0000 build-ubuntu43: output: I: Retrieving libidn2-0 2.3.2-2build1
2024-05-27 13:57:16.052430 +0000 build-ubuntu43: output: I: Validating libidn2-0 2.3.2-2build1
2024-05-27 13:57:16.075611 +0000 build-ubuntu43: output: I: Retrieving libisl23 0.24-2build1
2024-05-27 13:57:21.376817 +0000 build-ubuntu43: output: I: Validating libisl23 0.24-2build1
2024-05-27 13:57:21.406880 +0000 build-ubuntu43: output: I: Retrieving libitm1 12-20220319-1ubuntu1
2024-05-27 13:57:23.062339 +0000 build-ubuntu43: output: I: Validating libitm1 12-20220319-1ubuntu1
2024-05-27 13:57:23.090277 +0000 build-ubuntu43: output: I: Retrieving libk5crypto3 1.19.2-2
2024-05-27 13:57:24.627919 +0000 build-ubuntu43: output: I: Validating libk5crypto3 1.19.2-2
2024-05-27 13:57:24.661017 +0000 build-ubuntu43: output: I: Retrieving libkeyutils1 1.6.1-2ubuntu3
2024-05-27 13:57:25.995639 +0000 build-ubuntu43: output: I: Validating libkeyutils1 1.6.1-2ubuntu3
2024-05-27 13:57:26.024487 +0000 build-ubuntu43: output: I: Retrieving libkrb5-3 1.19.2-2
2024-05-27 13:57:31.899466 +0000 build-ubuntu43: output: I: Validating libkrb5-3 1.19.2-2
2024-05-27 13:57:31.927421 +0000 build-ubuntu43: output: I: Retrieving libkrb5support0 1.19.2-2
2024-05-27 13:57:35.370023 +0000 build-ubuntu43: output: I: Validating libkrb5support0 1.19.2-2
2024-05-27 13:57:35.400322 +0000 build-ubuntu43: output: I: Retrieving liblsan0 12-20220319-1ubuntu1
2024-05-27 13:57:41.866763 +0000 build-ubuntu43: output: I: Validating liblsan0 12-20220319-1ubuntu1
2024-05-27 13:57:41.898424 +0000 build-ubuntu43: output: I: Retrieving liblz4-1 1.9.3-2build2
2024-05-27 13:57:43.586261 +0000 build-ubuntu43: output: I: Validating liblz4-1 1.9.3-2build2
2024-05-27 13:57:43.614382 +0000 build-ubuntu43: output: I: Retrieving liblzma5 5.2.5-2ubuntu1
2024-05-27 13:57:45.466563 +0000 build-ubuntu43: output: I: Validating liblzma5 5.2.5-2ubuntu1
2024-05-27 13:57:45.490835 +0000 build-ubuntu43: output: I: Retrieving libmount1 2.37.2-4ubuntu3
2024-05-27 13:57:47.693124 +0000 build-ubuntu43: output: I: Validating libmount1 2.37.2-4ubuntu3
2024-05-27 13:57:47.727111 +0000 build-ubuntu43: output: I: Retrieving libmpc3 1.2.1-2build1
2024-05-27 13:57:50.259286 +0000 build-ubuntu43: output: I: Validating libmpc3 1.2.1-2build1
2024-05-27 13:57:50.289310 +0000 build-ubuntu43: output: I: Retrieving libmpfr6 4.1.0-3build3
2024-05-27 13:57:59.574043 +0000 build-ubuntu43: output: I: Validating libmpfr6 4.1.0-3build3
2024-05-27 13:57:59.608003 +0000 build-ubuntu43: output: I: Retrieving libncurses6 6.3-2
2024-05-27 13:58:03.187295 +0000 build-ubuntu43: output: I: Validating libncurses6 6.3-2
2024-05-27 13:58:03.218713 +0000 build-ubuntu43: output: I: Retrieving libncursesw6 6.3-2
2024-05-27 13:58:06.921242 +0000 build-ubuntu43: output: I: Validating libncursesw6 6.3-2
2024-05-27 13:58:06.950607 +0000 build-ubuntu43: output: I: Retrieving libnettle8 3.7.3-1build2
2024-05-27 13:58:08.910638 +0000 build-ubuntu43: output: I: Validating libnettle8 3.7.3-1build2
2024-05-27 13:58:08.927058 +0000 build-ubuntu43: output: I: Retrieving libnsl-dev 1.3.0-2build2
2024-05-27 13:58:10.954770 +0000 build-ubuntu43: output: I: Validating libnsl-dev 1.3.0-2build2
2024-05-27 13:58:10.975063 +0000 build-ubuntu43: output: I: Retrieving libnsl2 1.3.0-2build2
2024-05-27 13:58:12.935036 +0000 build-ubuntu43: output: I: Validating libnsl2 1.3.0-2build2
2024-05-27 13:58:12.964591 +0000 build-ubuntu43: output: I: Retrieving libp11-kit0 0.24.0-6build1
2024-05-27 13:58:14.907207 +0000 build-ubuntu43: output: I: Validating libp11-kit0 0.24.0-6build1
2024-05-27 13:58:14.938435 +0000 build-ubuntu43: output: I: Retrieving libpam-modules 1.4.0-11ubuntu2
2024-05-27 13:58:18.145219 +0000 build-ubuntu43: output: I: Validating libpam-modules 1.4.0-11ubuntu2
2024-05-27 13:58:18.173790 +0000 build-ubuntu43: output: I: Retrieving libpam-modules-bin 1.4.0-11ubuntu2
2024-05-27 13:58:19.769931 +0000 build-ubuntu43: output: I: Validating libpam-modules-bin 1.4.0-11ubuntu2
2024-05-27 13:58:19.793865 +0000 build-ubuntu43: output: I: Retrieving libpam-runtime 1.4.0-11ubuntu2
2024-05-27 13:58:21.684140 +0000 build-ubuntu43: output: I: Validating libpam-runtime 1.4.0-11ubuntu2
2024-05-27 13:58:21.708065 +0000 build-ubuntu43: output: I: Retrieving libpam0g 1.4.0-11ubuntu2
2024-05-27 13:58:23.370898 +0000 build-ubuntu43: output: I: Validating libpam0g 1.4.0-11ubuntu2
2024-05-27 13:58:23.402748 +0000 build-ubuntu43: output: I: Retrieving libpcre2-8-0 10.39-3build1
2024-05-27 13:58:25.419917 +0000 build-ubuntu43: output: I: Validating libpcre2-8-0 10.39-3build1
2024-05-27 13:58:25.442593 +0000 build-ubuntu43: output: I: Retrieving libpcre3 2:8.39-13build5
2024-05-27 13:58:27.312740 +0000 build-ubuntu43: output: I: Validating libpcre3 2:8.39-13build5
2024-05-27 13:58:27.342771 +0000 build-ubuntu43: output: I: Retrieving libperl5.34 5.34.0-3ubuntu1
2024-05-27 13:58:41.461936 +0000 build-ubuntu43: output: I: Validating libperl5.34 5.34.0-3ubuntu1
2024-05-27 13:58:41.495975 +0000 build-ubuntu43: output: I: Retrieving libprocps8 2:3.3.17-6ubuntu2
2024-05-27 13:58:43.096456 +0000 build-ubuntu43: output: I: Validating libprocps8 2:3.3.17-6ubuntu2
2024-05-27 13:58:43.120334 +0000 build-ubuntu43: output: I: Retrieving libquadmath0 12-20220319-1ubuntu1
2024-05-27 13:58:45.342017 +0000 build-ubuntu43: output: I: Validating libquadmath0 12-20220319-1ubuntu1
2024-05-27 13:58:45.366861 +0000 build-ubuntu43: output: I: Retrieving libseccomp2 2.5.3-2ubuntu2
2024-05-27 13:58:46.790031 +0000 build-ubuntu43: output: I: Validating libseccomp2 2.5.3-2ubuntu2
2024-05-27 13:58:46.814646 +0000 build-ubuntu43: output: I: Retrieving libselinux1 3.3-1build2
2024-05-27 13:58:48.266087 +0000 build-ubuntu43: output: I: Validating libselinux1 3.3-1build2
2024-05-27 13:58:48.293441 +0000 build-ubuntu43: output: I: Retrieving libsemanage-common 3.3-1build2
2024-05-27 13:58:49.914641 +0000 build-ubuntu43: output: I: Validating libsemanage-common 3.3-1build2
2024-05-27 13:58:49.942736 +0000 build-ubuntu43: output: I: Retrieving libsemanage2 3.3-1build2
2024-05-27 13:58:51.599469 +0000 build-ubuntu43: output: I: Validating libsemanage2 3.3-1build2
2024-05-27 13:58:51.622962 +0000 build-ubuntu43: output: I: Retrieving libsepol2 3.3-1build1
2024-05-27 13:58:55.128433 +0000 build-ubuntu43: output: I: Validating libsepol2 3.3-1build1
2024-05-27 13:58:55.155323 +0000 build-ubuntu43: output: I: Retrieving libsmartcols1 2.37.2-4ubuntu3
2024-05-27 13:58:56.815074 +0000 build-ubuntu43: output: I: Validating libsmartcols1 2.37.2-4ubuntu3
2024-05-27 13:58:56.846195 +0000 build-ubuntu43: output: I: Retrieving libss2 1.46.5-2ubuntu1
2024-05-27 13:58:58.340817 +0000 build-ubuntu43: output: I: Validating libss2 1.46.5-2ubuntu1
2024-05-27 13:58:58.367943 +0000 build-ubuntu43: output: I: Retrieving libssl3 3.0.2-0ubuntu1
2024-05-27 13:59:02.399822 +0000 build-ubuntu43: output: I: Validating libssl3 3.0.2-0ubuntu1
2024-05-27 13:59:02.430440 +0000 build-ubuntu43: output: I: Retrieving libstdc++-11-dev 11.2.0-19ubuntu1
2024-05-27 13:59:11.459463 +0000 build-ubuntu43: output: I: Validating libstdc++-11-dev 11.2.0-19ubuntu1
2024-05-27 13:59:11.492783 +0000 build-ubuntu43: output: I: Retrieving libstdc++6 12-20220319-1ubuntu1
2024-05-27 13:59:14.795784 +0000 build-ubuntu43: output: I: Validating libstdc++6 12-20220319-1ubuntu1
2024-05-27 13:59:14.821062 +0000 build-ubuntu43: output: I: Retrieving libsystemd0 249.11-0ubuntu3
2024-05-27 13:59:18.097889 +0000 build-ubuntu43: output: I: Validating libsystemd0 249.11-0ubuntu3
2024-05-27 13:59:18.128365 +0000 build-ubuntu43: output: I: Retrieving libtasn1-6 4.18.0-4build1
2024-05-27 13:59:19.654390 +0000 build-ubuntu43: output: I: Validating libtasn1-6 4.18.0-4build1
2024-05-27 13:59:19.682913 +0000 build-ubuntu43: output: I: Retrieving libtinfo6 6.3-2
2024-05-27 13:59:21.200016 +0000 build-ubuntu43: output: I: Validating libtinfo6 6.3-2
2024-05-27 13:59:21.225208 +0000 build-ubuntu43: output: I: Retrieving libtirpc-common 1.3.2-2build1
2024-05-27 13:59:22.713582 +0000 build-ubuntu43: output: I: Validating libtirpc-common 1.3.2-2build1
2024-05-27 13:59:22.741765 +0000 build-ubuntu43: output: I: Retrieving libtirpc-dev 1.3.2-2build1
2024-05-27 13:59:24.822841 +0000 build-ubuntu43: output: I: Validating libtirpc-dev 1.3.2-2build1
2024-05-27 13:59:24.855034 +0000 build-ubuntu43: output: I: Retrieving libtirpc3 1.3.2-2build1
2024-05-27 13:59:27.436368 +0000 build-ubuntu43: output: I: Validating libtirpc3 1.3.2-2build1
2024-05-27 13:59:27.468369 +0000 build-ubuntu43: output: I: Retrieving libtsan0 11.2.0-19ubuntu1
2024-05-27 13:59:36.006295 +0000 build-ubuntu43: output: I: Validating libtsan0 11.2.0-19ubuntu1
2024-05-27 13:59:36.037228 +0000 build-ubuntu43: output: I: Retrieving libubsan1 12-20220319-1ubuntu1
2024-05-27 13:59:44.453825 +0000 build-ubuntu43: output: I: Validating libubsan1 12-20220319-1ubuntu1
2024-05-27 13:59:44.477666 +0000 build-ubuntu43: output: I: Retrieving libudev1 249.11-0ubuntu3
2024-05-27 13:59:47.572224 +0000 build-ubuntu43: output: I: Validating libudev1 249.11-0ubuntu3
2024-05-27 13:59:47.603585 +0000 build-ubuntu43: output: I: Retrieving libunistring2 1.0-1
2024-05-27 13:59:52.579173 +0000 build-ubuntu43: output: I: Validating libunistring2 1.0-1
2024-05-27 13:59:52.610149 +0000 build-ubuntu43: output: I: Retrieving libuuid1 2.37.2-4ubuntu3
2024-05-27 13:59:54.276215 +0000 build-ubuntu43: output: I: Validating libuuid1 2.37.2-4ubuntu3
2024-05-27 13:59:54.305294 +0000 build-ubuntu43: output: I: Retrieving libxxhash0 0.8.1-1
2024-05-27 13:59:56.080660 +0000 build-ubuntu43: output: I: Validating libxxhash0 0.8.1-1
2024-05-27 13:59:56.106725 +0000 build-ubuntu43: output: I: Retrieving libzstd1 1.4.8+dfsg-3build1
2024-05-27 13:59:58.445075 +0000 build-ubuntu43: output: I: Validating libzstd1 1.4.8+dfsg-3build1
2024-05-27 13:59:58.472607 +0000 build-ubuntu43: output: I: Retrieving linux-libc-dev 5.15.0-25.25
2024-05-27 14:00:04.856693 +0000 build-ubuntu43: output: I: Validating linux-libc-dev 5.15.0-25.25
2024-05-27 14:00:04.887125 +0000 build-ubuntu43: output: I: Retrieving login 1:4.8.1-2ubuntu2
2024-05-27 14:00:19.337679 +0000 build-ubuntu43: output: I: Validating login 1:4.8.1-2ubuntu2
2024-05-27 14:00:19.364726 +0000 build-ubuntu43: output: I: Retrieving logsave 1.46.5-2ubuntu1
2024-05-27 14:00:21.688464 +0000 build-ubuntu43: output: I: Validating logsave 1.46.5-2ubuntu1
2024-05-27 14:00:21.716732 +0000 build-ubuntu43: output: I: Retrieving lsb-base 11.1.0ubuntu4
2024-05-27 14:00:24.585779 +0000 build-ubuntu43: output: I: Validating lsb-base 11.1.0ubuntu4
2024-05-27 14:00:24.601493 +0000 build-ubuntu43: output: I: Retrieving lto-disabled-list 24
2024-05-27 14:00:26.789969 +0000 build-ubuntu43: output: I: Validating lto-disabled-list 24
2024-05-27 14:00:26.818710 +0000 build-ubuntu43: output: I: Retrieving make 4.3-4.1build1
2024-05-27 14:00:31.798675 +0000 build-ubuntu43: output: I: Validating make 4.3-4.1build1
2024-05-27 14:00:31.829955 +0000 build-ubuntu43: output: I: Retrieving mawk 1.3.4.20200120-3
2024-05-27 14:00:34.337377 +0000 build-ubuntu43: output: I: Validating mawk 1.3.4.20200120-3
2024-05-27 14:00:34.362642 +0000 build-ubuntu43: output: I: Retrieving mount 2.37.2-4ubuntu3
2024-05-27 14:00:41.294121 +0000 build-ubuntu43: output: I: Validating mount 2.37.2-4ubuntu3
2024-05-27 14:00:41.319402 +0000 build-ubuntu43: output: I: Retrieving ncurses-base 6.3-2
2024-05-27 14:00:43.638015 +0000 build-ubuntu43: output: I: Validating ncurses-base 6.3-2
2024-05-27 14:00:43.667877 +0000 build-ubuntu43: output: I: Retrieving ncurses-bin 6.3-2
2024-05-27 14:00:46.570666 +0000 build-ubuntu43: output: I: Validating ncurses-bin 6.3-2
2024-05-27 14:00:46.600098 +0000 build-ubuntu43: output: I: Retrieving openssl 3.0.2-0ubuntu1
2024-05-27 14:00:52.333905 +0000 build-ubuntu43: output: I: Validating openssl 3.0.2-0ubuntu1
2024-05-27 14:00:52.360373 +0000 build-ubuntu43: output: I: Retrieving passwd 1:4.8.1-2ubuntu2
2024-05-27 14:00:55.022726 +0000 build-ubuntu43: output: I: Validating passwd 1:4.8.1-2ubuntu2
2024-05-27 14:00:55.050763 +0000 build-ubuntu43: output: I: Retrieving patch 2.7.6-7build2
2024-05-27 14:00:57.542842 +0000 build-ubuntu43: output: I: Validating patch 2.7.6-7build2
2024-05-27 14:00:57.567665 +0000 build-ubuntu43: output: I: Retrieving perl 5.34.0-3ubuntu1
2024-05-27 14:01:01.035178 +0000 build-ubuntu43: output: I: Validating perl 5.34.0-3ubuntu1
2024-05-27 14:01:01.066190 +0000 build-ubuntu43: output: I: Retrieving perl-base 5.34.0-3ubuntu1
2024-05-27 14:01:05.402246 +0000 build-ubuntu43: output: I: Validating perl-base 5.34.0-3ubuntu1
2024-05-27 14:01:05.436514 +0000 build-ubuntu43: output: I: Retrieving perl-modules-5.34 5.34.0-3ubuntu1
2024-05-27 14:01:18.140900 +0000 build-ubuntu43: output: I: Validating perl-modules-5.34 5.34.0-3ubuntu1
2024-05-27 14:01:18.178106 +0000 build-ubuntu43: output: I: Retrieving procps 2:3.3.17-6ubuntu2
2024-05-27 14:01:23.544184 +0000 build-ubuntu43: output: I: Validating procps 2:3.3.17-6ubuntu2
2024-05-27 14:01:23.574284 +0000 build-ubuntu43: output: I: Retrieving rpcsvc-proto 1.4.2-0ubuntu6
2024-05-27 14:01:29.296106 +0000 build-ubuntu43: output: I: Validating rpcsvc-proto 1.4.2-0ubuntu6
2024-05-27 14:01:29.318253 +0000 build-ubuntu43: output: I: Retrieving sed 4.8-1ubuntu2
2024-05-27 14:01:33.431230 +0000 build-ubuntu43: output: I: Validating sed 4.8-1ubuntu2
2024-05-27 14:01:33.461435 +0000 build-ubuntu43: output: I: Retrieving sensible-utils 0.0.17
2024-05-27 14:01:35.870736 +0000 build-ubuntu43: output: I: Validating sensible-utils 0.0.17
2024-05-27 14:01:35.896152 +0000 build-ubuntu43: output: I: Retrieving sysvinit-utils 3.01-1ubuntu1
2024-05-27 14:01:38.091900 +0000 build-ubuntu43: output: I: Validating sysvinit-utils 3.01-1ubuntu1
2024-05-27 14:01:38.118952 +0000 build-ubuntu43: output: I: Retrieving tar 1.34+dfsg-1build3
2024-05-27 14:01:42.727806 +0000 build-ubuntu43: output: I: Validating tar 1.34+dfsg-1build3
2024-05-27 14:01:42.757727 +0000 build-ubuntu43: output: I: Retrieving ubuntu-keyring 2021.03.26
2024-05-27 14:01:44.869430 +0000 build-ubuntu43: output: I: Validating ubuntu-keyring 2021.03.26
2024-05-27 14:01:44.896587 +0000 build-ubuntu43: output: I: Retrieving usrmerge 25ubuntu2
2024-05-27 14:01:46.949708 +0000 build-ubuntu43: output: I: Validating usrmerge 25ubuntu2
2024-05-27 14:01:46.974906 +0000 build-ubuntu43: output: I: Retrieving util-linux 2.37.2-4ubuntu3
2024-05-27 14:01:58.895313 +0000 build-ubuntu43: output: I: Validating util-linux 2.37.2-4ubuntu3
2024-05-27 14:01:58.922222 +0000 build-ubuntu43: output: I: Retrieving xz-utils 5.2.5-2ubuntu1
2024-05-27 14:02:01.094238 +0000 build-ubuntu43: output: I: Validating xz-utils 5.2.5-2ubuntu1
2024-05-27 14:02:01.118489 +0000 build-ubuntu43: output: I: Retrieving zlib1g 1:1.2.11.dfsg-2ubuntu9
2024-05-27 14:02:02.989696 +0000 build-ubuntu43: output: I: Validating zlib1g 1:1.2.11.dfsg-2ubuntu9
2024-05-27 14:02:03.022710 +0000 build-ubuntu43: output: I: Chosen extractor for .deb packages: dpkg-deb
2024-05-27 14:02:03.064132 +0000 build-ubuntu43: output: I: Extracting base-files...
2024-05-27 14:02:03.071888 +0000 build-ubuntu43: output: I: Extracting base-passwd...
2024-05-27 14:02:03.077139 +0000 build-ubuntu43: output: I: Extracting bash...
2024-05-27 14:02:03.087621 +0000 build-ubuntu43: output: I: Extracting bsdutils...
2024-05-27 14:02:03.092363 +0000 build-ubuntu43: output: I: Extracting coreutils...
2024-05-27 14:02:03.122777 +0000 build-ubuntu43: output: I: Extracting dash...
2024-05-27 14:02:03.127465 +0000 build-ubuntu43: output: I: Extracting debconf...
2024-05-27 14:02:03.137164 +0000 build-ubuntu43: output: I: Extracting debianutils...
2024-05-27 14:02:03.142584 +0000 build-ubuntu43: output: I: Extracting diffutils...
2024-05-27 14:02:03.147457 +0000 build-ubuntu43: output: I: Extracting dpkg...
2024-05-27 14:02:03.250963 +0000 build-ubuntu43: output: I: Extracting e2fsprogs...
2024-05-27 14:02:03.261053 +0000 build-ubuntu43: output: I: Extracting findutils...
2024-05-27 14:02:03.266285 +0000 build-ubuntu43: output: I: Extracting gcc-12-base...
2024-05-27 14:02:03.270591 +0000 build-ubuntu43: output: I: Extracting grep...
2024-05-27 14:02:03.275629 +0000 build-ubuntu43: output: I: Extracting gzip...
2024-05-27 14:02:03.280661 +0000 build-ubuntu43: output: I: Extracting hostname...
2024-05-27 14:02:03.285099 +0000 build-ubuntu43: output: I: Extracting init-system-helpers...
2024-05-27 14:02:03.289407 +0000 build-ubuntu43: output: I: Extracting libacl1...
2024-05-27 14:02:03.293621 +0000 build-ubuntu43: output: I: Extracting libattr1...
2024-05-27 14:02:03.297298 +0000 build-ubuntu43: output: I: Extracting libaudit-common...
2024-05-27 14:02:03.301080 +0000 build-ubuntu43: output: I: Extracting libaudit1...
2024-05-27 14:02:03.305518 +0000 build-ubuntu43: output: I: Extracting libblkid1...
2024-05-27 14:02:03.309982 +0000 build-ubuntu43: output: I: Extracting libbz2-1.0...
2024-05-27 14:02:03.314223 +0000 build-ubuntu43: output: I: Extracting libc-bin...
2024-05-27 14:02:03.327190 +0000 build-ubuntu43: output: I: Extracting libc6...
2024-05-27 14:02:03.368494 +0000 build-ubuntu43: output: I: Extracting libcap-ng0...
2024-05-27 14:02:03.372404 +0000 build-ubuntu43: output: I: Extracting libcap2...
2024-05-27 14:02:03.376191 +0000 build-ubuntu43: output: I: Extracting libcom-err2...
2024-05-27 14:02:03.380141 +0000 build-ubuntu43: output: I: Extracting libcrypt1...
2024-05-27 14:02:03.385081 +0000 build-ubuntu43: output: I: Extracting libdb5.3...
2024-05-27 14:02:03.393464 +0000 build-ubuntu43: output: I: Extracting libdebconfclient0...
2024-05-27 14:02:03.397486 +0000 build-ubuntu43: output: I: Extracting libext2fs2...
2024-05-27 14:02:03.402633 +0000 build-ubuntu43: output: I: Extracting libgcc-s1...
2024-05-27 14:02:03.407153 +0000 build-ubuntu43: output: I: Extracting libgcrypt20...
2024-05-27 14:02:03.414369 +0000 build-ubuntu43: output: I: Extracting libgmp10...
2024-05-27 14:02:03.420077 +0000 build-ubuntu43: output: I: Extracting libgpg-error0...
2024-05-27 14:02:03.424299 +0000 build-ubuntu43: output: I: Extracting libgssapi-krb5-2...
2024-05-27 14:02:03.429493 +0000 build-ubuntu43: output: I: Extracting libk5crypto3...
2024-05-27 14:02:03.434288 +0000 build-ubuntu43: output: I: Extracting libkeyutils1...
2024-05-27 14:02:03.438279 +0000 build-ubuntu43: output: I: Extracting libkrb5-3...
2024-05-27 14:02:03.446340 +0000 build-ubuntu43: output: I: Extracting libkrb5support0...
2024-05-27 14:02:03.450591 +0000 build-ubuntu43: output: I: Extracting liblz4-1...
2024-05-27 14:02:03.454933 +0000 build-ubuntu43: output: I: Extracting liblzma5...
2024-05-27 14:02:03.459547 +0000 build-ubuntu43: output: I: Extracting libmount1...
2024-05-27 14:02:03.464534 +0000 build-ubuntu43: output: I: Extracting libncurses6...
2024-05-27 14:02:03.469690 +0000 build-ubuntu43: output: I: Extracting libncursesw6...
2024-05-27 14:02:03.475445 +0000 build-ubuntu43: output: I: Extracting libnsl2...
2024-05-27 14:02:03.479686 +0000 build-ubuntu43: output: I: Extracting libpam-modules...
2024-05-27 14:02:03.487660 +0000 build-ubuntu43: output: I: Extracting libpam-modules-bin...
2024-05-27 14:02:03.494514 +0000 build-ubuntu43: output: I: Extracting libpam-runtime...
2024-05-27 14:02:03.498671 +0000 build-ubuntu43: output: I: Extracting libpam0g...
2024-05-27 14:02:03.503285 +0000 build-ubuntu43: output: I: Extracting libpcre2-8-0...
2024-05-27 14:02:03.508867 +0000 build-ubuntu43: output: I: Extracting libpcre3...
2024-05-27 14:02:03.513978 +0000 build-ubuntu43: output: I: Extracting libprocps8...
2024-05-27 14:02:03.518166 +0000 build-ubuntu43: output: I: Extracting libselinux1...
2024-05-27 14:02:03.521822 +0000 build-ubuntu43: output: I: Extracting libsemanage-common...
2024-05-27 14:02:03.526160 +0000 build-ubuntu43: output: I: Extracting libsemanage2...
2024-05-27 14:02:03.530757 +0000 build-ubuntu43: output: I: Extracting libsepol2...
2024-05-27 14:02:03.536326 +0000 build-ubuntu43: output: I: Extracting libsmartcols1...
2024-05-27 14:02:03.540282 +0000 build-ubuntu43: output: I: Extracting libss2...
2024-05-27 14:02:03.544292 +0000 build-ubuntu43: output: I: Extracting libssl3...
2024-05-27 14:02:03.567846 +0000 build-ubuntu43: output: I: Extracting libsystemd0...
2024-05-27 14:02:03.573617 +0000 build-ubuntu43: output: I: Extracting libtinfo6...
2024-05-27 14:02:03.578639 +0000 build-ubuntu43: output: I: Extracting libtirpc-common...
2024-05-27 14:02:03.582520 +0000 build-ubuntu43: output: I: Extracting libtirpc3...
2024-05-27 14:02:03.586638 +0000 build-ubuntu43: output: I: Extracting libudev1...
2024-05-27 14:02:03.591676 +0000 build-ubuntu43: output: I: Extracting libuuid1...
2024-05-27 14:02:03.595655 +0000 build-ubuntu43: output: I: Extracting libzstd1...
2024-05-27 14:02:03.601936 +0000 build-ubuntu43: output: I: Extracting login...
2024-05-27 14:02:03.608370 +0000 build-ubuntu43: output: I: Extracting logsave...
2024-05-27 14:02:03.612332 +0000 build-ubuntu43: output: I: Extracting lsb-base...
2024-05-27 14:02:03.616163 +0000 build-ubuntu43: output: I: Extracting mawk...
2024-05-27 14:02:03.620713 +0000 build-ubuntu43: output: I: Extracting mount...
2024-05-27 14:02:03.625540 +0000 build-ubuntu43: output: I: Extracting ncurses-base...
2024-05-27 14:02:03.633202 +0000 build-ubuntu43: output: I: Extracting ncurses-bin...
2024-05-27 14:02:03.640488 +0000 build-ubuntu43: output: I: Extracting passwd...
2024-05-27 14:02:03.665341 +0000 build-ubuntu43: output: I: Extracting perl-base...
2024-05-27 14:02:03.722038 +0000 build-ubuntu43: output: I: Extracting procps...
2024-05-27 14:02:03.735850 +0000 build-ubuntu43: output: I: Extracting sed...
2024-05-27 14:02:03.741753 +0000 build-ubuntu43: output: I: Extracting sensible-utils...
2024-05-27 14:02:03.746615 +0000 build-ubuntu43: output: I: Extracting sysvinit-utils...
2024-05-27 14:02:03.750893 +0000 build-ubuntu43: output: I: Extracting tar...
2024-05-27 14:02:03.757011 +0000 build-ubuntu43: output: I: Extracting usrmerge...
2024-05-27 14:02:03.761607 +0000 build-ubuntu43: output: I: Extracting util-linux...
2024-05-27 14:02:03.783491 +0000 build-ubuntu43: output: I: Extracting zlib1g...
2024-05-27 14:02:04.237072 +0000 build-ubuntu43: output: I: Installing core packages...
2024-05-27 14:02:06.354610 +0000 build-ubuntu43: output: I: Unpacking required packages...
2024-05-27 14:02:06.473612 +0000 build-ubuntu43: output: I: Unpacking base-files...
2024-05-27 14:02:06.605445 +0000 build-ubuntu43: output: I: Unpacking base-passwd...
2024-05-27 14:02:06.713257 +0000 build-ubuntu43: output: I: Unpacking bash...
2024-05-27 14:02:06.803660 +0000 build-ubuntu43: output: I: Unpacking bsdutils...
2024-05-27 14:02:06.883982 +0000 build-ubuntu43: output: I: Unpacking coreutils...
2024-05-27 14:02:07.098689 +0000 build-ubuntu43: output: I: Unpacking dash...
2024-05-27 14:02:07.193929 +0000 build-ubuntu43: output: I: Unpacking debconf...
2024-05-27 14:02:07.390120 +0000 build-ubuntu43: output: I: Unpacking debianutils...
2024-05-27 14:02:07.560718 +0000 build-ubuntu43: output: I: Unpacking diffutils...
2024-05-27 14:02:07.736103 +0000 build-ubuntu43: output: I: Unpacking dpkg...
2024-05-27 14:02:08.213455 +0000 build-ubuntu43: output: I: Unpacking e2fsprogs...
2024-05-27 14:02:08.362287 +0000 build-ubuntu43: output: I: Unpacking findutils...
2024-05-27 14:02:08.483720 +0000 build-ubuntu43: output: I: Unpacking gcc-12-base:amd64...
2024-05-27 14:02:08.587387 +0000 build-ubuntu43: output: I: Unpacking grep...
2024-05-27 14:02:08.707987 +0000 build-ubuntu43: output: I: Unpacking gzip...
2024-05-27 14:02:08.825778 +0000 build-ubuntu43: output: I: Unpacking hostname...
2024-05-27 14:02:08.934835 +0000 build-ubuntu43: output: I: Unpacking init-system-helpers...
2024-05-27 14:02:09.076077 +0000 build-ubuntu43: output: I: Unpacking libacl1:amd64...
2024-05-27 14:02:09.203370 +0000 build-ubuntu43: output: I: Unpacking libattr1:amd64...
2024-05-27 14:02:09.311323 +0000 build-ubuntu43: output: I: Unpacking libaudit-common...
2024-05-27 14:02:09.424418 +0000 build-ubuntu43: output: I: Unpacking libaudit1:amd64...
2024-05-27 14:02:09.546744 +0000 build-ubuntu43: output: I: Unpacking libblkid1:amd64...
2024-05-27 14:02:09.667951 +0000 build-ubuntu43: output: I: Unpacking libbz2-1.0:amd64...
2024-05-27 14:02:09.789051 +0000 build-ubuntu43: output: I: Unpacking libc-bin...
2024-05-27 14:02:10.056495 +0000 build-ubuntu43: output: I: Unpacking libc6:amd64...
2024-05-27 14:02:10.690058 +0000 build-ubuntu43: output: I: Unpacking libcap-ng0:amd64...
2024-05-27 14:02:10.806687 +0000 build-ubuntu43: output: I: Unpacking libcap2:amd64...
2024-05-27 14:02:10.924080 +0000 build-ubuntu43: output: I: Unpacking libcom-err2:amd64...
2024-05-27 14:02:11.048709 +0000 build-ubuntu43: output: I: Unpacking libcrypt1:amd64...
2024-05-27 14:02:11.174121 +0000 build-ubuntu43: output: I: Unpacking libdb5.3:amd64...
2024-05-27 14:02:11.342912 +0000 build-ubuntu43: output: I: Unpacking libdebconfclient0:amd64...
2024-05-27 14:02:11.460948 +0000 build-ubuntu43: output: I: Unpacking libext2fs2:amd64...
2024-05-27 14:02:11.596049 +0000 build-ubuntu43: output: I: Unpacking libgcc-s1:amd64...
2024-05-27 14:02:11.714065 +0000 build-ubuntu43: output: I: Unpacking libgcrypt20:amd64...
2024-05-27 14:02:11.845779 +0000 build-ubuntu43: output: I: Unpacking libgmp10:amd64...
2024-05-27 14:02:11.972852 +0000 build-ubuntu43: output: I: Unpacking libgpg-error0:amd64...
2024-05-27 14:02:12.103097 +0000 build-ubuntu43: output: I: Unpacking libgssapi-krb5-2:amd64...
2024-05-27 14:02:12.216056 +0000 build-ubuntu43: output: I: Unpacking libk5crypto3:amd64...
2024-05-27 14:02:12.329811 +0000 build-ubuntu43: output: I: Unpacking libkeyutils1:amd64...
2024-05-27 14:02:12.448485 +0000 build-ubuntu43: output: I: Unpacking libkrb5-3:amd64...
2024-05-27 14:02:12.576929 +0000 build-ubuntu43: output: I: Unpacking libkrb5support0:amd64...
2024-05-27 14:02:12.692088 +0000 build-ubuntu43: output: I: Unpacking liblz4-1:amd64...
2024-05-27 14:02:12.811026 +0000 build-ubuntu43: output: I: Unpacking liblzma5:amd64...
2024-05-27 14:02:12.934039 +0000 build-ubuntu43: output: I: Unpacking libmount1:amd64...
2024-05-27 14:02:13.052479 +0000 build-ubuntu43: output: I: Unpacking libncurses6:amd64...
2024-05-27 14:02:13.175942 +0000 build-ubuntu43: output: I: Unpacking libncursesw6:amd64...
2024-05-27 14:02:13.294976 +0000 build-ubuntu43: output: I: Unpacking libnsl2:amd64...
2024-05-27 14:02:13.453955 +0000 build-ubuntu43: output: I: Unpacking libpam-modules:amd64...
2024-05-27 14:02:13.732808 +0000 build-ubuntu43: output: I: Unpacking libpam-modules-bin...
2024-05-27 14:02:13.878955 +0000 build-ubuntu43: output: I: Unpacking libpam-runtime...
2024-05-27 14:02:14.032941 +0000 build-ubuntu43: output: I: Unpacking libpam0g:amd64...
2024-05-27 14:02:14.146045 +0000 build-ubuntu43: output: I: Unpacking libpcre2-8-0:amd64...
2024-05-27 14:02:14.278182 +0000 build-ubuntu43: output: I: Unpacking libpcre3:amd64...
2024-05-27 14:02:14.403038 +0000 build-ubuntu43: output: I: Unpacking libprocps8:amd64...
2024-05-27 14:02:14.563652 +0000 build-ubuntu43: output: I: Unpacking libselinux1:amd64...
2024-05-27 14:02:14.679978 +0000 build-ubuntu43: output: I: Unpacking libsemanage-common...
2024-05-27 14:02:14.813804 +0000 build-ubuntu43: output: I: Unpacking libsemanage2:amd64...
2024-05-27 14:02:14.938817 +0000 build-ubuntu43: output: I: Unpacking libsepol2:amd64...
2024-05-27 14:02:15.074961 +0000 build-ubuntu43: output: I: Unpacking libsmartcols1:amd64...
2024-05-27 14:02:15.196687 +0000 build-ubuntu43: output: I: Unpacking libss2:amd64...
2024-05-27 14:02:15.336075 +0000 build-ubuntu43: output: I: Unpacking libssl3:amd64...
2024-05-27 14:02:15.501054 +0000 build-ubuntu43: output: I: Unpacking libsystemd0:amd64...
2024-05-27 14:02:15.627098 +0000 build-ubuntu43: output: I: Unpacking libtinfo6:amd64...
2024-05-27 14:02:15.742687 +0000 build-ubuntu43: output: I: Unpacking libtirpc-common...
2024-05-27 14:02:15.851492 +0000 build-ubuntu43: output: I: Unpacking libtirpc3:amd64...
2024-05-27 14:02:15.973022 +0000 build-ubuntu43: output: I: Unpacking libudev1:amd64...
2024-05-27 14:02:16.092725 +0000 build-ubuntu43: output: I: Unpacking libuuid1:amd64...
2024-05-27 14:02:16.207813 +0000 build-ubuntu43: output: I: Unpacking libzstd1:amd64...
2024-05-27 14:02:16.350707 +0000 build-ubuntu43: output: I: Unpacking login...
2024-05-27 14:02:16.527201 +0000 build-ubuntu43: output: I: Unpacking logsave...
2024-05-27 14:02:16.652155 +0000 build-ubuntu43: output: I: Unpacking lsb-base...
2024-05-27 14:02:16.798997 +0000 build-ubuntu43: output: I: Unpacking mawk...
2024-05-27 14:02:16.952660 +0000 build-ubuntu43: output: I: Unpacking mount...
2024-05-27 14:02:17.115824 +0000 build-ubuntu43: output: I: Unpacking ncurses-base...
2024-05-27 14:02:17.356318 +0000 build-ubuntu43: output: I: Unpacking ncurses-bin...
2024-05-27 14:02:17.520905 +0000 build-ubuntu43: output: I: Unpacking passwd...
2024-05-27 14:02:18.087913 +0000 build-ubuntu43: output: I: Unpacking perl-base...
2024-05-27 14:02:18.915844 +0000 build-ubuntu43: output: I: Unpacking procps...
2024-05-27 14:02:19.131784 +0000 build-ubuntu43: output: I: Unpacking sed...
2024-05-27 14:02:19.246149 +0000 build-ubuntu43: output: I: Unpacking sensible-utils...
2024-05-27 14:02:19.364952 +0000 build-ubuntu43: output: I: Unpacking sysvinit-utils...
2024-05-27 14:02:19.486885 +0000 build-ubuntu43: output: I: Unpacking tar...
2024-05-27 14:02:19.613642 +0000 build-ubuntu43: output: I: Unpacking usrmerge...
2024-05-27 14:02:19.782932 +0000 build-ubuntu43: output: I: Unpacking util-linux...
2024-05-27 14:02:20.104439 +0000 build-ubuntu43: output: I: Unpacking zlib1g:amd64...
2024-05-27 14:02:20.217821 +0000 build-ubuntu43: output: I: Configuring required packages...
2024-05-27 14:02:20.264860 +0000 build-ubuntu43: output: I: Configuring lsb-base...
2024-05-27 14:02:20.300255 +0000 build-ubuntu43: output: I: Configuring libtirpc-common...
2024-05-27 14:02:20.331953 +0000 build-ubuntu43: output: I: Configuring libaudit-common...
2024-05-27 14:02:20.365574 +0000 build-ubuntu43: output: I: Configuring libsemanage-common...
2024-05-27 14:02:20.390352 +0000 build-ubuntu43: output: I: Configuring gcc-12-base:amd64...
2024-05-27 14:02:20.421511 +0000 build-ubuntu43: output: I: Configuring ncurses-base...
2024-05-27 14:02:20.444625 +0000 build-ubuntu43: output: I: Configuring sensible-utils...
2024-05-27 14:02:20.471387 +0000 build-ubuntu43: output: I: Configuring libcrypt1:amd64...
2024-05-27 14:02:20.495065 +0000 build-ubuntu43: output: I: Configuring libgcc-s1:amd64...
2024-05-27 14:02:20.525444 +0000 build-ubuntu43: output: I: Configuring libc6:amd64...
2024-05-27 14:02:20.611611 +0000 build-ubuntu43: output: I: Configuring libudev1:amd64...
2024-05-27 14:02:20.641257 +0000 build-ubuntu43: output: I: Configuring libattr1:amd64...
2024-05-27 14:02:20.664347 +0000 build-ubuntu43: output: I: Configuring sysvinit-utils...
2024-05-27 14:02:20.686508 +0000 build-ubuntu43: output: I: Configuring debianutils...
2024-05-27 14:02:20.745797 +0000 build-ubuntu43: output: I: Configuring mawk...
2024-05-27 14:02:20.775507 +0000 build-ubuntu43: output: I: Configuring libdebconfclient0:amd64...
2024-05-27 14:02:20.898084 +0000 build-ubuntu43: output: I: Configuring base-files...
2024-05-27 14:02:21.005419 +0000 build-ubuntu43: output: I: Configuring libbz2-1.0:amd64...
2024-05-27 14:02:21.033829 +0000 build-ubuntu43: output: I: Configuring base-passwd...
2024-05-27 14:02:21.157757 +0000 build-ubuntu43: output: I: Configuring libdb5.3:amd64...
2024-05-27 14:02:21.195861 +0000 build-ubuntu43: output: I: Configuring libblkid1:amd64...
2024-05-27 14:02:21.242691 +0000 build-ubuntu43: output: I: Configuring libtinfo6:amd64...
2024-05-27 14:02:21.428423 +0000 build-ubuntu43: output: I: Configuring bash...
2024-05-27 14:02:21.556685 +0000 build-ubuntu43: output: I: Configuring libzstd1:amd64...
2024-05-27 14:02:21.591985 +0000 build-ubuntu43: output: I: Configuring libkeyutils1:amd64...
2024-05-27 14:02:21.628840 +0000 build-ubuntu43: output: I: Configuring liblzma5:amd64...
2024-05-27 14:02:21.664266 +0000 build-ubuntu43: output: I: Configuring libgpg-error0:amd64...
2024-05-27 14:02:21.704170 +0000 build-ubuntu43: output: I: Configuring liblz4-1:amd64...
2024-05-27 14:02:21.879639 +0000 build-ubuntu43: output: I: Configuring libc-bin...
2024-05-27 14:02:22.056406 +0000 build-ubuntu43: output: I: Configuring ncurses-bin...
2024-05-27 14:02:22.152685 +0000 build-ubuntu43: output: I: Configuring libacl1:amd64...
2024-05-27 14:02:22.233036 +0000 build-ubuntu43: output: I: Configuring libsmartcols1:amd64...
2024-05-27 14:02:22.274313 +0000 build-ubuntu43: output: I: Configuring libgcrypt20:amd64...
2024-05-27 14:02:22.377935 +0000 build-ubuntu43: output: I: Configuring zlib1g:amd64...
2024-05-27 14:02:22.481994 +0000 build-ubuntu43: output: I: Configuring libcom-err2:amd64...
2024-05-27 14:02:22.539425 +0000 build-ubuntu43: output: I: Configuring diffutils...
2024-05-27 14:02:22.643427 +0000 build-ubuntu43: output: I: Configuring libcap2:amd64...
2024-05-27 14:02:22.742872 +0000 build-ubuntu43: output: I: Configuring libkrb5support0:amd64...
2024-05-27 14:02:22.805988 +0000 build-ubuntu43: output: I: Configuring hostname...
2024-05-27 14:02:22.904967 +0000 build-ubuntu43: output: I: Configuring libpcre3:amd64...
2024-05-27 14:02:23.005788 +0000 build-ubuntu43: output: I: Configuring libcap-ng0:amd64...
2024-05-27 14:02:23.044209 +0000 build-ubuntu43: output: I: Configuring libext2fs2:amd64...
2024-05-27 14:02:23.145794 +0000 build-ubuntu43: output: I: Configuring libgmp10:amd64...
2024-05-27 14:02:23.206324 +0000 build-ubuntu43: output: I: Configuring libncurses6:amd64...
2024-05-27 14:02:23.272337 +0000 build-ubuntu43: output: I: Configuring libaudit1:amd64...
2024-05-27 14:02:23.309775 +0000 build-ubuntu43: output: I: Configuring libuuid1:amd64...
2024-05-27 14:02:23.357356 +0000 build-ubuntu43: output: I: Configuring libss2:amd64...
2024-05-27 14:02:23.394354 +0000 build-ubuntu43: output: I: Configuring libsepol2:amd64...
2024-05-27 14:02:23.438005 +0000 build-ubuntu43: output: I: Configuring libpcre2-8-0:amd64...
2024-05-27 14:02:23.539230 +0000 build-ubuntu43: output: I: Configuring libncursesw6:amd64...
2024-05-27 14:02:23.596290 +0000 build-ubuntu43: output: I: Configuring libk5crypto3:amd64...
2024-05-27 14:02:23.697443 +0000 build-ubuntu43: output: I: Configuring logsave...
2024-05-27 14:02:23.804742 +0000 build-ubuntu43: output: I: Configuring e2fsprogs...
2024-05-27 14:02:24.082087 +0000 build-ubuntu43: output: I: Configuring libsystemd0:amd64...
2024-05-27 14:02:24.138696 +0000 build-ubuntu43: output: I: Configuring libselinux1:amd64...
2024-05-27 14:02:24.235950 +0000 build-ubuntu43: output: I: Configuring sed...
2024-05-27 14:02:24.335886 +0000 build-ubuntu43: output: I: Configuring findutils...
2024-05-27 14:02:24.394077 +0000 build-ubuntu43: output: I: Configuring libmount1:amd64...
2024-05-27 14:02:24.456343 +0000 build-ubuntu43: output: I: Configuring libsemanage2:amd64...
2024-05-27 14:02:24.504129 +0000 build-ubuntu43: output: I: Configuring libprocps8:amd64...
2024-05-27 14:02:24.549088 +0000 build-ubuntu43: output: I: Configuring bsdutils...
2024-05-27 14:02:24.596844 +0000 build-ubuntu43: output: I: Configuring tar...
2024-05-27 14:02:24.695496 +0000 build-ubuntu43: output: I: Configuring coreutils...
2024-05-27 14:02:24.912850 +0000 build-ubuntu43: output: I: Configuring dpkg...
2024-05-27 14:02:25.071629 +0000 build-ubuntu43: output: I: Configuring mount...
2024-05-27 14:02:25.151942 +0000 build-ubuntu43: output: I: Configuring grep...
2024-05-27 14:02:25.255464 +0000 build-ubuntu43: output: I: Configuring perl-base...
2024-05-27 14:02:25.368482 +0000 build-ubuntu43: output: I: Configuring init-system-helpers...
2024-05-27 14:02:25.428342 +0000 build-ubuntu43: output: I: Configuring gzip...
2024-05-27 14:02:25.489019 +0000 build-ubuntu43: output: I: Configuring usrmerge...
2024-05-27 14:02:25.809434 +0000 build-ubuntu43: output: I: Configuring procps...
2024-05-27 14:02:25.925430 +0000 build-ubuntu43: output: I: Configuring debconf...
2024-05-27 14:02:26.151698 +0000 build-ubuntu43: output: I: Configuring libpam0g:amd64...
2024-05-27 14:02:26.591051 +0000 build-ubuntu43: output: I: Configuring util-linux...
2024-05-27 14:02:26.820197 +0000 build-ubuntu43: output: I: Configuring dash...
2024-05-27 14:02:27.093443 +0000 build-ubuntu43: output: I: Configuring libpam-modules-bin...
2024-05-27 14:02:27.133154 +0000 build-ubuntu43: output: I: Configuring libssl3:amd64...
2024-05-27 14:02:27.282341 +0000 build-ubuntu43: output: I: Configuring libkrb5-3:amd64...
2024-05-27 14:02:27.322248 +0000 build-ubuntu43: output: I: Configuring libgssapi-krb5-2:amd64...
2024-05-27 14:02:27.364726 +0000 build-ubuntu43: output: I: Configuring libtirpc3:amd64...
2024-05-27 14:02:27.407507 +0000 build-ubuntu43: output: I: Configuring libnsl2:amd64...
2024-05-27 14:02:27.639788 +0000 build-ubuntu43: output: I: Configuring libpam-modules:amd64...
2024-05-27 14:02:27.783065 +0000 build-ubuntu43: output: I: Configuring passwd...
2024-05-27 14:02:27.925086 +0000 build-ubuntu43: output: I: Configuring libpam-runtime...
2024-05-27 14:02:28.142071 +0000 build-ubuntu43: output: I: Configuring login...
2024-05-27 14:02:28.183959 +0000 build-ubuntu43: output: I: Configuring libc-bin...
2024-05-27 14:02:28.269053 +0000 build-ubuntu43: output: I: Unpacking the base system...
2024-05-27 14:02:28.502894 +0000 build-ubuntu43: output: I: Unpacking adduser...
2024-05-27 14:02:28.738916 +0000 build-ubuntu43: output: I: Unpacking apt...
2024-05-27 14:02:29.114078 +0000 build-ubuntu43: output: I: Unpacking binutils...
2024-05-27 14:02:29.233897 +0000 build-ubuntu43: output: I: Unpacking binutils-common:amd64...
2024-05-27 14:02:29.356137 +0000 build-ubuntu43: output: I: Unpacking binutils-x86-64-linux-gnu...
2024-05-27 14:02:29.648380 +0000 build-ubuntu43: output: I: Unpacking build-essential...
2024-05-27 14:02:29.747450 +0000 build-ubuntu43: output: I: Unpacking bzip2...
2024-05-27 14:02:29.908066 +0000 build-ubuntu43: output: I: Unpacking ca-certificates...
2024-05-27 14:02:30.182087 +0000 build-ubuntu43: output: I: Unpacking cpp...
2024-05-27 14:02:30.307927 +0000 build-ubuntu43: output: I: Unpacking cpp-11...
2024-05-27 14:02:30.604859 +0000 build-ubuntu43: output: I: Unpacking dpkg-dev...
2024-05-27 14:02:30.864763 +0000 build-ubuntu43: output: I: Unpacking g++...
2024-05-27 14:02:30.957369 +0000 build-ubuntu43: output: I: Unpacking g++-11...
2024-05-27 14:02:31.256650 +0000 build-ubuntu43: output: I: Unpacking gcc...
2024-05-27 14:02:31.367368 +0000 build-ubuntu43: output: I: Unpacking gcc-11...
2024-05-27 14:02:31.892348 +0000 build-ubuntu43: output: I: Unpacking gcc-11-base:amd64...
2024-05-27 14:02:31.995897 +0000 build-ubuntu43: output: I: Unpacking gpgv...
2024-05-27 14:02:32.128808 +0000 build-ubuntu43: output: I: Unpacking libapt-pkg6.0:amd64...
2024-05-27 14:02:32.302194 +0000 build-ubuntu43: output: I: Unpacking libasan6:amd64...
2024-05-27 14:02:32.473169 +0000 build-ubuntu43: output: I: Unpacking libatomic1:amd64...
2024-05-27 14:02:32.581901 +0000 build-ubuntu43: output: I: Unpacking libbinutils:amd64...
2024-05-27 14:02:32.705687 +0000 build-ubuntu43: output: I: Unpacking libc-dev-bin...
2024-05-27 14:02:32.809112 +0000 build-ubuntu43: output: I: Unpacking libc6-dev:amd64...
2024-05-27 14:02:33.297837 +0000 build-ubuntu43: output: I: Unpacking libcc1-0:amd64...
2024-05-27 14:02:33.366044 +0000 build-ubuntu43: output: I: Unpacking libcrypt-dev:amd64...
2024-05-27 14:02:33.452020 +0000 build-ubuntu43: output: I: Unpacking libctf-nobfd0:amd64...
2024-05-27 14:02:33.530956 +0000 build-ubuntu43: output: I: Unpacking libctf0:amd64...
2024-05-27 14:02:33.603656 +0000 build-ubuntu43: output: I: Unpacking libdpkg-perl...
2024-05-27 14:02:33.769788 +0000 build-ubuntu43: output: I: Unpacking libffi8:amd64...
2024-05-27 14:02:33.843094 +0000 build-ubuntu43: output: I: Unpacking libgcc-11-dev:amd64...
2024-05-27 14:02:34.076916 +0000 build-ubuntu43: output: I: Unpacking libgdbm-compat4:amd64...
2024-05-27 14:02:34.154947 +0000 build-ubuntu43: output: I: Unpacking libgdbm6:amd64...
2024-05-27 14:02:34.238913 +0000 build-ubuntu43: output: I: Unpacking libgnutls30:amd64...
2024-05-27 14:02:34.352166 +0000 build-ubuntu43: output: I: Unpacking libgomp1:amd64...
2024-05-27 14:02:34.439518 +0000 build-ubuntu43: output: I: Unpacking libhogweed6:amd64...
2024-05-27 14:02:34.525051 +0000 build-ubuntu43: output: I: Unpacking libidn2-0:amd64...
2024-05-27 14:02:34.614085 +0000 build-ubuntu43: output: I: Unpacking libisl23:amd64...
2024-05-27 14:02:34.717775 +0000 build-ubuntu43: output: I: Unpacking libitm1:amd64...
2024-05-27 14:02:34.795119 +0000 build-ubuntu43: output: I: Unpacking liblsan0:amd64...
2024-05-27 14:02:34.912304 +0000 build-ubuntu43: output: I: Unpacking libmpc3:amd64...
2024-05-27 14:02:34.987858 +0000 build-ubuntu43: output: I: Unpacking libmpfr6:amd64...
2024-05-27 14:02:35.094428 +0000 build-ubuntu43: output: I: Unpacking libnettle8:amd64...
2024-05-27 14:02:35.171163 +0000 build-ubuntu43: output: I: Unpacking libnsl-dev:amd64...
2024-05-27 14:02:35.258317 +0000 build-ubuntu43: output: I: Unpacking libp11-kit0:amd64...
2024-05-27 14:02:35.359885 +0000 build-ubuntu43: output: I: Unpacking libperl5.34:amd64...
2024-05-27 14:02:35.853987 +0000 build-ubuntu43: output: I: Unpacking libquadmath0:amd64...
2024-05-27 14:02:35.926789 +0000 build-ubuntu43: output: I: Unpacking libseccomp2:amd64...
2024-05-27 14:02:36.006712 +0000 build-ubuntu43: output: I: Unpacking libstdc++-11-dev:amd64...
2024-05-27 14:02:36.662795 +0000 build-ubuntu43: output: I: Unpacking libstdc++6:amd64...
2024-05-27 14:02:36.775515 +0000 build-ubuntu43: output: I: Unpacking libtasn1-6:amd64...
2024-05-27 14:02:36.855991 +0000 build-ubuntu43: output: I: Unpacking libtirpc-dev:amd64...
2024-05-27 14:02:37.002879 +0000 build-ubuntu43: output: I: Unpacking libtsan0:amd64...
2024-05-27 14:02:37.140115 +0000 build-ubuntu43: output: I: Unpacking libubsan1:amd64...
2024-05-27 14:02:37.250962 +0000 build-ubuntu43: output: I: Unpacking libunistring2:amd64...
2024-05-27 14:02:37.348652 +0000 build-ubuntu43: output: I: Unpacking libxxhash0:amd64...
2024-05-27 14:02:37.432924 +0000 build-ubuntu43: output: I: Unpacking linux-libc-dev:amd64...
2024-05-27 14:02:38.136655 +0000 build-ubuntu43: output: I: Unpacking lto-disabled-list...
2024-05-27 14:02:38.211032 +0000 build-ubuntu43: output: I: Unpacking make...
2024-05-27 14:02:38.318397 +0000 build-ubuntu43: output: I: Unpacking openssl...
2024-05-27 14:02:38.491428 +0000 build-ubuntu43: output: I: Unpacking patch...
2024-05-27 14:02:38.594918 +0000 build-ubuntu43: output: I: Unpacking perl...
2024-05-27 14:02:38.707359 +0000 build-ubuntu43: output: I: Unpacking perl-modules-5.34...
2024-05-27 14:02:39.647498 +0000 build-ubuntu43: output: I: Unpacking rpcsvc-proto...
2024-05-27 14:02:39.729988 +0000 build-ubuntu43: output: I: Unpacking ubuntu-keyring...
2024-05-27 14:02:39.811753 +0000 build-ubuntu43: output: I: Unpacking xz-utils...
2024-05-27 14:02:39.970289 +0000 build-ubuntu43: output: I: Configuring the base system...
2024-05-27 14:02:39.986029 +0000 build-ubuntu43: output: I: Configuring gcc-11-base:amd64...
2024-05-27 14:02:40.004726 +0000 build-ubuntu43: output: I: Configuring adduser...
2024-05-27 14:02:40.122461 +0000 build-ubuntu43: output: I: Configuring lto-disabled-list...
2024-05-27 14:02:40.135159 +0000 build-ubuntu43: output: I: Configuring binutils-common:amd64...
2024-05-27 14:02:40.154756 +0000 build-ubuntu43: output: I: Configuring libunistring2:amd64...
2024-05-27 14:02:40.173377 +0000 build-ubuntu43: output: I: Configuring linux-libc-dev:amd64...
2024-05-27 14:02:40.185886 +0000 build-ubuntu43: output: I: Configuring libctf-nobfd0:amd64...
2024-05-27 14:02:40.198833 +0000 build-ubuntu43: output: I: Configuring libidn2-0:amd64...
2024-05-27 14:02:40.211643 +0000 build-ubuntu43: output: I: Configuring libgomp1:amd64...
2024-05-27 14:02:40.226165 +0000 build-ubuntu43: output: I: Configuring perl-modules-5.34...
2024-05-27 14:02:40.238700 +0000 build-ubuntu43: output: I: Configuring bzip2...
2024-05-27 14:02:40.251330 +0000 build-ubuntu43: output: I: Configuring ubuntu-keyring...
2024-05-27 14:02:40.265970 +0000 build-ubuntu43: output: I: Configuring libseccomp2:amd64...
2024-05-27 14:02:40.278571 +0000 build-ubuntu43: output: I: Configuring libasan6:amd64...
2024-05-27 14:02:40.291102 +0000 build-ubuntu43: output: I: Configuring libtirpc-dev:amd64...
2024-05-27 14:02:40.307176 +0000 build-ubuntu43: output: I: Configuring rpcsvc-proto...
2024-05-27 14:02:40.320388 +0000 build-ubuntu43: output: I: Configuring libnettle8:amd64...
2024-05-27 14:02:40.333493 +0000 build-ubuntu43: output: I: Configuring make...
2024-05-27 14:02:40.346362 +0000 build-ubuntu43: output: I: Configuring libmpfr6:amd64...
2024-05-27 14:02:40.358297 +0000 build-ubuntu43: output: I: Configuring xz-utils...
2024-05-27 14:02:40.380398 +0000 build-ubuntu43: output: I: Configuring libquadmath0:amd64...
2024-05-27 14:02:40.392915 +0000 build-ubuntu43: output: I: Configuring libmpc3:amd64...
2024-05-27 14:02:40.405122 +0000 build-ubuntu43: output: I: Configuring libatomic1:amd64...
2024-05-27 14:02:40.417467 +0000 build-ubuntu43: output: I: Configuring patch...
2024-05-27 14:02:40.438984 +0000 build-ubuntu43: output: I: Configuring libffi8:amd64...
2024-05-27 14:02:40.454340 +0000 build-ubuntu43: output: I: Configuring libnsl-dev:amd64...
2024-05-27 14:02:40.465976 +0000 build-ubuntu43: output: I: Configuring gpgv...
2024-05-27 14:02:40.486742 +0000 build-ubuntu43: output: I: Configuring libcrypt-dev:amd64...
2024-05-27 14:02:40.499260 +0000 build-ubuntu43: output: I: Configuring libxxhash0:amd64...
2024-05-27 14:02:40.512002 +0000 build-ubuntu43: output: I: Configuring libtasn1-6:amd64...
2024-05-27 14:02:40.527179 +0000 build-ubuntu43: output: I: Configuring libbinutils:amd64...
2024-05-27 14:02:40.539921 +0000 build-ubuntu43: output: I: Configuring libisl23:amd64...
2024-05-27 14:02:40.552622 +0000 build-ubuntu43: output: I: Configuring libc-dev-bin...
2024-05-27 14:02:40.569851 +0000 build-ubuntu43: output: I: Configuring openssl...
2024-05-27 14:02:40.583891 +0000 build-ubuntu43: output: I: Configuring libstdc++6:amd64...
2024-05-27 14:02:40.599258 +0000 build-ubuntu43: output: I: Configuring liblsan0:amd64...
2024-05-27 14:02:40.611178 +0000 build-ubuntu43: output: I: Configuring libitm1:amd64...
2024-05-27 14:02:40.624310 +0000 build-ubuntu43: output: I: Configuring libgdbm6:amd64...
2024-05-27 14:02:40.636755 +0000 build-ubuntu43: output: I: Configuring libtsan0:amd64...
2024-05-27 14:02:40.649928 +0000 build-ubuntu43: output: I: Configuring libctf0:amd64...
2024-05-27 14:02:40.662225 +0000 build-ubuntu43: output: I: Configuring cpp-11...
2024-05-27 14:02:40.678153 +0000 build-ubuntu43: output: I: Configuring libhogweed6:amd64...
2024-05-27 14:02:40.690206 +0000 build-ubuntu43: output: I: Configuring ca-certificates...
2024-05-27 14:02:41.488815 +0000 build-ubuntu43: output: I: Configuring libapt-pkg6.0:amd64...
2024-05-27 14:02:41.515159 +0000 build-ubuntu43: output: I: Configuring libp11-kit0:amd64...
2024-05-27 14:02:41.538030 +0000 build-ubuntu43: output: I: Configuring libgdbm-compat4:amd64...
2024-05-27 14:02:41.559903 +0000 build-ubuntu43: output: I: Configuring libubsan1:amd64...
2024-05-27 14:02:41.580918 +0000 build-ubuntu43: output: I: Configuring libgcc-11-dev:amd64...
2024-05-27 14:02:41.601978 +0000 build-ubuntu43: output: I: Configuring cpp...
2024-05-27 14:02:41.634704 +0000 build-ubuntu43: output: I: Configuring libc6-dev:amd64...
2024-05-27 14:02:41.656824 +0000 build-ubuntu43: output: I: Configuring libcc1-0:amd64...
2024-05-27 14:02:41.681433 +0000 build-ubuntu43: output: I: Configuring binutils-x86-64-linux-gnu...
2024-05-27 14:02:41.702860 +0000 build-ubuntu43: output: I: Configuring libperl5.34:amd64...
2024-05-27 14:02:41.723382 +0000 build-ubuntu43: output: I: Configuring binutils...
2024-05-27 14:02:41.754708 +0000 build-ubuntu43: output: I: Configuring perl...
2024-05-27 14:02:41.785896 +0000 build-ubuntu43: output: I: Configuring libgnutls30:amd64...
2024-05-27 14:02:41.806775 +0000 build-ubuntu43: output: I: Configuring libdpkg-perl...
2024-05-27 14:02:41.827681 +0000 build-ubuntu43: output: I: Configuring libstdc++-11-dev:amd64...
2024-05-27 14:02:41.849522 +0000 build-ubuntu43: output: I: Configuring gcc-11...
2024-05-27 14:02:41.906863 +0000 build-ubuntu43: output: I: Configuring apt...
2024-05-27 14:02:42.311433 +0000 build-ubuntu43: output: I: Configuring g++-11...
2024-05-27 14:02:42.325147 +0000 build-ubuntu43: output: I: Configuring gcc...
2024-05-27 14:02:42.391223 +0000 build-ubuntu43: output: I: Configuring dpkg-dev...
2024-05-27 14:02:42.413331 +0000 build-ubuntu43: output: I: Configuring g++...
2024-05-27 14:02:42.466873 +0000 build-ubuntu43: output: I: Configuring build-essential...
2024-05-27 14:02:42.480790 +0000 build-ubuntu43: output: I: Configuring libc-bin...
2024-05-27 14:02:42.509893 +0000 build-ubuntu43: output: I: Configuring ca-certificates...
2024-05-27 14:02:42.908018 +0000 build-ubuntu43: output: I: Base system installed successfully.
2024-05-27 14:02:43.045765 +0000 build-ubuntu43: output: I: debootstrap finished
2024-05-27 14:02:43.046756 +0000 build-ubuntu43: output: I: copying local configuration
2024-05-27 14:02:43.052408 +0000 build-ubuntu43: output: W: No local /etc/hostname to copy, relying on /builder/pbuilder/build/2414/etc/hostname to be correct
2024-05-27 14:02:43.052456 +0000 build-ubuntu43: output: W: No local /etc/mailname to copy, relying on /builder/pbuilder/build/2414/etc/mailname to be correct
2024-05-27 14:02:43.056071 +0000 build-ubuntu43: output: I: Installing apt-lines
2024-05-27 14:02:43.147564 +0000 build-ubuntu43: output: I: Refreshing the base.tgz
2024-05-27 14:02:43.147634 +0000 build-ubuntu43: output: I: upgrading packages
2024-05-27 14:02:43.147657 +0000 build-ubuntu43: output: I: mounting /proc filesystem
2024-05-27 14:02:43.151815 +0000 build-ubuntu43: output: I: mounting /sys filesystem
2024-05-27 14:02:43.155050 +0000 build-ubuntu43: output: I: creating /{dev,run}/shm
2024-05-27 14:02:43.162496 +0000 build-ubuntu43: output: I: mounting /dev/pts filesystem
2024-05-27 14:02:43.165992 +0000 build-ubuntu43: output: I: redirecting /dev/ptmx to /dev/pts/ptmx
2024-05-27 14:02:43.171150 +0000 build-ubuntu43: output: I: mounting selinux filesystem
2024-05-27 14:02:43.176100 +0000 build-ubuntu43: output: I: Mounting /builder/repository to /tmp/qubes-deb
2024-05-27 14:02:43.178459 +0000 build-ubuntu43: output: I: installing dummy policy-rc.d
2024-05-27 14:02:43.213977 +0000 build-ubuntu43: output: Get:1 file:/tmp/qubes-deb jammy InRelease
2024-05-27 14:02:43.214047 +0000 build-ubuntu43: output: Ign:1 file:/tmp/qubes-deb jammy InRelease
2024-05-27 14:02:43.214587 +0000 build-ubuntu43: output: Get:2 file:/tmp/qubes-deb jammy Release [3865 B]
2024-05-27 14:02:43.219671 +0000 build-ubuntu43: output: Get:2 file:/tmp/qubes-deb jammy Release [3865 B]
2024-05-27 14:02:43.220179 +0000 build-ubuntu43: output: Get:3 file:/tmp/qubes-deb jammy Release.gpg
2024-05-27 14:02:43.220266 +0000 build-ubuntu43: output: Ign:3 file:/tmp/qubes-deb jammy Release.gpg
2024-05-27 14:02:43.220626 +0000 build-ubuntu43: output: Get:4 file:/tmp/qubes-deb jammy/main amd64 Packages [20.5 kB]
2024-05-27 14:02:45.646038 +0000 build-ubuntu43: output: Hit:5 https://fr.archive.ubuntu.com/ubuntu jammy InRelease
2024-05-27 14:02:46.187264 +0000 build-ubuntu43: output: Get:6 https://fr.archive.ubuntu.com/ubuntu jammy/universe amd64 Packages [14.1 MB]
2024-05-27 14:04:22.032987 +0000 build-ubuntu43: output: Get:7 https://fr.archive.ubuntu.com/ubuntu jammy/restricted amd64 Packages [129 kB]
2024-05-27 14:04:23.608357 +0000 build-ubuntu43: output: Get:8 https://fr.archive.ubuntu.com/ubuntu jammy/multiverse amd64 Packages [217 kB]
2024-05-27 14:04:26.203873 +0000 build-ubuntu43: output: Fetched 14.4 MB in 1min 43s (140 kB/s)
2024-05-27 14:04:26.603708 +0000 build-ubuntu43: output: Reading package lists...
2024-05-27 14:04:26.637588 +0000 build-ubuntu43: output: I: Obtaining the cached apt archive contents
2024-05-27 14:04:26.641436 +0000 build-ubuntu43: output: ln: failed to create hard link '/builder/pbuilder/build/2414/var/cache/apt/archives/dash_0.5.11+git20210903+057cd650a4ed-3build1_amd64.deb': File exists
2024-05-27 14:04:26.642626 +0000 build-ubuntu43: output: ln: failed to create hard link '/builder/pbuilder/build/2414/var/cache/apt/archives/zlib1g_1%3a1.2.11.dfsg-2ubuntu9_amd64.deb': File exists
2024-05-27 14:04:26.643761 +0000 build-ubuntu43: output: ln: failed to create hard link '/builder/pbuilder/build/2414/var/cache/apt/archives/make_4.3-4.1build1_amd64.deb': File exists
2024-05-27 14:04:26.644344 +0000 build-ubuntu43: output: ln: failed to create hard link '/builder/pbuilder/build/2414/var/cache/apt/archives/libhogweed6_3.7.3-1build2_amd64.deb': File exists
2024-05-27 14:04:26.645514 +0000 build-ubuntu43: output: ln: failed to create hard link '/builder/pbuilder/build/2414/var/cache/apt/archives/libnettle8_3.7.3-1build2_amd64.deb': File exists
2024-05-27 14:04:26.647040 +0000 build-ubuntu43: output: ln: failed to create hard link '/builder/pbuilder/build/2414/var/cache/apt/archives/libacl1_2.3.1-1_amd64.deb': File exists
2024-05-27 14:04:26.648612 +0000 build-ubuntu43: output: ln: failed to create hard link '/builder/pbuilder/build/2414/var/cache/apt/archives/perl-modules-5.34_5.34.0-3ubuntu1_all.deb': File exists
2024-05-27 14:04:26.649801 +0000 build-ubuntu43: output: ln: failed to create hard link '/builder/pbuilder/build/2414/var/cache/apt/archives/dpkg_1.21.1ubuntu2_amd64.deb': File exists
2024-05-27 14:04:26.651699 +0000 build-ubuntu43: output: ln: failed to create hard link '/builder/pbuilder/build/2414/var/cache/apt/archives/libprocps8_2%3a3.3.17-6ubuntu2_amd64.deb': File exists
2024-05-27 14:04:26.652775 +0000 build-ubuntu43: output: ln: failed to create hard link '/builder/pbuilder/build/2414/var/cache/apt/archives/procps_2%3a3.3.17-6ubuntu2_amd64.deb': File exists
2024-05-27 14:04:26.654141 +0000 build-ubuntu43: output: ln: failed to create hard link '/builder/pbuilder/build/2414/var/cache/apt/archives/gzip_1.10-4ubuntu4_amd64.deb': File exists
2024-05-27 14:04:26.655728 +0000 build-ubuntu43: output: ln: failed to create hard link '/builder/pbuilder/build/2414/var/cache/apt/archives/g++_4%3a11.2.0-1ubuntu1_amd64.deb': File exists
2024-05-27 14:04:26.657007 +0000 build-ubuntu43: output: ln: failed to create hard link '/builder/pbuilder/build/2414/var/cache/apt/archives/gcc_4%3a11.2.0-1ubuntu1_amd64.deb': File exists
2024-05-27 14:04:26.658308 +0000 build-ubuntu43: output: ln: failed to create hard link '/builder/pbuilder/build/2414/var/cache/apt/archives/libudev1_249.11-0ubuntu3_amd64.deb': File exists
2024-05-27 14:04:26.660278 +0000 build-ubuntu43: output: ln: failed to create hard link '/builder/pbuilder/build/2414/var/cache/apt/archives/gpgv_2.2.27-3ubuntu2_amd64.deb': File exists
2024-05-27 14:04:26.661697 +0000 build-ubuntu43: output: ln: failed to create hard link '/builder/pbuilder/build/2414/var/cache/apt/archives/libaudit-common_1%3a3.0.7-1build1_all.deb': File exists
2024-05-27 14:04:26.663200 +0000 build-ubuntu43: output: ln: failed to create hard link '/builder/pbuilder/build/2414/var/cache/apt/archives/diffutils_1%3a3.8-0ubuntu2_amd64.deb': File exists
2024-05-27 14:04:26.664642 +0000 build-ubuntu43: output: ln: failed to create hard link '/builder/pbuilder/build/2414/var/cache/apt/archives/libtirpc3_1.3.2-2build1_amd64.deb': File exists
2024-05-27 14:04:26.665899 +0000 build-ubuntu43: output: ln: failed to create hard link '/builder/pbuilder/build/2414/var/cache/apt/archives/libgdbm6_1.23-1_amd64.deb': File exists
2024-05-27 14:04:26.667279 +0000 build-ubuntu43: output: ln: failed to create hard link '/builder/pbuilder/build/2414/var/cache/apt/archives/libselinux1_3.3-1build2_amd64.deb': File exists
2024-05-27 14:04:26.669047 +0000 build-ubuntu43: output: ln: failed to create hard link '/builder/pbuilder/build/2414/var/cache/apt/archives/libgdbm-compat4_1.23-1_amd64.deb': File exists
2024-05-27 14:04:26.670422 +0000 build-ubuntu43: output: ln: failed to create hard link '/builder/pbuilder/build/2414/var/cache/apt/archives/libpam-modules-bin_1.4.0-11ubuntu2_amd64.deb': File exists
2024-05-27 14:04:26.671798 +0000 build-ubuntu43: output: ln: failed to create hard link '/builder/pbuilder/build/2414/var/cache/apt/archives/libuuid1_2.37.2-4ubuntu3_amd64.deb': File exists
2024-05-27 14:04:26.672885 +0000 build-ubuntu43: output: ln: failed to create hard link '/builder/pbuilder/build/2414/var/cache/apt/archives/libsemanage-common_3.3-1build2_all.deb': File exists
2024-05-27 14:04:26.674010 +0000 build-ubuntu43: output: ln: failed to create hard link '/builder/pbuilder/build/2414/var/cache/apt/archives/binutils-x86-64-linux-gnu_2.38-3ubuntu1_amd64.deb': File exists
2024-05-27 14:04:26.675216 +0000 build-ubuntu43: output: ln: failed to create hard link '/builder/pbuilder/build/2414/var/cache/apt/archives/libncurses6_6.3-2_amd64.deb': File exists
2024-05-27 14:04:26.676559 +0000 build-ubuntu43: output: ln: failed to create hard link '/builder/pbuilder/build/2414/var/cache/apt/archives/libtirpc-dev_1.3.2-2build1_amd64.deb': File exists
2024-05-27 14:04:26.677072 +0000 build-ubuntu43: output: ln: failed to create hard link '/builder/pbuilder/build/2414/var/cache/apt/archives/libssl3_3.0.2-0ubuntu1_amd64.deb': File exists
2024-05-27 14:04:26.677936 +0000 build-ubuntu43: output: ln: failed to create hard link '/builder/pbuilder/build/2414/var/cache/apt/archives/debianutils_5.5-1ubuntu2_amd64.deb': File exists
2024-05-27 14:04:26.679096 +0000 build-ubuntu43: output: ln: failed to create hard link '/builder/pbuilder/build/2414/var/cache/apt/archives/libext2fs2_1.46.5-2ubuntu1_amd64.deb': File exists
2024-05-27 14:04:26.680078 +0000 build-ubuntu43: output: ln: failed to create hard link '/builder/pbuilder/build/2414/var/cache/apt/archives/init-system-helpers_1.62_all.deb': File exists
2024-05-27 14:04:26.681257 +0000 build-ubuntu43: output: ln: failed to create hard link '/builder/pbuilder/build/2414/var/cache/apt/archives/cpp_4%3a11.2.0-1ubuntu1_amd64.deb': File exists
2024-05-27 14:04:26.682478 +0000 build-ubuntu43: output: ln: failed to create hard link '/builder/pbuilder/build/2414/var/cache/apt/archives/libaudit1_1%3a3.0.7-1build1_amd64.deb': File exists
2024-05-27 14:04:26.683529 +0000 build-ubuntu43: output: ln: failed to create hard link '/builder/pbuilder/build/2414/var/cache/apt/archives/coreutils_8.32-4.1ubuntu1_amd64.deb': File exists
2024-05-27 14:04:26.684477 +0000 build-ubuntu43: output: ln: failed to create hard link '/builder/pbuilder/build/2414/var/cache/apt/archives/bash_5.1-6ubuntu1_amd64.deb': File exists
2024-05-27 14:04:26.685396 +0000 build-ubuntu43: output: ln: failed to create hard link '/builder/pbuilder/build/2414/var/cache/apt/archives/bsdutils_1%3a2.37.2-4ubuntu3_amd64.deb': File exists
2024-05-27 14:04:26.686353 +0000 build-ubuntu43: output: ln: failed to create hard link '/builder/pbuilder/build/2414/var/cache/apt/archives/libc6_2.35-0ubuntu3_amd64.deb': File exists
2024-05-27 14:04:26.687260 +0000 build-ubuntu43: output: ln: failed to create hard link '/builder/pbuilder/build/2414/var/cache/apt/archives/ncurses-bin_6.3-2_amd64.deb': File exists
2024-05-27 14:04:26.688107 +0000 build-ubuntu43: output: ln: failed to create hard link '/builder/pbuilder/build/2414/var/cache/apt/archives/apt_2.4.5_amd64.deb': File exists
2024-05-27 14:04:26.688996 +0000 build-ubuntu43: output: ln: failed to create hard link '/builder/pbuilder/build/2414/var/cache/apt/archives/hostname_3.23ubuntu2_amd64.deb': File exists
2024-05-27 14:04:26.690086 +0000 build-ubuntu43: output: ln: failed to create hard link '/builder/pbuilder/build/2414/var/cache/apt/archives/libpam-modules_1.4.0-11ubuntu2_amd64.deb': File exists
2024-05-27 14:04:26.690879 +0000 build-ubuntu43: output: ln: failed to create hard link '/builder/pbuilder/build/2414/var/cache/apt/archives/build-essential_12.9ubuntu3_amd64.deb': File exists
2024-05-27 14:04:26.691843 +0000 build-ubuntu43: output: ln: failed to create hard link '/builder/pbuilder/build/2414/var/cache/apt/archives/libkeyutils1_1.6.1-2ubuntu3_amd64.deb': File exists
2024-05-27 14:04:26.692222 +0000 build-ubuntu43: output: ln: failed to create hard link '/builder/pbuilder/build/2414/var/cache/apt/archives/libnsl2_1.3.0-2build2_amd64.deb': File exists
2024-05-27 14:04:26.693165 +0000 build-ubuntu43: output: ln: failed to create hard link '/builder/pbuilder/build/2414/var/cache/apt/archives/libgnutls30_3.7.3-4ubuntu1_amd64.deb': File exists
2024-05-27 14:04:26.693793 +0000 build-ubuntu43: output: ln: failed to create hard link '/builder/pbuilder/build/2414/var/cache/apt/archives/libbz2-1.0_1.0.8-5build1_amd64.deb': File exists
2024-05-27 14:04:26.694398 +0000 build-ubuntu43: output: ln: failed to create hard link '/builder/pbuilder/build/2414/var/cache/apt/archives/libkrb5support0_1.19.2-2_amd64.deb': File exists
2024-05-27 14:04:26.695029 +0000 build-ubuntu43: output: ln: failed to create hard link '/builder/pbuilder/build/2414/var/cache/apt/archives/liblzma5_5.2.5-2ubuntu1_amd64.deb': File exists
2024-05-27 14:04:26.695620 +0000 build-ubuntu43: output: ln: failed to create hard link '/builder/pbuilder/build/2414/var/cache/apt/archives/libgcrypt20_1.9.4-3ubuntu3_amd64.deb': File exists
2024-05-27 14:04:26.696284 +0000 build-ubuntu43: output: ln: failed to create hard link '/builder/pbuilder/build/2414/var/cache/apt/archives/libgpg-error0_1.43-3_amd64.deb': File exists
2024-05-27 14:04:26.696885 +0000 build-ubuntu43: output: ln: failed to create hard link '/builder/pbuilder/build/2414/var/cache/apt/archives/gcc-11-base_11.2.0-19ubuntu1_amd64.deb': File exists
2024-05-27 14:04:26.697544 +0000 build-ubuntu43: output: ln: failed to create hard link '/builder/pbuilder/build/2414/var/cache/apt/archives/libbinutils_2.38-3ubuntu1_amd64.deb': File exists
2024-05-27 14:04:26.698204 +0000 build-ubuntu43: output: ln: failed to create hard link '/builder/pbuilder/build/2414/var/cache/apt/archives/libgmp10_2%3a6.2.1+dfsg-3ubuntu1_amd64.deb': File exists
2024-05-27 14:04:26.698767 +0000 build-ubuntu43: output: ln: failed to create hard link '/builder/pbuilder/build/2414/var/cache/apt/archives/libdpkg-perl_1.21.1ubuntu2_all.deb': File exists
2024-05-27 14:04:26.699429 +0000 build-ubuntu43: output: ln: failed to create hard link '/builder/pbuilder/build/2414/var/cache/apt/archives/sensible-utils_0.0.17_all.deb': File exists
2024-05-27 14:04:26.700039 +0000 build-ubuntu43: output: ln: failed to create hard link '/builder/pbuilder/build/2414/var/cache/apt/archives/libtirpc-common_1.3.2-2build1_all.deb': File exists
2024-05-27 14:04:26.700634 +0000 build-ubuntu43: output: ln: failed to create hard link '/builder/pbuilder/build/2414/var/cache/apt/archives/libc-dev-bin_2.35-0ubuntu3_amd64.deb': File exists
2024-05-27 14:04:26.701262 +0000 build-ubuntu43: output: ln: failed to create hard link '/builder/pbuilder/build/2414/var/cache/apt/archives/lsb-base_11.1.0ubuntu4_all.deb': File exists
2024-05-27 14:04:26.701885 +0000 build-ubuntu43: output: ln: failed to create hard link '/builder/pbuilder/build/2414/var/cache/apt/archives/mawk_1.3.4.20200120-3_amd64.deb': File exists
2024-05-27 14:04:26.702487 +0000 build-ubuntu43: output: ln: failed to create hard link '/builder/pbuilder/build/2414/var/cache/apt/archives/libcrypt1_1%3a4.4.27-1_amd64.deb': File exists
2024-05-27 14:04:26.703129 +0000 build-ubuntu43: output: ln: failed to create hard link '/builder/pbuilder/build/2414/var/cache/apt/archives/lto-disabled-list_24_all.deb': File exists
2024-05-27 14:04:26.703743 +0000 build-ubuntu43: output: ln: failed to create hard link '/builder/pbuilder/build/2414/var/cache/apt/archives/logsave_1.46.5-2ubuntu1_amd64.deb': File exists
2024-05-27 14:04:26.704400 +0000 build-ubuntu43: output: ln: failed to create hard link '/builder/pbuilder/build/2414/var/cache/apt/archives/bzip2_1.0.8-5build1_amd64.deb': File exists
2024-05-27 14:04:26.704924 +0000 build-ubuntu43: output: ln: failed to create hard link '/builder/pbuilder/build/2414/var/cache/apt/archives/libcc1-0_12-20220319-1ubuntu1_amd64.deb': File exists
2024-05-27 14:04:26.705421 +0000 build-ubuntu43: output: ln: failed to create hard link '/builder/pbuilder/build/2414/var/cache/apt/archives/mount_2.37.2-4ubuntu3_amd64.deb': File exists
2024-05-27 14:04:26.706159 +0000 build-ubuntu43: output: ln: failed to create hard link '/builder/pbuilder/build/2414/var/cache/apt/archives/libubsan1_12-20220319-1ubuntu1_amd64.deb': File exists
2024-05-27 14:04:26.706758 +0000 build-ubuntu43: output: ln: failed to create hard link '/builder/pbuilder/build/2414/var/cache/apt/archives/findutils_4.8.0-1ubuntu3_amd64.deb': File exists
2024-05-27 14:04:26.707467 +0000 build-ubuntu43: output: ln: failed to create hard link '/builder/pbuilder/build/2414/var/cache/apt/archives/libgomp1_12-20220319-1ubuntu1_amd64.deb': File exists
2024-05-27 14:04:26.708072 +0000 build-ubuntu43: output: ln: failed to create hard link '/builder/pbuilder/build/2414/var/cache/apt/archives/libblkid1_2.37.2-4ubuntu3_amd64.deb': File exists
2024-05-27 14:04:26.708713 +0000 build-ubuntu43: output: ln: failed to create hard link '/builder/pbuilder/build/2414/var/cache/apt/archives/libcap2_1%3a2.44-1build3_amd64.deb': File exists
2024-05-27 14:04:26.709397 +0000 build-ubuntu43: output: ln: failed to create hard link '/builder/pbuilder/build/2414/var/cache/apt/archives/usrmerge_25ubuntu2_all.deb': File exists
2024-05-27 14:04:26.710103 +0000 build-ubuntu43: output: ln: failed to create hard link '/builder/pbuilder/build/2414/var/cache/apt/archives/libpcre3_2%3a8.39-13build5_amd64.deb': File exists
2024-05-27 14:04:26.710659 +0000 build-ubuntu43: output: ln: failed to create hard link '/builder/pbuilder/build/2414/var/cache/apt/archives/libattr1_1%3a2.5.1-1build1_amd64.deb': File exists
2024-05-27 14:04:26.711350 +0000 build-ubuntu43: output: ln: failed to create hard link '/builder/pbuilder/build/2414/var/cache/apt/archives/libncursesw6_6.3-2_amd64.deb': File exists
2024-05-27 14:04:26.712029 +0000 build-ubuntu43: output: ln: failed to create hard link '/builder/pbuilder/build/2414/var/cache/apt/archives/libstdc++-11-dev_11.2.0-19ubuntu1_amd64.deb': File exists
2024-05-27 14:04:26.712668 +0000 build-ubuntu43: output: ln: failed to create hard link '/builder/pbuilder/build/2414/var/cache/apt/archives/passwd_1%3a4.8.1-2ubuntu2_amd64.deb': File exists
2024-05-27 14:04:26.713307 +0000 build-ubuntu43: output: ln: failed to create hard link '/builder/pbuilder/build/2414/var/cache/apt/archives/libsmartcols1_2.37.2-4ubuntu3_amd64.deb': File exists
2024-05-27 14:04:26.713987 +0000 build-ubuntu43: output: ln: failed to create hard link '/builder/pbuilder/build/2414/var/cache/apt/archives/libtasn1-6_4.18.0-4build1_amd64.deb': File exists
2024-05-27 14:04:26.714646 +0000 build-ubuntu43: output: ln: failed to create hard link '/builder/pbuilder/build/2414/var/cache/apt/archives/libunistring2_1.0-1_amd64.deb': File exists
2024-05-27 14:04:26.715510 +0000 build-ubuntu43: output: ln: failed to create hard link '/builder/pbuilder/build/2414/var/cache/apt/archives/perl-base_5.34.0-3ubuntu1_amd64.deb': File exists
2024-05-27 14:04:26.716030 +0000 build-ubuntu43: output: ln: failed to create hard link '/builder/pbuilder/build/2414/var/cache/apt/archives/libp11-kit0_0.24.0-6build1_amd64.deb': File exists
2024-05-27 14:04:26.716661 +0000 build-ubuntu43: output: ln: failed to create hard link '/builder/pbuilder/build/2414/var/cache/apt/archives/login_1%3a4.8.1-2ubuntu2_amd64.deb': File exists
2024-05-27 14:04:26.717329 +0000 build-ubuntu43: output: ln: failed to create hard link '/builder/pbuilder/build/2414/var/cache/apt/archives/libapt-pkg6.0_2.4.5_amd64.deb': File exists
2024-05-27 14:04:26.717986 +0000 build-ubuntu43: output: ln: failed to create hard link '/builder/pbuilder/build/2414/var/cache/apt/archives/e2fsprogs_1.46.5-2ubuntu1_amd64.deb': File exists
2024-05-27 14:04:26.718586 +0000 build-ubuntu43: output: ln: failed to create hard link '/builder/pbuilder/build/2414/var/cache/apt/archives/libffi8_3.4.2-4_amd64.deb': File exists
2024-05-27 14:04:26.719231 +0000 build-ubuntu43: output: ln: failed to create hard link '/builder/pbuilder/build/2414/var/cache/apt/archives/g++-11_11.2.0-19ubuntu1_amd64.deb': File exists
2024-05-27 14:04:26.719998 +0000 build-ubuntu43: output: ln: failed to create hard link '/builder/pbuilder/build/2414/var/cache/apt/archives/libzstd1_1.4.8+dfsg-3build1_amd64.deb': File exists
2024-05-27 14:04:26.720578 +0000 build-ubuntu43: output: ln: failed to create hard link '/builder/pbuilder/build/2414/var/cache/apt/archives/liblz4-1_1.9.3-2build2_amd64.deb': File exists
2024-05-27 14:04:26.721396 +0000 build-ubuntu43: output: ln: failed to create hard link '/builder/pbuilder/build/2414/var/cache/apt/archives/rpcsvc-proto_1.4.2-0ubuntu6_amd64.deb': File exists
2024-05-27 14:04:26.722006 +0000 build-ubuntu43: output: ln: failed to create hard link '/builder/pbuilder/build/2414/var/cache/apt/archives/ca-certificates_20211016_all.deb': File exists
2024-05-27 14:04:26.722652 +0000 build-ubuntu43: output: ln: failed to create hard link '/builder/pbuilder/build/2414/var/cache/apt/archives/libmpc3_1.2.1-2build1_amd64.deb': File exists
2024-05-27 14:04:26.723334 +0000 build-ubuntu43: output: ln: failed to create hard link '/builder/pbuilder/build/2414/var/cache/apt/archives/openssl_3.0.2-0ubuntu1_amd64.deb': File exists
2024-05-27 14:04:26.724049 +0000 build-ubuntu43: output: ln: failed to create hard link '/builder/pbuilder/build/2414/var/cache/apt/archives/liblsan0_12-20220319-1ubuntu1_amd64.deb': File exists
2024-05-27 14:04:26.724923 +0000 build-ubuntu43: output: ln: failed to create hard link '/builder/pbuilder/build/2414/var/cache/apt/archives/libpam-runtime_1.4.0-11ubuntu2_all.deb': File exists
2024-05-27 14:04:26.725634 +0000 build-ubuntu43: output: ln: failed to create hard link '/builder/pbuilder/build/2414/var/cache/apt/archives/libgssapi-krb5-2_1.19.2-2_amd64.deb': File exists
2024-05-27 14:04:26.726395 +0000 build-ubuntu43: output: ln: failed to create hard link '/builder/pbuilder/build/2414/var/cache/apt/archives/libisl23_0.24-2build1_amd64.deb': File exists
2024-05-27 14:04:26.727248 +0000 build-ubuntu43: output: ln: failed to create hard link '/builder/pbuilder/build/2414/var/cache/apt/archives/dpkg-dev_1.21.1ubuntu2_all.deb': File exists
2024-05-27 14:04:26.727877 +0000 build-ubuntu43: output: ln: failed to create hard link '/builder/pbuilder/build/2414/var/cache/apt/archives/perl_5.34.0-3ubuntu1_amd64.deb': File exists
2024-05-27 14:04:26.728496 +0000 build-ubuntu43: output: ln: failed to create hard link '/builder/pbuilder/build/2414/var/cache/apt/archives/libcom-err2_1.46.5-2ubuntu1_amd64.deb': File exists
2024-05-27 14:04:26.729104 +0000 build-ubuntu43: output: ln: failed to create hard link '/builder/pbuilder/build/2414/var/cache/apt/archives/libseccomp2_2.5.3-2ubuntu2_amd64.deb': File exists
2024-05-27 14:04:26.729702 +0000 build-ubuntu43: output: ln: failed to create hard link '/builder/pbuilder/build/2414/var/cache/apt/archives/libc-bin_2.35-0ubuntu3_amd64.deb': File exists
2024-05-27 14:04:26.730468 +0000 build-ubuntu43: output: ln: failed to create hard link '/builder/pbuilder/build/2414/var/cache/apt/archives/adduser_3.118ubuntu5_all.deb': File exists
2024-05-27 14:04:26.731248 +0000 build-ubuntu43: output: ln: failed to create hard link '/builder/pbuilder/build/2414/var/cache/apt/archives/libasan6_11.2.0-19ubuntu1_amd64.deb': File exists
2024-05-27 14:04:26.731904 +0000 build-ubuntu43: output: ln: failed to create hard link '/builder/pbuilder/build/2414/var/cache/apt/archives/libnsl-dev_1.3.0-2build2_amd64.deb': File exists
2024-05-27 14:04:26.732677 +0000 build-ubuntu43: output: ln: failed to create hard link '/builder/pbuilder/build/2414/var/cache/apt/archives/libgcc-11-dev_11.2.0-19ubuntu1_amd64.deb': File exists
2024-05-27 14:04:26.733626 +0000 build-ubuntu43: output: ln: failed to create hard link '/builder/pbuilder/build/2414/var/cache/apt/archives/libk5crypto3_1.19.2-2_amd64.deb': File exists
2024-05-27 14:04:26.734454 +0000 build-ubuntu43: output: ln: failed to create hard link '/builder/pbuilder/build/2414/var/cache/apt/archives/libidn2-0_2.3.2-2build1_amd64.deb': File exists
2024-05-27 14:04:26.735153 +0000 build-ubuntu43: output: ln: failed to create hard link '/builder/pbuilder/build/2414/var/cache/apt/archives/libsystemd0_249.11-0ubuntu3_amd64.deb': File exists
2024-05-27 14:04:26.735968 +0000 build-ubuntu43: output: ln: failed to create hard link '/builder/pbuilder/build/2414/var/cache/apt/archives/ubuntu-keyring_2021.03.26_all.deb': File exists
2024-05-27 14:04:26.736616 +0000 build-ubuntu43: output: ln: failed to create hard link '/builder/pbuilder/build/2414/var/cache/apt/archives/libpcre2-8-0_10.39-3build1_amd64.deb': File exists
2024-05-27 14:04:26.737357 +0000 build-ubuntu43: output: ln: failed to create hard link '/builder/pbuilder/build/2414/var/cache/apt/archives/cpp-11_11.2.0-19ubuntu1_amd64.deb': File exists
2024-05-27 14:04:26.738103 +0000 build-ubuntu43: output: ln: failed to create hard link '/builder/pbuilder/build/2414/var/cache/apt/archives/libctf-nobfd0_2.38-3ubuntu1_amd64.deb': File exists
2024-05-27 14:04:26.738710 +0000 build-ubuntu43: output: ln: failed to create hard link '/builder/pbuilder/build/2414/var/cache/apt/archives/sed_4.8-1ubuntu2_amd64.deb': File exists
2024-05-27 14:04:26.739809 +0000 build-ubuntu43: output: ln: failed to create hard link '/builder/pbuilder/build/2414/var/cache/apt/archives/libxxhash0_0.8.1-1_amd64.deb': File exists
2024-05-27 14:04:26.740443 +0000 build-ubuntu43: output: ln: failed to create hard link '/builder/pbuilder/build/2414/var/cache/apt/archives/patch_2.7.6-7build2_amd64.deb': File exists
2024-05-27 14:04:26.741151 +0000 build-ubuntu43: output: ln: failed to create hard link '/builder/pbuilder/build/2414/var/cache/apt/archives/libquadmath0_12-20220319-1ubuntu1_amd64.deb': File exists
2024-05-27 14:04:26.741832 +0000 build-ubuntu43: output: ln: failed to create hard link '/builder/pbuilder/build/2414/var/cache/apt/archives/libpam0g_1.4.0-11ubuntu2_amd64.deb': File exists
2024-05-27 14:04:26.742474 +0000 build-ubuntu43: output: ln: failed to create hard link '/builder/pbuilder/build/2414/var/cache/apt/archives/libctf0_2.38-3ubuntu1_amd64.deb': File exists
2024-05-27 14:04:26.743208 +0000 build-ubuntu43: output: ln: failed to create hard link '/builder/pbuilder/build/2414/var/cache/apt/archives/gcc-11_11.2.0-19ubuntu1_amd64.deb': File exists
2024-05-27 14:04:26.743813 +0000 build-ubuntu43: output: ln: failed to create hard link '/builder/pbuilder/build/2414/var/cache/apt/archives/libcap-ng0_0.7.9-2.2build3_amd64.deb': File exists
2024-05-27 14:04:26.744500 +0000 build-ubuntu43: output: ln: failed to create hard link '/builder/pbuilder/build/2414/var/cache/apt/archives/libtsan0_11.2.0-19ubuntu1_amd64.deb': File exists
2024-05-27 14:04:26.745140 +0000 build-ubuntu43: output: ln: failed to create hard link '/builder/pbuilder/build/2414/var/cache/apt/archives/linux-libc-dev_5.15.0-25.25_amd64.deb': File exists
2024-05-27 14:04:26.745802 +0000 build-ubuntu43: output: ln: failed to create hard link '/builder/pbuilder/build/2414/var/cache/apt/archives/libkrb5-3_1.19.2-2_amd64.deb': File exists
2024-05-27 14:04:26.746445 +0000 build-ubuntu43: output: ln: failed to create hard link '/builder/pbuilder/build/2414/var/cache/apt/archives/base-passwd_3.5.52build1_amd64.deb': File exists
2024-05-27 14:04:26.747195 +0000 build-ubuntu43: output: ln: failed to create hard link '/builder/pbuilder/build/2414/var/cache/apt/archives/gcc-12-base_12-20220319-1ubuntu1_amd64.deb': File exists
2024-05-27 14:04:26.747737 +0000 build-ubuntu43: output: ln: failed to create hard link '/builder/pbuilder/build/2414/var/cache/apt/archives/libsemanage2_3.3-1build2_amd64.deb': File exists
2024-05-27 14:04:26.748434 +0000 build-ubuntu43: output: ln: failed to create hard link '/builder/pbuilder/build/2414/var/cache/apt/archives/sysvinit-utils_3.01-1ubuntu1_amd64.deb': File exists
2024-05-27 14:04:26.749072 +0000 build-ubuntu43: output: ln: failed to create hard link '/builder/pbuilder/build/2414/var/cache/apt/archives/debconf_1.5.79ubuntu1_all.deb': File exists
2024-05-27 14:04:26.749827 +0000 build-ubuntu43: output: ln: failed to create hard link '/builder/pbuilder/build/2414/var/cache/apt/archives/grep_3.7-1build1_amd64.deb': File exists
2024-05-27 14:04:26.750512 +0000 build-ubuntu43: output: ln: failed to create hard link '/builder/pbuilder/build/2414/var/cache/apt/archives/libatomic1_12-20220319-1ubuntu1_amd64.deb': File exists
2024-05-27 14:04:26.751211 +0000 build-ubuntu43: output: ln: failed to create hard link '/builder/pbuilder/build/2414/var/cache/apt/archives/binutils_2.38-3ubuntu1_amd64.deb': File exists
2024-05-27 14:04:26.751924 +0000 build-ubuntu43: output: ln: failed to create hard link '/builder/pbuilder/build/2414/var/cache/apt/archives/libstdc++6_12-20220319-1ubuntu1_amd64.deb': File exists
2024-05-27 14:04:26.752485 +0000 build-ubuntu43: output: ln: failed to create hard link '/builder/pbuilder/build/2414/var/cache/apt/archives/base-files_12ubuntu4_amd64.deb': File exists
2024-05-27 14:04:26.753208 +0000 build-ubuntu43: output: ln: failed to create hard link '/builder/pbuilder/build/2414/var/cache/apt/archives/libss2_1.46.5-2ubuntu1_amd64.deb': File exists
2024-05-27 14:04:26.753768 +0000 build-ubuntu43: output: ln: failed to create hard link '/builder/pbuilder/build/2414/var/cache/apt/archives/ncurses-base_6.3-2_all.deb': File exists
2024-05-27 14:04:26.754450 +0000 build-ubuntu43: output: ln: failed to create hard link '/builder/pbuilder/build/2414/var/cache/apt/archives/libc6-dev_2.35-0ubuntu3_amd64.deb': File exists
2024-05-27 14:04:26.755174 +0000 build-ubuntu43: output: ln: failed to create hard link '/builder/pbuilder/build/2414/var/cache/apt/archives/xz-utils_5.2.5-2ubuntu1_amd64.deb': File exists
2024-05-27 14:04:26.755847 +0000 build-ubuntu43: output: ln: failed to create hard link '/builder/pbuilder/build/2414/var/cache/apt/archives/libdebconfclient0_0.261ubuntu1_amd64.deb': File exists
2024-05-27 14:04:26.756499 +0000 build-ubuntu43: output: ln: failed to create hard link '/builder/pbuilder/build/2414/var/cache/apt/archives/libgcc-s1_12-20220319-1ubuntu1_amd64.deb': File exists
2024-05-27 14:04:26.757234 +0000 build-ubuntu43: output: ln: failed to create hard link '/builder/pbuilder/build/2414/var/cache/apt/archives/tar_1.34+dfsg-1build3_amd64.deb': File exists
2024-05-27 14:04:26.757873 +0000 build-ubuntu43: output: ln: failed to create hard link '/builder/pbuilder/build/2414/var/cache/apt/archives/libtinfo6_6.3-2_amd64.deb': File exists
2024-05-27 14:04:26.758618 +0000 build-ubuntu43: output: ln: failed to create hard link '/builder/pbuilder/build/2414/var/cache/apt/archives/libdb5.3_5.3.28+dfsg1-0.8ubuntu3_amd64.deb': File exists
2024-05-27 14:04:26.759634 +0000 build-ubuntu43: output: ln: failed to create hard link '/builder/pbuilder/build/2414/var/cache/apt/archives/libmpfr6_4.1.0-3build3_amd64.deb': File exists
2024-05-27 14:04:26.760422 +0000 build-ubuntu43: output: ln: failed to create hard link '/builder/pbuilder/build/2414/var/cache/apt/archives/libitm1_12-20220319-1ubuntu1_amd64.deb': File exists
2024-05-27 14:04:26.761043 +0000 build-ubuntu43: output: ln: failed to create hard link '/builder/pbuilder/build/2414/var/cache/apt/archives/libcrypt-dev_1%3a4.4.27-1_amd64.deb': File exists
2024-05-27 14:04:26.761740 +0000 build-ubuntu43: output: ln: failed to create hard link '/builder/pbuilder/build/2414/var/cache/apt/archives/binutils-common_2.38-3ubuntu1_amd64.deb': File exists
2024-05-27 14:04:26.762440 +0000 build-ubuntu43: output: ln: failed to create hard link '/builder/pbuilder/build/2414/var/cache/apt/archives/util-linux_2.37.2-4ubuntu3_amd64.deb': File exists
2024-05-27 14:04:26.763101 +0000 build-ubuntu43: output: ln: failed to create hard link '/builder/pbuilder/build/2414/var/cache/apt/archives/libsepol2_3.3-1build1_amd64.deb': File exists
2024-05-27 14:04:26.763806 +0000 build-ubuntu43: output: ln: failed to create hard link '/builder/pbuilder/build/2414/var/cache/apt/archives/libmount1_2.37.2-4ubuntu3_amd64.deb': File exists
2024-05-27 14:04:26.764412 +0000 build-ubuntu43: output: ln: failed to create hard link '/builder/pbuilder/build/2414/var/cache/apt/archives/libperl5.34_5.34.0-3ubuntu1_amd64.deb': File exists
2024-05-27 14:04:26.786403 +0000 build-ubuntu43: output: Reading package lists...
2024-05-27 14:04:26.885723 +0000 build-ubuntu43: output: Building dependency tree...
2024-05-27 14:04:26.942054 +0000 build-ubuntu43: output: Calculating upgrade...
2024-05-27 14:04:27.022642 +0000 build-ubuntu43: output: 0 upgraded, 0 newly installed, 0 to remove and 0 not upgraded.
2024-05-27 14:04:27.047760 +0000 build-ubuntu43: output: Reading package lists...
2024-05-27 14:04:27.187606 +0000 build-ubuntu43: output: Building dependency tree...
2024-05-27 14:04:27.302851 +0000 build-ubuntu43: output: build-essential is already the newest version (12.9ubuntu3).
2024-05-27 14:04:27.302924 +0000 build-ubuntu43: output: dpkg-dev is already the newest version (1.21.1ubuntu2).
2024-05-27 14:04:27.302944 +0000 build-ubuntu43: output: The following additional packages will be installed:
2024-05-27 14:04:27.303027 +0000 build-ubuntu43: output:   aptitude-common libboost-iostreams1.74.0 libcwidget4 libsigc++-2.0-0v5
2024-05-27 14:04:27.303596 +0000 build-ubuntu43: output:   libsqlite3-0 libxapian30
2024-05-27 14:04:27.304862 +0000 build-ubuntu43: output: Suggested packages:
2024-05-27 14:04:27.305027 +0000 build-ubuntu43: output:   apt-xapian-index aptitude-doc-en | aptitude-doc debtags tasksel
2024-05-27 14:04:27.305165 +0000 build-ubuntu43: output:   libcwidget-dev xapian-tools
2024-05-27 14:04:27.325436 +0000 build-ubuntu43: output: The following NEW packages will be installed:
2024-05-27 14:04:27.325991 +0000 build-ubuntu43: output:   aptitude aptitude-common libboost-iostreams1.74.0 libcwidget4
2024-05-27 14:04:27.326569 +0000 build-ubuntu43: output:   libsigc++-2.0-0v5 libsqlite3-0 libxapian30
2024-05-27 14:04:29.701954 +0000 build-ubuntu43: output: 0 upgraded, 7 newly installed, 0 to remove and 0 not upgraded.
2024-05-27 14:04:29.702121 +0000 build-ubuntu43: output: Need to get 4726 kB of archives.
2024-05-27 14:04:29.702166 +0000 build-ubuntu43: output: After this operation, 21.2 MB of additional disk space will be used.
2024-05-27 14:04:29.702206 +0000 build-ubuntu43: output: Get:1 https://fr.archive.ubuntu.com/ubuntu jammy/main amd64 libsqlite3-0 amd64 3.37.2-2 [643 kB]
2024-05-27 14:04:35.394485 +0000 build-ubuntu43: output: Get:2 https://fr.archive.ubuntu.com/ubuntu jammy/universe amd64 aptitude-common all 0.8.13-3ubuntu1 [1719 kB]
2024-05-27 14:04:53.694250 +0000 build-ubuntu43: output: Get:3 https://fr.archive.ubuntu.com/ubuntu jammy/main amd64 libboost-iostreams1.74.0 amd64 1.74.0-14ubuntu3 [245 kB]
2024-05-27 14:04:57.269798 +0000 build-ubuntu43: output: Get:4 https://fr.archive.ubuntu.com/ubuntu jammy/main amd64 libsigc++-2.0-0v5 amd64 2.10.4-2ubuntu3 [12.1 kB]
2024-05-27 14:04:57.714093 +0000 build-ubuntu43: output: Get:5 https://fr.archive.ubuntu.com/ubuntu jammy/universe amd64 libcwidget4 amd64 0.5.18-5build1 [306 kB]
2024-05-27 14:05:01.330391 +0000 build-ubuntu43: output: Get:6 https://fr.archive.ubuntu.com/ubuntu jammy/universe amd64 libxapian30 amd64 1.4.18-4 [701 kB]
2024-05-27 14:05:08.979991 +0000 build-ubuntu43: output: Get:7 https://fr.archive.ubuntu.com/ubuntu jammy/universe amd64 aptitude amd64 0.8.13-3ubuntu1 [1100 kB]
2024-05-27 14:05:21.676726 +0000 build-ubuntu43: output: debconf: delaying package configuration, since apt-utils is not installed
2024-05-27 14:05:21.691619 +0000 build-ubuntu43: output: Fetched 4726 kB in 54s (87.1 kB/s)
2024-05-27 14:05:21.727376 +0000 build-ubuntu43: output: Selecting previously unselected package libsqlite3-0:amd64..
2024-05-27 14:05:21.737863 +0000 build-ubuntu43: output: (Reading database ... .(Reading database ... 5%.(Reading database ... 10%.(Reading database ... 15%.(Reading database ... 20%.(Reading database ... 25%.(Reading database ... 30%.(Reading database ... 35%.(Reading database ... 40%.(Reading database ... 45%.(Reading database ... 50%.(Reading database ... 55%.(Reading database ... 60%.(Reading database ... 65%.(Reading database ... 70%.(Reading database ... 75%.(Reading database ... 80%.(Reading database ... 85%.(Reading database ... 90%.(Reading database ... 95%.(Reading database ... 100%.(Reading database ... 10500 files and directories currently installed.).
2024-05-27 14:05:21.738205 +0000 build-ubuntu43: output: Preparing to unpack .../0-libsqlite3-0_3.37.2-2_amd64.deb ....
2024-05-27 14:05:21.750040 +0000 build-ubuntu43: output: Unpacking libsqlite3-0:amd64 (3.37.2-2) ....
2024-05-27 14:05:21.816207 +0000 build-ubuntu43: output: Selecting previously unselected package aptitude-common..
2024-05-27 14:05:21.816516 +0000 build-ubuntu43: output: Preparing to unpack .../1-aptitude-common_0.8.13-3ubuntu1_all.deb ....
2024-05-27 14:05:21.823430 +0000 build-ubuntu43: output: Unpacking aptitude-common (0.8.13-3ubuntu1) ....
2024-05-27 14:05:22.123903 +0000 build-ubuntu43: output: Selecting previously unselected package libboost-iostreams1.74.0:amd64..
2024-05-27 14:05:22.124656 +0000 build-ubuntu43: output: Preparing to unpack .../2-libboost-iostreams1.74.0_1.74.0-14ubuntu3_amd64.deb ....
2024-05-27 14:05:22.132096 +0000 build-ubuntu43: output: Unpacking libboost-iostreams1.74.0:amd64 (1.74.0-14ubuntu3) ....
2024-05-27 14:05:22.229268 +0000 build-ubuntu43: output: Selecting previously unselected package libsigc++-2.0-0v5:amd64..
2024-05-27 14:05:22.231739 +0000 build-ubuntu43: output: Preparing to unpack .../3-libsigc++-2.0-0v5_2.10.4-2ubuntu3_amd64.deb ....
2024-05-27 14:05:22.240447 +0000 build-ubuntu43: output: Unpacking libsigc++-2.0-0v5:amd64 (2.10.4-2ubuntu3) ....
2024-05-27 14:05:22.308513 +0000 build-ubuntu43: output: Selecting previously unselected package libcwidget4:amd64..
2024-05-27 14:05:22.310884 +0000 build-ubuntu43: output: Preparing to unpack .../4-libcwidget4_0.5.18-5build1_amd64.deb ....
2024-05-27 14:05:22.318484 +0000 build-ubuntu43: output: Unpacking libcwidget4:amd64 (0.5.18-5build1) ....
2024-05-27 14:05:22.431061 +0000 build-ubuntu43: output: Selecting previously unselected package libxapian30:amd64..
2024-05-27 14:05:22.433503 +0000 build-ubuntu43: output: Preparing to unpack .../5-libxapian30_1.4.18-4_amd64.deb ....
2024-05-27 14:05:22.440629 +0000 build-ubuntu43: output: Unpacking libxapian30:amd64 (1.4.18-4) ....
2024-05-27 14:05:22.537838 +0000 build-ubuntu43: output: Selecting previously unselected package aptitude..
2024-05-27 14:05:22.540584 +0000 build-ubuntu43: output: Preparing to unpack .../6-aptitude_0.8.13-3ubuntu1_amd64.deb ....
2024-05-27 14:05:22.547609 +0000 build-ubuntu43: output: Unpacking aptitude (0.8.13-3ubuntu1) ....
2024-05-27 14:05:22.735915 +0000 build-ubuntu43: output: Setting up libxapian30:amd64 (1.4.18-4) ....
2024-05-27 14:05:22.756150 +0000 build-ubuntu43: output: Setting up libboost-iostreams1.74.0:amd64 (1.74.0-14ubuntu3) ....
2024-05-27 14:05:22.777163 +0000 build-ubuntu43: output: Setting up libsqlite3-0:amd64 (3.37.2-2) ....
2024-05-27 14:05:22.798895 +0000 build-ubuntu43: output: Setting up libsigc++-2.0-0v5:amd64 (2.10.4-2ubuntu3) ....
2024-05-27 14:05:22.823938 +0000 build-ubuntu43: output: Setting up aptitude-common (0.8.13-3ubuntu1) ....
2024-05-27 14:05:22.844928 +0000 build-ubuntu43: output: Setting up libcwidget4:amd64 (0.5.18-5build1) ....
2024-05-27 14:05:22.866011 +0000 build-ubuntu43: output: Setting up aptitude (0.8.13-3ubuntu1) ....
2024-05-27 14:05:22.901475 +0000 build-ubuntu43: output: update-alternatives: using /usr/bin/aptitude-curses to provide /usr/bin/aptitude (aptitude) in auto mode.
2024-05-27 14:05:22.917898 +0000 build-ubuntu43: output: Processing triggers for libc-bin (2.35-0ubuntu3) ....
2024-05-27 14:05:23.064874 +0000 build-ubuntu43: output: I: Copying back the cached apt archive contents
2024-05-27 14:05:23.069569 +0000 build-ubuntu43: output: I: new cache content 'libsigc++-2.0-0v5_2.10.4-2ubuntu3_amd64.deb' added
2024-05-27 14:05:23.157240 +0000 build-ubuntu43: output: I: new cache content 'libsqlite3-0_3.37.2-2_amd64.deb' added
2024-05-27 14:05:23.164559 +0000 build-ubuntu43: output: I: new cache content 'aptitude_0.8.13-3ubuntu1_amd64.deb' added
2024-05-27 14:05:23.188472 +0000 build-ubuntu43: output: I: new cache content 'aptitude-common_0.8.13-3ubuntu1_all.deb' added
2024-05-27 14:05:23.190695 +0000 build-ubuntu43: output: I: new cache content 'libboost-iostreams1.74.0_1.74.0-14ubuntu3_amd64.deb' added
2024-05-27 14:05:23.194099 +0000 build-ubuntu43: output: I: new cache content 'libxapian30_1.4.18-4_amd64.deb' added
2024-05-27 14:05:23.206634 +0000 build-ubuntu43: output: I: new cache content 'libcwidget4_0.5.18-5build1_amd64.deb' added
2024-05-27 14:05:23.234888 +0000 build-ubuntu43: output: I: user script /builder/pbuilder/build/2414/tmp/hooks/E30origin starting
2024-05-27 14:05:23.239799 +0000 build-ubuntu43: output: I: user script /builder/pbuilder/build/2414/tmp/hooks/E30origin finished
2024-05-27 14:05:23.239940 +0000 build-ubuntu43: output: I: unmounting /tmp/qubes-deb filesystem
2024-05-27 14:05:23.245069 +0000 build-ubuntu43: output: I: unmounting /sys/fs/selinux filesystem
2024-05-27 14:05:23.254032 +0000 build-ubuntu43: output: I: unmounting dev/ptmx filesystem
2024-05-27 14:05:23.257122 +0000 build-ubuntu43: output: I: unmounting dev/pts filesystem
2024-05-27 14:05:23.259980 +0000 build-ubuntu43: output: I: unmounting dev/shm filesystem
2024-05-27 14:05:23.262949 +0000 build-ubuntu43: output: I: unmounting proc filesystem
2024-05-27 14:05:23.264702 +0000 build-ubuntu43: output: I: unmounting sys filesystem
2024-05-27 14:05:23.333593 +0000 build-ubuntu43: output: I: creating base tarball [/builder/pbuilder/base.tgz]
2024-05-27 14:05:47.426717 +0000 build-ubuntu43: output: I: cleaning the build env
2024-05-27 14:05:47.426788 +0000 build-ubuntu43: output: I: removing directory /builder/pbuilder/build/2414 and its subdirectories
2024-05-27 14:05:47.968188 +0000 build-ubuntu43: output: W: /root/.pbuilderrc does not exist
2024-05-27 14:05:48.068576 +0000 build-ubuntu43: output: W: libeatmydata is not installed on the host, not using it.
2024-05-27 14:05:48.081307 +0000 build-ubuntu43: output: dpkg-query: no packages found matching systemd
2024-05-27 14:05:48.083245 +0000 build-ubuntu43: output: W: cgroups are not available on the host, not using them.
2024-05-27 14:05:48.146204 +0000 build-ubuntu43: output: I: pbuilder: network access will be disabled during build
2024-05-27 14:05:48.147049 +0000 build-ubuntu43: output: I: Current time: Mon May 27 10:05:47 EDT 2024
2024-05-27 14:05:48.148590 +0000 build-ubuntu43: output: I: pbuilder-time-stamp: 1716818747
2024-05-27 14:05:48.149604 +0000 build-ubuntu43: output: I: Building the build Environment
2024-05-27 14:05:48.150966 +0000 build-ubuntu43: output: I: extracting base tarball [/builder/pbuilder/base.tgz]
2024-05-27 14:05:55.738450 +0000 build-ubuntu43: output: I: copying local configuration
2024-05-27 14:05:55.741917 +0000 build-ubuntu43: output: W: No local /etc/hostname to copy, relying on /builder/pbuilder/build/12536/etc/hostname to be correct
2024-05-27 14:05:55.741954 +0000 build-ubuntu43: output: W: No local /etc/mailname to copy, relying on /builder/pbuilder/build/12536/etc/mailname to be correct
2024-05-27 14:05:55.749750 +0000 build-ubuntu43: output: I: Installing apt-lines
2024-05-27 14:05:55.848140 +0000 build-ubuntu43: output: I: mounting /proc filesystem
2024-05-27 14:05:55.863305 +0000 build-ubuntu43: output: I: mounting /sys filesystem
2024-05-27 14:05:55.863365 +0000 build-ubuntu43: output: I: creating /{dev,run}/shm
2024-05-27 14:05:55.871511 +0000 build-ubuntu43: output: I: mounting /dev/pts filesystem
2024-05-27 14:05:55.871598 +0000 build-ubuntu43: output: I: redirecting /dev/ptmx to /dev/pts/ptmx
2024-05-27 14:05:55.874105 +0000 build-ubuntu43: output: I: mounting selinux filesystem
2024-05-27 14:05:55.878714 +0000 build-ubuntu43: output: I: Mounting /builder/repository to /tmp/qubes-deb
2024-05-27 14:05:55.881474 +0000 build-ubuntu43: output: I: policy-rc.d already exists
2024-05-27 14:05:55.887249 +0000 build-ubuntu43: output: I: created buildresult dir: /builder/pbuilder/results
2024-05-27 14:05:55.887295 +0000 build-ubuntu43: output: I: Obtaining the cached apt archive contents
2024-05-27 14:05:56.071559 +0000 build-ubuntu43: output: I: Copying source file
2024-05-27 14:05:56.079678 +0000 build-ubuntu43: output: I: copying [/builder/build/qubes-rpm-oxide_0.2.8-1+jammy1.dsc]
2024-05-27 14:05:56.083588 +0000 build-ubuntu43: output: I: copying [/builder/build/qubes-rpm-oxide_0.2.8.orig.tar.gz]
2024-05-27 14:05:56.091079 +0000 build-ubuntu43: output: I: copying [/builder/build/qubes-rpm-oxide_0.2.8-1+jammy1.debian.tar.xz]
2024-05-27 14:05:56.107329 +0000 build-ubuntu43: output: I: Extracting source
2024-05-27 14:05:56.207764 +0000 build-ubuntu43: output: dpkg-source: warning: extracting unsigned source package (qubes-rpm-oxide_0.2.8-1+jammy1.dsc)
2024-05-27 14:05:56.210581 +0000 build-ubuntu43: output: dpkg-source: info: extracting qubes-rpm-oxide in qubes-rpm-oxide-0.2.8
2024-05-27 14:05:56.210663 +0000 build-ubuntu43: output: dpkg-source: info: unpacking qubes-rpm-oxide_0.2.8.orig.tar.gz
2024-05-27 14:05:56.218710 +0000 build-ubuntu43: output: dpkg-source: info: unpacking qubes-rpm-oxide_0.2.8-1+jammy1.debian.tar.xz
2024-05-27 14:05:56.236034 +0000 build-ubuntu43: output: I: using fakeroot in build.
2024-05-27 14:05:56.236097 +0000 build-ubuntu43: output: I: Installing the build-deps
2024-05-27 14:05:56.236128 +0000 build-ubuntu43: output: I: user script /builder/pbuilder/build/12536/tmp/hooks/D30update starting
2024-05-27 14:05:56.279776 +0000 build-ubuntu43: output: Get:1 file:/tmp/qubes-deb jammy InRelease
2024-05-27 14:05:56.279843 +0000 build-ubuntu43: output: Ign:1 file:/tmp/qubes-deb jammy InRelease
2024-05-27 14:05:56.279928 +0000 build-ubuntu43: output: Get:2 file:/tmp/qubes-deb jammy Release [3865 B]
2024-05-27 14:05:56.287067 +0000 build-ubuntu43: output: Get:2 file:/tmp/qubes-deb jammy Release [3865 B]
2024-05-27 14:05:56.287238 +0000 build-ubuntu43: output: Get:3 file:/tmp/qubes-deb jammy Release.gpg
2024-05-27 14:05:56.287431 +0000 build-ubuntu43: output: Ign:3 file:/tmp/qubes-deb jammy Release.gpg
2024-05-27 14:05:58.161816 +0000 build-ubuntu43: output: Hit:4 https://fr.archive.ubuntu.com/ubuntu jammy InRelease
2024-05-27 14:05:58.731759 +0000 build-ubuntu43: output: Reading package lists...
2024-05-27 14:05:58.754935 +0000 build-ubuntu43: output: I: user script /builder/pbuilder/build/12536/tmp/hooks/D30update finished
2024-05-27 14:05:58.870738 +0000 build-ubuntu43: output:  -> Attempting to satisfy build-dependencies
2024-05-27 14:05:59.010510 +0000 build-ubuntu43: output:  -> Creating pbuilder-satisfydepends-dummy package
2024-05-27 14:05:59.018553 +0000 build-ubuntu43: output: Package: pbuilder-satisfydepends-dummy
2024-05-27 14:05:59.018624 +0000 build-ubuntu43: output: Version: 0.invalid.0
2024-05-27 14:05:59.018644 +0000 build-ubuntu43: output: Architecture: amd64
2024-05-27 14:05:59.018664 +0000 build-ubuntu43: output: Maintainer: Debian Pbuilder Team <pbuilder-maint@lists.alioth.debian.org>
2024-05-27 14:05:59.018684 +0000 build-ubuntu43: output: Description: Dummy package to satisfy dependencies with aptitude - created by pbuilder
2024-05-27 14:05:59.018702 +0000 build-ubuntu43: output:  This package was created automatically by pbuilder to satisfy the
2024-05-27 14:05:59.018719 +0000 build-ubuntu43: output:  build-dependencies of the package being currently built.
2024-05-27 14:05:59.018739 +0000 build-ubuntu43: output: Depends: rustc, cargo, rpm, librpm-dev, debhelper, debhelper-compat (= 12), librust-cc-dev, librust-libc-dev
2024-05-27 14:05:59.020860 +0000 build-ubuntu43: output: dpkg-deb: building package 'pbuilder-satisfydepends-dummy' in '/tmp/satisfydepends-aptitude/pbuilder-satisfydepends-dummy.deb'.
2024-05-27 14:05:59.205276 +0000 build-ubuntu43: output: Selecting previously unselected package pbuilder-satisfydepends-dummy.
2024-05-27 14:05:59.212520 +0000 build-ubuntu43: output: (Reading database ... 10738 files and directories currently installed.)
2024-05-27 14:05:59.212627 +0000 build-ubuntu43: output: Preparing to unpack .../pbuilder-satisfydepends-dummy.deb ...
2024-05-27 14:05:59.221796 +0000 build-ubuntu43: output: Unpacking pbuilder-satisfydepends-dummy (0.invalid.0) ...
2024-05-27 14:05:59.267694 +0000 build-ubuntu43: output: Setting up pbuilder-satisfydepends-dummy (0.invalid.0) ...
2024-05-27 14:05:59.272521 +0000 build-ubuntu43: output: dpkg: pbuilder-satisfydepends-dummy: dependency problems, but configuring anyway as you requested:
2024-05-27 14:05:59.272814 +0000 build-ubuntu43: output:  pbuilder-satisfydepends-dummy depends on rustc; however:
2024-05-27 14:05:59.272968 +0000 build-ubuntu43: output:   Package rustc is not installed.
2024-05-27 14:05:59.273336 +0000 build-ubuntu43: output:  pbuilder-satisfydepends-dummy depends on cargo; however:
2024-05-27 14:05:59.275180 +0000 build-ubuntu43: output:   Package cargo is not installed.
2024-05-27 14:05:59.275344 +0000 build-ubuntu43: output:  pbuilder-satisfydepends-dummy depends on rpm; however:
2024-05-27 14:05:59.275410 +0000 build-ubuntu43: output:   Package rpm is not installed.
2024-05-27 14:05:59.275452 +0000 build-ubuntu43: output:  pbuilder-satisfydepends-dummy depends on librpm-dev; however:
2024-05-27 14:05:59.275485 +0000 build-ubuntu43: output:   Package librpm-dev is not installed.
2024-05-27 14:05:59.275504 +0000 build-ubuntu43: output:  pbuilder-satisfydepends-dummy depends on debhelper; however:
2024-05-27 14:05:59.275522 +0000 build-ubuntu43: output:   Package debhelper is not installed.
2024-05-27 14:05:59.275578 +0000 build-ubuntu43: output:  pbuilder-satisfydepends-dummy depends on debhelper-compat (= 12); however:
2024-05-27 14:05:59.275598 +0000 build-ubuntu43: output:   Package debhelper-compat is not installed.
2024-05-27 14:05:59.275618 +0000 build-ubuntu43: output:  pbuilder-satisfydepends-dummy depends on librust-cc-dev; however:
2024-05-27 14:05:59.275728 +0000 build-ubuntu43: output:   Package librust-cc-dev is not installed.
2024-05-27 14:05:59.275944 +0000 build-ubuntu43: output:  pbuilder-satisfydepends-dummy depends on librust-libc-dev; however:
2024-05-27 14:05:59.276041 +0000 build-ubuntu43: output:   Package librust-libc-dev is not installed.
2024-05-27 14:05:59.276134 +0000 build-ubuntu43: output: 
2024-05-27 14:05:59.690754 +0000 build-ubuntu43: output: Reading package lists...
2024-05-27 14:05:59.851165 +0000 build-ubuntu43: output: Building dependency tree...
2024-05-27 14:05:59.851235 +0000 build-ubuntu43: output: Reading state information...
2024-05-27 14:05:59.898422 +0000 build-ubuntu43: output: Initializing package states...
2024-05-27 14:06:00.099740 +0000 build-ubuntu43: output: Writing extended state information...
2024-05-27 14:06:00.242482 +0000 build-ubuntu43: output: Building tag database...
2024-05-27 14:06:01.300105 +0000 build-ubuntu43: output: pbuilder-satisfydepends-dummy is already installed at the requested version (0.invalid.0)
2024-05-27 14:06:01.300191 +0000 build-ubuntu43: output: pbuilder-satisfydepends-dummy is already installed at the requested version (0.invalid.0)
2024-05-27 14:06:01.300213 +0000 build-ubuntu43: output: The following NEW packages will be installed:
2024-05-27 14:06:01.300333 +0000 build-ubuntu43: output:   autoconf{a} automake{a} autopoint{a} autotools-dev{a} bsdextrautils{a} cargo{a} debhelper{a} debugedit{a} dh-autoreconf{a} dh-strip-nondeterminism{a} dwz{a} file{a} gettext{a} gettext-base{a} groff-base{a} icu-devtools{a} intltool-debian{a} libarchive-zip-perl{a} libarchive13{a} libaudit-dev{a} libbrotli1{a} libbsd0{a} libbz2-dev{a} libcap-ng-dev{a} libcurl3-gnutls{a} libdbus-1-3{a} libdebhelper-perl{a} libdw1{a} libedit2{a} libelf1{a} libfile-stripnondeterminism-perl{a} libfsverity-dev{a} libfsverity0{a} libgcrypt20-dev{a} libgpg-error-dev{a} libicu-dev{a} libicu70{a} libldap-2.5-0{a} libllvm13{a} liblua5.3-0{a} libmagic-mgc{a} libmagic1{a} libmd0{a} libncurses-dev{a} libnghttp2-14{a} libpcre2-16-0{a} libpcre2-32-0{a} libpcre2-dev{a} libpcre2-posix3{a} libpipeline1{a} libpopt-dev{a} libpopt0{a} libpsl5{a} libreadline-dev{a} libreadline8{a} librpm-dev{a} librpm9{a} librpmbuild9{a} librpmio9{a} librpmsign9{a} librtmp1{a} librust-cc-dev{a} librust-libc-dev{a} libsasl2-2{a} libsasl2-modules-db{a} libselinux1-dev{a} libsepol-dev{a} libsigsegv2{a} libsqlite3-dev{a} libssh-4{a} libssh2-1{a} libstd-rust-1.58{a} libstd-rust-dev{a} libsub-override-perl{a} libtool{a} libuchardet0{a} libxml2{a} libxml2-dev{a} libzstd-dev{a} m4{a} man-db{a} po-debconf{a} readline-common{a} rpm{a} rpm-common{a} rpm2cpio{a} rustc{a} zlib1g-dev{a}
2024-05-27 14:06:01.300357 +0000 build-ubuntu43: output: The following packages are RECOMMENDED but will NOT be installed:
2024-05-27 14:06:01.300378 +0000 build-ubuntu43: output:   bzip2-doc curl dbus libarchive-cpio-perl libldap-common libltdl-dev libmail-sendmail-perl libsasl2-modules llvm-13 lynx publicsuffix wget
2024-05-27 14:06:01.300396 +0000 build-ubuntu43: output: 0 packages upgraded, 88 newly installed, 0 to remove and 0 not upgraded.
2024-05-27 14:06:01.300413 +0000 build-ubuntu43: output: Need to get 125 MB of archives. After unpacking 516 MB will be used.
2024-05-27 14:06:01.300428 +0000 build-ubuntu43: output: Writing extended state information...
2024-05-27 14:06:03.517057 +0000 build-ubuntu43: output: Get: 1 https://fr.archive.ubuntu.com/ubuntu jammy/main amd64 libmd0 amd64 1.0.4-1build1 [23.0 kB]
2024-05-27 14:06:04.204684 +0000 build-ubuntu43: output: Get: 2 https://fr.archive.ubuntu.com/ubuntu jammy/main amd64 libbsd0 amd64 0.11.5-1 [44.8 kB]
2024-05-27 14:06:04.894456 +0000 build-ubuntu43: output: Get: 3 https://fr.archive.ubuntu.com/ubuntu jammy/main amd64 libdbus-1-3 amd64 1.12.20-2ubuntu4 [188 kB]
2024-05-27 14:06:06.606287 +0000 build-ubuntu43: output: Get: 4 https://fr.archive.ubuntu.com/ubuntu jammy/main amd64 libelf1 amd64 0.186-1build1 [51.0 kB]
2024-05-27 14:06:06.606388 +0000 build-ubuntu43: output: Get: 5 https://fr.archive.ubuntu.com/ubuntu jammy/main amd64 libicu70 amd64 70.1-2 [10.6 MB]
2024-05-27 14:07:11.412689 +0000 build-ubuntu43: output: Get: 6 https://fr.archive.ubuntu.com/ubuntu jammy/main amd64 libpopt0 amd64 1.18-3build1 [28.2 kB]
2024-05-27 14:07:11.542613 +0000 build-ubuntu43: output: Get: 7 https://fr.archive.ubuntu.com/ubuntu jammy/main amd64 readline-common all 8.1.2-1 [53.5 kB]
2024-05-27 14:07:11.671625 +0000 build-ubuntu43: output: Get: 8 https://fr.archive.ubuntu.com/ubuntu jammy/main amd64 libreadline8 amd64 8.1.2-1 [153 kB]
2024-05-27 14:07:12.507821 +0000 build-ubuntu43: output: Ign https://fr.archive.ubuntu.com/ubuntu jammy/main amd64 libreadline8 amd64 8.1.2-1
2024-05-27 14:07:14.222702 +0000 build-ubuntu43: output: Get: 9 https://fr.archive.ubuntu.com/ubuntu jammy/main amd64 libxml2 amd64 2.9.13+dfsg-1build1 [762 kB]
2024-05-27 14:07:18.499838 +0000 build-ubuntu43: output: Get: 10 https://fr.archive.ubuntu.com/ubuntu jammy/main amd64 bsdextrautils amd64 2.37.2-4ubuntu3 [71.1 kB]
2024-05-27 14:07:19.001463 +0000 build-ubuntu43: output: Get: 11 https://fr.archive.ubuntu.com/ubuntu jammy/main amd64 libmagic-mgc amd64 1:5.41-3 [257 kB]
2024-05-27 14:07:21.546900 +0000 build-ubuntu43: output: Ign https://fr.archive.ubuntu.com/ubuntu jammy/main amd64 libmagic-mgc amd64 1:5.41-3
2024-05-27 14:07:23.969622 +0000 build-ubuntu43: output: Get: 12 https://fr.archive.ubuntu.com/ubuntu jammy/main amd64 libmagic1 amd64 1:5.41-3 [87.2 kB]
2024-05-27 14:07:24.508233 +0000 build-ubuntu43: output: Get: 13 https://fr.archive.ubuntu.com/ubuntu jammy/main amd64 file amd64 1:5.41-3 [21.5 kB]
2024-05-27 14:07:24.690429 +0000 build-ubuntu43: output: Get: 14 https://fr.archive.ubuntu.com/ubuntu jammy/main amd64 gettext-base amd64 0.21-4ubuntu4 [37.8 kB]
2024-05-27 14:07:24.965189 +0000 build-ubuntu43: output: Get: 15 https://fr.archive.ubuntu.com/ubuntu jammy/main amd64 libuchardet0 amd64 0.0.7-1build2 [76.9 kB]
2024-05-27 14:07:25.863363 +0000 build-ubuntu43: output: Get: 16 https://fr.archive.ubuntu.com/ubuntu jammy/main amd64 groff-base amd64 1.22.4-8build1 [955 kB]
2024-05-27 14:07:33.717508 +0000 build-ubuntu43: output: Get: 17 https://fr.archive.ubuntu.com/ubuntu jammy/main amd64 libedit2 amd64 3.1-20210910-1build1 [96.8 kB]
2024-05-27 14:07:34.023431 +0000 build-ubuntu43: output: Get: 18 https://fr.archive.ubuntu.com/ubuntu jammy/main amd64 libnghttp2-14 amd64 1.43.0-1build3 [76.3 kB]
2024-05-27 14:07:34.551338 +0000 build-ubuntu43: output: Get: 19 https://fr.archive.ubuntu.com/ubuntu jammy/main amd64 libpipeline1 amd64 1.5.5-1 [23.5 kB]
2024-05-27 14:07:34.551706 +0000 build-ubuntu43: output: Get: 20 https://fr.archive.ubuntu.com/ubuntu jammy/main amd64 libpsl5 amd64 0.21.0-1.2build2 [58.4 kB]
2024-05-27 14:07:34.552618 +0000 build-ubuntu43: output: Get: 21 https://fr.archive.ubuntu.com/ubuntu jammy/main amd64 man-db amd64 2.10.2-1 [1187 kB]
2024-05-27 14:07:35.353159 +0000 build-ubuntu43: output: Ign https://fr.archive.ubuntu.com/ubuntu jammy/main amd64 man-db amd64 2.10.2-1
2024-05-27 14:07:37.322717 +0000 build-ubuntu43: output: Get: 22 https://fr.archive.ubuntu.com/ubuntu jammy/main amd64 libsigsegv2 amd64 2.13-1ubuntu3 [14.6 kB]
2024-05-27 14:07:37.386814 +0000 build-ubuntu43: output: Get: 23 https://fr.archive.ubuntu.com/ubuntu jammy/main amd64 m4 amd64 1.4.18-5ubuntu2 [199 kB]
2024-05-27 14:07:38.872283 +0000 build-ubuntu43: output: Get: 24 https://fr.archive.ubuntu.com/ubuntu jammy/main amd64 autoconf all 2.71-2 [338 kB]
2024-05-27 14:07:42.015668 +0000 build-ubuntu43: output: Get: 25 https://fr.archive.ubuntu.com/ubuntu jammy/main amd64 autotools-dev all 20220109.1 [44.9 kB]
2024-05-27 14:07:42.045227 +0000 build-ubuntu43: output: Get: 26 https://fr.archive.ubuntu.com/ubuntu jammy/main amd64 automake all 1:1.16.5-1.3 [558 kB]
2024-05-27 14:07:44.948116 +0000 build-ubuntu43: output: Get: 27 https://fr.archive.ubuntu.com/ubuntu jammy/main amd64 autopoint all 0.21-4ubuntu4 [422 kB]
2024-05-27 14:07:48.226693 +0000 build-ubuntu43: output: Get: 28 https://fr.archive.ubuntu.com/ubuntu jammy/main amd64 libdebhelper-perl all 13.6ubuntu1 [67.2 kB]
2024-05-27 14:07:48.227603 +0000 build-ubuntu43: output: Get: 29 https://fr.archive.ubuntu.com/ubuntu jammy/main amd64 libtool all 2.4.6-15build2 [164 kB]
2024-05-27 14:07:48.231642 +0000 build-ubuntu43: output: Get: 30 https://fr.archive.ubuntu.com/ubuntu jammy/main amd64 dh-autoreconf all 20 [16.1 kB]
2024-05-27 14:07:48.232427 +0000 build-ubuntu43: output: Get: 31 https://fr.archive.ubuntu.com/ubuntu jammy/main amd64 libarchive-zip-perl all 1.68-1 [90.2 kB]
2024-05-27 14:07:48.662958 +0000 build-ubuntu43: output: Get: 32 https://fr.archive.ubuntu.com/ubuntu jammy/main amd64 libsub-override-perl all 0.09-2 [9532 B]
2024-05-27 14:07:48.758663 +0000 build-ubuntu43: output: Get: 33 https://fr.archive.ubuntu.com/ubuntu jammy/main amd64 libfile-stripnondeterminism-perl all 1.13.0-1 [18.1 kB]
2024-05-27 14:07:52.113996 +0000 build-ubuntu43: output: Get: 34 https://fr.archive.ubuntu.com/ubuntu jammy/main amd64 dh-strip-nondeterminism all 1.13.0-1 [5344 B]
2024-05-27 14:07:53.096753 +0000 build-ubuntu43: output: Get: 35 https://fr.archive.ubuntu.com/ubuntu jammy/main amd64 libdw1 amd64 0.186-1build1 [250 kB]
2024-05-27 14:07:57.078134 +0000 build-ubuntu43: output: Get: 36 https://fr.archive.ubuntu.com/ubuntu jammy/main amd64 debugedit amd64 1:5.0-4build1 [47.2 kB]
2024-05-27 14:07:58.093056 +0000 build-ubuntu43: output: Get: 37 https://fr.archive.ubuntu.com/ubuntu jammy/main amd64 dwz amd64 0.14-1build2 [105 kB]
2024-05-27 14:07:59.681263 +0000 build-ubuntu43: output: Get: 38 https://fr.archive.ubuntu.com/ubuntu jammy/main amd64 gettext amd64 0.21-4ubuntu4 [868 kB]
2024-05-27 14:08:08.845316 +0000 build-ubuntu43: output: Get: 39 https://fr.archive.ubuntu.com/ubuntu jammy/main amd64 intltool-debian all 0.35.0+20060710.5 [24.9 kB]
2024-05-27 14:08:09.521519 +0000 build-ubuntu43: output: Get: 40 https://fr.archive.ubuntu.com/ubuntu jammy/main amd64 po-debconf all 1.0.21+nmu1 [233 kB]
2024-05-27 14:08:13.062932 +0000 build-ubuntu43: output: Get: 41 https://fr.archive.ubuntu.com/ubuntu jammy/main amd64 debhelper all 13.6ubuntu1 [923 kB]
2024-05-27 14:08:18.961944 +0000 build-ubuntu43: output: Get: 42 https://fr.archive.ubuntu.com/ubuntu jammy/main amd64 icu-devtools amd64 70.1-2 [197 kB]
2024-05-27 14:08:20.400684 +0000 build-ubuntu43: output: Get: 43 https://fr.archive.ubuntu.com/ubuntu jammy/main amd64 libarchive13 amd64 3.6.0-1ubuntu1 [368 kB]
2024-05-27 14:08:22.202121 +0000 build-ubuntu43: output: Get: 44 https://fr.archive.ubuntu.com/ubuntu jammy/main amd64 libbrotli1 amd64 1.0.9-2build6 [315 kB]
2024-05-27 14:08:27.304632 +0000 build-ubuntu43: output: Get: 45 https://fr.archive.ubuntu.com/ubuntu jammy/main amd64 libbz2-dev amd64 1.0.8-5build1 [32.5 kB]
2024-05-27 14:08:27.796002 +0000 build-ubuntu43: output: Get: 46 https://fr.archive.ubuntu.com/ubuntu jammy/main amd64 libcap-ng-dev amd64 0.7.9-2.2build3 [22.9 kB]
2024-05-27 14:08:28.441167 +0000 build-ubuntu43: output: Get: 47 https://fr.archive.ubuntu.com/ubuntu jammy/main amd64 libsasl2-modules-db amd64 2.1.27+dfsg2-3ubuntu1 [20.8 kB]
2024-05-27 14:08:29.155757 +0000 build-ubuntu43: output: Get: 48 https://fr.archive.ubuntu.com/ubuntu jammy/main amd64 libsasl2-2 amd64 2.1.27+dfsg2-3ubuntu1 [53.9 kB]
2024-05-27 14:08:30.130054 +0000 build-ubuntu43: output: Get: 49 https://fr.archive.ubuntu.com/ubuntu jammy/main amd64 libldap-2.5-0 amd64 2.5.11+dfsg-1~exp1ubuntu3 [184 kB]
2024-05-27 14:08:31.868438 +0000 build-ubuntu43: output: Get: 50 https://fr.archive.ubuntu.com/ubuntu jammy/main amd64 librtmp1 amd64 2.4+20151223.gitfa8646d.1-2build4 [58.2 kB]
2024-05-27 14:08:32.589363 +0000 build-ubuntu43: output: Get: 51 https://fr.archive.ubuntu.com/ubuntu jammy/main amd64 libssh-4 amd64 0.9.6-2build1 [184 kB]
2024-05-27 14:08:34.003908 +0000 build-ubuntu43: output: Get: 52 https://fr.archive.ubuntu.com/ubuntu jammy/main amd64 libcurl3-gnutls amd64 7.81.0-1 [282 kB]
2024-05-27 14:08:35.723347 +0000 build-ubuntu43: output: Get: 53 https://fr.archive.ubuntu.com/ubuntu jammy/universe amd64 libfsverity0 amd64 1.4-1~exp1build1 [10.4 kB]
2024-05-27 14:08:35.912860 +0000 build-ubuntu43: output: Get: 54 https://fr.archive.ubuntu.com/ubuntu jammy/universe amd64 libfsverity-dev amd64 1.4-1~exp1build1 [13.0 kB]
2024-05-27 14:08:36.293908 +0000 build-ubuntu43: output: Get: 55 https://fr.archive.ubuntu.com/ubuntu jammy/main amd64 libgpg-error-dev amd64 1.43-3 [129 kB]
2024-05-27 14:08:37.160234 +0000 build-ubuntu43: output: Get: 56 https://fr.archive.ubuntu.com/ubuntu jammy/main amd64 libgcrypt20-dev amd64 1.9.4-3ubuntu3 [572 kB]
2024-05-27 14:08:40.717207 +0000 build-ubuntu43: output: Get: 57 https://fr.archive.ubuntu.com/ubuntu jammy/main amd64 libicu-dev amd64 70.1-2 [11.6 MB]
2024-05-27 14:09:42.647252 +0000 build-ubuntu43: output: Get: 58 https://fr.archive.ubuntu.com/ubuntu jammy/main amd64 libllvm13 amd64 1:13.0.1-2ubuntu2 [22.1 MB]
2024-05-27 14:11:56.023737 +0000 build-ubuntu43: output: Get: 59 https://fr.archive.ubuntu.com/ubuntu jammy/main amd64 liblua5.3-0 amd64 5.3.6-1build1 [140 kB]
2024-05-27 14:11:57.526485 +0000 build-ubuntu43: output: Get: 60 https://fr.archive.ubuntu.com/ubuntu jammy/main amd64 libncurses-dev amd64 6.3-2 [380 kB]
2024-05-27 14:12:00.586740 +0000 build-ubuntu43: output: Get: 61 https://fr.archive.ubuntu.com/ubuntu jammy/main amd64 libpcre2-16-0 amd64 10.39-3build1 [203 kB]
2024-05-27 14:12:05.096148 +0000 build-ubuntu43: output: Get: 62 https://fr.archive.ubuntu.com/ubuntu jammy/main amd64 libpcre2-32-0 amd64 10.39-3build1 [193 kB]
2024-05-27 14:12:06.294479 +0000 build-ubuntu43: output: Get: 63 https://fr.archive.ubuntu.com/ubuntu jammy/main amd64 libpcre2-posix3 amd64 10.39-3build1 [6136 B]
2024-05-27 14:12:06.828959 +0000 build-ubuntu43: output: Get: 64 https://fr.archive.ubuntu.com/ubuntu jammy/main amd64 libpcre2-dev amd64 10.39-3build1 [727 kB]
2024-05-27 14:12:11.698911 +0000 build-ubuntu43: output: Get: 65 https://fr.archive.ubuntu.com/ubuntu jammy/main amd64 libpopt-dev amd64 1.18-3build1 [47.3 kB]
2024-05-27 14:12:12.367480 +0000 build-ubuntu43: output: Get: 66 https://fr.archive.ubuntu.com/ubuntu jammy/main amd64 libreadline-dev amd64 8.1.2-1 [166 kB]
2024-05-27 14:12:13.151396 +0000 build-ubuntu43: output: Get: 67 https://fr.archive.ubuntu.com/ubuntu jammy/universe amd64 librpmio9 amd64 4.17.0+dfsg1-4build1 [93.2 kB]
2024-05-27 14:12:14.199068 +0000 build-ubuntu43: output: Get: 68 https://fr.archive.ubuntu.com/ubuntu jammy/universe amd64 librpm9 amd64 4.17.0+dfsg1-4build1 [189 kB]
2024-05-27 14:12:15.197918 +0000 build-ubuntu43: output: Get: 69 https://fr.archive.ubuntu.com/ubuntu jammy/universe amd64 librpmbuild9 amd64 4.17.0+dfsg1-4build1 [80.3 kB]
2024-05-27 14:12:16.034745 +0000 build-ubuntu43: output: Get: 70 https://fr.archive.ubuntu.com/ubuntu jammy/universe amd64 librpmsign9 amd64 4.17.0+dfsg1-4build1 [11.7 kB]
2024-05-27 14:12:16.578606 +0000 build-ubuntu43: output: Get: 71 https://fr.archive.ubuntu.com/ubuntu jammy/universe amd64 librust-cc-dev amd64 1.0.71-2 [53.1 kB]
2024-05-27 14:12:17.394281 +0000 build-ubuntu43: output: Get: 72 https://fr.archive.ubuntu.com/ubuntu jammy/universe amd64 librust-libc-dev amd64 0.2.103-1 [245 kB]
2024-05-27 14:12:21.577196 +0000 build-ubuntu43: output: Get: 73 https://fr.archive.ubuntu.com/ubuntu jammy/main amd64 libsepol-dev amd64 3.3-1build1 [378 kB]
2024-05-27 14:12:25.680198 +0000 build-ubuntu43: output: Get: 74 https://fr.archive.ubuntu.com/ubuntu jammy/main amd64 libselinux1-dev amd64 3.3-1build2 [158 kB]
2024-05-27 14:12:29.151345 +0000 build-ubuntu43: output: Get: 75 https://fr.archive.ubuntu.com/ubuntu jammy/main amd64 libsqlite3-dev amd64 3.37.2-2 [847 kB]
2024-05-27 14:12:36.959203 +0000 build-ubuntu43: output: Get: 76 https://fr.archive.ubuntu.com/ubuntu jammy/universe amd64 libssh2-1 amd64 1.10.0-3 [109 kB]
2024-05-27 14:12:40.377184 +0000 build-ubuntu43: output: Get: 77 https://fr.archive.ubuntu.com/ubuntu jammy/main amd64 libstd-rust-1.58 amd64 1.58.1+dfsg1~ubuntu1-0ubuntu2 [19.6 MB]
2024-05-27 14:14:11.813620 +0000 build-ubuntu43: output: Get: 78 https://fr.archive.ubuntu.com/ubuntu jammy/main amd64 libxml2-dev amd64 2.9.13+dfsg-1build1 [805 kB]
2024-05-27 14:14:16.971123 +0000 build-ubuntu43: output: Get: 79 https://fr.archive.ubuntu.com/ubuntu jammy/main amd64 libzstd-dev amd64 1.4.8+dfsg-3build1 [401 kB]
2024-05-27 14:14:23.120987 +0000 build-ubuntu43: output: Get: 80 https://fr.archive.ubuntu.com/ubuntu jammy/universe amd64 rpm-common amd64 4.17.0+dfsg1-4build1 [33.7 kB]
2024-05-27 14:14:24.084469 +0000 build-ubuntu43: output: Get: 81 https://fr.archive.ubuntu.com/ubuntu jammy/universe amd64 rpm2cpio amd64 4.17.0+dfsg1-4build1 [9882 B]
2024-05-27 14:14:24.598413 +0000 build-ubuntu43: output: Get: 82 https://fr.archive.ubuntu.com/ubuntu jammy/universe amd64 rpm amd64 4.17.0+dfsg1-4build1 [151 kB]
2024-05-27 14:14:28.192499 +0000 build-ubuntu43: output: Get: 83 https://fr.archive.ubuntu.com/ubuntu jammy/main amd64 zlib1g-dev amd64 1:1.2.11.dfsg-2ubuntu9 [164 kB]
2024-05-27 14:14:37.294993 +0000 build-ubuntu43: output: Get: 84 https://fr.archive.ubuntu.com/ubuntu jammy/main amd64 libstd-rust-dev amd64 1.58.1+dfsg1~ubuntu1-0ubuntu2 [37.1 MB]
2024-05-27 14:17:24.858036 +0000 build-ubuntu43: output: Ign https://fr.archive.ubuntu.com/ubuntu jammy/main amd64 libstd-rust-dev amd64 1.58.1+dfsg1~ubuntu1-0ubuntu2
2024-05-27 14:17:27.222017 +0000 build-ubuntu43: output: Get: 85 https://fr.archive.ubuntu.com/ubuntu jammy/main amd64 rustc amd64 1.58.1+dfsg1~ubuntu1-0ubuntu2 [3643 kB]
2024-05-27 14:17:49.231460 +0000 build-ubuntu43: output: Get: 86 https://fr.archive.ubuntu.com/ubuntu jammy/universe amd64 cargo amd64 0.58.0-0ubuntu1 [3907 kB]
2024-05-27 14:18:12.119161 +0000 build-ubuntu43: output: Get: 87 https://fr.archive.ubuntu.com/ubuntu jammy/main amd64 libaudit-dev amd64 1:3.0.7-1build1 [78.6 kB]
2024-05-27 14:18:13.084147 +0000 build-ubuntu43: output: Get: 88 https://fr.archive.ubuntu.com/ubuntu jammy/universe amd64 librpm-dev amd64 4.17.0+dfsg1-4build1 [60.4 kB]
2024-05-27 14:18:13.961897 +0000 build-ubuntu43: output: Get: 89 https://fr.archive.ubuntu.com/ubuntu jammy/main amd64 libreadline8 amd64 8.1.2-1 [153 kB]
2024-05-27 14:18:14.676795 +0000 build-ubuntu43: output: Get: 90 https://fr.archive.ubuntu.com/ubuntu jammy/main amd64 libmagic-mgc amd64 1:5.41-3 [257 kB]
2024-05-27 14:18:15.312639 +0000 build-ubuntu43: output: Get: 91 https://fr.archive.ubuntu.com/ubuntu jammy/main amd64 man-db amd64 2.10.2-1 [1187 kB]
2024-05-27 14:18:20.984405 +0000 build-ubuntu43: output: Get: 92 https://fr.archive.ubuntu.com/ubuntu jammy/main amd64 libstd-rust-dev amd64 1.58.1+dfsg1~ubuntu1-0ubuntu2 [37.1 MB]
2024-05-27 14:18:44.327781 +0000 build-ubuntu43: output: Fetched 96.1 MB in 12min 43s (126 kB/s)
2024-05-27 14:18:44.633507 +0000 build-ubuntu43: output: debconf: delaying package configuration, since apt-utils is not installed
2024-05-27 14:18:44.680238 +0000 build-ubuntu43: output: Selecting previously unselected package libmd0:amd64..
2024-05-27 14:18:44.684305 +0000 build-ubuntu43: output: (Reading database ... .(Reading database ... 5%.(Reading database ... 10%.(Reading database ... 15%.(Reading database ... 20%.(Reading database ... 25%.(Reading database ... 30%.(Reading database ... 35%.(Reading database ... 40%.(Reading database ... 45%.(Reading database ... 50%.(Reading database ... 55%.(Reading database ... 60%.(Reading database ... 65%.(Reading database ... 70%.(Reading database ... 75%.(Reading database ... 80%.(Reading database ... 85%.(Reading database ... 90%.(Reading database ... 95%.(Reading database ... 100%.(Reading database ... 10738 files and directories currently installed.).
2024-05-27 14:18:44.684550 +0000 build-ubuntu43: output: Preparing to unpack .../00-libmd0_1.0.4-1build1_amd64.deb ....
2024-05-27 14:18:44.696216 +0000 build-ubuntu43: output: Unpacking libmd0:amd64 (1.0.4-1build1) ....
2024-05-27 14:18:44.768393 +0000 build-ubuntu43: output: Selecting previously unselected package libbsd0:amd64..
2024-05-27 14:18:44.770173 +0000 build-ubuntu43: output: Preparing to unpack .../01-libbsd0_0.11.5-1_amd64.deb ....
2024-05-27 14:18:44.776825 +0000 build-ubuntu43: output: Unpacking libbsd0:amd64 (0.11.5-1) ....
2024-05-27 14:18:44.853101 +0000 build-ubuntu43: output: Selecting previously unselected package libdbus-1-3:amd64..
2024-05-27 14:18:44.855643 +0000 build-ubuntu43: output: Preparing to unpack .../02-libdbus-1-3_1.12.20-2ubuntu4_amd64.deb ....
2024-05-27 14:18:44.863891 +0000 build-ubuntu43: output: Unpacking libdbus-1-3:amd64 (1.12.20-2ubuntu4) ....
2024-05-27 14:18:44.937200 +0000 build-ubuntu43: output: Selecting previously unselected package libelf1:amd64..
2024-05-27 14:18:44.937488 +0000 build-ubuntu43: output: Preparing to unpack .../03-libelf1_0.186-1build1_amd64.deb ....
2024-05-27 14:18:44.950645 +0000 build-ubuntu43: output: Unpacking libelf1:amd64 (0.186-1build1) ....
2024-05-27 14:18:45.024040 +0000 build-ubuntu43: output: Selecting previously unselected package libicu70:amd64..
2024-05-27 14:18:45.025602 +0000 build-ubuntu43: output: Preparing to unpack .../04-libicu70_70.1-2_amd64.deb ....
2024-05-27 14:18:45.034040 +0000 build-ubuntu43: output: Unpacking libicu70:amd64 (70.1-2) ....
2024-05-27 14:18:45.363103 +0000 build-ubuntu43: output: Selecting previously unselected package libpopt0:amd64..
2024-05-27 14:18:45.364196 +0000 build-ubuntu43: output: Preparing to unpack .../05-libpopt0_1.18-3build1_amd64.deb ....
2024-05-27 14:18:45.371402 +0000 build-ubuntu43: output: Unpacking libpopt0:amd64 (1.18-3build1) ....
2024-05-27 14:18:45.446057 +0000 build-ubuntu43: output: Selecting previously unselected package readline-common..
2024-05-27 14:18:45.448643 +0000 build-ubuntu43: output: Preparing to unpack .../06-readline-common_8.1.2-1_all.deb ....
2024-05-27 14:18:45.455728 +0000 build-ubuntu43: output: Unpacking readline-common (8.1.2-1) ....
2024-05-27 14:18:45.533382 +0000 build-ubuntu43: output: Selecting previously unselected package libreadline8:amd64..
2024-05-27 14:18:45.535917 +0000 build-ubuntu43: output: Preparing to unpack .../07-libreadline8_8.1.2-1_amd64.deb ....
2024-05-27 14:18:45.542802 +0000 build-ubuntu43: output: Unpacking libreadline8:amd64 (8.1.2-1) ....
2024-05-27 14:18:45.626683 +0000 build-ubuntu43: output: Selecting previously unselected package libxml2:amd64..
2024-05-27 14:18:45.628169 +0000 build-ubuntu43: output: Preparing to unpack .../08-libxml2_2.9.13+dfsg-1build1_amd64.deb ....
2024-05-27 14:18:45.635154 +0000 build-ubuntu43: output: Unpacking libxml2:amd64 (2.9.13+dfsg-1build1) ....
2024-05-27 14:18:45.720995 +0000 build-ubuntu43: output: Selecting previously unselected package bsdextrautils..
2024-05-27 14:18:45.721263 +0000 build-ubuntu43: output: Preparing to unpack .../09-bsdextrautils_2.37.2-4ubuntu3_amd64.deb ....
2024-05-27 14:18:45.727001 +0000 build-ubuntu43: output: Unpacking bsdextrautils (2.37.2-4ubuntu3) ....
2024-05-27 14:18:45.806793 +0000 build-ubuntu43: output: Selecting previously unselected package libmagic-mgc..
2024-05-27 14:18:45.808650 +0000 build-ubuntu43: output: Preparing to unpack .../10-libmagic-mgc_1%3a5.41-3_amd64.deb ....
2024-05-27 14:18:45.817481 +0000 build-ubuntu43: output: Unpacking libmagic-mgc (1:5.41-3) ....
2024-05-27 14:18:45.949963 +0000 build-ubuntu43: output: Selecting previously unselected package libmagic1:amd64..
2024-05-27 14:18:45.952787 +0000 build-ubuntu43: output: Preparing to unpack .../11-libmagic1_1%3a5.41-3_amd64.deb ....
2024-05-27 14:18:45.959687 +0000 build-ubuntu43: output: Unpacking libmagic1:amd64 (1:5.41-3) ....
2024-05-27 14:18:46.027951 +0000 build-ubuntu43: output: Selecting previously unselected package file..
2024-05-27 14:18:46.030613 +0000 build-ubuntu43: output: Preparing to unpack .../12-file_1%3a5.41-3_amd64.deb ....
2024-05-27 14:18:46.038131 +0000 build-ubuntu43: output: Unpacking file (1:5.41-3) ....
2024-05-27 14:18:46.109907 +0000 build-ubuntu43: output: Selecting previously unselected package gettext-base..
2024-05-27 14:18:46.112077 +0000 build-ubuntu43: output: Preparing to unpack .../13-gettext-base_0.21-4ubuntu4_amd64.deb ....
2024-05-27 14:18:46.119808 +0000 build-ubuntu43: output: Unpacking gettext-base (0.21-4ubuntu4) ....
2024-05-27 14:18:46.207610 +0000 build-ubuntu43: output: Selecting previously unselected package libuchardet0:amd64..
2024-05-27 14:18:46.208985 +0000 build-ubuntu43: output: Preparing to unpack .../14-libuchardet0_0.0.7-1build2_amd64.deb ....
2024-05-27 14:18:46.217845 +0000 build-ubuntu43: output: Unpacking libuchardet0:amd64 (0.0.7-1build2) ....
2024-05-27 14:18:46.286181 +0000 build-ubuntu43: output: Selecting previously unselected package groff-base..
2024-05-27 14:18:46.288332 +0000 build-ubuntu43: output: Preparing to unpack .../15-groff-base_1.22.4-8build1_amd64.deb ....
2024-05-27 14:18:46.296087 +0000 build-ubuntu43: output: Unpacking groff-base (1.22.4-8build1) ....
2024-05-27 14:18:46.461885 +0000 build-ubuntu43: output: Selecting previously unselected package libedit2:amd64..
2024-05-27 14:18:46.463740 +0000 build-ubuntu43: output: Preparing to unpack .../16-libedit2_3.1-20210910-1build1_amd64.deb ....
2024-05-27 14:18:46.471725 +0000 build-ubuntu43: output: Unpacking libedit2:amd64 (3.1-20210910-1build1) ....
2024-05-27 14:18:46.550824 +0000 build-ubuntu43: output: Selecting previously unselected package libnghttp2-14:amd64..
2024-05-27 14:18:46.552878 +0000 build-ubuntu43: output: Preparing to unpack .../17-libnghttp2-14_1.43.0-1build3_amd64.deb ....
2024-05-27 14:18:46.565110 +0000 build-ubuntu43: output: Unpacking libnghttp2-14:amd64 (1.43.0-1build3) ....
2024-05-27 14:18:46.637921 +0000 build-ubuntu43: output: Selecting previously unselected package libpipeline1:amd64..
2024-05-27 14:18:46.640360 +0000 build-ubuntu43: output: Preparing to unpack .../18-libpipeline1_1.5.5-1_amd64.deb ....
2024-05-27 14:18:46.647479 +0000 build-ubuntu43: output: Unpacking libpipeline1:amd64 (1.5.5-1) ....
2024-05-27 14:18:46.725073 +0000 build-ubuntu43: output: Selecting previously unselected package libpsl5:amd64..
2024-05-27 14:18:46.727789 +0000 build-ubuntu43: output: Preparing to unpack .../19-libpsl5_0.21.0-1.2build2_amd64.deb ....
2024-05-27 14:18:46.736619 +0000 build-ubuntu43: output: Unpacking libpsl5:amd64 (0.21.0-1.2build2) ....
2024-05-27 14:18:46.834675 +0000 build-ubuntu43: output: Selecting previously unselected package man-db..
2024-05-27 14:18:46.836903 +0000 build-ubuntu43: output: Preparing to unpack .../20-man-db_2.10.2-1_amd64.deb ....
2024-05-27 14:18:46.844613 +0000 build-ubuntu43: output: Unpacking man-db (2.10.2-1) ....
2024-05-27 14:18:47.068430 +0000 build-ubuntu43: output: Selecting previously unselected package libsigsegv2:amd64..
2024-05-27 14:18:47.071624 +0000 build-ubuntu43: output: Preparing to unpack .../21-libsigsegv2_2.13-1ubuntu3_amd64.deb ....
2024-05-27 14:18:47.078305 +0000 build-ubuntu43: output: Unpacking libsigsegv2:amd64 (2.13-1ubuntu3) ....
2024-05-27 14:18:47.148512 +0000 build-ubuntu43: output: Selecting previously unselected package m4..
2024-05-27 14:18:47.149604 +0000 build-ubuntu43: output: Preparing to unpack .../22-m4_1.4.18-5ubuntu2_amd64.deb ....
2024-05-27 14:18:47.156661 +0000 build-ubuntu43: output: Unpacking m4 (1.4.18-5ubuntu2) ....
2024-05-27 14:18:47.276871 +0000 build-ubuntu43: output: Selecting previously unselected package autoconf..
2024-05-27 14:18:47.278435 +0000 build-ubuntu43: output: Preparing to unpack .../23-autoconf_2.71-2_all.deb ....
2024-05-27 14:18:47.289776 +0000 build-ubuntu43: output: Unpacking autoconf (2.71-2) ....
2024-05-27 14:18:47.421869 +0000 build-ubuntu43: output: Selecting previously unselected package autotools-dev..
2024-05-27 14:18:47.424143 +0000 build-ubuntu43: output: Preparing to unpack .../24-autotools-dev_20220109.1_all.deb ....
2024-05-27 14:18:47.435968 +0000 build-ubuntu43: output: Unpacking autotools-dev (20220109.1) ....
2024-05-27 14:18:47.532809 +0000 build-ubuntu43: output: Selecting previously unselected package automake..
2024-05-27 14:18:47.535243 +0000 build-ubuntu43: output: Preparing to unpack .../25-automake_1%3a1.16.5-1.3_all.deb ....
2024-05-27 14:18:47.551292 +0000 build-ubuntu43: output: Unpacking automake (1:1.16.5-1.3) ....
2024-05-27 14:18:47.710333 +0000 build-ubuntu43: output: Selecting previously unselected package autopoint..
2024-05-27 14:18:47.713047 +0000 build-ubuntu43: output: Preparing to unpack .../26-autopoint_0.21-4ubuntu4_all.deb ....
2024-05-27 14:18:47.720974 +0000 build-ubuntu43: output: Unpacking autopoint (0.21-4ubuntu4) ....
2024-05-27 14:18:47.797781 +0000 build-ubuntu43: output: Selecting previously unselected package libdebhelper-perl..
2024-05-27 14:18:47.799901 +0000 build-ubuntu43: output: Preparing to unpack .../27-libdebhelper-perl_13.6ubuntu1_all.deb ....
2024-05-27 14:18:47.811213 +0000 build-ubuntu43: output: Unpacking libdebhelper-perl (13.6ubuntu1) ....
2024-05-27 14:18:47.944621 +0000 build-ubuntu43: output: Selecting previously unselected package libtool..
2024-05-27 14:18:47.947154 +0000 build-ubuntu43: output: Preparing to unpack .../28-libtool_2.4.6-15build2_all.deb ....
2024-05-27 14:18:47.953334 +0000 build-ubuntu43: output: Unpacking libtool (2.4.6-15build2) ....
2024-05-27 14:18:48.037271 +0000 build-ubuntu43: output: Selecting previously unselected package dh-autoreconf..
2024-05-27 14:18:48.039497 +0000 build-ubuntu43: output: Preparing to unpack .../29-dh-autoreconf_20_all.deb ....
2024-05-27 14:18:48.046955 +0000 build-ubuntu43: output: Unpacking dh-autoreconf (20) ....
2024-05-27 14:18:48.128011 +0000 build-ubuntu43: output: Selecting previously unselected package libarchive-zip-perl..
2024-05-27 14:18:48.130704 +0000 build-ubuntu43: output: Preparing to unpack .../30-libarchive-zip-perl_1.68-1_all.deb ....
2024-05-27 14:18:48.139768 +0000 build-ubuntu43: output: Unpacking libarchive-zip-perl (1.68-1) ....
2024-05-27 14:18:48.230272 +0000 build-ubuntu43: output: Selecting previously unselected package libsub-override-perl..
2024-05-27 14:18:48.230710 +0000 build-ubuntu43: output: Preparing to unpack .../31-libsub-override-perl_0.09-2_all.deb ....
2024-05-27 14:18:48.237097 +0000 build-ubuntu43: output: Unpacking libsub-override-perl (0.09-2) ....
2024-05-27 14:18:48.307968 +0000 build-ubuntu43: output: Selecting previously unselected package libfile-stripnondeterminism-perl..
2024-05-27 14:18:48.308746 +0000 build-ubuntu43: output: Preparing to unpack .../32-libfile-stripnondeterminism-perl_1.13.0-1_all.deb ....
2024-05-27 14:18:48.317042 +0000 build-ubuntu43: output: Unpacking libfile-stripnondeterminism-perl (1.13.0-1) ....
2024-05-27 14:18:48.390621 +0000 build-ubuntu43: output: Selecting previously unselected package dh-strip-nondeterminism..
2024-05-27 14:18:48.392353 +0000 build-ubuntu43: output: Preparing to unpack .../33-dh-strip-nondeterminism_1.13.0-1_all.deb ....
2024-05-27 14:18:48.400710 +0000 build-ubuntu43: output: Unpacking dh-strip-nondeterminism (1.13.0-1) ....
2024-05-27 14:18:48.470813 +0000 build-ubuntu43: output: Selecting previously unselected package libdw1:amd64..
2024-05-27 14:18:48.471498 +0000 build-ubuntu43: output: Preparing to unpack .../34-libdw1_0.186-1build1_amd64.deb ....
2024-05-27 14:18:48.480053 +0000 build-ubuntu43: output: Unpacking libdw1:amd64 (0.186-1build1) ....
2024-05-27 14:18:48.552456 +0000 build-ubuntu43: output: Selecting previously unselected package debugedit..
2024-05-27 14:18:48.554105 +0000 build-ubuntu43: output: Preparing to unpack .../35-debugedit_1%3a5.0-4build1_amd64.deb ....
2024-05-27 14:18:48.560825 +0000 build-ubuntu43: output: Unpacking debugedit (1:5.0-4build1) ....
2024-05-27 14:18:48.627628 +0000 build-ubuntu43: output: Selecting previously unselected package dwz..
2024-05-27 14:18:48.629771 +0000 build-ubuntu43: output: Preparing to unpack .../36-dwz_0.14-1build2_amd64.deb ....
2024-05-27 14:18:48.636903 +0000 build-ubuntu43: output: Unpacking dwz (0.14-1build2) ....
2024-05-27 14:18:48.710949 +0000 build-ubuntu43: output: Selecting previously unselected package gettext..
2024-05-27 14:18:48.712806 +0000 build-ubuntu43: output: Preparing to unpack .../37-gettext_0.21-4ubuntu4_amd64.deb ....
2024-05-27 14:18:48.720381 +0000 build-ubuntu43: output: Unpacking gettext (0.21-4ubuntu4) ....
2024-05-27 14:18:48.836638 +0000 build-ubuntu43: output: Selecting previously unselected package intltool-debian..
2024-05-27 14:18:48.839241 +0000 build-ubuntu43: output: Preparing to unpack .../38-intltool-debian_0.35.0+20060710.5_all.deb ....
2024-05-27 14:18:48.848262 +0000 build-ubuntu43: output: Unpacking intltool-debian (0.35.0+20060710.5) ....
2024-05-27 14:18:48.917765 +0000 build-ubuntu43: output: Selecting previously unselected package po-debconf..
2024-05-27 14:18:48.920137 +0000 build-ubuntu43: output: Preparing to unpack .../39-po-debconf_1.0.21+nmu1_all.deb ....
2024-05-27 14:18:48.927263 +0000 build-ubuntu43: output: Unpacking po-debconf (1.0.21+nmu1) ....
2024-05-27 14:18:49.045117 +0000 build-ubuntu43: output: Selecting previously unselected package debhelper..
2024-05-27 14:18:49.048169 +0000 build-ubuntu43: output: Preparing to unpack .../40-debhelper_13.6ubuntu1_all.deb ....
2024-05-27 14:18:49.055999 +0000 build-ubuntu43: output: Unpacking debhelper (13.6ubuntu1) ....
2024-05-27 14:18:49.355840 +0000 build-ubuntu43: output: Selecting previously unselected package icu-devtools..
2024-05-27 14:18:49.358249 +0000 build-ubuntu43: output: Preparing to unpack .../41-icu-devtools_70.1-2_amd64.deb ....
2024-05-27 14:18:49.365292 +0000 build-ubuntu43: output: Unpacking icu-devtools (70.1-2) ....
2024-05-27 14:18:49.478749 +0000 build-ubuntu43: output: Selecting previously unselected package libarchive13:amd64..
2024-05-27 14:18:49.481469 +0000 build-ubuntu43: output: Preparing to unpack .../42-libarchive13_3.6.0-1ubuntu1_amd64.deb ....
2024-05-27 14:18:49.490012 +0000 build-ubuntu43: output: Unpacking libarchive13:amd64 (3.6.0-1ubuntu1) ....
2024-05-27 14:18:49.578993 +0000 build-ubuntu43: output: Selecting previously unselected package libbrotli1:amd64..
2024-05-27 14:18:49.580978 +0000 build-ubuntu43: output: Preparing to unpack .../43-libbrotli1_1.0.9-2build6_amd64.deb ....
2024-05-27 14:18:49.593707 +0000 build-ubuntu43: output: Unpacking libbrotli1:amd64 (1.0.9-2build6) ....
2024-05-27 14:18:49.676273 +0000 build-ubuntu43: output: Selecting previously unselected package libbz2-dev:amd64..
2024-05-27 14:18:49.678338 +0000 build-ubuntu43: output: Preparing to unpack .../44-libbz2-dev_1.0.8-5build1_amd64.deb ....
2024-05-27 14:18:49.685456 +0000 build-ubuntu43: output: Unpacking libbz2-dev:amd64 (1.0.8-5build1) ....
2024-05-27 14:18:49.747170 +0000 build-ubuntu43: output: Selecting previously unselected package libcap-ng-dev..
2024-05-27 14:18:49.749940 +0000 build-ubuntu43: output: Preparing to unpack .../45-libcap-ng-dev_0.7.9-2.2build3_amd64.deb ....
2024-05-27 14:18:49.756321 +0000 build-ubuntu43: output: Unpacking libcap-ng-dev (0.7.9-2.2build3) ....
2024-05-27 14:18:49.837368 +0000 build-ubuntu43: output: Selecting previously unselected package libsasl2-modules-db:amd64..
2024-05-27 14:18:49.840303 +0000 build-ubuntu43: output: Preparing to unpack .../46-libsasl2-modules-db_2.1.27+dfsg2-3ubuntu1_amd64.deb ....
2024-05-27 14:18:49.846768 +0000 build-ubuntu43: output: Unpacking libsasl2-modules-db:amd64 (2.1.27+dfsg2-3ubuntu1) ....
2024-05-27 14:18:49.917085 +0000 build-ubuntu43: output: Selecting previously unselected package libsasl2-2:amd64..
2024-05-27 14:18:49.919678 +0000 build-ubuntu43: output: Preparing to unpack .../47-libsasl2-2_2.1.27+dfsg2-3ubuntu1_amd64.deb ....
2024-05-27 14:18:49.927839 +0000 build-ubuntu43: output: Unpacking libsasl2-2:amd64 (2.1.27+dfsg2-3ubuntu1) ....
2024-05-27 14:18:50.013737 +0000 build-ubuntu43: output: Selecting previously unselected package libldap-2.5-0:amd64..
2024-05-27 14:18:50.016721 +0000 build-ubuntu43: output: Preparing to unpack .../48-libldap-2.5-0_2.5.11+dfsg-1~exp1ubuntu3_amd64.deb ....
2024-05-27 14:18:50.023953 +0000 build-ubuntu43: output: Unpacking libldap-2.5-0:amd64 (2.5.11+dfsg-1~exp1ubuntu3) ....
2024-05-27 14:18:50.124082 +0000 build-ubuntu43: output: Selecting previously unselected package librtmp1:amd64..
2024-05-27 14:18:50.126329 +0000 build-ubuntu43: output: Preparing to unpack .../49-librtmp1_2.4+20151223.gitfa8646d.1-2build4_amd64.deb ....
2024-05-27 14:18:50.134711 +0000 build-ubuntu43: output: Unpacking librtmp1:amd64 (2.4+20151223.gitfa8646d.1-2build4) ....
2024-05-27 14:18:50.213048 +0000 build-ubuntu43: output: Selecting previously unselected package libssh-4:amd64..
2024-05-27 14:18:50.215669 +0000 build-ubuntu43: output: Preparing to unpack .../50-libssh-4_0.9.6-2build1_amd64.deb ....
2024-05-27 14:18:50.223021 +0000 build-ubuntu43: output: Unpacking libssh-4:amd64 (0.9.6-2build1) ....
2024-05-27 14:18:50.306675 +0000 build-ubuntu43: output: Selecting previously unselected package libcurl3-gnutls:amd64..
2024-05-27 14:18:50.307804 +0000 build-ubuntu43: output: Preparing to unpack .../51-libcurl3-gnutls_7.81.0-1_amd64.deb ....
2024-05-27 14:18:50.315886 +0000 build-ubuntu43: output: Unpacking libcurl3-gnutls:amd64 (7.81.0-1) ....
2024-05-27 14:18:50.400480 +0000 build-ubuntu43: output: Selecting previously unselected package libfsverity0:amd64..
2024-05-27 14:18:50.403599 +0000 build-ubuntu43: output: Preparing to unpack .../52-libfsverity0_1.4-1~exp1build1_amd64.deb ....
2024-05-27 14:18:50.411797 +0000 build-ubuntu43: output: Unpacking libfsverity0:amd64 (1.4-1~exp1build1) ....
2024-05-27 14:18:50.472910 +0000 build-ubuntu43: output: Selecting previously unselected package libfsverity-dev:amd64..
2024-05-27 14:18:50.475403 +0000 build-ubuntu43: output: Preparing to unpack .../53-libfsverity-dev_1.4-1~exp1build1_amd64.deb ....
2024-05-27 14:18:50.482647 +0000 build-ubuntu43: output: Unpacking libfsverity-dev:amd64 (1.4-1~exp1build1) ....
2024-05-27 14:18:50.550153 +0000 build-ubuntu43: output: Selecting previously unselected package libgpg-error-dev..
2024-05-27 14:18:50.552793 +0000 build-ubuntu43: output: Preparing to unpack .../54-libgpg-error-dev_1.43-3_amd64.deb ....
2024-05-27 14:18:50.559806 +0000 build-ubuntu43: output: Unpacking libgpg-error-dev (1.43-3) ....
2024-05-27 14:18:50.632729 +0000 build-ubuntu43: output: Selecting previously unselected package libgcrypt20-dev..
2024-05-27 14:18:50.635227 +0000 build-ubuntu43: output: Preparing to unpack .../55-libgcrypt20-dev_1.9.4-3ubuntu3_amd64.deb ....
2024-05-27 14:18:50.642083 +0000 build-ubuntu43: output: Unpacking libgcrypt20-dev (1.9.4-3ubuntu3) ....
2024-05-27 14:18:50.730875 +0000 build-ubuntu43: output: Selecting previously unselected package libicu-dev:amd64..
2024-05-27 14:18:50.733696 +0000 build-ubuntu43: output: Preparing to unpack .../56-libicu-dev_70.1-2_amd64.deb ....
2024-05-27 14:18:50.740681 +0000 build-ubuntu43: output: Unpacking libicu-dev:amd64 (70.1-2) ....
2024-05-27 14:18:51.235500 +0000 build-ubuntu43: output: Selecting previously unselected package libllvm13:amd64..
2024-05-27 14:18:51.237190 +0000 build-ubuntu43: output: Preparing to unpack .../57-libllvm13_1%3a13.0.1-2ubuntu2_amd64.deb ....
2024-05-27 14:18:51.245157 +0000 build-ubuntu43: output: Unpacking libllvm13:amd64 (1:13.0.1-2ubuntu2) ....
2024-05-27 14:18:52.092173 +0000 build-ubuntu43: output: Selecting previously unselected package liblua5.3-0:amd64..
2024-05-27 14:18:52.093863 +0000 build-ubuntu43: output: Preparing to unpack .../58-liblua5.3-0_5.3.6-1build1_amd64.deb ....
2024-05-27 14:18:52.101877 +0000 build-ubuntu43: output: Unpacking liblua5.3-0:amd64 (5.3.6-1build1) ....
2024-05-27 14:18:52.178006 +0000 build-ubuntu43: output: Selecting previously unselected package libncurses-dev:amd64..
2024-05-27 14:18:52.179708 +0000 build-ubuntu43: output: Preparing to unpack .../59-libncurses-dev_6.3-2_amd64.deb ....
2024-05-27 14:18:52.195616 +0000 build-ubuntu43: output: Unpacking libncurses-dev:amd64 (6.3-2) ....
2024-05-27 14:18:52.337181 +0000 build-ubuntu43: output: Selecting previously unselected package libpcre2-16-0:amd64..
2024-05-27 14:18:52.339069 +0000 build-ubuntu43: output: Preparing to unpack .../60-libpcre2-16-0_10.39-3build1_amd64.deb ....
2024-05-27 14:18:52.349285 +0000 build-ubuntu43: output: Unpacking libpcre2-16-0:amd64 (10.39-3build1) ....
2024-05-27 14:18:52.446745 +0000 build-ubuntu43: output: Selecting previously unselected package libpcre2-32-0:amd64..
2024-05-27 14:18:52.449123 +0000 build-ubuntu43: output: Preparing to unpack .../61-libpcre2-32-0_10.39-3build1_amd64.deb ....
2024-05-27 14:18:52.461974 +0000 build-ubuntu43: output: Unpacking libpcre2-32-0:amd64 (10.39-3build1) ....
2024-05-27 14:18:52.557994 +0000 build-ubuntu43: output: Selecting previously unselected package libpcre2-posix3:amd64..
2024-05-27 14:18:52.559170 +0000 build-ubuntu43: output: Preparing to unpack .../62-libpcre2-posix3_10.39-3build1_amd64.deb ....
2024-05-27 14:18:52.567320 +0000 build-ubuntu43: output: Unpacking libpcre2-posix3:amd64 (10.39-3build1) ....
2024-05-27 14:18:52.653102 +0000 build-ubuntu43: output: Selecting previously unselected package libpcre2-dev:amd64..
2024-05-27 14:18:52.655617 +0000 build-ubuntu43: output: Preparing to unpack .../63-libpcre2-dev_10.39-3build1_amd64.deb ....
2024-05-27 14:18:52.665691 +0000 build-ubuntu43: output: Unpacking libpcre2-dev:amd64 (10.39-3build1) ....
2024-05-27 14:18:52.833166 +0000 build-ubuntu43: output: Selecting previously unselected package libpopt-dev:amd64..
2024-05-27 14:18:52.835165 +0000 build-ubuntu43: output: Preparing to unpack .../64-libpopt-dev_1.18-3build1_amd64.deb ....
2024-05-27 14:18:52.842204 +0000 build-ubuntu43: output: Unpacking libpopt-dev:amd64 (1.18-3build1) ....
2024-05-27 14:18:52.911691 +0000 build-ubuntu43: output: Selecting previously unselected package libreadline-dev:amd64..
2024-05-27 14:18:52.913096 +0000 build-ubuntu43: output: Preparing to unpack .../65-libreadline-dev_8.1.2-1_amd64.deb ....
2024-05-27 14:18:52.919378 +0000 build-ubuntu43: output: Unpacking libreadline-dev:amd64 (8.1.2-1) ....
2024-05-27 14:18:53.035207 +0000 build-ubuntu43: output: Selecting previously unselected package librpmio9..
2024-05-27 14:18:53.037006 +0000 build-ubuntu43: output: Preparing to unpack .../66-librpmio9_4.17.0+dfsg1-4build1_amd64.deb ....
2024-05-27 14:18:53.046288 +0000 build-ubuntu43: output: Unpacking librpmio9 (4.17.0+dfsg1-4build1) ....
2024-05-27 14:18:53.125142 +0000 build-ubuntu43: output: Selecting previously unselected package librpm9..
2024-05-27 14:18:53.127642 +0000 build-ubuntu43: output: Preparing to unpack .../67-librpm9_4.17.0+dfsg1-4build1_amd64.deb ....
2024-05-27 14:18:53.142705 +0000 build-ubuntu43: output: Unpacking librpm9 (4.17.0+dfsg1-4build1) ....
2024-05-27 14:18:53.223174 +0000 build-ubuntu43: output: Selecting previously unselected package librpmbuild9..
2024-05-27 14:18:53.225741 +0000 build-ubuntu43: output: Preparing to unpack .../68-librpmbuild9_4.17.0+dfsg1-4build1_amd64.deb ....
2024-05-27 14:18:53.233450 +0000 build-ubuntu43: output: Unpacking librpmbuild9 (4.17.0+dfsg1-4build1) ....
2024-05-27 14:18:53.303260 +0000 build-ubuntu43: output: Selecting previously unselected package librpmsign9..
2024-05-27 14:18:53.306090 +0000 build-ubuntu43: output: Preparing to unpack .../69-librpmsign9_4.17.0+dfsg1-4build1_amd64.deb ....
2024-05-27 14:18:53.313363 +0000 build-ubuntu43: output: Unpacking librpmsign9 (4.17.0+dfsg1-4build1) ....
2024-05-27 14:18:53.378679 +0000 build-ubuntu43: output: Selecting previously unselected package librust-cc-dev:amd64..
2024-05-27 14:18:53.380465 +0000 build-ubuntu43: output: Preparing to unpack .../70-librust-cc-dev_1.0.71-2_amd64.deb ....
2024-05-27 14:18:53.386516 +0000 build-ubuntu43: output: Unpacking librust-cc-dev:amd64 (1.0.71-2) ....
2024-05-27 14:18:53.473068 +0000 build-ubuntu43: output: Selecting previously unselected package librust-libc-dev:amd64..
2024-05-27 14:18:53.476219 +0000 build-ubuntu43: output: Preparing to unpack .../71-librust-libc-dev_0.2.103-1_amd64.deb ....
2024-05-27 14:18:53.483149 +0000 build-ubuntu43: output: Unpacking librust-libc-dev:amd64 (0.2.103-1) ....
2024-05-27 14:18:53.692139 +0000 build-ubuntu43: output: Selecting previously unselected package libsepol-dev:amd64..
2024-05-27 14:18:53.695227 +0000 build-ubuntu43: output: Preparing to unpack .../72-libsepol-dev_3.3-1build1_amd64.deb ....
2024-05-27 14:18:53.703965 +0000 build-ubuntu43: output: Unpacking libsepol-dev:amd64 (3.3-1build1) ....
2024-05-27 14:18:53.833699 +0000 build-ubuntu43: output: Selecting previously unselected package libselinux1-dev:amd64..
2024-05-27 14:18:53.836361 +0000 build-ubuntu43: output: Preparing to unpack .../73-libselinux1-dev_3.3-1build2_amd64.deb ....
2024-05-27 14:18:53.843965 +0000 build-ubuntu43: output: Unpacking libselinux1-dev:amd64 (3.3-1build2) ....
2024-05-27 14:18:53.950379 +0000 build-ubuntu43: output: Selecting previously unselected package libsqlite3-dev:amd64..
2024-05-27 14:18:53.950686 +0000 build-ubuntu43: output: Preparing to unpack .../74-libsqlite3-dev_3.37.2-2_amd64.deb ....
2024-05-27 14:18:53.962118 +0000 build-ubuntu43: output: Unpacking libsqlite3-dev:amd64 (3.37.2-2) ....
2024-05-27 14:18:54.071092 +0000 build-ubuntu43: output: Selecting previously unselected package libssh2-1:amd64..
2024-05-27 14:18:54.073633 +0000 build-ubuntu43: output: Preparing to unpack .../75-libssh2-1_1.10.0-3_amd64.deb ....
2024-05-27 14:18:54.084333 +0000 build-ubuntu43: output: Unpacking libssh2-1:amd64 (1.10.0-3) ....
2024-05-27 14:18:54.169072 +0000 build-ubuntu43: output: Selecting previously unselected package libstd-rust-1.58:amd64..
2024-05-27 14:18:54.171417 +0000 build-ubuntu43: output: Preparing to unpack .../76-libstd-rust-1.58_1.58.1+dfsg1~ubuntu1-0ubuntu2_amd64.deb ....
2024-05-27 14:18:54.178980 +0000 build-ubuntu43: output: Unpacking libstd-rust-1.58:amd64 (1.58.1+dfsg1~ubuntu1-0ubuntu2) ....
2024-05-27 14:18:54.764206 +0000 build-ubuntu43: output: Selecting previously unselected package libxml2-dev:amd64..
2024-05-27 14:18:54.765468 +0000 build-ubuntu43: output: Preparing to unpack .../77-libxml2-dev_2.9.13+dfsg-1build1_amd64.deb ....
2024-05-27 14:18:54.771389 +0000 build-ubuntu43: output: Unpacking libxml2-dev:amd64 (2.9.13+dfsg-1build1) ....
2024-05-27 14:18:54.894305 +0000 build-ubuntu43: output: Selecting previously unselected package libzstd-dev:amd64..
2024-05-27 14:18:54.896111 +0000 build-ubuntu43: output: Preparing to unpack .../78-libzstd-dev_1.4.8+dfsg-3build1_amd64.deb ....
2024-05-27 14:18:54.903653 +0000 build-ubuntu43: output: Unpacking libzstd-dev:amd64 (1.4.8+dfsg-3build1) ....
2024-05-27 14:18:54.994666 +0000 build-ubuntu43: output: Selecting previously unselected package rpm-common..
2024-05-27 14:18:54.997262 +0000 build-ubuntu43: output: Preparing to unpack .../79-rpm-common_4.17.0+dfsg1-4build1_amd64.deb ....
2024-05-27 14:18:55.004256 +0000 build-ubuntu43: output: Unpacking rpm-common (4.17.0+dfsg1-4build1) ....
2024-05-27 14:18:55.124457 +0000 build-ubuntu43: output: Selecting previously unselected package rpm2cpio..
2024-05-27 14:18:55.124630 +0000 build-ubuntu43: output: Preparing to unpack .../80-rpm2cpio_4.17.0+dfsg1-4build1_amd64.deb ....
2024-05-27 14:18:55.130084 +0000 build-ubuntu43: output: Unpacking rpm2cpio (4.17.0+dfsg1-4build1) ....
2024-05-27 14:18:55.237164 +0000 build-ubuntu43: output: Selecting previously unselected package rpm..
2024-05-27 14:18:55.239206 +0000 build-ubuntu43: output: Preparing to unpack .../81-rpm_4.17.0+dfsg1-4build1_amd64.deb ....
2024-05-27 14:18:55.247651 +0000 build-ubuntu43: output: Unpacking rpm (4.17.0+dfsg1-4build1) ....
2024-05-27 14:18:55.372967 +0000 build-ubuntu43: output: Selecting previously unselected package zlib1g-dev:amd64..
2024-05-27 14:18:55.375740 +0000 build-ubuntu43: output: Preparing to unpack .../82-zlib1g-dev_1%3a1.2.11.dfsg-2ubuntu9_amd64.deb ....
2024-05-27 14:18:55.382958 +0000 build-ubuntu43: output: Unpacking zlib1g-dev:amd64 (1:1.2.11.dfsg-2ubuntu9) ....
2024-05-27 14:18:55.464045 +0000 build-ubuntu43: output: Selecting previously unselected package libstd-rust-dev:amd64..
2024-05-27 14:18:55.465635 +0000 build-ubuntu43: output: Preparing to unpack .../83-libstd-rust-dev_1.58.1+dfsg1~ubuntu1-0ubuntu2_amd64.deb ....
2024-05-27 14:18:55.502225 +0000 build-ubuntu43: output: Unpacking libstd-rust-dev:amd64 (1.58.1+dfsg1~ubuntu1-0ubuntu2) ....
2024-05-27 14:18:56.681966 +0000 build-ubuntu43: output: Selecting previously unselected package rustc..
2024-05-27 14:18:56.684363 +0000 build-ubuntu43: output: Preparing to unpack .../84-rustc_1.58.1+dfsg1~ubuntu1-0ubuntu2_amd64.deb ....
2024-05-27 14:18:56.693380 +0000 build-ubuntu43: output: Unpacking rustc (1.58.1+dfsg1~ubuntu1-0ubuntu2) ....
2024-05-27 14:18:56.864199 +0000 build-ubuntu43: output: Selecting previously unselected package cargo..
2024-05-27 14:18:56.865793 +0000 build-ubuntu43: output: Preparing to unpack .../85-cargo_0.58.0-0ubuntu1_amd64.deb ....
2024-05-27 14:18:56.873675 +0000 build-ubuntu43: output: Unpacking cargo (0.58.0-0ubuntu1) ....
2024-05-27 14:18:57.121007 +0000 build-ubuntu43: output: Selecting previously unselected package libaudit-dev:amd64..
2024-05-27 14:18:57.123206 +0000 build-ubuntu43: output: Preparing to unpack .../86-libaudit-dev_1%3a3.0.7-1build1_amd64.deb ....
2024-05-27 14:18:57.130969 +0000 build-ubuntu43: output: Unpacking libaudit-dev:amd64 (1:3.0.7-1build1) ....
2024-05-27 14:18:57.247160 +0000 build-ubuntu43: output: Selecting previously unselected package librpm-dev..
2024-05-27 14:18:57.249176 +0000 build-ubuntu43: output: Preparing to unpack .../87-librpm-dev_4.17.0+dfsg1-4build1_amd64.deb ....
2024-05-27 14:18:57.264119 +0000 build-ubuntu43: output: Unpacking librpm-dev (4.17.0+dfsg1-4build1) ....
2024-05-27 14:18:57.421154 +0000 build-ubuntu43: output: Setting up libpipeline1:amd64 (1.5.5-1) ....
2024-05-27 14:18:57.470658 +0000 build-ubuntu43: output: Setting up librust-libc-dev:amd64 (0.2.103-1) ....
2024-05-27 14:18:57.503058 +0000 build-ubuntu43: output: Setting up libncurses-dev:amd64 (6.3-2) ....
2024-05-27 14:18:57.528319 +0000 build-ubuntu43: output: Setting up libpsl5:amd64 (0.21.0-1.2build2) ....
2024-05-27 14:18:57.555087 +0000 build-ubuntu43: output: Setting up libzstd-dev:amd64 (1.4.8+dfsg-3build1) ....
2024-05-27 14:18:57.579688 +0000 build-ubuntu43: output: Setting up bsdextrautils (2.37.2-4ubuntu3) ....
2024-05-27 14:18:57.600253 +0000 build-ubuntu43: output: update-alternatives: using /usr/bin/write.ul to provide /usr/bin/write (write) in auto mode.
2024-05-27 14:18:57.613674 +0000 build-ubuntu43: output: Setting up libmagic-mgc (1:5.41-3) ....
2024-05-27 14:18:57.641463 +0000 build-ubuntu43: output: Setting up libarchive-zip-perl (1.68-1) ....
2024-05-27 14:18:57.667397 +0000 build-ubuntu43: output: Setting up libdebhelper-perl (13.6ubuntu1) ....
2024-05-27 14:18:57.691949 +0000 build-ubuntu43: output: Setting up libbrotli1:amd64 (1.0.9-2build6) ....
2024-05-27 14:18:57.717418 +0000 build-ubuntu43: output: Setting up libnghttp2-14:amd64 (1.43.0-1build3) ....
2024-05-27 14:18:57.741301 +0000 build-ubuntu43: output: Setting up libmagic1:amd64 (1:5.41-3) ....
2024-05-27 14:18:57.780950 +0000 build-ubuntu43: output: Setting up gettext-base (0.21-4ubuntu4) ....
2024-05-27 14:18:57.803486 +0000 build-ubuntu43: output: Setting up file (1:5.41-3) ....
2024-05-27 14:18:57.826150 +0000 build-ubuntu43: output: Setting up libpcre2-16-0:amd64 (10.39-3build1) ....
2024-05-27 14:18:57.848911 +0000 build-ubuntu43: output: Setting up libfsverity0:amd64 (1.4-1~exp1build1) ....
2024-05-27 14:18:57.871434 +0000 build-ubuntu43: output: Setting up libsasl2-modules-db:amd64 (2.1.27+dfsg2-3ubuntu1) ....
2024-05-27 14:18:57.896651 +0000 build-ubuntu43: output: Setting up autotools-dev (20220109.1) ....
2024-05-27 14:18:57.917801 +0000 build-ubuntu43: output: Setting up libpcre2-32-0:amd64 (10.39-3build1) ....
2024-05-27 14:18:57.939888 +0000 build-ubuntu43: output: Setting up libsqlite3-dev:amd64 (3.37.2-2) ....
2024-05-27 14:18:57.961960 +0000 build-ubuntu43: output: Setting up libgpg-error-dev (1.43-3) ....
2024-05-27 14:18:57.983066 +0000 build-ubuntu43: output: Setting up librtmp1:amd64 (2.4+20151223.gitfa8646d.1-2build4) ....
2024-05-27 14:18:58.010365 +0000 build-ubuntu43: output: Setting up libdbus-1-3:amd64 (1.12.20-2ubuntu4) ....
2024-05-27 14:18:58.032819 +0000 build-ubuntu43: output: Setting up libsigsegv2:amd64 (2.13-1ubuntu3) ....
2024-05-27 14:18:58.055080 +0000 build-ubuntu43: output: Setting up librust-cc-dev:amd64 (1.0.71-2) ....
2024-05-27 14:18:58.077865 +0000 build-ubuntu43: output: Setting up autopoint (0.21-4ubuntu4) ....
2024-05-27 14:18:58.099362 +0000 build-ubuntu43: output: Setting up libsepol-dev:amd64 (3.3-1build1) ....
2024-05-27 14:18:58.124166 +0000 build-ubuntu43: output: Setting up libsasl2-2:amd64 (2.1.27+dfsg2-3ubuntu1) ....
2024-05-27 14:18:58.146475 +0000 build-ubuntu43: output: Setting up libssh-4:amd64 (0.9.6-2build1) ....
2024-05-27 14:18:58.169441 +0000 build-ubuntu43: output: Setting up zlib1g-dev:amd64 (1:1.2.11.dfsg-2ubuntu9) ....
2024-05-27 14:18:58.191711 +0000 build-ubuntu43: output: Setting up libpcre2-posix3:amd64 (10.39-3build1) ....
2024-05-27 14:18:58.214679 +0000 build-ubuntu43: output: Setting up libmd0:amd64 (1.0.4-1build1) ....
2024-05-27 14:18:58.237362 +0000 build-ubuntu43: output: Setting up libuchardet0:amd64 (0.0.7-1build2) ....
2024-05-27 14:18:58.266049 +0000 build-ubuntu43: output: Setting up liblua5.3-0:amd64 (5.3.6-1build1) ....
2024-05-27 14:18:58.288686 +0000 build-ubuntu43: output: Setting up libcap-ng-dev (0.7.9-2.2build3) ....
2024-05-27 14:18:58.311048 +0000 build-ubuntu43: output: Setting up libsub-override-perl (0.09-2) ....
2024-05-27 14:18:58.333246 +0000 build-ubuntu43: output: Setting up libssh2-1:amd64 (1.10.0-3) ....
2024-05-27 14:18:58.354736 +0000 build-ubuntu43: output: Setting up libfsverity-dev:amd64 (1.4-1~exp1build1) ....
2024-05-27 14:18:58.381139 +0000 build-ubuntu43: output: Setting up libbsd0:amd64 (0.11.5-1) ....
2024-05-27 14:18:58.402976 +0000 build-ubuntu43: output: Setting up libelf1:amd64 (0.186-1build1) ....
2024-05-27 14:18:58.426748 +0000 build-ubuntu43: output: Setting up readline-common (8.1.2-1) ....
2024-05-27 14:18:58.453302 +0000 build-ubuntu43: output: Setting up libpopt0:amd64 (1.18-3build1) ....
2024-05-27 14:18:58.475972 +0000 build-ubuntu43: output: Setting up libicu70:amd64 (70.1-2) ....
2024-05-27 14:18:58.502868 +0000 build-ubuntu43: output: Setting up libbz2-dev:amd64 (1.0.8-5build1) ....
2024-05-27 14:18:58.525874 +0000 build-ubuntu43: output: Setting up libfile-stripnondeterminism-perl (1.13.0-1) ....
2024-05-27 14:18:58.549492 +0000 build-ubuntu43: output: Setting up libdw1:amd64 (0.186-1build1) ....
2024-05-27 14:18:58.571109 +0000 build-ubuntu43: output: Setting up libpcre2-dev:amd64 (10.39-3build1) ....
2024-05-27 14:18:58.593002 +0000 build-ubuntu43: output: Setting up libtool (2.4.6-15build2) ....
2024-05-27 14:18:58.615942 +0000 build-ubuntu43: output: Setting up libselinux1-dev:amd64 (3.3-1build2) ....
2024-05-27 14:18:58.644037 +0000 build-ubuntu43: output: Setting up libaudit-dev:amd64 (1:3.0.7-1build1) ....
2024-05-27 14:18:58.665874 +0000 build-ubuntu43: output: Setting up libedit2:amd64 (3.1-20210910-1build1) ....
2024-05-27 14:18:58.688443 +0000 build-ubuntu43: output: Setting up libreadline8:amd64 (8.1.2-1) ....
2024-05-27 14:18:58.711023 +0000 build-ubuntu43: output: Setting up m4 (1.4.18-5ubuntu2) ....
2024-05-27 14:18:58.733959 +0000 build-ubuntu43: output: Setting up libreadline-dev:amd64 (8.1.2-1) ....
2024-05-27 14:18:58.759611 +0000 build-ubuntu43: output: Setting up libldap-2.5-0:amd64 (2.5.11+dfsg-1~exp1ubuntu3) ....
2024-05-27 14:18:58.780296 +0000 build-ubuntu43: output: Setting up libpopt-dev:amd64 (1.18-3build1) ....
2024-05-27 14:18:58.804111 +0000 build-ubuntu43: output: Setting up libgcrypt20-dev (1.9.4-3ubuntu3) ....
2024-05-27 14:18:58.827258 +0000 build-ubuntu43: output: Setting up icu-devtools (70.1-2) ....
2024-05-27 14:18:58.851939 +0000 build-ubuntu43: output: Setting up autoconf (2.71-2) ....
2024-05-27 14:18:58.887053 +0000 build-ubuntu43: output: Setting up dh-strip-nondeterminism (1.13.0-1) ....
2024-05-27 14:18:58.909456 +0000 build-ubuntu43: output: Setting up dwz (0.14-1build2) ....
2024-05-27 14:18:58.932122 +0000 build-ubuntu43: output: Setting up groff-base (1.22.4-8build1) ....
2024-05-27 14:18:58.969351 +0000 build-ubuntu43: output: Setting up debugedit (1:5.0-4build1) ....
2024-05-27 14:18:58.992853 +0000 build-ubuntu43: output: Setting up libicu-dev:amd64 (70.1-2) ....
2024-05-27 14:18:59.018249 +0000 build-ubuntu43: output: Setting up libxml2:amd64 (2.9.13+dfsg-1build1) ....
2024-05-27 14:18:59.041018 +0000 build-ubuntu43: output: Setting up librpmio9 (4.17.0+dfsg1-4build1) ....
2024-05-27 14:18:59.063736 +0000 build-ubuntu43: output: Setting up automake (1:1.16.5-1.3) ....
2024-05-27 14:18:59.084476 +0000 build-ubuntu43: output: update-alternatives: using /usr/bin/automake-1.16 to provide /usr/bin/automake (automake) in auto mode.
2024-05-27 14:18:59.097602 +0000 build-ubuntu43: output: Setting up librpm9 (4.17.0+dfsg1-4build1) ....
2024-05-27 14:18:59.118950 +0000 build-ubuntu43: output: Setting up gettext (0.21-4ubuntu4) ....
2024-05-27 14:18:59.150722 +0000 build-ubuntu43: output: Setting up libarchive13:amd64 (3.6.0-1ubuntu1) ....
2024-05-27 14:18:59.171759 +0000 build-ubuntu43: output: Setting up libcurl3-gnutls:amd64 (7.81.0-1) ....
2024-05-27 14:18:59.194946 +0000 build-ubuntu43: output: Setting up rpm-common (4.17.0+dfsg1-4build1) ....
2024-05-27 14:18:59.225944 +0000 build-ubuntu43: output: Setting up man-db (2.10.2-1) ....
2024-05-27 14:18:59.361993 +0000 build-ubuntu43: output: Not building database; man-db/auto-update is not 'true'..
2024-05-27 14:18:59.534511 +0000 build-ubuntu43: output: Setting up intltool-debian (0.35.0+20060710.5) ....
2024-05-27 14:18:59.552679 +0000 build-ubuntu43: output: Setting up dh-autoreconf (20) ....
2024-05-27 14:18:59.575642 +0000 build-ubuntu43: output: Setting up libxml2-dev:amd64 (2.9.13+dfsg-1build1) ....
2024-05-27 14:18:59.604213 +0000 build-ubuntu43: output: Setting up librpmbuild9 (4.17.0+dfsg1-4build1) ....
2024-05-27 14:18:59.628379 +0000 build-ubuntu43: output: Setting up libllvm13:amd64 (1:13.0.1-2ubuntu2) ....
2024-05-27 14:18:59.649442 +0000 build-ubuntu43: output: Setting up librpmsign9 (4.17.0+dfsg1-4build1) ....
2024-05-27 14:18:59.671176 +0000 build-ubuntu43: output: Setting up rpm2cpio (4.17.0+dfsg1-4build1) ....
2024-05-27 14:18:59.693944 +0000 build-ubuntu43: output: Setting up po-debconf (1.0.21+nmu1) ....
2024-05-27 14:18:59.758929 +0000 build-ubuntu43: output: Setting up rpm (4.17.0+dfsg1-4build1) ....
2024-05-27 14:18:59.786230 +0000 build-ubuntu43: output: Setting up debhelper (13.6ubuntu1) ....
2024-05-27 14:18:59.809710 +0000 build-ubuntu43: output: Setting up librpm-dev (4.17.0+dfsg1-4build1) ....
2024-05-27 14:18:59.831898 +0000 build-ubuntu43: output: Setting up libstd-rust-1.58:amd64 (1.58.1+dfsg1~ubuntu1-0ubuntu2) ....
2024-05-27 14:18:59.855976 +0000 build-ubuntu43: output: Setting up libstd-rust-dev:amd64 (1.58.1+dfsg1~ubuntu1-0ubuntu2) ....
2024-05-27 14:18:59.883904 +0000 build-ubuntu43: output: Setting up rustc (1.58.1+dfsg1~ubuntu1-0ubuntu2) ....
2024-05-27 14:18:59.943759 +0000 build-ubuntu43: output: Setting up cargo (0.58.0-0ubuntu1) ....
2024-05-27 14:18:59.973074 +0000 build-ubuntu43: output: Processing triggers for libc-bin (2.35-0ubuntu3) ....
2024-05-27 14:19:00.200159 +0000 build-ubuntu43: output: Reading package lists...
2024-05-27 14:19:00.433228 +0000 build-ubuntu43: output: Building dependency tree...
2024-05-27 14:19:00.433306 +0000 build-ubuntu43: output: Reading state information...
2024-05-27 14:19:00.568375 +0000 build-ubuntu43: output: Reading extended state information...
2024-05-27 14:19:00.584093 +0000 build-ubuntu43: output: Initializing package states...
2024-05-27 14:19:00.777477 +0000 build-ubuntu43: output: Writing extended state information...
2024-05-27 14:19:00.959665 +0000 build-ubuntu43: output: Building tag database...
2024-05-27 14:19:00.990934 +0000 build-ubuntu43: output:  -> Finished parsing the build-deps
2024-05-27 14:19:01.075784 +0000 build-ubuntu43: output: Reading package lists...
2024-05-27 14:19:01.252030 +0000 build-ubuntu43: output: Building dependency tree...
2024-05-27 14:19:01.252095 +0000 build-ubuntu43: output: Reading state information...
2024-05-27 14:19:01.409945 +0000 build-ubuntu43: output: The following additional packages will be installed:
2024-05-27 14:19:01.410401 +0000 build-ubuntu43: output:   libfakeroot
2024-05-27 14:19:01.427975 +0000 build-ubuntu43: output: The following NEW packages will be installed:
2024-05-27 14:19:01.428773 +0000 build-ubuntu43: output:   fakeroot libfakeroot
2024-05-27 14:19:02.863131 +0000 build-ubuntu43: output: 0 upgraded, 2 newly installed, 0 to remove and 0 not upgraded.
2024-05-27 14:19:02.863256 +0000 build-ubuntu43: output: Need to get 91.9 kB of archives.
2024-05-27 14:19:02.863302 +0000 build-ubuntu43: output: After this operation, 401 kB of additional disk space will be used.
2024-05-27 14:19:02.863344 +0000 build-ubuntu43: output: Get:1 https://fr.archive.ubuntu.com/ubuntu jammy/main amd64 libfakeroot amd64 1.28-1ubuntu1 [31.5 kB]
2024-05-27 14:19:03.523268 +0000 build-ubuntu43: output: Get:2 https://fr.archive.ubuntu.com/ubuntu jammy/main amd64 fakeroot amd64 1.28-1ubuntu1 [60.4 kB]
2024-05-27 14:19:03.877420 +0000 build-ubuntu43: output: debconf: delaying package configuration, since apt-utils is not installed
2024-05-27 14:19:03.898508 +0000 build-ubuntu43: output: Fetched 91.9 kB in 2s (39.9 kB/s)
2024-05-27 14:19:04.439148 +0000 build-ubuntu43: output: Selecting previously unselected package libfakeroot:amd64..
2024-05-27 14:19:04.449391 +0000 build-ubuntu43: output: (Reading database ... .(Reading database ... 5%.(Reading database ... 10%.(Reading database ... 15%.(Reading database ... 20%.(Reading database ... 25%.(Reading database ... 30%.(Reading database ... 35%.(Reading database ... 40%.(Reading database ... 45%.(Reading database ... 50%.(Reading database ... 55%.(Reading database ... 60%.(Reading database ... 65%.(Reading database ... 70%.(Reading database ... 75%.(Reading database ... 80%.(Reading database ... 85%.(Reading database ... 90%.(Reading database ... 95%.(Reading database ... 100%.(Reading database ... 14373 files and directories currently installed.).
2024-05-27 14:19:04.450095 +0000 build-ubuntu43: output: Preparing to unpack .../libfakeroot_1.28-1ubuntu1_amd64.deb ....
2024-05-27 14:19:04.466512 +0000 build-ubuntu43: output: Unpacking libfakeroot:amd64 (1.28-1ubuntu1) ....
2024-05-27 14:19:04.553015 +0000 build-ubuntu43: output: Selecting previously unselected package fakeroot..
2024-05-27 14:19:04.554322 +0000 build-ubuntu43: output: Preparing to unpack .../fakeroot_1.28-1ubuntu1_amd64.deb ....
2024-05-27 14:19:04.562285 +0000 build-ubuntu43: output: Unpacking fakeroot (1.28-1ubuntu1) ....
2024-05-27 14:19:04.698870 +0000 build-ubuntu43: output: Setting up libfakeroot:amd64 (1.28-1ubuntu1) ....
2024-05-27 14:19:04.729947 +0000 build-ubuntu43: output: Setting up fakeroot (1.28-1ubuntu1) ....
2024-05-27 14:19:04.752772 +0000 build-ubuntu43: output: update-alternatives: using /usr/bin/fakeroot-sysv to provide /usr/bin/fakeroot (fakeroot) in auto mode.
2024-05-27 14:19:04.775463 +0000 build-ubuntu43: output: Processing triggers for man-db (2.10.2-1) ....
2024-05-27 14:19:04.791070 +0000 build-ubuntu43: output: Not building database; man-db/auto-update is not 'true'..
2024-05-27 14:19:04.798606 +0000 build-ubuntu43: output: Processing triggers for libc-bin (2.35-0ubuntu3) ....
2024-05-27 14:19:04.964843 +0000 build-ubuntu43: output: I: Copying back the cached apt archive contents
2024-05-27 14:19:04.974161 +0000 build-ubuntu43: output: I: new cache content 'libssh-4_0.9.6-2build1_amd64.deb' added
2024-05-27 14:19:04.981348 +0000 build-ubuntu43: output: I: new cache content 'libxml2_2.9.13+dfsg-1build1_amd64.deb' added
2024-05-27 14:19:04.983654 +0000 build-ubuntu43: output: I: new cache content 'libpcre2-posix3_10.39-3build1_amd64.deb' added
2024-05-27 14:19:04.986056 +0000 build-ubuntu43: output: I: new cache content 'readline-common_8.1.2-1_all.deb' added
2024-05-27 14:19:04.989130 +0000 build-ubuntu43: output: I: new cache content 'libreadline8_8.1.2-1_amd64.deb' added
2024-05-27 14:19:04.994066 +0000 build-ubuntu43: output: I: new cache content 'libssh2-1_1.10.0-3_amd64.deb' added
2024-05-27 14:19:05.000271 +0000 build-ubuntu43: output: I: new cache content 'icu-devtools_70.1-2_amd64.deb' added
2024-05-27 14:19:05.009164 +0000 build-ubuntu43: output: I: new cache content 'dh-autoreconf_20_all.deb' added
2024-05-27 14:19:05.019708 +0000 build-ubuntu43: output: I: new cache content 'libbz2-dev_1.0.8-5build1_amd64.deb' added
2024-05-27 14:19:05.023280 +0000 build-ubuntu43: output: I: new cache content 'libstd-rust-1.58_1.58.1+dfsg1~ubuntu1-0ubuntu2_amd64.deb' added
2024-05-27 14:19:05.026848 +0000 build-ubuntu43: output: I: new cache content 'libpipeline1_1.5.5-1_amd64.deb' added
2024-05-27 14:19:05.032925 +0000 build-ubuntu43: output: I: new cache content 'intltool-debian_0.35.0+20060710.5_all.deb' added
2024-05-27 14:19:05.039099 +0000 build-ubuntu43: output: I: new cache content 'libaudit-dev_1%3a3.0.7-1build1_amd64.deb' added
2024-05-27 14:19:05.042606 +0000 build-ubuntu43: output: I: new cache content 'libcurl3-gnutls_7.81.0-1_amd64.deb' added
2024-05-27 14:19:05.047527 +0000 build-ubuntu43: output: I: new cache content 'librtmp1_2.4+20151223.gitfa8646d.1-2build4_amd64.deb' added
2024-05-27 14:19:05.051212 +0000 build-ubuntu43: output: I: new cache content 'libarchive-zip-perl_1.68-1_all.deb' added
2024-05-27 14:19:05.056852 +0000 build-ubuntu43: output: I: new cache content 'libldap-2.5-0_2.5.11+dfsg-1~exp1ubuntu3_amd64.deb' added
2024-05-27 14:19:05.061994 +0000 build-ubuntu43: output: I: new cache content 'po-debconf_1.0.21+nmu1_all.deb' added
2024-05-27 14:19:05.067067 +0000 build-ubuntu43: output: I: new cache content 'dwz_0.14-1build2_amd64.deb' added
2024-05-27 14:19:05.072793 +0000 build-ubuntu43: output: I: new cache content 'libzstd-dev_1.4.8+dfsg-3build1_amd64.deb' added
2024-05-27 14:19:05.076886 +0000 build-ubuntu43: output: I: new cache content 'libedit2_3.1-20210910-1build1_amd64.deb' added
2024-05-27 14:19:05.080912 +0000 build-ubuntu43: output: I: new cache content 'bsdextrautils_2.37.2-4ubuntu3_amd64.deb' added
2024-05-27 14:19:05.084975 +0000 build-ubuntu43: output: I: new cache content 'rpm2cpio_4.17.0+dfsg1-4build1_amd64.deb' added
2024-05-27 14:19:05.090859 +0000 build-ubuntu43: output: I: new cache content 'libcap-ng-dev_0.7.9-2.2build3_amd64.deb' added
2024-05-27 14:19:05.094965 +0000 build-ubuntu43: output: I: new cache content 'gettext_0.21-4ubuntu4_amd64.deb' added
2024-05-27 14:19:05.101990 +0000 build-ubuntu43: output: I: new cache content 'libpopt0_1.18-3build1_amd64.deb' added
2024-05-27 14:19:05.104921 +0000 build-ubuntu43: output: I: new cache content 'libpcre2-16-0_10.39-3build1_amd64.deb' added
2024-05-27 14:19:05.107935 +0000 build-ubuntu43: output: I: new cache content 'groff-base_1.22.4-8build1_amd64.deb' added
2024-05-27 14:19:05.118060 +0000 build-ubuntu43: output: I: new cache content 'libgcrypt20-dev_1.9.4-3ubuntu3_amd64.deb' added
2024-05-27 14:19:05.122890 +0000 build-ubuntu43: output: I: new cache content 'libselinux1-dev_3.3-1build2_amd64.deb' added
2024-05-27 14:19:05.125971 +0000 build-ubuntu43: output: I: new cache content 'libuchardet0_0.0.7-1build2_amd64.deb' added
2024-05-27 14:19:05.129035 +0000 build-ubuntu43: output: I: new cache content 'libpcre2-32-0_10.39-3build1_amd64.deb' added
2024-05-27 14:19:05.133893 +0000 build-ubuntu43: output: I: new cache content 'libfsverity-dev_1.4-1~exp1build1_amd64.deb' added
2024-05-27 14:19:05.140867 +0000 build-ubuntu43: output: I: new cache content 'librpmio9_4.17.0+dfsg1-4build1_amd64.deb' added
2024-05-27 14:19:05.145735 +0000 build-ubuntu43: output: I: new cache content 'libdbus-1-3_1.12.20-2ubuntu4_amd64.deb' added
2024-05-27 14:19:05.150900 +0000 build-ubuntu43: output: I: new cache content 'libfile-stripnondeterminism-perl_1.13.0-1_all.deb' added
2024-05-27 14:19:05.156042 +0000 build-ubuntu43: output: I: new cache content 'libllvm13_1%3a13.0.1-2ubuntu2_amd64.deb' added
2024-05-27 14:19:05.158902 +0000 build-ubuntu43: output: I: new cache content 'libpcre2-dev_10.39-3build1_amd64.deb' added
2024-05-27 14:19:05.162969 +0000 build-ubuntu43: output: I: new cache content 'libfsverity0_1.4-1~exp1build1_amd64.deb' added
2024-05-27 14:19:05.171807 +0000 build-ubuntu43: output: I: new cache content 'autopoint_0.21-4ubuntu4_all.deb' added
2024-05-27 14:19:05.181058 +0000 build-ubuntu43: output: I: new cache content 'libreadline-dev_8.1.2-1_amd64.deb' added
2024-05-27 14:19:05.200158 +0000 build-ubuntu43: output: I: new cache content 'libmagic-mgc_1%3a5.41-3_amd64.deb' added
2024-05-27 14:19:05.202417 +0000 build-ubuntu43: output: I: new cache content 'rpm_4.17.0+dfsg1-4build1_amd64.deb' added
2024-05-27 14:19:05.206136 +0000 build-ubuntu43: output: I: new cache content 'librust-libc-dev_0.2.103-1_amd64.deb' added
2024-05-27 14:19:05.212183 +0000 build-ubuntu43: output: I: new cache content 'libdw1_0.186-1build1_amd64.deb' added
2024-05-27 14:19:05.216098 +0000 build-ubuntu43: output: I: new cache content 'debhelper_13.6ubuntu1_all.deb' added
2024-05-27 14:19:05.222159 +0000 build-ubuntu43: output: I: new cache content 'librpm-dev_4.17.0+dfsg1-4build1_amd64.deb' added
2024-05-27 14:19:05.226069 +0000 build-ubuntu43: output: I: new cache content 'liblua5.3-0_5.3.6-1build1_amd64.deb' added
2024-05-27 14:19:05.230137 +0000 build-ubuntu43: output: I: new cache content 'libelf1_0.186-1build1_amd64.deb' added
2024-05-27 14:19:05.234952 +0000 build-ubuntu43: output: I: new cache content 'libsepol-dev_3.3-1build1_amd64.deb' added
2024-05-27 14:19:05.238126 +0000 build-ubuntu43: output: I: new cache content 'autotools-dev_20220109.1_all.deb' added
2024-05-27 14:19:05.242004 +0000 build-ubuntu43: output: I: new cache content 'libdebhelper-perl_13.6ubuntu1_all.deb' added
2024-05-27 14:19:05.246605 +0000 build-ubuntu43: output: I: new cache content 'libmd0_1.0.4-1build1_amd64.deb' added
2024-05-27 14:19:05.252945 +0000 build-ubuntu43: output: I: new cache content 'libbrotli1_1.0.9-2build6_amd64.deb' added
2024-05-27 14:19:05.260996 +0000 build-ubuntu43: output: I: new cache content 'libsqlite3-dev_3.37.2-2_amd64.deb' added
2024-05-27 14:19:05.265000 +0000 build-ubuntu43: output: I: new cache content 'libfakeroot_1.28-1ubuntu1_amd64.deb' added
2024-05-27 14:19:05.268974 +0000 build-ubuntu43: output: I: new cache content 'zlib1g-dev_1%3a1.2.11.dfsg-2ubuntu9_amd64.deb' added
2024-05-27 14:19:05.271859 +0000 build-ubuntu43: output: I: new cache content 'libsasl2-2_2.1.27+dfsg2-3ubuntu1_amd64.deb' added
2024-05-27 14:19:05.276979 +0000 build-ubuntu43: output: I: new cache content 'autoconf_2.71-2_all.deb' added
2024-05-27 14:19:05.280926 +0000 build-ubuntu43: output: I: new cache content 'libmagic1_1%3a5.41-3_amd64.deb' added
2024-05-27 14:19:05.285992 +0000 build-ubuntu43: output: I: new cache content 'libstd-rust-dev_1.58.1+dfsg1~ubuntu1-0ubuntu2_amd64.deb' added
2024-05-27 14:19:05.293474 +0000 build-ubuntu43: output: I: new cache content 'libsub-override-perl_0.09-2_all.deb' added
2024-05-27 14:19:05.301881 +0000 build-ubuntu43: output: I: new cache content 'rustc_1.58.1+dfsg1~ubuntu1-0ubuntu2_amd64.deb' added
2024-05-27 14:19:05.304985 +0000 build-ubuntu43: output: I: new cache content 'libicu70_70.1-2_amd64.deb' added
2024-05-27 14:19:05.319980 +0000 build-ubuntu43: output: I: new cache content 'debugedit_1%3a5.0-4build1_amd64.deb' added
2024-05-27 14:19:05.325154 +0000 build-ubuntu43: output: I: new cache content 'libbsd0_0.11.5-1_amd64.deb' added
2024-05-27 14:19:05.328929 +0000 build-ubuntu43: output: I: new cache content 'libpsl5_0.21.0-1.2build2_amd64.deb' added
2024-05-27 14:19:05.333939 +0000 build-ubuntu43: output: I: new cache content 'man-db_2.10.2-1_amd64.deb' added
2024-05-27 14:19:05.336837 +0000 build-ubuntu43: output: I: new cache content 'libarchive13_3.6.0-1ubuntu1_amd64.deb' added
2024-05-27 14:19:05.341513 +0000 build-ubuntu43: output: I: new cache content 'libpopt-dev_1.18-3build1_amd64.deb' added
2024-05-27 14:19:05.344539 +0000 build-ubuntu43: output: I: new cache content 'm4_1.4.18-5ubuntu2_amd64.deb' added
2024-05-27 14:19:05.347764 +0000 build-ubuntu43: output: I: new cache content 'dh-strip-nondeterminism_1.13.0-1_all.deb' added
2024-05-27 14:19:05.351921 +0000 build-ubuntu43: output: I: new cache content 'libnghttp2-14_1.43.0-1build3_amd64.deb' added
2024-05-27 14:19:05.355970 +0000 build-ubuntu43: output: I: new cache content 'fakeroot_1.28-1ubuntu1_amd64.deb' added
2024-05-27 14:19:05.360890 +0000 build-ubuntu43: output: I: new cache content 'libxml2-dev_2.9.13+dfsg-1build1_amd64.deb' added
2024-05-27 14:19:05.366915 +0000 build-ubuntu43: output: I: new cache content 'libsigsegv2_2.13-1ubuntu3_amd64.deb' added
2024-05-27 14:19:05.372007 +0000 build-ubuntu43: output: I: new cache content 'librpmbuild9_4.17.0+dfsg1-4build1_amd64.deb' added
2024-05-27 14:19:05.379853 +0000 build-ubuntu43: output: I: new cache content 'gettext-base_0.21-4ubuntu4_amd64.deb' added
2024-05-27 14:19:05.384037 +0000 build-ubuntu43: output: I: new cache content 'file_1%3a5.41-3_amd64.deb' added
2024-05-27 14:19:05.387026 +0000 build-ubuntu43: output: I: new cache content 'libncurses-dev_6.3-2_amd64.deb' added
2024-05-27 14:19:05.391782 +0000 build-ubuntu43: output: I: new cache content 'librpmsign9_4.17.0+dfsg1-4build1_amd64.deb' added
2024-05-27 14:19:05.394979 +0000 build-ubuntu43: output: I: new cache content 'libgpg-error-dev_1.43-3_amd64.deb' added
2024-05-27 14:19:05.401970 +0000 build-ubuntu43: output: I: new cache content 'rpm-common_4.17.0+dfsg1-4build1_amd64.deb' added
2024-05-27 14:19:05.406262 +0000 build-ubuntu43: output: I: new cache content 'libsasl2-modules-db_2.1.27+dfsg2-3ubuntu1_amd64.deb' added
2024-05-27 14:19:05.409956 +0000 build-ubuntu43: output: I: new cache content 'libicu-dev_70.1-2_amd64.deb' added
2024-05-27 14:19:05.412877 +0000 build-ubuntu43: output: I: new cache content 'librust-cc-dev_1.0.71-2_amd64.deb' added
2024-05-27 14:19:05.415917 +0000 build-ubuntu43: output: I: new cache content 'libtool_2.4.6-15build2_all.deb' added
2024-05-27 14:19:05.424778 +0000 build-ubuntu43: output: I: new cache content 'cargo_0.58.0-0ubuntu1_amd64.deb' added
2024-05-27 14:19:05.428588 +0000 build-ubuntu43: output: I: new cache content 'automake_1%3a1.16.5-1.3_all.deb' added
2024-05-27 14:19:05.433459 +0000 build-ubuntu43: output: I: new cache content 'librpm9_4.17.0+dfsg1-4build1_amd64.deb' added
2024-05-27 14:19:05.442130 +0000 build-ubuntu43: output: I: Building the package
2024-05-27 14:19:05.450025 +0000 build-ubuntu43: output: I: Running cd /build/qubes-rpm-oxide-0.2.8/ && env PATH="/usr/sbin:/usr/bin:/sbin:/bin" HOME="/nonexistent" dpkg-buildpackage -us -uc -sa
2024-05-27 14:19:05.573608 +0000 build-ubuntu43: output: dpkg-buildpackage: info: source package qubes-rpm-oxide
2024-05-27 14:19:05.573670 +0000 build-ubuntu43: output: dpkg-buildpackage: info: source version 0.2.8-1+jammy1
2024-05-27 14:19:05.573687 +0000 build-ubuntu43: output: dpkg-buildpackage: info: source distribution jammy
2024-05-27 14:19:05.573757 +0000 build-ubuntu43: output: dpkg-buildpackage: info: source changed by Builder <user@localhost>
2024-05-27 14:19:05.595278 +0000 build-ubuntu43: output:  dpkg-source --before-build .
2024-05-27 14:19:05.595356 +0000 build-ubuntu43: output: dpkg-buildpackage: info: host architecture amd64
2024-05-27 14:19:05.702823 +0000 build-ubuntu43: output: dpkg-source: info: using options from qubes-rpm-oxide-0.2.8/debian/source/options: --tar-ignore=.git
2024-05-27 14:19:05.740091 +0000 build-ubuntu43: output:  fakeroot debian/rules clean
2024-05-27 14:19:05.756171 +0000 build-ubuntu43: output: dh clean
2024-05-27 14:19:05.851064 +0000 build-ubuntu43: output:    debian/rules override_dh_auto_clean
2024-05-27 14:19:05.852512 +0000 build-ubuntu43: output: make[1]: Entering directory '/build/qubes-rpm-oxide-0.2.8'
2024-05-27 14:19:05.852580 +0000 build-ubuntu43: output: cargo clean
2024-05-27 14:19:05.926185 +0000 build-ubuntu43: output: make[1]: Leaving directory '/build/qubes-rpm-oxide-0.2.8'
2024-05-27 14:19:05.926279 +0000 build-ubuntu43: output:    dh_clean
2024-05-27 14:19:05.973767 +0000 build-ubuntu43: output:  dpkg-source -b .
2024-05-27 14:19:06.098515 +0000 build-ubuntu43: output: dpkg-source: info: using options from qubes-rpm-oxide-0.2.8/debian/source/options: --tar-ignore=.git
2024-05-27 14:19:06.098629 +0000 build-ubuntu43: output: dpkg-source: info: using source format '3.0 (quilt)'
2024-05-27 14:19:06.098651 +0000 build-ubuntu43: output: dpkg-source: info: building qubes-rpm-oxide using existing ./qubes-rpm-oxide_0.2.8.orig.tar.gz
2024-05-27 14:19:06.126755 +0000 build-ubuntu43: output: dpkg-source: info: building qubes-rpm-oxide in qubes-rpm-oxide_0.2.8-1+jammy1.debian.tar.xz
2024-05-27 14:19:06.141162 +0000 build-ubuntu43: output: dpkg-source: info: building qubes-rpm-oxide in qubes-rpm-oxide_0.2.8-1+jammy1.dsc
2024-05-27 14:19:06.146489 +0000 build-ubuntu43: output:  debian/rules build
2024-05-27 14:19:06.148037 +0000 build-ubuntu43: output: dh build
2024-05-27 14:19:06.194088 +0000 build-ubuntu43: output:    dh_update_autotools_config
2024-05-27 14:19:06.213930 +0000 build-ubuntu43: output:    dh_autoreconf
2024-05-27 14:19:06.238622 +0000 build-ubuntu43: output:    debian/rules override_dh_auto_build
2024-05-27 14:19:06.239328 +0000 build-ubuntu43: output: make[1]: Entering directory '/build/qubes-rpm-oxide-0.2.8'
2024-05-27 14:19:06.239357 +0000 build-ubuntu43: output: cargo -Zunstable-options \
2024-05-27 14:19:06.239374 +0000 build-ubuntu43: output: .'--config=source.system.directory="/usr/share/cargo/registry"' \
2024-05-27 14:19:06.239438 +0000 build-ubuntu43: output: .'--config=source.crates-io.replace-with="system"' \
2024-05-27 14:19:06.239458 +0000 build-ubuntu43: output: .--offline \
2024-05-27 14:19:06.239557 +0000 build-ubuntu43: output: .build --all-features --release
2024-05-27 14:19:06.407649 +0000 build-ubuntu43: output:    Compiling cc v1.0.71
2024-05-27 14:19:06.407731 +0000 build-ubuntu43: output:    Compiling openpgp-parser v0.2.2 (/build/qubes-rpm-oxide-0.2.8/openpgp-parser)
2024-05-27 14:19:07.664980 +0000 build-ubuntu43: output:    Compiling libc v0.2.103
2024-05-27 14:19:08.406889 +0000 build-ubuntu43: output:    Compiling rpm-crypto v0.2.2 (/build/qubes-rpm-oxide-0.2.8/rpm-crypto)
2024-05-27 14:19:10.177942 +0000 build-ubuntu43: output:    Compiling rpm-parser v0.2.2 (/build/qubes-rpm-oxide-0.2.8/rpm-parser)
2024-05-27 14:19:10.638174 +0000 build-ubuntu43: output:    Compiling rpm-writer v0.2.2 (/build/qubes-rpm-oxide-0.2.8/rpm-writer)
2024-05-27 14:19:14.906877 +0000 build-ubuntu43: output:     Finished release [optimized] target(s) in 8.66s
2024-05-27 14:19:14.907709 +0000 build-ubuntu43: output: make[1]: Leaving directory '/build/qubes-rpm-oxide-0.2.8'
2024-05-27 14:19:14.907886 +0000 build-ubuntu43: output:    debian/rules override_dh_auto_test
2024-05-27 14:19:14.909838 +0000 build-ubuntu43: output: make[1]: Entering directory '/build/qubes-rpm-oxide-0.2.8'
2024-05-27 14:19:14.909878 +0000 build-ubuntu43: output: cargo -Zunstable-options \
2024-05-27 14:19:14.909959 +0000 build-ubuntu43: output: .'--config=source.system.directory="/usr/share/cargo/registry"' \
2024-05-27 14:19:14.909984 +0000 build-ubuntu43: output: .'--config=source.crates-io.replace-with="system"' \
2024-05-27 14:19:14.910001 +0000 build-ubuntu43: output: .--offline \
2024-05-27 14:19:14.910069 +0000 build-ubuntu43: output: .test --all-features --release
2024-05-27 14:19:14.990882 +0000 build-ubuntu43: output:    Compiling openpgp-parser v0.2.2 (/build/qubes-rpm-oxide-0.2.8/openpgp-parser)
2024-05-27 14:19:15.753322 +0000 build-ubuntu43: output:    Compiling rpm-crypto v0.2.2 (/build/qubes-rpm-oxide-0.2.8/rpm-crypto)
2024-05-27 14:19:17.103983 +0000 build-ubuntu43: output:    Compiling rpm-parser v0.2.2 (/build/qubes-rpm-oxide-0.2.8/rpm-parser)
2024-05-27 14:19:17.410849 +0000 build-ubuntu43: output:    Compiling rpm-writer v0.2.2 (/build/qubes-rpm-oxide-0.2.8/rpm-writer)
2024-05-27 14:19:23.057817 +0000 build-ubuntu43: output:     Finished release [optimized] target(s) in 8.14s
2024-05-27 14:19:23.057993 +0000 build-ubuntu43: output:      Running unittests (target/release/deps/openpgp_parser-862b23661e6a8303)
2024-05-27 14:19:23.063393 +0000 build-ubuntu43: output: 
2024-05-27 14:19:23.063471 +0000 build-ubuntu43: output: running 13 tests
2024-05-27 14:19:23.063931 +0000 build-ubuntu43: output: test buffer::tests::read ... ok
2024-05-27 14:19:23.064011 +0000 build-ubuntu43: output: test buffer::tests::read_one_byte ... ok
2024-05-27 14:19:23.067384 +0000 build-ubuntu43: output: test packet::tests::check_packet_serialization_short ... ok
2024-05-27 14:19:23.726651 +0000 build-ubuntu43: output: test packet::tests::old_format_parsing ... ok
2024-05-27 14:19:23.726790 +0000 build-ubuntu43: output: test signature::tests::bad_sig_alg ... ok
2024-05-27 14:19:23.726949 +0000 build-ubuntu43: output: test signature::tests::md5_rejected ... ok
2024-05-27 14:19:23.727191 +0000 build-ubuntu43: output: test signature::tests::mpi_invalid ... ok
2024-05-27 14:19:23.728124 +0000 build-ubuntu43: output: test signature::tests::mpi_too_short ... ok
2024-05-27 14:19:23.728390 +0000 build-ubuntu43: output: test signature::tests::parses_real_world_sig ... ok
2024-05-27 14:19:23.728683 +0000 build-ubuntu43: output: test signature::tests::sha1_rejected ... ok
2024-05-27 14:19:23.728930 +0000 build-ubuntu43: output: test signature::tests::signature_not_valid_yet ... ok
2024-05-27 14:19:23.729171 +0000 build-ubuntu43: output: test signature::tests::wrong_signature_version ... ok
2024-05-27 14:19:33.533662 +0000 build-ubuntu43: output: test packet::tests::check_packet_serialization ... ok
2024-05-27 14:19:33.533731 +0000 build-ubuntu43: output: 
2024-05-27 14:19:33.533769 +0000 build-ubuntu43: output: test result: ok. 13 passed; 0 failed; 0 ignored; 0 measured; 0 filtered out; finished in 10.47s
2024-05-27 14:19:33.533950 +0000 build-ubuntu43: output: 
2024-05-27 14:19:33.534493 +0000 build-ubuntu43: output:      Running unittests (target/release/deps/sigparse-974035a4fb12b755)
2024-05-27 14:19:33.537743 +0000 build-ubuntu43: output: 
2024-05-27 14:19:33.537779 +0000 build-ubuntu43: output: running 0 tests
2024-05-27 14:19:33.537802 +0000 build-ubuntu43: output: 
2024-05-27 14:19:33.537823 +0000 build-ubuntu43: output: test result: ok. 0 passed; 0 failed; 0 ignored; 0 measured; 0 filtered out; finished in 0.00s
2024-05-27 14:19:33.537838 +0000 build-ubuntu43: output: 
2024-05-27 14:19:33.537908 +0000 build-ubuntu43: output:      Running unittests (target/release/deps/rpm_crypto-55cd089038cfd8f4)
2024-05-27 14:19:33.541597 +0000 build-ubuntu43: output: 
2024-05-27 14:19:33.541659 +0000 build-ubuntu43: output: running 3 tests
2024-05-27 14:19:33.543673 +0000 build-ubuntu43: output: test digests::tests::check_rpm_supports_hashes ... ok
2024-05-27 14:19:33.543708 +0000 build-ubuntu43: output: test digests::tests::rpm_hash_len ... ignored
2024-05-27 14:19:33.543723 +0000 build-ubuntu43: output: test digests::tests::check_rpm_crypto ... ok
2024-05-27 14:19:33.543782 +0000 build-ubuntu43: output: 
2024-05-27 14:19:33.543982 +0000 build-ubuntu43: output: test result: ok. 2 passed; 0 failed; 1 ignored; 0 measured; 0 filtered out; finished in 0.00s
2024-05-27 14:19:33.544085 +0000 build-ubuntu43: output: 
2024-05-27 14:19:33.544298 +0000 build-ubuntu43: output:      Running unittests (target/release/deps/rpm_parser-d08ac2ceb178d182)
2024-05-27 14:19:33.546884 +0000 build-ubuntu43: output: 
2024-05-27 14:19:33.546920 +0000 build-ubuntu43: output: running 20 tests
2024-05-27 14:19:33.546989 +0000 build-ubuntu43: output: test header::common::tests::does_not_parse_unsorted_header ... ok
2024-05-27 14:19:33.547917 +0000 build-ubuntu43: output: test header::common::tests::parses_header_magic ... ok
2024-05-27 14:19:33.547944 +0000 build-ubuntu43: output: test ffi::tests::check_rpm_return ... ok
2024-05-27 14:19:33.548117 +0000 build-ubuntu43: output: test lead::tests::rejects_bad_magic - should panic ... ok
2024-05-27 14:19:33.548279 +0000 build-ubuntu43: output: test lead::tests::rejects_bad_padding - should panic ... ok
2024-05-27 14:19:33.548578 +0000 build-ubuntu43: output: test lead::tests::rejects_bad_version - should panic ... ok
2024-05-27 14:19:33.548600 +0000 build-ubuntu43: output: test lead::tests::rejects_invalid_char_name - should panic ... ok
2024-05-27 14:19:33.548781 +0000 build-ubuntu43: output: test lead::tests::rejects_non_utf8_name - should panic ... ok
2024-05-27 14:19:33.548919 +0000 build-ubuntu43: output: test lead::tests::rejects_non_zeroed_reserved - should panic ... ok
2024-05-27 14:19:33.549090 +0000 build-ubuntu43: output: test lead::tests::rejects_wrong_signature_version - should panic ... ok
2024-05-27 14:19:33.549558 +0000 build-ubuntu43: output: test header::tests::parses_lua_rpm ... ok
2024-05-27 14:19:33.549579 +0000 build-ubuntu43: output: test package::tests::parses_lua_rpm ... ok
2024-05-27 14:19:33.560505 +0000 build-ubuntu43: output: test verify::tests::bad_trusted_digest ... ok
2024-05-27 14:19:33.560600 +0000 build-ubuntu43: output: error: cannot open Packages database in
2024-05-27 14:19:33.563222 +0000 build-ubuntu43: output: error: test verify::tests::bad_untrusted_digest ... ok
2024-05-27 14:19:33.563264 +0000 build-ubuntu43: output: cannot open Packages database in
2024-05-27 14:19:33.566622 +0000 build-ubuntu43: output: error: cannot open Packages database in
2024-05-27 14:19:33.567222 +0000 build-ubuntu43: output: test verify::tests::empty_validator_bad ... ok
2024-05-27 14:19:33.570237 +0000 build-ubuntu43: output: error: cannot open Packages database in
2024-05-27 14:19:33.573788 +0000 build-ubuntu43: output: error: cannot open Packages database in
2024-05-27 14:19:33.573834 +0000 build-ubuntu43: output: test verify::tests::mixed_digests ... ok
2024-05-27 14:19:33.573860 +0000 build-ubuntu43: output: test verify::tests::mixed_digests_update ... ok
2024-05-27 14:19:33.576505 +0000 build-ubuntu43: output: error: cannot open Packages database in
2024-05-27 14:19:33.576578 +0000 build-ubuntu43: output: test verify::tests::short_writes ... ok
2024-05-27 14:19:33.579066 +0000 build-ubuntu43: output: error: cannot open Packages database in
2024-05-27 14:19:33.579106 +0000 build-ubuntu43: output: test verify::tests::trusted_digest_sufficient ... ok
2024-05-27 14:19:33.581835 +0000 build-ubuntu43: output: error: cannot open Packages database in
2024-05-27 14:19:33.581865 +0000 build-ubuntu43: output: test verify::tests::untrusted_digest_not_sufficient ... ok
2024-05-27 14:19:33.581883 +0000 build-ubuntu43: output: 
2024-05-27 14:19:33.581907 +0000 build-ubuntu43: output: test result: ok. 20 passed; 0 failed; 0 ignored; 0 measured; 0 filtered out; finished in 0.03s
2024-05-27 14:19:33.581925 +0000 build-ubuntu43: output: 
2024-05-27 14:19:33.582257 +0000 build-ubuntu43: output:      Running unittests (target/release/deps/rpmgetsigheadersize-4bcd1c66647181e2)
2024-05-27 14:19:33.584057 +0000 build-ubuntu43: output: 
2024-05-27 14:19:33.584080 +0000 build-ubuntu43: output: running 0 tests
2024-05-27 14:19:33.584095 +0000 build-ubuntu43: output: 
2024-05-27 14:19:33.584114 +0000 build-ubuntu43: output: test result: ok. 0 passed; 0 failed; 0 ignored; 0 measured; 0 filtered out; finished in 0.00s
2024-05-27 14:19:33.584182 +0000 build-ubuntu43: output: 
2024-05-27 14:19:33.584206 +0000 build-ubuntu43: output:      Running unittests (target/release/deps/rpm_writer-6afead3593661245)
2024-05-27 14:19:33.585717 +0000 build-ubuntu43: output: 
2024-05-27 14:19:33.585743 +0000 build-ubuntu43: output: running 1 test
2024-05-27 14:19:33.585760 +0000 build-ubuntu43: output: test tests::it_works ... ok
2024-05-27 14:19:33.585773 +0000 build-ubuntu43: output: 
2024-05-27 14:19:33.585790 +0000 build-ubuntu43: output: test result: ok. 1 passed; 0 failed; 0 ignored; 0 measured; 0 filtered out; finished in 0.00s
2024-05-27 14:19:33.585850 +0000 build-ubuntu43: output: 
2024-05-27 14:19:33.585871 +0000 build-ubuntu43: output:      Running unittests (target/release/deps/rpmcanon-5fe014782d9ba320)
2024-05-27 14:19:33.587297 +0000 build-ubuntu43: output: 
2024-05-27 14:19:33.587347 +0000 build-ubuntu43: output: running 0 tests
2024-05-27 14:19:33.587364 +0000 build-ubuntu43: output: 
2024-05-27 14:19:33.587382 +0000 build-ubuntu43: output: test result: ok. 0 passed; 0 failed; 0 ignored; 0 measured; 0 filtered out; finished in 0.00s
2024-05-27 14:19:33.587446 +0000 build-ubuntu43: output: 
2024-05-27 14:19:33.587469 +0000 build-ubuntu43: output:      Running tests/gen_bad_i18ntable.rs (target/release/deps/gen_bad_i18ntable-08a4d36a121bc35a)
2024-05-27 14:19:33.590073 +0000 build-ubuntu43: output: 
2024-05-27 14:19:33.590099 +0000 build-ubuntu43: output: running 2 tests
2024-05-27 14:19:33.591597 +0000 build-ubuntu43: output: test no_i18ntable_in_signature_header ... ok
2024-05-27 14:19:33.591663 +0000 build-ubuntu43: output: test bad_i18ntable_rejected ... ok
2024-05-27 14:19:33.591683 +0000 build-ubuntu43: output: 
2024-05-27 14:19:33.591703 +0000 build-ubuntu43: output: test result: ok. 2 passed; 0 failed; 0 ignored; 0 measured; 0 filtered out; finished in 0.00s
2024-05-27 14:19:33.591718 +0000 build-ubuntu43: output: 
2024-05-27 14:19:33.591948 +0000 build-ubuntu43: output:    Doc-tests openpgp-parser
2024-05-27 14:19:33.657224 +0000 build-ubuntu43: output: 
2024-05-27 14:19:33.657284 +0000 build-ubuntu43: output: running 20 tests
2024-05-27 14:19:33.988978 +0000 build-ubuntu43: output: test src/buffer.rs - buffer::Reader::be_u16 (line 213) ... ok
2024-05-27 14:19:34.146598 +0000 build-ubuntu43: output: test src/buffer.rs - buffer::Reader::as_untrusted_slice (line 166) ... ok
2024-05-27 14:19:34.423503 +0000 build-ubuntu43: output: test src/buffer.rs - buffer::Reader::be_u16_offset (line 283) ... ok
2024-05-27 14:19:34.658509 +0000 build-ubuntu43: output: test src/buffer.rs - buffer::Reader::be_u32 (line 213) ... ok
2024-05-27 14:19:34.765851 +0000 build-ubuntu43: output: test src/buffer.rs - buffer::Reader::be_u32_offset (line 283) ... ok
2024-05-27 14:19:35.166101 +0000 build-ubuntu43: output: test src/buffer.rs - buffer::Reader::be_u64_offset (line 283) ... ok
2024-05-27 14:19:35.351794 +0000 build-ubuntu43: output: test src/buffer.rs - buffer::Reader::be_u64 (line 213) ... ok
2024-05-27 14:19:35.580577 +0000 build-ubuntu43: output: test src/buffer.rs - buffer::Reader::empty (line 121) ... ok
2024-05-27 14:19:35.717678 +0000 build-ubuntu43: output: test src/buffer.rs - buffer::Reader::byte (line 153) ... ok
2024-05-27 14:19:35.975661 +0000 build-ubuntu43: output: test src/buffer.rs - buffer::Reader::get_read (line 386) ... ok
2024-05-27 14:19:36.089077 +0000 build-ubuntu43: output: test src/buffer.rs - buffer::Reader::get_bytes (line 319) ... ok
2024-05-27 14:19:36.427617 +0000 build-ubuntu43: output: test src/buffer.rs - buffer::Reader::is_empty (line 109) ... ok
2024-05-27 14:19:36.590521 +0000 build-ubuntu43: output: test src/buffer.rs - buffer::Reader::le_u16 (line 178) ... ok
2024-05-27 14:19:36.975714 +0000 build-ubuntu43: output: test src/buffer.rs - buffer::Reader::le_u32 (line 178) ... ok
2024-05-27 14:19:37.080624 +0000 build-ubuntu43: output: test src/buffer.rs - buffer::Reader::le_u16_offset (line 248) ... ok
2024-05-27 14:19:37.532782 +0000 build-ubuntu43: output: test src/buffer.rs - buffer::Reader::le_u32_offset (line 248) ... ok
2024-05-27 14:19:37.541576 +0000 build-ubuntu43: output: test src/buffer.rs - buffer::Reader::le_u64 (line 178) ... ok
2024-05-27 14:19:38.019889 +0000 build-ubuntu43: output: test src/buffer.rs - buffer::Reader::le_u64_offset (line 248) ... ok
2024-05-27 14:19:38.085194 +0000 build-ubuntu43: output: test src/buffer.rs - buffer::Reader::maybe_byte (line 135) ... ok
2024-05-27 14:19:38.464804 +0000 build-ubuntu43: output: test src/buffer.rs - buffer::Reader::read (line 361) ... ok
2024-05-27 14:19:38.464880 +0000 build-ubuntu43: output: 
2024-05-27 14:19:38.464906 +0000 build-ubuntu43: output: test result: ok. 20 passed; 0 failed; 0 ignored; 0 measured; 0 filtered out; finished in 4.81s
2024-05-27 14:19:38.464922 +0000 build-ubuntu43: output: 
2024-05-27 14:19:38.471304 +0000 build-ubuntu43: output:    Doc-tests rpm-crypto
2024-05-27 14:19:38.532697 +0000 build-ubuntu43: output: 
2024-05-27 14:19:38.532761 +0000 build-ubuntu43: output: running 0 tests
2024-05-27 14:19:38.532778 +0000 build-ubuntu43: output: 
2024-05-27 14:19:38.532798 +0000 build-ubuntu43: output: test result: ok. 0 passed; 0 failed; 0 ignored; 0 measured; 0 filtered out; finished in 0.00s
2024-05-27 14:19:38.532813 +0000 build-ubuntu43: output: 
2024-05-27 14:19:38.537532 +0000 build-ubuntu43: output:    Doc-tests rpm-parser
2024-05-27 14:19:38.645257 +0000 build-ubuntu43: output: 
2024-05-27 14:19:38.645324 +0000 build-ubuntu43: output: running 1 test
2024-05-27 14:19:38.682918 +0000 build-ubuntu43: output: test src/tagdata.rs - tagdata::TagData::as_bytes_mut (line 43) - compile fail ... ok
2024-05-27 14:19:38.682992 +0000 build-ubuntu43: output: 
2024-05-27 14:19:38.683014 +0000 build-ubuntu43: output: test result: ok. 1 passed; 0 failed; 0 ignored; 0 measured; 0 filtered out; finished in 0.04s
2024-05-27 14:19:38.683029 +0000 build-ubuntu43: output: 
2024-05-27 14:19:38.690864 +0000 build-ubuntu43: output:    Doc-tests rpm-writer
2024-05-27 14:19:38.732513 +0000 build-ubuntu43: output: 
2024-05-27 14:19:38.732652 +0000 build-ubuntu43: output: running 0 tests
2024-05-27 14:19:38.732673 +0000 build-ubuntu43: output: 
2024-05-27 14:19:38.732694 +0000 build-ubuntu43: output: test result: ok. 0 passed; 0 failed; 0 ignored; 0 measured; 0 filtered out; finished in 0.00s
2024-05-27 14:19:38.732711 +0000 build-ubuntu43: output: 
2024-05-27 14:19:38.736611 +0000 build-ubuntu43: output: make[1]: Leaving directory '/build/qubes-rpm-oxide-0.2.8'
2024-05-27 14:19:38.737015 +0000 build-ubuntu43: output:    create-stamp debian/debhelper-build-stamp
2024-05-27 14:19:38.740080 +0000 build-ubuntu43: output:  fakeroot debian/rules binary
2024-05-27 14:19:38.757006 +0000 build-ubuntu43: output: dh binary
2024-05-27 14:19:38.849216 +0000 build-ubuntu43: output:    dh_testroot
2024-05-27 14:19:38.881192 +0000 build-ubuntu43: output:    dh_prep
2024-05-27 14:19:38.902507 +0000 build-ubuntu43: output:    debian/rules override_dh_auto_install
2024-05-27 14:19:38.903448 +0000 build-ubuntu43: output: make[1]: Entering directory '/build/qubes-rpm-oxide-0.2.8'
2024-05-27 14:19:38.903478 +0000 build-ubuntu43: output: dh_auto_install
2024-05-27 14:19:38.958208 +0000 build-ubuntu43: output: install -D -m 0755 -- target/release/rpmcanon \
2024-05-27 14:19:38.958279 +0000 build-ubuntu43: output: .debian/qubes-rpm-oxide/usr/bin/rpmcanon
2024-05-27 14:19:38.971085 +0000 build-ubuntu43: output: install -D -m 0755 -- target/release/sigparse \
2024-05-27 14:19:38.971147 +0000 build-ubuntu43: output: .debian/qubes-rpm-oxide/usr/bin/sigparse
2024-05-27 14:19:38.980762 +0000 build-ubuntu43: output: make[1]: Leaving directory '/build/qubes-rpm-oxide-0.2.8'
2024-05-27 14:19:38.981598 +0000 build-ubuntu43: output:    dh_installdocs
2024-05-27 14:19:39.011686 +0000 build-ubuntu43: output:    dh_installchangelogs
2024-05-27 14:19:39.073078 +0000 build-ubuntu43: output:    dh_perl
2024-05-27 14:19:39.101291 +0000 build-ubuntu43: output:    dh_link
2024-05-27 14:19:39.129807 +0000 build-ubuntu43: output:    dh_strip_nondeterminism
2024-05-27 14:19:39.189118 +0000 build-ubuntu43: output:    dh_compress
2024-05-27 14:19:39.241708 +0000 build-ubuntu43: output:    dh_fixperms
2024-05-27 14:19:39.300605 +0000 build-ubuntu43: output:    dh_missing
2024-05-27 14:19:39.333648 +0000 build-ubuntu43: output:    dh_installdeb
2024-05-27 14:19:39.355847 +0000 build-ubuntu43: output:    dh_gencontrol
2024-05-27 14:19:39.422108 +0000 build-ubuntu43: output: dpkg-gencontrol: warning: Depends field of package qubes-rpm-oxide: substitution variable ${shlibs:Depends} used, but is not defined
2024-05-27 14:19:39.427479 +0000 build-ubuntu43: output:    dh_md5sums
2024-05-27 14:19:39.509007 +0000 build-ubuntu43: output:    dh_builddeb
2024-05-27 14:19:39.527004 +0000 build-ubuntu43: output: dpkg-deb: building package 'qubes-rpm-oxide' in '../qubes-rpm-oxide_0.2.8-1+jammy1_all.deb'.
2024-05-27 14:19:48.268677 +0000 build-ubuntu43: output:  dpkg-genbuildinfo -O../qubes-rpm-oxide_0.2.8-1+jammy1_amd64.buildinfo
2024-05-27 14:19:48.537030 +0000 build-ubuntu43: output:  dpkg-genchanges -sa -O../qubes-rpm-oxide_0.2.8-1+jammy1_amd64.changes
2024-05-27 14:19:48.697076 +0000 build-ubuntu43: output: dpkg-genchanges: info: including full source code in upload
2024-05-27 14:19:48.700288 +0000 build-ubuntu43: output:  dpkg-source --after-build .
2024-05-27 14:19:48.761353 +0000 build-ubuntu43: output: dpkg-source: info: using options from qubes-rpm-oxide-0.2.8/debian/source/options: --tar-ignore=.git
2024-05-27 14:19:48.764237 +0000 build-ubuntu43: output: dpkg-buildpackage: info: full upload (original source is included)
2024-05-27 14:19:48.769355 +0000 build-ubuntu43: output: I: copying local configuration
2024-05-27 14:19:48.797461 +0000 build-ubuntu43: output: I: Copying back the cached apt archive contents
2024-05-27 14:19:49.094394 +0000 build-ubuntu43: output: I: unmounting /tmp/qubes-deb filesystem
2024-05-27 14:19:49.099506 +0000 build-ubuntu43: output: I: unmounting /sys/fs/selinux filesystem
2024-05-27 14:19:49.109995 +0000 build-ubuntu43: output: I: unmounting dev/ptmx filesystem
2024-05-27 14:19:49.115682 +0000 build-ubuntu43: output: I: unmounting dev/pts filesystem
2024-05-27 14:19:49.121147 +0000 build-ubuntu43: output: I: unmounting dev/shm filesystem
2024-05-27 14:19:49.122783 +0000 build-ubuntu43: output: I: unmounting proc filesystem
2024-05-27 14:19:49.126741 +0000 build-ubuntu43: output: I: unmounting sys filesystem
2024-05-27 14:19:49.134210 +0000 build-ubuntu43: output: I: cleaning the build env
2024-05-27 14:19:49.134255 +0000 build-ubuntu43: output: I: removing directory /builder/pbuilder/build/12536 and its subdirectories
2024-05-27 14:19:49.787853 +0000 build-ubuntu43: output: I: Current time: Mon May 27 10:19:49 EDT 2024
2024-05-27 14:19:49.788748 +0000 build-ubuntu43: output: I: pbuilder-time-stamp: 1716819589
2024-05-27 14:19:50.075797 +0000 build-ubuntu43: copy-out (cmd): /usr/lib/qubes/qrexec-client-vm disp8874 qubesbuilder.FileCopyOut+-2Fbuilder-2Fpbuilder-2Fresults-2Fqubes--rpm--oxide--dbgsym_0.2.8--1-2Bjammy1_all.deb /usr/bin/qfile-unpacker 1000 /home/user/builder-r4.3/components/rpm-oxide/0.2.8-1/vm-jammy/build
2024-05-27 14:19:50.360615 +0000 build-ubuntu43: File not found inside container: /builder/pbuilder/results/qubes-rpm-oxide-dbgsym_0.2.8-1+jammy1_all.deb.
2024-05-27 14:19:50.360698 +0000 build-ubuntu43: copy-out (cmd): /usr/lib/qubes/qrexec-client-vm disp8874 qubesbuilder.FileCopyOut+-2Fbuilder-2Fpbuilder-2Fresults-2Fqubes--rpm--oxide_0.2.8--1-2Bjammy1_amd64.buildinfo /usr/bin/qfile-unpacker 1000 /home/user/builder-r4.3/components/rpm-oxide/0.2.8-1/vm-jammy/build
2024-05-27 14:19:50.505165 +0000 build-ubuntu43: copy-out (cmd): /usr/lib/qubes/qrexec-client-vm disp8874 qubesbuilder.FileCopyOut+-2Fbuilder-2Fpbuilder-2Fresults-2Fqubes--rpm--oxide_0.2.8--1-2Bjammy1_all.deb /usr/bin/qfile-unpacker 1000 /home/user/builder-r4.3/components/rpm-oxide/0.2.8-1/vm-jammy/build
2024-05-27 14:19:50.738465 +0000 build-ubuntu43: copy-out (cmd): /usr/lib/qubes/qrexec-client-vm disp8874 qubesbuilder.FileCopyOut+-2Fbuilder-2Fpbuilder-2Fresults-2Fqubes--rpm--oxide--dbgsym_0.2.8--1-2Bjammy1_all.ddeb /usr/bin/qfile-unpacker 1000 /home/user/builder-r4.3/components/rpm-oxide/0.2.8-1/vm-jammy/build
2024-05-27 14:19:50.887340 +0000 build-ubuntu43: File not found inside container: /builder/pbuilder/results/qubes-rpm-oxide-dbgsym_0.2.8-1+jammy1_all.ddeb.
2024-05-27 14:19:50.887755 +0000 build-ubuntu43: copy-out (cmd): /usr/lib/qubes/qrexec-client-vm disp8874 qubesbuilder.FileCopyOut+-2Fbuilder-2Fpbuilder-2Fresults-2Fqubes--rpm--oxide_0.2.8--1-2Bjammy1_amd64.changes /usr/bin/qfile-unpacker 1000 /home/user/builder-r4.3/components/rpm-oxide/0.2.8-1/vm-jammy/build
2024-05-27 14:20:13.705015 +0000 build-ubuntu43: rpm-oxide:vm-ubuntu-22.04.amd64:debian: Provisioning local repository '/home/user/builder-r4.3/repository/vm-jammy'.
2024-05-27 14:20:13.730114 +0000 build-ubuntu43: Executing 'bash -c qubes-gpg-client-wrapper --armor --export 759E8B71BF217943162470C9A2F3DC4336EC6C9E > /tmp/tmpbv5ltqm6/759E8B71BF217943162470C9A2F3DC4336EC6C9E.asc&&gpg2 --homedir /home/user/builder-r4.3/components/rpm-oxide/0.2.8-1/vm-jammy/sign/keyring --import /tmp/tmpbv5ltqm6/759E8B71BF217943162470C9A2F3DC4336EC6C9E.asc'.
2024-05-27 14:20:13.896736 +0000 build-ubuntu43: output: gpg: keybox '/home/user/builder-r4.3/components/rpm-oxide/0.2.8-1/vm-jammy/sign/keyring/pubring.kbx' created
2024-05-27 14:20:13.899129 +0000 build-ubuntu43: output: gpg: /home/user/builder-r4.3/components/rpm-oxide/0.2.8-1/vm-jammy/sign/keyring/trustdb.gpg: trustdb created
2024-05-27 14:20:13.899172 +0000 build-ubuntu43: output: gpg: key A2F3DC4336EC6C9E: public key "Qubes OS 4.3 Ubuntu Packages Signing Key" imported
2024-05-27 14:20:13.907444 +0000 build-ubuntu43: output: gpg: Total number processed: 1
2024-05-27 14:20:13.907504 +0000 build-ubuntu43: output: gpg:               imported: 1
2024-05-27 14:20:13.933113 +0000 build-ubuntu43: rpm-oxide:vm-ubuntu-22.04.amd64:debian: Signing from 'qubes-rpm-oxide_0.2.8-1+jammy1_amd64.changes' info.
2024-05-27 14:20:13.933186 +0000 build-ubuntu43: Executing 'bash -c debsign -k759E8B71BF217943162470C9A2F3DC4336EC6C9E -pqubes-gpg-client-wrapper --no-re-sign /home/user/builder-r4.3/components/rpm-oxide/0.2.8-1/vm-jammy/build/qubes-rpm-oxide_0.2.8-1+jammy1_amd64.changes'.
2024-05-27 14:20:13.965703 +0000 build-ubuntu43: output:  signfile dsc /home/user/builder-r4.3/components/rpm-oxide/0.2.8-1/vm-jammy/build/qubes-rpm-oxide_0.2.8-1+jammy1.dsc 759E8B71BF217943162470C9A2F3DC4336EC6C9E
2024-05-27 14:20:14.217411 +0000 build-ubuntu43: output: 
2024-05-27 14:20:14.238749 +0000 build-ubuntu43: output:  fixup_buildinfo /home/user/builder-r4.3/components/rpm-oxide/0.2.8-1/vm-jammy/build/qubes-rpm-oxide_0.2.8-1+jammy1.dsc /home/user/builder-r4.3/components/rpm-oxide/0.2.8-1/vm-jammy/build/qubes-rpm-oxide_0.2.8-1+jammy1_amd64.buildinfo
2024-05-27 14:20:14.241783 +0000 build-ubuntu43: output:  signfile buildinfo /home/user/builder-r4.3/components/rpm-oxide/0.2.8-1/vm-jammy/build/qubes-rpm-oxide_0.2.8-1+jammy1_amd64.buildinfo 759E8B71BF217943162470C9A2F3DC4336EC6C9E
2024-05-27 14:20:14.502966 +0000 build-ubuntu43: output: 
2024-05-27 14:20:14.523453 +0000 build-ubuntu43: output:  fixup_changes dsc /home/user/builder-r4.3/components/rpm-oxide/0.2.8-1/vm-jammy/build/qubes-rpm-oxide_0.2.8-1+jammy1.dsc /home/user/builder-r4.3/components/rpm-oxide/0.2.8-1/vm-jammy/build/qubes-rpm-oxide_0.2.8-1+jammy1_amd64.changes
2024-05-27 14:20:14.541456 +0000 build-ubuntu43: output:  fixup_changes buildinfo /home/user/builder-r4.3/components/rpm-oxide/0.2.8-1/vm-jammy/build/qubes-rpm-oxide_0.2.8-1+jammy1_amd64.buildinfo /home/user/builder-r4.3/components/rpm-oxide/0.2.8-1/vm-jammy/build/qubes-rpm-oxide_0.2.8-1+jammy1_amd64.changes
2024-05-27 14:20:14.544163 +0000 build-ubuntu43: output:  signfile changes /home/user/builder-r4.3/components/rpm-oxide/0.2.8-1/vm-jammy/build/qubes-rpm-oxide_0.2.8-1+jammy1_amd64.changes 759E8B71BF217943162470C9A2F3DC4336EC6C9E
2024-05-27 14:20:14.795506 +0000 build-ubuntu43: output: 
2024-05-27 14:20:14.799090 +0000 build-ubuntu43: output: Successfully signed dsc, buildinfo, changes files
2024-05-27 14:20:14.818990 +0000 build-ubuntu43: rpm-oxide:vm-ubuntu-22.04.amd64:debian: Provisioning local repository '/home/user/builder-r4.3/repository/vm-jammy'.
2024-05-27 14:20:14.831452 +0000 build-ubuntu43: Executing 'bash -c /home/user/qubes-builderv2/qubesbuilder/plugins/publish_deb/scripts/create-skeleton r4.3 ubuntu /home/user/builder-r4.3/repository-publish/deb'.
2024-05-27 14:20:14.889034 +0000 build-ubuntu43: rpm-oxide:vm-ubuntu-22.04.amd64:debian: Publishing packages.
2024-05-27 14:20:14.889102 +0000 build-ubuntu43: rpm-oxide:vm-ubuntu-22.04.amd64:debian: Verifying signatures.
2024-05-27 14:20:14.889225 +0000 build-ubuntu43: Executing 'bash -c gpg2 -q --homedir /home/user/builder-r4.3/components/rpm-oxide/0.2.8-1/vm-jammy/sign/keyring --verify /home/user/builder-r4.3/components/rpm-oxide/0.2.8-1/vm-jammy/build/qubes-rpm-oxide_0.2.8-1+jammy1.dsc&&gpg2 -q --homedir /home/user/builder-r4.3/components/rpm-oxide/0.2.8-1/vm-jammy/sign/keyring --verify /home/user/builder-r4.3/components/rpm-oxide/0.2.8-1/vm-jammy/build/qubes-rpm-oxide_0.2.8-1+jammy1_amd64.changes&&gpg2 -q --homedir /home/user/builder-r4.3/components/rpm-oxide/0.2.8-1/vm-jammy/sign/keyring --verify /home/user/builder-r4.3/components/rpm-oxide/0.2.8-1/vm-jammy/build/qubes-rpm-oxide_0.2.8-1+jammy1_amd64.buildinfo'.
2024-05-27 14:20:14.894952 +0000 build-ubuntu43: output: gpg: Signature made Mon May 27 10:20:14 2024 EDT
2024-05-27 14:20:14.894993 +0000 build-ubuntu43: output: gpg:                using EDDSA key 759E8B71BF217943162470C9A2F3DC4336EC6C9E
2024-05-27 14:20:14.895161 +0000 build-ubuntu43: output: gpg: Good signature from "Qubes OS 4.3 Ubuntu Packages Signing Key" [unknown]
2024-05-27 14:20:14.895318 +0000 build-ubuntu43: output: gpg: WARNING: This key is not certified with a trusted signature!
2024-05-27 14:20:14.895484 +0000 build-ubuntu43: output: gpg:          There is no indication that the signature belongs to the owner.
2024-05-27 14:20:14.895928 +0000 build-ubuntu43: output: Primary key fingerprint: 759E 8B71 BF21 7943 1624  70C9 A2F3 DC43 36EC 6C9E
2024-05-27 14:20:14.899517 +0000 build-ubuntu43: output: gpg: Signature made Mon May 27 10:20:15 2024 EDT
2024-05-27 14:20:14.899936 +0000 build-ubuntu43: output: gpg:                using EDDSA key 759E8B71BF217943162470C9A2F3DC4336EC6C9E
2024-05-27 14:20:14.901572 +0000 build-ubuntu43: output: gpg: Good signature from "Qubes OS 4.3 Ubuntu Packages Signing Key" [unknown]
2024-05-27 14:20:14.901689 +0000 build-ubuntu43: output: gpg: WARNING: This key is not certified with a trusted signature!
2024-05-27 14:20:14.901872 +0000 build-ubuntu43: output: gpg:          There is no indication that the signature belongs to the owner.
2024-05-27 14:20:14.902001 +0000 build-ubuntu43: output: Primary key fingerprint: 759E 8B71 BF21 7943 1624  70C9 A2F3 DC43 36EC 6C9E
2024-05-27 14:20:14.904410 +0000 build-ubuntu43: output: gpg: Signature made Mon May 27 10:20:15 2024 EDT
2024-05-27 14:20:14.904437 +0000 build-ubuntu43: output: gpg:                using EDDSA key 759E8B71BF217943162470C9A2F3DC4336EC6C9E
2024-05-27 14:20:14.905588 +0000 build-ubuntu43: output: gpg: Good signature from "Qubes OS 4.3 Ubuntu Packages Signing Key" [unknown]
2024-05-27 14:20:14.905614 +0000 build-ubuntu43: output: gpg: WARNING: This key is not certified with a trusted signature!
2024-05-27 14:20:14.905659 +0000 build-ubuntu43: output: gpg:          There is no indication that the signature belongs to the owner.
2024-05-27 14:20:14.905677 +0000 build-ubuntu43: output: Primary key fingerprint: 759E 8B71 BF21 7943 1624  70C9 A2F3 DC43 36EC 6C9E
2024-05-27 14:20:14.924185 +0000 build-ubuntu43: Executing 'bash -c reprepro --ignore=surprisingbinary --ignore=surprisingarch --keepunreferencedfiles -b /home/user/builder-r4.3/repository-publish/deb/r4.3/vm include jammy-testing /home/user/builder-r4.3/components/rpm-oxide/0.2.8-1/vm-jammy/build/qubes-rpm-oxide_0.2.8-1+jammy1_amd64.changes'.
2024-05-27 14:20:14.944982 +0000 build-ubuntu43: output: 'qubes-rpm-oxide_0.2.8-1+jammy1_amd64.buildinfo' looks like architecture 'amd64', but this is not listed in the Architecture-Header!
2024-05-27 14:20:14.945094 +0000 build-ubuntu43: output: Ignoring as --ignore=surprisingarch given.
2024-05-27 14:20:15.043264 +0000 build-ubuntu43: output: Exporting indices...
2024-05-27 14:20:15.064626 +0000 build-ubuntu43: rpm-oxide:vm-ubuntu-22.04.amd64: Signing metadata (Release.gpg).
2024-05-27 14:20:15.064897 +0000 build-ubuntu43: Executing 'bash -c qubes-gpg-client-wrapper --detach-sign --armor --local-user 759E8B71BF217943162470C9A2F3DC4336EC6C9E --batch --no-tty --output /home/user/builder-r4.3/repository-publish/deb/r4.3/vm/dists/jammy-testing/Release.gpg /home/user/builder-r4.3/repository-publish/deb/r4.3/vm/dists/jammy-testing/Release'.
2024-05-27 14:20:15.194843 +0000 build-ubuntu43: rpm-oxide:vm-ubuntu-22.04.amd64: Signing metadata (InRelease).
2024-05-27 14:20:15.195286 +0000 build-ubuntu43: Executing 'bash -c qubes-gpg-client-wrapper --clearsign --armor --local-user 759E8B71BF217943162470C9A2F3DC4336EC6C9E --batch --no-tty --output /home/user/builder-r4.3/repository-publish/deb/r4.3/vm/dists/jammy-testing/InRelease /home/user/builder-r4.3/repository-publish/deb/r4.3/vm/dists/jammy-testing/Release'.
2024-05-27 14:20:15.347973 +0000 build-ubuntu43: > done
2024-05-27 14:20:15.348060 +0000 > closing log
