2024-05-11 00:35:54.185839 +0000 > starting log
2024-05-11 00:35:54.187127 +0000 build-ubuntu43: > starting build with log
2024-05-11 00:35:54.187315 +0000 build-ubuntu43: >> args:
2024-05-11 00:35:54.187360 +0000 build-ubuntu43: >>   ()
2024-05-11 00:35:54.187389 +0000 build-ubuntu43: >> component:
2024-05-11 00:35:54.187416 +0000 build-ubuntu43: >>   rpm-oxide
2024-05-11 00:35:54.187445 +0000 build-ubuntu43: >>     commit-hash: 14424c843fb434856d8739e9c5def74174204115
2024-05-11 00:35:54.187478 +0000 build-ubuntu43: >>     source-hash: 1b0da0b28cf88870237514afb475fbcf6df864241af6f096795c30616dbf3a71c2853f4cb5d755c01f7693bc64dc2736119e63737847d3ffc9e5eb8eb14a64f8
2024-05-11 00:35:54.187503 +0000 build-ubuntu43: >> distributions:
2024-05-11 00:35:54.187528 +0000 build-ubuntu43: >>   [<QubesDistribution vm-ubuntu-22.04.amd64>]
2024-05-11 00:35:54.187557 +0000 build-ubuntu43: rpm-oxide:vm-ubuntu-22.04.amd64: Source hash is the same than already prepared source. Skipping.
2024-05-11 00:36:09.051859 +0000 build-ubuntu43: copy-in (cmd): /usr/lib/qubes/qrexec-client-vm -- disp7944 qubesbuilder.FileCopyIn+-2Fbuilder-2Fpbuilder /usr/lib/qubes/qfile-agent /home/user/qubes-builderv2/qubesbuilder/plugins/chroot_deb/pbuilder
2024-05-11 00:36:09.434776 +0000 build-ubuntu43: copy-in (cmd): /usr/lib/qubes/qrexec-client-vm -- disp7944 qubesbuilder.FileCopyIn+-2Fbuilder-2Fbuild-2Fqubes--rpm--oxide_0.2.7.orig.tar.gz /usr/lib/qubes/qfile-agent /home/user/builder-r4.3/components/rpm-oxide/0.2.7-1/vm-jammy/prep/qubes-rpm-oxide_0.2.7.orig.tar.gz
2024-05-11 00:36:09.690439 +0000 build-ubuntu43: copy-in (cmd): /usr/lib/qubes/qrexec-client-vm -- disp7944 qubesbuilder.FileCopyIn+-2Fbuilder-2Fbuild-2Fqubes--rpm--oxide_0.2.7--1-2Bjammy1.debian.tar.xz /usr/lib/qubes/qfile-agent /home/user/builder-r4.3/components/rpm-oxide/0.2.7-1/vm-jammy/prep/qubes-rpm-oxide_0.2.7-1+jammy1.debian.tar.xz
2024-05-11 00:36:09.969265 +0000 build-ubuntu43: copy-in (cmd): /usr/lib/qubes/qrexec-client-vm -- disp7944 qubesbuilder.FileCopyIn+-2Fbuilder-2Fbuild-2Fqubes--rpm--oxide_0.2.7--1-2Bjammy1.dsc /usr/lib/qubes/qfile-agent /home/user/builder-r4.3/components/rpm-oxide/0.2.7-1/vm-jammy/prep/qubes-rpm-oxide_0.2.7-1+jammy1.dsc
2024-05-11 00:36:10.220163 +0000 build-ubuntu43: copy-in (cmd): /usr/lib/qubes/qrexec-client-vm -- disp7944 qubesbuilder.FileCopyIn+-2Fbuilder-2Fplugins-2Fbuild /usr/lib/qubes/qfile-agent /home/user/qubes-builderv2/qubesbuilder/plugins/build
2024-05-11 00:36:10.426247 +0000 build-ubuntu43: copy-in (cmd): /usr/lib/qubes/qrexec-client-vm -- disp7944 qubesbuilder.FileCopyIn+-2Fbuilder-2Fplugins-2Fbuild_deb /usr/lib/qubes/qfile-agent /home/user/qubes-builderv2/qubesbuilder/plugins/build_deb
2024-05-11 00:36:10.801489 +0000 build-ubuntu43: copy-in (cmd): /usr/lib/qubes/qrexec-client-vm -- disp7944 qubesbuilder.FileCopyIn+-2Fbuilder-2Fplugins-2Fchroot_deb /usr/lib/qubes/qfile-agent /home/user/qubes-builderv2/qubesbuilder/plugins/chroot_deb
2024-05-11 00:36:10.979252 +0000 build-ubuntu43: copy-in (cmd): /usr/lib/qubes/qrexec-client-vm -- disp7944 qubesbuilder.FileCopyIn+-2Fbuilder-2Frepository-2Fvm--jammy /usr/lib/qubes/qfile-agent /home/user/builder-r4.3/repository/vm-jammy
2024-05-11 00:36:11.609276 +0000 build-ubuntu43: Executing '/usr/bin/qvm-run-vm -- disp7944 env -- VERBOSE=1 DEBUG=1 BACKEND_VMM=xen bash -c 'mkdir -p /builder/cache/aptcache && /builder/plugins/build_deb/scripts/create-local-repo /builder/repository ubuntu jammy && sudo -E pbuilder create --distribution jammy --configfile /builder/pbuilder/pbuilderrc --othermirror "deb [trusted=yes] file:///tmp/qubes-deb jammy main" && sudo -E pbuilder build --override-config --distribution jammy --configfile /builder/pbuilder/pbuilderrc --othermirror "deb [trusted=yes] file:///tmp/qubes-deb jammy main" /builder/build/qubes-rpm-oxide_0.2.7-1+jammy1.dsc && /builder/plugins/build_deb/scripts/patch-changes /builder/build/qubes-rpm-oxide_0.2.7-1+jammy1.dsc /builder/pbuilder/results/qubes-rpm-oxide_0.2.7-1+jammy1_amd64.buildinfo /builder/pbuilder/results/qubes-rpm-oxide_0.2.7-1+jammy1_amd64.changes''.
2024-05-11 00:36:11.730292 +0000 build-ubuntu43: output: + '[' 3 -lt 2 ']'
2024-05-11 00:36:11.730381 +0000 build-ubuntu43: output: + REPO_DIR=/builder/repository
2024-05-11 00:36:11.730403 +0000 build-ubuntu43: output: + DISTRIBUTION=ubuntu
2024-05-11 00:36:11.730418 +0000 build-ubuntu43: output: + SUITE=jammy
2024-05-11 00:36:11.730433 +0000 build-ubuntu43: output: + mkdir -p /builder/repository/conf
2024-05-11 00:36:11.731421 +0000 build-ubuntu43: output: + mkdir -p /builder/repository/conf
2024-05-11 00:36:11.732467 +0000 build-ubuntu43: output: + cd /builder/repository
2024-05-11 00:36:11.733310 +0000 build-ubuntu43: output: ++ LC_ALL=C
2024-05-11 00:36:11.733337 +0000 build-ubuntu43: output: ++ reprepro --version
2024-05-11 00:36:11.746930 +0000 build-ubuntu43: output: + reprepro_version='reprepro: This is reprepro version 5.4.2'
2024-05-11 00:36:11.747064 +0000 build-ubuntu43: output: + reprepro_version=5.4.2
2024-05-11 00:36:11.747087 +0000 build-ubuntu43: output: + append_components=
2024-05-11 00:36:11.748683 +0000 build-ubuntu43: output: ++ printf '%s\n' 5.4.2 5.4.0
2024-05-11 00:36:11.748715 +0000 build-ubuntu43: output: ++ sort -V
2024-05-11 00:36:11.749456 +0000 build-ubuntu43: output: ++ head -n1
2024-05-11 00:36:11.753528 +0000 build-ubuntu43: output: + '[' 5.4.0 = 5.4.0 ']'
2024-05-11 00:36:11.753577 +0000 build-ubuntu43: output: + append_components='
2024-05-11 00:36:11.753593 +0000 build-ubuntu43: output: DDebComponents: main'
2024-05-11 00:36:11.753607 +0000 build-ubuntu43: output: + cat
2024-05-11 00:36:11.754143 +0000 build-ubuntu43: output: + mkdir -p dists/jammy/main/binary-amd64
2024-05-11 00:36:11.755423 +0000 build-ubuntu43: output: + dpkg-scanpackages --multiversion .
2024-05-11 00:36:12.390352 +0000 build-ubuntu43: output: dpkg-scanpackages: info: Wrote 59 entries to output Packages file.
2024-05-11 00:36:12.393507 +0000 build-ubuntu43: output: + gzip -9c dists/jammy/main/binary-amd64/Packages
2024-05-11 00:36:12.397121 +0000 build-ubuntu43: output: ++ LC_ALL=C
2024-05-11 00:36:12.397163 +0000 build-ubuntu43: output: ++ date -u '+%a, %d %b %Y %H:%M:%S %Z'
2024-05-11 00:36:12.397881 +0000 build-ubuntu43: output: + DATE='Sat, 11 May 2024 00:36:12 UTC'
2024-05-11 00:36:12.397913 +0000 build-ubuntu43: output: + cat
2024-05-11 00:36:12.399586 +0000 build-ubuntu43: output: + calc_sha1 main/binary-amd64/Packages
2024-05-11 00:36:12.399621 +0000 build-ubuntu43: output: + f=dists/jammy/main/binary-amd64/Packages
2024-05-11 00:36:12.399638 +0000 build-ubuntu43: output: + echo -n ' '
2024-05-11 00:36:12.400380 +0000 build-ubuntu43: output: ++ sha256sum dists/jammy/main/binary-amd64/Packages
2024-05-11 00:36:12.400538 +0000 build-ubuntu43: output: ++ cut '-d ' -f 1
2024-05-11 00:36:12.404508 +0000 build-ubuntu43: output: + echo -n d914fc6df6ddc9f0ea4dd8d0a0126a73f4883d898b36fd7a9c62f88b54aa19ff ''
2024-05-11 00:36:12.404993 +0000 build-ubuntu43: output: ++ stat -c %s dists/jammy/main/binary-amd64/Packages
2024-05-11 00:36:12.406701 +0000 build-ubuntu43: output: + echo -n 45337 ''
2024-05-11 00:36:12.406723 +0000 build-ubuntu43: output: + echo main/binary-amd64/Packages
2024-05-11 00:36:12.406739 +0000 build-ubuntu43: output: + calc_sha1 main/binary-amd64/Packages.gz
2024-05-11 00:36:12.406753 +0000 build-ubuntu43: output: + f=dists/jammy/main/binary-amd64/Packages.gz
2024-05-11 00:36:12.406768 +0000 build-ubuntu43: output: + echo -n ' '
2024-05-11 00:36:12.408363 +0000 build-ubuntu43: output: ++ sha256sum dists/jammy/main/binary-amd64/Packages.gz
2024-05-11 00:36:12.408394 +0000 build-ubuntu43: output: ++ cut '-d ' -f 1
2024-05-11 00:36:12.409142 +0000 build-ubuntu43: output: + echo -n 778cb44f66291b67d5b7068d12fb151f2c6f68adfd5647305af4ade6e7e78174 ''
2024-05-11 00:36:12.409171 +0000 build-ubuntu43: output: ++ stat -c %s dists/jammy/main/binary-amd64/Packages.gz
2024-05-11 00:36:12.409983 +0000 build-ubuntu43: output: + echo -n 12834 ''
2024-05-11 00:36:12.410126 +0000 build-ubuntu43: output: + echo main/binary-amd64/Packages.gz
2024-05-11 00:36:12.410144 +0000 build-ubuntu43: output: + mapfile -d '' changes_files
2024-05-11 00:36:12.410272 +0000 build-ubuntu43: output: ++ find /builder/repository -name '*.changes' -not -path /builder/repository/dists -not -path /builder/repository/pool -print0
2024-05-11 00:36:12.414340 +0000 build-ubuntu43: output: + for changes in "${changes_files[@]}"
2024-05-11 00:36:12.414371 +0000 build-ubuntu43: output: + reprepro -b /builder/repository --ignore=surprisingbinary --ignore=surprisingarch include jammy /builder/repository/vm-jammy/fwupd_1.8.17/fwupd-qubes_1.8.17-2+jammy1_amd64.changes
2024-05-11 00:36:13.055266 +0000 build-ubuntu43: output: Exporting indices...
2024-05-11 00:36:13.056142 +0000 build-ubuntu43: output: + for changes in "${changes_files[@]}"
2024-05-11 00:36:13.056243 +0000 build-ubuntu43: output: + reprepro -b /builder/repository --ignore=surprisingbinary --ignore=surprisingarch include jammy /builder/repository/vm-jammy/app-linux-input-proxy_1.0.36/qubes-input-proxy_1.0.36-1+jammy1_amd64.changes
2024-05-11 00:36:13.138315 +0000 build-ubuntu43: output: Exporting indices...
2024-05-11 00:36:13.139690 +0000 build-ubuntu43: output: + for changes in "${changes_files[@]}"
2024-05-11 00:36:13.140013 +0000 build-ubuntu43: output: + reprepro -b /builder/repository --ignore=surprisingbinary --ignore=surprisingarch include jammy /builder/repository/vm-jammy/desktop-linux-menu_1.2.0/qubes-desktop-linux-menu_1.2.0-1+jammy1_amd64.changes
2024-05-11 00:36:13.239268 +0000 build-ubuntu43: output: Exporting indices...
2024-05-11 00:36:13.239943 +0000 build-ubuntu43: output: + for changes in "${changes_files[@]}"
2024-05-11 00:36:13.240042 +0000 build-ubuntu43: output: + reprepro -b /builder/repository --ignore=surprisingbinary --ignore=surprisingarch include jammy /builder/repository/vm-jammy/core-qrexec_4.2.19/qubes-core-qrexec_4.2.19-1+jammy1_amd64.changes
2024-05-11 00:36:13.373676 +0000 build-ubuntu43: output: Exporting indices...
2024-05-11 00:36:13.375132 +0000 build-ubuntu43: output: + for changes in "${changes_files[@]}"
2024-05-11 00:36:13.375270 +0000 build-ubuntu43: output: + reprepro -b /builder/repository --ignore=surprisingbinary --ignore=surprisingarch include jammy /builder/repository/vm-jammy/core-agent-linux_4.2.33/qubes-core-agent_4.2.33-1+jammy1_amd64.changes
2024-05-11 00:36:13.532384 +0000 build-ubuntu43: output: Exporting indices...
2024-05-11 00:36:13.532702 +0000 build-ubuntu43: output: + for changes in "${changes_files[@]}"
2024-05-11 00:36:13.532776 +0000 build-ubuntu43: output: + reprepro -b /builder/repository --ignore=surprisingbinary --ignore=surprisingarch include jammy /builder/repository/vm-jammy/gui-agent-linux_4.2.14/qubes-gui-agent_4.2.14-1+jammy1_amd64.changes
2024-05-11 00:36:13.752516 +0000 build-ubuntu43: output: Exporting indices...
2024-05-11 00:36:13.752821 +0000 build-ubuntu43: output: + for changes in "${changes_files[@]}"
2024-05-11 00:36:13.753200 +0000 build-ubuntu43: output: + reprepro -b /builder/repository --ignore=surprisingbinary --ignore=surprisingarch include jammy /builder/repository/vm-jammy/desktop-linux-manager_4.2.21/qubes-desktop-linux-manager_4.2.21-1+jammy1_amd64.changes
2024-05-11 00:36:13.884867 +0000 build-ubuntu43: output: Exporting indices...
2024-05-11 00:36:13.885408 +0000 build-ubuntu43: output: + for changes in "${changes_files[@]}"
2024-05-11 00:36:13.885706 +0000 build-ubuntu43: output: + reprepro -b /builder/repository --ignore=surprisingbinary --ignore=surprisingarch include jammy /builder/repository/vm-jammy/gui-daemon_4.2.7/qubes-gui-daemon_4.2.7-1+jammy1_amd64.changes
2024-05-11 00:36:14.021218 +0000 build-ubuntu43: output: + for changes in "${changes_files[@]}"
2024-05-11 00:36:14.021320 +0000 build-ubuntu43: output: + reprepro -b /builder/repository --ignore=surprisingbinary --ignore=surprisingarch include jammy /builder/repository/vm-jammy/core-admin-client_4.2.12/qubes-core-admin-client_4.2.12-1+jammy1_amd64.changes
2024-05-11 00:36:14.021416 +0000 build-ubuntu43: output: Exporting indices...
2024-05-11 00:36:14.117358 +0000 build-ubuntu43: output: Exporting indices...
2024-05-11 00:36:14.119984 +0000 build-ubuntu43: output: + for changes in "${changes_files[@]}"
2024-05-11 00:36:14.120110 +0000 build-ubuntu43: output: + reprepro -b /builder/repository --ignore=surprisingbinary --ignore=surprisingarch include jammy /builder/repository/vm-jammy/gui-common_4.2.4/qubes-gui-common_4.2.4+jammy1_amd64.changes
2024-05-11 00:36:14.195390 +0000 build-ubuntu43: output: Exporting indices...
2024-05-11 00:36:14.196173 +0000 build-ubuntu43: output: + for changes in "${changes_files[@]}"
2024-05-11 00:36:14.196224 +0000 build-ubuntu43: output: + reprepro -b /builder/repository --ignore=surprisingbinary --ignore=surprisingarch include jammy /builder/repository/vm-jammy/app-linux-split-gpg2_1.0.0/split-gpg2_1.0.0+jammy1_amd64.changes
2024-05-11 00:36:14.293881 +0000 build-ubuntu43: output: Exporting indices...
2024-05-11 00:36:14.294723 +0000 build-ubuntu43: output: + for changes in "${changes_files[@]}"
2024-05-11 00:36:14.294774 +0000 build-ubuntu43: output: + reprepro -b /builder/repository --ignore=surprisingbinary --ignore=surprisingarch include jammy /builder/repository/vm-jammy/linux-utils_4.2.16/qubes-utils_4.2.16+jammy1_amd64.changes
2024-05-11 00:36:14.462496 +0000 build-ubuntu43: output: + for changes in "${changes_files[@]}"
2024-05-11 00:36:14.462585 +0000 build-ubuntu43: output: Exporting indices...
2024-05-11 00:36:14.462619 +0000 build-ubuntu43: output: + reprepro -b /builder/repository --ignore=surprisingbinary --ignore=surprisingarch include jammy /builder/repository/vm-jammy/app-linux-split-gpg_2.0.71/qubes-gpg-split_2.0.71-1+jammy1_amd64.changes
2024-05-11 00:36:14.567714 +0000 build-ubuntu43: output: Exporting indices...
2024-05-11 00:36:14.568736 +0000 build-ubuntu43: output: + for changes in "${changes_files[@]}"
2024-05-11 00:36:14.568836 +0000 build-ubuntu43: output: + reprepro -b /builder/repository --ignore=surprisingbinary --ignore=surprisingarch include jammy /builder/repository/vm-jammy/core-vchan-xen_4.2.3/libvchan-xen_4.2.3-1+jammy1_amd64.changes
2024-05-11 00:36:14.662693 +0000 build-ubuntu43: output: Exporting indices...
2024-05-11 00:36:14.663418 +0000 build-ubuntu43: output: + for changes in "${changes_files[@]}"
2024-05-11 00:36:14.663638 +0000 build-ubuntu43: output: + reprepro -b /builder/repository --ignore=surprisingbinary --ignore=surprisingarch include jammy /builder/repository/vm-jammy/core-qubesdb_4.2.5/qubesdb_4.2.5-1+jammy1_amd64.changes
2024-05-11 00:36:14.812587 +0000 build-ubuntu43: output: Exporting indices...
2024-05-11 00:36:14.813849 +0000 build-ubuntu43: output: + for changes in "${changes_files[@]}"
2024-05-11 00:36:14.814000 +0000 build-ubuntu43: output: + reprepro -b /builder/repository --ignore=surprisingbinary --ignore=surprisingarch include jammy /builder/repository/vm-jammy/video-companion_1.0.7/qubes-video-companion_1.0.7-1+jammy1_amd64.changes
2024-05-11 00:36:14.844299 +0000 build-ubuntu43: output: 'qubes-video-companion_1.0.7-1+jammy1_amd64.buildinfo' looks like architecture 'amd64', but this is not listed in the Architecture-Header!
2024-05-11 00:36:14.844353 +0000 build-ubuntu43: output: Ignoring as --ignore=surprisingarch given.
2024-05-11 00:36:14.907661 +0000 build-ubuntu43: output: Exporting indices...
2024-05-11 00:36:14.908479 +0000 build-ubuntu43: output: + for changes in "${changes_files[@]}"
2024-05-11 00:36:14.908642 +0000 build-ubuntu43: output: + reprepro -b /builder/repository --ignore=surprisingbinary --ignore=surprisingarch include jammy /builder/repository/vm-jammy/app-linux-img-converter_1.2.16/qubes-img-converter_1.2.16-1+jammy1_amd64.changes
2024-05-11 00:36:14.996187 +0000 build-ubuntu43: output: Exporting indices...
2024-05-11 00:36:14.996387 +0000 build-ubuntu43: output: + for changes in "${changes_files[@]}"
2024-05-11 00:36:14.996499 +0000 build-ubuntu43: output: + reprepro -b /builder/repository --ignore=surprisingbinary --ignore=surprisingarch include jammy /builder/repository/vm-jammy/disk-password-gui_1.0.0/disk-password-gui_1.0.0-1+jammy1_amd64.changes
2024-05-11 00:36:15.098820 +0000 build-ubuntu43: output: Exporting indices...
2024-05-11 00:36:15.099741 +0000 build-ubuntu43: output: + for changes in "${changes_files[@]}"
2024-05-11 00:36:15.099825 +0000 build-ubuntu43: output: + reprepro -b /builder/repository --ignore=surprisingbinary --ignore=surprisingarch include jammy /builder/repository/vm-jammy/meta-packages_4.2.11/qubes-meta-packages_4.2.11-1+jammy1_amd64.changes
2024-05-11 00:36:15.230695 +0000 build-ubuntu43: output: Exporting indices...
2024-05-11 00:36:15.276430 +0000 build-ubuntu43: output: W: /root/.pbuilderrc does not exist
2024-05-11 00:36:15.339834 +0000 build-ubuntu43: output: W: libeatmydata is not installed on the host, not using it.
2024-05-11 00:36:15.346983 +0000 build-ubuntu43: output: W: cgroups are not available on the host, not using them.
2024-05-11 00:36:15.349639 +0000 build-ubuntu43: output: I: Distribution is jammy.
2024-05-11 00:36:15.351142 +0000 build-ubuntu43: output: I: Current time: Fri May 10 20:36:15 EDT 2024
2024-05-11 00:36:15.352594 +0000 build-ubuntu43: output: I: pbuilder-time-stamp: 1715387775
2024-05-11 00:36:15.353789 +0000 build-ubuntu43: output: I: Building the build environment
2024-05-11 00:36:15.354738 +0000 build-ubuntu43: output: I: running debootstrap
2024-05-11 00:36:15.356382 +0000 build-ubuntu43: output: /usr/sbin/debootstrap
2024-05-11 00:36:15.427227 +0000 build-ubuntu43: output: I: Retrieving InRelease
2024-05-11 00:36:35.082268 +0000 build-ubuntu43: output: I: Checking Release signature
2024-05-11 00:36:35.085678 +0000 build-ubuntu43: output: I: Valid Release signature (key id F6ECB3762474EDA9D21B7022871920D1991BC93C)
2024-05-11 00:36:35.357924 +0000 build-ubuntu43: output: I: Retrieving Packages
2024-05-11 00:36:48.454662 +0000 build-ubuntu43: output: I: Validating Packages
2024-05-11 00:36:48.639668 +0000 build-ubuntu43: output: I: Resolving dependencies of required packages...
2024-05-11 00:36:48.716414 +0000 build-ubuntu43: output: I: Resolving dependencies of base packages...
2024-05-11 00:36:49.445370 +0000 build-ubuntu43: output: I: Checking component main on https://fr.archive.ubuntu.com/ubuntu...
2024-05-11 00:36:49.559197 +0000 build-ubuntu43: output: I: Retrieving adduser 3.118ubuntu5
2024-05-11 00:36:52.706828 +0000 build-ubuntu43: output: I: Validating adduser 3.118ubuntu5
2024-05-11 00:36:52.737902 +0000 build-ubuntu43: output: I: Retrieving apt 2.4.5
2024-05-11 00:37:03.911730 +0000 build-ubuntu43: output: I: Validating apt 2.4.5
2024-05-11 00:37:03.942969 +0000 build-ubuntu43: output: I: Retrieving base-files 12ubuntu4
2024-05-11 00:37:06.213709 +0000 build-ubuntu43: output: I: Validating base-files 12ubuntu4
2024-05-11 00:37:06.238075 +0000 build-ubuntu43: output: I: Retrieving base-passwd 3.5.52build1
2024-05-11 00:37:08.380041 +0000 build-ubuntu43: output: I: Validating base-passwd 3.5.52build1
2024-05-11 00:37:08.408127 +0000 build-ubuntu43: output: I: Retrieving bash 5.1-6ubuntu1
2024-05-11 00:37:16.684832 +0000 build-ubuntu43: output: I: Validating bash 5.1-6ubuntu1
2024-05-11 00:37:16.712721 +0000 build-ubuntu43: output: I: Retrieving binutils 2.38-3ubuntu1
2024-05-11 00:37:18.420399 +0000 build-ubuntu43: output: I: Validating binutils 2.38-3ubuntu1
2024-05-11 00:37:18.448433 +0000 build-ubuntu43: output: I: Retrieving binutils-common 2.38-3ubuntu1
2024-05-11 00:37:22.346189 +0000 build-ubuntu43: output: I: Validating binutils-common 2.38-3ubuntu1
2024-05-11 00:37:22.370756 +0000 build-ubuntu43: output: I: Retrieving binutils-x86-64-linux-gnu 2.38-3ubuntu1
2024-05-11 00:37:43.072030 +0000 build-ubuntu43: output: I: Validating binutils-x86-64-linux-gnu 2.38-3ubuntu1
2024-05-11 00:37:43.101759 +0000 build-ubuntu43: output: I: Retrieving bsdutils 1:2.37.2-4ubuntu3
2024-05-11 00:37:45.452342 +0000 build-ubuntu43: output: I: Validating bsdutils 1:2.37.2-4ubuntu3
2024-05-11 00:37:45.476256 +0000 build-ubuntu43: output: I: Retrieving build-essential 12.9ubuntu3
2024-05-11 00:39:51.178683 +0000 build-ubuntu43: output: I: Validating build-essential 12.9ubuntu3
2024-05-11 00:39:51.208201 +0000 build-ubuntu43: output: I: Retrieving bzip2 1.0.8-5build1
2024-05-11 00:40:00.697037 +0000 build-ubuntu43: output: I: Validating bzip2 1.0.8-5build1
2024-05-11 00:40:00.723982 +0000 build-ubuntu43: output: I: Retrieving ca-certificates 20211016
2024-05-11 00:40:17.924817 +0000 build-ubuntu43: output: I: Validating ca-certificates 20211016
2024-05-11 00:40:17.952373 +0000 build-ubuntu43: output: I: Retrieving coreutils 8.32-4.1ubuntu1
2024-05-11 00:41:23.561719 +0000 build-ubuntu43: output: I: Validating coreutils 8.32-4.1ubuntu1
2024-05-11 00:41:23.589466 +0000 build-ubuntu43: output: I: Retrieving cpp 4:11.2.0-1ubuntu1
2024-05-11 00:41:30.248112 +0000 build-ubuntu43: output: I: Validating cpp 4:11.2.0-1ubuntu1
2024-05-11 00:41:30.271829 +0000 build-ubuntu43: output: I: Retrieving cpp-11 11.2.0-19ubuntu1
2024-05-11 00:48:37.110750 +0000 build-ubuntu43: output: I: Validating cpp-11 11.2.0-19ubuntu1
2024-05-11 00:48:37.148790 +0000 build-ubuntu43: output: I: Retrieving dash 0.5.11+git20210903+057cd650a4ed-3build1
2024-05-11 00:48:46.485274 +0000 build-ubuntu43: output: I: Validating dash 0.5.11+git20210903+057cd650a4ed-3build1
2024-05-11 00:48:46.515271 +0000 build-ubuntu43: output: I: Retrieving debconf 1.5.79ubuntu1
2024-05-11 00:48:57.010135 +0000 build-ubuntu43: output: I: Validating debconf 1.5.79ubuntu1
2024-05-11 00:48:57.030408 +0000 build-ubuntu43: output: I: Retrieving debianutils 5.5-1ubuntu2
2024-05-11 00:49:09.044840 +0000 build-ubuntu43: output: I: Validating debianutils 5.5-1ubuntu2
2024-05-11 00:49:09.073900 +0000 build-ubuntu43: output: I: Retrieving diffutils 1:3.8-0ubuntu2
2024-05-11 00:49:20.420700 +0000 build-ubuntu43: output: I: Validating diffutils 1:3.8-0ubuntu2
2024-05-11 00:49:20.447414 +0000 build-ubuntu43: output: I: Retrieving dpkg 1.21.1ubuntu2
2024-05-11 00:50:01.734465 +0000 build-ubuntu43: output: I: Validating dpkg 1.21.1ubuntu2
2024-05-11 00:50:01.764356 +0000 build-ubuntu43: output: I: Retrieving dpkg-dev 1.21.1ubuntu2
2024-05-11 00:50:32.568986 +0000 build-ubuntu43: output: I: Validating dpkg-dev 1.21.1ubuntu2
2024-05-11 00:50:32.601010 +0000 build-ubuntu43: output: I: Retrieving e2fsprogs 1.46.5-2ubuntu1
2024-05-11 00:50:55.447340 +0000 build-ubuntu43: output: I: Validating e2fsprogs 1.46.5-2ubuntu1
2024-05-11 00:50:55.469191 +0000 build-ubuntu43: output: I: Retrieving findutils 4.8.0-1ubuntu3
2024-05-11 00:51:12.263406 +0000 build-ubuntu43: output: I: Validating findutils 4.8.0-1ubuntu3
2024-05-11 00:51:12.287672 +0000 build-ubuntu43: output: I: Retrieving g++ 4:11.2.0-1ubuntu1
2024-05-11 00:51:19.597174 +0000 build-ubuntu43: output: I: Validating g++ 4:11.2.0-1ubuntu1
2024-05-11 00:51:19.621963 +0000 build-ubuntu43: output: I: Retrieving g++-11 11.2.0-19ubuntu1
2024-05-11 00:55:25.461611 +0000 build-ubuntu43: output: I: Validating g++-11 11.2.0-19ubuntu1
2024-05-11 00:55:25.506823 +0000 build-ubuntu43: output: I: Retrieving gcc 4:11.2.0-1ubuntu1
2024-05-11 00:55:32.220157 +0000 build-ubuntu43: output: I: Validating gcc 4:11.2.0-1ubuntu1
2024-05-11 00:55:32.250801 +0000 build-ubuntu43: output: I: Retrieving gcc-11 11.2.0-19ubuntu1
2024-05-11 00:59:11.028966 +0000 build-ubuntu43: output: I: Validating gcc-11 11.2.0-19ubuntu1
2024-05-11 00:59:11.091483 +0000 build-ubuntu43: output: I: Retrieving gcc-11-base 11.2.0-19ubuntu1
2024-05-11 00:59:12.796027 +0000 build-ubuntu43: output: I: Validating gcc-11-base 11.2.0-19ubuntu1
2024-05-11 00:59:12.827793 +0000 build-ubuntu43: output: I: Retrieving gcc-12-base 12-20220319-1ubuntu1
2024-05-11 00:59:16.417480 +0000 build-ubuntu43: output: I: Validating gcc-12-base 12-20220319-1ubuntu1
2024-05-11 00:59:16.442445 +0000 build-ubuntu43: output: I: Retrieving gpgv 2.2.27-3ubuntu2
2024-05-11 00:59:19.654931 +0000 build-ubuntu43: output: I: Validating gpgv 2.2.27-3ubuntu2
2024-05-11 00:59:19.683762 +0000 build-ubuntu43: output: I: Retrieving grep 3.7-1build1
2024-05-11 00:59:24.704602 +0000 build-ubuntu43: output: I: Validating grep 3.7-1build1
2024-05-11 00:59:24.734895 +0000 build-ubuntu43: output: I: Retrieving gzip 1.10-4ubuntu4
2024-05-11 00:59:27.271393 +0000 build-ubuntu43: output: I: Validating gzip 1.10-4ubuntu4
2024-05-11 00:59:27.299343 +0000 build-ubuntu43: output: I: Retrieving hostname 3.23ubuntu2
2024-05-11 00:59:29.385488 +0000 build-ubuntu43: output: I: Validating hostname 3.23ubuntu2
2024-05-11 00:59:29.416706 +0000 build-ubuntu43: output: I: Retrieving init-system-helpers 1.62
2024-05-11 00:59:31.569841 +0000 build-ubuntu43: output: I: Validating init-system-helpers 1.62
2024-05-11 00:59:31.598299 +0000 build-ubuntu43: output: I: Retrieving libacl1 2.3.1-1
2024-05-11 00:59:33.609026 +0000 build-ubuntu43: output: I: Validating libacl1 2.3.1-1
2024-05-11 00:59:33.638179 +0000 build-ubuntu43: output: I: Retrieving libapt-pkg6.0 2.4.5
2024-05-11 00:59:55.544802 +0000 build-ubuntu43: output: I: Validating libapt-pkg6.0 2.4.5
2024-05-11 00:59:55.568863 +0000 build-ubuntu43: output: I: Retrieving libasan6 11.2.0-19ubuntu1
2024-05-11 01:00:11.257117 +0000 build-ubuntu43: output: I: Validating libasan6 11.2.0-19ubuntu1
2024-05-11 01:00:11.289232 +0000 build-ubuntu43: output: I: Retrieving libatomic1 12-20220319-1ubuntu1
2024-05-11 01:00:13.009051 +0000 build-ubuntu43: output: I: Validating libatomic1 12-20220319-1ubuntu1
2024-05-11 01:00:13.040105 +0000 build-ubuntu43: output: I: Retrieving libattr1 1:2.5.1-1build1
2024-05-11 01:00:15.317082 +0000 build-ubuntu43: output: I: Validating libattr1 1:2.5.1-1build1
2024-05-11 01:00:15.344599 +0000 build-ubuntu43: output: I: Retrieving libaudit-common 1:3.0.7-1build1
2024-05-11 01:00:21.601284 +0000 build-ubuntu43: output: I: Validating libaudit-common 1:3.0.7-1build1
2024-05-11 01:00:21.632649 +0000 build-ubuntu43: output: I: Retrieving libaudit1 1:3.0.7-1build1
2024-05-11 01:00:24.742181 +0000 build-ubuntu43: output: I: Validating libaudit1 1:3.0.7-1build1
2024-05-11 01:00:24.770974 +0000 build-ubuntu43: output: I: Retrieving libbinutils 2.38-3ubuntu1
2024-05-11 01:00:29.235553 +0000 build-ubuntu43: output: I: Validating libbinutils 2.38-3ubuntu1
2024-05-11 01:00:29.271582 +0000 build-ubuntu43: output: I: Retrieving libblkid1 2.37.2-4ubuntu3
2024-05-11 01:00:31.428994 +0000 build-ubuntu43: output: I: Validating libblkid1 2.37.2-4ubuntu3
2024-05-11 01:00:31.458940 +0000 build-ubuntu43: output: I: Retrieving libbz2-1.0 1.0.8-5build1
2024-05-11 01:00:33.496723 +0000 build-ubuntu43: output: I: Validating libbz2-1.0 1.0.8-5build1
2024-05-11 01:00:33.524046 +0000 build-ubuntu43: output: I: Retrieving libc-bin 2.35-0ubuntu3
2024-05-11 01:00:43.576064 +0000 build-ubuntu43: output: I: Validating libc-bin 2.35-0ubuntu3
2024-05-11 01:00:43.605704 +0000 build-ubuntu43: output: I: Retrieving libc-dev-bin 2.35-0ubuntu3
2024-05-11 01:00:45.547694 +0000 build-ubuntu43: output: I: Validating libc-dev-bin 2.35-0ubuntu3
2024-05-11 01:00:45.577842 +0000 build-ubuntu43: output: I: Retrieving libc6 2.35-0ubuntu3
2024-05-11 01:01:10.958127 +0000 build-ubuntu43: output: I: Validating libc6 2.35-0ubuntu3
2024-05-11 01:01:10.996798 +0000 build-ubuntu43: output: I: Retrieving libc6-dev 2.35-0ubuntu3
2024-05-11 01:01:32.778927 +0000 build-ubuntu43: output: I: Validating libc6-dev 2.35-0ubuntu3
2024-05-11 01:01:32.812639 +0000 build-ubuntu43: output: I: Retrieving libcap-ng0 0.7.9-2.2build3
2024-05-11 01:01:34.894421 +0000 build-ubuntu43: output: I: Validating libcap-ng0 0.7.9-2.2build3
2024-05-11 01:01:34.922299 +0000 build-ubuntu43: output: I: Retrieving libcap2 1:2.44-1build3
2024-05-11 01:01:36.922070 +0000 build-ubuntu43: output: I: Validating libcap2 1:2.44-1build3
2024-05-11 01:01:36.950749 +0000 build-ubuntu43: output: I: Retrieving libcc1-0 12-20220319-1ubuntu1
2024-05-11 01:01:39.409734 +0000 build-ubuntu43: output: I: Validating libcc1-0 12-20220319-1ubuntu1
2024-05-11 01:01:39.436069 +0000 build-ubuntu43: output: I: Retrieving libcom-err2 1.46.5-2ubuntu1
2024-05-11 01:01:41.448768 +0000 build-ubuntu43: output: I: Validating libcom-err2 1.46.5-2ubuntu1
2024-05-11 01:01:41.476082 +0000 build-ubuntu43: output: I: Retrieving libcrypt-dev 1:4.4.27-1
2024-05-11 01:01:44.399150 +0000 build-ubuntu43: output: I: Validating libcrypt-dev 1:4.4.27-1
2024-05-11 01:01:44.427684 +0000 build-ubuntu43: output: I: Retrieving libcrypt1 1:4.4.27-1
2024-05-11 01:01:46.494809 +0000 build-ubuntu43: output: I: Validating libcrypt1 1:4.4.27-1
2024-05-11 01:01:46.524103 +0000 build-ubuntu43: output: I: Retrieving libctf-nobfd0 2.38-3ubuntu1
2024-05-11 01:01:48.622445 +0000 build-ubuntu43: output: I: Validating libctf-nobfd0 2.38-3ubuntu1
2024-05-11 01:01:48.651850 +0000 build-ubuntu43: output: I: Retrieving libctf0 2.38-3ubuntu1
2024-05-11 01:01:52.357092 +0000 build-ubuntu43: output: I: Validating libctf0 2.38-3ubuntu1
2024-05-11 01:01:52.380831 +0000 build-ubuntu43: output: I: Retrieving libdb5.3 5.3.28+dfsg1-0.8ubuntu3
2024-05-11 01:01:59.075993 +0000 build-ubuntu43: output: I: Validating libdb5.3 5.3.28+dfsg1-0.8ubuntu3
2024-05-11 01:01:59.109396 +0000 build-ubuntu43: output: I: Retrieving libdebconfclient0 0.261ubuntu1
2024-05-11 01:02:01.006630 +0000 build-ubuntu43: output: I: Validating libdebconfclient0 0.261ubuntu1
2024-05-11 01:02:01.037844 +0000 build-ubuntu43: output: I: Retrieving libdpkg-perl 1.21.1ubuntu2
2024-05-11 01:02:03.322695 +0000 build-ubuntu43: output: I: Validating libdpkg-perl 1.21.1ubuntu2
2024-05-11 01:02:03.352716 +0000 build-ubuntu43: output: I: Retrieving libext2fs2 1.46.5-2ubuntu1
2024-05-11 01:02:05.555200 +0000 build-ubuntu43: output: I: Validating libext2fs2 1.46.5-2ubuntu1
2024-05-11 01:02:05.582777 +0000 build-ubuntu43: output: I: Retrieving libffi8 3.4.2-4
2024-05-11 01:02:07.278123 +0000 build-ubuntu43: output: I: Validating libffi8 3.4.2-4
2024-05-11 01:02:07.312234 +0000 build-ubuntu43: output: I: Retrieving libgcc-11-dev 11.2.0-19ubuntu1
2024-05-11 01:02:14.838806 +0000 build-ubuntu43: output: I: Validating libgcc-11-dev 11.2.0-19ubuntu1
2024-05-11 01:02:14.871648 +0000 build-ubuntu43: output: I: Retrieving libgcc-s1 12-20220319-1ubuntu1
2024-05-11 01:02:16.828819 +0000 build-ubuntu43: output: I: Validating libgcc-s1 12-20220319-1ubuntu1
2024-05-11 01:02:16.852398 +0000 build-ubuntu43: output: I: Retrieving libgcrypt20 1.9.4-3ubuntu3
2024-05-11 01:02:19.126039 +0000 build-ubuntu43: output: I: Validating libgcrypt20 1.9.4-3ubuntu3
2024-05-11 01:02:19.155430 +0000 build-ubuntu43: output: I: Retrieving libgdbm-compat4 1.23-1
2024-05-11 01:02:22.523388 +0000 build-ubuntu43: output: I: Validating libgdbm-compat4 1.23-1
2024-05-11 01:02:22.547006 +0000 build-ubuntu43: output: I: Retrieving libgdbm6 1.23-1
2024-05-11 01:02:24.949151 +0000 build-ubuntu43: output: I: Validating libgdbm6 1.23-1
2024-05-11 01:02:24.977437 +0000 build-ubuntu43: output: I: Retrieving libgmp10 2:6.2.1+dfsg-3ubuntu1
2024-05-11 01:02:28.810955 +0000 build-ubuntu43: output: I: Validating libgmp10 2:6.2.1+dfsg-3ubuntu1
2024-05-11 01:02:28.844204 +0000 build-ubuntu43: output: I: Retrieving libgnutls30 3.7.3-4ubuntu1
2024-05-11 01:02:31.814279 +0000 build-ubuntu43: output: I: Validating libgnutls30 3.7.3-4ubuntu1
2024-05-11 01:02:31.844112 +0000 build-ubuntu43: output: I: Retrieving libgomp1 12-20220319-1ubuntu1
2024-05-11 01:02:33.797848 +0000 build-ubuntu43: output: I: Validating libgomp1 12-20220319-1ubuntu1
2024-05-11 01:02:33.825798 +0000 build-ubuntu43: output: I: Retrieving libgpg-error0 1.43-3
2024-05-11 01:02:35.479306 +0000 build-ubuntu43: output: I: Validating libgpg-error0 1.43-3
2024-05-11 01:02:35.505244 +0000 build-ubuntu43: output: I: Retrieving libgssapi-krb5-2 1.19.2-2
2024-05-11 01:02:37.502136 +0000 build-ubuntu43: output: I: Validating libgssapi-krb5-2 1.19.2-2
2024-05-11 01:02:37.534012 +0000 build-ubuntu43: output: I: Retrieving libhogweed6 3.7.3-1build2
2024-05-11 01:02:40.346341 +0000 build-ubuntu43: output: I: Validating libhogweed6 3.7.3-1build2
2024-05-11 01:02:40.378145 +0000 build-ubuntu43: output: I: Retrieving libidn2-0 2.3.2-2build1
2024-05-11 01:02:42.504338 +0000 build-ubuntu43: output: I: Validating libidn2-0 2.3.2-2build1
2024-05-11 01:02:42.528609 +0000 build-ubuntu43: output: I: Retrieving libisl23 0.24-2build1
2024-05-11 01:02:45.552923 +0000 build-ubuntu43: output: I: Validating libisl23 0.24-2build1
2024-05-11 01:02:45.581961 +0000 build-ubuntu43: output: I: Retrieving libitm1 12-20220319-1ubuntu1
2024-05-11 01:02:47.633317 +0000 build-ubuntu43: output: I: Validating libitm1 12-20220319-1ubuntu1
2024-05-11 01:02:47.663615 +0000 build-ubuntu43: output: I: Retrieving libk5crypto3 1.19.2-2
2024-05-11 01:02:49.702862 +0000 build-ubuntu43: output: I: Validating libk5crypto3 1.19.2-2
2024-05-11 01:02:49.735741 +0000 build-ubuntu43: output: I: Retrieving libkeyutils1 1.6.1-2ubuntu3
2024-05-11 01:02:51.739026 +0000 build-ubuntu43: output: I: Validating libkeyutils1 1.6.1-2ubuntu3
2024-05-11 01:02:51.768101 +0000 build-ubuntu43: output: I: Retrieving libkrb5-3 1.19.2-2
2024-05-11 01:02:59.805863 +0000 build-ubuntu43: output: I: Validating libkrb5-3 1.19.2-2
2024-05-11 01:02:59.837715 +0000 build-ubuntu43: output: I: Retrieving libkrb5support0 1.19.2-2
2024-05-11 01:03:01.912205 +0000 build-ubuntu43: output: I: Validating libkrb5support0 1.19.2-2
2024-05-11 01:03:01.937150 +0000 build-ubuntu43: output: I: Retrieving liblsan0 12-20220319-1ubuntu1
2024-05-11 01:03:04.802753 +0000 build-ubuntu43: output: I: Validating liblsan0 12-20220319-1ubuntu1
2024-05-11 01:03:04.833457 +0000 build-ubuntu43: output: I: Retrieving liblz4-1 1.9.3-2build2
2024-05-11 01:03:06.528793 +0000 build-ubuntu43: output: I: Validating liblz4-1 1.9.3-2build2
2024-05-11 01:03:06.553703 +0000 build-ubuntu43: output: I: Retrieving liblzma5 5.2.5-2ubuntu1
2024-05-11 01:03:08.518023 +0000 build-ubuntu43: output: I: Validating liblzma5 5.2.5-2ubuntu1
2024-05-11 01:03:08.541686 +0000 build-ubuntu43: output: I: Retrieving libmount1 2.37.2-4ubuntu3
2024-05-11 01:03:10.901669 +0000 build-ubuntu43: output: I: Validating libmount1 2.37.2-4ubuntu3
2024-05-11 01:03:10.931225 +0000 build-ubuntu43: output: I: Retrieving libmpc3 1.2.1-2build1
2024-05-11 01:03:13.437548 +0000 build-ubuntu43: output: I: Validating libmpc3 1.2.1-2build1
2024-05-11 01:03:13.467260 +0000 build-ubuntu43: output: I: Retrieving libmpfr6 4.1.0-3build3
2024-05-11 01:03:17.562176 +0000 build-ubuntu43: output: I: Validating libmpfr6 4.1.0-3build3
2024-05-11 01:03:17.589438 +0000 build-ubuntu43: output: I: Retrieving libncurses6 6.3-2
2024-05-11 01:03:19.338187 +0000 build-ubuntu43: output: I: Validating libncurses6 6.3-2
2024-05-11 01:03:19.371039 +0000 build-ubuntu43: output: I: Retrieving libncursesw6 6.3-2
2024-05-11 01:03:21.461241 +0000 build-ubuntu43: output: I: Validating libncursesw6 6.3-2
2024-05-11 01:03:21.487779 +0000 build-ubuntu43: output: I: Retrieving libnettle8 3.7.3-1build2
2024-05-11 01:03:25.498470 +0000 build-ubuntu43: output: I: Validating libnettle8 3.7.3-1build2
2024-05-11 01:03:25.524092 +0000 build-ubuntu43: output: I: Retrieving libnsl-dev 1.3.0-2build2
2024-05-11 01:03:32.174558 +0000 build-ubuntu43: output: I: Validating libnsl-dev 1.3.0-2build2
2024-05-11 01:03:32.200451 +0000 build-ubuntu43: output: I: Retrieving libnsl2 1.3.0-2build2
2024-05-11 01:03:34.694225 +0000 build-ubuntu43: output: I: Validating libnsl2 1.3.0-2build2
2024-05-11 01:03:34.722725 +0000 build-ubuntu43: output: I: Retrieving libp11-kit0 0.24.0-6build1
2024-05-11 01:03:38.671032 +0000 build-ubuntu43: output: I: Validating libp11-kit0 0.24.0-6build1
2024-05-11 01:03:38.700591 +0000 build-ubuntu43: output: I: Retrieving libpam-modules 1.4.0-11ubuntu2
2024-05-11 01:03:41.349623 +0000 build-ubuntu43: output: I: Validating libpam-modules 1.4.0-11ubuntu2
2024-05-11 01:03:41.376390 +0000 build-ubuntu43: output: I: Retrieving libpam-modules-bin 1.4.0-11ubuntu2
2024-05-11 01:03:44.308424 +0000 build-ubuntu43: output: I: Validating libpam-modules-bin 1.4.0-11ubuntu2
2024-05-11 01:03:44.339133 +0000 build-ubuntu43: output: I: Retrieving libpam-runtime 1.4.0-11ubuntu2
2024-05-11 01:03:46.215865 +0000 build-ubuntu43: output: I: Validating libpam-runtime 1.4.0-11ubuntu2
2024-05-11 01:03:46.244619 +0000 build-ubuntu43: output: I: Retrieving libpam0g 1.4.0-11ubuntu2
2024-05-11 01:03:47.817810 +0000 build-ubuntu43: output: I: Validating libpam0g 1.4.0-11ubuntu2
2024-05-11 01:03:47.846182 +0000 build-ubuntu43: output: I: Retrieving libpcre2-8-0 10.39-3build1
2024-05-11 01:03:50.916715 +0000 build-ubuntu43: output: I: Validating libpcre2-8-0 10.39-3build1
2024-05-11 01:03:50.947367 +0000 build-ubuntu43: output: I: Retrieving libpcre3 2:8.39-13build5
2024-05-11 01:03:55.186278 +0000 build-ubuntu43: output: I: Validating libpcre3 2:8.39-13build5
2024-05-11 01:03:55.216451 +0000 build-ubuntu43: output: I: Retrieving libperl5.34 5.34.0-3ubuntu1
2024-05-11 01:04:34.726833 +0000 build-ubuntu43: output: I: Validating libperl5.34 5.34.0-3ubuntu1
2024-05-11 01:04:34.763082 +0000 build-ubuntu43: output: I: Retrieving libprocps8 2:3.3.17-6ubuntu2
2024-05-11 01:04:38.052533 +0000 build-ubuntu43: output: I: Validating libprocps8 2:3.3.17-6ubuntu2
2024-05-11 01:04:38.082166 +0000 build-ubuntu43: output: I: Retrieving libquadmath0 12-20220319-1ubuntu1
2024-05-11 01:04:41.916949 +0000 build-ubuntu43: output: I: Validating libquadmath0 12-20220319-1ubuntu1
2024-05-11 01:04:41.945093 +0000 build-ubuntu43: output: I: Retrieving libseccomp2 2.5.3-2ubuntu2
2024-05-11 01:04:45.299127 +0000 build-ubuntu43: output: I: Validating libseccomp2 2.5.3-2ubuntu2
2024-05-11 01:04:45.327779 +0000 build-ubuntu43: output: I: Retrieving libselinux1 3.3-1build2
2024-05-11 01:04:48.209361 +0000 build-ubuntu43: output: I: Validating libselinux1 3.3-1build2
2024-05-11 01:04:48.232490 +0000 build-ubuntu43: output: I: Retrieving libsemanage-common 3.3-1build2
2024-05-11 01:04:50.716617 +0000 build-ubuntu43: output: I: Validating libsemanage-common 3.3-1build2
2024-05-11 01:04:50.747405 +0000 build-ubuntu43: output: I: Retrieving libsemanage2 3.3-1build2
2024-05-11 01:04:53.819420 +0000 build-ubuntu43: output: I: Validating libsemanage2 3.3-1build2
2024-05-11 01:04:53.847176 +0000 build-ubuntu43: output: I: Retrieving libsepol2 3.3-1build1
2024-05-11 01:05:15.425472 +0000 build-ubuntu43: output: I: Validating libsepol2 3.3-1build1
2024-05-11 01:05:15.455279 +0000 build-ubuntu43: output: I: Retrieving libsmartcols1 2.37.2-4ubuntu3
2024-05-11 01:05:18.418450 +0000 build-ubuntu43: output: I: Validating libsmartcols1 2.37.2-4ubuntu3
2024-05-11 01:05:18.445808 +0000 build-ubuntu43: output: I: Retrieving libss2 1.46.5-2ubuntu1
2024-05-11 01:05:20.861575 +0000 build-ubuntu43: output: I: Validating libss2 1.46.5-2ubuntu1
2024-05-11 01:05:20.889938 +0000 build-ubuntu43: output: I: Retrieving libssl3 3.0.2-0ubuntu1
2024-05-11 01:05:56.187739 +0000 build-ubuntu43: output: I: Validating libssl3 3.0.2-0ubuntu1
2024-05-11 01:05:56.219577 +0000 build-ubuntu43: output: I: Retrieving libstdc++-11-dev 11.2.0-19ubuntu1
2024-05-11 01:06:19.250035 +0000 build-ubuntu43: output: I: Validating libstdc++-11-dev 11.2.0-19ubuntu1
2024-05-11 01:06:19.282866 +0000 build-ubuntu43: output: I: Retrieving libstdc++6 12-20220319-1ubuntu1
2024-05-11 01:06:42.748278 +0000 build-ubuntu43: output: I: Validating libstdc++6 12-20220319-1ubuntu1
2024-05-11 01:06:42.775472 +0000 build-ubuntu43: output: I: Retrieving libsystemd0 249.11-0ubuntu3
2024-05-11 01:06:57.256050 +0000 build-ubuntu43: output: I: Validating libsystemd0 249.11-0ubuntu3
2024-05-11 01:06:57.285235 +0000 build-ubuntu43: output: I: Retrieving libtasn1-6 4.18.0-4build1
2024-05-11 01:07:02.064774 +0000 build-ubuntu43: output: I: Validating libtasn1-6 4.18.0-4build1
2024-05-11 01:07:02.094409 +0000 build-ubuntu43: output: I: Retrieving libtinfo6 6.3-2
2024-05-11 01:07:05.919674 +0000 build-ubuntu43: output: I: Validating libtinfo6 6.3-2
2024-05-11 01:07:05.942081 +0000 build-ubuntu43: output: I: Retrieving libtirpc-common 1.3.2-2build1
2024-05-11 01:07:10.126166 +0000 build-ubuntu43: output: I: Validating libtirpc-common 1.3.2-2build1
2024-05-11 01:07:10.152392 +0000 build-ubuntu43: output: I: Retrieving libtirpc-dev 1.3.2-2build1
2024-05-11 01:07:29.115677 +0000 build-ubuntu43: output: I: Validating libtirpc-dev 1.3.2-2build1
2024-05-11 01:07:29.141761 +0000 build-ubuntu43: output: I: Retrieving libtirpc3 1.3.2-2build1
2024-05-11 01:07:33.430679 +0000 build-ubuntu43: output: I: Validating libtirpc3 1.3.2-2build1
2024-05-11 01:07:33.456355 +0000 build-ubuntu43: output: I: Retrieving libtsan0 11.2.0-19ubuntu1
2024-05-11 01:07:55.493767 +0000 build-ubuntu43: output: I: Validating libtsan0 11.2.0-19ubuntu1
2024-05-11 01:07:55.526604 +0000 build-ubuntu43: output: I: Retrieving libubsan1 12-20220319-1ubuntu1
2024-05-11 01:08:17.038076 +0000 build-ubuntu43: output: I: Validating libubsan1 12-20220319-1ubuntu1
2024-05-11 01:08:17.066123 +0000 build-ubuntu43: output: I: Retrieving libudev1 249.11-0ubuntu3
2024-05-11 01:08:19.692763 +0000 build-ubuntu43: output: I: Validating libudev1 249.11-0ubuntu3
2024-05-11 01:08:19.721406 +0000 build-ubuntu43: output: I: Retrieving libunistring2 1.0-1
2024-05-11 01:08:43.127471 +0000 build-ubuntu43: output: I: Validating libunistring2 1.0-1
2024-05-11 01:08:43.156207 +0000 build-ubuntu43: output: I: Retrieving libuuid1 2.37.2-4ubuntu3
2024-05-11 01:08:46.754015 +0000 build-ubuntu43: output: I: Validating libuuid1 2.37.2-4ubuntu3
2024-05-11 01:08:46.781832 +0000 build-ubuntu43: output: I: Retrieving libxxhash0 0.8.1-1
2024-05-11 01:08:50.051949 +0000 build-ubuntu43: output: I: Validating libxxhash0 0.8.1-1
2024-05-11 01:08:50.081838 +0000 build-ubuntu43: output: I: Retrieving libzstd1 1.4.8+dfsg-3build1
2024-05-11 01:08:57.055020 +0000 build-ubuntu43: output: I: Validating libzstd1 1.4.8+dfsg-3build1
2024-05-11 01:08:57.077674 +0000 build-ubuntu43: output: I: Retrieving linux-libc-dev 5.15.0-25.25
2024-05-11 01:09:33.377099 +0000 build-ubuntu43: output: I: Validating linux-libc-dev 5.15.0-25.25
2024-05-11 01:09:33.407434 +0000 build-ubuntu43: output: I: Retrieving login 1:4.8.1-2ubuntu2
2024-05-11 01:09:53.312006 +0000 build-ubuntu43: output: I: Validating login 1:4.8.1-2ubuntu2
2024-05-11 01:09:53.341706 +0000 build-ubuntu43: output: I: Retrieving logsave 1.46.5-2ubuntu1
2024-05-11 01:09:58.143134 +0000 build-ubuntu43: output: I: Validating logsave 1.46.5-2ubuntu1
2024-05-11 01:09:58.172039 +0000 build-ubuntu43: output: I: Retrieving lsb-base 11.1.0ubuntu4
2024-05-11 01:10:03.950523 +0000 build-ubuntu43: output: I: Validating lsb-base 11.1.0ubuntu4
2024-05-11 01:10:03.978932 +0000 build-ubuntu43: output: I: Retrieving lto-disabled-list 24
2024-05-11 01:10:13.574118 +0000 build-ubuntu43: output: I: Validating lto-disabled-list 24
2024-05-11 01:10:13.603897 +0000 build-ubuntu43: output: I: Retrieving make 4.3-4.1build1
2024-05-11 01:10:23.586068 +0000 build-ubuntu43: output: I: Validating make 4.3-4.1build1
2024-05-11 01:10:23.616368 +0000 build-ubuntu43: output: I: Retrieving mawk 1.3.4.20200120-3
2024-05-11 01:10:39.064165 +0000 build-ubuntu43: output: I: Validating mawk 1.3.4.20200120-3
2024-05-11 01:10:39.091936 +0000 build-ubuntu43: output: I: Retrieving mount 2.37.2-4ubuntu3
2024-05-11 01:10:56.405940 +0000 build-ubuntu43: output: I: Validating mount 2.37.2-4ubuntu3
2024-05-11 01:10:56.433643 +0000 build-ubuntu43: output: I: Retrieving ncurses-base 6.3-2
2024-05-11 01:11:04.446852 +0000 build-ubuntu43: output: I: Validating ncurses-base 6.3-2
2024-05-11 01:11:04.474678 +0000 build-ubuntu43: output: I: Retrieving ncurses-bin 6.3-2
2024-05-11 01:11:30.451980 +0000 build-ubuntu43: output: I: Validating ncurses-bin 6.3-2
2024-05-11 01:11:30.482056 +0000 build-ubuntu43: output: I: Retrieving openssl 3.0.2-0ubuntu1
2024-05-11 01:12:01.256127 +0000 build-ubuntu43: output: I: Validating openssl 3.0.2-0ubuntu1
2024-05-11 01:12:01.280670 +0000 build-ubuntu43: output: I: Retrieving passwd 1:4.8.1-2ubuntu2
2024-05-11 01:12:29.006982 +0000 build-ubuntu43: output: I: Validating passwd 1:4.8.1-2ubuntu2
2024-05-11 01:12:29.034832 +0000 build-ubuntu43: output: I: Retrieving patch 2.7.6-7build2
2024-05-11 01:12:43.114835 +0000 build-ubuntu43: output: I: Validating patch 2.7.6-7build2
2024-05-11 01:12:43.143270 +0000 build-ubuntu43: output: I: Retrieving perl 5.34.0-3ubuntu1
2024-05-11 01:13:05.651667 +0000 build-ubuntu43: output: I: Validating perl 5.34.0-3ubuntu1
2024-05-11 01:13:05.679828 +0000 build-ubuntu43: output: I: Retrieving perl-base 5.34.0-3ubuntu1
2024-05-11 01:13:55.138068 +0000 build-ubuntu43: output: I: Validating perl-base 5.34.0-3ubuntu1
2024-05-11 01:13:55.166742 +0000 build-ubuntu43: output: I: Retrieving perl-modules-5.34 5.34.0-3ubuntu1
2024-05-11 01:14:47.223527 +0000 build-ubuntu43: output: I: Validating perl-modules-5.34 5.34.0-3ubuntu1
2024-05-11 01:14:47.257751 +0000 build-ubuntu43: output: I: Retrieving procps 2:3.3.17-6ubuntu2
2024-05-11 01:15:06.915748 +0000 build-ubuntu43: output: I: Validating procps 2:3.3.17-6ubuntu2
2024-05-11 01:15:06.940182 +0000 build-ubuntu43: output: I: Retrieving rpcsvc-proto 1.4.2-0ubuntu6
2024-05-11 01:15:17.513809 +0000 build-ubuntu43: output: I: Validating rpcsvc-proto 1.4.2-0ubuntu6
2024-05-11 01:15:17.543520 +0000 build-ubuntu43: output: I: Retrieving sed 4.8-1ubuntu2
2024-05-11 01:15:31.472980 +0000 build-ubuntu43: output: I: Validating sed 4.8-1ubuntu2
2024-05-11 01:15:31.506246 +0000 build-ubuntu43: output: I: Retrieving sensible-utils 0.0.17
2024-05-11 01:15:36.215858 +0000 build-ubuntu43: output: I: Validating sensible-utils 0.0.17
2024-05-11 01:15:36.242104 +0000 build-ubuntu43: output: I: Retrieving sysvinit-utils 3.01-1ubuntu1
2024-05-11 01:15:42.191602 +0000 build-ubuntu43: output: I: Validating sysvinit-utils 3.01-1ubuntu1
2024-05-11 01:15:42.216205 +0000 build-ubuntu43: output: I: Retrieving tar 1.34+dfsg-1build3
2024-05-11 01:16:00.236237 +0000 build-ubuntu43: output: I: Validating tar 1.34+dfsg-1build3
2024-05-11 01:16:00.266168 +0000 build-ubuntu43: output: I: Retrieving ubuntu-keyring 2021.03.26
2024-05-11 01:16:04.023652 +0000 build-ubuntu43: output: I: Validating ubuntu-keyring 2021.03.26
2024-05-11 01:16:04.052696 +0000 build-ubuntu43: output: I: Retrieving usrmerge 25ubuntu2
2024-05-11 01:16:09.859357 +0000 build-ubuntu43: output: I: Validating usrmerge 25ubuntu2
2024-05-11 01:16:09.889661 +0000 build-ubuntu43: output: I: Retrieving util-linux 2.37.2-4ubuntu3
2024-05-11 01:16:39.714004 +0000 build-ubuntu43: output: I: Validating util-linux 2.37.2-4ubuntu3
2024-05-11 01:16:39.746104 +0000 build-ubuntu43: output: I: Retrieving xz-utils 5.2.5-2ubuntu1
2024-05-11 01:16:47.961605 +0000 build-ubuntu43: output: I: Validating xz-utils 5.2.5-2ubuntu1
2024-05-11 01:16:47.991383 +0000 build-ubuntu43: output: I: Retrieving zlib1g 1:1.2.11.dfsg-2ubuntu9
2024-05-11 01:16:56.728807 +0000 build-ubuntu43: output: I: Validating zlib1g 1:1.2.11.dfsg-2ubuntu9
2024-05-11 01:16:56.758502 +0000 build-ubuntu43: output: I: Chosen extractor for .deb packages: dpkg-deb
2024-05-11 01:16:56.797333 +0000 build-ubuntu43: output: I: Extracting base-files...
2024-05-11 01:16:56.805082 +0000 build-ubuntu43: output: I: Extracting base-passwd...
2024-05-11 01:16:56.810175 +0000 build-ubuntu43: output: I: Extracting bash...
2024-05-11 01:16:56.819580 +0000 build-ubuntu43: output: I: Extracting bsdutils...
2024-05-11 01:16:56.823976 +0000 build-ubuntu43: output: I: Extracting coreutils...
2024-05-11 01:16:56.854600 +0000 build-ubuntu43: output: I: Extracting dash...
2024-05-11 01:16:56.859194 +0000 build-ubuntu43: output: I: Extracting debconf...
2024-05-11 01:16:56.866450 +0000 build-ubuntu43: output: I: Extracting debianutils...
2024-05-11 01:16:56.873101 +0000 build-ubuntu43: output: I: Extracting diffutils...
2024-05-11 01:16:56.877840 +0000 build-ubuntu43: output: I: Extracting dpkg...
2024-05-11 01:16:56.983415 +0000 build-ubuntu43: output: I: Extracting e2fsprogs...
2024-05-11 01:16:56.991574 +0000 build-ubuntu43: output: I: Extracting findutils...
2024-05-11 01:16:56.996998 +0000 build-ubuntu43: output: I: Extracting gcc-12-base...
2024-05-11 01:16:57.000995 +0000 build-ubuntu43: output: I: Extracting grep...
2024-05-11 01:16:57.006221 +0000 build-ubuntu43: output: I: Extracting gzip...
2024-05-11 01:16:57.011199 +0000 build-ubuntu43: output: I: Extracting hostname...
2024-05-11 01:16:57.015229 +0000 build-ubuntu43: output: I: Extracting init-system-helpers...
2024-05-11 01:16:57.019970 +0000 build-ubuntu43: output: I: Extracting libacl1...
2024-05-11 01:16:57.023819 +0000 build-ubuntu43: output: I: Extracting libattr1...
2024-05-11 01:16:57.027619 +0000 build-ubuntu43: output: I: Extracting libaudit-common...
2024-05-11 01:16:57.031337 +0000 build-ubuntu43: output: I: Extracting libaudit1...
2024-05-11 01:16:57.036407 +0000 build-ubuntu43: output: I: Extracting libblkid1...
2024-05-11 01:16:57.041283 +0000 build-ubuntu43: output: I: Extracting libbz2-1.0...
2024-05-11 01:16:57.045131 +0000 build-ubuntu43: output: I: Extracting libc-bin...
2024-05-11 01:16:57.057202 +0000 build-ubuntu43: output: I: Extracting libc6...
2024-05-11 01:16:57.099021 +0000 build-ubuntu43: output: I: Extracting libcap-ng0...
2024-05-11 01:16:57.102707 +0000 build-ubuntu43: output: I: Extracting libcap2...
2024-05-11 01:16:57.106619 +0000 build-ubuntu43: output: I: Extracting libcom-err2...
2024-05-11 01:16:57.110383 +0000 build-ubuntu43: output: I: Extracting libcrypt1...
2024-05-11 01:16:57.115032 +0000 build-ubuntu43: output: I: Extracting libdb5.3...
2024-05-11 01:16:57.125975 +0000 build-ubuntu43: output: I: Extracting libdebconfclient0...
2024-05-11 01:16:57.130763 +0000 build-ubuntu43: output: I: Extracting libext2fs2...
2024-05-11 01:16:57.139037 +0000 build-ubuntu43: output: I: Extracting libgcc-s1...
2024-05-11 01:16:57.144496 +0000 build-ubuntu43: output: I: Extracting libgcrypt20...
2024-05-11 01:16:57.156198 +0000 build-ubuntu43: output: I: Extracting libgmp10...
2024-05-11 01:16:57.164000 +0000 build-ubuntu43: output: I: Extracting libgpg-error0...
2024-05-11 01:16:57.169999 +0000 build-ubuntu43: output: I: Extracting libgssapi-krb5-2...
2024-05-11 01:16:57.177183 +0000 build-ubuntu43: output: I: Extracting libk5crypto3...
2024-05-11 01:16:57.181716 +0000 build-ubuntu43: output: I: Extracting libkeyutils1...
2024-05-11 01:16:57.185315 +0000 build-ubuntu43: output: I: Extracting libkrb5-3...
2024-05-11 01:16:57.193412 +0000 build-ubuntu43: output: I: Extracting libkrb5support0...
2024-05-11 01:16:57.197676 +0000 build-ubuntu43: output: I: Extracting liblz4-1...
2024-05-11 01:16:57.201885 +0000 build-ubuntu43: output: I: Extracting liblzma5...
2024-05-11 01:16:57.206220 +0000 build-ubuntu43: output: I: Extracting libmount1...
2024-05-11 01:16:57.210472 +0000 build-ubuntu43: output: I: Extracting libncurses6...
2024-05-11 01:16:57.214884 +0000 build-ubuntu43: output: I: Extracting libncursesw6...
2024-05-11 01:16:57.219409 +0000 build-ubuntu43: output: I: Extracting libnsl2...
2024-05-11 01:16:57.223177 +0000 build-ubuntu43: output: I: Extracting libpam-modules...
2024-05-11 01:16:57.232943 +0000 build-ubuntu43: output: I: Extracting libpam-modules-bin...
2024-05-11 01:16:57.238386 +0000 build-ubuntu43: output: I: Extracting libpam-runtime...
2024-05-11 01:16:57.242676 +0000 build-ubuntu43: output: I: Extracting libpam0g...
2024-05-11 01:16:57.247083 +0000 build-ubuntu43: output: I: Extracting libpcre2-8-0...
2024-05-11 01:16:57.253310 +0000 build-ubuntu43: output: I: Extracting libpcre3...
2024-05-11 01:16:57.259298 +0000 build-ubuntu43: output: I: Extracting libprocps8...
2024-05-11 01:16:57.263101 +0000 build-ubuntu43: output: I: Extracting libselinux1...
2024-05-11 01:16:57.267107 +0000 build-ubuntu43: output: I: Extracting libsemanage-common...
2024-05-11 01:16:57.271314 +0000 build-ubuntu43: output: I: Extracting libsemanage2...
2024-05-11 01:16:57.275085 +0000 build-ubuntu43: output: I: Extracting libsepol2...
2024-05-11 01:16:57.280887 +0000 build-ubuntu43: output: I: Extracting libsmartcols1...
2024-05-11 01:16:57.286954 +0000 build-ubuntu43: output: I: Extracting libss2...
2024-05-11 01:16:57.292133 +0000 build-ubuntu43: output: I: Extracting libssl3...
2024-05-11 01:16:57.320111 +0000 build-ubuntu43: output: I: Extracting libsystemd0...
2024-05-11 01:16:57.328958 +0000 build-ubuntu43: output: I: Extracting libtinfo6...
2024-05-11 01:16:57.334990 +0000 build-ubuntu43: output: I: Extracting libtirpc-common...
2024-05-11 01:16:57.339761 +0000 build-ubuntu43: output: I: Extracting libtirpc3...
2024-05-11 01:16:57.345589 +0000 build-ubuntu43: output: I: Extracting libudev1...
2024-05-11 01:16:57.351707 +0000 build-ubuntu43: output: I: Extracting libuuid1...
2024-05-11 01:16:57.356489 +0000 build-ubuntu43: output: I: Extracting libzstd1...
2024-05-11 01:16:57.365824 +0000 build-ubuntu43: output: I: Extracting login...
2024-05-11 01:16:57.375839 +0000 build-ubuntu43: output: I: Extracting logsave...
2024-05-11 01:16:57.380725 +0000 build-ubuntu43: output: I: Extracting lsb-base...
2024-05-11 01:16:57.385925 +0000 build-ubuntu43: output: I: Extracting mawk...
2024-05-11 01:16:57.392158 +0000 build-ubuntu43: output: I: Extracting mount...
2024-05-11 01:16:57.399407 +0000 build-ubuntu43: output: I: Extracting ncurses-base...
2024-05-11 01:16:57.407615 +0000 build-ubuntu43: output: I: Extracting ncurses-bin...
2024-05-11 01:16:57.414553 +0000 build-ubuntu43: output: I: Extracting passwd...
2024-05-11 01:16:57.439563 +0000 build-ubuntu43: output: I: Extracting perl-base...
2024-05-11 01:16:57.497658 +0000 build-ubuntu43: output: I: Extracting procps...
2024-05-11 01:16:57.511773 +0000 build-ubuntu43: output: I: Extracting sed...
2024-05-11 01:16:57.517571 +0000 build-ubuntu43: output: I: Extracting sensible-utils...
2024-05-11 01:16:57.523941 +0000 build-ubuntu43: output: I: Extracting sysvinit-utils...
2024-05-11 01:16:57.529304 +0000 build-ubuntu43: output: I: Extracting tar...
2024-05-11 01:16:57.537785 +0000 build-ubuntu43: output: I: Extracting usrmerge...
2024-05-11 01:16:57.544103 +0000 build-ubuntu43: output: I: Extracting util-linux...
2024-05-11 01:16:57.570685 +0000 build-ubuntu43: output: I: Extracting zlib1g...
2024-05-11 01:16:58.082404 +0000 build-ubuntu43: output: I: Installing core packages...
2024-05-11 01:17:00.702439 +0000 build-ubuntu43: output: I: Unpacking required packages...
2024-05-11 01:17:00.800708 +0000 build-ubuntu43: output: I: Unpacking base-files...
2024-05-11 01:17:01.047282 +0000 build-ubuntu43: output: I: Unpacking base-passwd...
2024-05-11 01:17:01.177769 +0000 build-ubuntu43: output: I: Unpacking bash...
2024-05-11 01:17:01.309542 +0000 build-ubuntu43: output: I: Unpacking bsdutils...
2024-05-11 01:17:01.438548 +0000 build-ubuntu43: output: I: Unpacking coreutils...
2024-05-11 01:17:01.756321 +0000 build-ubuntu43: output: I: Unpacking dash...
2024-05-11 01:17:01.901645 +0000 build-ubuntu43: output: I: Unpacking debconf...
2024-05-11 01:17:02.177645 +0000 build-ubuntu43: output: I: Unpacking debianutils...
2024-05-11 01:17:02.355323 +0000 build-ubuntu43: output: I: Unpacking diffutils...
2024-05-11 01:17:02.550245 +0000 build-ubuntu43: output: I: Unpacking dpkg...
2024-05-11 01:17:03.031150 +0000 build-ubuntu43: output: I: Unpacking e2fsprogs...
2024-05-11 01:17:03.200638 +0000 build-ubuntu43: output: I: Unpacking findutils...
2024-05-11 01:17:03.320436 +0000 build-ubuntu43: output: I: Unpacking gcc-12-base:amd64...
2024-05-11 01:17:03.425492 +0000 build-ubuntu43: output: I: Unpacking grep...
2024-05-11 01:17:03.540585 +0000 build-ubuntu43: output: I: Unpacking gzip...
2024-05-11 01:17:03.664166 +0000 build-ubuntu43: output: I: Unpacking hostname...
2024-05-11 01:17:03.764667 +0000 build-ubuntu43: output: I: Unpacking init-system-helpers...
2024-05-11 01:17:03.894296 +0000 build-ubuntu43: output: I: Unpacking libacl1:amd64...
2024-05-11 01:17:04.014436 +0000 build-ubuntu43: output: I: Unpacking libattr1:amd64...
2024-05-11 01:17:04.117585 +0000 build-ubuntu43: output: I: Unpacking libaudit-common...
2024-05-11 01:17:04.236156 +0000 build-ubuntu43: output: I: Unpacking libaudit1:amd64...
2024-05-11 01:17:04.361042 +0000 build-ubuntu43: output: I: Unpacking libblkid1:amd64...
2024-05-11 01:17:04.477340 +0000 build-ubuntu43: output: I: Unpacking libbz2-1.0:amd64...
2024-05-11 01:17:04.596288 +0000 build-ubuntu43: output: I: Unpacking libc-bin...
2024-05-11 01:17:04.863791 +0000 build-ubuntu43: output: I: Unpacking libc6:amd64...
2024-05-11 01:17:05.548319 +0000 build-ubuntu43: output: I: Unpacking libcap-ng0:amd64...
2024-05-11 01:17:05.702052 +0000 build-ubuntu43: output: I: Unpacking libcap2:amd64...
2024-05-11 01:17:05.840499 +0000 build-ubuntu43: output: I: Unpacking libcom-err2:amd64...
2024-05-11 01:17:05.960081 +0000 build-ubuntu43: output: I: Unpacking libcrypt1:amd64...
2024-05-11 01:17:06.080082 +0000 build-ubuntu43: output: I: Unpacking libdb5.3:amd64...
2024-05-11 01:17:06.233261 +0000 build-ubuntu43: output: I: Unpacking libdebconfclient0:amd64...
2024-05-11 01:17:06.353416 +0000 build-ubuntu43: output: I: Unpacking libext2fs2:amd64...
2024-05-11 01:17:06.480078 +0000 build-ubuntu43: output: I: Unpacking libgcc-s1:amd64...
2024-05-11 01:17:06.593462 +0000 build-ubuntu43: output: I: Unpacking libgcrypt20:amd64...
2024-05-11 01:17:06.717324 +0000 build-ubuntu43: output: I: Unpacking libgmp10:amd64...
2024-05-11 01:17:06.843768 +0000 build-ubuntu43: output: I: Unpacking libgpg-error0:amd64...
2024-05-11 01:17:06.973844 +0000 build-ubuntu43: output: I: Unpacking libgssapi-krb5-2:amd64...
2024-05-11 01:17:07.101619 +0000 build-ubuntu43: output: I: Unpacking libk5crypto3:amd64...
2024-05-11 01:17:07.233809 +0000 build-ubuntu43: output: I: Unpacking libkeyutils1:amd64...
2024-05-11 01:17:07.426415 +0000 build-ubuntu43: output: I: Unpacking libkrb5-3:amd64...
2024-05-11 01:17:07.714224 +0000 build-ubuntu43: output: I: Unpacking libkrb5support0:amd64...
2024-05-11 01:17:08.003201 +0000 build-ubuntu43: output: I: Unpacking liblz4-1:amd64...
2024-05-11 01:17:08.217100 +0000 build-ubuntu43: output: I: Unpacking liblzma5:amd64...
2024-05-11 01:17:08.354773 +0000 build-ubuntu43: output: I: Unpacking libmount1:amd64...
2024-05-11 01:17:08.479675 +0000 build-ubuntu43: output: I: Unpacking libncurses6:amd64...
2024-05-11 01:17:08.613295 +0000 build-ubuntu43: output: I: Unpacking libncursesw6:amd64...
2024-05-11 01:17:08.749582 +0000 build-ubuntu43: output: I: Unpacking libnsl2:amd64...
2024-05-11 01:17:08.877774 +0000 build-ubuntu43: output: I: Unpacking libpam-modules:amd64...
2024-05-11 01:17:09.126368 +0000 build-ubuntu43: output: I: Unpacking libpam-modules-bin...
2024-05-11 01:17:09.268241 +0000 build-ubuntu43: output: I: Unpacking libpam-runtime...
2024-05-11 01:17:09.441472 +0000 build-ubuntu43: output: I: Unpacking libpam0g:amd64...
2024-05-11 01:17:09.677266 +0000 build-ubuntu43: output: I: Unpacking libpcre2-8-0:amd64...
2024-05-11 01:17:09.935213 +0000 build-ubuntu43: output: I: Unpacking libpcre3:amd64...
2024-05-11 01:17:10.112182 +0000 build-ubuntu43: output: I: Unpacking libprocps8:amd64...
2024-05-11 01:17:10.339736 +0000 build-ubuntu43: output: I: Unpacking libselinux1:amd64...
2024-05-11 01:17:10.528379 +0000 build-ubuntu43: output: I: Unpacking libsemanage-common...
2024-05-11 01:17:10.691646 +0000 build-ubuntu43: output: I: Unpacking libsemanage2:amd64...
2024-05-11 01:17:10.856974 +0000 build-ubuntu43: output: I: Unpacking libsepol2:amd64...
2024-05-11 01:17:11.169612 +0000 build-ubuntu43: output: I: Unpacking libsmartcols1:amd64...
2024-05-11 01:17:11.410734 +0000 build-ubuntu43: output: I: Unpacking libss2:amd64...
2024-05-11 01:17:11.730004 +0000 build-ubuntu43: output: I: Unpacking libssl3:amd64...
2024-05-11 01:17:11.945536 +0000 build-ubuntu43: output: I: Unpacking libsystemd0:amd64...
2024-05-11 01:17:12.112299 +0000 build-ubuntu43: output: I: Unpacking libtinfo6:amd64...
2024-05-11 01:17:12.217121 +0000 build-ubuntu43: output: I: Unpacking libtirpc-common...
2024-05-11 01:17:12.334333 +0000 build-ubuntu43: output: I: Unpacking libtirpc3:amd64...
2024-05-11 01:17:12.466332 +0000 build-ubuntu43: output: I: Unpacking libudev1:amd64...
2024-05-11 01:17:12.591116 +0000 build-ubuntu43: output: I: Unpacking libuuid1:amd64...
2024-05-11 01:17:12.716265 +0000 build-ubuntu43: output: I: Unpacking libzstd1:amd64...
2024-05-11 01:17:12.865362 +0000 build-ubuntu43: output: I: Unpacking login...
2024-05-11 01:17:13.063627 +0000 build-ubuntu43: output: I: Unpacking logsave...
2024-05-11 01:17:13.180142 +0000 build-ubuntu43: output: I: Unpacking lsb-base...
2024-05-11 01:17:13.333346 +0000 build-ubuntu43: output: I: Unpacking mawk...
2024-05-11 01:17:13.482629 +0000 build-ubuntu43: output: I: Unpacking mount...
2024-05-11 01:17:13.606185 +0000 build-ubuntu43: output: I: Unpacking ncurses-base...
2024-05-11 01:17:13.745175 +0000 build-ubuntu43: output: I: Unpacking ncurses-bin...
2024-05-11 01:17:13.885708 +0000 build-ubuntu43: output: I: Unpacking passwd...
2024-05-11 01:17:14.213688 +0000 build-ubuntu43: output: I: Unpacking perl-base...
2024-05-11 01:17:14.995222 +0000 build-ubuntu43: output: I: Unpacking procps...
2024-05-11 01:17:15.283793 +0000 build-ubuntu43: output: I: Unpacking sed...
2024-05-11 01:17:15.419397 +0000 build-ubuntu43: output: I: Unpacking sensible-utils...
2024-05-11 01:17:15.690417 +0000 build-ubuntu43: output: I: Unpacking sysvinit-utils...
2024-05-11 01:17:15.866790 +0000 build-ubuntu43: output: I: Unpacking tar...
2024-05-11 01:17:16.148815 +0000 build-ubuntu43: output: I: Unpacking usrmerge...
2024-05-11 01:17:16.303152 +0000 build-ubuntu43: output: I: Unpacking util-linux...
2024-05-11 01:17:16.613844 +0000 build-ubuntu43: output: I: Unpacking zlib1g:amd64...
2024-05-11 01:17:16.737982 +0000 build-ubuntu43: output: I: Configuring required packages...
2024-05-11 01:17:16.803524 +0000 build-ubuntu43: output: I: Configuring lsb-base...
2024-05-11 01:17:16.838395 +0000 build-ubuntu43: output: I: Configuring libtirpc-common...
2024-05-11 01:17:16.870469 +0000 build-ubuntu43: output: I: Configuring libaudit-common...
2024-05-11 01:17:16.900916 +0000 build-ubuntu43: output: I: Configuring libsemanage-common...
2024-05-11 01:17:16.923468 +0000 build-ubuntu43: output: I: Configuring gcc-12-base:amd64...
2024-05-11 01:17:16.956732 +0000 build-ubuntu43: output: I: Configuring ncurses-base...
2024-05-11 01:17:16.979459 +0000 build-ubuntu43: output: I: Configuring sensible-utils...
2024-05-11 01:17:17.003031 +0000 build-ubuntu43: output: I: Configuring libcrypt1:amd64...
2024-05-11 01:17:17.028935 +0000 build-ubuntu43: output: I: Configuring libgcc-s1:amd64...
2024-05-11 01:17:17.059827 +0000 build-ubuntu43: output: I: Configuring libc6:amd64...
2024-05-11 01:17:17.153930 +0000 build-ubuntu43: output: I: Configuring libudev1:amd64...
2024-05-11 01:17:17.185063 +0000 build-ubuntu43: output: I: Configuring libattr1:amd64...
2024-05-11 01:17:17.207738 +0000 build-ubuntu43: output: I: Configuring sysvinit-utils...
2024-05-11 01:17:17.231473 +0000 build-ubuntu43: output: I: Configuring debianutils...
2024-05-11 01:17:17.287109 +0000 build-ubuntu43: output: I: Configuring mawk...
2024-05-11 01:17:17.318548 +0000 build-ubuntu43: output: I: Configuring libdebconfclient0:amd64...
2024-05-11 01:17:17.434253 +0000 build-ubuntu43: output: I: Configuring base-files...
2024-05-11 01:17:17.559067 +0000 build-ubuntu43: output: I: Configuring libbz2-1.0:amd64...
2024-05-11 01:17:17.596430 +0000 build-ubuntu43: output: I: Configuring base-passwd...
2024-05-11 01:17:17.742555 +0000 build-ubuntu43: output: I: Configuring libdb5.3:amd64...
2024-05-11 01:17:17.788299 +0000 build-ubuntu43: output: I: Configuring libblkid1:amd64...
2024-05-11 01:17:17.825346 +0000 build-ubuntu43: output: I: Configuring libtinfo6:amd64...
2024-05-11 01:17:17.922047 +0000 build-ubuntu43: output: I: Configuring bash...
2024-05-11 01:17:18.016618 +0000 build-ubuntu43: output: I: Configuring libzstd1:amd64...
2024-05-11 01:17:18.055014 +0000 build-ubuntu43: output: I: Configuring libkeyutils1:amd64...
2024-05-11 01:17:18.093548 +0000 build-ubuntu43: output: I: Configuring liblzma5:amd64...
2024-05-11 01:17:18.148374 +0000 build-ubuntu43: output: I: Configuring libgpg-error0:amd64...
2024-05-11 01:17:18.191827 +0000 build-ubuntu43: output: I: Configuring liblz4-1:amd64...
2024-05-11 01:17:18.283153 +0000 build-ubuntu43: output: I: Configuring libc-bin...
2024-05-11 01:17:18.351860 +0000 build-ubuntu43: output: I: Configuring ncurses-bin...
2024-05-11 01:17:18.404244 +0000 build-ubuntu43: output: I: Configuring libacl1:amd64...
2024-05-11 01:17:18.441173 +0000 build-ubuntu43: output: I: Configuring libsmartcols1:amd64...
2024-05-11 01:17:18.480188 +0000 build-ubuntu43: output: I: Configuring libgcrypt20:amd64...
2024-05-11 01:17:18.518204 +0000 build-ubuntu43: output: I: Configuring zlib1g:amd64...
2024-05-11 01:17:18.555275 +0000 build-ubuntu43: output: I: Configuring libcom-err2:amd64...
2024-05-11 01:17:18.588497 +0000 build-ubuntu43: output: I: Configuring diffutils...
2024-05-11 01:17:18.628242 +0000 build-ubuntu43: output: I: Configuring libcap2:amd64...
2024-05-11 01:17:18.666337 +0000 build-ubuntu43: output: I: Configuring libkrb5support0:amd64...
2024-05-11 01:17:18.711287 +0000 build-ubuntu43: output: I: Configuring hostname...
2024-05-11 01:17:18.751021 +0000 build-ubuntu43: output: I: Configuring libpcre3:amd64...
2024-05-11 01:17:18.790063 +0000 build-ubuntu43: output: I: Configuring libcap-ng0:amd64...
2024-05-11 01:17:18.822389 +0000 build-ubuntu43: output: I: Configuring libext2fs2:amd64...
2024-05-11 01:17:18.856337 +0000 build-ubuntu43: output: I: Configuring libgmp10:amd64...
2024-05-11 01:17:18.895860 +0000 build-ubuntu43: output: I: Configuring libncurses6:amd64...
2024-05-11 01:17:18.935716 +0000 build-ubuntu43: output: I: Configuring libaudit1:amd64...
2024-05-11 01:17:18.982169 +0000 build-ubuntu43: output: I: Configuring libuuid1:amd64...
2024-05-11 01:17:19.040627 +0000 build-ubuntu43: output: I: Configuring libss2:amd64...
2024-05-11 01:17:19.099170 +0000 build-ubuntu43: output: I: Configuring libsepol2:amd64...
2024-05-11 01:17:19.141414 +0000 build-ubuntu43: output: I: Configuring libpcre2-8-0:amd64...
2024-05-11 01:17:19.175182 +0000 build-ubuntu43: output: I: Configuring libncursesw6:amd64...
2024-05-11 01:17:19.219076 +0000 build-ubuntu43: output: I: Configuring libk5crypto3:amd64...
2024-05-11 01:17:19.264372 +0000 build-ubuntu43: output: I: Configuring logsave...
2024-05-11 01:17:19.349700 +0000 build-ubuntu43: output: I: Configuring e2fsprogs...
2024-05-11 01:17:19.646560 +0000 build-ubuntu43: output: I: Configuring libsystemd0:amd64...
2024-05-11 01:17:19.683767 +0000 build-ubuntu43: output: I: Configuring libselinux1:amd64...
2024-05-11 01:17:19.728200 +0000 build-ubuntu43: output: I: Configuring sed...
2024-05-11 01:17:19.771536 +0000 build-ubuntu43: output: I: Configuring findutils...
2024-05-11 01:17:19.821557 +0000 build-ubuntu43: output: I: Configuring libmount1:amd64...
2024-05-11 01:17:19.865969 +0000 build-ubuntu43: output: I: Configuring libsemanage2:amd64...
2024-05-11 01:17:19.920404 +0000 build-ubuntu43: output: I: Configuring libprocps8:amd64...
2024-05-11 01:17:20.008669 +0000 build-ubuntu43: output: I: Configuring bsdutils...
2024-05-11 01:17:20.117128 +0000 build-ubuntu43: output: I: Configuring tar...
2024-05-11 01:17:20.239963 +0000 build-ubuntu43: output: I: Configuring coreutils...
2024-05-11 01:17:20.519018 +0000 build-ubuntu43: output: I: Configuring dpkg...
2024-05-11 01:17:20.699919 +0000 build-ubuntu43: output: I: Configuring mount...
2024-05-11 01:17:20.804436 +0000 build-ubuntu43: output: I: Configuring grep...
2024-05-11 01:17:20.907122 +0000 build-ubuntu43: output: I: Configuring perl-base...
2024-05-11 01:17:20.975215 +0000 build-ubuntu43: output: I: Configuring init-system-helpers...
2024-05-11 01:17:21.026116 +0000 build-ubuntu43: output: I: Configuring gzip...
2024-05-11 01:17:21.076801 +0000 build-ubuntu43: output: I: Configuring usrmerge...
2024-05-11 01:17:21.358786 +0000 build-ubuntu43: output: I: Configuring procps...
2024-05-11 01:17:21.470641 +0000 build-ubuntu43: output: I: Configuring debconf...
2024-05-11 01:17:21.634290 +0000 build-ubuntu43: output: I: Configuring libpam0g:amd64...
2024-05-11 01:17:21.975805 +0000 build-ubuntu43: output: I: Configuring util-linux...
2024-05-11 01:17:22.214550 +0000 build-ubuntu43: output: I: Configuring dash...
2024-05-11 01:17:22.544165 +0000 build-ubuntu43: output: I: Configuring libpam-modules-bin...
2024-05-11 01:17:22.604199 +0000 build-ubuntu43: output: I: Configuring libssl3:amd64...
2024-05-11 01:17:22.804446 +0000 build-ubuntu43: output: I: Configuring libkrb5-3:amd64...
2024-05-11 01:17:22.852793 +0000 build-ubuntu43: output: I: Configuring libgssapi-krb5-2:amd64...
2024-05-11 01:17:22.904970 +0000 build-ubuntu43: output: I: Configuring libtirpc3:amd64...
2024-05-11 01:17:22.959389 +0000 build-ubuntu43: output: I: Configuring libnsl2:amd64...
2024-05-11 01:17:23.124224 +0000 build-ubuntu43: output: I: Configuring libpam-modules:amd64...
2024-05-11 01:17:23.255867 +0000 build-ubuntu43: output: I: Configuring passwd...
2024-05-11 01:17:23.401622 +0000 build-ubuntu43: output: I: Configuring libpam-runtime...
2024-05-11 01:17:23.599002 +0000 build-ubuntu43: output: I: Configuring login...
2024-05-11 01:17:23.639496 +0000 build-ubuntu43: output: I: Configuring libc-bin...
2024-05-11 01:17:23.727759 +0000 build-ubuntu43: output: I: Unpacking the base system...
2024-05-11 01:17:23.904072 +0000 build-ubuntu43: output: I: Unpacking adduser...
2024-05-11 01:17:24.165587 +0000 build-ubuntu43: output: I: Unpacking apt...
2024-05-11 01:17:24.455141 +0000 build-ubuntu43: output: I: Unpacking binutils...
2024-05-11 01:17:24.693822 +0000 build-ubuntu43: output: I: Unpacking binutils-common:amd64...
2024-05-11 01:17:24.907128 +0000 build-ubuntu43: output: I: Unpacking binutils-x86-64-linux-gnu...
2024-05-11 01:17:25.230999 +0000 build-ubuntu43: output: I: Unpacking build-essential...
2024-05-11 01:17:25.332285 +0000 build-ubuntu43: output: I: Unpacking bzip2...
2024-05-11 01:17:25.475928 +0000 build-ubuntu43: output: I: Unpacking ca-certificates...
2024-05-11 01:17:25.688613 +0000 build-ubuntu43: output: I: Unpacking cpp...
2024-05-11 01:17:25.801833 +0000 build-ubuntu43: output: I: Unpacking cpp-11...
2024-05-11 01:17:26.091198 +0000 build-ubuntu43: output: I: Unpacking dpkg-dev...
2024-05-11 01:17:26.419753 +0000 build-ubuntu43: output: I: Unpacking g++...
2024-05-11 01:17:26.515755 +0000 build-ubuntu43: output: I: Unpacking g++-11...
2024-05-11 01:17:26.885207 +0000 build-ubuntu43: output: I: Unpacking gcc...
2024-05-11 01:17:27.030671 +0000 build-ubuntu43: output: I: Unpacking gcc-11...
2024-05-11 01:17:27.547117 +0000 build-ubuntu43: output: I: Unpacking gcc-11-base:amd64...
2024-05-11 01:17:27.680448 +0000 build-ubuntu43: output: I: Unpacking gpgv...
2024-05-11 01:17:27.823565 +0000 build-ubuntu43: output: I: Unpacking libapt-pkg6.0:amd64...
2024-05-11 01:17:28.017515 +0000 build-ubuntu43: output: I: Unpacking libasan6:amd64...
2024-05-11 01:17:28.195282 +0000 build-ubuntu43: output: I: Unpacking libatomic1:amd64...
2024-05-11 01:17:28.274681 +0000 build-ubuntu43: output: I: Unpacking libbinutils:amd64...
2024-05-11 01:17:28.386351 +0000 build-ubuntu43: output: I: Unpacking libc-dev-bin...
2024-05-11 01:17:28.464231 +0000 build-ubuntu43: output: I: Unpacking libc6-dev:amd64...
2024-05-11 01:17:28.990349 +0000 build-ubuntu43: output: I: Unpacking libcc1-0:amd64...
2024-05-11 01:17:29.064047 +0000 build-ubuntu43: output: I: Unpacking libcrypt-dev:amd64...
2024-05-11 01:17:29.150595 +0000 build-ubuntu43: output: I: Unpacking libctf-nobfd0:amd64...
2024-05-11 01:17:29.223784 +0000 build-ubuntu43: output: I: Unpacking libctf0:amd64...
2024-05-11 01:17:29.295785 +0000 build-ubuntu43: output: I: Unpacking libdpkg-perl...
2024-05-11 01:17:29.491109 +0000 build-ubuntu43: output: I: Unpacking libffi8:amd64...
2024-05-11 01:17:29.556016 +0000 build-ubuntu43: output: I: Unpacking libgcc-11-dev:amd64...
2024-05-11 01:17:29.798032 +0000 build-ubuntu43: output: I: Unpacking libgdbm-compat4:amd64...
2024-05-11 01:17:29.890522 +0000 build-ubuntu43: output: I: Unpacking libgdbm6:amd64...
2024-05-11 01:17:29.974197 +0000 build-ubuntu43: output: I: Unpacking libgnutls30:amd64...
2024-05-11 01:17:30.077003 +0000 build-ubuntu43: output: I: Unpacking libgomp1:amd64...
2024-05-11 01:17:30.163632 +0000 build-ubuntu43: output: I: Unpacking libhogweed6:amd64...
2024-05-11 01:17:30.248636 +0000 build-ubuntu43: output: I: Unpacking libidn2-0:amd64...
2024-05-11 01:17:30.338231 +0000 build-ubuntu43: output: I: Unpacking libisl23:amd64...
2024-05-11 01:17:30.446223 +0000 build-ubuntu43: output: I: Unpacking libitm1:amd64...
2024-05-11 01:17:30.522195 +0000 build-ubuntu43: output: I: Unpacking liblsan0:amd64...
2024-05-11 01:17:30.644113 +0000 build-ubuntu43: output: I: Unpacking libmpc3:amd64...
2024-05-11 01:17:30.730657 +0000 build-ubuntu43: output: I: Unpacking libmpfr6:amd64...
2024-05-11 01:17:30.836109 +0000 build-ubuntu43: output: I: Unpacking libnettle8:amd64...
2024-05-11 01:17:30.904256 +0000 build-ubuntu43: output: I: Unpacking libnsl-dev:amd64...
2024-05-11 01:17:30.995650 +0000 build-ubuntu43: output: I: Unpacking libp11-kit0:amd64...
2024-05-11 01:17:31.097090 +0000 build-ubuntu43: output: I: Unpacking libperl5.34:amd64...
2024-05-11 01:17:31.625153 +0000 build-ubuntu43: output: I: Unpacking libquadmath0:amd64...
2024-05-11 01:17:31.710700 +0000 build-ubuntu43: output: I: Unpacking libseccomp2:amd64...
2024-05-11 01:17:31.797698 +0000 build-ubuntu43: output: I: Unpacking libstdc++-11-dev:amd64...
2024-05-11 01:17:32.562791 +0000 build-ubuntu43: output: I: Unpacking libstdc++6:amd64...
2024-05-11 01:17:32.689986 +0000 build-ubuntu43: output: I: Unpacking libtasn1-6:amd64...
2024-05-11 01:17:32.782105 +0000 build-ubuntu43: output: I: Unpacking libtirpc-dev:amd64...
2024-05-11 01:17:32.943267 +0000 build-ubuntu43: output: I: Unpacking libtsan0:amd64...
2024-05-11 01:17:33.088276 +0000 build-ubuntu43: output: I: Unpacking libubsan1:amd64...
2024-05-11 01:17:33.212343 +0000 build-ubuntu43: output: I: Unpacking libunistring2:amd64...
2024-05-11 01:17:33.325701 +0000 build-ubuntu43: output: I: Unpacking libxxhash0:amd64...
2024-05-11 01:17:33.404368 +0000 build-ubuntu43: output: I: Unpacking linux-libc-dev:amd64...
2024-05-11 01:17:34.214296 +0000 build-ubuntu43: output: I: Unpacking lto-disabled-list...
2024-05-11 01:17:34.307566 +0000 build-ubuntu43: output: I: Unpacking make...
2024-05-11 01:17:34.405746 +0000 build-ubuntu43: output: I: Unpacking openssl...
2024-05-11 01:17:34.639778 +0000 build-ubuntu43: output: I: Unpacking patch...
2024-05-11 01:17:34.742864 +0000 build-ubuntu43: output: I: Unpacking perl...
2024-05-11 01:17:34.894044 +0000 build-ubuntu43: output: I: Unpacking perl-modules-5.34...
2024-05-11 01:17:35.903809 +0000 build-ubuntu43: output: I: Unpacking rpcsvc-proto...
2024-05-11 01:17:35.998806 +0000 build-ubuntu43: output: I: Unpacking ubuntu-keyring...
2024-05-11 01:17:36.080532 +0000 build-ubuntu43: output: I: Unpacking xz-utils...
2024-05-11 01:17:36.230072 +0000 build-ubuntu43: output: I: Configuring the base system...
2024-05-11 01:17:36.244798 +0000 build-ubuntu43: output: I: Configuring gcc-11-base:amd64...
2024-05-11 01:17:36.265240 +0000 build-ubuntu43: output: I: Configuring adduser...
2024-05-11 01:17:36.381157 +0000 build-ubuntu43: output: I: Configuring lto-disabled-list...
2024-05-11 01:17:36.394035 +0000 build-ubuntu43: output: I: Configuring binutils-common:amd64...
2024-05-11 01:17:36.428513 +0000 build-ubuntu43: output: I: Configuring libunistring2:amd64...
2024-05-11 01:17:36.441454 +0000 build-ubuntu43: output: I: Configuring linux-libc-dev:amd64...
2024-05-11 01:17:36.455098 +0000 build-ubuntu43: output: I: Configuring libctf-nobfd0:amd64...
2024-05-11 01:17:36.469915 +0000 build-ubuntu43: output: I: Configuring libidn2-0:amd64...
2024-05-11 01:17:36.482987 +0000 build-ubuntu43: output: I: Configuring libgomp1:amd64...
2024-05-11 01:17:36.498613 +0000 build-ubuntu43: output: I: Configuring perl-modules-5.34...
2024-05-11 01:17:36.512432 +0000 build-ubuntu43: output: I: Configuring bzip2...
2024-05-11 01:17:36.525977 +0000 build-ubuntu43: output: I: Configuring ubuntu-keyring...
2024-05-11 01:17:36.540458 +0000 build-ubuntu43: output: I: Configuring libseccomp2:amd64...
2024-05-11 01:17:36.564205 +0000 build-ubuntu43: output: I: Configuring libasan6:amd64...
2024-05-11 01:17:36.586664 +0000 build-ubuntu43: output: I: Configuring libtirpc-dev:amd64...
2024-05-11 01:17:36.608414 +0000 build-ubuntu43: output: I: Configuring rpcsvc-proto...
2024-05-11 01:17:36.638236 +0000 build-ubuntu43: output: I: Configuring libnettle8:amd64...
2024-05-11 01:17:36.660438 +0000 build-ubuntu43: output: I: Configuring make...
2024-05-11 01:17:36.684394 +0000 build-ubuntu43: output: I: Configuring libmpfr6:amd64...
2024-05-11 01:17:36.709706 +0000 build-ubuntu43: output: I: Configuring xz-utils...
2024-05-11 01:17:36.747575 +0000 build-ubuntu43: output: I: Configuring libquadmath0:amd64...
2024-05-11 01:17:36.774463 +0000 build-ubuntu43: output: I: Configuring libmpc3:amd64...
2024-05-11 01:17:36.798268 +0000 build-ubuntu43: output: I: Configuring libatomic1:amd64...
2024-05-11 01:17:36.824023 +0000 build-ubuntu43: output: I: Configuring patch...
2024-05-11 01:17:36.843667 +0000 build-ubuntu43: output: I: Configuring libffi8:amd64...
2024-05-11 01:17:36.865214 +0000 build-ubuntu43: output: I: Configuring libnsl-dev:amd64...
2024-05-11 01:17:36.890508 +0000 build-ubuntu43: output: I: Configuring gpgv...
2024-05-11 01:17:36.911025 +0000 build-ubuntu43: output: I: Configuring libcrypt-dev:amd64...
2024-05-11 01:17:36.935556 +0000 build-ubuntu43: output: I: Configuring libxxhash0:amd64...
2024-05-11 01:17:36.957037 +0000 build-ubuntu43: output: I: Configuring libtasn1-6:amd64...
2024-05-11 01:17:36.982098 +0000 build-ubuntu43: output: I: Configuring libbinutils:amd64...
2024-05-11 01:17:37.003039 +0000 build-ubuntu43: output: I: Configuring libisl23:amd64...
2024-05-11 01:17:37.030048 +0000 build-ubuntu43: output: I: Configuring libc-dev-bin...
2024-05-11 01:17:37.064191 +0000 build-ubuntu43: output: I: Configuring openssl...
2024-05-11 01:17:37.089495 +0000 build-ubuntu43: output: I: Configuring libstdc++6:amd64...
2024-05-11 01:17:37.109771 +0000 build-ubuntu43: output: I: Configuring liblsan0:amd64...
2024-05-11 01:17:37.133196 +0000 build-ubuntu43: output: I: Configuring libitm1:amd64...
2024-05-11 01:17:37.161315 +0000 build-ubuntu43: output: I: Configuring libgdbm6:amd64...
2024-05-11 01:17:37.186478 +0000 build-ubuntu43: output: I: Configuring libtsan0:amd64...
2024-05-11 01:17:37.212060 +0000 build-ubuntu43: output: I: Configuring libctf0:amd64...
2024-05-11 01:17:37.234074 +0000 build-ubuntu43: output: I: Configuring cpp-11...
2024-05-11 01:17:37.260551 +0000 build-ubuntu43: output: I: Configuring libhogweed6:amd64...
2024-05-11 01:17:37.282847 +0000 build-ubuntu43: output: I: Configuring ca-certificates...
2024-05-11 01:17:38.179252 +0000 build-ubuntu43: output: I: Configuring libapt-pkg6.0:amd64...
2024-05-11 01:17:38.209134 +0000 build-ubuntu43: output: I: Configuring libp11-kit0:amd64...
2024-05-11 01:17:38.231739 +0000 build-ubuntu43: output: I: Configuring libgdbm-compat4:amd64...
2024-05-11 01:17:38.255266 +0000 build-ubuntu43: output: I: Configuring libubsan1:amd64...
2024-05-11 01:17:38.280865 +0000 build-ubuntu43: output: I: Configuring libgcc-11-dev:amd64...
2024-05-11 01:17:38.302787 +0000 build-ubuntu43: output: I: Configuring cpp...
2024-05-11 01:17:38.335770 +0000 build-ubuntu43: output: I: Configuring libc6-dev:amd64...
2024-05-11 01:17:38.358039 +0000 build-ubuntu43: output: I: Configuring libcc1-0:amd64...
2024-05-11 01:17:38.384304 +0000 build-ubuntu43: output: I: Configuring binutils-x86-64-linux-gnu...
2024-05-11 01:17:38.408145 +0000 build-ubuntu43: output: I: Configuring libperl5.34:amd64...
2024-05-11 01:17:38.433959 +0000 build-ubuntu43: output: I: Configuring binutils...
2024-05-11 01:17:38.463238 +0000 build-ubuntu43: output: I: Configuring perl...
2024-05-11 01:17:38.501329 +0000 build-ubuntu43: output: I: Configuring libgnutls30:amd64...
2024-05-11 01:17:38.527351 +0000 build-ubuntu43: output: I: Configuring libdpkg-perl...
2024-05-11 01:17:38.551063 +0000 build-ubuntu43: output: I: Configuring libstdc++-11-dev:amd64...
2024-05-11 01:17:38.572991 +0000 build-ubuntu43: output: I: Configuring gcc-11...
2024-05-11 01:17:38.706005 +0000 build-ubuntu43: output: I: Configuring apt...
2024-05-11 01:17:38.995954 +0000 build-ubuntu43: output: I: Configuring g++-11...
2024-05-11 01:17:39.011453 +0000 build-ubuntu43: output: I: Configuring gcc...
2024-05-11 01:17:39.065619 +0000 build-ubuntu43: output: I: Configuring dpkg-dev...
2024-05-11 01:17:39.086502 +0000 build-ubuntu43: output: I: Configuring g++...
2024-05-11 01:17:39.140713 +0000 build-ubuntu43: output: I: Configuring build-essential...
2024-05-11 01:17:39.155441 +0000 build-ubuntu43: output: I: Configuring libc-bin...
2024-05-11 01:17:39.186789 +0000 build-ubuntu43: output: I: Configuring ca-certificates...
2024-05-11 01:17:39.672664 +0000 build-ubuntu43: output: I: Base system installed successfully.
2024-05-11 01:17:39.749654 +0000 build-ubuntu43: output: I: debootstrap finished
2024-05-11 01:17:39.750666 +0000 build-ubuntu43: output: I: copying local configuration
2024-05-11 01:17:39.756390 +0000 build-ubuntu43: output: W: No local /etc/hostname to copy, relying on /builder/pbuilder/build/2289/etc/hostname to be correct
2024-05-11 01:17:39.756422 +0000 build-ubuntu43: output: W: No local /etc/mailname to copy, relying on /builder/pbuilder/build/2289/etc/mailname to be correct
2024-05-11 01:17:39.760911 +0000 build-ubuntu43: output: I: Installing apt-lines
2024-05-11 01:17:39.849910 +0000 build-ubuntu43: output: I: Refreshing the base.tgz
2024-05-11 01:17:39.849959 +0000 build-ubuntu43: output: I: upgrading packages
2024-05-11 01:17:39.849996 +0000 build-ubuntu43: output: I: mounting /proc filesystem
2024-05-11 01:17:39.855715 +0000 build-ubuntu43: output: I: mounting /sys filesystem
2024-05-11 01:17:39.859005 +0000 build-ubuntu43: output: I: creating /{dev,run}/shm
2024-05-11 01:17:39.866643 +0000 build-ubuntu43: output: I: mounting /dev/pts filesystem
2024-05-11 01:17:39.868766 +0000 build-ubuntu43: output: I: redirecting /dev/ptmx to /dev/pts/ptmx
2024-05-11 01:17:39.872712 +0000 build-ubuntu43: output: I: mounting selinux filesystem
2024-05-11 01:17:39.877249 +0000 build-ubuntu43: output: I: Mounting /builder/repository to /tmp/qubes-deb
2024-05-11 01:17:39.880010 +0000 build-ubuntu43: output: I: installing dummy policy-rc.d
2024-05-11 01:17:39.913934 +0000 build-ubuntu43: output: Get:1 file:/tmp/qubes-deb jammy InRelease
2024-05-11 01:17:39.913988 +0000 build-ubuntu43: output: Ign:1 file:/tmp/qubes-deb jammy InRelease
2024-05-11 01:17:39.913995 +0000 build-ubuntu43: output: Get:2 file:/tmp/qubes-deb jammy Release [3865 B]
2024-05-11 01:17:39.920337 +0000 build-ubuntu43: output: Get:2 file:/tmp/qubes-deb jammy Release [3865 B]
2024-05-11 01:17:39.920378 +0000 build-ubuntu43: output: Get:3 file:/tmp/qubes-deb jammy Release.gpg
2024-05-11 01:17:39.920652 +0000 build-ubuntu43: output: Ign:3 file:/tmp/qubes-deb jammy Release.gpg
2024-05-11 01:17:39.920884 +0000 build-ubuntu43: output: Get:4 file:/tmp/qubes-deb jammy/main amd64 Packages [17.8 kB]
2024-05-11 01:17:43.374214 +0000 build-ubuntu43: output: Hit:5 https://fr.archive.ubuntu.com/ubuntu jammy InRelease
2024-05-11 01:17:44.103141 +0000 build-ubuntu43: output: Get:6 https://fr.archive.ubuntu.com/ubuntu jammy/multiverse amd64 Packages [217 kB]
2024-05-11 01:17:52.718817 +0000 build-ubuntu43: output: Get:7 https://fr.archive.ubuntu.com/ubuntu jammy/universe amd64 Packages [14.1 MB]
2024-05-11 01:21:16.473473 +0000 build-ubuntu43: output: Get:8 https://fr.archive.ubuntu.com/ubuntu jammy/restricted amd64 Packages [129 kB]
2024-05-11 01:21:20.553114 +0000 build-ubuntu43: output: Fetched 14.4 MB in 3min 41s (65.4 kB/s)
2024-05-11 01:21:21.183378 +0000 build-ubuntu43: output: Reading package lists...
2024-05-11 01:21:21.221593 +0000 build-ubuntu43: output: I: Obtaining the cached apt archive contents
2024-05-11 01:21:21.224359 +0000 build-ubuntu43: output: ln: failed to create hard link '/builder/pbuilder/build/2289/var/cache/apt/archives/dash_0.5.11+git20210903+057cd650a4ed-3build1_amd64.deb': File exists
2024-05-11 01:21:21.225222 +0000 build-ubuntu43: output: ln: failed to create hard link '/builder/pbuilder/build/2289/var/cache/apt/archives/zlib1g_1%3a1.2.11.dfsg-2ubuntu9_amd64.deb': File exists
2024-05-11 01:21:21.226248 +0000 build-ubuntu43: output: ln: failed to create hard link '/builder/pbuilder/build/2289/var/cache/apt/archives/make_4.3-4.1build1_amd64.deb': File exists
2024-05-11 01:21:21.227421 +0000 build-ubuntu43: output: ln: failed to create hard link '/builder/pbuilder/build/2289/var/cache/apt/archives/libhogweed6_3.7.3-1build2_amd64.deb': File exists
2024-05-11 01:21:21.228144 +0000 build-ubuntu43: output: ln: failed to create hard link '/builder/pbuilder/build/2289/var/cache/apt/archives/libnettle8_3.7.3-1build2_amd64.deb': File exists
2024-05-11 01:21:21.229447 +0000 build-ubuntu43: output: ln: failed to create hard link '/builder/pbuilder/build/2289/var/cache/apt/archives/libacl1_2.3.1-1_amd64.deb': File exists
2024-05-11 01:21:21.230369 +0000 build-ubuntu43: output: ln: failed to create hard link '/builder/pbuilder/build/2289/var/cache/apt/archives/perl-modules-5.34_5.34.0-3ubuntu1_all.deb': File exists
2024-05-11 01:21:21.231470 +0000 build-ubuntu43: output: ln: failed to create hard link '/builder/pbuilder/build/2289/var/cache/apt/archives/dpkg_1.21.1ubuntu2_amd64.deb': File exists
2024-05-11 01:21:21.232519 +0000 build-ubuntu43: output: ln: failed to create hard link '/builder/pbuilder/build/2289/var/cache/apt/archives/libprocps8_2%3a3.3.17-6ubuntu2_amd64.deb': File exists
2024-05-11 01:21:21.233427 +0000 build-ubuntu43: output: ln: failed to create hard link '/builder/pbuilder/build/2289/var/cache/apt/archives/procps_2%3a3.3.17-6ubuntu2_amd64.deb': File exists
2024-05-11 01:21:21.234514 +0000 build-ubuntu43: output: ln: failed to create hard link '/builder/pbuilder/build/2289/var/cache/apt/archives/gzip_1.10-4ubuntu4_amd64.deb': File exists
2024-05-11 01:21:21.235532 +0000 build-ubuntu43: output: ln: failed to create hard link '/builder/pbuilder/build/2289/var/cache/apt/archives/g++_4%3a11.2.0-1ubuntu1_amd64.deb': File exists
2024-05-11 01:21:21.236659 +0000 build-ubuntu43: output: ln: failed to create hard link '/builder/pbuilder/build/2289/var/cache/apt/archives/gcc_4%3a11.2.0-1ubuntu1_amd64.deb': File exists
2024-05-11 01:21:21.237236 +0000 build-ubuntu43: output: ln: failed to create hard link '/builder/pbuilder/build/2289/var/cache/apt/archives/libudev1_249.11-0ubuntu3_amd64.deb': File exists
2024-05-11 01:21:21.238285 +0000 build-ubuntu43: output: ln: failed to create hard link '/builder/pbuilder/build/2289/var/cache/apt/archives/gpgv_2.2.27-3ubuntu2_amd64.deb': File exists
2024-05-11 01:21:21.238623 +0000 build-ubuntu43: output: ln: failed to create hard link '/builder/pbuilder/build/2289/var/cache/apt/archives/libaudit-common_1%3a3.0.7-1build1_all.deb': File exists
2024-05-11 01:21:21.239886 +0000 build-ubuntu43: output: ln: failed to create hard link '/builder/pbuilder/build/2289/var/cache/apt/archives/diffutils_1%3a3.8-0ubuntu2_amd64.deb': File exists
2024-05-11 01:21:21.240300 +0000 build-ubuntu43: output: ln: failed to create hard link '/builder/pbuilder/build/2289/var/cache/apt/archives/libtirpc3_1.3.2-2build1_amd64.deb': File exists
2024-05-11 01:21:21.241235 +0000 build-ubuntu43: output: ln: failed to create hard link '/builder/pbuilder/build/2289/var/cache/apt/archives/libgdbm6_1.23-1_amd64.deb': File exists
2024-05-11 01:21:21.241817 +0000 build-ubuntu43: output: ln: failed to create hard link '/builder/pbuilder/build/2289/var/cache/apt/archives/libselinux1_3.3-1build2_amd64.deb': File exists
2024-05-11 01:21:21.242335 +0000 build-ubuntu43: output: ln: failed to create hard link '/builder/pbuilder/build/2289/var/cache/apt/archives/libgdbm-compat4_1.23-1_amd64.deb': File exists
2024-05-11 01:21:21.243045 +0000 build-ubuntu43: output: ln: failed to create hard link '/builder/pbuilder/build/2289/var/cache/apt/archives/libpam-modules-bin_1.4.0-11ubuntu2_amd64.deb': File exists
2024-05-11 01:21:21.243563 +0000 build-ubuntu43: output: ln: failed to create hard link '/builder/pbuilder/build/2289/var/cache/apt/archives/libuuid1_2.37.2-4ubuntu3_amd64.deb': File exists
2024-05-11 01:21:21.244580 +0000 build-ubuntu43: output: ln: failed to create hard link '/builder/pbuilder/build/2289/var/cache/apt/archives/libsemanage-common_3.3-1build2_all.deb': File exists
2024-05-11 01:21:21.245151 +0000 build-ubuntu43: output: ln: failed to create hard link '/builder/pbuilder/build/2289/var/cache/apt/archives/binutils-x86-64-linux-gnu_2.38-3ubuntu1_amd64.deb': File exists
2024-05-11 01:21:21.245715 +0000 build-ubuntu43: output: ln: failed to create hard link '/builder/pbuilder/build/2289/var/cache/apt/archives/libncurses6_6.3-2_amd64.deb': File exists
2024-05-11 01:21:21.246198 +0000 build-ubuntu43: output: ln: failed to create hard link '/builder/pbuilder/build/2289/var/cache/apt/archives/libtirpc-dev_1.3.2-2build1_amd64.deb': File exists
2024-05-11 01:21:21.247320 +0000 build-ubuntu43: output: ln: failed to create hard link '/builder/pbuilder/build/2289/var/cache/apt/archives/libssl3_3.0.2-0ubuntu1_amd64.deb': File exists
2024-05-11 01:21:21.247600 +0000 build-ubuntu43: output: ln: failed to create hard link '/builder/pbuilder/build/2289/var/cache/apt/archives/debianutils_5.5-1ubuntu2_amd64.deb': File exists
2024-05-11 01:21:21.248296 +0000 build-ubuntu43: output: ln: failed to create hard link '/builder/pbuilder/build/2289/var/cache/apt/archives/libext2fs2_1.46.5-2ubuntu1_amd64.deb': File exists
2024-05-11 01:21:21.249084 +0000 build-ubuntu43: output: ln: failed to create hard link '/builder/pbuilder/build/2289/var/cache/apt/archives/init-system-helpers_1.62_all.deb': File exists
2024-05-11 01:21:21.249648 +0000 build-ubuntu43: output: ln: failed to create hard link '/builder/pbuilder/build/2289/var/cache/apt/archives/cpp_4%3a11.2.0-1ubuntu1_amd64.deb': File exists
2024-05-11 01:21:21.250654 +0000 build-ubuntu43: output: ln: failed to create hard link '/builder/pbuilder/build/2289/var/cache/apt/archives/libaudit1_1%3a3.0.7-1build1_amd64.deb': File exists
2024-05-11 01:21:21.251634 +0000 build-ubuntu43: output: ln: failed to create hard link '/builder/pbuilder/build/2289/var/cache/apt/archives/coreutils_8.32-4.1ubuntu1_amd64.deb': File exists
2024-05-11 01:21:21.252144 +0000 build-ubuntu43: output: ln: failed to create hard link '/builder/pbuilder/build/2289/var/cache/apt/archives/bash_5.1-6ubuntu1_amd64.deb': File exists
2024-05-11 01:21:21.253102 +0000 build-ubuntu43: output: ln: failed to create hard link '/builder/pbuilder/build/2289/var/cache/apt/archives/bsdutils_1%3a2.37.2-4ubuntu3_amd64.deb': File exists
2024-05-11 01:21:21.253643 +0000 build-ubuntu43: output: ln: failed to create hard link '/builder/pbuilder/build/2289/var/cache/apt/archives/libc6_2.35-0ubuntu3_amd64.deb': File exists
2024-05-11 01:21:21.254213 +0000 build-ubuntu43: output: ln: failed to create hard link '/builder/pbuilder/build/2289/var/cache/apt/archives/ncurses-bin_6.3-2_amd64.deb': File exists
2024-05-11 01:21:21.254903 +0000 build-ubuntu43: output: ln: failed to create hard link '/builder/pbuilder/build/2289/var/cache/apt/archives/apt_2.4.5_amd64.deb': File exists
2024-05-11 01:21:21.255238 +0000 build-ubuntu43: output: ln: failed to create hard link '/builder/pbuilder/build/2289/var/cache/apt/archives/hostname_3.23ubuntu2_amd64.deb': File exists
2024-05-11 01:21:21.256329 +0000 build-ubuntu43: output: ln: failed to create hard link '/builder/pbuilder/build/2289/var/cache/apt/archives/libpam-modules_1.4.0-11ubuntu2_amd64.deb': File exists
2024-05-11 01:21:21.256902 +0000 build-ubuntu43: output: ln: failed to create hard link '/builder/pbuilder/build/2289/var/cache/apt/archives/build-essential_12.9ubuntu3_amd64.deb': File exists
2024-05-11 01:21:21.257864 +0000 build-ubuntu43: output: ln: failed to create hard link '/builder/pbuilder/build/2289/var/cache/apt/archives/libkeyutils1_1.6.1-2ubuntu3_amd64.deb': File exists
2024-05-11 01:21:21.258513 +0000 build-ubuntu43: output: ln: failed to create hard link '/builder/pbuilder/build/2289/var/cache/apt/archives/libnsl2_1.3.0-2build2_amd64.deb': File exists
2024-05-11 01:21:21.259423 +0000 build-ubuntu43: output: ln: failed to create hard link '/builder/pbuilder/build/2289/var/cache/apt/archives/libgnutls30_3.7.3-4ubuntu1_amd64.deb': File exists
2024-05-11 01:21:21.259927 +0000 build-ubuntu43: output: ln: failed to create hard link '/builder/pbuilder/build/2289/var/cache/apt/archives/libbz2-1.0_1.0.8-5build1_amd64.deb': File exists
2024-05-11 01:21:21.260950 +0000 build-ubuntu43: output: ln: failed to create hard link '/builder/pbuilder/build/2289/var/cache/apt/archives/libkrb5support0_1.19.2-2_amd64.deb': File exists
2024-05-11 01:21:21.261978 +0000 build-ubuntu43: output: ln: failed to create hard link '/builder/pbuilder/build/2289/var/cache/apt/archives/liblzma5_5.2.5-2ubuntu1_amd64.deb': File exists
2024-05-11 01:21:21.262536 +0000 build-ubuntu43: output: ln: failed to create hard link '/builder/pbuilder/build/2289/var/cache/apt/archives/libgcrypt20_1.9.4-3ubuntu3_amd64.deb': File exists
2024-05-11 01:21:21.263043 +0000 build-ubuntu43: output: ln: failed to create hard link '/builder/pbuilder/build/2289/var/cache/apt/archives/libgpg-error0_1.43-3_amd64.deb': File exists
2024-05-11 01:21:21.264089 +0000 build-ubuntu43: output: ln: failed to create hard link '/builder/pbuilder/build/2289/var/cache/apt/archives/gcc-11-base_11.2.0-19ubuntu1_amd64.deb': File exists
2024-05-11 01:21:21.264533 +0000 build-ubuntu43: output: ln: failed to create hard link '/builder/pbuilder/build/2289/var/cache/apt/archives/libbinutils_2.38-3ubuntu1_amd64.deb': File exists
2024-05-11 01:21:21.265134 +0000 build-ubuntu43: output: ln: failed to create hard link '/builder/pbuilder/build/2289/var/cache/apt/archives/libgmp10_2%3a6.2.1+dfsg-3ubuntu1_amd64.deb': File exists
2024-05-11 01:21:21.265622 +0000 build-ubuntu43: output: ln: failed to create hard link '/builder/pbuilder/build/2289/var/cache/apt/archives/libdpkg-perl_1.21.1ubuntu2_all.deb': File exists
2024-05-11 01:21:21.266626 +0000 build-ubuntu43: output: ln: failed to create hard link '/builder/pbuilder/build/2289/var/cache/apt/archives/sensible-utils_0.0.17_all.deb': File exists
2024-05-11 01:21:21.267150 +0000 build-ubuntu43: output: ln: failed to create hard link '/builder/pbuilder/build/2289/var/cache/apt/archives/libtirpc-common_1.3.2-2build1_all.deb': File exists
2024-05-11 01:21:21.267803 +0000 build-ubuntu43: output: ln: failed to create hard link '/builder/pbuilder/build/2289/var/cache/apt/archives/libc-dev-bin_2.35-0ubuntu3_amd64.deb': File exists
2024-05-11 01:21:21.268498 +0000 build-ubuntu43: output: ln: failed to create hard link '/builder/pbuilder/build/2289/var/cache/apt/archives/lsb-base_11.1.0ubuntu4_all.deb': File exists
2024-05-11 01:21:21.268772 +0000 build-ubuntu43: output: ln: failed to create hard link '/builder/pbuilder/build/2289/var/cache/apt/archives/mawk_1.3.4.20200120-3_amd64.deb': File exists
2024-05-11 01:21:21.269881 +0000 build-ubuntu43: output: ln: failed to create hard link '/builder/pbuilder/build/2289/var/cache/apt/archives/libcrypt1_1%3a4.4.27-1_amd64.deb': File exists
2024-05-11 01:21:21.270286 +0000 build-ubuntu43: output: ln: failed to create hard link '/builder/pbuilder/build/2289/var/cache/apt/archives/lto-disabled-list_24_all.deb': File exists
2024-05-11 01:21:21.271323 +0000 build-ubuntu43: output: ln: failed to create hard link '/builder/pbuilder/build/2289/var/cache/apt/archives/logsave_1.46.5-2ubuntu1_amd64.deb': File exists
2024-05-11 01:21:21.271876 +0000 build-ubuntu43: output: ln: failed to create hard link '/builder/pbuilder/build/2289/var/cache/apt/archives/bzip2_1.0.8-5build1_amd64.deb': File exists
2024-05-11 01:21:21.272438 +0000 build-ubuntu43: output: ln: failed to create hard link '/builder/pbuilder/build/2289/var/cache/apt/archives/libcc1-0_12-20220319-1ubuntu1_amd64.deb': File exists
2024-05-11 01:21:21.273061 +0000 build-ubuntu43: output: ln: failed to create hard link '/builder/pbuilder/build/2289/var/cache/apt/archives/mount_2.37.2-4ubuntu3_amd64.deb': File exists
2024-05-11 01:21:21.273582 +0000 build-ubuntu43: output: ln: failed to create hard link '/builder/pbuilder/build/2289/var/cache/apt/archives/libubsan1_12-20220319-1ubuntu1_amd64.deb': File exists
2024-05-11 01:21:21.274054 +0000 build-ubuntu43: output: ln: failed to create hard link '/builder/pbuilder/build/2289/var/cache/apt/archives/findutils_4.8.0-1ubuntu3_amd64.deb': File exists
2024-05-11 01:21:21.275012 +0000 build-ubuntu43: output: ln: failed to create hard link '/builder/pbuilder/build/2289/var/cache/apt/archives/libgomp1_12-20220319-1ubuntu1_amd64.deb': File exists
2024-05-11 01:21:21.275649 +0000 build-ubuntu43: output: ln: failed to create hard link '/builder/pbuilder/build/2289/var/cache/apt/archives/libblkid1_2.37.2-4ubuntu3_amd64.deb': File exists
2024-05-11 01:21:21.276503 +0000 build-ubuntu43: output: ln: failed to create hard link '/builder/pbuilder/build/2289/var/cache/apt/archives/libcap2_1%3a2.44-1build3_amd64.deb': File exists
2024-05-11 01:21:21.277005 +0000 build-ubuntu43: output: ln: failed to create hard link '/builder/pbuilder/build/2289/var/cache/apt/archives/usrmerge_25ubuntu2_all.deb': File exists
2024-05-11 01:21:21.278116 +0000 build-ubuntu43: output: ln: failed to create hard link '/builder/pbuilder/build/2289/var/cache/apt/archives/libpcre3_2%3a8.39-13build5_amd64.deb': File exists
2024-05-11 01:21:21.278553 +0000 build-ubuntu43: output: ln: failed to create hard link '/builder/pbuilder/build/2289/var/cache/apt/archives/libattr1_1%3a2.5.1-1build1_amd64.deb': File exists
2024-05-11 01:21:21.279206 +0000 build-ubuntu43: output: ln: failed to create hard link '/builder/pbuilder/build/2289/var/cache/apt/archives/libncursesw6_6.3-2_amd64.deb': File exists
2024-05-11 01:21:21.279915 +0000 build-ubuntu43: output: ln: failed to create hard link '/builder/pbuilder/build/2289/var/cache/apt/archives/libstdc++-11-dev_11.2.0-19ubuntu1_amd64.deb': File exists
2024-05-11 01:21:21.280288 +0000 build-ubuntu43: output: ln: failed to create hard link '/builder/pbuilder/build/2289/var/cache/apt/archives/passwd_1%3a4.8.1-2ubuntu2_amd64.deb': File exists
2024-05-11 01:21:21.281378 +0000 build-ubuntu43: output: ln: failed to create hard link '/builder/pbuilder/build/2289/var/cache/apt/archives/libsmartcols1_2.37.2-4ubuntu3_amd64.deb': File exists
2024-05-11 01:21:21.281825 +0000 build-ubuntu43: output: ln: failed to create hard link '/builder/pbuilder/build/2289/var/cache/apt/archives/libtasn1-6_4.18.0-4build1_amd64.deb': File exists
2024-05-11 01:21:21.282317 +0000 build-ubuntu43: output: ln: failed to create hard link '/builder/pbuilder/build/2289/var/cache/apt/archives/libunistring2_1.0-1_amd64.deb': File exists
2024-05-11 01:21:21.282900 +0000 build-ubuntu43: output: ln: failed to create hard link '/builder/pbuilder/build/2289/var/cache/apt/archives/perl-base_5.34.0-3ubuntu1_amd64.deb': File exists
2024-05-11 01:21:21.283411 +0000 build-ubuntu43: output: ln: failed to create hard link '/builder/pbuilder/build/2289/var/cache/apt/archives/libp11-kit0_0.24.0-6build1_amd64.deb': File exists
2024-05-11 01:21:21.283935 +0000 build-ubuntu43: output: ln: failed to create hard link '/builder/pbuilder/build/2289/var/cache/apt/archives/login_1%3a4.8.1-2ubuntu2_amd64.deb': File exists
2024-05-11 01:21:21.284866 +0000 build-ubuntu43: output: ln: failed to create hard link '/builder/pbuilder/build/2289/var/cache/apt/archives/libapt-pkg6.0_2.4.5_amd64.deb': File exists
2024-05-11 01:21:21.285984 +0000 build-ubuntu43: output: ln: failed to create hard link '/builder/pbuilder/build/2289/var/cache/apt/archives/e2fsprogs_1.46.5-2ubuntu1_amd64.deb': File exists
2024-05-11 01:21:21.286464 +0000 build-ubuntu43: output: ln: failed to create hard link '/builder/pbuilder/build/2289/var/cache/apt/archives/libffi8_3.4.2-4_amd64.deb': File exists
2024-05-11 01:21:21.286928 +0000 build-ubuntu43: output: ln: failed to create hard link '/builder/pbuilder/build/2289/var/cache/apt/archives/g++-11_11.2.0-19ubuntu1_amd64.deb': File exists
2024-05-11 01:21:21.287957 +0000 build-ubuntu43: output: ln: failed to create hard link '/builder/pbuilder/build/2289/var/cache/apt/archives/libzstd1_1.4.8+dfsg-3build1_amd64.deb': File exists
2024-05-11 01:21:21.288576 +0000 build-ubuntu43: output: ln: failed to create hard link '/builder/pbuilder/build/2289/var/cache/apt/archives/liblz4-1_1.9.3-2build2_amd64.deb': File exists
2024-05-11 01:21:21.289022 +0000 build-ubuntu43: output: ln: failed to create hard link '/builder/pbuilder/build/2289/var/cache/apt/archives/rpcsvc-proto_1.4.2-0ubuntu6_amd64.deb': File exists
2024-05-11 01:21:21.289565 +0000 build-ubuntu43: output: ln: failed to create hard link '/builder/pbuilder/build/2289/var/cache/apt/archives/ca-certificates_20211016_all.deb': File exists
2024-05-11 01:21:21.290695 +0000 build-ubuntu43: output: ln: failed to create hard link '/builder/pbuilder/build/2289/var/cache/apt/archives/libmpc3_1.2.1-2build1_amd64.deb': File exists
2024-05-11 01:21:21.291218 +0000 build-ubuntu43: output: ln: failed to create hard link '/builder/pbuilder/build/2289/var/cache/apt/archives/openssl_3.0.2-0ubuntu1_amd64.deb': File exists
2024-05-11 01:21:21.291711 +0000 build-ubuntu43: output: ln: failed to create hard link '/builder/pbuilder/build/2289/var/cache/apt/archives/liblsan0_12-20220319-1ubuntu1_amd64.deb': File exists
2024-05-11 01:21:21.292836 +0000 build-ubuntu43: output: ln: failed to create hard link '/builder/pbuilder/build/2289/var/cache/apt/archives/libpam-runtime_1.4.0-11ubuntu2_all.deb': File exists
2024-05-11 01:21:21.293221 +0000 build-ubuntu43: output: ln: failed to create hard link '/builder/pbuilder/build/2289/var/cache/apt/archives/libgssapi-krb5-2_1.19.2-2_amd64.deb': File exists
2024-05-11 01:21:21.294273 +0000 build-ubuntu43: output: ln: failed to create hard link '/builder/pbuilder/build/2289/var/cache/apt/archives/libisl23_0.24-2build1_amd64.deb': File exists
2024-05-11 01:21:21.294749 +0000 build-ubuntu43: output: ln: failed to create hard link '/builder/pbuilder/build/2289/var/cache/apt/archives/dpkg-dev_1.21.1ubuntu2_all.deb': File exists
2024-05-11 01:21:21.295972 +0000 build-ubuntu43: output: ln: failed to create hard link '/builder/pbuilder/build/2289/var/cache/apt/archives/perl_5.34.0-3ubuntu1_amd64.deb': File exists
2024-05-11 01:21:21.296722 +0000 build-ubuntu43: output: ln: failed to create hard link '/builder/pbuilder/build/2289/var/cache/apt/archives/libcom-err2_1.46.5-2ubuntu1_amd64.deb': File exists
2024-05-11 01:21:21.297252 +0000 build-ubuntu43: output: ln: failed to create hard link '/builder/pbuilder/build/2289/var/cache/apt/archives/libseccomp2_2.5.3-2ubuntu2_amd64.deb': File exists
2024-05-11 01:21:21.297759 +0000 build-ubuntu43: output: ln: failed to create hard link '/builder/pbuilder/build/2289/var/cache/apt/archives/libc-bin_2.35-0ubuntu3_amd64.deb': File exists
2024-05-11 01:21:21.300045 +0000 build-ubuntu43: output: ln: failed to create hard link '/builder/pbuilder/build/2289/var/cache/apt/archives/adduser_3.118ubuntu5_all.deb': File exists
2024-05-11 01:21:21.307198 +0000 build-ubuntu43: output: ln: failed to create hard link '/builder/pbuilder/build/2289/var/cache/apt/archives/libasan6_11.2.0-19ubuntu1_amd64.deb': File exists
2024-05-11 01:21:21.313729 +0000 build-ubuntu43: output: ln: failed to create hard link '/builder/pbuilder/build/2289/var/cache/apt/archives/libnsl-dev_1.3.0-2build2_amd64.deb': File exists
2024-05-11 01:21:21.319738 +0000 build-ubuntu43: output: ln: failed to create hard link '/builder/pbuilder/build/2289/var/cache/apt/archives/libgcc-11-dev_11.2.0-19ubuntu1_amd64.deb': File exists
2024-05-11 01:21:21.324231 +0000 build-ubuntu43: output: ln: failed to create hard link '/builder/pbuilder/build/2289/var/cache/apt/archives/libk5crypto3_1.19.2-2_amd64.deb': File exists
2024-05-11 01:21:21.328065 +0000 build-ubuntu43: output: ln: failed to create hard link '/builder/pbuilder/build/2289/var/cache/apt/archives/libidn2-0_2.3.2-2build1_amd64.deb': File exists
2024-05-11 01:21:21.333197 +0000 build-ubuntu43: output: ln: failed to create hard link '/builder/pbuilder/build/2289/var/cache/apt/archives/libsystemd0_249.11-0ubuntu3_amd64.deb': File exists
2024-05-11 01:21:21.336305 +0000 build-ubuntu43: output: ln: failed to create hard link '/builder/pbuilder/build/2289/var/cache/apt/archives/ubuntu-keyring_2021.03.26_all.deb': File exists
2024-05-11 01:21:21.340658 +0000 build-ubuntu43: output: ln: failed to create hard link '/builder/pbuilder/build/2289/var/cache/apt/archives/libpcre2-8-0_10.39-3build1_amd64.deb': File exists
2024-05-11 01:21:21.344736 +0000 build-ubuntu43: output: ln: failed to create hard link '/builder/pbuilder/build/2289/var/cache/apt/archives/cpp-11_11.2.0-19ubuntu1_amd64.deb': File exists
2024-05-11 01:21:21.349162 +0000 build-ubuntu43: output: ln: failed to create hard link '/builder/pbuilder/build/2289/var/cache/apt/archives/libctf-nobfd0_2.38-3ubuntu1_amd64.deb': File exists
2024-05-11 01:21:21.352282 +0000 build-ubuntu43: output: ln: failed to create hard link '/builder/pbuilder/build/2289/var/cache/apt/archives/sed_4.8-1ubuntu2_amd64.deb': File exists
2024-05-11 01:21:21.357300 +0000 build-ubuntu43: output: ln: failed to create hard link '/builder/pbuilder/build/2289/var/cache/apt/archives/libxxhash0_0.8.1-1_amd64.deb': File exists
2024-05-11 01:21:21.360472 +0000 build-ubuntu43: output: ln: failed to create hard link '/builder/pbuilder/build/2289/var/cache/apt/archives/patch_2.7.6-7build2_amd64.deb': File exists
2024-05-11 01:21:21.366132 +0000 build-ubuntu43: output: ln: failed to create hard link '/builder/pbuilder/build/2289/var/cache/apt/archives/libquadmath0_12-20220319-1ubuntu1_amd64.deb': File exists
2024-05-11 01:21:21.370357 +0000 build-ubuntu43: output: ln: failed to create hard link '/builder/pbuilder/build/2289/var/cache/apt/archives/libpam0g_1.4.0-11ubuntu2_amd64.deb': File exists
2024-05-11 01:21:21.374814 +0000 build-ubuntu43: output: ln: failed to create hard link '/builder/pbuilder/build/2289/var/cache/apt/archives/libctf0_2.38-3ubuntu1_amd64.deb': File exists
2024-05-11 01:21:21.376683 +0000 build-ubuntu43: output: ln: failed to create hard link '/builder/pbuilder/build/2289/var/cache/apt/archives/gcc-11_11.2.0-19ubuntu1_amd64.deb': File exists
2024-05-11 01:21:21.380356 +0000 build-ubuntu43: output: ln: failed to create hard link '/builder/pbuilder/build/2289/var/cache/apt/archives/libcap-ng0_0.7.9-2.2build3_amd64.deb': File exists
2024-05-11 01:21:21.384935 +0000 build-ubuntu43: output: ln: failed to create hard link '/builder/pbuilder/build/2289/var/cache/apt/archives/libtsan0_11.2.0-19ubuntu1_amd64.deb': File exists
2024-05-11 01:21:21.387343 +0000 build-ubuntu43: output: ln: failed to create hard link '/builder/pbuilder/build/2289/var/cache/apt/archives/linux-libc-dev_5.15.0-25.25_amd64.deb': File exists
2024-05-11 01:21:21.388734 +0000 build-ubuntu43: output: ln: failed to create hard link '/builder/pbuilder/build/2289/var/cache/apt/archives/libkrb5-3_1.19.2-2_amd64.deb': File exists
2024-05-11 01:21:21.388851 +0000 build-ubuntu43: output: ln: failed to create hard link '/builder/pbuilder/build/2289/var/cache/apt/archives/base-passwd_3.5.52build1_amd64.deb': File exists
2024-05-11 01:21:21.389655 +0000 build-ubuntu43: output: ln: failed to create hard link '/builder/pbuilder/build/2289/var/cache/apt/archives/gcc-12-base_12-20220319-1ubuntu1_amd64.deb': File exists
2024-05-11 01:21:21.390366 +0000 build-ubuntu43: output: ln: failed to create hard link '/builder/pbuilder/build/2289/var/cache/apt/archives/libsemanage2_3.3-1build2_amd64.deb': File exists
2024-05-11 01:21:21.391049 +0000 build-ubuntu43: output: ln: failed to create hard link '/builder/pbuilder/build/2289/var/cache/apt/archives/sysvinit-utils_3.01-1ubuntu1_amd64.deb': File exists
2024-05-11 01:21:21.391809 +0000 build-ubuntu43: output: ln: failed to create hard link '/builder/pbuilder/build/2289/var/cache/apt/archives/debconf_1.5.79ubuntu1_all.deb': File exists
2024-05-11 01:21:21.392538 +0000 build-ubuntu43: output: ln: failed to create hard link '/builder/pbuilder/build/2289/var/cache/apt/archives/grep_3.7-1build1_amd64.deb': File exists
2024-05-11 01:21:21.393181 +0000 build-ubuntu43: output: ln: failed to create hard link '/builder/pbuilder/build/2289/var/cache/apt/archives/libatomic1_12-20220319-1ubuntu1_amd64.deb': File exists
2024-05-11 01:21:21.393885 +0000 build-ubuntu43: output: ln: failed to create hard link '/builder/pbuilder/build/2289/var/cache/apt/archives/binutils_2.38-3ubuntu1_amd64.deb': File exists
2024-05-11 01:21:21.394536 +0000 build-ubuntu43: output: ln: failed to create hard link '/builder/pbuilder/build/2289/var/cache/apt/archives/libstdc++6_12-20220319-1ubuntu1_amd64.deb': File exists
2024-05-11 01:21:21.395613 +0000 build-ubuntu43: output: ln: failed to create hard link '/builder/pbuilder/build/2289/var/cache/apt/archives/base-files_12ubuntu4_amd64.deb': File exists
2024-05-11 01:21:21.396546 +0000 build-ubuntu43: output: ln: failed to create hard link '/builder/pbuilder/build/2289/var/cache/apt/archives/libss2_1.46.5-2ubuntu1_amd64.deb': File exists
2024-05-11 01:21:21.396789 +0000 build-ubuntu43: output: ln: failed to create hard link '/builder/pbuilder/build/2289/var/cache/apt/archives/ncurses-base_6.3-2_all.deb': File exists
2024-05-11 01:21:21.397844 +0000 build-ubuntu43: output: ln: failed to create hard link '/builder/pbuilder/build/2289/var/cache/apt/archives/libc6-dev_2.35-0ubuntu3_amd64.deb': File exists
2024-05-11 01:21:21.398075 +0000 build-ubuntu43: output: ln: failed to create hard link '/builder/pbuilder/build/2289/var/cache/apt/archives/xz-utils_5.2.5-2ubuntu1_amd64.deb': File exists
2024-05-11 01:21:21.398850 +0000 build-ubuntu43: output: ln: failed to create hard link '/builder/pbuilder/build/2289/var/cache/apt/archives/libdebconfclient0_0.261ubuntu1_amd64.deb': File exists
2024-05-11 01:21:21.399542 +0000 build-ubuntu43: output: ln: failed to create hard link '/builder/pbuilder/build/2289/var/cache/apt/archives/libgcc-s1_12-20220319-1ubuntu1_amd64.deb': File exists
2024-05-11 01:21:21.400688 +0000 build-ubuntu43: output: ln: failed to create hard link '/builder/pbuilder/build/2289/var/cache/apt/archives/tar_1.34+dfsg-1build3_amd64.deb': File exists
2024-05-11 01:21:21.400806 +0000 build-ubuntu43: output: ln: failed to create hard link '/builder/pbuilder/build/2289/var/cache/apt/archives/libtinfo6_6.3-2_amd64.deb': File exists
2024-05-11 01:21:21.401726 +0000 build-ubuntu43: output: ln: failed to create hard link '/builder/pbuilder/build/2289/var/cache/apt/archives/libdb5.3_5.3.28+dfsg1-0.8ubuntu3_amd64.deb': File exists
2024-05-11 01:21:21.402481 +0000 build-ubuntu43: output: ln: failed to create hard link '/builder/pbuilder/build/2289/var/cache/apt/archives/libmpfr6_4.1.0-3build3_amd64.deb': File exists
2024-05-11 01:21:21.403339 +0000 build-ubuntu43: output: ln: failed to create hard link '/builder/pbuilder/build/2289/var/cache/apt/archives/libitm1_12-20220319-1ubuntu1_amd64.deb': File exists
2024-05-11 01:21:21.409851 +0000 build-ubuntu43: output: ln: failed to create hard link '/builder/pbuilder/build/2289/var/cache/apt/archives/libcrypt-dev_1%3a4.4.27-1_amd64.deb': File exists
2024-05-11 01:21:21.412073 +0000 build-ubuntu43: output: ln: failed to create hard link '/builder/pbuilder/build/2289/var/cache/apt/archives/binutils-common_2.38-3ubuntu1_amd64.deb': File exists
2024-05-11 01:21:21.413969 +0000 build-ubuntu43: output: ln: failed to create hard link '/builder/pbuilder/build/2289/var/cache/apt/archives/util-linux_2.37.2-4ubuntu3_amd64.deb': File exists
2024-05-11 01:21:21.414653 +0000 build-ubuntu43: output: ln: failed to create hard link '/builder/pbuilder/build/2289/var/cache/apt/archives/libsepol2_3.3-1build1_amd64.deb': File exists
2024-05-11 01:21:21.415964 +0000 build-ubuntu43: output: ln: failed to create hard link '/builder/pbuilder/build/2289/var/cache/apt/archives/libmount1_2.37.2-4ubuntu3_amd64.deb': File exists
2024-05-11 01:21:21.416329 +0000 build-ubuntu43: output: ln: failed to create hard link '/builder/pbuilder/build/2289/var/cache/apt/archives/libperl5.34_5.34.0-3ubuntu1_amd64.deb': File exists
2024-05-11 01:21:21.437102 +0000 build-ubuntu43: output: Reading package lists...
2024-05-11 01:21:21.554705 +0000 build-ubuntu43: output: Building dependency tree...
2024-05-11 01:21:21.646646 +0000 build-ubuntu43: output: Calculating upgrade...
2024-05-11 01:21:21.767055 +0000 build-ubuntu43: output: 0 upgraded, 0 newly installed, 0 to remove and 0 not upgraded.
2024-05-11 01:21:21.786547 +0000 build-ubuntu43: output: Reading package lists...
2024-05-11 01:21:21.879935 +0000 build-ubuntu43: output: Building dependency tree...
2024-05-11 01:21:21.992726 +0000 build-ubuntu43: output: build-essential is already the newest version (12.9ubuntu3).
2024-05-11 01:21:21.992777 +0000 build-ubuntu43: output: dpkg-dev is already the newest version (1.21.1ubuntu2).
2024-05-11 01:21:21.992785 +0000 build-ubuntu43: output: The following additional packages will be installed:
2024-05-11 01:21:21.992791 +0000 build-ubuntu43: output:   aptitude-common libboost-iostreams1.74.0 libcwidget4 libsigc++-2.0-0v5
2024-05-11 01:21:21.992797 +0000 build-ubuntu43: output:   libsqlite3-0 libxapian30
2024-05-11 01:21:21.992955 +0000 build-ubuntu43: output: Suggested packages:
2024-05-11 01:21:21.993130 +0000 build-ubuntu43: output:   apt-xapian-index aptitude-doc-en | aptitude-doc debtags tasksel
2024-05-11 01:21:21.993256 +0000 build-ubuntu43: output:   libcwidget-dev xapian-tools
2024-05-11 01:21:22.006550 +0000 build-ubuntu43: output: The following NEW packages will be installed:
2024-05-11 01:21:22.006599 +0000 build-ubuntu43: output:   aptitude aptitude-common libboost-iostreams1.74.0 libcwidget4
2024-05-11 01:21:22.006630 +0000 build-ubuntu43: output:   libsigc++-2.0-0v5 libsqlite3-0 libxapian30
2024-05-11 01:21:23.908414 +0000 build-ubuntu43: output: 0 upgraded, 7 newly installed, 0 to remove and 0 not upgraded.
2024-05-11 01:21:23.908506 +0000 build-ubuntu43: output: Need to get 4726 kB of archives.
2024-05-11 01:21:23.908608 +0000 build-ubuntu43: output: After this operation, 21.2 MB of additional disk space will be used.
2024-05-11 01:21:23.908640 +0000 build-ubuntu43: output: Get:1 https://fr.archive.ubuntu.com/ubuntu jammy/main amd64 libsqlite3-0 amd64 3.37.2-2 [643 kB]
2024-05-11 01:21:33.391427 +0000 build-ubuntu43: output: Get:2 https://fr.archive.ubuntu.com/ubuntu jammy/universe amd64 aptitude-common all 0.8.13-3ubuntu1 [1719 kB]
2024-05-11 01:21:49.473232 +0000 build-ubuntu43: output: Get:3 https://fr.archive.ubuntu.com/ubuntu jammy/main amd64 libboost-iostreams1.74.0 amd64 1.74.0-14ubuntu3 [245 kB]
2024-05-11 01:21:53.632790 +0000 build-ubuntu43: output: Get:4 https://fr.archive.ubuntu.com/ubuntu jammy/main amd64 libsigc++-2.0-0v5 amd64 2.10.4-2ubuntu3 [12.1 kB]
2024-05-11 01:21:54.050801 +0000 build-ubuntu43: output: Get:5 https://fr.archive.ubuntu.com/ubuntu jammy/universe amd64 libcwidget4 amd64 0.5.18-5build1 [306 kB]
2024-05-11 01:22:03.959316 +0000 build-ubuntu43: output: Get:6 https://fr.archive.ubuntu.com/ubuntu jammy/universe amd64 libxapian30 amd64 1.4.18-4 [701 kB]
2024-05-11 01:22:25.494180 +0000 build-ubuntu43: output: Get:7 https://fr.archive.ubuntu.com/ubuntu jammy/universe amd64 aptitude amd64 0.8.13-3ubuntu1 [1100 kB]
2024-05-11 01:22:38.276594 +0000 build-ubuntu43: output: debconf: delaying package configuration, since apt-utils is not installed
2024-05-11 01:22:38.300642 +0000 build-ubuntu43: output: Fetched 4726 kB in 1min 16s (62.1 kB/s)
2024-05-11 01:22:38.334060 +0000 build-ubuntu43: output: Selecting previously unselected package libsqlite3-0:amd64..
2024-05-11 01:22:38.336762 +0000 build-ubuntu43: output: (Reading database ... .(Reading database ... 5%.(Reading database ... 10%.(Reading database ... 15%.(Reading database ... 20%.(Reading database ... 25%.(Reading database ... 30%.(Reading database ... 35%.(Reading database ... 40%.(Reading database ... 45%.(Reading database ... 50%.(Reading database ... 55%.(Reading database ... 60%.(Reading database ... 65%.(Reading database ... 70%.(Reading database ... 75%.(Reading database ... 80%.(Reading database ... 85%.(Reading database ... 90%.(Reading database ... 95%.(Reading database ... 100%.(Reading database ... 10500 files and directories currently installed.).
2024-05-11 01:22:38.337090 +0000 build-ubuntu43: output: Preparing to unpack .../0-libsqlite3-0_3.37.2-2_amd64.deb ....
2024-05-11 01:22:38.350548 +0000 build-ubuntu43: output: Unpacking libsqlite3-0:amd64 (3.37.2-2) ....
2024-05-11 01:22:38.436944 +0000 build-ubuntu43: output: Selecting previously unselected package aptitude-common..
2024-05-11 01:22:38.438320 +0000 build-ubuntu43: output: Preparing to unpack .../1-aptitude-common_0.8.13-3ubuntu1_all.deb ....
2024-05-11 01:22:38.446684 +0000 build-ubuntu43: output: Unpacking aptitude-common (0.8.13-3ubuntu1) ....
2024-05-11 01:22:38.727626 +0000 build-ubuntu43: output: Selecting previously unselected package libboost-iostreams1.74.0:amd64..
2024-05-11 01:22:38.730789 +0000 build-ubuntu43: output: Preparing to unpack .../2-libboost-iostreams1.74.0_1.74.0-14ubuntu3_amd64.deb ....
2024-05-11 01:22:38.746103 +0000 build-ubuntu43: output: Unpacking libboost-iostreams1.74.0:amd64 (1.74.0-14ubuntu3) ....
2024-05-11 01:22:38.866609 +0000 build-ubuntu43: output: Selecting previously unselected package libsigc++-2.0-0v5:amd64..
2024-05-11 01:22:38.868859 +0000 build-ubuntu43: output: Preparing to unpack .../3-libsigc++-2.0-0v5_2.10.4-2ubuntu3_amd64.deb ....
2024-05-11 01:22:38.876577 +0000 build-ubuntu43: output: Unpacking libsigc++-2.0-0v5:amd64 (2.10.4-2ubuntu3) ....
2024-05-11 01:22:38.953550 +0000 build-ubuntu43: output: Selecting previously unselected package libcwidget4:amd64..
2024-05-11 01:22:38.956390 +0000 build-ubuntu43: output: Preparing to unpack .../4-libcwidget4_0.5.18-5build1_amd64.deb ....
2024-05-11 01:22:38.965174 +0000 build-ubuntu43: output: Unpacking libcwidget4:amd64 (0.5.18-5build1) ....
2024-05-11 01:22:39.092153 +0000 build-ubuntu43: output: Selecting previously unselected package libxapian30:amd64..
2024-05-11 01:22:39.093406 +0000 build-ubuntu43: output: Preparing to unpack .../5-libxapian30_1.4.18-4_amd64.deb ....
2024-05-11 01:22:39.100834 +0000 build-ubuntu43: output: Unpacking libxapian30:amd64 (1.4.18-4) ....
2024-05-11 01:22:39.210203 +0000 build-ubuntu43: output: Selecting previously unselected package aptitude..
2024-05-11 01:22:39.212594 +0000 build-ubuntu43: output: Preparing to unpack .../6-aptitude_0.8.13-3ubuntu1_amd64.deb ....
2024-05-11 01:22:39.220137 +0000 build-ubuntu43: output: Unpacking aptitude (0.8.13-3ubuntu1) ....
2024-05-11 01:22:39.376688 +0000 build-ubuntu43: output: Setting up libxapian30:amd64 (1.4.18-4) ....
2024-05-11 01:22:39.397178 +0000 build-ubuntu43: output: Setting up libboost-iostreams1.74.0:amd64 (1.74.0-14ubuntu3) ....
2024-05-11 01:22:39.418599 +0000 build-ubuntu43: output: Setting up libsqlite3-0:amd64 (3.37.2-2) ....
2024-05-11 01:22:39.440408 +0000 build-ubuntu43: output: Setting up libsigc++-2.0-0v5:amd64 (2.10.4-2ubuntu3) ....
2024-05-11 01:22:39.465356 +0000 build-ubuntu43: output: Setting up aptitude-common (0.8.13-3ubuntu1) ....
2024-05-11 01:22:39.488673 +0000 build-ubuntu43: output: Setting up libcwidget4:amd64 (0.5.18-5build1) ....
2024-05-11 01:22:39.512298 +0000 build-ubuntu43: output: Setting up aptitude (0.8.13-3ubuntu1) ....
2024-05-11 01:22:39.547561 +0000 build-ubuntu43: output: update-alternatives: using /usr/bin/aptitude-curses to provide /usr/bin/aptitude (aptitude) in auto mode.
2024-05-11 01:22:39.570604 +0000 build-ubuntu43: output: Processing triggers for libc-bin (2.35-0ubuntu3) ....
2024-05-11 01:22:39.721494 +0000 build-ubuntu43: output: I: Copying back the cached apt archive contents
2024-05-11 01:22:39.726219 +0000 build-ubuntu43: output: I: new cache content 'libsigc++-2.0-0v5_2.10.4-2ubuntu3_amd64.deb' added
2024-05-11 01:22:39.832489 +0000 build-ubuntu43: output: I: new cache content 'libsqlite3-0_3.37.2-2_amd64.deb' added
2024-05-11 01:22:39.844743 +0000 build-ubuntu43: output: I: new cache content 'aptitude_0.8.13-3ubuntu1_amd64.deb' added
2024-05-11 01:22:39.879901 +0000 build-ubuntu43: output: I: new cache content 'aptitude-common_0.8.13-3ubuntu1_all.deb' added
2024-05-11 01:22:39.884048 +0000 build-ubuntu43: output: I: new cache content 'libboost-iostreams1.74.0_1.74.0-14ubuntu3_amd64.deb' added
2024-05-11 01:22:39.887316 +0000 build-ubuntu43: output: I: new cache content 'libxapian30_1.4.18-4_amd64.deb' added
2024-05-11 01:22:39.901357 +0000 build-ubuntu43: output: I: new cache content 'libcwidget4_0.5.18-5build1_amd64.deb' added
2024-05-11 01:22:39.928583 +0000 build-ubuntu43: output: I: user script /builder/pbuilder/build/2289/tmp/hooks/E30origin starting
2024-05-11 01:22:39.933061 +0000 build-ubuntu43: output: I: user script /builder/pbuilder/build/2289/tmp/hooks/E30origin finished
2024-05-11 01:22:39.933090 +0000 build-ubuntu43: output: I: unmounting /tmp/qubes-deb filesystem
2024-05-11 01:22:39.938920 +0000 build-ubuntu43: output: I: unmounting /sys/fs/selinux filesystem
2024-05-11 01:22:39.947584 +0000 build-ubuntu43: output: I: unmounting dev/ptmx filesystem
2024-05-11 01:22:39.951757 +0000 build-ubuntu43: output: I: unmounting dev/pts filesystem
2024-05-11 01:22:39.954240 +0000 build-ubuntu43: output: I: unmounting dev/shm filesystem
2024-05-11 01:22:39.957215 +0000 build-ubuntu43: output: I: unmounting proc filesystem
2024-05-11 01:22:39.958540 +0000 build-ubuntu43: output: I: unmounting sys filesystem
2024-05-11 01:22:40.007504 +0000 build-ubuntu43: output: I: creating base tarball [/builder/pbuilder/base.tgz]
2024-05-11 01:22:59.862184 +0000 build-ubuntu43: output: I: cleaning the build env
2024-05-11 01:22:59.862228 +0000 build-ubuntu43: output: I: removing directory /builder/pbuilder/build/2289 and its subdirectories
2024-05-11 01:23:00.283028 +0000 build-ubuntu43: output: W: /root/.pbuilderrc does not exist
2024-05-11 01:23:00.372663 +0000 build-ubuntu43: output: W: libeatmydata is not installed on the host, not using it.
2024-05-11 01:23:00.385349 +0000 build-ubuntu43: output: dpkg-query: no packages found matching systemd
2024-05-11 01:23:00.386674 +0000 build-ubuntu43: output: W: cgroups are not available on the host, not using them.
2024-05-11 01:23:00.456911 +0000 build-ubuntu43: output: I: pbuilder: network access will be disabled during build
2024-05-11 01:23:00.458301 +0000 build-ubuntu43: output: I: Current time: Fri May 10 21:23:00 EDT 2024
2024-05-11 01:23:00.460239 +0000 build-ubuntu43: output: I: pbuilder-time-stamp: 1715390580
2024-05-11 01:23:00.462441 +0000 build-ubuntu43: output: I: Building the build Environment
2024-05-11 01:23:00.464413 +0000 build-ubuntu43: output: I: extracting base tarball [/builder/pbuilder/base.tgz]
2024-05-11 01:23:04.168761 +0000 build-ubuntu43: output: I: copying local configuration
2024-05-11 01:23:04.172636 +0000 build-ubuntu43: output: W: No local /etc/hostname to copy, relying on /builder/pbuilder/build/12498/etc/hostname to be correct
2024-05-11 01:23:04.172670 +0000 build-ubuntu43: output: W: No local /etc/mailname to copy, relying on /builder/pbuilder/build/12498/etc/mailname to be correct
2024-05-11 01:23:04.178458 +0000 build-ubuntu43: output: I: Installing apt-lines
2024-05-11 01:23:04.457749 +0000 build-ubuntu43: output: I: mounting /proc filesystem
2024-05-11 01:23:04.470721 +0000 build-ubuntu43: output: I: mounting /sys filesystem
2024-05-11 01:23:04.481751 +0000 build-ubuntu43: output: I: creating /{dev,run}/shm
2024-05-11 01:23:04.484996 +0000 build-ubuntu43: output: I: mounting /dev/pts filesystem
2024-05-11 01:23:04.487547 +0000 build-ubuntu43: output: I: redirecting /dev/ptmx to /dev/pts/ptmx
2024-05-11 01:23:04.487650 +0000 build-ubuntu43: output: I: mounting selinux filesystem
2024-05-11 01:23:04.493875 +0000 build-ubuntu43: output: I: Mounting /builder/repository to /tmp/qubes-deb
2024-05-11 01:23:04.493945 +0000 build-ubuntu43: output: I: policy-rc.d already exists
2024-05-11 01:23:04.496566 +0000 build-ubuntu43: output: I: created buildresult dir: /builder/pbuilder/results
2024-05-11 01:23:04.496648 +0000 build-ubuntu43: output: I: Obtaining the cached apt archive contents
2024-05-11 01:23:04.709034 +0000 build-ubuntu43: output: I: Copying source file
2024-05-11 01:23:04.716618 +0000 build-ubuntu43: output: I: copying [/builder/build/qubes-rpm-oxide_0.2.7-1+jammy1.dsc]
2024-05-11 01:23:04.723308 +0000 build-ubuntu43: output: I: copying [/builder/build/qubes-rpm-oxide_0.2.7.orig.tar.gz]
2024-05-11 01:23:04.729626 +0000 build-ubuntu43: output: I: copying [/builder/build/qubes-rpm-oxide_0.2.7-1+jammy1.debian.tar.xz]
2024-05-11 01:23:04.748169 +0000 build-ubuntu43: output: I: Extracting source
2024-05-11 01:23:04.863655 +0000 build-ubuntu43: output: dpkg-source: warning: extracting unsigned source package (qubes-rpm-oxide_0.2.7-1+jammy1.dsc)
2024-05-11 01:23:04.868951 +0000 build-ubuntu43: output: dpkg-source: info: extracting qubes-rpm-oxide in qubes-rpm-oxide-0.2.7
2024-05-11 01:23:04.869029 +0000 build-ubuntu43: output: dpkg-source: info: unpacking qubes-rpm-oxide_0.2.7.orig.tar.gz
2024-05-11 01:23:04.878696 +0000 build-ubuntu43: output: dpkg-source: info: unpacking qubes-rpm-oxide_0.2.7-1+jammy1.debian.tar.xz
2024-05-11 01:23:04.900235 +0000 build-ubuntu43: output: I: using fakeroot in build.
2024-05-11 01:23:04.900298 +0000 build-ubuntu43: output: I: Installing the build-deps
2024-05-11 01:23:04.900318 +0000 build-ubuntu43: output: I: user script /builder/pbuilder/build/12498/tmp/hooks/D30update starting
2024-05-11 01:23:04.942735 +0000 build-ubuntu43: output: Get:1 file:/tmp/qubes-deb jammy InRelease
2024-05-11 01:23:04.943258 +0000 build-ubuntu43: output: Ign:1 file:/tmp/qubes-deb jammy InRelease
2024-05-11 01:23:04.943382 +0000 build-ubuntu43: output: Get:2 file:/tmp/qubes-deb jammy Release [3865 B]
2024-05-11 01:23:04.951073 +0000 build-ubuntu43: output: Get:2 file:/tmp/qubes-deb jammy Release [3865 B]
2024-05-11 01:23:04.951622 +0000 build-ubuntu43: output: Get:3 file:/tmp/qubes-deb jammy Release.gpg
2024-05-11 01:23:04.951944 +0000 build-ubuntu43: output: Ign:3 file:/tmp/qubes-deb jammy Release.gpg
2024-05-11 01:23:08.962790 +0000 build-ubuntu43: output: Hit:4 https://fr.archive.ubuntu.com/ubuntu jammy InRelease
2024-05-11 01:23:09.599839 +0000 build-ubuntu43: output: Reading package lists...
2024-05-11 01:23:09.617761 +0000 build-ubuntu43: output: I: user script /builder/pbuilder/build/12498/tmp/hooks/D30update finished
2024-05-11 01:23:09.794203 +0000 build-ubuntu43: output:  -> Attempting to satisfy build-dependencies
2024-05-11 01:23:10.096117 +0000 build-ubuntu43: output:  -> Creating pbuilder-satisfydepends-dummy package
2024-05-11 01:23:10.103875 +0000 build-ubuntu43: output: Package: pbuilder-satisfydepends-dummy
2024-05-11 01:23:10.103929 +0000 build-ubuntu43: output: Version: 0.invalid.0
2024-05-11 01:23:10.103936 +0000 build-ubuntu43: output: Architecture: amd64
2024-05-11 01:23:10.103944 +0000 build-ubuntu43: output: Maintainer: Debian Pbuilder Team <pbuilder-maint@lists.alioth.debian.org>
2024-05-11 01:23:10.103951 +0000 build-ubuntu43: output: Description: Dummy package to satisfy dependencies with aptitude - created by pbuilder
2024-05-11 01:23:10.103957 +0000 build-ubuntu43: output:  This package was created automatically by pbuilder to satisfy the
2024-05-11 01:23:10.103963 +0000 build-ubuntu43: output:  build-dependencies of the package being currently built.
2024-05-11 01:23:10.103969 +0000 build-ubuntu43: output: Depends: rustc, cargo, rpm, librpm-dev, debhelper, debhelper-compat (= 12), librust-cc-dev, librust-libc-dev
2024-05-11 01:23:10.105915 +0000 build-ubuntu43: output: dpkg-deb: building package 'pbuilder-satisfydepends-dummy' in '/tmp/satisfydepends-aptitude/pbuilder-satisfydepends-dummy.deb'.
2024-05-11 01:23:10.291288 +0000 build-ubuntu43: output: Selecting previously unselected package pbuilder-satisfydepends-dummy.
2024-05-11 01:23:10.300334 +0000 build-ubuntu43: output: (Reading database ... 10738 files and directories currently installed.)
2024-05-11 01:23:10.300784 +0000 build-ubuntu43: output: Preparing to unpack .../pbuilder-satisfydepends-dummy.deb ...
2024-05-11 01:23:10.315410 +0000 build-ubuntu43: output: Unpacking pbuilder-satisfydepends-dummy (0.invalid.0) ...
2024-05-11 01:23:10.387709 +0000 build-ubuntu43: output: Setting up pbuilder-satisfydepends-dummy (0.invalid.0) ...
2024-05-11 01:23:10.388358 +0000 build-ubuntu43: output: dpkg: pbuilder-satisfydepends-dummy: dependency problems, but configuring anyway as you requested:
2024-05-11 01:23:10.388372 +0000 build-ubuntu43: output:  pbuilder-satisfydepends-dummy depends on rustc; however:
2024-05-11 01:23:10.388378 +0000 build-ubuntu43: output:   Package rustc is not installed.
2024-05-11 01:23:10.388385 +0000 build-ubuntu43: output:  pbuilder-satisfydepends-dummy depends on cargo; however:
2024-05-11 01:23:10.388390 +0000 build-ubuntu43: output:   Package cargo is not installed.
2024-05-11 01:23:10.388396 +0000 build-ubuntu43: output:  pbuilder-satisfydepends-dummy depends on rpm; however:
2024-05-11 01:23:10.388401 +0000 build-ubuntu43: output:   Package rpm is not installed.
2024-05-11 01:23:10.388407 +0000 build-ubuntu43: output:  pbuilder-satisfydepends-dummy depends on librpm-dev; however:
2024-05-11 01:23:10.388413 +0000 build-ubuntu43: output:   Package librpm-dev is not installed.
2024-05-11 01:23:10.388419 +0000 build-ubuntu43: output:  pbuilder-satisfydepends-dummy depends on debhelper; however:
2024-05-11 01:23:10.388424 +0000 build-ubuntu43: output:   Package debhelper is not installed.
2024-05-11 01:23:10.388430 +0000 build-ubuntu43: output:  pbuilder-satisfydepends-dummy depends on debhelper-compat (= 12); however:
2024-05-11 01:23:10.388436 +0000 build-ubuntu43: output:   Package debhelper-compat is not installed.
2024-05-11 01:23:10.388443 +0000 build-ubuntu43: output:  pbuilder-satisfydepends-dummy depends on librust-cc-dev; however:
2024-05-11 01:23:10.388448 +0000 build-ubuntu43: output:   Package librust-cc-dev is not installed.
2024-05-11 01:23:10.388454 +0000 build-ubuntu43: output:  pbuilder-satisfydepends-dummy depends on librust-libc-dev; however:
2024-05-11 01:23:10.388460 +0000 build-ubuntu43: output:   Package librust-libc-dev is not installed.
2024-05-11 01:23:10.388465 +0000 build-ubuntu43: output: 
2024-05-11 01:23:10.736119 +0000 build-ubuntu43: output: Reading package lists...
2024-05-11 01:23:10.867396 +0000 build-ubuntu43: output: Building dependency tree...
2024-05-11 01:23:10.867453 +0000 build-ubuntu43: output: Reading state information...
2024-05-11 01:23:10.914582 +0000 build-ubuntu43: output: Initializing package states...
2024-05-11 01:23:11.105260 +0000 build-ubuntu43: output: Writing extended state information...
2024-05-11 01:23:11.200638 +0000 build-ubuntu43: output: Building tag database...
2024-05-11 01:23:12.077467 +0000 build-ubuntu43: output: pbuilder-satisfydepends-dummy is already installed at the requested version (0.invalid.0)
2024-05-11 01:23:12.077546 +0000 build-ubuntu43: output: pbuilder-satisfydepends-dummy is already installed at the requested version (0.invalid.0)
2024-05-11 01:23:12.077570 +0000 build-ubuntu43: output: The following NEW packages will be installed:
2024-05-11 01:23:12.077696 +0000 build-ubuntu43: output:   autoconf{a} automake{a} autopoint{a} autotools-dev{a} bsdextrautils{a} cargo{a} debhelper{a} debugedit{a} dh-autoreconf{a} dh-strip-nondeterminism{a} dwz{a} file{a} gettext{a} gettext-base{a} groff-base{a} icu-devtools{a} intltool-debian{a} libarchive-zip-perl{a} libarchive13{a} libaudit-dev{a} libbrotli1{a} libbsd0{a} libbz2-dev{a} libcap-ng-dev{a} libcurl3-gnutls{a} libdbus-1-3{a} libdebhelper-perl{a} libdw1{a} libedit2{a} libelf1{a} libfile-stripnondeterminism-perl{a} libfsverity-dev{a} libfsverity0{a} libgcrypt20-dev{a} libgpg-error-dev{a} libicu-dev{a} libicu70{a} libldap-2.5-0{a} libllvm13{a} liblua5.3-0{a} libmagic-mgc{a} libmagic1{a} libmd0{a} libncurses-dev{a} libnghttp2-14{a} libpcre2-16-0{a} libpcre2-32-0{a} libpcre2-dev{a} libpcre2-posix3{a} libpipeline1{a} libpopt-dev{a} libpopt0{a} libpsl5{a} libreadline-dev{a} libreadline8{a} librpm-dev{a} librpm9{a} librpmbuild9{a} librpmio9{a} librpmsign9{a} librtmp1{a} librust-cc-dev{a} librust-libc-dev{a} libsasl2-2{a} libsasl2-modules-db{a} libselinux1-dev{a} libsepol-dev{a} libsigsegv2{a} libsqlite3-dev{a} libssh-4{a} libssh2-1{a} libstd-rust-1.58{a} libstd-rust-dev{a} libsub-override-perl{a} libtool{a} libuchardet0{a} libxml2{a} libxml2-dev{a} libzstd-dev{a} m4{a} man-db{a} po-debconf{a} readline-common{a} rpm{a} rpm-common{a} rpm2cpio{a} rustc{a} zlib1g-dev{a}
2024-05-11 01:23:12.077746 +0000 build-ubuntu43: output: The following packages are RECOMMENDED but will NOT be installed:
2024-05-11 01:23:12.077769 +0000 build-ubuntu43: output:   bzip2-doc curl dbus libarchive-cpio-perl libldap-common libltdl-dev libmail-sendmail-perl libsasl2-modules llvm-13 lynx publicsuffix wget
2024-05-11 01:23:12.077786 +0000 build-ubuntu43: output: 0 packages upgraded, 88 newly installed, 0 to remove and 0 not upgraded.
2024-05-11 01:23:12.077803 +0000 build-ubuntu43: output: Need to get 125 MB of archives. After unpacking 516 MB will be used.
2024-05-11 01:23:12.077818 +0000 build-ubuntu43: output: Writing extended state information...
2024-05-11 01:23:20.288404 +0000 build-ubuntu43: output: Get: 1 https://fr.archive.ubuntu.com/ubuntu jammy/main amd64 libmd0 amd64 1.0.4-1build1 [23.0 kB]
2024-05-11 01:23:21.509607 +0000 build-ubuntu43: output: Get: 2 https://fr.archive.ubuntu.com/ubuntu jammy/main amd64 libbsd0 amd64 0.11.5-1 [44.8 kB]
2024-05-11 01:23:21.774051 +0000 build-ubuntu43: output: Get: 3 https://fr.archive.ubuntu.com/ubuntu jammy/main amd64 libdbus-1-3 amd64 1.12.20-2ubuntu4 [188 kB]
2024-05-11 01:23:27.111608 +0000 build-ubuntu43: output: Get: 4 https://fr.archive.ubuntu.com/ubuntu jammy/main amd64 libelf1 amd64 0.186-1build1 [51.0 kB]
2024-05-11 01:23:28.723130 +0000 build-ubuntu43: output: Get: 5 https://fr.archive.ubuntu.com/ubuntu jammy/main amd64 libicu70 amd64 70.1-2 [10.6 MB]
2024-05-11 01:24:44.067360 +0000 build-ubuntu43: output: Get: 6 https://fr.archive.ubuntu.com/ubuntu jammy/main amd64 libpopt0 amd64 1.18-3build1 [28.2 kB]
2024-05-11 01:24:45.174173 +0000 build-ubuntu43: output: Get: 7 https://fr.archive.ubuntu.com/ubuntu jammy/main amd64 readline-common all 8.1.2-1 [53.5 kB]
2024-05-11 01:24:49.831831 +0000 build-ubuntu43: output: Get: 8 https://fr.archive.ubuntu.com/ubuntu jammy/main amd64 libreadline8 amd64 8.1.2-1 [153 kB]
2024-05-11 01:24:52.855538 +0000 build-ubuntu43: output: Get: 9 https://fr.archive.ubuntu.com/ubuntu jammy/main amd64 libxml2 amd64 2.9.13+dfsg-1build1 [762 kB]
2024-05-11 01:24:57.737739 +0000 build-ubuntu43: output: Get: 10 https://fr.archive.ubuntu.com/ubuntu jammy/main amd64 bsdextrautils amd64 2.37.2-4ubuntu3 [71.1 kB]
2024-05-11 01:24:57.738777 +0000 build-ubuntu43: output: Get: 11 https://fr.archive.ubuntu.com/ubuntu jammy/main amd64 libmagic-mgc amd64 1:5.41-3 [257 kB]
2024-05-11 01:24:58.224075 +0000 build-ubuntu43: output: Get: 12 https://fr.archive.ubuntu.com/ubuntu jammy/main amd64 libmagic1 amd64 1:5.41-3 [87.2 kB]
2024-05-11 01:24:58.224309 +0000 build-ubuntu43: output: Get: 13 https://fr.archive.ubuntu.com/ubuntu jammy/main amd64 file amd64 1:5.41-3 [21.5 kB]
2024-05-11 01:24:58.225223 +0000 build-ubuntu43: output: Get: 14 https://fr.archive.ubuntu.com/ubuntu jammy/main amd64 gettext-base amd64 0.21-4ubuntu4 [37.8 kB]
2024-05-11 01:25:01.461063 +0000 build-ubuntu43: output: Get: 15 https://fr.archive.ubuntu.com/ubuntu jammy/main amd64 libuchardet0 amd64 0.0.7-1build2 [76.9 kB]
2024-05-11 01:25:01.964331 +0000 build-ubuntu43: output: Get: 16 https://fr.archive.ubuntu.com/ubuntu jammy/main amd64 groff-base amd64 1.22.4-8build1 [955 kB]
2024-05-11 01:25:14.557792 +0000 build-ubuntu43: output: Get: 17 https://fr.archive.ubuntu.com/ubuntu jammy/main amd64 libedit2 amd64 3.1-20210910-1build1 [96.8 kB]
2024-05-11 01:25:15.113388 +0000 build-ubuntu43: output: Get: 18 https://fr.archive.ubuntu.com/ubuntu jammy/main amd64 libnghttp2-14 amd64 1.43.0-1build3 [76.3 kB]
2024-05-11 01:25:20.965264 +0000 build-ubuntu43: output: Get: 19 https://fr.archive.ubuntu.com/ubuntu jammy/main amd64 libpipeline1 amd64 1.5.5-1 [23.5 kB]
2024-05-11 01:25:22.117280 +0000 build-ubuntu43: output: Get: 20 https://fr.archive.ubuntu.com/ubuntu jammy/main amd64 libpsl5 amd64 0.21.0-1.2build2 [58.4 kB]
2024-05-11 01:25:22.891515 +0000 build-ubuntu43: output: Get: 21 https://fr.archive.ubuntu.com/ubuntu jammy/main amd64 man-db amd64 2.10.2-1 [1187 kB]
2024-05-11 01:25:30.831380 +0000 build-ubuntu43: output: Ign https://fr.archive.ubuntu.com/ubuntu jammy/main amd64 man-db amd64 2.10.2-1
2024-05-11 01:25:35.669174 +0000 build-ubuntu43: output: Get: 22 https://fr.archive.ubuntu.com/ubuntu jammy/main amd64 libsigsegv2 amd64 2.13-1ubuntu3 [14.6 kB]
2024-05-11 01:25:35.788179 +0000 build-ubuntu43: output: Get: 23 https://fr.archive.ubuntu.com/ubuntu jammy/main amd64 m4 amd64 1.4.18-5ubuntu2 [199 kB]
2024-05-11 01:25:40.909596 +0000 build-ubuntu43: output: Get: 24 https://fr.archive.ubuntu.com/ubuntu jammy/main amd64 autoconf all 2.71-2 [338 kB]
2024-05-11 01:25:42.131802 +0000 build-ubuntu43: output: Get: 25 https://fr.archive.ubuntu.com/ubuntu jammy/main amd64 autotools-dev all 20220109.1 [44.9 kB]
2024-05-11 01:25:42.131983 +0000 build-ubuntu43: output: Get: 26 https://fr.archive.ubuntu.com/ubuntu jammy/main amd64 automake all 1:1.16.5-1.3 [558 kB]
2024-05-11 01:25:53.039718 +0000 build-ubuntu43: output: Get: 27 https://fr.archive.ubuntu.com/ubuntu jammy/main amd64 autopoint all 0.21-4ubuntu4 [422 kB]
2024-05-11 01:25:54.284497 +0000 build-ubuntu43: output: Get: 28 https://fr.archive.ubuntu.com/ubuntu jammy/main amd64 libdebhelper-perl all 13.6ubuntu1 [67.2 kB]
2024-05-11 01:25:55.230911 +0000 build-ubuntu43: output: Get: 29 https://fr.archive.ubuntu.com/ubuntu jammy/main amd64 libtool all 2.4.6-15build2 [164 kB]
2024-05-11 01:25:56.073836 +0000 build-ubuntu43: output: Get: 30 https://fr.archive.ubuntu.com/ubuntu jammy/main amd64 dh-autoreconf all 20 [16.1 kB]
2024-05-11 01:25:56.073983 +0000 build-ubuntu43: output: Get: 31 https://fr.archive.ubuntu.com/ubuntu jammy/main amd64 libarchive-zip-perl all 1.68-1 [90.2 kB]
2024-05-11 01:25:56.075729 +0000 build-ubuntu43: output: Get: 32 https://fr.archive.ubuntu.com/ubuntu jammy/main amd64 libsub-override-perl all 0.09-2 [9532 B]
2024-05-11 01:26:00.016203 +0000 build-ubuntu43: output: Get: 33 https://fr.archive.ubuntu.com/ubuntu jammy/main amd64 libfile-stripnondeterminism-perl all 1.13.0-1 [18.1 kB]
2024-05-11 01:26:00.078608 +0000 build-ubuntu43: output: Get: 34 https://fr.archive.ubuntu.com/ubuntu jammy/main amd64 dh-strip-nondeterminism all 1.13.0-1 [5344 B]
2024-05-11 01:26:00.141152 +0000 build-ubuntu43: output: Get: 35 https://fr.archive.ubuntu.com/ubuntu jammy/main amd64 libdw1 amd64 0.186-1build1 [250 kB]
2024-05-11 01:26:05.087654 +0000 build-ubuntu43: output: Get: 36 https://fr.archive.ubuntu.com/ubuntu jammy/main amd64 debugedit amd64 1:5.0-4build1 [47.2 kB]
2024-05-11 01:26:05.091699 +0000 build-ubuntu43: output: Get: 37 https://fr.archive.ubuntu.com/ubuntu jammy/main amd64 dwz amd64 0.14-1build2 [105 kB]
2024-05-11 01:26:05.091742 +0000 build-ubuntu43: output: Get: 38 https://fr.archive.ubuntu.com/ubuntu jammy/main amd64 gettext amd64 0.21-4ubuntu4 [868 kB]
2024-05-11 01:26:08.946363 +0000 build-ubuntu43: output: Get: 39 https://fr.archive.ubuntu.com/ubuntu jammy/main amd64 intltool-debian all 0.35.0+20060710.5 [24.9 kB]
2024-05-11 01:26:09.667436 +0000 build-ubuntu43: output: Get: 40 https://fr.archive.ubuntu.com/ubuntu jammy/main amd64 po-debconf all 1.0.21+nmu1 [233 kB]
2024-05-11 01:26:10.602451 +0000 build-ubuntu43: output: Get: 41 https://fr.archive.ubuntu.com/ubuntu jammy/main amd64 debhelper all 13.6ubuntu1 [923 kB]
2024-05-11 01:26:10.686821 +0000 build-ubuntu43: output: Ign https://fr.archive.ubuntu.com/ubuntu jammy/main amd64 debhelper all 13.6ubuntu1
2024-05-11 01:26:16.021058 +0000 build-ubuntu43: output: Get: 42 https://fr.archive.ubuntu.com/ubuntu jammy/main amd64 icu-devtools amd64 70.1-2 [197 kB]
2024-05-11 01:26:25.568648 +0000 build-ubuntu43: output: Get: 43 https://fr.archive.ubuntu.com/ubuntu jammy/main amd64 libarchive13 amd64 3.6.0-1ubuntu1 [368 kB]
2024-05-11 01:26:28.868214 +0000 build-ubuntu43: output: Get: 44 https://fr.archive.ubuntu.com/ubuntu jammy/main amd64 libbrotli1 amd64 1.0.9-2build6 [315 kB]
2024-05-11 01:26:28.872709 +0000 build-ubuntu43: output: Get: 45 https://fr.archive.ubuntu.com/ubuntu jammy/main amd64 libbz2-dev amd64 1.0.8-5build1 [32.5 kB]
2024-05-11 01:26:28.872766 +0000 build-ubuntu43: output: Get: 46 https://fr.archive.ubuntu.com/ubuntu jammy/main amd64 libcap-ng-dev amd64 0.7.9-2.2build3 [22.9 kB]
2024-05-11 01:26:33.146225 +0000 build-ubuntu43: output: Get: 47 https://fr.archive.ubuntu.com/ubuntu jammy/main amd64 libsasl2-modules-db amd64 2.1.27+dfsg2-3ubuntu1 [20.8 kB]
2024-05-11 01:26:33.229800 +0000 build-ubuntu43: output: Get: 48 https://fr.archive.ubuntu.com/ubuntu jammy/main amd64 libsasl2-2 amd64 2.1.27+dfsg2-3ubuntu1 [53.9 kB]
2024-05-11 01:26:33.640336 +0000 build-ubuntu43: output: Get: 49 https://fr.archive.ubuntu.com/ubuntu jammy/main amd64 libldap-2.5-0 amd64 2.5.11+dfsg-1~exp1ubuntu3 [184 kB]
2024-05-11 01:26:38.284968 +0000 build-ubuntu43: output: Get: 50 https://fr.archive.ubuntu.com/ubuntu jammy/main amd64 librtmp1 amd64 2.4+20151223.gitfa8646d.1-2build4 [58.2 kB]
2024-05-11 01:26:41.514701 +0000 build-ubuntu43: output: Get: 51 https://fr.archive.ubuntu.com/ubuntu jammy/main amd64 libssh-4 amd64 0.9.6-2build1 [184 kB]
2024-05-11 01:26:41.518160 +0000 build-ubuntu43: output: Get: 52 https://fr.archive.ubuntu.com/ubuntu jammy/main amd64 libcurl3-gnutls amd64 7.81.0-1 [282 kB]
2024-05-11 01:26:41.859016 +0000 build-ubuntu43: output: Get: 53 https://fr.archive.ubuntu.com/ubuntu jammy/universe amd64 libfsverity0 amd64 1.4-1~exp1build1 [10.4 kB]
2024-05-11 01:26:41.859436 +0000 build-ubuntu43: output: Get: 54 https://fr.archive.ubuntu.com/ubuntu jammy/universe amd64 libfsverity-dev amd64 1.4-1~exp1build1 [13.0 kB]
2024-05-11 01:26:41.859474 +0000 build-ubuntu43: output: Get: 55 https://fr.archive.ubuntu.com/ubuntu jammy/main amd64 libgpg-error-dev amd64 1.43-3 [129 kB]
2024-05-11 01:26:42.070277 +0000 build-ubuntu43: output: Get: 56 https://fr.archive.ubuntu.com/ubuntu jammy/main amd64 libgcrypt20-dev amd64 1.9.4-3ubuntu3 [572 kB]
2024-05-11 01:26:44.655991 +0000 build-ubuntu43: output: Get: 57 https://fr.archive.ubuntu.com/ubuntu jammy/main amd64 libicu-dev amd64 70.1-2 [11.6 MB]
2024-05-11 01:27:58.908159 +0000 build-ubuntu43: output: Ign https://fr.archive.ubuntu.com/ubuntu jammy/main amd64 libicu-dev amd64 70.1-2
2024-05-11 01:28:04.290677 +0000 build-ubuntu43: output: Get: 58 https://fr.archive.ubuntu.com/ubuntu jammy/main amd64 libllvm13 amd64 1:13.0.1-2ubuntu2 [22.1 MB]
2024-05-11 01:30:42.623575 +0000 build-ubuntu43: output: Get: 59 https://fr.archive.ubuntu.com/ubuntu jammy/main amd64 liblua5.3-0 amd64 5.3.6-1build1 [140 kB]
2024-05-11 01:30:42.625516 +0000 build-ubuntu43: output: Get: 60 https://fr.archive.ubuntu.com/ubuntu jammy/main amd64 libncurses-dev amd64 6.3-2 [380 kB]
2024-05-11 01:30:42.630238 +0000 build-ubuntu43: output: Get: 61 https://fr.archive.ubuntu.com/ubuntu jammy/main amd64 libpcre2-16-0 amd64 10.39-3build1 [203 kB]
2024-05-11 01:30:42.632201 +0000 build-ubuntu43: output: Get: 62 https://fr.archive.ubuntu.com/ubuntu jammy/main amd64 libpcre2-32-0 amd64 10.39-3build1 [193 kB]
2024-05-11 01:30:42.633891 +0000 build-ubuntu43: output: Get: 63 https://fr.archive.ubuntu.com/ubuntu jammy/main amd64 libpcre2-posix3 amd64 10.39-3build1 [6136 B]
2024-05-11 01:30:42.633964 +0000 build-ubuntu43: output: Get: 64 https://fr.archive.ubuntu.com/ubuntu jammy/main amd64 libpcre2-dev amd64 10.39-3build1 [727 kB]
2024-05-11 01:30:43.296049 +0000 build-ubuntu43: output: Get: 65 https://fr.archive.ubuntu.com/ubuntu jammy/main amd64 libpopt-dev amd64 1.18-3build1 [47.3 kB]
2024-05-11 01:30:43.296186 +0000 build-ubuntu43: output: Get: 66 https://fr.archive.ubuntu.com/ubuntu jammy/main amd64 libreadline-dev amd64 8.1.2-1 [166 kB]
2024-05-11 01:30:43.305122 +0000 build-ubuntu43: output: Get: 67 https://fr.archive.ubuntu.com/ubuntu jammy/universe amd64 librpmio9 amd64 4.17.0+dfsg1-4build1 [93.2 kB]
2024-05-11 01:30:48.199038 +0000 build-ubuntu43: output: Get: 68 https://fr.archive.ubuntu.com/ubuntu jammy/universe amd64 librpm9 amd64 4.17.0+dfsg1-4build1 [189 kB]
2024-05-11 01:30:50.587410 +0000 build-ubuntu43: output: Get: 69 https://fr.archive.ubuntu.com/ubuntu jammy/universe amd64 librpmbuild9 amd64 4.17.0+dfsg1-4build1 [80.3 kB]
2024-05-11 01:30:53.296799 +0000 build-ubuntu43: output: Get: 70 https://fr.archive.ubuntu.com/ubuntu jammy/universe amd64 librpmsign9 amd64 4.17.0+dfsg1-4build1 [11.7 kB]
2024-05-11 01:30:53.297013 +0000 build-ubuntu43: output: Get: 71 https://fr.archive.ubuntu.com/ubuntu jammy/universe amd64 librust-cc-dev amd64 1.0.71-2 [53.1 kB]
2024-05-11 01:30:53.297571 +0000 build-ubuntu43: output: Get: 72 https://fr.archive.ubuntu.com/ubuntu jammy/universe amd64 librust-libc-dev amd64 0.2.103-1 [245 kB]
2024-05-11 01:30:53.302992 +0000 build-ubuntu43: output: Get: 73 https://fr.archive.ubuntu.com/ubuntu jammy/main amd64 libsepol-dev amd64 3.3-1build1 [378 kB]
2024-05-11 01:30:54.579746 +0000 build-ubuntu43: output: Get: 74 https://fr.archive.ubuntu.com/ubuntu jammy/main amd64 libselinux1-dev amd64 3.3-1build2 [158 kB]
2024-05-11 01:31:03.849149 +0000 build-ubuntu43: output: Get: 75 https://fr.archive.ubuntu.com/ubuntu jammy/main amd64 libsqlite3-dev amd64 3.37.2-2 [847 kB]
2024-05-11 01:31:13.281818 +0000 build-ubuntu43: output: Get: 76 https://fr.archive.ubuntu.com/ubuntu jammy/universe amd64 libssh2-1 amd64 1.10.0-3 [109 kB]
2024-05-11 01:31:13.283748 +0000 build-ubuntu43: output: Get: 77 https://fr.archive.ubuntu.com/ubuntu jammy/main amd64 libstd-rust-1.58 amd64 1.58.1+dfsg1~ubuntu1-0ubuntu2 [19.6 MB]
2024-05-11 01:32:59.354753 +0000 build-ubuntu43: output: Get: 78 https://fr.archive.ubuntu.com/ubuntu jammy/main amd64 libxml2-dev amd64 2.9.13+dfsg-1build1 [805 kB]
2024-05-11 01:33:00.136193 +0000 build-ubuntu43: output: Get: 79 https://fr.archive.ubuntu.com/ubuntu jammy/main amd64 libzstd-dev amd64 1.4.8+dfsg-3build1 [401 kB]
2024-05-11 01:33:00.516256 +0000 build-ubuntu43: output: Get: 80 https://fr.archive.ubuntu.com/ubuntu jammy/universe amd64 rpm-common amd64 4.17.0+dfsg1-4build1 [33.7 kB]
2024-05-11 01:33:00.533243 +0000 build-ubuntu43: output: Get: 81 https://fr.archive.ubuntu.com/ubuntu jammy/universe amd64 rpm2cpio amd64 4.17.0+dfsg1-4build1 [9882 B]
2024-05-11 01:33:00.557424 +0000 build-ubuntu43: output: Get: 82 https://fr.archive.ubuntu.com/ubuntu jammy/universe amd64 rpm amd64 4.17.0+dfsg1-4build1 [151 kB]
2024-05-11 01:33:00.695491 +0000 build-ubuntu43: output: Get: 83 https://fr.archive.ubuntu.com/ubuntu jammy/main amd64 zlib1g-dev amd64 1:1.2.11.dfsg-2ubuntu9 [164 kB]
2024-05-11 01:33:01.191282 +0000 build-ubuntu43: output: Get: 84 https://fr.archive.ubuntu.com/ubuntu jammy/main amd64 libstd-rust-dev amd64 1.58.1+dfsg1~ubuntu1-0ubuntu2 [37.1 MB]
2024-05-11 01:33:39.827206 +0000 build-ubuntu43: output: Get: 85 https://fr.archive.ubuntu.com/ubuntu jammy/main amd64 rustc amd64 1.58.1+dfsg1~ubuntu1-0ubuntu2 [3643 kB]
2024-05-11 01:33:42.820169 +0000 build-ubuntu43: output: Get: 86 https://fr.archive.ubuntu.com/ubuntu jammy/universe amd64 cargo amd64 0.58.0-0ubuntu1 [3907 kB]
2024-05-11 01:33:46.437397 +0000 build-ubuntu43: output: Get: 87 https://fr.archive.ubuntu.com/ubuntu jammy/main amd64 libaudit-dev amd64 1:3.0.7-1build1 [78.6 kB]
2024-05-11 01:33:46.439405 +0000 build-ubuntu43: output: Get: 88 https://fr.archive.ubuntu.com/ubuntu jammy/universe amd64 librpm-dev amd64 4.17.0+dfsg1-4build1 [60.4 kB]
2024-05-11 01:33:46.453243 +0000 build-ubuntu43: output: Get: 89 https://fr.archive.ubuntu.com/ubuntu jammy/main amd64 man-db amd64 2.10.2-1 [1187 kB]
2024-05-11 01:33:46.494035 +0000 build-ubuntu43: output: Get: 90 https://fr.archive.ubuntu.com/ubuntu jammy/main amd64 debhelper all 13.6ubuntu1 [923 kB]
2024-05-11 01:33:47.533845 +0000 build-ubuntu43: output: Get: 91 https://fr.archive.ubuntu.com/ubuntu jammy/main amd64 libicu-dev amd64 70.1-2 [11.6 MB]
2024-05-11 01:33:55.258953 +0000 build-ubuntu43: output: Fetched 118 MB in 10min 43s (184 kB/s)
2024-05-11 01:33:55.406684 +0000 build-ubuntu43: output: debconf: delaying package configuration, since apt-utils is not installed
2024-05-11 01:33:55.457328 +0000 build-ubuntu43: output: Selecting previously unselected package libmd0:amd64..
2024-05-11 01:33:55.459471 +0000 build-ubuntu43: output: (Reading database ... .(Reading database ... 5%.(Reading database ... 10%.(Reading database ... 15%.(Reading database ... 20%.(Reading database ... 25%.(Reading database ... 30%.(Reading database ... 35%.(Reading database ... 40%.(Reading database ... 45%.(Reading database ... 50%.(Reading database ... 55%.(Reading database ... 60%.(Reading database ... 65%.(Reading database ... 70%.(Reading database ... 75%.(Reading database ... 80%.(Reading database ... 85%.(Reading database ... 90%.(Reading database ... 95%.(Reading database ... 100%.(Reading database ... 10738 files and directories currently installed.).
2024-05-11 01:33:55.459934 +0000 build-ubuntu43: output: Preparing to unpack .../00-libmd0_1.0.4-1build1_amd64.deb ....
2024-05-11 01:33:55.470723 +0000 build-ubuntu43: output: Unpacking libmd0:amd64 (1.0.4-1build1) ....
2024-05-11 01:33:55.541365 +0000 build-ubuntu43: output: Selecting previously unselected package libbsd0:amd64..
2024-05-11 01:33:55.543868 +0000 build-ubuntu43: output: Preparing to unpack .../01-libbsd0_0.11.5-1_amd64.deb ....
2024-05-11 01:33:55.554351 +0000 build-ubuntu43: output: Unpacking libbsd0:amd64 (0.11.5-1) ....
2024-05-11 01:33:55.627806 +0000 build-ubuntu43: output: Selecting previously unselected package libdbus-1-3:amd64..
2024-05-11 01:33:55.630569 +0000 build-ubuntu43: output: Preparing to unpack .../02-libdbus-1-3_1.12.20-2ubuntu4_amd64.deb ....
2024-05-11 01:33:55.639425 +0000 build-ubuntu43: output: Unpacking libdbus-1-3:amd64 (1.12.20-2ubuntu4) ....
2024-05-11 01:33:55.725589 +0000 build-ubuntu43: output: Selecting previously unselected package libelf1:amd64..
2024-05-11 01:33:55.727745 +0000 build-ubuntu43: output: Preparing to unpack .../03-libelf1_0.186-1build1_amd64.deb ....
2024-05-11 01:33:55.735073 +0000 build-ubuntu43: output: Unpacking libelf1:amd64 (0.186-1build1) ....
2024-05-11 01:33:55.804286 +0000 build-ubuntu43: output: Selecting previously unselected package libicu70:amd64..
2024-05-11 01:33:55.805574 +0000 build-ubuntu43: output: Preparing to unpack .../04-libicu70_70.1-2_amd64.deb ....
2024-05-11 01:33:55.813332 +0000 build-ubuntu43: output: Unpacking libicu70:amd64 (70.1-2) ....
2024-05-11 01:33:56.100955 +0000 build-ubuntu43: output: Selecting previously unselected package libpopt0:amd64..
2024-05-11 01:33:56.101091 +0000 build-ubuntu43: output: Preparing to unpack .../05-libpopt0_1.18-3build1_amd64.deb ....
2024-05-11 01:33:56.107376 +0000 build-ubuntu43: output: Unpacking libpopt0:amd64 (1.18-3build1) ....
2024-05-11 01:33:56.174709 +0000 build-ubuntu43: output: Selecting previously unselected package readline-common..
2024-05-11 01:33:56.176079 +0000 build-ubuntu43: output: Preparing to unpack .../06-readline-common_8.1.2-1_all.deb ....
2024-05-11 01:33:56.182650 +0000 build-ubuntu43: output: Unpacking readline-common (8.1.2-1) ....
2024-05-11 01:33:56.265645 +0000 build-ubuntu43: output: Selecting previously unselected package libreadline8:amd64..
2024-05-11 01:33:56.266242 +0000 build-ubuntu43: output: Preparing to unpack .../07-libreadline8_8.1.2-1_amd64.deb ....
2024-05-11 01:33:56.274283 +0000 build-ubuntu43: output: Unpacking libreadline8:amd64 (8.1.2-1) ....
2024-05-11 01:33:56.358031 +0000 build-ubuntu43: output: Selecting previously unselected package libxml2:amd64..
2024-05-11 01:33:56.359484 +0000 build-ubuntu43: output: Preparing to unpack .../08-libxml2_2.9.13+dfsg-1build1_amd64.deb ....
2024-05-11 01:33:56.366061 +0000 build-ubuntu43: output: Unpacking libxml2:amd64 (2.9.13+dfsg-1build1) ....
2024-05-11 01:33:56.461401 +0000 build-ubuntu43: output: Selecting previously unselected package bsdextrautils..
2024-05-11 01:33:56.463128 +0000 build-ubuntu43: output: Preparing to unpack .../09-bsdextrautils_2.37.2-4ubuntu3_amd64.deb ....
2024-05-11 01:33:56.470973 +0000 build-ubuntu43: output: Unpacking bsdextrautils (2.37.2-4ubuntu3) ....
2024-05-11 01:33:56.562351 +0000 build-ubuntu43: output: Selecting previously unselected package libmagic-mgc..
2024-05-11 01:33:56.562566 +0000 build-ubuntu43: output: Preparing to unpack .../10-libmagic-mgc_1%3a5.41-3_amd64.deb ....
2024-05-11 01:33:56.569988 +0000 build-ubuntu43: output: Unpacking libmagic-mgc (1:5.41-3) ....
2024-05-11 01:33:56.704437 +0000 build-ubuntu43: output: Selecting previously unselected package libmagic1:amd64..
2024-05-11 01:33:56.704673 +0000 build-ubuntu43: output: Preparing to unpack .../11-libmagic1_1%3a5.41-3_amd64.deb ....
2024-05-11 01:33:56.712416 +0000 build-ubuntu43: output: Unpacking libmagic1:amd64 (1:5.41-3) ....
2024-05-11 01:33:56.778447 +0000 build-ubuntu43: output: Selecting previously unselected package file..
2024-05-11 01:33:56.780720 +0000 build-ubuntu43: output: Preparing to unpack .../12-file_1%3a5.41-3_amd64.deb ....
2024-05-11 01:33:56.788208 +0000 build-ubuntu43: output: Unpacking file (1:5.41-3) ....
2024-05-11 01:33:56.855546 +0000 build-ubuntu43: output: Selecting previously unselected package gettext-base..
2024-05-11 01:33:56.858084 +0000 build-ubuntu43: output: Preparing to unpack .../13-gettext-base_0.21-4ubuntu4_amd64.deb ....
2024-05-11 01:33:56.866711 +0000 build-ubuntu43: output: Unpacking gettext-base (0.21-4ubuntu4) ....
2024-05-11 01:33:56.957644 +0000 build-ubuntu43: output: Selecting previously unselected package libuchardet0:amd64..
2024-05-11 01:33:56.958009 +0000 build-ubuntu43: output: Preparing to unpack .../14-libuchardet0_0.0.7-1build2_amd64.deb ....
2024-05-11 01:33:56.967191 +0000 build-ubuntu43: output: Unpacking libuchardet0:amd64 (0.0.7-1build2) ....
2024-05-11 01:33:57.036710 +0000 build-ubuntu43: output: Selecting previously unselected package groff-base..
2024-05-11 01:33:57.039109 +0000 build-ubuntu43: output: Preparing to unpack .../15-groff-base_1.22.4-8build1_amd64.deb ....
2024-05-11 01:33:57.046997 +0000 build-ubuntu43: output: Unpacking groff-base (1.22.4-8build1) ....
2024-05-11 01:33:57.215285 +0000 build-ubuntu43: output: Selecting previously unselected package libedit2:amd64..
2024-05-11 01:33:57.215503 +0000 build-ubuntu43: output: Preparing to unpack .../16-libedit2_3.1-20210910-1build1_amd64.deb ....
2024-05-11 01:33:57.223153 +0000 build-ubuntu43: output: Unpacking libedit2:amd64 (3.1-20210910-1build1) ....
2024-05-11 01:33:57.304104 +0000 build-ubuntu43: output: Selecting previously unselected package libnghttp2-14:amd64..
2024-05-11 01:33:57.306756 +0000 build-ubuntu43: output: Preparing to unpack .../17-libnghttp2-14_1.43.0-1build3_amd64.deb ....
2024-05-11 01:33:57.314322 +0000 build-ubuntu43: output: Unpacking libnghttp2-14:amd64 (1.43.0-1build3) ....
2024-05-11 01:33:57.384791 +0000 build-ubuntu43: output: Selecting previously unselected package libpipeline1:amd64..
2024-05-11 01:33:57.386308 +0000 build-ubuntu43: output: Preparing to unpack .../18-libpipeline1_1.5.5-1_amd64.deb ....
2024-05-11 01:33:57.392088 +0000 build-ubuntu43: output: Unpacking libpipeline1:amd64 (1.5.5-1) ....
2024-05-11 01:33:57.466332 +0000 build-ubuntu43: output: Selecting previously unselected package libpsl5:amd64..
2024-05-11 01:33:57.468147 +0000 build-ubuntu43: output: Preparing to unpack .../19-libpsl5_0.21.0-1.2build2_amd64.deb ....
2024-05-11 01:33:57.475538 +0000 build-ubuntu43: output: Unpacking libpsl5:amd64 (0.21.0-1.2build2) ....
2024-05-11 01:33:57.571439 +0000 build-ubuntu43: output: Selecting previously unselected package man-db..
2024-05-11 01:33:57.574419 +0000 build-ubuntu43: output: Preparing to unpack .../20-man-db_2.10.2-1_amd64.deb ....
2024-05-11 01:33:57.582221 +0000 build-ubuntu43: output: Unpacking man-db (2.10.2-1) ....
2024-05-11 01:33:57.802967 +0000 build-ubuntu43: output: Selecting previously unselected package libsigsegv2:amd64..
2024-05-11 01:33:57.804851 +0000 build-ubuntu43: output: Preparing to unpack .../21-libsigsegv2_2.13-1ubuntu3_amd64.deb ....
2024-05-11 01:33:57.813146 +0000 build-ubuntu43: output: Unpacking libsigsegv2:amd64 (2.13-1ubuntu3) ....
2024-05-11 01:33:57.872289 +0000 build-ubuntu43: output: Selecting previously unselected package m4..
2024-05-11 01:33:57.873983 +0000 build-ubuntu43: output: Preparing to unpack .../22-m4_1.4.18-5ubuntu2_amd64.deb ....
2024-05-11 01:33:57.881229 +0000 build-ubuntu43: output: Unpacking m4 (1.4.18-5ubuntu2) ....
2024-05-11 01:33:57.991491 +0000 build-ubuntu43: output: Selecting previously unselected package autoconf..
2024-05-11 01:33:57.993247 +0000 build-ubuntu43: output: Preparing to unpack .../23-autoconf_2.71-2_all.deb ....
2024-05-11 01:33:58.000307 +0000 build-ubuntu43: output: Unpacking autoconf (2.71-2) ....
2024-05-11 01:33:58.125356 +0000 build-ubuntu43: output: Selecting previously unselected package autotools-dev..
2024-05-11 01:33:58.128081 +0000 build-ubuntu43: output: Preparing to unpack .../24-autotools-dev_20220109.1_all.deb ....
2024-05-11 01:33:58.136776 +0000 build-ubuntu43: output: Unpacking autotools-dev (20220109.1) ....
2024-05-11 01:33:58.219339 +0000 build-ubuntu43: output: Selecting previously unselected package automake..
2024-05-11 01:33:58.220809 +0000 build-ubuntu43: output: Preparing to unpack .../25-automake_1%3a1.16.5-1.3_all.deb ....
2024-05-11 01:33:58.232077 +0000 build-ubuntu43: output: Unpacking automake (1:1.16.5-1.3) ....
2024-05-11 01:33:58.391108 +0000 build-ubuntu43: output: Selecting previously unselected package autopoint..
2024-05-11 01:33:58.392035 +0000 build-ubuntu43: output: Preparing to unpack .../26-autopoint_0.21-4ubuntu4_all.deb ....
2024-05-11 01:33:58.402759 +0000 build-ubuntu43: output: Unpacking autopoint (0.21-4ubuntu4) ....
2024-05-11 01:33:58.478265 +0000 build-ubuntu43: output: Selecting previously unselected package libdebhelper-perl..
2024-05-11 01:33:58.479233 +0000 build-ubuntu43: output: Preparing to unpack .../27-libdebhelper-perl_13.6ubuntu1_all.deb ....
2024-05-11 01:33:58.487354 +0000 build-ubuntu43: output: Unpacking libdebhelper-perl (13.6ubuntu1) ....
2024-05-11 01:33:58.605043 +0000 build-ubuntu43: output: Selecting previously unselected package libtool..
2024-05-11 01:33:58.605145 +0000 build-ubuntu43: output: Preparing to unpack .../28-libtool_2.4.6-15build2_all.deb ....
2024-05-11 01:33:58.611832 +0000 build-ubuntu43: output: Unpacking libtool (2.4.6-15build2) ....
2024-05-11 01:33:58.709813 +0000 build-ubuntu43: output: Selecting previously unselected package dh-autoreconf..
2024-05-11 01:33:58.711378 +0000 build-ubuntu43: output: Preparing to unpack .../29-dh-autoreconf_20_all.deb ....
2024-05-11 01:33:58.718397 +0000 build-ubuntu43: output: Unpacking dh-autoreconf (20) ....
2024-05-11 01:33:58.790365 +0000 build-ubuntu43: output: Selecting previously unselected package libarchive-zip-perl..
2024-05-11 01:33:58.791497 +0000 build-ubuntu43: output: Preparing to unpack .../30-libarchive-zip-perl_1.68-1_all.deb ....
2024-05-11 01:33:58.799108 +0000 build-ubuntu43: output: Unpacking libarchive-zip-perl (1.68-1) ....
2024-05-11 01:33:58.903410 +0000 build-ubuntu43: output: Selecting previously unselected package libsub-override-perl..
2024-05-11 01:33:58.905310 +0000 build-ubuntu43: output: Preparing to unpack .../31-libsub-override-perl_0.09-2_all.deb ....
2024-05-11 01:33:58.913123 +0000 build-ubuntu43: output: Unpacking libsub-override-perl (0.09-2) ....
2024-05-11 01:33:58.982028 +0000 build-ubuntu43: output: Selecting previously unselected package libfile-stripnondeterminism-perl..
2024-05-11 01:33:58.983025 +0000 build-ubuntu43: output: Preparing to unpack .../32-libfile-stripnondeterminism-perl_1.13.0-1_all.deb ....
2024-05-11 01:33:58.995124 +0000 build-ubuntu43: output: Unpacking libfile-stripnondeterminism-perl (1.13.0-1) ....
2024-05-11 01:33:59.066143 +0000 build-ubuntu43: output: Selecting previously unselected package dh-strip-nondeterminism..
2024-05-11 01:33:59.067759 +0000 build-ubuntu43: output: Preparing to unpack .../33-dh-strip-nondeterminism_1.13.0-1_all.deb ....
2024-05-11 01:33:59.077650 +0000 build-ubuntu43: output: Unpacking dh-strip-nondeterminism (1.13.0-1) ....
2024-05-11 01:33:59.167255 +0000 build-ubuntu43: output: Selecting previously unselected package libdw1:amd64..
2024-05-11 01:33:59.169128 +0000 build-ubuntu43: output: Preparing to unpack .../34-libdw1_0.186-1build1_amd64.deb ....
2024-05-11 01:33:59.177494 +0000 build-ubuntu43: output: Unpacking libdw1:amd64 (0.186-1build1) ....
2024-05-11 01:33:59.273868 +0000 build-ubuntu43: output: Selecting previously unselected package debugedit..
2024-05-11 01:33:59.274867 +0000 build-ubuntu43: output: Preparing to unpack .../35-debugedit_1%3a5.0-4build1_amd64.deb ....
2024-05-11 01:33:59.285795 +0000 build-ubuntu43: output: Unpacking debugedit (1:5.0-4build1) ....
2024-05-11 01:33:59.354371 +0000 build-ubuntu43: output: Selecting previously unselected package dwz..
2024-05-11 01:33:59.356795 +0000 build-ubuntu43: output: Preparing to unpack .../36-dwz_0.14-1build2_amd64.deb ....
2024-05-11 01:33:59.363753 +0000 build-ubuntu43: output: Unpacking dwz (0.14-1build2) ....
2024-05-11 01:33:59.446754 +0000 build-ubuntu43: output: Selecting previously unselected package gettext..
2024-05-11 01:33:59.449600 +0000 build-ubuntu43: output: Preparing to unpack .../37-gettext_0.21-4ubuntu4_amd64.deb ....
2024-05-11 01:33:59.457141 +0000 build-ubuntu43: output: Unpacking gettext (0.21-4ubuntu4) ....
2024-05-11 01:33:59.576853 +0000 build-ubuntu43: output: Selecting previously unselected package intltool-debian..
2024-05-11 01:33:59.579350 +0000 build-ubuntu43: output: Preparing to unpack .../38-intltool-debian_0.35.0+20060710.5_all.deb ....
2024-05-11 01:33:59.585702 +0000 build-ubuntu43: output: Unpacking intltool-debian (0.35.0+20060710.5) ....
2024-05-11 01:33:59.653264 +0000 build-ubuntu43: output: Selecting previously unselected package po-debconf..
2024-05-11 01:33:59.653369 +0000 build-ubuntu43: output: Preparing to unpack .../39-po-debconf_1.0.21+nmu1_all.deb ....
2024-05-11 01:33:59.663168 +0000 build-ubuntu43: output: Unpacking po-debconf (1.0.21+nmu1) ....
2024-05-11 01:33:59.766807 +0000 build-ubuntu43: output: Selecting previously unselected package debhelper..
2024-05-11 01:33:59.768441 +0000 build-ubuntu43: output: Preparing to unpack .../40-debhelper_13.6ubuntu1_all.deb ....
2024-05-11 01:33:59.776146 +0000 build-ubuntu43: output: Unpacking debhelper (13.6ubuntu1) ....
2024-05-11 01:34:00.053201 +0000 build-ubuntu43: output: Selecting previously unselected package icu-devtools..
2024-05-11 01:34:00.055098 +0000 build-ubuntu43: output: Preparing to unpack .../41-icu-devtools_70.1-2_amd64.deb ....
2024-05-11 01:34:00.062005 +0000 build-ubuntu43: output: Unpacking icu-devtools (70.1-2) ....
2024-05-11 01:34:00.154654 +0000 build-ubuntu43: output: Selecting previously unselected package libarchive13:amd64..
2024-05-11 01:34:00.156938 +0000 build-ubuntu43: output: Preparing to unpack .../42-libarchive13_3.6.0-1ubuntu1_amd64.deb ....
2024-05-11 01:34:00.164959 +0000 build-ubuntu43: output: Unpacking libarchive13:amd64 (3.6.0-1ubuntu1) ....
2024-05-11 01:34:00.258072 +0000 build-ubuntu43: output: Selecting previously unselected package libbrotli1:amd64..
2024-05-11 01:34:00.259339 +0000 build-ubuntu43: output: Preparing to unpack .../43-libbrotli1_1.0.9-2build6_amd64.deb ....
2024-05-11 01:34:00.272115 +0000 build-ubuntu43: output: Unpacking libbrotli1:amd64 (1.0.9-2build6) ....
2024-05-11 01:34:00.348546 +0000 build-ubuntu43: output: Selecting previously unselected package libbz2-dev:amd64..
2024-05-11 01:34:00.350172 +0000 build-ubuntu43: output: Preparing to unpack .../44-libbz2-dev_1.0.8-5build1_amd64.deb ....
2024-05-11 01:34:00.358065 +0000 build-ubuntu43: output: Unpacking libbz2-dev:amd64 (1.0.8-5build1) ....
2024-05-11 01:34:00.437521 +0000 build-ubuntu43: output: Selecting previously unselected package libcap-ng-dev..
2024-05-11 01:34:00.438912 +0000 build-ubuntu43: output: Preparing to unpack .../45-libcap-ng-dev_0.7.9-2.2build3_amd64.deb ....
2024-05-11 01:34:00.449943 +0000 build-ubuntu43: output: Unpacking libcap-ng-dev (0.7.9-2.2build3) ....
2024-05-11 01:34:00.526126 +0000 build-ubuntu43: output: Selecting previously unselected package libsasl2-modules-db:amd64..
2024-05-11 01:34:00.526219 +0000 build-ubuntu43: output: Preparing to unpack .../46-libsasl2-modules-db_2.1.27+dfsg2-3ubuntu1_amd64.deb ....
2024-05-11 01:34:00.535244 +0000 build-ubuntu43: output: Unpacking libsasl2-modules-db:amd64 (2.1.27+dfsg2-3ubuntu1) ....
2024-05-11 01:34:00.616670 +0000 build-ubuntu43: output: Selecting previously unselected package libsasl2-2:amd64..
2024-05-11 01:34:00.618971 +0000 build-ubuntu43: output: Preparing to unpack .../47-libsasl2-2_2.1.27+dfsg2-3ubuntu1_amd64.deb ....
2024-05-11 01:34:00.638215 +0000 build-ubuntu43: output: Unpacking libsasl2-2:amd64 (2.1.27+dfsg2-3ubuntu1) ....
2024-05-11 01:34:00.727964 +0000 build-ubuntu43: output: Selecting previously unselected package libldap-2.5-0:amd64..
2024-05-11 01:34:00.729990 +0000 build-ubuntu43: output: Preparing to unpack .../48-libldap-2.5-0_2.5.11+dfsg-1~exp1ubuntu3_amd64.deb ....
2024-05-11 01:34:00.738268 +0000 build-ubuntu43: output: Unpacking libldap-2.5-0:amd64 (2.5.11+dfsg-1~exp1ubuntu3) ....
2024-05-11 01:34:00.826849 +0000 build-ubuntu43: output: Selecting previously unselected package librtmp1:amd64..
2024-05-11 01:34:00.828112 +0000 build-ubuntu43: output: Preparing to unpack .../49-librtmp1_2.4+20151223.gitfa8646d.1-2build4_amd64.deb ....
2024-05-11 01:34:00.835235 +0000 build-ubuntu43: output: Unpacking librtmp1:amd64 (2.4+20151223.gitfa8646d.1-2build4) ....
2024-05-11 01:34:00.910319 +0000 build-ubuntu43: output: Selecting previously unselected package libssh-4:amd64..
2024-05-11 01:34:00.912138 +0000 build-ubuntu43: output: Preparing to unpack .../50-libssh-4_0.9.6-2build1_amd64.deb ....
2024-05-11 01:34:00.919634 +0000 build-ubuntu43: output: Unpacking libssh-4:amd64 (0.9.6-2build1) ....
2024-05-11 01:34:01.009786 +0000 build-ubuntu43: output: Selecting previously unselected package libcurl3-gnutls:amd64..
2024-05-11 01:34:01.011814 +0000 build-ubuntu43: output: Preparing to unpack .../51-libcurl3-gnutls_7.81.0-1_amd64.deb ....
2024-05-11 01:34:01.019254 +0000 build-ubuntu43: output: Unpacking libcurl3-gnutls:amd64 (7.81.0-1) ....
2024-05-11 01:34:01.100457 +0000 build-ubuntu43: output: Selecting previously unselected package libfsverity0:amd64..
2024-05-11 01:34:01.101725 +0000 build-ubuntu43: output: Preparing to unpack .../52-libfsverity0_1.4-1~exp1build1_amd64.deb ....
2024-05-11 01:34:01.109610 +0000 build-ubuntu43: output: Unpacking libfsverity0:amd64 (1.4-1~exp1build1) ....
2024-05-11 01:34:01.171210 +0000 build-ubuntu43: output: Selecting previously unselected package libfsverity-dev:amd64..
2024-05-11 01:34:01.172472 +0000 build-ubuntu43: output: Preparing to unpack .../53-libfsverity-dev_1.4-1~exp1build1_amd64.deb ....
2024-05-11 01:34:01.179105 +0000 build-ubuntu43: output: Unpacking libfsverity-dev:amd64 (1.4-1~exp1build1) ....
2024-05-11 01:34:01.240250 +0000 build-ubuntu43: output: Selecting previously unselected package libgpg-error-dev..
2024-05-11 01:34:01.241367 +0000 build-ubuntu43: output: Preparing to unpack .../54-libgpg-error-dev_1.43-3_amd64.deb ....
2024-05-11 01:34:01.247252 +0000 build-ubuntu43: output: Unpacking libgpg-error-dev (1.43-3) ....
2024-05-11 01:34:01.324141 +0000 build-ubuntu43: output: Selecting previously unselected package libgcrypt20-dev..
2024-05-11 01:34:01.325534 +0000 build-ubuntu43: output: Preparing to unpack .../55-libgcrypt20-dev_1.9.4-3ubuntu3_amd64.deb ....
2024-05-11 01:34:01.332998 +0000 build-ubuntu43: output: Unpacking libgcrypt20-dev (1.9.4-3ubuntu3) ....
2024-05-11 01:34:01.420766 +0000 build-ubuntu43: output: Selecting previously unselected package libicu-dev:amd64..
2024-05-11 01:34:01.423115 +0000 build-ubuntu43: output: Preparing to unpack .../56-libicu-dev_70.1-2_amd64.deb ....
2024-05-11 01:34:01.429038 +0000 build-ubuntu43: output: Unpacking libicu-dev:amd64 (70.1-2) ....
2024-05-11 01:34:01.951154 +0000 build-ubuntu43: output: Selecting previously unselected package libllvm13:amd64..
2024-05-11 01:34:01.954099 +0000 build-ubuntu43: output: Preparing to unpack .../57-libllvm13_1%3a13.0.1-2ubuntu2_amd64.deb ....
2024-05-11 01:34:01.965015 +0000 build-ubuntu43: output: Unpacking libllvm13:amd64 (1:13.0.1-2ubuntu2) ....
2024-05-11 01:34:02.730659 +0000 build-ubuntu43: output: Selecting previously unselected package liblua5.3-0:amd64..
2024-05-11 01:34:02.732427 +0000 build-ubuntu43: output: Preparing to unpack .../58-liblua5.3-0_5.3.6-1build1_amd64.deb ....
2024-05-11 01:34:02.740455 +0000 build-ubuntu43: output: Unpacking liblua5.3-0:amd64 (5.3.6-1build1) ....
2024-05-11 01:34:02.822031 +0000 build-ubuntu43: output: Selecting previously unselected package libncurses-dev:amd64..
2024-05-11 01:34:02.824710 +0000 build-ubuntu43: output: Preparing to unpack .../59-libncurses-dev_6.3-2_amd64.deb ....
2024-05-11 01:34:02.838407 +0000 build-ubuntu43: output: Unpacking libncurses-dev:amd64 (6.3-2) ....
2024-05-11 01:34:03.033068 +0000 build-ubuntu43: output: Selecting previously unselected package libpcre2-16-0:amd64..
2024-05-11 01:34:03.035258 +0000 build-ubuntu43: output: Preparing to unpack .../60-libpcre2-16-0_10.39-3build1_amd64.deb ....
2024-05-11 01:34:03.046230 +0000 build-ubuntu43: output: Unpacking libpcre2-16-0:amd64 (10.39-3build1) ....
2024-05-11 01:34:03.160592 +0000 build-ubuntu43: output: Selecting previously unselected package libpcre2-32-0:amd64..
2024-05-11 01:34:03.162566 +0000 build-ubuntu43: output: Preparing to unpack .../61-libpcre2-32-0_10.39-3build1_amd64.deb ....
2024-05-11 01:34:03.181555 +0000 build-ubuntu43: output: Unpacking libpcre2-32-0:amd64 (10.39-3build1) ....
2024-05-11 01:34:03.279818 +0000 build-ubuntu43: output: Selecting previously unselected package libpcre2-posix3:amd64..
2024-05-11 01:34:03.281223 +0000 build-ubuntu43: output: Preparing to unpack .../62-libpcre2-posix3_10.39-3build1_amd64.deb ....
2024-05-11 01:34:03.297295 +0000 build-ubuntu43: output: Unpacking libpcre2-posix3:amd64 (10.39-3build1) ....
2024-05-11 01:34:03.379378 +0000 build-ubuntu43: output: Selecting previously unselected package libpcre2-dev:amd64..
2024-05-11 01:34:03.380434 +0000 build-ubuntu43: output: Preparing to unpack .../63-libpcre2-dev_10.39-3build1_amd64.deb ....
2024-05-11 01:34:03.391482 +0000 build-ubuntu43: output: Unpacking libpcre2-dev:amd64 (10.39-3build1) ....
2024-05-11 01:34:03.543325 +0000 build-ubuntu43: output: Selecting previously unselected package libpopt-dev:amd64..
2024-05-11 01:34:03.545702 +0000 build-ubuntu43: output: Preparing to unpack .../64-libpopt-dev_1.18-3build1_amd64.deb ....
2024-05-11 01:34:03.553052 +0000 build-ubuntu43: output: Unpacking libpopt-dev:amd64 (1.18-3build1) ....
2024-05-11 01:34:03.620948 +0000 build-ubuntu43: output: Selecting previously unselected package libreadline-dev:amd64..
2024-05-11 01:34:03.622446 +0000 build-ubuntu43: output: Preparing to unpack .../65-libreadline-dev_8.1.2-1_amd64.deb ....
2024-05-11 01:34:03.629825 +0000 build-ubuntu43: output: Unpacking libreadline-dev:amd64 (8.1.2-1) ....
2024-05-11 01:34:03.735189 +0000 build-ubuntu43: output: Selecting previously unselected package librpmio9..
2024-05-11 01:34:03.737017 +0000 build-ubuntu43: output: Preparing to unpack .../66-librpmio9_4.17.0+dfsg1-4build1_amd64.deb ....
2024-05-11 01:34:03.744531 +0000 build-ubuntu43: output: Unpacking librpmio9 (4.17.0+dfsg1-4build1) ....
2024-05-11 01:34:03.822341 +0000 build-ubuntu43: output: Selecting previously unselected package librpm9..
2024-05-11 01:34:03.825107 +0000 build-ubuntu43: output: Preparing to unpack .../67-librpm9_4.17.0+dfsg1-4build1_amd64.deb ....
2024-05-11 01:34:03.832696 +0000 build-ubuntu43: output: Unpacking librpm9 (4.17.0+dfsg1-4build1) ....
2024-05-11 01:34:03.914371 +0000 build-ubuntu43: output: Selecting previously unselected package librpmbuild9..
2024-05-11 01:34:03.916857 +0000 build-ubuntu43: output: Preparing to unpack .../68-librpmbuild9_4.17.0+dfsg1-4build1_amd64.deb ....
2024-05-11 01:34:03.923726 +0000 build-ubuntu43: output: Unpacking librpmbuild9 (4.17.0+dfsg1-4build1) ....
2024-05-11 01:34:03.995344 +0000 build-ubuntu43: output: Selecting previously unselected package librpmsign9..
2024-05-11 01:34:03.997589 +0000 build-ubuntu43: output: Preparing to unpack .../69-librpmsign9_4.17.0+dfsg1-4build1_amd64.deb ....
2024-05-11 01:34:04.005568 +0000 build-ubuntu43: output: Unpacking librpmsign9 (4.17.0+dfsg1-4build1) ....
2024-05-11 01:34:04.066692 +0000 build-ubuntu43: output: Selecting previously unselected package librust-cc-dev:amd64..
2024-05-11 01:34:04.068018 +0000 build-ubuntu43: output: Preparing to unpack .../70-librust-cc-dev_1.0.71-2_amd64.deb ....
2024-05-11 01:34:04.074509 +0000 build-ubuntu43: output: Unpacking librust-cc-dev:amd64 (1.0.71-2) ....
2024-05-11 01:34:04.147266 +0000 build-ubuntu43: output: Selecting previously unselected package librust-libc-dev:amd64..
2024-05-11 01:34:04.147502 +0000 build-ubuntu43: output: Preparing to unpack .../71-librust-libc-dev_0.2.103-1_amd64.deb ....
2024-05-11 01:34:04.154615 +0000 build-ubuntu43: output: Unpacking librust-libc-dev:amd64 (0.2.103-1) ....
2024-05-11 01:34:04.375798 +0000 build-ubuntu43: output: Selecting previously unselected package libsepol-dev:amd64..
2024-05-11 01:34:04.378109 +0000 build-ubuntu43: output: Preparing to unpack .../72-libsepol-dev_3.3-1build1_amd64.deb ....
2024-05-11 01:34:04.389325 +0000 build-ubuntu43: output: Unpacking libsepol-dev:amd64 (3.3-1build1) ....
2024-05-11 01:34:04.516823 +0000 build-ubuntu43: output: Selecting previously unselected package libselinux1-dev:amd64..
2024-05-11 01:34:04.518385 +0000 build-ubuntu43: output: Preparing to unpack .../73-libselinux1-dev_3.3-1build2_amd64.deb ....
2024-05-11 01:34:04.525488 +0000 build-ubuntu43: output: Unpacking libselinux1-dev:amd64 (3.3-1build2) ....
2024-05-11 01:34:04.665659 +0000 build-ubuntu43: output: Selecting previously unselected package libsqlite3-dev:amd64..
2024-05-11 01:34:04.668014 +0000 build-ubuntu43: output: Preparing to unpack .../74-libsqlite3-dev_3.37.2-2_amd64.deb ....
2024-05-11 01:34:04.675366 +0000 build-ubuntu43: output: Unpacking libsqlite3-dev:amd64 (3.37.2-2) ....
2024-05-11 01:34:04.791954 +0000 build-ubuntu43: output: Selecting previously unselected package libssh2-1:amd64..
2024-05-11 01:34:04.793191 +0000 build-ubuntu43: output: Preparing to unpack .../75-libssh2-1_1.10.0-3_amd64.deb ....
2024-05-11 01:34:04.800412 +0000 build-ubuntu43: output: Unpacking libssh2-1:amd64 (1.10.0-3) ....
2024-05-11 01:34:04.876333 +0000 build-ubuntu43: output: Selecting previously unselected package libstd-rust-1.58:amd64..
2024-05-11 01:34:04.877562 +0000 build-ubuntu43: output: Preparing to unpack .../76-libstd-rust-1.58_1.58.1+dfsg1~ubuntu1-0ubuntu2_amd64.deb ....
2024-05-11 01:34:04.889222 +0000 build-ubuntu43: output: Unpacking libstd-rust-1.58:amd64 (1.58.1+dfsg1~ubuntu1-0ubuntu2) ....
2024-05-11 01:34:05.551208 +0000 build-ubuntu43: output: Selecting previously unselected package libxml2-dev:amd64..
2024-05-11 01:34:05.552865 +0000 build-ubuntu43: output: Preparing to unpack .../77-libxml2-dev_2.9.13+dfsg-1build1_amd64.deb ....
2024-05-11 01:34:05.560779 +0000 build-ubuntu43: output: Unpacking libxml2-dev:amd64 (2.9.13+dfsg-1build1) ....
2024-05-11 01:34:05.718139 +0000 build-ubuntu43: output: Selecting previously unselected package libzstd-dev:amd64..
2024-05-11 01:34:05.721210 +0000 build-ubuntu43: output: Preparing to unpack .../78-libzstd-dev_1.4.8+dfsg-3build1_amd64.deb ....
2024-05-11 01:34:05.729832 +0000 build-ubuntu43: output: Unpacking libzstd-dev:amd64 (1.4.8+dfsg-3build1) ....
2024-05-11 01:34:05.829682 +0000 build-ubuntu43: output: Selecting previously unselected package rpm-common..
2024-05-11 01:34:05.833271 +0000 build-ubuntu43: output: Preparing to unpack .../79-rpm-common_4.17.0+dfsg1-4build1_amd64.deb ....
2024-05-11 01:34:05.847352 +0000 build-ubuntu43: output: Unpacking rpm-common (4.17.0+dfsg1-4build1) ....
2024-05-11 01:34:06.005305 +0000 build-ubuntu43: output: Selecting previously unselected package rpm2cpio..
2024-05-11 01:34:06.007645 +0000 build-ubuntu43: output: Preparing to unpack .../80-rpm2cpio_4.17.0+dfsg1-4build1_amd64.deb ....
2024-05-11 01:34:06.020284 +0000 build-ubuntu43: output: Unpacking rpm2cpio (4.17.0+dfsg1-4build1) ....
2024-05-11 01:34:06.111008 +0000 build-ubuntu43: output: Selecting previously unselected package rpm..
2024-05-11 01:34:06.114400 +0000 build-ubuntu43: output: Preparing to unpack .../81-rpm_4.17.0+dfsg1-4build1_amd64.deb ....
2024-05-11 01:34:06.125164 +0000 build-ubuntu43: output: Unpacking rpm (4.17.0+dfsg1-4build1) ....
2024-05-11 01:34:06.341543 +0000 build-ubuntu43: output: Selecting previously unselected package zlib1g-dev:amd64..
2024-05-11 01:34:06.344503 +0000 build-ubuntu43: output: Preparing to unpack .../82-zlib1g-dev_1%3a1.2.11.dfsg-2ubuntu9_amd64.deb ....
2024-05-11 01:34:06.351636 +0000 build-ubuntu43: output: Unpacking zlib1g-dev:amd64 (1:1.2.11.dfsg-2ubuntu9) ....
2024-05-11 01:34:06.431396 +0000 build-ubuntu43: output: Selecting previously unselected package libstd-rust-dev:amd64..
2024-05-11 01:34:06.433814 +0000 build-ubuntu43: output: Preparing to unpack .../83-libstd-rust-dev_1.58.1+dfsg1~ubuntu1-0ubuntu2_amd64.deb ....
2024-05-11 01:34:06.471220 +0000 build-ubuntu43: output: Unpacking libstd-rust-dev:amd64 (1.58.1+dfsg1~ubuntu1-0ubuntu2) ....
2024-05-11 01:34:07.749520 +0000 build-ubuntu43: output: Selecting previously unselected package rustc..
2024-05-11 01:34:07.749703 +0000 build-ubuntu43: output: Preparing to unpack .../84-rustc_1.58.1+dfsg1~ubuntu1-0ubuntu2_amd64.deb ....
2024-05-11 01:34:07.756221 +0000 build-ubuntu43: output: Unpacking rustc (1.58.1+dfsg1~ubuntu1-0ubuntu2) ....
2024-05-11 01:34:07.909667 +0000 build-ubuntu43: output: Selecting previously unselected package cargo..
2024-05-11 01:34:07.912406 +0000 build-ubuntu43: output: Preparing to unpack .../85-cargo_0.58.0-0ubuntu1_amd64.deb ....
2024-05-11 01:34:07.924052 +0000 build-ubuntu43: output: Unpacking cargo (0.58.0-0ubuntu1) ....
2024-05-11 01:34:08.149149 +0000 build-ubuntu43: output: Selecting previously unselected package libaudit-dev:amd64..
2024-05-11 01:34:08.149300 +0000 build-ubuntu43: output: Preparing to unpack .../86-libaudit-dev_1%3a3.0.7-1build1_amd64.deb ....
2024-05-11 01:34:08.157625 +0000 build-ubuntu43: output: Unpacking libaudit-dev:amd64 (1:3.0.7-1build1) ....
2024-05-11 01:34:08.247270 +0000 build-ubuntu43: output: Selecting previously unselected package librpm-dev..
2024-05-11 01:34:08.248998 +0000 build-ubuntu43: output: Preparing to unpack .../87-librpm-dev_4.17.0+dfsg1-4build1_amd64.deb ....
2024-05-11 01:34:08.256518 +0000 build-ubuntu43: output: Unpacking librpm-dev (4.17.0+dfsg1-4build1) ....
2024-05-11 01:34:08.395164 +0000 build-ubuntu43: output: Setting up libpipeline1:amd64 (1.5.5-1) ....
2024-05-11 01:34:08.423418 +0000 build-ubuntu43: output: Setting up librust-libc-dev:amd64 (0.2.103-1) ....
2024-05-11 01:34:08.462184 +0000 build-ubuntu43: output: Setting up libncurses-dev:amd64 (6.3-2) ....
2024-05-11 01:34:08.485200 +0000 build-ubuntu43: output: Setting up libpsl5:amd64 (0.21.0-1.2build2) ....
2024-05-11 01:34:08.512927 +0000 build-ubuntu43: output: Setting up libzstd-dev:amd64 (1.4.8+dfsg-3build1) ....
2024-05-11 01:34:08.535737 +0000 build-ubuntu43: output: Setting up bsdextrautils (2.37.2-4ubuntu3) ....
2024-05-11 01:34:08.556228 +0000 build-ubuntu43: output: update-alternatives: using /usr/bin/write.ul to provide /usr/bin/write (write) in auto mode.
2024-05-11 01:34:08.569580 +0000 build-ubuntu43: output: Setting up libmagic-mgc (1:5.41-3) ....
2024-05-11 01:34:08.591792 +0000 build-ubuntu43: output: Setting up libarchive-zip-perl (1.68-1) ....
2024-05-11 01:34:08.614815 +0000 build-ubuntu43: output: Setting up libdebhelper-perl (13.6ubuntu1) ....
2024-05-11 01:34:08.639169 +0000 build-ubuntu43: output: Setting up libbrotli1:amd64 (1.0.9-2build6) ....
2024-05-11 01:34:08.668107 +0000 build-ubuntu43: output: Setting up libnghttp2-14:amd64 (1.43.0-1build3) ....
2024-05-11 01:34:08.691058 +0000 build-ubuntu43: output: Setting up libmagic1:amd64 (1:5.41-3) ....
2024-05-11 01:34:08.728589 +0000 build-ubuntu43: output: Setting up gettext-base (0.21-4ubuntu4) ....
2024-05-11 01:34:08.750753 +0000 build-ubuntu43: output: Setting up file (1:5.41-3) ....
2024-05-11 01:34:08.774836 +0000 build-ubuntu43: output: Setting up libpcre2-16-0:amd64 (10.39-3build1) ....
2024-05-11 01:34:08.801277 +0000 build-ubuntu43: output: Setting up libfsverity0:amd64 (1.4-1~exp1build1) ....
2024-05-11 01:34:08.824113 +0000 build-ubuntu43: output: Setting up libsasl2-modules-db:amd64 (2.1.27+dfsg2-3ubuntu1) ....
2024-05-11 01:34:08.847922 +0000 build-ubuntu43: output: Setting up autotools-dev (20220109.1) ....
2024-05-11 01:34:08.871413 +0000 build-ubuntu43: output: Setting up libpcre2-32-0:amd64 (10.39-3build1) ....
2024-05-11 01:34:08.894233 +0000 build-ubuntu43: output: Setting up libsqlite3-dev:amd64 (3.37.2-2) ....
2024-05-11 01:34:08.921160 +0000 build-ubuntu43: output: Setting up libgpg-error-dev (1.43-3) ....
2024-05-11 01:34:08.943751 +0000 build-ubuntu43: output: Setting up librtmp1:amd64 (2.4+20151223.gitfa8646d.1-2build4) ....
2024-05-11 01:34:08.966697 +0000 build-ubuntu43: output: Setting up libdbus-1-3:amd64 (1.12.20-2ubuntu4) ....
2024-05-11 01:34:08.989066 +0000 build-ubuntu43: output: Setting up libsigsegv2:amd64 (2.13-1ubuntu3) ....
2024-05-11 01:34:09.012286 +0000 build-ubuntu43: output: Setting up librust-cc-dev:amd64 (1.0.71-2) ....
2024-05-11 01:34:09.035196 +0000 build-ubuntu43: output: Setting up autopoint (0.21-4ubuntu4) ....
2024-05-11 01:34:09.061138 +0000 build-ubuntu43: output: Setting up libsepol-dev:amd64 (3.3-1build1) ....
2024-05-11 01:34:09.083278 +0000 build-ubuntu43: output: Setting up libsasl2-2:amd64 (2.1.27+dfsg2-3ubuntu1) ....
2024-05-11 01:34:09.108288 +0000 build-ubuntu43: output: Setting up libssh-4:amd64 (0.9.6-2build1) ....
2024-05-11 01:34:09.130461 +0000 build-ubuntu43: output: Setting up zlib1g-dev:amd64 (1:1.2.11.dfsg-2ubuntu9) ....
2024-05-11 01:34:09.156222 +0000 build-ubuntu43: output: Setting up libpcre2-posix3:amd64 (10.39-3build1) ....
2024-05-11 01:34:09.183231 +0000 build-ubuntu43: output: Setting up libmd0:amd64 (1.0.4-1build1) ....
2024-05-11 01:34:09.206731 +0000 build-ubuntu43: output: Setting up libuchardet0:amd64 (0.0.7-1build2) ....
2024-05-11 01:34:09.229528 +0000 build-ubuntu43: output: Setting up liblua5.3-0:amd64 (5.3.6-1build1) ....
2024-05-11 01:34:09.251770 +0000 build-ubuntu43: output: Setting up libcap-ng-dev (0.7.9-2.2build3) ....
2024-05-11 01:34:09.273194 +0000 build-ubuntu43: output: Setting up libsub-override-perl (0.09-2) ....
2024-05-11 01:34:09.299260 +0000 build-ubuntu43: output: Setting up libssh2-1:amd64 (1.10.0-3) ....
2024-05-11 01:34:09.322024 +0000 build-ubuntu43: output: Setting up libfsverity-dev:amd64 (1.4-1~exp1build1) ....
2024-05-11 01:34:09.346653 +0000 build-ubuntu43: output: Setting up libbsd0:amd64 (0.11.5-1) ....
2024-05-11 01:34:09.369853 +0000 build-ubuntu43: output: Setting up libelf1:amd64 (0.186-1build1) ....
2024-05-11 01:34:09.392745 +0000 build-ubuntu43: output: Setting up readline-common (8.1.2-1) ....
2024-05-11 01:34:09.420218 +0000 build-ubuntu43: output: Setting up libpopt0:amd64 (1.18-3build1) ....
2024-05-11 01:34:09.446235 +0000 build-ubuntu43: output: Setting up libicu70:amd64 (70.1-2) ....
2024-05-11 01:34:09.470096 +0000 build-ubuntu43: output: Setting up libbz2-dev:amd64 (1.0.8-5build1) ....
2024-05-11 01:34:09.492491 +0000 build-ubuntu43: output: Setting up libfile-stripnondeterminism-perl (1.13.0-1) ....
2024-05-11 01:34:09.514944 +0000 build-ubuntu43: output: Setting up libdw1:amd64 (0.186-1build1) ....
2024-05-11 01:34:09.536182 +0000 build-ubuntu43: output: Setting up libpcre2-dev:amd64 (10.39-3build1) ....
2024-05-11 01:34:09.564014 +0000 build-ubuntu43: output: Setting up libtool (2.4.6-15build2) ....
2024-05-11 01:34:09.586587 +0000 build-ubuntu43: output: Setting up libselinux1-dev:amd64 (3.3-1build2) ....
2024-05-11 01:34:09.608063 +0000 build-ubuntu43: output: Setting up libaudit-dev:amd64 (1:3.0.7-1build1) ....
2024-05-11 01:34:09.630739 +0000 build-ubuntu43: output: Setting up libedit2:amd64 (3.1-20210910-1build1) ....
2024-05-11 01:34:09.651854 +0000 build-ubuntu43: output: Setting up libreadline8:amd64 (8.1.2-1) ....
2024-05-11 01:34:09.679088 +0000 build-ubuntu43: output: Setting up m4 (1.4.18-5ubuntu2) ....
2024-05-11 01:34:09.701105 +0000 build-ubuntu43: output: Setting up libreadline-dev:amd64 (8.1.2-1) ....
2024-05-11 01:34:09.722730 +0000 build-ubuntu43: output: Setting up libldap-2.5-0:amd64 (2.5.11+dfsg-1~exp1ubuntu3) ....
2024-05-11 01:34:09.745019 +0000 build-ubuntu43: output: Setting up libpopt-dev:amd64 (1.18-3build1) ....
2024-05-11 01:34:09.766379 +0000 build-ubuntu43: output: Setting up libgcrypt20-dev (1.9.4-3ubuntu3) ....
2024-05-11 01:34:09.803969 +0000 build-ubuntu43: output: Setting up icu-devtools (70.1-2) ....
2024-05-11 01:34:09.829563 +0000 build-ubuntu43: output: Setting up autoconf (2.71-2) ....
2024-05-11 01:34:09.860466 +0000 build-ubuntu43: output: Setting up dh-strip-nondeterminism (1.13.0-1) ....
2024-05-11 01:34:09.882365 +0000 build-ubuntu43: output: Setting up dwz (0.14-1build2) ....
2024-05-11 01:34:09.904304 +0000 build-ubuntu43: output: Setting up groff-base (1.22.4-8build1) ....
2024-05-11 01:34:09.956835 +0000 build-ubuntu43: output: Setting up debugedit (1:5.0-4build1) ....
2024-05-11 01:34:09.979799 +0000 build-ubuntu43: output: Setting up libicu-dev:amd64 (70.1-2) ....
2024-05-11 01:34:10.001790 +0000 build-ubuntu43: output: Setting up libxml2:amd64 (2.9.13+dfsg-1build1) ....
2024-05-11 01:34:10.033068 +0000 build-ubuntu43: output: Setting up librpmio9 (4.17.0+dfsg1-4build1) ....
2024-05-11 01:34:10.057301 +0000 build-ubuntu43: output: Setting up automake (1:1.16.5-1.3) ....
2024-05-11 01:34:10.079929 +0000 build-ubuntu43: output: update-alternatives: using /usr/bin/automake-1.16 to provide /usr/bin/automake (automake) in auto mode.
2024-05-11 01:34:10.097412 +0000 build-ubuntu43: output: Setting up librpm9 (4.17.0+dfsg1-4build1) ....
2024-05-11 01:34:10.121808 +0000 build-ubuntu43: output: Setting up gettext (0.21-4ubuntu4) ....
2024-05-11 01:34:10.154706 +0000 build-ubuntu43: output: Setting up libarchive13:amd64 (3.6.0-1ubuntu1) ....
2024-05-11 01:34:10.178981 +0000 build-ubuntu43: output: Setting up libcurl3-gnutls:amd64 (7.81.0-1) ....
2024-05-11 01:34:10.201951 +0000 build-ubuntu43: output: Setting up rpm-common (4.17.0+dfsg1-4build1) ....
2024-05-11 01:34:10.238432 +0000 build-ubuntu43: output: Setting up man-db (2.10.2-1) ....
2024-05-11 01:34:10.376090 +0000 build-ubuntu43: output: Not building database; man-db/auto-update is not 'true'..
2024-05-11 01:34:10.544569 +0000 build-ubuntu43: output: Setting up intltool-debian (0.35.0+20060710.5) ....
2024-05-11 01:34:10.565794 +0000 build-ubuntu43: output: Setting up dh-autoreconf (20) ....
2024-05-11 01:34:10.599003 +0000 build-ubuntu43: output: Setting up libxml2-dev:amd64 (2.9.13+dfsg-1build1) ....
2024-05-11 01:34:10.622322 +0000 build-ubuntu43: output: Setting up librpmbuild9 (4.17.0+dfsg1-4build1) ....
2024-05-11 01:34:10.649785 +0000 build-ubuntu43: output: Setting up libllvm13:amd64 (1:13.0.1-2ubuntu2) ....
2024-05-11 01:34:10.673090 +0000 build-ubuntu43: output: Setting up librpmsign9 (4.17.0+dfsg1-4build1) ....
2024-05-11 01:34:10.697089 +0000 build-ubuntu43: output: Setting up rpm2cpio (4.17.0+dfsg1-4build1) ....
2024-05-11 01:34:10.718563 +0000 build-ubuntu43: output: Setting up po-debconf (1.0.21+nmu1) ....
2024-05-11 01:34:10.779357 +0000 build-ubuntu43: output: Setting up rpm (4.17.0+dfsg1-4build1) ....
2024-05-11 01:34:10.806007 +0000 build-ubuntu43: output: Setting up debhelper (13.6ubuntu1) ....
2024-05-11 01:34:10.829412 +0000 build-ubuntu43: output: Setting up librpm-dev (4.17.0+dfsg1-4build1) ....
2024-05-11 01:34:10.851440 +0000 build-ubuntu43: output: Setting up libstd-rust-1.58:amd64 (1.58.1+dfsg1~ubuntu1-0ubuntu2) ....
2024-05-11 01:34:10.874238 +0000 build-ubuntu43: output: Setting up libstd-rust-dev:amd64 (1.58.1+dfsg1~ubuntu1-0ubuntu2) ....
2024-05-11 01:34:10.897381 +0000 build-ubuntu43: output: Setting up rustc (1.58.1+dfsg1~ubuntu1-0ubuntu2) ....
2024-05-11 01:34:10.926156 +0000 build-ubuntu43: output: Setting up cargo (0.58.0-0ubuntu1) ....
2024-05-11 01:34:10.946447 +0000 build-ubuntu43: output: Processing triggers for libc-bin (2.35-0ubuntu3) ....
2024-05-11 01:34:11.208189 +0000 build-ubuntu43: output: Reading package lists...
2024-05-11 01:34:11.472136 +0000 build-ubuntu43: output: Building dependency tree...
2024-05-11 01:34:11.472196 +0000 build-ubuntu43: output: Reading state information...
2024-05-11 01:34:11.610376 +0000 build-ubuntu43: output: Reading extended state information...
2024-05-11 01:34:11.626407 +0000 build-ubuntu43: output: Initializing package states...
2024-05-11 01:34:11.829270 +0000 build-ubuntu43: output: Writing extended state information...
2024-05-11 01:34:11.926753 +0000 build-ubuntu43: output: Building tag database...
2024-05-11 01:34:11.976460 +0000 build-ubuntu43: output:  -> Finished parsing the build-deps
2024-05-11 01:34:12.013514 +0000 build-ubuntu43: output: Reading package lists...
2024-05-11 01:34:12.357696 +0000 build-ubuntu43: output: Building dependency tree...
2024-05-11 01:34:12.357915 +0000 build-ubuntu43: output: Reading state information...
2024-05-11 01:34:12.518973 +0000 build-ubuntu43: output: The following additional packages will be installed:
2024-05-11 01:34:12.519794 +0000 build-ubuntu43: output:   libfakeroot
2024-05-11 01:34:12.537969 +0000 build-ubuntu43: output: The following NEW packages will be installed:
2024-05-11 01:34:12.539085 +0000 build-ubuntu43: output:   fakeroot libfakeroot
2024-05-11 01:34:14.478401 +0000 build-ubuntu43: output: 0 upgraded, 2 newly installed, 0 to remove and 0 not upgraded.
2024-05-11 01:34:14.478491 +0000 build-ubuntu43: output: Need to get 91.9 kB of archives.
2024-05-11 01:34:14.478514 +0000 build-ubuntu43: output: After this operation, 401 kB of additional disk space will be used.
2024-05-11 01:34:14.478534 +0000 build-ubuntu43: output: Get:1 https://fr.archive.ubuntu.com/ubuntu jammy/main amd64 libfakeroot amd64 1.28-1ubuntu1 [31.5 kB]
2024-05-11 01:34:15.065080 +0000 build-ubuntu43: output: Get:2 https://fr.archive.ubuntu.com/ubuntu jammy/main amd64 fakeroot amd64 1.28-1ubuntu1 [60.4 kB]
2024-05-11 01:34:15.585366 +0000 build-ubuntu43: output: debconf: delaying package configuration, since apt-utils is not installed
2024-05-11 01:34:15.608118 +0000 build-ubuntu43: output: Fetched 91.9 kB in 3s (31.7 kB/s)
2024-05-11 01:34:15.680041 +0000 build-ubuntu43: output: Selecting previously unselected package libfakeroot:amd64..
2024-05-11 01:34:15.690573 +0000 build-ubuntu43: output: (Reading database ... .(Reading database ... 5%.(Reading database ... 10%.(Reading database ... 15%.(Reading database ... 20%.(Reading database ... 25%.(Reading database ... 30%.(Reading database ... 35%.(Reading database ... 40%.(Reading database ... 45%.(Reading database ... 50%.(Reading database ... 55%.(Reading database ... 60%.(Reading database ... 65%.(Reading database ... 70%.(Reading database ... 75%.(Reading database ... 80%.(Reading database ... 85%.(Reading database ... 90%.(Reading database ... 95%.(Reading database ... 100%.(Reading database ... 14373 files and directories currently installed.).
2024-05-11 01:34:15.690989 +0000 build-ubuntu43: output: Preparing to unpack .../libfakeroot_1.28-1ubuntu1_amd64.deb ....
2024-05-11 01:34:15.706161 +0000 build-ubuntu43: output: Unpacking libfakeroot:amd64 (1.28-1ubuntu1) ....
2024-05-11 01:34:15.792312 +0000 build-ubuntu43: output: Selecting previously unselected package fakeroot..
2024-05-11 01:34:15.794814 +0000 build-ubuntu43: output: Preparing to unpack .../fakeroot_1.28-1ubuntu1_amd64.deb ....
2024-05-11 01:34:15.801249 +0000 build-ubuntu43: output: Unpacking fakeroot (1.28-1ubuntu1) ....
2024-05-11 01:34:15.920864 +0000 build-ubuntu43: output: Setting up libfakeroot:amd64 (1.28-1ubuntu1) ....
2024-05-11 01:34:15.969010 +0000 build-ubuntu43: output: Setting up fakeroot (1.28-1ubuntu1) ....
2024-05-11 01:34:15.989016 +0000 build-ubuntu43: output: update-alternatives: using /usr/bin/fakeroot-sysv to provide /usr/bin/fakeroot (fakeroot) in auto mode.
2024-05-11 01:34:16.015559 +0000 build-ubuntu43: output: Processing triggers for man-db (2.10.2-1) ....
2024-05-11 01:34:16.025512 +0000 build-ubuntu43: output: Not building database; man-db/auto-update is not 'true'..
2024-05-11 01:34:16.032604 +0000 build-ubuntu43: output: Processing triggers for libc-bin (2.35-0ubuntu3) ....
2024-05-11 01:34:16.227989 +0000 build-ubuntu43: output: I: Copying back the cached apt archive contents
2024-05-11 01:34:16.235769 +0000 build-ubuntu43: output: I: new cache content 'libssh-4_0.9.6-2build1_amd64.deb' added
2024-05-11 01:34:16.245274 +0000 build-ubuntu43: output: I: new cache content 'libxml2_2.9.13+dfsg-1build1_amd64.deb' added
2024-05-11 01:34:16.248373 +0000 build-ubuntu43: output: I: new cache content 'libpcre2-posix3_10.39-3build1_amd64.deb' added
2024-05-11 01:34:16.251468 +0000 build-ubuntu43: output: I: new cache content 'readline-common_8.1.2-1_all.deb' added
2024-05-11 01:34:16.254359 +0000 build-ubuntu43: output: I: new cache content 'libreadline8_8.1.2-1_amd64.deb' added
2024-05-11 01:34:16.257926 +0000 build-ubuntu43: output: I: new cache content 'libssh2-1_1.10.0-3_amd64.deb' added
2024-05-11 01:34:16.260859 +0000 build-ubuntu43: output: I: new cache content 'icu-devtools_70.1-2_amd64.deb' added
2024-05-11 01:34:16.264660 +0000 build-ubuntu43: output: I: new cache content 'dh-autoreconf_20_all.deb' added
2024-05-11 01:34:16.271390 +0000 build-ubuntu43: output: I: new cache content 'libbz2-dev_1.0.8-5build1_amd64.deb' added
2024-05-11 01:34:16.273817 +0000 build-ubuntu43: output: I: new cache content 'libstd-rust-1.58_1.58.1+dfsg1~ubuntu1-0ubuntu2_amd64.deb' added
2024-05-11 01:34:16.276119 +0000 build-ubuntu43: output: I: new cache content 'libpipeline1_1.5.5-1_amd64.deb' added
2024-05-11 01:34:16.280377 +0000 build-ubuntu43: output: I: new cache content 'intltool-debian_0.35.0+20060710.5_all.deb' added
2024-05-11 01:34:16.284272 +0000 build-ubuntu43: output: I: new cache content 'libaudit-dev_1%3a3.0.7-1build1_amd64.deb' added
2024-05-11 01:34:16.286746 +0000 build-ubuntu43: output: I: new cache content 'libcurl3-gnutls_7.81.0-1_amd64.deb' added
2024-05-11 01:34:16.290303 +0000 build-ubuntu43: output: I: new cache content 'librtmp1_2.4+20151223.gitfa8646d.1-2build4_amd64.deb' added
2024-05-11 01:34:16.292718 +0000 build-ubuntu43: output: I: new cache content 'libarchive-zip-perl_1.68-1_all.deb' added
2024-05-11 01:34:16.298094 +0000 build-ubuntu43: output: I: new cache content 'libldap-2.5-0_2.5.11+dfsg-1~exp1ubuntu3_amd64.deb' added
2024-05-11 01:34:16.302646 +0000 build-ubuntu43: output: I: new cache content 'po-debconf_1.0.21+nmu1_all.deb' added
2024-05-11 01:34:16.307577 +0000 build-ubuntu43: output: I: new cache content 'dwz_0.14-1build2_amd64.deb' added
2024-05-11 01:34:16.314332 +0000 build-ubuntu43: output: I: new cache content 'libzstd-dev_1.4.8+dfsg-3build1_amd64.deb' added
2024-05-11 01:34:16.318092 +0000 build-ubuntu43: output: I: new cache content 'libedit2_3.1-20210910-1build1_amd64.deb' added
2024-05-11 01:34:16.322039 +0000 build-ubuntu43: output: I: new cache content 'bsdextrautils_2.37.2-4ubuntu3_amd64.deb' added
2024-05-11 01:34:16.325935 +0000 build-ubuntu43: output: I: new cache content 'rpm2cpio_4.17.0+dfsg1-4build1_amd64.deb' added
2024-05-11 01:34:16.331851 +0000 build-ubuntu43: output: I: new cache content 'libcap-ng-dev_0.7.9-2.2build3_amd64.deb' added
2024-05-11 01:34:16.335970 +0000 build-ubuntu43: output: I: new cache content 'gettext_0.21-4ubuntu4_amd64.deb' added
2024-05-11 01:34:16.342975 +0000 build-ubuntu43: output: I: new cache content 'libpopt0_1.18-3build1_amd64.deb' added
2024-05-11 01:34:16.346624 +0000 build-ubuntu43: output: I: new cache content 'libpcre2-16-0_10.39-3build1_amd64.deb' added
2024-05-11 01:34:16.351503 +0000 build-ubuntu43: output: I: new cache content 'groff-base_1.22.4-8build1_amd64.deb' added
2024-05-11 01:34:16.366451 +0000 build-ubuntu43: output: I: new cache content 'libgcrypt20-dev_1.9.4-3ubuntu3_amd64.deb' added
2024-05-11 01:34:16.373030 +0000 build-ubuntu43: output: I: new cache content 'libselinux1-dev_3.3-1build2_amd64.deb' added
2024-05-11 01:34:16.378317 +0000 build-ubuntu43: output: I: new cache content 'libuchardet0_0.0.7-1build2_amd64.deb' added
2024-05-11 01:34:16.383684 +0000 build-ubuntu43: output: I: new cache content 'libpcre2-32-0_10.39-3build1_amd64.deb' added
2024-05-11 01:34:16.392402 +0000 build-ubuntu43: output: I: new cache content 'libfsverity-dev_1.4-1~exp1build1_amd64.deb' added
2024-05-11 01:34:16.404221 +0000 build-ubuntu43: output: I: new cache content 'librpmio9_4.17.0+dfsg1-4build1_amd64.deb' added
2024-05-11 01:34:16.410821 +0000 build-ubuntu43: output: I: new cache content 'libdbus-1-3_1.12.20-2ubuntu4_amd64.deb' added
2024-05-11 01:34:16.416891 +0000 build-ubuntu43: output: I: new cache content 'libfile-stripnondeterminism-perl_1.13.0-1_all.deb' added
2024-05-11 01:34:16.422921 +0000 build-ubuntu43: output: I: new cache content 'libllvm13_1%3a13.0.1-2ubuntu2_amd64.deb' added
2024-05-11 01:34:16.426576 +0000 build-ubuntu43: output: I: new cache content 'libpcre2-dev_10.39-3build1_amd64.deb' added
2024-05-11 01:34:16.431485 +0000 build-ubuntu43: output: I: new cache content 'libfsverity0_1.4-1~exp1build1_amd64.deb' added
2024-05-11 01:34:16.435195 +0000 build-ubuntu43: output: I: new cache content 'autopoint_0.21-4ubuntu4_all.deb' added
2024-05-11 01:34:16.438849 +0000 build-ubuntu43: output: I: new cache content 'libreadline-dev_8.1.2-1_amd64.deb' added
2024-05-11 01:34:16.445059 +0000 build-ubuntu43: output: I: new cache content 'libmagic-mgc_1%3a5.41-3_amd64.deb' added
2024-05-11 01:34:16.448683 +0000 build-ubuntu43: output: I: new cache content 'rpm_4.17.0+dfsg1-4build1_amd64.deb' added
2024-05-11 01:34:16.453311 +0000 build-ubuntu43: output: I: new cache content 'librust-libc-dev_0.2.103-1_amd64.deb' added
2024-05-11 01:34:16.460691 +0000 build-ubuntu43: output: I: new cache content 'libdw1_0.186-1build1_amd64.deb' added
2024-05-11 01:34:16.467362 +0000 build-ubuntu43: output: I: new cache content 'debhelper_13.6ubuntu1_all.deb' added
2024-05-11 01:34:16.474726 +0000 build-ubuntu43: output: I: new cache content 'librpm-dev_4.17.0+dfsg1-4build1_amd64.deb' added
2024-05-11 01:34:16.481096 +0000 build-ubuntu43: output: I: new cache content 'liblua5.3-0_5.3.6-1build1_amd64.deb' added
2024-05-11 01:34:16.487089 +0000 build-ubuntu43: output: I: new cache content 'libelf1_0.186-1build1_amd64.deb' added
2024-05-11 01:34:16.494252 +0000 build-ubuntu43: output: I: new cache content 'libsepol-dev_3.3-1build1_amd64.deb' added
2024-05-11 01:34:16.499053 +0000 build-ubuntu43: output: I: new cache content 'autotools-dev_20220109.1_all.deb' added
2024-05-11 01:34:16.503856 +0000 build-ubuntu43: output: I: new cache content 'libdebhelper-perl_13.6ubuntu1_all.deb' added
2024-05-11 01:34:16.509838 +0000 build-ubuntu43: output: I: new cache content 'libmd0_1.0.4-1build1_amd64.deb' added
2024-05-11 01:34:16.517295 +0000 build-ubuntu43: output: I: new cache content 'libbrotli1_1.0.9-2build6_amd64.deb' added
2024-05-11 01:34:16.526960 +0000 build-ubuntu43: output: I: new cache content 'libsqlite3-dev_3.37.2-2_amd64.deb' added
2024-05-11 01:34:16.531805 +0000 build-ubuntu43: output: I: new cache content 'libfakeroot_1.28-1ubuntu1_amd64.deb' added
2024-05-11 01:34:16.536679 +0000 build-ubuntu43: output: I: new cache content 'zlib1g-dev_1%3a1.2.11.dfsg-2ubuntu9_amd64.deb' added
2024-05-11 01:34:16.540413 +0000 build-ubuntu43: output: I: new cache content 'libsasl2-2_2.1.27+dfsg2-3ubuntu1_amd64.deb' added
2024-05-11 01:34:16.546774 +0000 build-ubuntu43: output: I: new cache content 'autoconf_2.71-2_all.deb' added
2024-05-11 01:34:16.551520 +0000 build-ubuntu43: output: I: new cache content 'libmagic1_1%3a5.41-3_amd64.deb' added
2024-05-11 01:34:16.557515 +0000 build-ubuntu43: output: I: new cache content 'libstd-rust-dev_1.58.1+dfsg1~ubuntu1-0ubuntu2_amd64.deb' added
2024-05-11 01:34:16.566014 +0000 build-ubuntu43: output: I: new cache content 'libsub-override-perl_0.09-2_all.deb' added
2024-05-11 01:34:16.575978 +0000 build-ubuntu43: output: I: new cache content 'rustc_1.58.1+dfsg1~ubuntu1-0ubuntu2_amd64.deb' added
2024-05-11 01:34:16.579543 +0000 build-ubuntu43: output: I: new cache content 'libicu70_70.1-2_amd64.deb' added
2024-05-11 01:34:16.596623 +0000 build-ubuntu43: output: I: new cache content 'debugedit_1%3a5.0-4build1_amd64.deb' added
2024-05-11 01:34:16.602066 +0000 build-ubuntu43: output: I: new cache content 'libbsd0_0.11.5-1_amd64.deb' added
2024-05-11 01:34:16.606637 +0000 build-ubuntu43: output: I: new cache content 'libpsl5_0.21.0-1.2build2_amd64.deb' added
2024-05-11 01:34:16.612317 +0000 build-ubuntu43: output: I: new cache content 'man-db_2.10.2-1_amd64.deb' added
2024-05-11 01:34:16.615549 +0000 build-ubuntu43: output: I: new cache content 'libarchive13_3.6.0-1ubuntu1_amd64.deb' added
2024-05-11 01:34:16.621415 +0000 build-ubuntu43: output: I: new cache content 'libpopt-dev_1.18-3build1_amd64.deb' added
2024-05-11 01:34:16.624672 +0000 build-ubuntu43: output: I: new cache content 'm4_1.4.18-5ubuntu2_amd64.deb' added
2024-05-11 01:34:16.628086 +0000 build-ubuntu43: output: I: new cache content 'dh-strip-nondeterminism_1.13.0-1_all.deb' added
2024-05-11 01:34:16.632831 +0000 build-ubuntu43: output: I: new cache content 'libnghttp2-14_1.43.0-1build3_amd64.deb' added
2024-05-11 01:34:16.637612 +0000 build-ubuntu43: output: I: new cache content 'fakeroot_1.28-1ubuntu1_amd64.deb' added
2024-05-11 01:34:16.643822 +0000 build-ubuntu43: output: I: new cache content 'libxml2-dev_2.9.13+dfsg-1build1_amd64.deb' added
2024-05-11 01:34:16.651580 +0000 build-ubuntu43: output: I: new cache content 'libsigsegv2_2.13-1ubuntu3_amd64.deb' added
2024-05-11 01:34:16.657701 +0000 build-ubuntu43: output: I: new cache content 'librpmbuild9_4.17.0+dfsg1-4build1_amd64.deb' added
2024-05-11 01:34:16.667549 +0000 build-ubuntu43: output: I: new cache content 'gettext-base_0.21-4ubuntu4_amd64.deb' added
2024-05-11 01:34:16.672393 +0000 build-ubuntu43: output: I: new cache content 'file_1%3a5.41-3_amd64.deb' added
2024-05-11 01:34:16.675875 +0000 build-ubuntu43: output: I: new cache content 'libncurses-dev_6.3-2_amd64.deb' added
2024-05-11 01:34:16.681969 +0000 build-ubuntu43: output: I: new cache content 'librpmsign9_4.17.0+dfsg1-4build1_amd64.deb' added
2024-05-11 01:34:16.685583 +0000 build-ubuntu43: output: I: new cache content 'libgpg-error-dev_1.43-3_amd64.deb' added
2024-05-11 01:34:16.694002 +0000 build-ubuntu43: output: I: new cache content 'rpm-common_4.17.0+dfsg1-4build1_amd64.deb' added
2024-05-11 01:34:16.698808 +0000 build-ubuntu43: output: I: new cache content 'libsasl2-modules-db_2.1.27+dfsg2-3ubuntu1_amd64.deb' added
2024-05-11 01:34:16.703588 +0000 build-ubuntu43: output: I: new cache content 'libicu-dev_70.1-2_amd64.deb' added
2024-05-11 01:34:16.707331 +0000 build-ubuntu43: output: I: new cache content 'librust-cc-dev_1.0.71-2_amd64.deb' added
2024-05-11 01:34:16.710743 +0000 build-ubuntu43: output: I: new cache content 'libtool_2.4.6-15build2_all.deb' added
2024-05-11 01:34:16.719432 +0000 build-ubuntu43: output: I: new cache content 'cargo_0.58.0-0ubuntu1_amd64.deb' added
2024-05-11 01:34:16.723169 +0000 build-ubuntu43: output: I: new cache content 'automake_1%3a1.16.5-1.3_all.deb' added
2024-05-11 01:34:16.727904 +0000 build-ubuntu43: output: I: new cache content 'librpm9_4.17.0+dfsg1-4build1_amd64.deb' added
2024-05-11 01:34:16.736712 +0000 build-ubuntu43: output: I: Building the package
2024-05-11 01:34:16.745761 +0000 build-ubuntu43: output: I: Running cd /build/qubes-rpm-oxide-0.2.7/ && env PATH="/usr/sbin:/usr/bin:/sbin:/bin" HOME="/nonexistent" dpkg-buildpackage -us -uc -sa
2024-05-11 01:34:16.875293 +0000 build-ubuntu43: output: dpkg-buildpackage: info: source package qubes-rpm-oxide
2024-05-11 01:34:16.875353 +0000 build-ubuntu43: output: dpkg-buildpackage: info: source version 0.2.7-1+jammy1
2024-05-11 01:34:16.875381 +0000 build-ubuntu43: output: dpkg-buildpackage: info: source distribution jammy
2024-05-11 01:34:16.875397 +0000 build-ubuntu43: output: dpkg-buildpackage: info: source changed by Builder <user@localhost>
2024-05-11 01:34:16.895533 +0000 build-ubuntu43: output:  dpkg-source --before-build .
2024-05-11 01:34:16.895608 +0000 build-ubuntu43: output: dpkg-buildpackage: info: host architecture amd64
2024-05-11 01:34:16.972561 +0000 build-ubuntu43: output: dpkg-source: info: using options from qubes-rpm-oxide-0.2.7/debian/source/options: --tar-ignore=.git
2024-05-11 01:34:17.008831 +0000 build-ubuntu43: output:  fakeroot debian/rules clean
2024-05-11 01:34:17.024147 +0000 build-ubuntu43: output: dh clean
2024-05-11 01:34:17.081992 +0000 build-ubuntu43: output:    debian/rules override_dh_auto_clean
2024-05-11 01:34:17.082727 +0000 build-ubuntu43: output: make[1]: Entering directory '/build/qubes-rpm-oxide-0.2.7'
2024-05-11 01:34:17.082759 +0000 build-ubuntu43: output: cargo clean
2024-05-11 01:34:17.159597 +0000 build-ubuntu43: output: make[1]: Leaving directory '/build/qubes-rpm-oxide-0.2.7'
2024-05-11 01:34:17.159666 +0000 build-ubuntu43: output:    dh_clean
2024-05-11 01:34:17.189814 +0000 build-ubuntu43: output:  dpkg-source -b .
2024-05-11 01:34:17.253543 +0000 build-ubuntu43: output: dpkg-source: info: using options from qubes-rpm-oxide-0.2.7/debian/source/options: --tar-ignore=.git
2024-05-11 01:34:17.253606 +0000 build-ubuntu43: output: dpkg-source: info: using source format '3.0 (quilt)'
2024-05-11 01:34:17.253628 +0000 build-ubuntu43: output: dpkg-source: info: building qubes-rpm-oxide using existing ./qubes-rpm-oxide_0.2.7.orig.tar.gz
2024-05-11 01:34:17.278570 +0000 build-ubuntu43: output: dpkg-source: info: building qubes-rpm-oxide in qubes-rpm-oxide_0.2.7-1+jammy1.debian.tar.xz
2024-05-11 01:34:17.293051 +0000 build-ubuntu43: output: dpkg-source: info: building qubes-rpm-oxide in qubes-rpm-oxide_0.2.7-1+jammy1.dsc
2024-05-11 01:34:17.298069 +0000 build-ubuntu43: output:  debian/rules build
2024-05-11 01:34:17.299721 +0000 build-ubuntu43: output: dh build
2024-05-11 01:34:17.370546 +0000 build-ubuntu43: output:    dh_update_autotools_config
2024-05-11 01:34:17.400730 +0000 build-ubuntu43: output:    dh_autoreconf
2024-05-11 01:34:17.436116 +0000 build-ubuntu43: output:    debian/rules override_dh_auto_build
2024-05-11 01:34:17.436839 +0000 build-ubuntu43: output: make[1]: Entering directory '/build/qubes-rpm-oxide-0.2.7'
2024-05-11 01:34:17.436867 +0000 build-ubuntu43: output: cargo -Zunstable-options \
2024-05-11 01:34:17.436922 +0000 build-ubuntu43: output: .'--config=source.system.directory="/usr/share/cargo/registry"' \
2024-05-11 01:34:17.436960 +0000 build-ubuntu43: output: .'--config=source.crates-io.replace-with="system"' \
2024-05-11 01:34:17.436975 +0000 build-ubuntu43: output: .--offline \
2024-05-11 01:34:17.436990 +0000 build-ubuntu43: output: .build --all-features --release
2024-05-11 01:34:17.631210 +0000 build-ubuntu43: output:    Compiling cc v1.0.71
2024-05-11 01:34:17.631430 +0000 build-ubuntu43: output:    Compiling openpgp-parser v0.2.2 (/build/qubes-rpm-oxide-0.2.7/openpgp-parser)
2024-05-11 01:34:18.766775 +0000 build-ubuntu43: output:    Compiling libc v0.2.103
2024-05-11 01:34:20.673447 +0000 build-ubuntu43: output:    Compiling rpm-crypto v0.2.2 (/build/qubes-rpm-oxide-0.2.7/rpm-crypto)
2024-05-11 01:34:21.699207 +0000 build-ubuntu43: output:    Compiling rpm-parser v0.2.2 (/build/qubes-rpm-oxide-0.2.7/rpm-parser)
2024-05-11 01:34:22.307649 +0000 build-ubuntu43: output:    Compiling rpm-writer v0.2.2 (/build/qubes-rpm-oxide-0.2.7/rpm-writer)
2024-05-11 01:34:26.723619 +0000 build-ubuntu43: output:     Finished release [optimized] target(s) in 9.27s
2024-05-11 01:34:26.727765 +0000 build-ubuntu43: output: make[1]: Leaving directory '/build/qubes-rpm-oxide-0.2.7'
2024-05-11 01:34:26.728402 +0000 build-ubuntu43: output:    debian/rules override_dh_auto_test
2024-05-11 01:34:26.731214 +0000 build-ubuntu43: output: make[1]: Entering directory '/build/qubes-rpm-oxide-0.2.7'
2024-05-11 01:34:26.731230 +0000 build-ubuntu43: output: cargo -Zunstable-options \
2024-05-11 01:34:26.731242 +0000 build-ubuntu43: output: .'--config=source.system.directory="/usr/share/cargo/registry"' \
2024-05-11 01:34:26.731258 +0000 build-ubuntu43: output: .'--config=source.crates-io.replace-with="system"' \
2024-05-11 01:34:26.731268 +0000 build-ubuntu43: output: .--offline \
2024-05-11 01:34:26.731313 +0000 build-ubuntu43: output: .test --all-features --release
2024-05-11 01:34:26.811358 +0000 build-ubuntu43: output:    Compiling openpgp-parser v0.2.2 (/build/qubes-rpm-oxide-0.2.7/openpgp-parser)
2024-05-11 01:34:27.453678 +0000 build-ubuntu43: output:    Compiling rpm-crypto v0.2.2 (/build/qubes-rpm-oxide-0.2.7/rpm-crypto)
2024-05-11 01:34:28.819043 +0000 build-ubuntu43: output:    Compiling rpm-parser v0.2.2 (/build/qubes-rpm-oxide-0.2.7/rpm-parser)
2024-05-11 01:34:29.913757 +0000 build-ubuntu43: output:    Compiling rpm-writer v0.2.2 (/build/qubes-rpm-oxide-0.2.7/rpm-writer)
2024-05-11 01:34:35.464671 +0000 build-ubuntu43: output:     Finished release [optimized] target(s) in 8.72s
2024-05-11 01:34:35.465239 +0000 build-ubuntu43: output:      Running unittests (target/release/deps/openpgp_parser-862b23661e6a8303)
2024-05-11 01:34:35.466342 +0000 build-ubuntu43: output: 
2024-05-11 01:34:35.466370 +0000 build-ubuntu43: output: running 13 tests
2024-05-11 01:34:35.466487 +0000 build-ubuntu43: output: test buffer::tests::read_one_byte ... ok
2024-05-11 01:34:35.466656 +0000 build-ubuntu43: output: test buffer::tests::read ... ok
2024-05-11 01:34:35.467992 +0000 build-ubuntu43: output: test packet::tests::check_packet_serialization_short ... ok
2024-05-11 01:34:36.632960 +0000 build-ubuntu43: output: test packet::tests::old_format_parsing ... ok
2024-05-11 01:34:36.633019 +0000 build-ubuntu43: output: test signature::tests::bad_sig_alg ... ok
2024-05-11 01:34:36.633091 +0000 build-ubuntu43: output: test signature::tests::md5_rejected ... ok
2024-05-11 01:34:36.633289 +0000 build-ubuntu43: output: test signature::tests::mpi_invalid ... ok
2024-05-11 01:34:36.633422 +0000 build-ubuntu43: output: test signature::tests::mpi_too_short ... ok
2024-05-11 01:34:36.633624 +0000 build-ubuntu43: output: test signature::tests::parses_real_world_sig ... ok
2024-05-11 01:34:36.633816 +0000 build-ubuntu43: output: test signature::tests::sha1_rejected ... ok
2024-05-11 01:34:36.634027 +0000 build-ubuntu43: output: test signature::tests::signature_not_valid_yet ... ok
2024-05-11 01:34:36.634256 +0000 build-ubuntu43: output: test signature::tests::wrong_signature_version ... ok
2024-05-11 01:34:42.584220 +0000 build-ubuntu43: output: test packet::tests::check_packet_serialization ... ok
2024-05-11 01:34:42.584264 +0000 build-ubuntu43: output: 
2024-05-11 01:34:42.584273 +0000 build-ubuntu43: output: test result: ok. 13 passed; 0 failed; 0 ignored; 0 measured; 0 filtered out; finished in 7.12s
2024-05-11 01:34:42.584279 +0000 build-ubuntu43: output: 
2024-05-11 01:34:42.585356 +0000 build-ubuntu43: output:      Running unittests (target/release/deps/sigparse-974035a4fb12b755)
2024-05-11 01:34:42.586467 +0000 build-ubuntu43: output: 
2024-05-11 01:34:42.586489 +0000 build-ubuntu43: output: running 0 tests
2024-05-11 01:34:42.586496 +0000 build-ubuntu43: output: 
2024-05-11 01:34:42.586503 +0000 build-ubuntu43: output: test result: ok. 0 passed; 0 failed; 0 ignored; 0 measured; 0 filtered out; finished in 0.00s
2024-05-11 01:34:42.586508 +0000 build-ubuntu43: output: 
2024-05-11 01:34:42.586667 +0000 build-ubuntu43: output:      Running unittests (target/release/deps/rpm_crypto-55cd089038cfd8f4)
2024-05-11 01:34:42.591422 +0000 build-ubuntu43: output: 
2024-05-11 01:34:42.591433 +0000 build-ubuntu43: output: running 3 tests
2024-05-11 01:34:42.592907 +0000 build-ubuntu43: output: test digests::tests::check_rpm_supports_hashes ... ok
2024-05-11 01:34:42.592928 +0000 build-ubuntu43: output: test digests::tests::rpm_hash_len ... ignored
2024-05-11 01:34:42.593538 +0000 build-ubuntu43: output: test digests::tests::check_rpm_crypto ... ok
2024-05-11 01:34:42.593546 +0000 build-ubuntu43: output: 
2024-05-11 01:34:42.593554 +0000 build-ubuntu43: output: test result: ok. 2 passed; 0 failed; 1 ignored; 0 measured; 0 filtered out; finished in 0.00s
2024-05-11 01:34:42.593558 +0000 build-ubuntu43: output: 
2024-05-11 01:34:42.595306 +0000 build-ubuntu43: output:      Running unittests (target/release/deps/rpm_parser-d08ac2ceb178d182)
2024-05-11 01:34:42.597605 +0000 build-ubuntu43: output: 
2024-05-11 01:34:42.597613 +0000 build-ubuntu43: output: running 20 tests
2024-05-11 01:34:42.598413 +0000 build-ubuntu43: output: test header::common::tests::does_not_parse_unsorted_header ... ok
2024-05-11 01:34:42.598421 +0000 build-ubuntu43: output: test header::common::tests::parses_header_magic ... ok
2024-05-11 01:34:42.598426 +0000 build-ubuntu43: output: test ffi::tests::check_rpm_return ... ok
2024-05-11 01:34:42.598686 +0000 build-ubuntu43: output: test lead::tests::rejects_bad_magic - should panic ... ok
2024-05-11 01:34:42.598779 +0000 build-ubuntu43: output: test lead::tests::rejects_bad_padding - should panic ... ok
2024-05-11 01:34:42.598952 +0000 build-ubuntu43: output: test lead::tests::rejects_bad_version - should panic ... ok
2024-05-11 01:34:42.599086 +0000 build-ubuntu43: output: test lead::tests::rejects_invalid_char_name - should panic ... ok
2024-05-11 01:34:42.599232 +0000 build-ubuntu43: output: test lead::tests::rejects_non_utf8_name - should panic ... ok
2024-05-11 01:34:42.599384 +0000 build-ubuntu43: output: test lead::tests::rejects_non_zeroed_reserved - should panic ... ok
2024-05-11 01:34:42.599527 +0000 build-ubuntu43: output: test lead::tests::rejects_wrong_signature_version - should panic ... ok
2024-05-11 01:34:42.600077 +0000 build-ubuntu43: output: test package::tests::parses_lua_rpm ... ok
2024-05-11 01:34:42.600086 +0000 build-ubuntu43: output: test header::tests::parses_lua_rpm ... ok
2024-05-11 01:34:42.614157 +0000 build-ubuntu43: output: error: cannot open Packages database in
2024-05-11 01:34:42.614257 +0000 build-ubuntu43: output: test verify::tests::bad_trusted_digest ... ok
2024-05-11 01:34:42.619483 +0000 build-ubuntu43: output: test verify::tests::bad_untrusted_digest ... ok
2024-05-11 01:34:42.619516 +0000 build-ubuntu43: output: error: cannot open Packages database in
2024-05-11 01:34:42.623611 +0000 build-ubuntu43: output: error: cannot open Packages database in
2024-05-11 01:34:42.623650 +0000 build-ubuntu43: output: test verify::tests::empty_validator_bad ... ok
2024-05-11 01:34:42.627121 +0000 build-ubuntu43: output: error: cannot open Packages database in
2024-05-11 01:34:42.627276 +0000 build-ubuntu43: output: test verify::tests::mixed_digests ... ok
2024-05-11 01:34:42.630318 +0000 build-ubuntu43: output: error: cannot open Packages database in
2024-05-11 01:34:42.632755 +0000 build-ubuntu43: output: error: cannot open Packages database in
2024-05-11 01:34:42.632915 +0000 build-ubuntu43: output: test verify::tests::mixed_digests_update ... ok
2024-05-11 01:34:42.632923 +0000 build-ubuntu43: output: test verify::tests::short_writes ... ok
2024-05-11 01:34:42.635559 +0000 build-ubuntu43: output: error: cannot open Packages database in
2024-05-11 01:34:42.635568 +0000 build-ubuntu43: output: test verify::tests::trusted_digest_sufficient ... ok
2024-05-11 01:34:42.638439 +0000 build-ubuntu43: output: error: test verify::tests::untrusted_digest_not_sufficient ... ok
2024-05-11 01:34:42.638448 +0000 build-ubuntu43: output: 
2024-05-11 01:34:42.638455 +0000 build-ubuntu43: output: test result: ok. 20 passed; 0 failed; 0 ignored; 0 measured; 0 filtered out; finished in 0.04s
2024-05-11 01:34:42.638459 +0000 build-ubuntu43: output: 
2024-05-11 01:34:42.638480 +0000 build-ubuntu43: output: cannot open Packages database in
2024-05-11 01:34:42.639020 +0000 build-ubuntu43: output:      Running unittests (target/release/deps/rpmgetsigheadersize-4bcd1c66647181e2)
2024-05-11 01:34:42.640308 +0000 build-ubuntu43: output: 
2024-05-11 01:34:42.640347 +0000 build-ubuntu43: output: running 0 tests
2024-05-11 01:34:42.640364 +0000 build-ubuntu43: output: 
2024-05-11 01:34:42.640382 +0000 build-ubuntu43: output: test result: ok. 0 passed; 0 failed; 0 ignored; 0 measured; 0 filtered out; finished in 0.00s
2024-05-11 01:34:42.640395 +0000 build-ubuntu43: output: 
2024-05-11 01:34:42.640622 +0000 build-ubuntu43: output:      Running unittests (target/release/deps/rpm_writer-6afead3593661245)
2024-05-11 01:34:42.641777 +0000 build-ubuntu43: output: 
2024-05-11 01:34:42.641812 +0000 build-ubuntu43: output: running 1 test
2024-05-11 01:34:42.641910 +0000 build-ubuntu43: output: test tests::it_works ... ok
2024-05-11 01:34:42.641930 +0000 build-ubuntu43: output: 
2024-05-11 01:34:42.641948 +0000 build-ubuntu43: output: test result: ok. 1 passed; 0 failed; 0 ignored; 0 measured; 0 filtered out; finished in 0.00s
2024-05-11 01:34:42.641961 +0000 build-ubuntu43: output: 
2024-05-11 01:34:42.642251 +0000 build-ubuntu43: output:      Running unittests (target/release/deps/rpmcanon-5fe014782d9ba320)
2024-05-11 01:34:42.643473 +0000 build-ubuntu43: output: 
2024-05-11 01:34:42.643507 +0000 build-ubuntu43: output: running 0 tests
2024-05-11 01:34:42.643524 +0000 build-ubuntu43: output: 
2024-05-11 01:34:42.643542 +0000 build-ubuntu43: output: test result: ok. 0 passed; 0 failed; 0 ignored; 0 measured; 0 filtered out; finished in 0.00s
2024-05-11 01:34:42.643555 +0000 build-ubuntu43: output: 
2024-05-11 01:34:42.643843 +0000 build-ubuntu43: output:      Running tests/gen_bad_i18ntable.rs (target/release/deps/gen_bad_i18ntable-08a4d36a121bc35a)
2024-05-11 01:34:42.646180 +0000 build-ubuntu43: output: 
2024-05-11 01:34:42.646212 +0000 build-ubuntu43: output: running 2 tests
2024-05-11 01:34:42.648243 +0000 build-ubuntu43: output: test no_i18ntable_in_signature_header ... ok
2024-05-11 01:34:42.648278 +0000 build-ubuntu43: output: test bad_i18ntable_rejected ... ok
2024-05-11 01:34:42.648295 +0000 build-ubuntu43: output: 
2024-05-11 01:34:42.648314 +0000 build-ubuntu43: output: test result: ok. 2 passed; 0 failed; 0 ignored; 0 measured; 0 filtered out; finished in 0.00s
2024-05-11 01:34:42.648327 +0000 build-ubuntu43: output: 
2024-05-11 01:34:42.648697 +0000 build-ubuntu43: output:    Doc-tests openpgp-parser
2024-05-11 01:34:42.709840 +0000 build-ubuntu43: output: 
2024-05-11 01:34:42.709942 +0000 build-ubuntu43: output: running 20 tests
2024-05-11 01:34:43.131494 +0000 build-ubuntu43: output: test src/buffer.rs - buffer::Reader::as_untrusted_slice (line 166) ... ok
2024-05-11 01:34:43.354449 +0000 build-ubuntu43: output: test src/buffer.rs - buffer::Reader::be_u16 (line 213) ... ok
2024-05-11 01:34:43.461568 +0000 build-ubuntu43: output: test src/buffer.rs - buffer::Reader::be_u16_offset (line 283) ... ok
2024-05-11 01:34:43.631467 +0000 build-ubuntu43: output: test src/buffer.rs - buffer::Reader::be_u32 (line 213) ... ok
2024-05-11 01:34:43.811236 +0000 build-ubuntu43: output: test src/buffer.rs - buffer::Reader::be_u32_offset (line 283) ... ok
2024-05-11 01:34:44.051131 +0000 build-ubuntu43: output: test src/buffer.rs - buffer::Reader::be_u64 (line 213) ... ok
2024-05-11 01:34:44.251196 +0000 build-ubuntu43: output: test src/buffer.rs - buffer::Reader::be_u64_offset (line 283) ... ok
2024-05-11 01:34:44.358472 +0000 build-ubuntu43: output: test src/buffer.rs - buffer::Reader::byte (line 153) ... ok
2024-05-11 01:34:44.618236 +0000 build-ubuntu43: output: test src/buffer.rs - buffer::Reader::empty (line 121) ... ok
2024-05-11 01:34:44.704567 +0000 build-ubuntu43: output: test src/buffer.rs - buffer::Reader::get_bytes (line 319) ... ok
2024-05-11 01:34:45.228104 +0000 build-ubuntu43: output: test src/buffer.rs - buffer::Reader::is_empty (line 109) ... ok
2024-05-11 01:34:45.271302 +0000 build-ubuntu43: output: test src/buffer.rs - buffer::Reader::get_read (line 386) ... ok
2024-05-11 01:34:45.796691 +0000 build-ubuntu43: output: test src/buffer.rs - buffer::Reader::le_u16 (line 178) ... ok
2024-05-11 01:34:45.881210 +0000 build-ubuntu43: output: test src/buffer.rs - buffer::Reader::le_u16_offset (line 248) ... ok
2024-05-11 01:34:46.159310 +0000 build-ubuntu43: output: test src/buffer.rs - buffer::Reader::le_u32 (line 178) ... ok
2024-05-11 01:34:46.369414 +0000 build-ubuntu43: output: test src/buffer.rs - buffer::Reader::le_u32_offset (line 248) ... ok
2024-05-11 01:34:46.692395 +0000 build-ubuntu43: output: test src/buffer.rs - buffer::Reader::le_u64 (line 178) ... ok
2024-05-11 01:34:46.817329 +0000 build-ubuntu43: output: test src/buffer.rs - buffer::Reader::le_u64_offset (line 248) ... ok
2024-05-11 01:34:47.151691 +0000 build-ubuntu43: output: test src/buffer.rs - buffer::Reader::maybe_byte (line 135) ... ok
2024-05-11 01:34:47.295535 +0000 build-ubuntu43: output: test src/buffer.rs - buffer::Reader::read (line 361) ... ok
2024-05-11 01:34:47.295622 +0000 build-ubuntu43: output: 
2024-05-11 01:34:47.295647 +0000 build-ubuntu43: output: test result: ok. 20 passed; 0 failed; 0 ignored; 0 measured; 0 filtered out; finished in 4.59s
2024-05-11 01:34:47.295664 +0000 build-ubuntu43: output: 
2024-05-11 01:34:47.302049 +0000 build-ubuntu43: output:    Doc-tests rpm-crypto
2024-05-11 01:34:47.353813 +0000 build-ubuntu43: output: 
2024-05-11 01:34:47.353917 +0000 build-ubuntu43: output: running 0 tests
2024-05-11 01:34:47.353942 +0000 build-ubuntu43: output: 
2024-05-11 01:34:47.353965 +0000 build-ubuntu43: output: test result: ok. 0 passed; 0 failed; 0 ignored; 0 measured; 0 filtered out; finished in 0.00s
2024-05-11 01:34:47.353982 +0000 build-ubuntu43: output: 
2024-05-11 01:34:47.359416 +0000 build-ubuntu43: output:    Doc-tests rpm-parser
2024-05-11 01:34:47.569322 +0000 build-ubuntu43: output: 
2024-05-11 01:34:47.569385 +0000 build-ubuntu43: output: running 1 test
2024-05-11 01:34:47.630159 +0000 build-ubuntu43: output: test src/tagdata.rs - tagdata::TagData::as_bytes_mut (line 43) - compile fail ... ok
2024-05-11 01:34:47.630244 +0000 build-ubuntu43: output: 
2024-05-11 01:34:47.630276 +0000 build-ubuntu43: output: test result: ok. 1 passed; 0 failed; 0 ignored; 0 measured; 0 filtered out; finished in 0.06s
2024-05-11 01:34:47.630296 +0000 build-ubuntu43: output: 
2024-05-11 01:34:47.636987 +0000 build-ubuntu43: output:    Doc-tests rpm-writer
2024-05-11 01:34:47.684306 +0000 build-ubuntu43: output: 
2024-05-11 01:34:47.684367 +0000 build-ubuntu43: output: running 0 tests
2024-05-11 01:34:47.684384 +0000 build-ubuntu43: output: 
2024-05-11 01:34:47.684404 +0000 build-ubuntu43: output: test result: ok. 0 passed; 0 failed; 0 ignored; 0 measured; 0 filtered out; finished in 0.00s
2024-05-11 01:34:47.684466 +0000 build-ubuntu43: output: 
2024-05-11 01:34:47.692391 +0000 build-ubuntu43: output: make[1]: Leaving directory '/build/qubes-rpm-oxide-0.2.7'
2024-05-11 01:34:47.692991 +0000 build-ubuntu43: output:    create-stamp debian/debhelper-build-stamp
2024-05-11 01:34:47.697239 +0000 build-ubuntu43: output:  fakeroot debian/rules binary
2024-05-11 01:34:47.709072 +0000 build-ubuntu43: output: dh binary
2024-05-11 01:34:47.797267 +0000 build-ubuntu43: output:    dh_testroot
2024-05-11 01:34:47.828825 +0000 build-ubuntu43: output:    dh_prep
2024-05-11 01:34:47.849849 +0000 build-ubuntu43: output:    debian/rules override_dh_auto_install
2024-05-11 01:34:47.851531 +0000 build-ubuntu43: output: make[1]: Entering directory '/build/qubes-rpm-oxide-0.2.7'
2024-05-11 01:34:47.851609 +0000 build-ubuntu43: output: dh_auto_install
2024-05-11 01:34:47.881494 +0000 build-ubuntu43: output: install -D -m 0755 -- target/release/rpmcanon \
2024-05-11 01:34:47.881546 +0000 build-ubuntu43: output: .debian/qubes-rpm-oxide/usr/bin/rpmcanon
2024-05-11 01:34:47.893986 +0000 build-ubuntu43: output: install -D -m 0755 -- target/release/sigparse \
2024-05-11 01:34:47.894027 +0000 build-ubuntu43: output: .debian/qubes-rpm-oxide/usr/bin/sigparse
2024-05-11 01:34:47.903458 +0000 build-ubuntu43: output: make[1]: Leaving directory '/build/qubes-rpm-oxide-0.2.7'
2024-05-11 01:34:47.904155 +0000 build-ubuntu43: output:    dh_installdocs
2024-05-11 01:34:47.946704 +0000 build-ubuntu43: output:    dh_installchangelogs
2024-05-11 01:34:48.040687 +0000 build-ubuntu43: output:    dh_perl
2024-05-11 01:34:48.089975 +0000 build-ubuntu43: output:    dh_link
2024-05-11 01:34:48.135754 +0000 build-ubuntu43: output:    dh_strip_nondeterminism
2024-05-11 01:34:48.222086 +0000 build-ubuntu43: output:    dh_compress
2024-05-11 01:34:48.275438 +0000 build-ubuntu43: output:    dh_fixperms
2024-05-11 01:34:48.346295 +0000 build-ubuntu43: output:    dh_missing
2024-05-11 01:34:48.381830 +0000 build-ubuntu43: output:    dh_installdeb
2024-05-11 01:34:48.424025 +0000 build-ubuntu43: output:    dh_gencontrol
2024-05-11 01:34:48.537196 +0000 build-ubuntu43: output: dpkg-gencontrol: warning: Depends field of package qubes-rpm-oxide: substitution variable ${shlibs:Depends} used, but is not defined
2024-05-11 01:34:48.545299 +0000 build-ubuntu43: output:    dh_md5sums
2024-05-11 01:34:48.625942 +0000 build-ubuntu43: output:    dh_builddeb
2024-05-11 01:34:48.658720 +0000 build-ubuntu43: output: dpkg-deb: building package 'qubes-rpm-oxide' in '../qubes-rpm-oxide_0.2.7-1+jammy1_all.deb'.
2024-05-11 01:34:57.622118 +0000 build-ubuntu43: output:  dpkg-genbuildinfo -O../qubes-rpm-oxide_0.2.7-1+jammy1_amd64.buildinfo
2024-05-11 01:34:57.915710 +0000 build-ubuntu43: output:  dpkg-genchanges -sa -O../qubes-rpm-oxide_0.2.7-1+jammy1_amd64.changes
2024-05-11 01:34:58.061898 +0000 build-ubuntu43: output: dpkg-genchanges: info: including full source code in upload
2024-05-11 01:34:58.065296 +0000 build-ubuntu43: output:  dpkg-source --after-build .
2024-05-11 01:34:58.183306 +0000 build-ubuntu43: output: dpkg-source: info: using options from qubes-rpm-oxide-0.2.7/debian/source/options: --tar-ignore=.git
2024-05-11 01:34:58.189728 +0000 build-ubuntu43: output: dpkg-buildpackage: info: full upload (original source is included)
2024-05-11 01:34:58.190980 +0000 build-ubuntu43: output: I: copying local configuration
2024-05-11 01:34:58.261221 +0000 build-ubuntu43: output: I: Copying back the cached apt archive contents
2024-05-11 01:34:58.546787 +0000 build-ubuntu43: output: I: unmounting /tmp/qubes-deb filesystem
2024-05-11 01:34:58.553672 +0000 build-ubuntu43: output: I: unmounting /sys/fs/selinux filesystem
2024-05-11 01:34:58.562835 +0000 build-ubuntu43: output: I: unmounting dev/ptmx filesystem
2024-05-11 01:34:58.565375 +0000 build-ubuntu43: output: I: unmounting dev/pts filesystem
2024-05-11 01:34:58.568100 +0000 build-ubuntu43: output: I: unmounting dev/shm filesystem
2024-05-11 01:34:58.571200 +0000 build-ubuntu43: output: I: unmounting proc filesystem
2024-05-11 01:34:58.572816 +0000 build-ubuntu43: output: I: unmounting sys filesystem
2024-05-11 01:34:58.578168 +0000 build-ubuntu43: output: I: cleaning the build env
2024-05-11 01:34:58.578261 +0000 build-ubuntu43: output: I: removing directory /builder/pbuilder/build/12498 and its subdirectories
2024-05-11 01:34:59.229774 +0000 build-ubuntu43: output: I: Current time: Fri May 10 21:34:59 EDT 2024
2024-05-11 01:34:59.233033 +0000 build-ubuntu43: output: I: pbuilder-time-stamp: 1715391299
2024-05-11 01:34:59.514601 +0000 build-ubuntu43: copy-out (cmd): /usr/lib/qubes/qrexec-client-vm disp7944 qubesbuilder.FileCopyOut+-2Fbuilder-2Fpbuilder-2Fresults-2Fqubes--rpm--oxide--dbgsym_0.2.7--1-2Bjammy1_all.ddeb /usr/bin/qfile-unpacker 1000 /home/user/builder-r4.3/components/rpm-oxide/0.2.7-1/vm-jammy/build
2024-05-11 01:34:59.813015 +0000 build-ubuntu43: File not found inside container: /builder/pbuilder/results/qubes-rpm-oxide-dbgsym_0.2.7-1+jammy1_all.ddeb.
2024-05-11 01:34:59.813537 +0000 build-ubuntu43: copy-out (cmd): /usr/lib/qubes/qrexec-client-vm disp7944 qubesbuilder.FileCopyOut+-2Fbuilder-2Fpbuilder-2Fresults-2Fqubes--rpm--oxide_0.2.7--1-2Bjammy1_all.deb /usr/bin/qfile-unpacker 1000 /home/user/builder-r4.3/components/rpm-oxide/0.2.7-1/vm-jammy/build
2024-05-11 01:35:00.063648 +0000 build-ubuntu43: copy-out (cmd): /usr/lib/qubes/qrexec-client-vm disp7944 qubesbuilder.FileCopyOut+-2Fbuilder-2Fpbuilder-2Fresults-2Fqubes--rpm--oxide_0.2.7--1-2Bjammy1_amd64.buildinfo /usr/bin/qfile-unpacker 1000 /home/user/builder-r4.3/components/rpm-oxide/0.2.7-1/vm-jammy/build
2024-05-11 01:35:00.261434 +0000 build-ubuntu43: copy-out (cmd): /usr/lib/qubes/qrexec-client-vm disp7944 qubesbuilder.FileCopyOut+-2Fbuilder-2Fpbuilder-2Fresults-2Fqubes--rpm--oxide--dbgsym_0.2.7--1-2Bjammy1_all.deb /usr/bin/qfile-unpacker 1000 /home/user/builder-r4.3/components/rpm-oxide/0.2.7-1/vm-jammy/build
2024-05-11 01:35:00.436032 +0000 build-ubuntu43: File not found inside container: /builder/pbuilder/results/qubes-rpm-oxide-dbgsym_0.2.7-1+jammy1_all.deb.
2024-05-11 01:35:00.436079 +0000 build-ubuntu43: copy-out (cmd): /usr/lib/qubes/qrexec-client-vm disp7944 qubesbuilder.FileCopyOut+-2Fbuilder-2Fpbuilder-2Fresults-2Fqubes--rpm--oxide_0.2.7--1-2Bjammy1_amd64.changes /usr/bin/qfile-unpacker 1000 /home/user/builder-r4.3/components/rpm-oxide/0.2.7-1/vm-jammy/build
2024-05-11 01:35:16.423302 +0000 build-ubuntu43: rpm-oxide:vm-ubuntu-22.04.amd64:debian: Provisioning local repository '/home/user/builder-r4.3/repository/vm-jammy'.
2024-05-11 01:35:16.445234 +0000 build-ubuntu43: Executing 'bash -c qubes-gpg-client-wrapper --armor --export 759E8B71BF217943162470C9A2F3DC4336EC6C9E > /tmp/tmp8fyr8kcm/759E8B71BF217943162470C9A2F3DC4336EC6C9E.asc&&gpg2 --homedir /home/user/builder-r4.3/components/rpm-oxide/0.2.7-1/vm-jammy/sign/keyring --import /tmp/tmp8fyr8kcm/759E8B71BF217943162470C9A2F3DC4336EC6C9E.asc'.
2024-05-11 01:35:16.605579 +0000 build-ubuntu43: output: gpg: keybox '/home/user/builder-r4.3/components/rpm-oxide/0.2.7-1/vm-jammy/sign/keyring/pubring.kbx' created
2024-05-11 01:35:16.608035 +0000 build-ubuntu43: output: gpg: /home/user/builder-r4.3/components/rpm-oxide/0.2.7-1/vm-jammy/sign/keyring/trustdb.gpg: trustdb created
2024-05-11 01:35:16.608069 +0000 build-ubuntu43: output: gpg: key A2F3DC4336EC6C9E: public key "Qubes OS 4.3 Ubuntu Packages Signing Key" imported
2024-05-11 01:35:16.614228 +0000 build-ubuntu43: output: gpg: Total number processed: 1
2024-05-11 01:35:16.614266 +0000 build-ubuntu43: output: gpg:               imported: 1
2024-05-11 01:35:16.653041 +0000 build-ubuntu43: rpm-oxide:vm-ubuntu-22.04.amd64:debian: Signing from 'qubes-rpm-oxide_0.2.7-1+jammy1_amd64.changes' info.
2024-05-11 01:35:16.653177 +0000 build-ubuntu43: Executing 'bash -c debsign -k759E8B71BF217943162470C9A2F3DC4336EC6C9E -pqubes-gpg-client-wrapper --no-re-sign /home/user/builder-r4.3/components/rpm-oxide/0.2.7-1/vm-jammy/build/qubes-rpm-oxide_0.2.7-1+jammy1_amd64.changes'.
2024-05-11 01:35:16.681597 +0000 build-ubuntu43: output:  signfile dsc /home/user/builder-r4.3/components/rpm-oxide/0.2.7-1/vm-jammy/build/qubes-rpm-oxide_0.2.7-1+jammy1.dsc 759E8B71BF217943162470C9A2F3DC4336EC6C9E
2024-05-11 01:35:16.889089 +0000 build-ubuntu43: output: 
2024-05-11 01:35:16.910299 +0000 build-ubuntu43: output:  fixup_buildinfo /home/user/builder-r4.3/components/rpm-oxide/0.2.7-1/vm-jammy/build/qubes-rpm-oxide_0.2.7-1+jammy1.dsc /home/user/builder-r4.3/components/rpm-oxide/0.2.7-1/vm-jammy/build/qubes-rpm-oxide_0.2.7-1+jammy1_amd64.buildinfo
2024-05-11 01:35:16.914019 +0000 build-ubuntu43: output:  signfile buildinfo /home/user/builder-r4.3/components/rpm-oxide/0.2.7-1/vm-jammy/build/qubes-rpm-oxide_0.2.7-1+jammy1_amd64.buildinfo 759E8B71BF217943162470C9A2F3DC4336EC6C9E
2024-05-11 01:35:17.127042 +0000 build-ubuntu43: output: 
2024-05-11 01:35:17.144247 +0000 build-ubuntu43: output:  fixup_changes dsc /home/user/builder-r4.3/components/rpm-oxide/0.2.7-1/vm-jammy/build/qubes-rpm-oxide_0.2.7-1+jammy1.dsc /home/user/builder-r4.3/components/rpm-oxide/0.2.7-1/vm-jammy/build/qubes-rpm-oxide_0.2.7-1+jammy1_amd64.changes
2024-05-11 01:35:17.162432 +0000 build-ubuntu43: output:  fixup_changes buildinfo /home/user/builder-r4.3/components/rpm-oxide/0.2.7-1/vm-jammy/build/qubes-rpm-oxide_0.2.7-1+jammy1_amd64.buildinfo /home/user/builder-r4.3/components/rpm-oxide/0.2.7-1/vm-jammy/build/qubes-rpm-oxide_0.2.7-1+jammy1_amd64.changes
2024-05-11 01:35:17.165038 +0000 build-ubuntu43: output:  signfile changes /home/user/builder-r4.3/components/rpm-oxide/0.2.7-1/vm-jammy/build/qubes-rpm-oxide_0.2.7-1+jammy1_amd64.changes 759E8B71BF217943162470C9A2F3DC4336EC6C9E
2024-05-11 01:35:17.376056 +0000 build-ubuntu43: output: 
2024-05-11 01:35:17.380053 +0000 build-ubuntu43: output: Successfully signed dsc, buildinfo, changes files
2024-05-11 01:35:17.405207 +0000 build-ubuntu43: rpm-oxide:vm-ubuntu-22.04.amd64:debian: Provisioning local repository '/home/user/builder-r4.3/repository/vm-jammy'.
2024-05-11 01:35:17.421548 +0000 build-ubuntu43: Executing 'bash -c /home/user/qubes-builderv2/qubesbuilder/plugins/publish_deb/scripts/create-skeleton r4.3 ubuntu /home/user/builder-r4.3/repository-publish/deb'.
2024-05-11 01:35:17.484431 +0000 build-ubuntu43: rpm-oxide:vm-ubuntu-22.04.amd64:debian: Publishing packages.
2024-05-11 01:35:17.484490 +0000 build-ubuntu43: rpm-oxide:vm-ubuntu-22.04.amd64:debian: Verifying signatures.
2024-05-11 01:35:17.484549 +0000 build-ubuntu43: Executing 'bash -c gpg2 -q --homedir /home/user/builder-r4.3/components/rpm-oxide/0.2.7-1/vm-jammy/sign/keyring --verify /home/user/builder-r4.3/components/rpm-oxide/0.2.7-1/vm-jammy/build/qubes-rpm-oxide_0.2.7-1+jammy1.dsc&&gpg2 -q --homedir /home/user/builder-r4.3/components/rpm-oxide/0.2.7-1/vm-jammy/sign/keyring --verify /home/user/builder-r4.3/components/rpm-oxide/0.2.7-1/vm-jammy/build/qubes-rpm-oxide_0.2.7-1+jammy1_amd64.changes&&gpg2 -q --homedir /home/user/builder-r4.3/components/rpm-oxide/0.2.7-1/vm-jammy/sign/keyring --verify /home/user/builder-r4.3/components/rpm-oxide/0.2.7-1/vm-jammy/build/qubes-rpm-oxide_0.2.7-1+jammy1_amd64.buildinfo'.
2024-05-11 01:35:17.490802 +0000 build-ubuntu43: output: gpg: Signature made Fri May 10 21:35:17 2024 EDT
2024-05-11 01:35:17.490850 +0000 build-ubuntu43: output: gpg:                using EDDSA key 759E8B71BF217943162470C9A2F3DC4336EC6C9E
2024-05-11 01:35:17.490902 +0000 build-ubuntu43: output: gpg: Good signature from "Qubes OS 4.3 Ubuntu Packages Signing Key" [unknown]
2024-05-11 01:35:17.490926 +0000 build-ubuntu43: output: gpg: WARNING: This key is not certified with a trusted signature!
2024-05-11 01:35:17.490944 +0000 build-ubuntu43: output: gpg:          There is no indication that the signature belongs to the owner.
2024-05-11 01:35:17.490961 +0000 build-ubuntu43: output: Primary key fingerprint: 759E 8B71 BF21 7943 1624  70C9 A2F3 DC43 36EC 6C9E
2024-05-11 01:35:17.493293 +0000 build-ubuntu43: output: gpg: Signature made Fri May 10 21:35:17 2024 EDT
2024-05-11 01:35:17.493326 +0000 build-ubuntu43: output: gpg:                using EDDSA key 759E8B71BF217943162470C9A2F3DC4336EC6C9E
2024-05-11 01:35:17.494387 +0000 build-ubuntu43: output: gpg: Good signature from "Qubes OS 4.3 Ubuntu Packages Signing Key" [unknown]
2024-05-11 01:35:17.494415 +0000 build-ubuntu43: output: gpg: WARNING: This key is not certified with a trusted signature!
2024-05-11 01:35:17.494431 +0000 build-ubuntu43: output: gpg:          There is no indication that the signature belongs to the owner.
2024-05-11 01:35:17.494447 +0000 build-ubuntu43: output: Primary key fingerprint: 759E 8B71 BF21 7943 1624  70C9 A2F3 DC43 36EC 6C9E
2024-05-11 01:35:17.497411 +0000 build-ubuntu43: output: gpg: Signature made Fri May 10 21:35:17 2024 EDT
2024-05-11 01:35:17.497444 +0000 build-ubuntu43: output: gpg:                using EDDSA key 759E8B71BF217943162470C9A2F3DC4336EC6C9E
2024-05-11 01:35:17.498472 +0000 build-ubuntu43: output: gpg: Good signature from "Qubes OS 4.3 Ubuntu Packages Signing Key" [unknown]
2024-05-11 01:35:17.498504 +0000 build-ubuntu43: output: gpg: WARNING: This key is not certified with a trusted signature!
2024-05-11 01:35:17.498522 +0000 build-ubuntu43: output: gpg:          There is no indication that the signature belongs to the owner.
2024-05-11 01:35:17.498537 +0000 build-ubuntu43: output: Primary key fingerprint: 759E 8B71 BF21 7943 1624  70C9 A2F3 DC43 36EC 6C9E
2024-05-11 01:35:17.516946 +0000 build-ubuntu43: Executing 'bash -c reprepro --ignore=surprisingbinary --ignore=surprisingarch --keepunreferencedfiles -b /home/user/builder-r4.3/repository-publish/deb/r4.3/vm include jammy-testing /home/user/builder-r4.3/components/rpm-oxide/0.2.7-1/vm-jammy/build/qubes-rpm-oxide_0.2.7-1+jammy1_amd64.changes'.
2024-05-11 01:35:17.537594 +0000 build-ubuntu43: output: 'qubes-rpm-oxide_0.2.7-1+jammy1_amd64.buildinfo' looks like architecture 'amd64', but this is not listed in the Architecture-Header!
2024-05-11 01:35:17.537649 +0000 build-ubuntu43: output: Ignoring as --ignore=surprisingarch given.
2024-05-11 01:35:17.642025 +0000 build-ubuntu43: output: Exporting indices...
2024-05-11 01:35:17.662429 +0000 build-ubuntu43: rpm-oxide:vm-ubuntu-22.04.amd64: Signing metadata (Release.gpg).
2024-05-11 01:35:17.662512 +0000 build-ubuntu43: Executing 'bash -c qubes-gpg-client-wrapper --detach-sign --armor --local-user 759E8B71BF217943162470C9A2F3DC4336EC6C9E --batch --no-tty --output /home/user/builder-r4.3/repository-publish/deb/r4.3/vm/dists/jammy-testing/Release.gpg /home/user/builder-r4.3/repository-publish/deb/r4.3/vm/dists/jammy-testing/Release'.
2024-05-11 01:35:17.797643 +0000 build-ubuntu43: rpm-oxide:vm-ubuntu-22.04.amd64: Signing metadata (InRelease).
2024-05-11 01:35:17.797739 +0000 build-ubuntu43: Executing 'bash -c qubes-gpg-client-wrapper --clearsign --armor --local-user 759E8B71BF217943162470C9A2F3DC4336EC6C9E --batch --no-tty --output /home/user/builder-r4.3/repository-publish/deb/r4.3/vm/dists/jammy-testing/InRelease /home/user/builder-r4.3/repository-publish/deb/r4.3/vm/dists/jammy-testing/Release'.
2024-05-11 01:35:17.942031 +0000 build-ubuntu43: > done
2024-05-11 01:35:17.942102 +0000 > closing log
